[0.063s] Invoking command in '/home/amejiyo/yolobot/build/yolobot_gazebo': CMAKE_PREFIX_PATH=${CMAKE_PREFIX_PATH}:/home/amejiyo/ros2_ws/install/py_pubsub:/home/amejiyo/ros2_ws/install/opencv_tests:/home/amejiyo/ros2_ws/install/detection:/opt/ros/foxy /usr/bin/cmake --build /home/amejiyo/yolobot/build/yolobot_gazebo -- -j16 -l16
[0.375s] Invoked command in '/home/amejiyo/yolobot/build/yolobot_gazebo' returned '0': CMAKE_PREFIX_PATH=${CMAKE_PREFIX_PATH}:/home/amejiyo/ros2_ws/install/py_pubsub:/home/amejiyo/ros2_ws/install/opencv_tests:/home/amejiyo/ros2_ws/install/detection:/opt/ros/foxy /usr/bin/cmake --build /home/amejiyo/yolobot/build/yolobot_gazebo -- -j16 -l16
[0.431s] Invoking command in '/home/amejiyo/yolobot/build/yolobot_gazebo': CMAKE_PREFIX_PATH=${CMAKE_PREFIX_PATH}:/home/amejiyo/ros2_ws/install/py_pubsub:/home/amejiyo/ros2_ws/install/opencv_tests:/home/amejiyo/ros2_ws/install/detection:/opt/ros/foxy /usr/bin/cmake --install /home/amejiyo/yolobot/build/yolobot_gazebo
[0.445s] -- Install configuration: ""
[0.445s] -- Up-to-date: /home/amejiyo/yolobot/install/yolobot_gazebo/share/yolobot_gazebo//launch
[0.445s] -- Up-to-date: /home/amejiyo/yolobot/install/yolobot_gazebo/share/yolobot_gazebo//launch/start_world_launch.py
[0.446s] -- Up-to-date: /home/amejiyo/yolobot/install/yolobot_gazebo/share/yolobot_gazebo//launch/yolobot_launch.py
[0.446s] -- Up-to-date: /home/amejiyo/yolobot/install/yolobot_gazebo/share/yolobot_gazebo//worlds
[0.446s] -- Up-to-date: /home/amejiyo/yolobot/install/yolobot_gazebo/share/yolobot_gazebo//worlds/yolo_test.world
[0.446s] -- Up-to-date: /home/amejiyo/yolobot/install/yolobot_gazebo/share/ament_index/resource_index/package_run_dependencies/yolobot_gazebo
[0.446s] -- Up-to-date: /home/amejiyo/yolobot/install/yolobot_gazebo/share/ament_index/resource_index/parent_prefix_path/yolobot_gazebo
[0.447s] -- Up-to-date: /home/amejiyo/yolobot/install/yolobot_gazebo/share/yolobot_gazebo/environment/ament_prefix_path.sh
[0.448s] -- Up-to-date: /home/amejiyo/yolobot/install/yolobot_gazebo/share/yolobot_gazebo/environment/ament_prefix_path.dsv
[0.448s] -- Up-to-date: /home/amejiyo/yolobot/install/yolobot_gazebo/share/yolobot_gazebo/environment/path.sh
[0.449s] -- Up-to-date: /home/amejiyo/yolobot/install/yolobot_gazebo/share/yolobot_gazebo/environment/path.dsv
[0.449s] -- Up-to-date: /home/amejiyo/yolobot/install/yolobot_gazebo/share/yolobot_gazebo/local_setup.bash
[0.449s] -- Up-to-date: /home/amejiyo/yolobot/install/yolobot_gazebo/share/yolobot_gazebo/local_setup.sh
[0.449s] -- Up-to-date: /home/amejiyo/yolobot/install/yolobot_gazebo/share/yolobot_gazebo/local_setup.zsh
[0.450s] -- Up-to-date: /home/amejiyo/yolobot/install/yolobot_gazebo/share/yolobot_gazebo/local_setup.dsv
[0.450s] -- Installing: /home/amejiyo/yolobot/install/yolobot_gazebo/share/yolobot_gazebo/package.dsv
[0.452s] -- Up-to-date: /home/amejiyo/yolobot/install/yolobot_gazebo/share/ament_index/resource_index/packages/yolobot_gazebo
[0.452s] -- Up-to-date: /home/amejiyo/yolobot/install/yolobot_gazebo/share/yolobot_gazebo/cmake/yolobot_gazeboConfig.cmake
[0.452s] -- Up-to-date: /home/amejiyo/yolobot/install/yolobot_gazebo/share/yolobot_gazebo/cmake/yolobot_gazeboConfig-version.cmake
[0.452s] -- Up-to-date: /home/amejiyo/yolobot/install/yolobot_gazebo/share/yolobot_gazebo/package.xml
[0.453s] Invoked command in '/home/amejiyo/yolobot/build/yolobot_gazebo' returned '0': CMAKE_PREFIX_PATH=${CMAKE_PREFIX_PATH}:/home/amejiyo/ros2_ws/install/py_pubsub:/home/amejiyo/ros2_ws/install/opencv_tests:/home/amejiyo/ros2_ws/install/detection:/opt/ros/foxy /usr/bin/cmake --install /home/amejiyo/yolobot/build/yolobot_gazebo
