[0.100s] Invoking command in '/home/amejiyo/GitHub/502/detection/build/interfaces': CMAKE_PREFIX_PATH=/home/amejiyo/GitHub/502/detection/install/yolobot_recognition:/home/amejiyo/GitHub/502/detection/install/yolobot_gazebo:/home/amejiyo/GitHub/502/detection/install/yolobot_description:/home/amejiyo/GitHub/502/detection/install/yolobot_control:/home/amejiyo/GitHub/502/detection/install/yolobot_detection:/opt/ros/foxy:/home/amejiyo/GitHub/502/detection/install/realsense_gazebo_plugin:/home/amejiyo/GitHub/502/detection/install/interfaces /usr/bin/cmake --build /home/amejiyo/GitHub/502/detection/build/interfaces -- -j16 -l16
[0.474s] [ 10%] Built target interfaces__rosidl_generator_c
[0.475s] [ 12%] Built target interfaces__cpp
[0.475s] [ 23%] Built target interfaces__rosidl_typesupport_introspection_c
[0.475s] [ 33%] Built target interfaces__rosidl_typesupport_c
[0.479s] [ 53%] Built target interfaces__rosidl_typesupport_introspection_cpp
[0.479s] [ 53%] Built target interfaces__rosidl_typesupport_cpp
[0.479s] [ 64%] Built target interfaces__rosidl_typesupport_fastrtps_cpp
[0.479s] [ 74%] Built target interfaces__rosidl_typesupport_fastrtps_c
[0.480s] [ 74%] Built target interfaces
[0.481s] [ 76%] Built target interfaces__py
[0.483s] [ 84%] Built target interfaces__python
[0.483s] [ 89%] Built target interfaces__rosidl_typesupport_introspection_c__pyext
[0.483s] [ 94%] Built target interfaces__rosidl_typesupport_c__pyext
[0.484s] [100%] Built target interfaces__rosidl_typesupport_fastrtps_c__pyext
[0.484s] Invoked command in '/home/amejiyo/GitHub/502/detection/build/interfaces' returned '0': CMAKE_PREFIX_PATH=/home/amejiyo/GitHub/502/detection/install/yolobot_recognition:/home/amejiyo/GitHub/502/detection/install/yolobot_gazebo:/home/amejiyo/GitHub/502/detection/install/yolobot_description:/home/amejiyo/GitHub/502/detection/install/yolobot_control:/home/amejiyo/GitHub/502/detection/install/yolobot_detection:/opt/ros/foxy:/home/amejiyo/GitHub/502/detection/install/realsense_gazebo_plugin:/home/amejiyo/GitHub/502/detection/install/interfaces /usr/bin/cmake --build /home/amejiyo/GitHub/502/detection/build/interfaces -- -j16 -l16
[0.613s] Invoking command in '/home/amejiyo/GitHub/502/detection/build/interfaces': CMAKE_PREFIX_PATH=/home/amejiyo/GitHub/502/detection/install/yolobot_recognition:/home/amejiyo/GitHub/502/detection/install/yolobot_gazebo:/home/amejiyo/GitHub/502/detection/install/yolobot_description:/home/amejiyo/GitHub/502/detection/install/yolobot_control:/home/amejiyo/GitHub/502/detection/install/yolobot_detection:/opt/ros/foxy:/home/amejiyo/GitHub/502/detection/install/realsense_gazebo_plugin:/home/amejiyo/GitHub/502/detection/install/interfaces /usr/bin/cmake --install /home/amejiyo/GitHub/502/detection/build/interfaces
[0.654s] -- Install configuration: ""
[0.659s] -- Up-to-date: /home/amejiyo/GitHub/502/detection/install/interfaces/share/ament_index/resource_index/rosidl_interfaces/interfaces
[0.659s] -- Up-to-date: /home/amejiyo/GitHub/502/detection/install/interfaces/include/interfaces
[0.660s] -- Up-to-date: /home/amejiyo/GitHub/502/detection/install/interfaces/include/interfaces/msg
[0.662s] -- Up-to-date: /home/amejiyo/GitHub/502/detection/install/interfaces/include/interfaces/msg/rosidl_generator_c__visibility_control.h
[0.664s] -- Up-to-date: /home/amejiyo/GitHub/502/detection/install/interfaces/include/interfaces/msg/detail
[0.665s] -- Up-to-date: /home/amejiyo/GitHub/502/detection/install/interfaces/include/interfaces/msg/detail/dect2__struct.h
[0.666s] -- Up-to-date: /home/amejiyo/GitHub/502/detection/install/interfaces/include/interfaces/msg/detail/dect__functions.c
[0.666s] -- Up-to-date: /home/amejiyo/GitHub/502/detection/install/interfaces/include/interfaces/msg/detail/dect2__type_support.h
[0.666s] -- Up-to-date: /home/amejiyo/GitHub/502/detection/install/interfaces/include/interfaces/msg/detail/dect__type_support.h
[0.666s] -- Up-to-date: /home/amejiyo/GitHub/502/detection/install/interfaces/include/interfaces/msg/detail/dect__struct.h
[0.666s] -- Up-to-date: /home/amejiyo/GitHub/502/detection/install/interfaces/include/interfaces/msg/detail/dect__functions.h
[0.667s] -- Up-to-date: /home/amejiyo/GitHub/502/detection/install/interfaces/include/interfaces/msg/detail/dect2__functions.h
[0.667s] -- Up-to-date: /home/amejiyo/GitHub/502/detection/install/interfaces/include/interfaces/msg/detail/dect2__functions.c
[0.667s] -- Up-to-date: /home/amejiyo/GitHub/502/detection/install/interfaces/include/interfaces/msg/dect.h
[0.667s] -- Up-to-date: /home/amejiyo/GitHub/502/detection/install/interfaces/include/interfaces/msg/dect2.h
[0.667s] -- Up-to-date: /home/amejiyo/GitHub/502/detection/install/interfaces/share/interfaces/environment/library_path.sh
[0.667s] -- Up-to-date: /home/amejiyo/GitHub/502/detection/install/interfaces/share/interfaces/environment/library_path.dsv
[0.667s] -- Up-to-date: /home/amejiyo/GitHub/502/detection/install/interfaces/lib/libinterfaces__rosidl_generator_c.so
[0.667s] -- Up-to-date: /home/amejiyo/GitHub/502/detection/install/interfaces/include/interfaces
[0.667s] -- Up-to-date: /home/amejiyo/GitHub/502/detection/install/interfaces/include/interfaces/msg
[0.668s] -- Up-to-date: /home/amejiyo/GitHub/502/detection/install/interfaces/include/interfaces/msg/detail
[0.668s] -- Up-to-date: /home/amejiyo/GitHub/502/detection/install/interfaces/include/interfaces/msg/detail/dect2__rosidl_typesupport_fastrtps_c.h
[0.668s] -- Up-to-date: /home/amejiyo/GitHub/502/detection/install/interfaces/include/interfaces/msg/detail/dect__rosidl_typesupport_fastrtps_c.h
[0.668s] -- Up-to-date: /home/amejiyo/GitHub/502/detection/install/interfaces/include/interfaces/msg/rosidl_typesupport_fastrtps_c__visibility_control.h
[0.668s] -- Up-to-date: /home/amejiyo/GitHub/502/detection/install/interfaces/lib/libinterfaces__rosidl_typesupport_fastrtps_c.so
[0.668s] -- Up-to-date: /home/amejiyo/GitHub/502/detection/install/interfaces/include/interfaces
[0.668s] -- Up-to-date: /home/amejiyo/GitHub/502/detection/install/interfaces/include/interfaces/msg
[0.668s] -- Up-to-date: /home/amejiyo/GitHub/502/detection/install/interfaces/include/interfaces/msg/detail
[0.668s] -- Up-to-date: /home/amejiyo/GitHub/502/detection/install/interfaces/include/interfaces/msg/detail/dds_fastrtps
[0.670s] -- Up-to-date: /home/amejiyo/GitHub/502/detection/install/interfaces/include/interfaces/msg/detail/dect__rosidl_typesupport_fastrtps_cpp.hpp
[0.670s] -- Up-to-date: /home/amejiyo/GitHub/502/detection/install/interfaces/include/interfaces/msg/detail/dect2__rosidl_typesupport_fastrtps_cpp.hpp
[0.670s] -- Up-to-date: /home/amejiyo/GitHub/502/detection/install/interfaces/include/interfaces/msg/rosidl_typesupport_fastrtps_cpp__visibility_control.h
[0.670s] -- Up-to-date: /home/amejiyo/GitHub/502/detection/install/interfaces/lib/libinterfaces__rosidl_typesupport_fastrtps_cpp.so
[0.671s] -- Up-to-date: /home/amejiyo/GitHub/502/detection/install/interfaces/include/interfaces
[0.671s] -- Up-to-date: /home/amejiyo/GitHub/502/detection/install/interfaces/include/interfaces/msg
[0.671s] -- Up-to-date: /home/amejiyo/GitHub/502/detection/install/interfaces/include/interfaces/msg/detail
[0.671s] -- Up-to-date: /home/amejiyo/GitHub/502/detection/install/interfaces/include/interfaces/msg/detail/dect2__rosidl_typesupport_introspection_c.h
[0.671s] -- Up-to-date: /home/amejiyo/GitHub/502/detection/install/interfaces/include/interfaces/msg/detail/dect__rosidl_typesupport_introspection_c.h
[0.671s] -- Up-to-date: /home/amejiyo/GitHub/502/detection/install/interfaces/include/interfaces/msg/detail/dect2__type_support.c
[0.671s] -- Up-to-date: /home/amejiyo/GitHub/502/detection/install/interfaces/include/interfaces/msg/detail/dect__type_support.c
[0.672s] -- Up-to-date: /home/amejiyo/GitHub/502/detection/install/interfaces/include/interfaces/msg/rosidl_typesupport_introspection_c__visibility_control.h
[0.672s] -- Up-to-date: /home/amejiyo/GitHub/502/detection/install/interfaces/lib/libinterfaces__rosidl_typesupport_introspection_c.so
[0.672s] -- Up-to-date: /home/amejiyo/GitHub/502/detection/install/interfaces/lib/libinterfaces__rosidl_typesupport_c.so
[0.673s] -- Up-to-date: /home/amejiyo/GitHub/502/detection/install/interfaces/include/interfaces
[0.674s] -- Up-to-date: /home/amejiyo/GitHub/502/detection/install/interfaces/include/interfaces/msg
[0.674s] -- Up-to-date: /home/amejiyo/GitHub/502/detection/install/interfaces/include/interfaces/msg/detail
[0.674s] -- Up-to-date: /home/amejiyo/GitHub/502/detection/install/interfaces/include/interfaces/msg/detail/dect__struct.hpp
[0.674s] -- Up-to-date: /home/amejiyo/GitHub/502/detection/install/interfaces/include/interfaces/msg/detail/dect__traits.hpp
[0.675s] -- Up-to-date: /home/amejiyo/GitHub/502/detection/install/interfaces/include/interfaces/msg/detail/dect2__traits.hpp
[0.675s] -- Up-to-date: /home/amejiyo/GitHub/502/detection/install/interfaces/include/interfaces/msg/detail/dect2__struct.hpp
[0.675s] -- Up-to-date: /home/amejiyo/GitHub/502/detection/install/interfaces/include/interfaces/msg/detail/dect2__builder.hpp
[0.675s] -- Up-to-date: /home/amejiyo/GitHub/502/detection/install/interfaces/include/interfaces/msg/detail/dect__builder.hpp
[0.675s] -- Up-to-date: /home/amejiyo/GitHub/502/detection/install/interfaces/include/interfaces/msg/dect.hpp
[0.675s] -- Up-to-date: /home/amejiyo/GitHub/502/detection/install/interfaces/include/interfaces/msg/dect2.hpp
[0.676s] -- Up-to-date: /home/amejiyo/GitHub/502/detection/install/interfaces/include/interfaces
[0.676s] -- Up-to-date: /home/amejiyo/GitHub/502/detection/install/interfaces/include/interfaces/msg
[0.676s] -- Up-to-date: /home/amejiyo/GitHub/502/detection/install/interfaces/include/interfaces/msg/detail
[0.677s] -- Up-to-date: /home/amejiyo/GitHub/502/detection/install/interfaces/include/interfaces/msg/detail/dect2__type_support.cpp
[0.678s] -- Up-to-date: /home/amejiyo/GitHub/502/detection/install/interfaces/include/interfaces/msg/detail/dect__rosidl_typesupport_introspection_cpp.hpp
[0.678s] -- Up-to-date: /home/amejiyo/GitHub/502/detection/install/interfaces/include/interfaces/msg/detail/dect__type_support.cpp
[0.678s] -- Up-to-date: /home/amejiyo/GitHub/502/detection/install/interfaces/include/interfaces/msg/detail/dect2__rosidl_typesupport_introspection_cpp.hpp
[0.678s] -- Up-to-date: /home/amejiyo/GitHub/502/detection/install/interfaces/lib/libinterfaces__rosidl_typesupport_introspection_cpp.so
[0.678s] -- Up-to-date: /home/amejiyo/GitHub/502/detection/install/interfaces/lib/libinterfaces__rosidl_typesupport_cpp.so
[0.678s] -- Up-to-date: /home/amejiyo/GitHub/502/detection/install/interfaces/share/interfaces/environment/pythonpath.sh
[0.678s] -- Up-to-date: /home/amejiyo/GitHub/502/detection/install/interfaces/share/interfaces/environment/pythonpath.dsv
[0.679s] -- Up-to-date: /home/amejiyo/GitHub/502/detection/install/interfaces/lib/python3.8/site-packages/interfaces/__init__.py
[0.699s] -- Up-to-date: /home/amejiyo/GitHub/502/detection/install/interfaces/lib/python3.8/site-packages/interfaces/msg
[0.699s] -- Up-to-date: /home/amejiyo/GitHub/502/detection/install/interfaces/lib/python3.8/site-packages/interfaces/msg/_dect_s.c
[0.700s] -- Up-to-date: /home/amejiyo/GitHub/502/detection/install/interfaces/lib/python3.8/site-packages/interfaces/msg/_dect2_s.c
[0.700s] -- Up-to-date: /home/amejiyo/GitHub/502/detection/install/interfaces/lib/python3.8/site-packages/interfaces/msg/__init__.py
[0.702s] -- Up-to-date: /home/amejiyo/GitHub/502/detection/install/interfaces/lib/python3.8/site-packages/interfaces/msg/_dect2.py
[0.703s] -- Up-to-date: /home/amejiyo/GitHub/502/detection/install/interfaces/lib/python3.8/site-packages/interfaces/msg/_dect.py
[0.703s] -- Up-to-date: /home/amejiyo/GitHub/502/detection/install/interfaces/lib/python3.8/site-packages/interfaces/interfaces_s__rosidl_typesupport_fastrtps_c.cpython-38-x86_64-linux-gnu.so
[0.703s] -- Up-to-date: /home/amejiyo/GitHub/502/detection/install/interfaces/lib/python3.8/site-packages/interfaces/interfaces_s__rosidl_typesupport_introspection_c.cpython-38-x86_64-linux-gnu.so
[0.704s] -- Up-to-date: /home/amejiyo/GitHub/502/detection/install/interfaces/lib/python3.8/site-packages/interfaces/interfaces_s__rosidl_typesupport_c.cpython-38-x86_64-linux-gnu.so
[0.704s] -- Up-to-date: /home/amejiyo/GitHub/502/detection/install/interfaces/lib/libinterfaces__python.so
[0.705s] -- Up-to-date: /home/amejiyo/GitHub/502/detection/install/interfaces/share/interfaces/msg/Dect.idl
[0.706s] -- Up-to-date: /home/amejiyo/GitHub/502/detection/install/interfaces/share/interfaces/msg/Dect2.idl
[0.706s] -- Up-to-date: /home/amejiyo/GitHub/502/detection/install/interfaces/share/interfaces/msg/Dect.msg
[0.707s] -- Up-to-date: /home/amejiyo/GitHub/502/detection/install/interfaces/share/interfaces/msg/Dect2.msg
[0.708s] -- Up-to-date: /home/amejiyo/GitHub/502/detection/install/interfaces/share/ament_index/resource_index/package_run_dependencies/interfaces
[0.710s] -- Up-to-date: /home/amejiyo/GitHub/502/detection/install/interfaces/share/ament_index/resource_index/parent_prefix_path/interfaces
[0.710s] -- Up-to-date: /home/amejiyo/GitHub/502/detection/install/interfaces/share/interfaces/environment/ament_prefix_path.sh
[0.711s] -- Up-to-date: /home/amejiyo/GitHub/502/detection/install/interfaces/share/interfaces/environment/ament_prefix_path.dsv
[0.711s] -- Up-to-date: /home/amejiyo/GitHub/502/detection/install/interfaces/share/interfaces/environment/path.sh
[0.711s] -- Up-to-date: /home/amejiyo/GitHub/502/detection/install/interfaces/share/interfaces/environment/path.dsv
[0.711s] -- Up-to-date: /home/amejiyo/GitHub/502/detection/install/interfaces/share/interfaces/local_setup.bash
[0.711s] -- Up-to-date: /home/amejiyo/GitHub/502/detection/install/interfaces/share/interfaces/local_setup.sh
[0.711s] -- Up-to-date: /home/amejiyo/GitHub/502/detection/install/interfaces/share/interfaces/local_setup.zsh
[0.711s] -- Up-to-date: /home/amejiyo/GitHub/502/detection/install/interfaces/share/interfaces/local_setup.dsv
[0.711s] -- Installing: /home/amejiyo/GitHub/502/detection/install/interfaces/share/interfaces/package.dsv
[0.711s] -- Up-to-date: /home/amejiyo/GitHub/502/detection/install/interfaces/share/ament_index/resource_index/packages/interfaces
[0.711s] -- Up-to-date: /home/amejiyo/GitHub/502/detection/install/interfaces/share/interfaces/cmake/interfaces__rosidl_generator_cExport.cmake
[0.712s] -- Up-to-date: /home/amejiyo/GitHub/502/detection/install/interfaces/share/interfaces/cmake/interfaces__rosidl_generator_cExport-noconfig.cmake
[0.712s] -- Up-to-date: /home/amejiyo/GitHub/502/detection/install/interfaces/share/interfaces/cmake/interfaces__rosidl_typesupport_introspection_cExport.cmake
[0.713s] -- Up-to-date: /home/amejiyo/GitHub/502/detection/install/interfaces/share/interfaces/cmake/interfaces__rosidl_typesupport_introspection_cExport-noconfig.cmake
[0.714s] -- Up-to-date: /home/amejiyo/GitHub/502/detection/install/interfaces/share/interfaces/cmake/interfaces__rosidl_typesupport_cExport.cmake
[0.714s] -- Up-to-date: /home/amejiyo/GitHub/502/detection/install/interfaces/share/interfaces/cmake/interfaces__rosidl_typesupport_cExport-noconfig.cmake
[0.714s] -- Up-to-date: /home/amejiyo/GitHub/502/detection/install/interfaces/share/interfaces/cmake/interfaces__rosidl_generator_cppExport.cmake
[0.715s] -- Up-to-date: /home/amejiyo/GitHub/502/detection/install/interfaces/share/interfaces/cmake/interfaces__rosidl_typesupport_introspection_cppExport.cmake
[0.715s] -- Up-to-date: /home/amejiyo/GitHub/502/detection/install/interfaces/share/interfaces/cmake/interfaces__rosidl_typesupport_introspection_cppExport-noconfig.cmake
[0.715s] -- Up-to-date: /home/amejiyo/GitHub/502/detection/install/interfaces/share/interfaces/cmake/interfaces__rosidl_typesupport_cppExport.cmake
[0.715s] -- Up-to-date: /home/amejiyo/GitHub/502/detection/install/interfaces/share/interfaces/cmake/interfaces__rosidl_typesupport_cppExport-noconfig.cmake
[0.715s] -- Up-to-date: /home/amejiyo/GitHub/502/detection/install/interfaces/share/interfaces/cmake/rosidl_cmake-extras.cmake
[0.715s] -- Up-to-date: /home/amejiyo/GitHub/502/detection/install/interfaces/share/interfaces/cmake/ament_cmake_export_dependencies-extras.cmake
[0.715s] -- Up-to-date: /home/amejiyo/GitHub/502/detection/install/interfaces/share/interfaces/cmake/ament_cmake_export_libraries-extras.cmake
[0.715s] -- Up-to-date: /home/amejiyo/GitHub/502/detection/install/interfaces/share/interfaces/cmake/ament_cmake_export_targets-extras.cmake
[0.716s] -- Up-to-date: /home/amejiyo/GitHub/502/detection/install/interfaces/share/interfaces/cmake/ament_cmake_export_include_directories-extras.cmake
[0.717s] -- Up-to-date: /home/amejiyo/GitHub/502/detection/install/interfaces/share/interfaces/cmake/rosidl_cmake_export_typesupport_libraries-extras.cmake
[0.719s] -- Up-to-date: /home/amejiyo/GitHub/502/detection/install/interfaces/share/interfaces/cmake/rosidl_cmake_export_typesupport_targets-extras.cmake
[0.719s] -- Up-to-date: /home/amejiyo/GitHub/502/detection/install/interfaces/share/interfaces/cmake/interfacesConfig.cmake
[0.720s] -- Up-to-date: /home/amejiyo/GitHub/502/detection/install/interfaces/share/interfaces/cmake/interfacesConfig-version.cmake
[0.721s] -- Up-to-date: /home/amejiyo/GitHub/502/detection/install/interfaces/share/interfaces/package.xml
[0.756s] Invoked command in '/home/amejiyo/GitHub/502/detection/build/interfaces' returned '0': CMAKE_PREFIX_PATH=/home/amejiyo/GitHub/502/detection/install/yolobot_recognition:/home/amejiyo/GitHub/502/detection/install/yolobot_gazebo:/home/amejiyo/GitHub/502/detection/install/yolobot_description:/home/amejiyo/GitHub/502/detection/install/yolobot_control:/home/amejiyo/GitHub/502/detection/install/yolobot_detection:/opt/ros/foxy:/home/amejiyo/GitHub/502/detection/install/realsense_gazebo_plugin:/home/amejiyo/GitHub/502/detection/install/interfaces /usr/bin/cmake --install /home/amejiyo/GitHub/502/detection/build/interfaces
