[0.107s] DEBUG:colcon:Command line arguments: ['/usr/bin/colcon', 'build']
[0.108s] DEBUG:colcon:Parsed command line arguments: Namespace(allow_overriding=[], ament_cmake_args=None, base_paths=['.'], build_base='build', catkin_cmake_args=None, catkin_skip_building_tests=False, cmake_args=None, cmake_clean_cache=False, cmake_clean_first=False, cmake_force_configure=False, cmake_target=None, cmake_target_skip_unavailable=False, continue_on_error=False, event_handlers=None, executor='parallel', ignore_user_meta=False, install_base='install', log_base=None, log_level=None, main=<bound method BuildVerb.main of <colcon_core.verb.build.BuildVerb object at 0x7fad3a0cbd00>>, merge_install=False, metas=['./colcon.meta'], packages_above=None, packages_above_and_dependencies=None, packages_above_depth=None, packages_end=None, packages_ignore=None, packages_ignore_regex=None, packages_select=None, packages_select_build_failed=False, packages_select_by_dep=None, packages_select_regex=None, packages_select_test_failures=False, packages_skip=None, packages_skip_build_finished=False, packages_skip_by_dep=None, packages_skip_regex=None, packages_skip_test_passed=False, packages_skip_up_to=None, packages_start=None, packages_up_to=None, packages_up_to_regex=None, parallel_workers=16, paths=None, symlink_install=False, test_result_base=None, verb_extension=<colcon_core.verb.build.BuildVerb object at 0x7fad3a0cbd00>, verb_name='build', verb_parser=<colcon_defaults.argument_parser.defaults.DefaultArgumentsDecorator object at 0x7fad3a0d42b0>)
[0.126s] Level 1:colcon.colcon_core.package_discovery:discover_packages(colcon_meta) check parameters
[0.126s] Level 1:colcon.colcon_core.package_discovery:discover_packages(recursive) check parameters
[0.126s] Level 1:colcon.colcon_core.package_discovery:discover_packages(ignore) check parameters
[0.126s] Level 1:colcon.colcon_core.package_discovery:discover_packages(path) check parameters
[0.126s] Level 1:colcon.colcon_core.package_discovery:discover_packages(colcon_meta) discover
[0.126s] Level 1:colcon.colcon_core.package_discovery:discover_packages(recursive) discover
[0.126s] INFO:colcon.colcon_core.package_discovery:Crawling recursively for packages in '/home/amejiyo/yolobot'
[0.126s] Level 1:colcon.colcon_core.package_identification:_identify(.) by extensions ['ignore', 'ignore_ament_install']
[0.126s] Level 1:colcon.colcon_core.package_identification:_identify(.) by extension 'ignore'
[0.126s] Level 1:colcon.colcon_core.package_identification:_identify(.) by extension 'ignore_ament_install'
[0.127s] Level 1:colcon.colcon_core.package_identification:_identify(.) by extensions ['colcon_pkg']
[0.127s] Level 1:colcon.colcon_core.package_identification:_identify(.) by extension 'colcon_pkg'
[0.127s] Level 1:colcon.colcon_core.package_identification:_identify(.) by extensions ['colcon_meta']
[0.127s] Level 1:colcon.colcon_core.package_identification:_identify(.) by extension 'colcon_meta'
[0.127s] Level 1:colcon.colcon_core.package_identification:_identify(.) by extensions ['ros']
[0.127s] Level 1:colcon.colcon_core.package_identification:_identify(.) by extension 'ros'
[0.181s] Level 1:colcon.colcon_core.package_identification:_identify(.) by extensions ['cmake', 'python']
[0.181s] Level 1:colcon.colcon_core.package_identification:_identify(.) by extension 'cmake'
[0.181s] Level 1:colcon.colcon_core.package_identification:_identify(.) by extension 'python'
[0.182s] Level 1:colcon.colcon_core.package_identification:_identify(.) by extensions ['python_setup_py']
[0.182s] Level 1:colcon.colcon_core.package_identification:_identify(.) by extension 'python_setup_py'
[0.182s] Level 1:colcon.colcon_core.package_identification:_identify(build) by extensions ['ignore', 'ignore_ament_install']
[0.182s] Level 1:colcon.colcon_core.package_identification:_identify(build) by extension 'ignore'
[0.182s] Level 1:colcon.colcon_core.package_identification:_identify(build) ignored
[0.182s] Level 1:colcon.colcon_core.package_identification:_identify(install) by extensions ['ignore', 'ignore_ament_install']
[0.182s] Level 1:colcon.colcon_core.package_identification:_identify(install) by extension 'ignore'
[0.182s] Level 1:colcon.colcon_core.package_identification:_identify(install) ignored
[0.182s] Level 1:colcon.colcon_core.package_identification:_identify(log) by extensions ['ignore', 'ignore_ament_install']
[0.182s] Level 1:colcon.colcon_core.package_identification:_identify(log) by extension 'ignore'
[0.182s] Level 1:colcon.colcon_core.package_identification:_identify(log) ignored
[0.182s] Level 1:colcon.colcon_core.package_identification:_identify(src) by extensions ['ignore', 'ignore_ament_install']
[0.182s] Level 1:colcon.colcon_core.package_identification:_identify(src) by extension 'ignore'
[0.182s] Level 1:colcon.colcon_core.package_identification:_identify(src) by extension 'ignore_ament_install'
[0.183s] Level 1:colcon.colcon_core.package_identification:_identify(src) by extensions ['colcon_pkg']
[0.183s] Level 1:colcon.colcon_core.package_identification:_identify(src) by extension 'colcon_pkg'
[0.183s] Level 1:colcon.colcon_core.package_identification:_identify(src) by extensions ['colcon_meta']
[0.183s] Level 1:colcon.colcon_core.package_identification:_identify(src) by extension 'colcon_meta'
[0.183s] Level 1:colcon.colcon_core.package_identification:_identify(src) by extensions ['ros']
[0.183s] Level 1:colcon.colcon_core.package_identification:_identify(src) by extension 'ros'
[0.183s] Level 1:colcon.colcon_core.package_identification:_identify(src) by extensions ['cmake', 'python']
[0.183s] Level 1:colcon.colcon_core.package_identification:_identify(src) by extension 'cmake'
[0.183s] Level 1:colcon.colcon_core.package_identification:_identify(src) by extension 'python'
[0.183s] Level 1:colcon.colcon_core.package_identification:_identify(src) by extensions ['python_setup_py']
[0.183s] Level 1:colcon.colcon_core.package_identification:_identify(src) by extension 'python_setup_py'
[0.183s] Level 1:colcon.colcon_core.package_identification:_identify(src/interfaces) by extensions ['ignore', 'ignore_ament_install']
[0.183s] Level 1:colcon.colcon_core.package_identification:_identify(src/interfaces) by extension 'ignore'
[0.183s] Level 1:colcon.colcon_core.package_identification:_identify(src/interfaces) by extension 'ignore_ament_install'
[0.183s] Level 1:colcon.colcon_core.package_identification:_identify(src/interfaces) by extensions ['colcon_pkg']
[0.183s] Level 1:colcon.colcon_core.package_identification:_identify(src/interfaces) by extension 'colcon_pkg'
[0.183s] Level 1:colcon.colcon_core.package_identification:_identify(src/interfaces) by extensions ['colcon_meta']
[0.183s] Level 1:colcon.colcon_core.package_identification:_identify(src/interfaces) by extension 'colcon_meta'
[0.183s] Level 1:colcon.colcon_core.package_identification:_identify(src/interfaces) by extensions ['ros']
[0.183s] Level 1:colcon.colcon_core.package_identification:_identify(src/interfaces) by extension 'ros'
[0.185s] DEBUG:colcon.colcon_core.package_identification:Package 'src/interfaces' with type 'ros.ament_cmake' and name 'interfaces'
[0.185s] Level 1:colcon.colcon_core.package_identification:_identify(src/yolobot_control) by extensions ['ignore', 'ignore_ament_install']
[0.185s] Level 1:colcon.colcon_core.package_identification:_identify(src/yolobot_control) by extension 'ignore'
[0.185s] Level 1:colcon.colcon_core.package_identification:_identify(src/yolobot_control) by extension 'ignore_ament_install'
[0.185s] Level 1:colcon.colcon_core.package_identification:_identify(src/yolobot_control) by extensions ['colcon_pkg']
[0.185s] Level 1:colcon.colcon_core.package_identification:_identify(src/yolobot_control) by extension 'colcon_pkg'
[0.185s] Level 1:colcon.colcon_core.package_identification:_identify(src/yolobot_control) by extensions ['colcon_meta']
[0.185s] Level 1:colcon.colcon_core.package_identification:_identify(src/yolobot_control) by extension 'colcon_meta'
[0.185s] Level 1:colcon.colcon_core.package_identification:_identify(src/yolobot_control) by extensions ['ros']
[0.185s] Level 1:colcon.colcon_core.package_identification:_identify(src/yolobot_control) by extension 'ros'
[0.186s] DEBUG:colcon.colcon_core.package_identification:Package 'src/yolobot_control' with type 'ros.ament_cmake' and name 'yolobot_control'
[0.186s] Level 1:colcon.colcon_core.package_identification:_identify(src/yolobot_description) by extensions ['ignore', 'ignore_ament_install']
[0.186s] Level 1:colcon.colcon_core.package_identification:_identify(src/yolobot_description) by extension 'ignore'
[0.186s] Level 1:colcon.colcon_core.package_identification:_identify(src/yolobot_description) by extension 'ignore_ament_install'
[0.186s] Level 1:colcon.colcon_core.package_identification:_identify(src/yolobot_description) by extensions ['colcon_pkg']
[0.186s] Level 1:colcon.colcon_core.package_identification:_identify(src/yolobot_description) by extension 'colcon_pkg'
[0.186s] Level 1:colcon.colcon_core.package_identification:_identify(src/yolobot_description) by extensions ['colcon_meta']
[0.186s] Level 1:colcon.colcon_core.package_identification:_identify(src/yolobot_description) by extension 'colcon_meta'
[0.186s] Level 1:colcon.colcon_core.package_identification:_identify(src/yolobot_description) by extensions ['ros']
[0.186s] Level 1:colcon.colcon_core.package_identification:_identify(src/yolobot_description) by extension 'ros'
[0.186s] DEBUG:colcon.colcon_core.package_identification:Package 'src/yolobot_description' with type 'ros.ament_cmake' and name 'yolobot_description'
[0.186s] Level 1:colcon.colcon_core.package_identification:_identify(src/yolobot_gazebo) by extensions ['ignore', 'ignore_ament_install']
[0.186s] Level 1:colcon.colcon_core.package_identification:_identify(src/yolobot_gazebo) by extension 'ignore'
[0.187s] Level 1:colcon.colcon_core.package_identification:_identify(src/yolobot_gazebo) by extension 'ignore_ament_install'
[0.187s] Level 1:colcon.colcon_core.package_identification:_identify(src/yolobot_gazebo) by extensions ['colcon_pkg']
[0.187s] Level 1:colcon.colcon_core.package_identification:_identify(src/yolobot_gazebo) by extension 'colcon_pkg'
[0.187s] Level 1:colcon.colcon_core.package_identification:_identify(src/yolobot_gazebo) by extensions ['colcon_meta']
[0.187s] Level 1:colcon.colcon_core.package_identification:_identify(src/yolobot_gazebo) by extension 'colcon_meta'
[0.187s] Level 1:colcon.colcon_core.package_identification:_identify(src/yolobot_gazebo) by extensions ['ros']
[0.187s] Level 1:colcon.colcon_core.package_identification:_identify(src/yolobot_gazebo) by extension 'ros'
[0.187s] DEBUG:colcon.colcon_core.package_identification:Package 'src/yolobot_gazebo' with type 'ros.ament_cmake' and name 'yolobot_gazebo'
[0.187s] Level 1:colcon.colcon_core.package_discovery:discover_packages(recursive) using defaults
[0.187s] Level 1:colcon.colcon_core.package_discovery:discover_packages(ignore) discover
[0.187s] Level 1:colcon.colcon_core.package_discovery:discover_packages(ignore) using defaults
[0.188s] Level 1:colcon.colcon_core.package_discovery:discover_packages(path) discover
[0.188s] Level 1:colcon.colcon_core.package_discovery:discover_packages(path) using defaults
[0.202s] Level 1:colcon.colcon_core.package_discovery:discover_packages(prefix_path) check parameters
[0.202s] Level 1:colcon.colcon_core.package_discovery:discover_packages(prefix_path) discover
[0.205s] DEBUG:colcon.colcon_installed_package_information.package_discovery:Found 5 installed packages in /home/amejiyo/yolobot/install
[0.205s] DEBUG:colcon.colcon_installed_package_information.package_discovery:Found 17 installed packages in /home/amejiyo/ros2_ws/install
[0.207s] DEBUG:colcon.colcon_installed_package_information.package_discovery:Found 270 installed packages in /opt/ros/foxy
[0.208s] Level 1:colcon.colcon_core.package_discovery:discover_packages(prefix_path) using defaults
[0.260s] Level 5:colcon.colcon_core.verb:set package 'interfaces' build argument 'cmake_args' from command line to 'None'
[0.260s] Level 5:colcon.colcon_core.verb:set package 'interfaces' build argument 'cmake_target' from command line to 'None'
[0.260s] Level 5:colcon.colcon_core.verb:set package 'interfaces' build argument 'cmake_target_skip_unavailable' from command line to 'False'
[0.260s] Level 5:colcon.colcon_core.verb:set package 'interfaces' build argument 'cmake_clean_cache' from command line to 'False'
[0.260s] Level 5:colcon.colcon_core.verb:set package 'interfaces' build argument 'cmake_clean_first' from command line to 'False'
[0.260s] Level 5:colcon.colcon_core.verb:set package 'interfaces' build argument 'cmake_force_configure' from command line to 'False'
[0.260s] Level 5:colcon.colcon_core.verb:set package 'interfaces' build argument 'ament_cmake_args' from command line to 'None'
[0.260s] Level 5:colcon.colcon_core.verb:set package 'interfaces' build argument 'catkin_cmake_args' from command line to 'None'
[0.260s] Level 5:colcon.colcon_core.verb:set package 'interfaces' build argument 'catkin_skip_building_tests' from command line to 'False'
[0.261s] DEBUG:colcon.colcon_core.verb:Building package 'interfaces' with the following arguments: {'ament_cmake_args': None, 'build_base': '/home/amejiyo/yolobot/build/interfaces', 'catkin_cmake_args': None, 'catkin_skip_building_tests': False, 'cmake_args': None, 'cmake_clean_cache': False, 'cmake_clean_first': False, 'cmake_force_configure': False, 'cmake_target': None, 'cmake_target_skip_unavailable': False, 'install_base': '/home/amejiyo/yolobot/install/interfaces', 'merge_install': False, 'path': '/home/amejiyo/yolobot/src/interfaces', 'symlink_install': False, 'test_result_base': None}
[0.261s] Level 5:colcon.colcon_core.verb:set package 'yolobot_control' build argument 'cmake_args' from command line to 'None'
[0.261s] Level 5:colcon.colcon_core.verb:set package 'yolobot_control' build argument 'cmake_target' from command line to 'None'
[0.261s] Level 5:colcon.colcon_core.verb:set package 'yolobot_control' build argument 'cmake_target_skip_unavailable' from command line to 'False'
[0.261s] Level 5:colcon.colcon_core.verb:set package 'yolobot_control' build argument 'cmake_clean_cache' from command line to 'False'
[0.261s] Level 5:colcon.colcon_core.verb:set package 'yolobot_control' build argument 'cmake_clean_first' from command line to 'False'
[0.261s] Level 5:colcon.colcon_core.verb:set package 'yolobot_control' build argument 'cmake_force_configure' from command line to 'False'
[0.261s] Level 5:colcon.colcon_core.verb:set package 'yolobot_control' build argument 'ament_cmake_args' from command line to 'None'
[0.261s] Level 5:colcon.colcon_core.verb:set package 'yolobot_control' build argument 'catkin_cmake_args' from command line to 'None'
[0.261s] Level 5:colcon.colcon_core.verb:set package 'yolobot_control' build argument 'catkin_skip_building_tests' from command line to 'False'
[0.261s] DEBUG:colcon.colcon_core.verb:Building package 'yolobot_control' with the following arguments: {'ament_cmake_args': None, 'build_base': '/home/amejiyo/yolobot/build/yolobot_control', 'catkin_cmake_args': None, 'catkin_skip_building_tests': False, 'cmake_args': None, 'cmake_clean_cache': False, 'cmake_clean_first': False, 'cmake_force_configure': False, 'cmake_target': None, 'cmake_target_skip_unavailable': False, 'install_base': '/home/amejiyo/yolobot/install/yolobot_control', 'merge_install': False, 'path': '/home/amejiyo/yolobot/src/yolobot_control', 'symlink_install': False, 'test_result_base': None}
[0.262s] Level 5:colcon.colcon_core.verb:set package 'yolobot_description' build argument 'cmake_args' from command line to 'None'
[0.262s] Level 5:colcon.colcon_core.verb:set package 'yolobot_description' build argument 'cmake_target' from command line to 'None'
[0.262s] Level 5:colcon.colcon_core.verb:set package 'yolobot_description' build argument 'cmake_target_skip_unavailable' from command line to 'False'
[0.262s] Level 5:colcon.colcon_core.verb:set package 'yolobot_description' build argument 'cmake_clean_cache' from command line to 'False'
[0.262s] Level 5:colcon.colcon_core.verb:set package 'yolobot_description' build argument 'cmake_clean_first' from command line to 'False'
[0.262s] Level 5:colcon.colcon_core.verb:set package 'yolobot_description' build argument 'cmake_force_configure' from command line to 'False'
[0.262s] Level 5:colcon.colcon_core.verb:set package 'yolobot_description' build argument 'ament_cmake_args' from command line to 'None'
[0.262s] Level 5:colcon.colcon_core.verb:set package 'yolobot_description' build argument 'catkin_cmake_args' from command line to 'None'
[0.262s] Level 5:colcon.colcon_core.verb:set package 'yolobot_description' build argument 'catkin_skip_building_tests' from command line to 'False'
[0.262s] DEBUG:colcon.colcon_core.verb:Building package 'yolobot_description' with the following arguments: {'ament_cmake_args': None, 'build_base': '/home/amejiyo/yolobot/build/yolobot_description', 'catkin_cmake_args': None, 'catkin_skip_building_tests': False, 'cmake_args': None, 'cmake_clean_cache': False, 'cmake_clean_first': False, 'cmake_force_configure': False, 'cmake_target': None, 'cmake_target_skip_unavailable': False, 'install_base': '/home/amejiyo/yolobot/install/yolobot_description', 'merge_install': False, 'path': '/home/amejiyo/yolobot/src/yolobot_description', 'symlink_install': False, 'test_result_base': None}
[0.262s] Level 5:colcon.colcon_core.verb:set package 'yolobot_gazebo' build argument 'cmake_args' from command line to 'None'
[0.262s] Level 5:colcon.colcon_core.verb:set package 'yolobot_gazebo' build argument 'cmake_target' from command line to 'None'
[0.262s] Level 5:colcon.colcon_core.verb:set package 'yolobot_gazebo' build argument 'cmake_target_skip_unavailable' from command line to 'False'
[0.262s] Level 5:colcon.colcon_core.verb:set package 'yolobot_gazebo' build argument 'cmake_clean_cache' from command line to 'False'
[0.262s] Level 5:colcon.colcon_core.verb:set package 'yolobot_gazebo' build argument 'cmake_clean_first' from command line to 'False'
[0.262s] Level 5:colcon.colcon_core.verb:set package 'yolobot_gazebo' build argument 'cmake_force_configure' from command line to 'False'
[0.262s] Level 5:colcon.colcon_core.verb:set package 'yolobot_gazebo' build argument 'ament_cmake_args' from command line to 'None'
[0.262s] Level 5:colcon.colcon_core.verb:set package 'yolobot_gazebo' build argument 'catkin_cmake_args' from command line to 'None'
[0.262s] Level 5:colcon.colcon_core.verb:set package 'yolobot_gazebo' build argument 'catkin_skip_building_tests' from command line to 'False'
[0.263s] DEBUG:colcon.colcon_core.verb:Building package 'yolobot_gazebo' with the following arguments: {'ament_cmake_args': None, 'build_base': '/home/amejiyo/yolobot/build/yolobot_gazebo', 'catkin_cmake_args': None, 'catkin_skip_building_tests': False, 'cmake_args': None, 'cmake_clean_cache': False, 'cmake_clean_first': False, 'cmake_force_configure': False, 'cmake_target': None, 'cmake_target_skip_unavailable': False, 'install_base': '/home/amejiyo/yolobot/install/yolobot_gazebo', 'merge_install': False, 'path': '/home/amejiyo/yolobot/src/yolobot_gazebo', 'symlink_install': False, 'test_result_base': None}
[0.263s] INFO:colcon.colcon_core.executor:Executing jobs using 'parallel' executor
[0.265s] DEBUG:colcon.colcon_parallel_executor.executor.parallel:run_until_complete
[0.265s] INFO:colcon.colcon_ros.task.ament_cmake.build:Building ROS package in '/home/amejiyo/yolobot/src/interfaces' with build type 'ament_cmake'
[0.265s] INFO:colcon.colcon_cmake.task.cmake.build:Building CMake package in '/home/amejiyo/yolobot/src/interfaces'
[0.268s] INFO:colcon.colcon_core.plugin_system:Skipping extension 'colcon_core.shell.bat': Not used on non-Windows systems
[0.269s] INFO:colcon.colcon_core.shell:Skip shell extension 'powershell' for command environment: Not usable outside of PowerShell
[0.269s] DEBUG:colcon.colcon_core.shell:Skip shell extension 'dsv' for command environment
[0.275s] INFO:colcon.colcon_ros.task.ament_cmake.build:Building ROS package in '/home/amejiyo/yolobot/src/yolobot_control' with build type 'ament_cmake'
[0.276s] INFO:colcon.colcon_cmake.task.cmake.build:Building CMake package in '/home/amejiyo/yolobot/src/yolobot_control'
[0.276s] INFO:colcon.colcon_core.shell:Skip shell extension 'powershell' for command environment: Not usable outside of PowerShell
[0.276s] DEBUG:colcon.colcon_core.shell:Skip shell extension 'dsv' for command environment
[0.283s] INFO:colcon.colcon_ros.task.ament_cmake.build:Building ROS package in '/home/amejiyo/yolobot/src/yolobot_description' with build type 'ament_cmake'
[0.284s] INFO:colcon.colcon_cmake.task.cmake.build:Building CMake package in '/home/amejiyo/yolobot/src/yolobot_description'
[0.285s] INFO:colcon.colcon_core.shell:Skip shell extension 'powershell' for command environment: Not usable outside of PowerShell
[0.285s] DEBUG:colcon.colcon_core.shell:Skip shell extension 'dsv' for command environment
[0.292s] INFO:colcon.colcon_ros.task.ament_cmake.build:Building ROS package in '/home/amejiyo/yolobot/src/yolobot_gazebo' with build type 'ament_cmake'
[0.293s] INFO:colcon.colcon_cmake.task.cmake.build:Building CMake package in '/home/amejiyo/yolobot/src/yolobot_gazebo'
[0.293s] INFO:colcon.colcon_core.shell:Skip shell extension 'powershell' for command environment: Not usable outside of PowerShell
[0.293s] DEBUG:colcon.colcon_core.shell:Skip shell extension 'dsv' for command environment
[0.310s] DEBUG:colcon.colcon_core.event_handler.log_command:Invoking command in '/home/amejiyo/yolobot/build/interfaces': CMAKE_PREFIX_PATH=${CMAKE_PREFIX_PATH}:/home/amejiyo/ros2_ws/install/py_pubsub:/home/amejiyo/ros2_ws/install/opencv_tests:/home/amejiyo/ros2_ws/install/detection:/opt/ros/foxy /usr/bin/cmake --build /home/amejiyo/yolobot/build/interfaces -- -j16 -l16
[0.314s] DEBUG:colcon.colcon_core.event_handler.log_command:Invoking command in '/home/amejiyo/yolobot/build/yolobot_control': CMAKE_PREFIX_PATH=${CMAKE_PREFIX_PATH}:/home/amejiyo/ros2_ws/install/py_pubsub:/home/amejiyo/ros2_ws/install/opencv_tests:/home/amejiyo/ros2_ws/install/detection:/opt/ros/foxy /usr/bin/cmake --build /home/amejiyo/yolobot/build/yolobot_control -- -j16 -l16
[0.321s] DEBUG:colcon.colcon_core.event_handler.log_command:Invoking command in '/home/amejiyo/yolobot/build/yolobot_description': CMAKE_PREFIX_PATH=${CMAKE_PREFIX_PATH}:/home/amejiyo/ros2_ws/install/py_pubsub:/home/amejiyo/ros2_ws/install/opencv_tests:/home/amejiyo/ros2_ws/install/detection:/opt/ros/foxy /usr/bin/cmake --build /home/amejiyo/yolobot/build/yolobot_description -- -j16 -l16
[0.328s] DEBUG:colcon.colcon_core.event_handler.log_command:Invoking command in '/home/amejiyo/yolobot/build/yolobot_gazebo': CMAKE_PREFIX_PATH=${CMAKE_PREFIX_PATH}:/home/amejiyo/ros2_ws/install/py_pubsub:/home/amejiyo/ros2_ws/install/opencv_tests:/home/amejiyo/ros2_ws/install/detection:/opt/ros/foxy /usr/bin/cmake --build /home/amejiyo/yolobot/build/yolobot_gazebo -- -j16 -l16
[0.355s] DEBUG:colcon.colcon_core.event_handler.log_command:Invoked command in '/home/amejiyo/yolobot/build/yolobot_control' returned '0': CMAKE_PREFIX_PATH=${CMAKE_PREFIX_PATH}:/home/amejiyo/ros2_ws/install/py_pubsub:/home/amejiyo/ros2_ws/install/opencv_tests:/home/amejiyo/ros2_ws/install/detection:/opt/ros/foxy /usr/bin/cmake --build /home/amejiyo/yolobot/build/yolobot_control -- -j16 -l16
[0.358s] DEBUG:colcon.colcon_core.event_handler.log_command:Invoked command in '/home/amejiyo/yolobot/build/yolobot_description' returned '0': CMAKE_PREFIX_PATH=${CMAKE_PREFIX_PATH}:/home/amejiyo/ros2_ws/install/py_pubsub:/home/amejiyo/ros2_ws/install/opencv_tests:/home/amejiyo/ros2_ws/install/detection:/opt/ros/foxy /usr/bin/cmake --build /home/amejiyo/yolobot/build/yolobot_description -- -j16 -l16
[0.363s] DEBUG:colcon.colcon_core.event_handler.log_command:Invoked command in '/home/amejiyo/yolobot/build/yolobot_gazebo' returned '0': CMAKE_PREFIX_PATH=${CMAKE_PREFIX_PATH}:/home/amejiyo/ros2_ws/install/py_pubsub:/home/amejiyo/ros2_ws/install/opencv_tests:/home/amejiyo/ros2_ws/install/detection:/opt/ros/foxy /usr/bin/cmake --build /home/amejiyo/yolobot/build/yolobot_gazebo -- -j16 -l16
[0.397s] DEBUG:colcon.colcon_core.event_handler.log_command:Invoking command in '/home/amejiyo/yolobot/build/yolobot_control': CMAKE_PREFIX_PATH=${CMAKE_PREFIX_PATH}:/home/amejiyo/ros2_ws/install/py_pubsub:/home/amejiyo/ros2_ws/install/opencv_tests:/home/amejiyo/ros2_ws/install/detection:/opt/ros/foxy /usr/bin/cmake --install /home/amejiyo/yolobot/build/yolobot_control
[0.401s] DEBUG:colcon.colcon_core.event_handler.log_command:Invoking command in '/home/amejiyo/yolobot/build/yolobot_description': CMAKE_PREFIX_PATH=${CMAKE_PREFIX_PATH}:/home/amejiyo/ros2_ws/install/py_pubsub:/home/amejiyo/ros2_ws/install/opencv_tests:/home/amejiyo/ros2_ws/install/detection:/opt/ros/foxy /usr/bin/cmake --install /home/amejiyo/yolobot/build/yolobot_description
[0.404s] DEBUG:colcon.colcon_core.event_handler.log_command:Invoking command in '/home/amejiyo/yolobot/build/yolobot_gazebo': CMAKE_PREFIX_PATH=${CMAKE_PREFIX_PATH}:/home/amejiyo/ros2_ws/install/py_pubsub:/home/amejiyo/ros2_ws/install/opencv_tests:/home/amejiyo/ros2_ws/install/detection:/opt/ros/foxy /usr/bin/cmake --install /home/amejiyo/yolobot/build/yolobot_gazebo
[0.407s] Level 1:colcon.colcon_core.environment:create_environment_scripts_only(yolobot_control)
[0.414s] DEBUG:colcon.colcon_core.event_handler.log_command:Invoked command in '/home/amejiyo/yolobot/build/yolobot_control' returned '0': CMAKE_PREFIX_PATH=${CMAKE_PREFIX_PATH}:/home/amejiyo/ros2_ws/install/py_pubsub:/home/amejiyo/ros2_ws/install/opencv_tests:/home/amejiyo/ros2_ws/install/detection:/opt/ros/foxy /usr/bin/cmake --install /home/amejiyo/yolobot/build/yolobot_control
[0.416s] Level 1:colcon.colcon_core.environment:checking '/home/amejiyo/yolobot/install/yolobot_control' for CMake module files
[0.417s] Level 1:colcon.colcon_core.environment:checking '/home/amejiyo/yolobot/install/yolobot_control' for CMake config files
[0.417s] Level 1:colcon.colcon_core.shell:create_environment_hook('yolobot_control', 'cmake_prefix_path')
[0.418s] INFO:colcon.colcon_core.shell:Creating environment hook '/home/amejiyo/yolobot/install/yolobot_control/share/yolobot_control/hook/cmake_prefix_path.ps1'
[0.419s] INFO:colcon.colcon_core.shell:Creating environment descriptor '/home/amejiyo/yolobot/install/yolobot_control/share/yolobot_control/hook/cmake_prefix_path.dsv'
[0.419s] INFO:colcon.colcon_core.shell:Creating environment hook '/home/amejiyo/yolobot/install/yolobot_control/share/yolobot_control/hook/cmake_prefix_path.sh'
[0.421s] Level 1:colcon.colcon_core.environment:checking '/home/amejiyo/yolobot/install/yolobot_control/lib'
[0.421s] Level 1:colcon.colcon_core.environment:checking '/home/amejiyo/yolobot/install/yolobot_control/bin'
[0.421s] Level 1:colcon.colcon_core.environment:checking '/home/amejiyo/yolobot/install/yolobot_control/lib/pkgconfig/yolobot_control.pc'
[0.421s] Level 1:colcon.colcon_core.environment:checking '/home/amejiyo/yolobot/install/yolobot_control/lib/python3.8/site-packages'
[0.422s] INFO:colcon.colcon_core.shell:Creating package script '/home/amejiyo/yolobot/install/yolobot_control/share/yolobot_control/package.ps1'
[0.423s] INFO:colcon.colcon_core.shell:Creating package descriptor '/home/amejiyo/yolobot/install/yolobot_control/share/yolobot_control/package.dsv'
[0.424s] INFO:colcon.colcon_core.shell:Creating package script '/home/amejiyo/yolobot/install/yolobot_control/share/yolobot_control/package.sh'
[0.424s] INFO:colcon.colcon_core.shell:Creating package script '/home/amejiyo/yolobot/install/yolobot_control/share/yolobot_control/package.bash'
[0.424s] INFO:colcon.colcon_core.shell:Creating package script '/home/amejiyo/yolobot/install/yolobot_control/share/yolobot_control/package.zsh'
[0.425s] Level 1:colcon.colcon_core.environment:create_file_with_runtime_dependencies(/home/amejiyo/yolobot/install/yolobot_control/share/colcon-core/packages/yolobot_control)
[0.429s] Level 1:colcon.colcon_core.environment:create_environment_scripts_only(yolobot_gazebo)
[0.430s] Level 1:colcon.colcon_core.environment:checking '/home/amejiyo/yolobot/install/yolobot_gazebo' for CMake module files
[0.431s] DEBUG:colcon.colcon_core.event_handler.log_command:Invoked command in '/home/amejiyo/yolobot/build/yolobot_gazebo' returned '0': CMAKE_PREFIX_PATH=${CMAKE_PREFIX_PATH}:/home/amejiyo/ros2_ws/install/py_pubsub:/home/amejiyo/ros2_ws/install/opencv_tests:/home/amejiyo/ros2_ws/install/detection:/opt/ros/foxy /usr/bin/cmake --install /home/amejiyo/yolobot/build/yolobot_gazebo
[0.431s] Level 1:colcon.colcon_core.environment:checking '/home/amejiyo/yolobot/install/yolobot_gazebo' for CMake config files
[0.431s] Level 1:colcon.colcon_core.shell:create_environment_hook('yolobot_gazebo', 'cmake_prefix_path')
[0.432s] INFO:colcon.colcon_core.shell:Creating environment hook '/home/amejiyo/yolobot/install/yolobot_gazebo/share/yolobot_gazebo/hook/cmake_prefix_path.ps1'
[0.432s] INFO:colcon.colcon_core.shell:Creating environment descriptor '/home/amejiyo/yolobot/install/yolobot_gazebo/share/yolobot_gazebo/hook/cmake_prefix_path.dsv'
[0.433s] INFO:colcon.colcon_core.shell:Creating environment hook '/home/amejiyo/yolobot/install/yolobot_gazebo/share/yolobot_gazebo/hook/cmake_prefix_path.sh'
[0.433s] Level 1:colcon.colcon_core.environment:checking '/home/amejiyo/yolobot/install/yolobot_gazebo/bin'
[0.433s] Level 1:colcon.colcon_core.environment:checking '/home/amejiyo/yolobot/install/yolobot_gazebo/lib/pkgconfig/yolobot_gazebo.pc'
[0.433s] Level 1:colcon.colcon_core.environment:checking '/home/amejiyo/yolobot/install/yolobot_gazebo/lib/python3.8/site-packages'
[0.434s] INFO:colcon.colcon_core.shell:Creating package script '/home/amejiyo/yolobot/install/yolobot_gazebo/share/yolobot_gazebo/package.ps1'
[0.434s] INFO:colcon.colcon_core.shell:Creating package descriptor '/home/amejiyo/yolobot/install/yolobot_gazebo/share/yolobot_gazebo/package.dsv'
[0.435s] INFO:colcon.colcon_core.shell:Creating package script '/home/amejiyo/yolobot/install/yolobot_gazebo/share/yolobot_gazebo/package.sh'
[0.435s] INFO:colcon.colcon_core.shell:Creating package script '/home/amejiyo/yolobot/install/yolobot_gazebo/share/yolobot_gazebo/package.bash'
[0.435s] INFO:colcon.colcon_core.shell:Creating package script '/home/amejiyo/yolobot/install/yolobot_gazebo/share/yolobot_gazebo/package.zsh'
[0.435s] Level 1:colcon.colcon_core.environment:create_file_with_runtime_dependencies(/home/amejiyo/yolobot/install/yolobot_gazebo/share/colcon-core/packages/yolobot_gazebo)
[0.438s] Level 1:colcon.colcon_core.environment:create_environment_scripts_only(yolobot_description)
[0.439s] Level 1:colcon.colcon_core.environment:checking '/home/amejiyo/yolobot/install/yolobot_description' for CMake module files
[0.440s] DEBUG:colcon.colcon_core.event_handler.log_command:Invoked command in '/home/amejiyo/yolobot/build/yolobot_description' returned '0': CMAKE_PREFIX_PATH=${CMAKE_PREFIX_PATH}:/home/amejiyo/ros2_ws/install/py_pubsub:/home/amejiyo/ros2_ws/install/opencv_tests:/home/amejiyo/ros2_ws/install/detection:/opt/ros/foxy /usr/bin/cmake --install /home/amejiyo/yolobot/build/yolobot_description
[0.440s] Level 1:colcon.colcon_core.environment:checking '/home/amejiyo/yolobot/install/yolobot_description' for CMake config files
[0.440s] Level 1:colcon.colcon_core.shell:create_environment_hook('yolobot_description', 'cmake_prefix_path')
[0.441s] INFO:colcon.colcon_core.shell:Creating environment hook '/home/amejiyo/yolobot/install/yolobot_description/share/yolobot_description/hook/cmake_prefix_path.ps1'
[0.441s] INFO:colcon.colcon_core.shell:Creating environment descriptor '/home/amejiyo/yolobot/install/yolobot_description/share/yolobot_description/hook/cmake_prefix_path.dsv'
[0.442s] INFO:colcon.colcon_core.shell:Creating environment hook '/home/amejiyo/yolobot/install/yolobot_description/share/yolobot_description/hook/cmake_prefix_path.sh'
[0.442s] Level 1:colcon.colcon_core.environment:checking '/home/amejiyo/yolobot/install/yolobot_description/lib'
[0.442s] Level 1:colcon.colcon_core.environment:checking '/home/amejiyo/yolobot/install/yolobot_description/bin'
[0.443s] Level 1:colcon.colcon_core.environment:checking '/home/amejiyo/yolobot/install/yolobot_description/lib/pkgconfig/yolobot_description.pc'
[0.443s] Level 1:colcon.colcon_core.environment:checking '/home/amejiyo/yolobot/install/yolobot_description/lib/python3.8/site-packages'
[0.443s] INFO:colcon.colcon_core.shell:Creating package script '/home/amejiyo/yolobot/install/yolobot_description/share/yolobot_description/package.ps1'
[0.444s] INFO:colcon.colcon_core.shell:Creating package descriptor '/home/amejiyo/yolobot/install/yolobot_description/share/yolobot_description/package.dsv'
[0.444s] INFO:colcon.colcon_core.shell:Creating package script '/home/amejiyo/yolobot/install/yolobot_description/share/yolobot_description/package.sh'
[0.445s] INFO:colcon.colcon_core.shell:Creating package script '/home/amejiyo/yolobot/install/yolobot_description/share/yolobot_description/package.bash'
[0.445s] INFO:colcon.colcon_core.shell:Creating package script '/home/amejiyo/yolobot/install/yolobot_description/share/yolobot_description/package.zsh'
[0.445s] Level 1:colcon.colcon_core.environment:create_file_with_runtime_dependencies(/home/amejiyo/yolobot/install/yolobot_description/share/colcon-core/packages/yolobot_description)
[0.452s] Level 1:colcon.colcon_core.environment:create_environment_scripts_only(yolobot_control)
[0.452s] Level 1:colcon.colcon_core.environment:checking '/home/amejiyo/yolobot/install/yolobot_control' for CMake module files
[0.453s] Level 1:colcon.colcon_core.environment:checking '/home/amejiyo/yolobot/install/yolobot_control' for CMake config files
[0.453s] Level 1:colcon.colcon_core.shell:create_environment_hook('yolobot_control', 'cmake_prefix_path')
[0.454s] INFO:colcon.colcon_core.shell:Creating environment hook '/home/amejiyo/yolobot/install/yolobot_control/share/yolobot_control/hook/cmake_prefix_path.ps1'
[0.455s] INFO:colcon.colcon_core.shell:Creating environment descriptor '/home/amejiyo/yolobot/install/yolobot_control/share/yolobot_control/hook/cmake_prefix_path.dsv'
[0.455s] INFO:colcon.colcon_core.shell:Creating environment hook '/home/amejiyo/yolobot/install/yolobot_control/share/yolobot_control/hook/cmake_prefix_path.sh'
[0.456s] Level 1:colcon.colcon_core.environment:checking '/home/amejiyo/yolobot/install/yolobot_control/lib'
[0.456s] Level 1:colcon.colcon_core.environment:checking '/home/amejiyo/yolobot/install/yolobot_control/bin'
[0.456s] Level 1:colcon.colcon_core.environment:checking '/home/amejiyo/yolobot/install/yolobot_control/lib/pkgconfig/yolobot_control.pc'
[0.456s] Level 1:colcon.colcon_core.environment:checking '/home/amejiyo/yolobot/install/yolobot_control/lib/python3.8/site-packages'
[0.457s] INFO:colcon.colcon_core.shell:Creating package script '/home/amejiyo/yolobot/install/yolobot_control/share/yolobot_control/package.ps1'
[0.457s] INFO:colcon.colcon_core.shell:Creating package descriptor '/home/amejiyo/yolobot/install/yolobot_control/share/yolobot_control/package.dsv'
[0.458s] INFO:colcon.colcon_core.shell:Creating package script '/home/amejiyo/yolobot/install/yolobot_control/share/yolobot_control/package.sh'
[0.458s] INFO:colcon.colcon_core.shell:Creating package script '/home/amejiyo/yolobot/install/yolobot_control/share/yolobot_control/package.bash'
[0.459s] INFO:colcon.colcon_core.shell:Creating package script '/home/amejiyo/yolobot/install/yolobot_control/share/yolobot_control/package.zsh'
[0.459s] Level 1:colcon.colcon_core.environment:create_file_with_runtime_dependencies(/home/amejiyo/yolobot/install/yolobot_control/share/colcon-core/packages/yolobot_control)
[0.461s] Level 1:colcon.colcon_core.environment:create_environment_scripts_only(yolobot_gazebo)
[0.461s] Level 1:colcon.colcon_core.environment:checking '/home/amejiyo/yolobot/install/yolobot_gazebo' for CMake module files
[0.462s] Level 1:colcon.colcon_core.environment:checking '/home/amejiyo/yolobot/install/yolobot_gazebo' for CMake config files
[0.462s] Level 1:colcon.colcon_core.shell:create_environment_hook('yolobot_gazebo', 'cmake_prefix_path')
[0.463s] INFO:colcon.colcon_core.shell:Creating environment hook '/home/amejiyo/yolobot/install/yolobot_gazebo/share/yolobot_gazebo/hook/cmake_prefix_path.ps1'
[0.463s] INFO:colcon.colcon_core.shell:Creating environment descriptor '/home/amejiyo/yolobot/install/yolobot_gazebo/share/yolobot_gazebo/hook/cmake_prefix_path.dsv'
[0.463s] INFO:colcon.colcon_core.shell:Creating environment hook '/home/amejiyo/yolobot/install/yolobot_gazebo/share/yolobot_gazebo/hook/cmake_prefix_path.sh'
[0.464s] Level 1:colcon.colcon_core.environment:checking '/home/amejiyo/yolobot/install/yolobot_gazebo/bin'
[0.464s] Level 1:colcon.colcon_core.environment:checking '/home/amejiyo/yolobot/install/yolobot_gazebo/lib/pkgconfig/yolobot_gazebo.pc'
[0.464s] Level 1:colcon.colcon_core.environment:checking '/home/amejiyo/yolobot/install/yolobot_gazebo/lib/python3.8/site-packages'
[0.464s] INFO:colcon.colcon_core.shell:Creating package script '/home/amejiyo/yolobot/install/yolobot_gazebo/share/yolobot_gazebo/package.ps1'
[0.465s] INFO:colcon.colcon_core.shell:Creating package descriptor '/home/amejiyo/yolobot/install/yolobot_gazebo/share/yolobot_gazebo/package.dsv'
[0.466s] INFO:colcon.colcon_core.shell:Creating package script '/home/amejiyo/yolobot/install/yolobot_gazebo/share/yolobot_gazebo/package.sh'
[0.467s] INFO:colcon.colcon_core.shell:Creating package script '/home/amejiyo/yolobot/install/yolobot_gazebo/share/yolobot_gazebo/package.bash'
[0.467s] INFO:colcon.colcon_core.shell:Creating package script '/home/amejiyo/yolobot/install/yolobot_gazebo/share/yolobot_gazebo/package.zsh'
[0.468s] Level 1:colcon.colcon_core.environment:create_file_with_runtime_dependencies(/home/amejiyo/yolobot/install/yolobot_gazebo/share/colcon-core/packages/yolobot_gazebo)
[0.469s] Level 1:colcon.colcon_core.environment:create_environment_scripts_only(yolobot_description)
[0.470s] Level 1:colcon.colcon_core.environment:checking '/home/amejiyo/yolobot/install/yolobot_description' for CMake module files
[0.471s] Level 1:colcon.colcon_core.environment:checking '/home/amejiyo/yolobot/install/yolobot_description' for CMake config files
[0.471s] Level 1:colcon.colcon_core.shell:create_environment_hook('yolobot_description', 'cmake_prefix_path')
[0.472s] INFO:colcon.colcon_core.shell:Creating environment hook '/home/amejiyo/yolobot/install/yolobot_description/share/yolobot_description/hook/cmake_prefix_path.ps1'
[0.472s] INFO:colcon.colcon_core.shell:Creating environment descriptor '/home/amejiyo/yolobot/install/yolobot_description/share/yolobot_description/hook/cmake_prefix_path.dsv'
[0.473s] INFO:colcon.colcon_core.shell:Creating environment hook '/home/amejiyo/yolobot/install/yolobot_description/share/yolobot_description/hook/cmake_prefix_path.sh'
[0.473s] Level 1:colcon.colcon_core.environment:checking '/home/amejiyo/yolobot/install/yolobot_description/lib'
[0.474s] Level 1:colcon.colcon_core.environment:checking '/home/amejiyo/yolobot/install/yolobot_description/bin'
[0.474s] Level 1:colcon.colcon_core.environment:checking '/home/amejiyo/yolobot/install/yolobot_description/lib/pkgconfig/yolobot_description.pc'
[0.474s] Level 1:colcon.colcon_core.environment:checking '/home/amejiyo/yolobot/install/yolobot_description/lib/python3.8/site-packages'
[0.475s] INFO:colcon.colcon_core.shell:Creating package script '/home/amejiyo/yolobot/install/yolobot_description/share/yolobot_description/package.ps1'
[0.475s] INFO:colcon.colcon_core.shell:Creating package descriptor '/home/amejiyo/yolobot/install/yolobot_description/share/yolobot_description/package.dsv'
[0.476s] INFO:colcon.colcon_core.shell:Creating package script '/home/amejiyo/yolobot/install/yolobot_description/share/yolobot_description/package.sh'
[0.476s] INFO:colcon.colcon_core.shell:Creating package script '/home/amejiyo/yolobot/install/yolobot_description/share/yolobot_description/package.bash'
[0.477s] INFO:colcon.colcon_core.shell:Creating package script '/home/amejiyo/yolobot/install/yolobot_description/share/yolobot_description/package.zsh'
[0.478s] Level 1:colcon.colcon_core.environment:create_file_with_runtime_dependencies(/home/amejiyo/yolobot/install/yolobot_description/share/colcon-core/packages/yolobot_description)
[0.539s] DEBUG:colcon.colcon_core.event_handler.log_command:Invoked command in '/home/amejiyo/yolobot/build/interfaces' returned '0': CMAKE_PREFIX_PATH=${CMAKE_PREFIX_PATH}:/home/amejiyo/ros2_ws/install/py_pubsub:/home/amejiyo/ros2_ws/install/opencv_tests:/home/amejiyo/ros2_ws/install/detection:/opt/ros/foxy /usr/bin/cmake --build /home/amejiyo/yolobot/build/interfaces -- -j16 -l16
[0.598s] DEBUG:colcon.colcon_core.event_handler.log_command:Invoking command in '/home/amejiyo/yolobot/build/interfaces': CMAKE_PREFIX_PATH=${CMAKE_PREFIX_PATH}:/home/amejiyo/ros2_ws/install/py_pubsub:/home/amejiyo/ros2_ws/install/opencv_tests:/home/amejiyo/ros2_ws/install/detection:/opt/ros/foxy /usr/bin/cmake --install /home/amejiyo/yolobot/build/interfaces
[0.655s] Level 1:colcon.colcon_core.environment:create_environment_scripts_only(interfaces)
[0.656s] Level 1:colcon.colcon_core.environment:checking '/home/amejiyo/yolobot/install/interfaces' for CMake module files
[0.657s] DEBUG:colcon.colcon_core.event_handler.log_command:Invoked command in '/home/amejiyo/yolobot/build/interfaces' returned '0': CMAKE_PREFIX_PATH=${CMAKE_PREFIX_PATH}:/home/amejiyo/ros2_ws/install/py_pubsub:/home/amejiyo/ros2_ws/install/opencv_tests:/home/amejiyo/ros2_ws/install/detection:/opt/ros/foxy /usr/bin/cmake --install /home/amejiyo/yolobot/build/interfaces
[0.658s] Level 1:colcon.colcon_core.environment:checking '/home/amejiyo/yolobot/install/interfaces' for CMake config files
[0.658s] Level 1:colcon.colcon_core.shell:create_environment_hook('interfaces', 'cmake_prefix_path')
[0.659s] INFO:colcon.colcon_core.shell:Creating environment hook '/home/amejiyo/yolobot/install/interfaces/share/interfaces/hook/cmake_prefix_path.ps1'
[0.660s] INFO:colcon.colcon_core.shell:Creating environment descriptor '/home/amejiyo/yolobot/install/interfaces/share/interfaces/hook/cmake_prefix_path.dsv'
[0.661s] INFO:colcon.colcon_core.shell:Creating environment hook '/home/amejiyo/yolobot/install/interfaces/share/interfaces/hook/cmake_prefix_path.sh'
[0.662s] Level 1:colcon.colcon_core.environment:checking '/home/amejiyo/yolobot/install/interfaces/lib'
[0.662s] Level 1:colcon.colcon_core.shell:create_environment_hook('interfaces', 'ld_library_path_lib')
[0.663s] INFO:colcon.colcon_core.shell:Creating environment hook '/home/amejiyo/yolobot/install/interfaces/share/interfaces/hook/ld_library_path_lib.ps1'
[0.663s] INFO:colcon.colcon_core.shell:Creating environment descriptor '/home/amejiyo/yolobot/install/interfaces/share/interfaces/hook/ld_library_path_lib.dsv'
[0.664s] INFO:colcon.colcon_core.shell:Creating environment hook '/home/amejiyo/yolobot/install/interfaces/share/interfaces/hook/ld_library_path_lib.sh'
[0.664s] Level 1:colcon.colcon_core.environment:checking '/home/amejiyo/yolobot/install/interfaces/bin'
[0.665s] Level 1:colcon.colcon_core.environment:checking '/home/amejiyo/yolobot/install/interfaces/lib/pkgconfig/interfaces.pc'
[0.665s] Level 1:colcon.colcon_core.environment:checking '/home/amejiyo/yolobot/install/interfaces/lib/python3.8/site-packages'
[0.665s] Level 1:colcon.colcon_core.shell:create_environment_hook('interfaces', 'pythonpath')
[0.665s] INFO:colcon.colcon_core.shell:Creating environment hook '/home/amejiyo/yolobot/install/interfaces/share/interfaces/hook/pythonpath.ps1'
[0.666s] INFO:colcon.colcon_core.shell:Creating environment descriptor '/home/amejiyo/yolobot/install/interfaces/share/interfaces/hook/pythonpath.dsv'
[0.666s] INFO:colcon.colcon_core.shell:Creating environment hook '/home/amejiyo/yolobot/install/interfaces/share/interfaces/hook/pythonpath.sh'
[0.667s] INFO:colcon.colcon_core.shell:Creating package script '/home/amejiyo/yolobot/install/interfaces/share/interfaces/package.ps1'
[0.667s] INFO:colcon.colcon_core.shell:Creating package descriptor '/home/amejiyo/yolobot/install/interfaces/share/interfaces/package.dsv'
[0.668s] INFO:colcon.colcon_core.shell:Creating package script '/home/amejiyo/yolobot/install/interfaces/share/interfaces/package.sh'
[0.668s] INFO:colcon.colcon_core.shell:Creating package script '/home/amejiyo/yolobot/install/interfaces/share/interfaces/package.bash'
[0.669s] INFO:colcon.colcon_core.shell:Creating package script '/home/amejiyo/yolobot/install/interfaces/share/interfaces/package.zsh'
[0.669s] Level 1:colcon.colcon_core.environment:create_file_with_runtime_dependencies(/home/amejiyo/yolobot/install/interfaces/share/colcon-core/packages/interfaces)
[0.723s] Level 1:colcon.colcon_core.environment:create_environment_scripts_only(interfaces)
[0.724s] Level 1:colcon.colcon_core.environment:checking '/home/amejiyo/yolobot/install/interfaces' for CMake module files
[0.725s] Level 1:colcon.colcon_core.environment:checking '/home/amejiyo/yolobot/install/interfaces' for CMake config files
[0.725s] Level 1:colcon.colcon_core.shell:create_environment_hook('interfaces', 'cmake_prefix_path')
[0.725s] INFO:colcon.colcon_core.shell:Creating environment hook '/home/amejiyo/yolobot/install/interfaces/share/interfaces/hook/cmake_prefix_path.ps1'
[0.726s] INFO:colcon.colcon_core.shell:Creating environment descriptor '/home/amejiyo/yolobot/install/interfaces/share/interfaces/hook/cmake_prefix_path.dsv'
[0.726s] INFO:colcon.colcon_core.shell:Creating environment hook '/home/amejiyo/yolobot/install/interfaces/share/interfaces/hook/cmake_prefix_path.sh'
[0.727s] Level 1:colcon.colcon_core.environment:checking '/home/amejiyo/yolobot/install/interfaces/lib'
[0.727s] Level 1:colcon.colcon_core.shell:create_environment_hook('interfaces', 'ld_library_path_lib')
[0.728s] INFO:colcon.colcon_core.shell:Creating environment hook '/home/amejiyo/yolobot/install/interfaces/share/interfaces/hook/ld_library_path_lib.ps1'
[0.728s] INFO:colcon.colcon_core.shell:Creating environment descriptor '/home/amejiyo/yolobot/install/interfaces/share/interfaces/hook/ld_library_path_lib.dsv'
[0.729s] INFO:colcon.colcon_core.shell:Creating environment hook '/home/amejiyo/yolobot/install/interfaces/share/interfaces/hook/ld_library_path_lib.sh'
[0.729s] Level 1:colcon.colcon_core.environment:checking '/home/amejiyo/yolobot/install/interfaces/bin'
[0.729s] Level 1:colcon.colcon_core.environment:checking '/home/amejiyo/yolobot/install/interfaces/lib/pkgconfig/interfaces.pc'
[0.729s] Level 1:colcon.colcon_core.environment:checking '/home/amejiyo/yolobot/install/interfaces/lib/python3.8/site-packages'
[0.730s] Level 1:colcon.colcon_core.shell:create_environment_hook('interfaces', 'pythonpath')
[0.730s] INFO:colcon.colcon_core.shell:Creating environment hook '/home/amejiyo/yolobot/install/interfaces/share/interfaces/hook/pythonpath.ps1'
[0.731s] INFO:colcon.colcon_core.shell:Creating environment descriptor '/home/amejiyo/yolobot/install/interfaces/share/interfaces/hook/pythonpath.dsv'
[0.731s] INFO:colcon.colcon_core.shell:Creating environment hook '/home/amejiyo/yolobot/install/interfaces/share/interfaces/hook/pythonpath.sh'
[0.732s] INFO:colcon.colcon_core.shell:Creating package script '/home/amejiyo/yolobot/install/interfaces/share/interfaces/package.ps1'
[0.733s] INFO:colcon.colcon_core.shell:Creating package descriptor '/home/amejiyo/yolobot/install/interfaces/share/interfaces/package.dsv'
[0.733s] INFO:colcon.colcon_core.shell:Creating package script '/home/amejiyo/yolobot/install/interfaces/share/interfaces/package.sh'
[0.734s] INFO:colcon.colcon_core.shell:Creating package script '/home/amejiyo/yolobot/install/interfaces/share/interfaces/package.bash'
[0.735s] INFO:colcon.colcon_core.shell:Creating package script '/home/amejiyo/yolobot/install/interfaces/share/interfaces/package.zsh'
[0.735s] Level 1:colcon.colcon_core.environment:create_file_with_runtime_dependencies(/home/amejiyo/yolobot/install/interfaces/share/colcon-core/packages/interfaces)
[0.736s] DEBUG:colcon.colcon_parallel_executor.executor.parallel:closing loop
[0.736s] DEBUG:colcon.colcon_parallel_executor.executor.parallel:loop closed
[0.736s] DEBUG:colcon.colcon_parallel_executor.executor.parallel:run_until_complete finished with '0'
[0.736s] DEBUG:colcon.colcon_core.event_reactor:joining thread
[0.747s] INFO:colcon.colcon_core.plugin_system:Skipping extension 'colcon_notification.desktop_notification.terminal_notifier': Not used on non-Darwin systems
[0.747s] INFO:colcon.colcon_core.plugin_system:Skipping extension 'colcon_notification.desktop_notification.win32': Not used on non-Windows systems
[0.747s] INFO:colcon.colcon_notification.desktop_notification:Sending desktop notification using 'notify2'
[0.768s] DEBUG:colcon.colcon_core.event_reactor:joined thread
[0.769s] INFO:colcon.colcon_core.shell:Creating prefix script '/home/amejiyo/yolobot/install/local_setup.ps1'
[0.771s] INFO:colcon.colcon_core.shell:Creating prefix util module '/home/amejiyo/yolobot/install/_local_setup_util_ps1.py'
[0.775s] INFO:colcon.colcon_core.shell:Creating prefix chain script '/home/amejiyo/yolobot/install/setup.ps1'
[0.779s] INFO:colcon.colcon_core.shell:Creating prefix script '/home/amejiyo/yolobot/install/local_setup.sh'
[0.780s] INFO:colcon.colcon_core.shell:Creating prefix util module '/home/amejiyo/yolobot/install/_local_setup_util_sh.py'
[0.781s] INFO:colcon.colcon_core.shell:Creating prefix chain script '/home/amejiyo/yolobot/install/setup.sh'
[0.782s] INFO:colcon.colcon_core.shell:Creating prefix script '/home/amejiyo/yolobot/install/local_setup.bash'
[0.783s] INFO:colcon.colcon_core.shell:Creating prefix chain script '/home/amejiyo/yolobot/install/setup.bash'
[0.785s] INFO:colcon.colcon_core.shell:Creating prefix script '/home/amejiyo/yolobot/install/local_setup.zsh'
[0.786s] INFO:colcon.colcon_core.shell:Creating prefix chain script '/home/amejiyo/yolobot/install/setup.zsh'
