[0.134s] DEBUG:colcon:Command line arguments: ['/usr/bin/colcon', 'build']
[0.134s] DEBUG:colcon:Parsed command line arguments: Namespace(allow_overriding=[], ament_cmake_args=None, base_paths=['.'], build_base='build', catkin_cmake_args=None, catkin_skip_building_tests=False, cmake_args=None, cmake_clean_cache=False, cmake_clean_first=False, cmake_force_configure=False, cmake_target=None, cmake_target_skip_unavailable=False, continue_on_error=False, event_handlers=None, executor='parallel', ignore_user_meta=False, install_base='install', log_base=None, log_level=None, main=<bound method BuildVerb.main of <colcon_core.verb.build.BuildVerb object at 0x7f48974ebb80>>, merge_install=False, metas=['./colcon.meta'], packages_above=None, packages_above_and_dependencies=None, packages_above_depth=None, packages_end=None, packages_ignore=None, packages_ignore_regex=None, packages_select=None, packages_select_build_failed=False, packages_select_by_dep=None, packages_select_regex=None, packages_select_test_failures=False, packages_skip=None, packages_skip_build_finished=False, packages_skip_by_dep=None, packages_skip_regex=None, packages_skip_test_passed=False, packages_skip_up_to=None, packages_start=None, packages_up_to=None, packages_up_to_regex=None, parallel_workers=16, paths=None, symlink_install=False, test_result_base=None, verb_extension=<colcon_core.verb.build.BuildVerb object at 0x7f48974ebb80>, verb_name='build', verb_parser=<colcon_defaults.argument_parser.defaults.DefaultArgumentsDecorator object at 0x7f4897475130>)
[0.160s] Level 1:colcon.colcon_core.package_discovery:discover_packages(colcon_meta) check parameters
[0.160s] Level 1:colcon.colcon_core.package_discovery:discover_packages(recursive) check parameters
[0.160s] Level 1:colcon.colcon_core.package_discovery:discover_packages(ignore) check parameters
[0.160s] Level 1:colcon.colcon_core.package_discovery:discover_packages(path) check parameters
[0.160s] Level 1:colcon.colcon_core.package_discovery:discover_packages(colcon_meta) discover
[0.160s] Level 1:colcon.colcon_core.package_discovery:discover_packages(recursive) discover
[0.160s] INFO:colcon.colcon_core.package_discovery:Crawling recursively for packages in '/home/amejiyo/yolobot'
[0.160s] Level 1:colcon.colcon_core.package_identification:_identify(.) by extensions ['ignore', 'ignore_ament_install']
[0.161s] Level 1:colcon.colcon_core.package_identification:_identify(.) by extension 'ignore'
[0.161s] Level 1:colcon.colcon_core.package_identification:_identify(.) by extension 'ignore_ament_install'
[0.161s] Level 1:colcon.colcon_core.package_identification:_identify(.) by extensions ['colcon_pkg']
[0.161s] Level 1:colcon.colcon_core.package_identification:_identify(.) by extension 'colcon_pkg'
[0.161s] Level 1:colcon.colcon_core.package_identification:_identify(.) by extensions ['colcon_meta']
[0.161s] Level 1:colcon.colcon_core.package_identification:_identify(.) by extension 'colcon_meta'
[0.161s] Level 1:colcon.colcon_core.package_identification:_identify(.) by extensions ['ros']
[0.161s] Level 1:colcon.colcon_core.package_identification:_identify(.) by extension 'ros'
[0.224s] Level 1:colcon.colcon_core.package_identification:_identify(.) by extensions ['cmake', 'python']
[0.224s] Level 1:colcon.colcon_core.package_identification:_identify(.) by extension 'cmake'
[0.224s] Level 1:colcon.colcon_core.package_identification:_identify(.) by extension 'python'
[0.224s] Level 1:colcon.colcon_core.package_identification:_identify(.) by extensions ['python_setup_py']
[0.224s] Level 1:colcon.colcon_core.package_identification:_identify(.) by extension 'python_setup_py'
[0.225s] Level 1:colcon.colcon_core.package_identification:_identify(build) by extensions ['ignore', 'ignore_ament_install']
[0.225s] Level 1:colcon.colcon_core.package_identification:_identify(build) by extension 'ignore'
[0.225s] Level 1:colcon.colcon_core.package_identification:_identify(build) ignored
[0.225s] Level 1:colcon.colcon_core.package_identification:_identify(install) by extensions ['ignore', 'ignore_ament_install']
[0.225s] Level 1:colcon.colcon_core.package_identification:_identify(install) by extension 'ignore'
[0.225s] Level 1:colcon.colcon_core.package_identification:_identify(install) ignored
[0.225s] Level 1:colcon.colcon_core.package_identification:_identify(log) by extensions ['ignore', 'ignore_ament_install']
[0.225s] Level 1:colcon.colcon_core.package_identification:_identify(log) by extension 'ignore'
[0.225s] Level 1:colcon.colcon_core.package_identification:_identify(log) ignored
[0.225s] Level 1:colcon.colcon_core.package_identification:_identify(src) by extensions ['ignore', 'ignore_ament_install']
[0.226s] Level 1:colcon.colcon_core.package_identification:_identify(src) by extension 'ignore'
[0.226s] Level 1:colcon.colcon_core.package_identification:_identify(src) by extension 'ignore_ament_install'
[0.226s] Level 1:colcon.colcon_core.package_identification:_identify(src) by extensions ['colcon_pkg']
[0.226s] Level 1:colcon.colcon_core.package_identification:_identify(src) by extension 'colcon_pkg'
[0.226s] Level 1:colcon.colcon_core.package_identification:_identify(src) by extensions ['colcon_meta']
[0.226s] Level 1:colcon.colcon_core.package_identification:_identify(src) by extension 'colcon_meta'
[0.226s] Level 1:colcon.colcon_core.package_identification:_identify(src) by extensions ['ros']
[0.226s] Level 1:colcon.colcon_core.package_identification:_identify(src) by extension 'ros'
[0.226s] Level 1:colcon.colcon_core.package_identification:_identify(src) by extensions ['cmake', 'python']
[0.226s] Level 1:colcon.colcon_core.package_identification:_identify(src) by extension 'cmake'
[0.226s] Level 1:colcon.colcon_core.package_identification:_identify(src) by extension 'python'
[0.226s] Level 1:colcon.colcon_core.package_identification:_identify(src) by extensions ['python_setup_py']
[0.226s] Level 1:colcon.colcon_core.package_identification:_identify(src) by extension 'python_setup_py'
[0.226s] Level 1:colcon.colcon_core.package_identification:_identify(src/interfaces) by extensions ['ignore', 'ignore_ament_install']
[0.226s] Level 1:colcon.colcon_core.package_identification:_identify(src/interfaces) by extension 'ignore'
[0.226s] Level 1:colcon.colcon_core.package_identification:_identify(src/interfaces) by extension 'ignore_ament_install'
[0.227s] Level 1:colcon.colcon_core.package_identification:_identify(src/interfaces) by extensions ['colcon_pkg']
[0.227s] Level 1:colcon.colcon_core.package_identification:_identify(src/interfaces) by extension 'colcon_pkg'
[0.227s] Level 1:colcon.colcon_core.package_identification:_identify(src/interfaces) by extensions ['colcon_meta']
[0.227s] Level 1:colcon.colcon_core.package_identification:_identify(src/interfaces) by extension 'colcon_meta'
[0.227s] Level 1:colcon.colcon_core.package_identification:_identify(src/interfaces) by extensions ['ros']
[0.227s] Level 1:colcon.colcon_core.package_identification:_identify(src/interfaces) by extension 'ros'
[0.228s] DEBUG:colcon.colcon_core.package_identification:Package 'src/interfaces' with type 'ros.ament_cmake' and name 'interfaces'
[0.229s] Level 1:colcon.colcon_core.package_identification:_identify(src/yolobot_control) by extensions ['ignore', 'ignore_ament_install']
[0.229s] Level 1:colcon.colcon_core.package_identification:_identify(src/yolobot_control) by extension 'ignore'
[0.229s] Level 1:colcon.colcon_core.package_identification:_identify(src/yolobot_control) by extension 'ignore_ament_install'
[0.229s] Level 1:colcon.colcon_core.package_identification:_identify(src/yolobot_control) by extensions ['colcon_pkg']
[0.229s] Level 1:colcon.colcon_core.package_identification:_identify(src/yolobot_control) by extension 'colcon_pkg'
[0.229s] Level 1:colcon.colcon_core.package_identification:_identify(src/yolobot_control) by extensions ['colcon_meta']
[0.229s] Level 1:colcon.colcon_core.package_identification:_identify(src/yolobot_control) by extension 'colcon_meta'
[0.229s] Level 1:colcon.colcon_core.package_identification:_identify(src/yolobot_control) by extensions ['ros']
[0.229s] Level 1:colcon.colcon_core.package_identification:_identify(src/yolobot_control) by extension 'ros'
[0.230s] DEBUG:colcon.colcon_core.package_identification:Package 'src/yolobot_control' with type 'ros.ament_cmake' and name 'yolobot_control'
[0.230s] Level 1:colcon.colcon_core.package_identification:_identify(src/yolobot_description) by extensions ['ignore', 'ignore_ament_install']
[0.230s] Level 1:colcon.colcon_core.package_identification:_identify(src/yolobot_description) by extension 'ignore'
[0.230s] Level 1:colcon.colcon_core.package_identification:_identify(src/yolobot_description) by extension 'ignore_ament_install'
[0.230s] Level 1:colcon.colcon_core.package_identification:_identify(src/yolobot_description) by extensions ['colcon_pkg']
[0.230s] Level 1:colcon.colcon_core.package_identification:_identify(src/yolobot_description) by extension 'colcon_pkg'
[0.230s] Level 1:colcon.colcon_core.package_identification:_identify(src/yolobot_description) by extensions ['colcon_meta']
[0.230s] Level 1:colcon.colcon_core.package_identification:_identify(src/yolobot_description) by extension 'colcon_meta'
[0.230s] Level 1:colcon.colcon_core.package_identification:_identify(src/yolobot_description) by extensions ['ros']
[0.230s] Level 1:colcon.colcon_core.package_identification:_identify(src/yolobot_description) by extension 'ros'
[0.230s] DEBUG:colcon.colcon_core.package_identification:Package 'src/yolobot_description' with type 'ros.ament_cmake' and name 'yolobot_description'
[0.231s] Level 1:colcon.colcon_core.package_identification:_identify(src/yolobot_gazebo) by extensions ['ignore', 'ignore_ament_install']
[0.231s] Level 1:colcon.colcon_core.package_identification:_identify(src/yolobot_gazebo) by extension 'ignore'
[0.231s] Level 1:colcon.colcon_core.package_identification:_identify(src/yolobot_gazebo) by extension 'ignore_ament_install'
[0.231s] Level 1:colcon.colcon_core.package_identification:_identify(src/yolobot_gazebo) by extensions ['colcon_pkg']
[0.231s] Level 1:colcon.colcon_core.package_identification:_identify(src/yolobot_gazebo) by extension 'colcon_pkg'
[0.231s] Level 1:colcon.colcon_core.package_identification:_identify(src/yolobot_gazebo) by extensions ['colcon_meta']
[0.231s] Level 1:colcon.colcon_core.package_identification:_identify(src/yolobot_gazebo) by extension 'colcon_meta'
[0.231s] Level 1:colcon.colcon_core.package_identification:_identify(src/yolobot_gazebo) by extensions ['ros']
[0.231s] Level 1:colcon.colcon_core.package_identification:_identify(src/yolobot_gazebo) by extension 'ros'
[0.231s] DEBUG:colcon.colcon_core.package_identification:Package 'src/yolobot_gazebo' with type 'ros.ament_cmake' and name 'yolobot_gazebo'
[0.231s] Level 1:colcon.colcon_core.package_identification:_identify(src/yolobot_recognition) by extensions ['ignore', 'ignore_ament_install']
[0.231s] Level 1:colcon.colcon_core.package_identification:_identify(src/yolobot_recognition) by extension 'ignore'
[0.231s] Level 1:colcon.colcon_core.package_identification:_identify(src/yolobot_recognition) by extension 'ignore_ament_install'
[0.232s] Level 1:colcon.colcon_core.package_identification:_identify(src/yolobot_recognition) by extensions ['colcon_pkg']
[0.232s] Level 1:colcon.colcon_core.package_identification:_identify(src/yolobot_recognition) by extension 'colcon_pkg'
[0.232s] Level 1:colcon.colcon_core.package_identification:_identify(src/yolobot_recognition) by extensions ['colcon_meta']
[0.232s] Level 1:colcon.colcon_core.package_identification:_identify(src/yolobot_recognition) by extension 'colcon_meta'
[0.232s] Level 1:colcon.colcon_core.package_identification:_identify(src/yolobot_recognition) by extensions ['ros']
[0.232s] Level 1:colcon.colcon_core.package_identification:_identify(src/yolobot_recognition) by extension 'ros'
[0.232s] DEBUG:colcon.colcon_core.package_identification:Package 'src/yolobot_recognition' with type 'ros.ament_python' and name 'yolobot_recognition'
[0.232s] Level 1:colcon.colcon_core.package_discovery:discover_packages(recursive) using defaults
[0.232s] Level 1:colcon.colcon_core.package_discovery:discover_packages(ignore) discover
[0.232s] Level 1:colcon.colcon_core.package_discovery:discover_packages(ignore) using defaults
[0.232s] Level 1:colcon.colcon_core.package_discovery:discover_packages(path) discover
[0.232s] Level 1:colcon.colcon_core.package_discovery:discover_packages(path) using defaults
[0.251s] Level 1:colcon.colcon_core.package_discovery:discover_packages(prefix_path) check parameters
[0.251s] Level 1:colcon.colcon_core.package_discovery:discover_packages(prefix_path) discover
[0.254s] DEBUG:colcon.colcon_installed_package_information.package_discovery:Found 5 installed packages in /home/amejiyo/yolobot/install
[0.255s] DEBUG:colcon.colcon_installed_package_information.package_discovery:Found 17 installed packages in /home/amejiyo/ros2_ws/install
[0.257s] DEBUG:colcon.colcon_installed_package_information.package_discovery:Found 270 installed packages in /opt/ros/foxy
[0.259s] Level 1:colcon.colcon_core.package_discovery:discover_packages(prefix_path) using defaults
[0.326s] Level 5:colcon.colcon_core.verb:set package 'interfaces' build argument 'cmake_args' from command line to 'None'
[0.326s] Level 5:colcon.colcon_core.verb:set package 'interfaces' build argument 'cmake_target' from command line to 'None'
[0.326s] Level 5:colcon.colcon_core.verb:set package 'interfaces' build argument 'cmake_target_skip_unavailable' from command line to 'False'
[0.326s] Level 5:colcon.colcon_core.verb:set package 'interfaces' build argument 'cmake_clean_cache' from command line to 'False'
[0.326s] Level 5:colcon.colcon_core.verb:set package 'interfaces' build argument 'cmake_clean_first' from command line to 'False'
[0.326s] Level 5:colcon.colcon_core.verb:set package 'interfaces' build argument 'cmake_force_configure' from command line to 'False'
[0.327s] Level 5:colcon.colcon_core.verb:set package 'interfaces' build argument 'ament_cmake_args' from command line to 'None'
[0.327s] Level 5:colcon.colcon_core.verb:set package 'interfaces' build argument 'catkin_cmake_args' from command line to 'None'
[0.327s] Level 5:colcon.colcon_core.verb:set package 'interfaces' build argument 'catkin_skip_building_tests' from command line to 'False'
[0.327s] DEBUG:colcon.colcon_core.verb:Building package 'interfaces' with the following arguments: {'ament_cmake_args': None, 'build_base': '/home/amejiyo/yolobot/build/interfaces', 'catkin_cmake_args': None, 'catkin_skip_building_tests': False, 'cmake_args': None, 'cmake_clean_cache': False, 'cmake_clean_first': False, 'cmake_force_configure': False, 'cmake_target': None, 'cmake_target_skip_unavailable': False, 'install_base': '/home/amejiyo/yolobot/install/interfaces', 'merge_install': False, 'path': '/home/amejiyo/yolobot/src/interfaces', 'symlink_install': False, 'test_result_base': None}
[0.327s] Level 5:colcon.colcon_core.verb:set package 'yolobot_control' build argument 'cmake_args' from command line to 'None'
[0.328s] Level 5:colcon.colcon_core.verb:set package 'yolobot_control' build argument 'cmake_target' from command line to 'None'
[0.328s] Level 5:colcon.colcon_core.verb:set package 'yolobot_control' build argument 'cmake_target_skip_unavailable' from command line to 'False'
[0.328s] Level 5:colcon.colcon_core.verb:set package 'yolobot_control' build argument 'cmake_clean_cache' from command line to 'False'
[0.328s] Level 5:colcon.colcon_core.verb:set package 'yolobot_control' build argument 'cmake_clean_first' from command line to 'False'
[0.328s] Level 5:colcon.colcon_core.verb:set package 'yolobot_control' build argument 'cmake_force_configure' from command line to 'False'
[0.328s] Level 5:colcon.colcon_core.verb:set package 'yolobot_control' build argument 'ament_cmake_args' from command line to 'None'
[0.328s] Level 5:colcon.colcon_core.verb:set package 'yolobot_control' build argument 'catkin_cmake_args' from command line to 'None'
[0.328s] Level 5:colcon.colcon_core.verb:set package 'yolobot_control' build argument 'catkin_skip_building_tests' from command line to 'False'
[0.328s] DEBUG:colcon.colcon_core.verb:Building package 'yolobot_control' with the following arguments: {'ament_cmake_args': None, 'build_base': '/home/amejiyo/yolobot/build/yolobot_control', 'catkin_cmake_args': None, 'catkin_skip_building_tests': False, 'cmake_args': None, 'cmake_clean_cache': False, 'cmake_clean_first': False, 'cmake_force_configure': False, 'cmake_target': None, 'cmake_target_skip_unavailable': False, 'install_base': '/home/amejiyo/yolobot/install/yolobot_control', 'merge_install': False, 'path': '/home/amejiyo/yolobot/src/yolobot_control', 'symlink_install': False, 'test_result_base': None}
[0.329s] Level 5:colcon.colcon_core.verb:set package 'yolobot_description' build argument 'cmake_args' from command line to 'None'
[0.329s] Level 5:colcon.colcon_core.verb:set package 'yolobot_description' build argument 'cmake_target' from command line to 'None'
[0.329s] Level 5:colcon.colcon_core.verb:set package 'yolobot_description' build argument 'cmake_target_skip_unavailable' from command line to 'False'
[0.329s] Level 5:colcon.colcon_core.verb:set package 'yolobot_description' build argument 'cmake_clean_cache' from command line to 'False'
[0.329s] Level 5:colcon.colcon_core.verb:set package 'yolobot_description' build argument 'cmake_clean_first' from command line to 'False'
[0.329s] Level 5:colcon.colcon_core.verb:set package 'yolobot_description' build argument 'cmake_force_configure' from command line to 'False'
[0.329s] Level 5:colcon.colcon_core.verb:set package 'yolobot_description' build argument 'ament_cmake_args' from command line to 'None'
[0.329s] Level 5:colcon.colcon_core.verb:set package 'yolobot_description' build argument 'catkin_cmake_args' from command line to 'None'
[0.329s] Level 5:colcon.colcon_core.verb:set package 'yolobot_description' build argument 'catkin_skip_building_tests' from command line to 'False'
[0.329s] DEBUG:colcon.colcon_core.verb:Building package 'yolobot_description' with the following arguments: {'ament_cmake_args': None, 'build_base': '/home/amejiyo/yolobot/build/yolobot_description', 'catkin_cmake_args': None, 'catkin_skip_building_tests': False, 'cmake_args': None, 'cmake_clean_cache': False, 'cmake_clean_first': False, 'cmake_force_configure': False, 'cmake_target': None, 'cmake_target_skip_unavailable': False, 'install_base': '/home/amejiyo/yolobot/install/yolobot_description', 'merge_install': False, 'path': '/home/amejiyo/yolobot/src/yolobot_description', 'symlink_install': False, 'test_result_base': None}
[0.330s] Level 5:colcon.colcon_core.verb:set package 'yolobot_gazebo' build argument 'cmake_args' from command line to 'None'
[0.330s] Level 5:colcon.colcon_core.verb:set package 'yolobot_gazebo' build argument 'cmake_target' from command line to 'None'
[0.330s] Level 5:colcon.colcon_core.verb:set package 'yolobot_gazebo' build argument 'cmake_target_skip_unavailable' from command line to 'False'
[0.330s] Level 5:colcon.colcon_core.verb:set package 'yolobot_gazebo' build argument 'cmake_clean_cache' from command line to 'False'
[0.330s] Level 5:colcon.colcon_core.verb:set package 'yolobot_gazebo' build argument 'cmake_clean_first' from command line to 'False'
[0.330s] Level 5:colcon.colcon_core.verb:set package 'yolobot_gazebo' build argument 'cmake_force_configure' from command line to 'False'
[0.330s] Level 5:colcon.colcon_core.verb:set package 'yolobot_gazebo' build argument 'ament_cmake_args' from command line to 'None'
[0.330s] Level 5:colcon.colcon_core.verb:set package 'yolobot_gazebo' build argument 'catkin_cmake_args' from command line to 'None'
[0.330s] Level 5:colcon.colcon_core.verb:set package 'yolobot_gazebo' build argument 'catkin_skip_building_tests' from command line to 'False'
[0.330s] DEBUG:colcon.colcon_core.verb:Building package 'yolobot_gazebo' with the following arguments: {'ament_cmake_args': None, 'build_base': '/home/amejiyo/yolobot/build/yolobot_gazebo', 'catkin_cmake_args': None, 'catkin_skip_building_tests': False, 'cmake_args': None, 'cmake_clean_cache': False, 'cmake_clean_first': False, 'cmake_force_configure': False, 'cmake_target': None, 'cmake_target_skip_unavailable': False, 'install_base': '/home/amejiyo/yolobot/install/yolobot_gazebo', 'merge_install': False, 'path': '/home/amejiyo/yolobot/src/yolobot_gazebo', 'symlink_install': False, 'test_result_base': None}
[0.331s] Level 5:colcon.colcon_core.verb:set package 'yolobot_recognition' build argument 'cmake_args' from command line to 'None'
[0.332s] Level 5:colcon.colcon_core.verb:set package 'yolobot_recognition' build argument 'cmake_target' from command line to 'None'
[0.332s] Level 5:colcon.colcon_core.verb:set package 'yolobot_recognition' build argument 'cmake_target_skip_unavailable' from command line to 'False'
[0.332s] Level 5:colcon.colcon_core.verb:set package 'yolobot_recognition' build argument 'cmake_clean_cache' from command line to 'False'
[0.332s] Level 5:colcon.colcon_core.verb:set package 'yolobot_recognition' build argument 'cmake_clean_first' from command line to 'False'
[0.332s] Level 5:colcon.colcon_core.verb:set package 'yolobot_recognition' build argument 'cmake_force_configure' from command line to 'False'
[0.332s] Level 5:colcon.colcon_core.verb:set package 'yolobot_recognition' build argument 'ament_cmake_args' from command line to 'None'
[0.332s] Level 5:colcon.colcon_core.verb:set package 'yolobot_recognition' build argument 'catkin_cmake_args' from command line to 'None'
[0.332s] Level 5:colcon.colcon_core.verb:set package 'yolobot_recognition' build argument 'catkin_skip_building_tests' from command line to 'False'
[0.332s] DEBUG:colcon.colcon_core.verb:Building package 'yolobot_recognition' with the following arguments: {'ament_cmake_args': None, 'build_base': '/home/amejiyo/yolobot/build/yolobot_recognition', 'catkin_cmake_args': None, 'catkin_skip_building_tests': False, 'cmake_args': None, 'cmake_clean_cache': False, 'cmake_clean_first': False, 'cmake_force_configure': False, 'cmake_target': None, 'cmake_target_skip_unavailable': False, 'install_base': '/home/amejiyo/yolobot/install/yolobot_recognition', 'merge_install': False, 'path': '/home/amejiyo/yolobot/src/yolobot_recognition', 'symlink_install': False, 'test_result_base': None}
[0.332s] INFO:colcon.colcon_core.executor:Executing jobs using 'parallel' executor
[0.334s] DEBUG:colcon.colcon_parallel_executor.executor.parallel:run_until_complete
[0.334s] INFO:colcon.colcon_ros.task.ament_cmake.build:Building ROS package in '/home/amejiyo/yolobot/src/interfaces' with build type 'ament_cmake'
[0.335s] INFO:colcon.colcon_cmake.task.cmake.build:Building CMake package in '/home/amejiyo/yolobot/src/interfaces'
[0.339s] INFO:colcon.colcon_core.plugin_system:Skipping extension 'colcon_core.shell.bat': Not used on non-Windows systems
[0.339s] INFO:colcon.colcon_core.shell:Skip shell extension 'powershell' for command environment: Not usable outside of PowerShell
[0.339s] DEBUG:colcon.colcon_core.shell:Skip shell extension 'dsv' for command environment
[0.347s] INFO:colcon.colcon_ros.task.ament_cmake.build:Building ROS package in '/home/amejiyo/yolobot/src/yolobot_control' with build type 'ament_cmake'
[0.347s] INFO:colcon.colcon_cmake.task.cmake.build:Building CMake package in '/home/amejiyo/yolobot/src/yolobot_control'
[0.348s] INFO:colcon.colcon_core.shell:Skip shell extension 'powershell' for command environment: Not usable outside of PowerShell
[0.348s] DEBUG:colcon.colcon_core.shell:Skip shell extension 'dsv' for command environment
[0.355s] INFO:colcon.colcon_ros.task.ament_cmake.build:Building ROS package in '/home/amejiyo/yolobot/src/yolobot_description' with build type 'ament_cmake'
[0.356s] INFO:colcon.colcon_cmake.task.cmake.build:Building CMake package in '/home/amejiyo/yolobot/src/yolobot_description'
[0.357s] INFO:colcon.colcon_core.shell:Skip shell extension 'powershell' for command environment: Not usable outside of PowerShell
[0.357s] DEBUG:colcon.colcon_core.shell:Skip shell extension 'dsv' for command environment
[0.365s] INFO:colcon.colcon_ros.task.ament_cmake.build:Building ROS package in '/home/amejiyo/yolobot/src/yolobot_gazebo' with build type 'ament_cmake'
[0.366s] INFO:colcon.colcon_cmake.task.cmake.build:Building CMake package in '/home/amejiyo/yolobot/src/yolobot_gazebo'
[0.367s] INFO:colcon.colcon_core.shell:Skip shell extension 'powershell' for command environment: Not usable outside of PowerShell
[0.367s] DEBUG:colcon.colcon_core.shell:Skip shell extension 'dsv' for command environment
[0.375s] INFO:colcon.colcon_ros.task.ament_python.build:Building ROS package in '/home/amejiyo/yolobot/src/yolobot_recognition' with build type 'ament_python'
[0.375s] Level 1:colcon.colcon_core.shell:create_environment_hook('yolobot_recognition', 'ament_prefix_path')
[0.376s] INFO:colcon.colcon_core.shell:Creating environment hook '/home/amejiyo/yolobot/install/yolobot_recognition/share/yolobot_recognition/hook/ament_prefix_path.ps1'
[0.377s] INFO:colcon.colcon_core.shell:Creating environment descriptor '/home/amejiyo/yolobot/install/yolobot_recognition/share/yolobot_recognition/hook/ament_prefix_path.dsv'
[0.379s] INFO:colcon.colcon_core.shell:Creating environment hook '/home/amejiyo/yolobot/install/yolobot_recognition/share/yolobot_recognition/hook/ament_prefix_path.sh'
[0.381s] INFO:colcon.colcon_core.shell:Skip shell extension 'powershell' for command environment: Not usable outside of PowerShell
[0.381s] DEBUG:colcon.colcon_core.shell:Skip shell extension 'dsv' for command environment
[0.392s] DEBUG:colcon.colcon_core.event_handler.log_command:Invoking command in '/home/amejiyo/yolobot/build/interfaces': CMAKE_PREFIX_PATH=${CMAKE_PREFIX_PATH}:/home/amejiyo/ros2_ws/install/py_pubsub:/home/amejiyo/ros2_ws/install/opencv_tests:/home/amejiyo/ros2_ws/install/detection:/home/amejiyo/yolobot/install/yolobot_recognition:/opt/ros/foxy /usr/bin/cmake --build /home/amejiyo/yolobot/build/interfaces -- -j16 -l16
[0.402s] DEBUG:colcon.colcon_core.event_handler.log_command:Invoking command in '/home/amejiyo/yolobot/build/yolobot_control': CMAKE_PREFIX_PATH=${CMAKE_PREFIX_PATH}:/home/amejiyo/ros2_ws/install/py_pubsub:/home/amejiyo/ros2_ws/install/opencv_tests:/home/amejiyo/ros2_ws/install/detection:/home/amejiyo/yolobot/install/yolobot_recognition:/opt/ros/foxy /usr/bin/cmake --build /home/amejiyo/yolobot/build/yolobot_control -- -j16 -l16
[0.407s] DEBUG:colcon.colcon_core.event_handler.log_command:Invoking command in '/home/amejiyo/yolobot/build/yolobot_description': CMAKE_PREFIX_PATH=${CMAKE_PREFIX_PATH}:/home/amejiyo/ros2_ws/install/py_pubsub:/home/amejiyo/ros2_ws/install/opencv_tests:/home/amejiyo/ros2_ws/install/detection:/home/amejiyo/yolobot/install/yolobot_recognition:/opt/ros/foxy /usr/bin/cmake --build /home/amejiyo/yolobot/build/yolobot_description -- -j16 -l16
[0.413s] DEBUG:colcon.colcon_core.event_handler.log_command:Invoking command in '/home/amejiyo/yolobot/build/yolobot_gazebo': CMAKE_PREFIX_PATH=${CMAKE_PREFIX_PATH}:/home/amejiyo/ros2_ws/install/py_pubsub:/home/amejiyo/ros2_ws/install/opencv_tests:/home/amejiyo/ros2_ws/install/detection:/home/amejiyo/yolobot/install/yolobot_recognition:/opt/ros/foxy /usr/bin/cmake --build /home/amejiyo/yolobot/build/yolobot_gazebo -- -j16 -l16
[0.692s] INFO:colcon.colcon_core.task.python.build:Building Python package in '/home/amejiyo/yolobot/src/yolobot_recognition'
[0.693s] INFO:colcon.colcon_core.shell:Skip shell extension 'powershell' for command environment: Not usable outside of PowerShell
[0.693s] DEBUG:colcon.colcon_core.shell:Skip shell extension 'dsv' for command environment
[0.704s] DEBUG:colcon.colcon_core.event_handler.log_command:Invoked command in '/home/amejiyo/yolobot/build/yolobot_control' returned '0': CMAKE_PREFIX_PATH=${CMAKE_PREFIX_PATH}:/home/amejiyo/ros2_ws/install/py_pubsub:/home/amejiyo/ros2_ws/install/opencv_tests:/home/amejiyo/ros2_ws/install/detection:/home/amejiyo/yolobot/install/yolobot_recognition:/opt/ros/foxy /usr/bin/cmake --build /home/amejiyo/yolobot/build/yolobot_control -- -j16 -l16
[0.709s] DEBUG:colcon.colcon_core.event_handler.log_command:Invoked command in '/home/amejiyo/yolobot/build/yolobot_description' returned '0': CMAKE_PREFIX_PATH=${CMAKE_PREFIX_PATH}:/home/amejiyo/ros2_ws/install/py_pubsub:/home/amejiyo/ros2_ws/install/opencv_tests:/home/amejiyo/ros2_ws/install/detection:/home/amejiyo/yolobot/install/yolobot_recognition:/opt/ros/foxy /usr/bin/cmake --build /home/amejiyo/yolobot/build/yolobot_description -- -j16 -l16
[0.711s] DEBUG:colcon.colcon_core.event_handler.log_command:Invoked command in '/home/amejiyo/yolobot/build/yolobot_gazebo' returned '0': CMAKE_PREFIX_PATH=${CMAKE_PREFIX_PATH}:/home/amejiyo/ros2_ws/install/py_pubsub:/home/amejiyo/ros2_ws/install/opencv_tests:/home/amejiyo/ros2_ws/install/detection:/home/amejiyo/yolobot/install/yolobot_recognition:/opt/ros/foxy /usr/bin/cmake --build /home/amejiyo/yolobot/build/yolobot_gazebo -- -j16 -l16
[0.719s] DEBUG:colcon.colcon_core.event_handler.log_command:Invoked command in '/home/amejiyo/yolobot/build/interfaces' returned '0': CMAKE_PREFIX_PATH=${CMAKE_PREFIX_PATH}:/home/amejiyo/ros2_ws/install/py_pubsub:/home/amejiyo/ros2_ws/install/opencv_tests:/home/amejiyo/ros2_ws/install/detection:/home/amejiyo/yolobot/install/yolobot_recognition:/opt/ros/foxy /usr/bin/cmake --build /home/amejiyo/yolobot/build/interfaces -- -j16 -l16
[0.747s] DEBUG:colcon.colcon_core.event_handler.log_command:Invoking command in '/home/amejiyo/yolobot/build/yolobot_control': CMAKE_PREFIX_PATH=${CMAKE_PREFIX_PATH}:/home/amejiyo/ros2_ws/install/py_pubsub:/home/amejiyo/ros2_ws/install/opencv_tests:/home/amejiyo/ros2_ws/install/detection:/home/amejiyo/yolobot/install/yolobot_recognition:/opt/ros/foxy /usr/bin/cmake --install /home/amejiyo/yolobot/build/yolobot_control
[0.752s] DEBUG:colcon.colcon_core.event_handler.log_command:Invoking command in '/home/amejiyo/yolobot/build/yolobot_description': CMAKE_PREFIX_PATH=${CMAKE_PREFIX_PATH}:/home/amejiyo/ros2_ws/install/py_pubsub:/home/amejiyo/ros2_ws/install/opencv_tests:/home/amejiyo/ros2_ws/install/detection:/home/amejiyo/yolobot/install/yolobot_recognition:/opt/ros/foxy /usr/bin/cmake --install /home/amejiyo/yolobot/build/yolobot_description
[0.756s] DEBUG:colcon.colcon_core.event_handler.log_command:Invoking command in '/home/amejiyo/yolobot/build/yolobot_gazebo': CMAKE_PREFIX_PATH=${CMAKE_PREFIX_PATH}:/home/amejiyo/ros2_ws/install/py_pubsub:/home/amejiyo/ros2_ws/install/opencv_tests:/home/amejiyo/ros2_ws/install/detection:/home/amejiyo/yolobot/install/yolobot_recognition:/opt/ros/foxy /usr/bin/cmake --install /home/amejiyo/yolobot/build/yolobot_gazebo
[0.761s] Level 1:colcon.colcon_core.environment:create_environment_scripts_only(yolobot_control)
[0.767s] DEBUG:colcon.colcon_core.event_handler.log_command:Invoked command in '/home/amejiyo/yolobot/build/yolobot_control' returned '0': CMAKE_PREFIX_PATH=${CMAKE_PREFIX_PATH}:/home/amejiyo/ros2_ws/install/py_pubsub:/home/amejiyo/ros2_ws/install/opencv_tests:/home/amejiyo/ros2_ws/install/detection:/home/amejiyo/yolobot/install/yolobot_recognition:/opt/ros/foxy /usr/bin/cmake --install /home/amejiyo/yolobot/build/yolobot_control
[0.771s] Level 1:colcon.colcon_core.environment:checking '/home/amejiyo/yolobot/install/yolobot_control' for CMake module files
[0.773s] Level 1:colcon.colcon_core.environment:checking '/home/amejiyo/yolobot/install/yolobot_control' for CMake config files
[0.774s] Level 1:colcon.colcon_core.shell:create_environment_hook('yolobot_control', 'cmake_prefix_path')
[0.775s] INFO:colcon.colcon_core.shell:Creating environment hook '/home/amejiyo/yolobot/install/yolobot_control/share/yolobot_control/hook/cmake_prefix_path.ps1'
[0.776s] INFO:colcon.colcon_core.shell:Creating environment descriptor '/home/amejiyo/yolobot/install/yolobot_control/share/yolobot_control/hook/cmake_prefix_path.dsv'
[0.776s] INFO:colcon.colcon_core.shell:Creating environment hook '/home/amejiyo/yolobot/install/yolobot_control/share/yolobot_control/hook/cmake_prefix_path.sh'
[0.778s] Level 1:colcon.colcon_core.environment:checking '/home/amejiyo/yolobot/install/yolobot_control/lib'
[0.778s] Level 1:colcon.colcon_core.environment:checking '/home/amejiyo/yolobot/install/yolobot_control/bin'
[0.779s] Level 1:colcon.colcon_core.environment:checking '/home/amejiyo/yolobot/install/yolobot_control/lib/pkgconfig/yolobot_control.pc'
[0.779s] Level 1:colcon.colcon_core.environment:checking '/home/amejiyo/yolobot/install/yolobot_control/lib/python3.8/site-packages'
[0.780s] INFO:colcon.colcon_core.shell:Creating package script '/home/amejiyo/yolobot/install/yolobot_control/share/yolobot_control/package.ps1'
[0.780s] INFO:colcon.colcon_core.shell:Creating package descriptor '/home/amejiyo/yolobot/install/yolobot_control/share/yolobot_control/package.dsv'
[0.781s] INFO:colcon.colcon_core.shell:Creating package script '/home/amejiyo/yolobot/install/yolobot_control/share/yolobot_control/package.sh'
[0.782s] INFO:colcon.colcon_core.shell:Creating package script '/home/amejiyo/yolobot/install/yolobot_control/share/yolobot_control/package.bash'
[0.783s] INFO:colcon.colcon_core.shell:Creating package script '/home/amejiyo/yolobot/install/yolobot_control/share/yolobot_control/package.zsh'
[0.783s] Level 1:colcon.colcon_core.environment:create_file_with_runtime_dependencies(/home/amejiyo/yolobot/install/yolobot_control/share/colcon-core/packages/yolobot_control)
[0.790s] DEBUG:colcon.colcon_core.event_handler.log_command:Invoking command in '/home/amejiyo/yolobot/build/interfaces': CMAKE_PREFIX_PATH=${CMAKE_PREFIX_PATH}:/home/amejiyo/ros2_ws/install/py_pubsub:/home/amejiyo/ros2_ws/install/opencv_tests:/home/amejiyo/ros2_ws/install/detection:/home/amejiyo/yolobot/install/yolobot_recognition:/opt/ros/foxy /usr/bin/cmake --install /home/amejiyo/yolobot/build/interfaces
[0.792s] Level 1:colcon.colcon_core.environment:create_environment_scripts_only(yolobot_description)
[0.794s] Level 1:colcon.colcon_core.environment:checking '/home/amejiyo/yolobot/install/yolobot_description' for CMake module files
[0.796s] DEBUG:colcon.colcon_core.event_handler.log_command:Invoked command in '/home/amejiyo/yolobot/build/yolobot_description' returned '0': CMAKE_PREFIX_PATH=${CMAKE_PREFIX_PATH}:/home/amejiyo/ros2_ws/install/py_pubsub:/home/amejiyo/ros2_ws/install/opencv_tests:/home/amejiyo/ros2_ws/install/detection:/home/amejiyo/yolobot/install/yolobot_recognition:/opt/ros/foxy /usr/bin/cmake --install /home/amejiyo/yolobot/build/yolobot_description
[0.796s] Level 1:colcon.colcon_core.environment:checking '/home/amejiyo/yolobot/install/yolobot_description' for CMake config files
[0.796s] Level 1:colcon.colcon_core.shell:create_environment_hook('yolobot_description', 'cmake_prefix_path')
[0.797s] INFO:colcon.colcon_core.shell:Creating environment hook '/home/amejiyo/yolobot/install/yolobot_description/share/yolobot_description/hook/cmake_prefix_path.ps1'
[0.798s] INFO:colcon.colcon_core.shell:Creating environment descriptor '/home/amejiyo/yolobot/install/yolobot_description/share/yolobot_description/hook/cmake_prefix_path.dsv'
[0.798s] INFO:colcon.colcon_core.shell:Creating environment hook '/home/amejiyo/yolobot/install/yolobot_description/share/yolobot_description/hook/cmake_prefix_path.sh'
[0.799s] Level 1:colcon.colcon_core.environment:checking '/home/amejiyo/yolobot/install/yolobot_description/lib'
[0.799s] Level 1:colcon.colcon_core.environment:checking '/home/amejiyo/yolobot/install/yolobot_description/bin'
[0.799s] Level 1:colcon.colcon_core.environment:checking '/home/amejiyo/yolobot/install/yolobot_description/lib/pkgconfig/yolobot_description.pc'
[0.799s] Level 1:colcon.colcon_core.environment:checking '/home/amejiyo/yolobot/install/yolobot_description/lib/python3.8/site-packages'
[0.800s] INFO:colcon.colcon_core.shell:Creating package script '/home/amejiyo/yolobot/install/yolobot_description/share/yolobot_description/package.ps1'
[0.800s] INFO:colcon.colcon_core.shell:Creating package descriptor '/home/amejiyo/yolobot/install/yolobot_description/share/yolobot_description/package.dsv'
[0.801s] INFO:colcon.colcon_core.shell:Creating package script '/home/amejiyo/yolobot/install/yolobot_description/share/yolobot_description/package.sh'
[0.801s] INFO:colcon.colcon_core.shell:Creating package script '/home/amejiyo/yolobot/install/yolobot_description/share/yolobot_description/package.bash'
[0.802s] INFO:colcon.colcon_core.shell:Creating package script '/home/amejiyo/yolobot/install/yolobot_description/share/yolobot_description/package.zsh'
[0.802s] Level 1:colcon.colcon_core.environment:create_file_with_runtime_dependencies(/home/amejiyo/yolobot/install/yolobot_description/share/colcon-core/packages/yolobot_description)
[0.805s] Level 1:colcon.colcon_core.environment:create_environment_scripts_only(yolobot_gazebo)
[0.806s] Level 1:colcon.colcon_core.environment:checking '/home/amejiyo/yolobot/install/yolobot_gazebo' for CMake module files
[0.809s] Level 1:colcon.colcon_core.environment:checking '/home/amejiyo/yolobot/install/yolobot_gazebo' for CMake config files
[0.810s] Level 1:colcon.colcon_core.shell:create_environment_hook('yolobot_gazebo', 'cmake_prefix_path')
[0.811s] INFO:colcon.colcon_core.shell:Creating environment hook '/home/amejiyo/yolobot/install/yolobot_gazebo/share/yolobot_gazebo/hook/cmake_prefix_path.ps1'
[0.812s] INFO:colcon.colcon_core.shell:Creating environment descriptor '/home/amejiyo/yolobot/install/yolobot_gazebo/share/yolobot_gazebo/hook/cmake_prefix_path.dsv'
[0.813s] INFO:colcon.colcon_core.shell:Creating environment hook '/home/amejiyo/yolobot/install/yolobot_gazebo/share/yolobot_gazebo/hook/cmake_prefix_path.sh'
[0.814s] Level 1:colcon.colcon_core.environment:checking '/home/amejiyo/yolobot/install/yolobot_gazebo/bin'
[0.814s] Level 1:colcon.colcon_core.environment:checking '/home/amejiyo/yolobot/install/yolobot_gazebo/lib/pkgconfig/yolobot_gazebo.pc'
[0.815s] Level 1:colcon.colcon_core.environment:checking '/home/amejiyo/yolobot/install/yolobot_gazebo/lib/python3.8/site-packages'
[0.815s] INFO:colcon.colcon_core.shell:Creating package script '/home/amejiyo/yolobot/install/yolobot_gazebo/share/yolobot_gazebo/package.ps1'
[0.816s] DEBUG:colcon.colcon_core.event_handler.log_command:Invoked command in '/home/amejiyo/yolobot/build/yolobot_gazebo' returned '0': CMAKE_PREFIX_PATH=${CMAKE_PREFIX_PATH}:/home/amejiyo/ros2_ws/install/py_pubsub:/home/amejiyo/ros2_ws/install/opencv_tests:/home/amejiyo/ros2_ws/install/detection:/home/amejiyo/yolobot/install/yolobot_recognition:/opt/ros/foxy /usr/bin/cmake --install /home/amejiyo/yolobot/build/yolobot_gazebo
[0.817s] INFO:colcon.colcon_core.shell:Creating package descriptor '/home/amejiyo/yolobot/install/yolobot_gazebo/share/yolobot_gazebo/package.dsv'
[0.817s] INFO:colcon.colcon_core.shell:Creating package script '/home/amejiyo/yolobot/install/yolobot_gazebo/share/yolobot_gazebo/package.sh'
[0.818s] INFO:colcon.colcon_core.shell:Creating package script '/home/amejiyo/yolobot/install/yolobot_gazebo/share/yolobot_gazebo/package.bash'
[0.819s] INFO:colcon.colcon_core.shell:Creating package script '/home/amejiyo/yolobot/install/yolobot_gazebo/share/yolobot_gazebo/package.zsh'
[0.820s] Level 1:colcon.colcon_core.environment:create_file_with_runtime_dependencies(/home/amejiyo/yolobot/install/yolobot_gazebo/share/colcon-core/packages/yolobot_gazebo)
[0.826s] Level 1:colcon.colcon_core.environment:create_environment_scripts_only(yolobot_control)
[0.827s] Level 1:colcon.colcon_core.environment:checking '/home/amejiyo/yolobot/install/yolobot_control' for CMake module files
[0.828s] Level 1:colcon.colcon_core.environment:checking '/home/amejiyo/yolobot/install/yolobot_control' for CMake config files
[0.828s] Level 1:colcon.colcon_core.shell:create_environment_hook('yolobot_control', 'cmake_prefix_path')
[0.828s] INFO:colcon.colcon_core.shell:Creating environment hook '/home/amejiyo/yolobot/install/yolobot_control/share/yolobot_control/hook/cmake_prefix_path.ps1'
[0.829s] INFO:colcon.colcon_core.shell:Creating environment descriptor '/home/amejiyo/yolobot/install/yolobot_control/share/yolobot_control/hook/cmake_prefix_path.dsv'
[0.830s] INFO:colcon.colcon_core.shell:Creating environment hook '/home/amejiyo/yolobot/install/yolobot_control/share/yolobot_control/hook/cmake_prefix_path.sh'
[0.830s] Level 1:colcon.colcon_core.environment:checking '/home/amejiyo/yolobot/install/yolobot_control/lib'
[0.830s] Level 1:colcon.colcon_core.environment:checking '/home/amejiyo/yolobot/install/yolobot_control/bin'
[0.831s] Level 1:colcon.colcon_core.environment:checking '/home/amejiyo/yolobot/install/yolobot_control/lib/pkgconfig/yolobot_control.pc'
[0.831s] Level 1:colcon.colcon_core.environment:checking '/home/amejiyo/yolobot/install/yolobot_control/lib/python3.8/site-packages'
[0.831s] INFO:colcon.colcon_core.shell:Creating package script '/home/amejiyo/yolobot/install/yolobot_control/share/yolobot_control/package.ps1'
[0.832s] INFO:colcon.colcon_core.shell:Creating package descriptor '/home/amejiyo/yolobot/install/yolobot_control/share/yolobot_control/package.dsv'
[0.832s] INFO:colcon.colcon_core.shell:Creating package script '/home/amejiyo/yolobot/install/yolobot_control/share/yolobot_control/package.sh'
[0.833s] INFO:colcon.colcon_core.shell:Creating package script '/home/amejiyo/yolobot/install/yolobot_control/share/yolobot_control/package.bash'
[0.833s] INFO:colcon.colcon_core.shell:Creating package script '/home/amejiyo/yolobot/install/yolobot_control/share/yolobot_control/package.zsh'
[0.834s] Level 1:colcon.colcon_core.environment:create_file_with_runtime_dependencies(/home/amejiyo/yolobot/install/yolobot_control/share/colcon-core/packages/yolobot_control)
[0.836s] Level 1:colcon.colcon_core.environment:create_environment_scripts_only(yolobot_description)
[0.837s] Level 1:colcon.colcon_core.environment:checking '/home/amejiyo/yolobot/install/yolobot_description' for CMake module files
[0.838s] Level 1:colcon.colcon_core.environment:checking '/home/amejiyo/yolobot/install/yolobot_description' for CMake config files
[0.838s] Level 1:colcon.colcon_core.shell:create_environment_hook('yolobot_description', 'cmake_prefix_path')
[0.839s] INFO:colcon.colcon_core.shell:Creating environment hook '/home/amejiyo/yolobot/install/yolobot_description/share/yolobot_description/hook/cmake_prefix_path.ps1'
[0.839s] INFO:colcon.colcon_core.shell:Creating environment descriptor '/home/amejiyo/yolobot/install/yolobot_description/share/yolobot_description/hook/cmake_prefix_path.dsv'
[0.840s] INFO:colcon.colcon_core.shell:Creating environment hook '/home/amejiyo/yolobot/install/yolobot_description/share/yolobot_description/hook/cmake_prefix_path.sh'
[0.840s] Level 1:colcon.colcon_core.environment:checking '/home/amejiyo/yolobot/install/yolobot_description/lib'
[0.841s] Level 1:colcon.colcon_core.environment:checking '/home/amejiyo/yolobot/install/yolobot_description/bin'
[0.841s] Level 1:colcon.colcon_core.environment:checking '/home/amejiyo/yolobot/install/yolobot_description/lib/pkgconfig/yolobot_description.pc'
[0.841s] Level 1:colcon.colcon_core.environment:checking '/home/amejiyo/yolobot/install/yolobot_description/lib/python3.8/site-packages'
[0.842s] INFO:colcon.colcon_core.shell:Creating package script '/home/amejiyo/yolobot/install/yolobot_description/share/yolobot_description/package.ps1'
[0.843s] INFO:colcon.colcon_core.shell:Creating package descriptor '/home/amejiyo/yolobot/install/yolobot_description/share/yolobot_description/package.dsv'
[0.843s] INFO:colcon.colcon_core.shell:Creating package script '/home/amejiyo/yolobot/install/yolobot_description/share/yolobot_description/package.sh'
[0.844s] INFO:colcon.colcon_core.shell:Creating package script '/home/amejiyo/yolobot/install/yolobot_description/share/yolobot_description/package.bash'
[0.844s] INFO:colcon.colcon_core.shell:Creating package script '/home/amejiyo/yolobot/install/yolobot_description/share/yolobot_description/package.zsh'
[0.845s] Level 1:colcon.colcon_core.environment:create_file_with_runtime_dependencies(/home/amejiyo/yolobot/install/yolobot_description/share/colcon-core/packages/yolobot_description)
[0.847s] Level 1:colcon.colcon_core.environment:create_environment_scripts_only(yolobot_gazebo)
[0.849s] Level 1:colcon.colcon_core.environment:checking '/home/amejiyo/yolobot/install/yolobot_gazebo' for CMake module files
[0.850s] Level 1:colcon.colcon_core.environment:checking '/home/amejiyo/yolobot/install/yolobot_gazebo' for CMake config files
[0.850s] Level 1:colcon.colcon_core.shell:create_environment_hook('yolobot_gazebo', 'cmake_prefix_path')
[0.851s] INFO:colcon.colcon_core.shell:Creating environment hook '/home/amejiyo/yolobot/install/yolobot_gazebo/share/yolobot_gazebo/hook/cmake_prefix_path.ps1'
[0.851s] INFO:colcon.colcon_core.shell:Creating environment descriptor '/home/amejiyo/yolobot/install/yolobot_gazebo/share/yolobot_gazebo/hook/cmake_prefix_path.dsv'
[0.852s] INFO:colcon.colcon_core.shell:Creating environment hook '/home/amejiyo/yolobot/install/yolobot_gazebo/share/yolobot_gazebo/hook/cmake_prefix_path.sh'
[0.853s] Level 1:colcon.colcon_core.environment:checking '/home/amejiyo/yolobot/install/yolobot_gazebo/bin'
[0.853s] Level 1:colcon.colcon_core.environment:checking '/home/amejiyo/yolobot/install/yolobot_gazebo/lib/pkgconfig/yolobot_gazebo.pc'
[0.853s] Level 1:colcon.colcon_core.environment:checking '/home/amejiyo/yolobot/install/yolobot_gazebo/lib/python3.8/site-packages'
[0.854s] INFO:colcon.colcon_core.shell:Creating package script '/home/amejiyo/yolobot/install/yolobot_gazebo/share/yolobot_gazebo/package.ps1'
[0.855s] INFO:colcon.colcon_core.shell:Creating package descriptor '/home/amejiyo/yolobot/install/yolobot_gazebo/share/yolobot_gazebo/package.dsv'
[0.857s] INFO:colcon.colcon_core.shell:Creating package script '/home/amejiyo/yolobot/install/yolobot_gazebo/share/yolobot_gazebo/package.sh'
[0.858s] INFO:colcon.colcon_core.shell:Creating package script '/home/amejiyo/yolobot/install/yolobot_gazebo/share/yolobot_gazebo/package.bash'
[0.859s] INFO:colcon.colcon_core.shell:Creating package script '/home/amejiyo/yolobot/install/yolobot_gazebo/share/yolobot_gazebo/package.zsh'
[0.860s] Level 1:colcon.colcon_core.environment:create_file_with_runtime_dependencies(/home/amejiyo/yolobot/install/yolobot_gazebo/share/colcon-core/packages/yolobot_gazebo)
[0.863s] Level 1:colcon.colcon_core.environment:create_environment_scripts_only(interfaces)
[0.864s] Level 1:colcon.colcon_core.environment:checking '/home/amejiyo/yolobot/install/interfaces' for CMake module files
[0.864s] DEBUG:colcon.colcon_core.event_handler.log_command:Invoked command in '/home/amejiyo/yolobot/build/interfaces' returned '0': CMAKE_PREFIX_PATH=${CMAKE_PREFIX_PATH}:/home/amejiyo/ros2_ws/install/py_pubsub:/home/amejiyo/ros2_ws/install/opencv_tests:/home/amejiyo/ros2_ws/install/detection:/home/amejiyo/yolobot/install/yolobot_recognition:/opt/ros/foxy /usr/bin/cmake --install /home/amejiyo/yolobot/build/interfaces
[0.865s] Level 1:colcon.colcon_core.environment:checking '/home/amejiyo/yolobot/install/interfaces' for CMake config files
[0.865s] Level 1:colcon.colcon_core.shell:create_environment_hook('interfaces', 'cmake_prefix_path')
[0.866s] INFO:colcon.colcon_core.shell:Creating environment hook '/home/amejiyo/yolobot/install/interfaces/share/interfaces/hook/cmake_prefix_path.ps1'
[0.866s] INFO:colcon.colcon_core.shell:Creating environment descriptor '/home/amejiyo/yolobot/install/interfaces/share/interfaces/hook/cmake_prefix_path.dsv'
[0.866s] INFO:colcon.colcon_core.shell:Creating environment hook '/home/amejiyo/yolobot/install/interfaces/share/interfaces/hook/cmake_prefix_path.sh'
[0.867s] Level 1:colcon.colcon_core.environment:checking '/home/amejiyo/yolobot/install/interfaces/lib'
[0.867s] Level 1:colcon.colcon_core.shell:create_environment_hook('interfaces', 'ld_library_path_lib')
[0.867s] INFO:colcon.colcon_core.shell:Creating environment hook '/home/amejiyo/yolobot/install/interfaces/share/interfaces/hook/ld_library_path_lib.ps1'
[0.867s] INFO:colcon.colcon_core.shell:Creating environment descriptor '/home/amejiyo/yolobot/install/interfaces/share/interfaces/hook/ld_library_path_lib.dsv'
[0.868s] INFO:colcon.colcon_core.shell:Creating environment hook '/home/amejiyo/yolobot/install/interfaces/share/interfaces/hook/ld_library_path_lib.sh'
[0.868s] Level 1:colcon.colcon_core.environment:checking '/home/amejiyo/yolobot/install/interfaces/bin'
[0.868s] Level 1:colcon.colcon_core.environment:checking '/home/amejiyo/yolobot/install/interfaces/lib/pkgconfig/interfaces.pc'
[0.868s] Level 1:colcon.colcon_core.environment:checking '/home/amejiyo/yolobot/install/interfaces/lib/python3.8/site-packages'
[0.868s] Level 1:colcon.colcon_core.shell:create_environment_hook('interfaces', 'pythonpath')
[0.869s] INFO:colcon.colcon_core.shell:Creating environment hook '/home/amejiyo/yolobot/install/interfaces/share/interfaces/hook/pythonpath.ps1'
[0.869s] INFO:colcon.colcon_core.shell:Creating environment descriptor '/home/amejiyo/yolobot/install/interfaces/share/interfaces/hook/pythonpath.dsv'
[0.870s] INFO:colcon.colcon_core.shell:Creating environment hook '/home/amejiyo/yolobot/install/interfaces/share/interfaces/hook/pythonpath.sh'
[0.871s] INFO:colcon.colcon_core.shell:Creating package script '/home/amejiyo/yolobot/install/interfaces/share/interfaces/package.ps1'
[0.871s] INFO:colcon.colcon_core.shell:Creating package descriptor '/home/amejiyo/yolobot/install/interfaces/share/interfaces/package.dsv'
[0.872s] INFO:colcon.colcon_core.shell:Creating package script '/home/amejiyo/yolobot/install/interfaces/share/interfaces/package.sh'
[0.872s] INFO:colcon.colcon_core.shell:Creating package script '/home/amejiyo/yolobot/install/interfaces/share/interfaces/package.bash'
[0.873s] INFO:colcon.colcon_core.shell:Creating package script '/home/amejiyo/yolobot/install/interfaces/share/interfaces/package.zsh'
[0.873s] Level 1:colcon.colcon_core.environment:create_file_with_runtime_dependencies(/home/amejiyo/yolobot/install/interfaces/share/colcon-core/packages/interfaces)
[0.936s] Level 1:colcon.colcon_core.environment:create_environment_scripts_only(interfaces)
[0.937s] Level 1:colcon.colcon_core.environment:checking '/home/amejiyo/yolobot/install/interfaces' for CMake module files
[0.938s] Level 1:colcon.colcon_core.environment:checking '/home/amejiyo/yolobot/install/interfaces' for CMake config files
[0.938s] Level 1:colcon.colcon_core.shell:create_environment_hook('interfaces', 'cmake_prefix_path')
[0.939s] INFO:colcon.colcon_core.shell:Creating environment hook '/home/amejiyo/yolobot/install/interfaces/share/interfaces/hook/cmake_prefix_path.ps1'
[0.940s] INFO:colcon.colcon_core.shell:Creating environment descriptor '/home/amejiyo/yolobot/install/interfaces/share/interfaces/hook/cmake_prefix_path.dsv'
[0.941s] INFO:colcon.colcon_core.shell:Creating environment hook '/home/amejiyo/yolobot/install/interfaces/share/interfaces/hook/cmake_prefix_path.sh'
[0.941s] Level 1:colcon.colcon_core.environment:checking '/home/amejiyo/yolobot/install/interfaces/lib'
[0.941s] Level 1:colcon.colcon_core.shell:create_environment_hook('interfaces', 'ld_library_path_lib')
[0.942s] INFO:colcon.colcon_core.shell:Creating environment hook '/home/amejiyo/yolobot/install/interfaces/share/interfaces/hook/ld_library_path_lib.ps1'
[0.943s] INFO:colcon.colcon_core.shell:Creating environment descriptor '/home/amejiyo/yolobot/install/interfaces/share/interfaces/hook/ld_library_path_lib.dsv'
[0.943s] INFO:colcon.colcon_core.shell:Creating environment hook '/home/amejiyo/yolobot/install/interfaces/share/interfaces/hook/ld_library_path_lib.sh'
[0.943s] Level 1:colcon.colcon_core.environment:checking '/home/amejiyo/yolobot/install/interfaces/bin'
[0.943s] Level 1:colcon.colcon_core.environment:checking '/home/amejiyo/yolobot/install/interfaces/lib/pkgconfig/interfaces.pc'
[0.943s] Level 1:colcon.colcon_core.environment:checking '/home/amejiyo/yolobot/install/interfaces/lib/python3.8/site-packages'
[0.944s] Level 1:colcon.colcon_core.shell:create_environment_hook('interfaces', 'pythonpath')
[0.944s] INFO:colcon.colcon_core.shell:Creating environment hook '/home/amejiyo/yolobot/install/interfaces/share/interfaces/hook/pythonpath.ps1'
[0.944s] INFO:colcon.colcon_core.shell:Creating environment descriptor '/home/amejiyo/yolobot/install/interfaces/share/interfaces/hook/pythonpath.dsv'
[0.945s] INFO:colcon.colcon_core.shell:Creating environment hook '/home/amejiyo/yolobot/install/interfaces/share/interfaces/hook/pythonpath.sh'
[0.946s] INFO:colcon.colcon_core.shell:Creating package script '/home/amejiyo/yolobot/install/interfaces/share/interfaces/package.ps1'
[0.946s] INFO:colcon.colcon_core.shell:Creating package descriptor '/home/amejiyo/yolobot/install/interfaces/share/interfaces/package.dsv'
[0.947s] INFO:colcon.colcon_core.shell:Creating package script '/home/amejiyo/yolobot/install/interfaces/share/interfaces/package.sh'
[0.947s] INFO:colcon.colcon_core.shell:Creating package script '/home/amejiyo/yolobot/install/interfaces/share/interfaces/package.bash'
[0.947s] INFO:colcon.colcon_core.shell:Creating package script '/home/amejiyo/yolobot/install/interfaces/share/interfaces/package.zsh'
[0.948s] Level 1:colcon.colcon_core.environment:create_file_with_runtime_dependencies(/home/amejiyo/yolobot/install/interfaces/share/colcon-core/packages/interfaces)
[1.212s] DEBUG:colcon.colcon_core.event_handler.log_command:Invoking command in '/home/amejiyo/yolobot/src/yolobot_recognition': PYTHONPATH=/home/amejiyo/yolobot/install/yolobot_recognition/lib/python3.8/site-packages:${PYTHONPATH} /usr/bin/python3 setup.py egg_info --egg-base ../../build/yolobot_recognition build --build-base /home/amejiyo/yolobot/build/yolobot_recognition/build install --prefix /home/amejiyo/yolobot/install/yolobot_recognition --record /home/amejiyo/yolobot/build/yolobot_recognition/install.log --single-version-externally-managed
[1.574s] Level 1:colcon.colcon_core.environment:checking '/home/amejiyo/yolobot/install/yolobot_recognition' for CMake module files
[1.575s] DEBUG:colcon.colcon_core.event_handler.log_command:Invoked command in '/home/amejiyo/yolobot/src/yolobot_recognition' returned '0': PYTHONPATH=/home/amejiyo/yolobot/install/yolobot_recognition/lib/python3.8/site-packages:${PYTHONPATH} /usr/bin/python3 setup.py egg_info --egg-base ../../build/yolobot_recognition build --build-base /home/amejiyo/yolobot/build/yolobot_recognition/build install --prefix /home/amejiyo/yolobot/install/yolobot_recognition --record /home/amejiyo/yolobot/build/yolobot_recognition/install.log --single-version-externally-managed
[1.575s] Level 1:colcon.colcon_core.environment:checking '/home/amejiyo/yolobot/install/yolobot_recognition' for CMake config files
[1.576s] Level 1:colcon.colcon_core.environment:checking '/home/amejiyo/yolobot/install/yolobot_recognition/lib'
[1.576s] Level 1:colcon.colcon_core.environment:checking '/home/amejiyo/yolobot/install/yolobot_recognition/bin'
[1.576s] Level 1:colcon.colcon_core.environment:checking '/home/amejiyo/yolobot/install/yolobot_recognition/lib/pkgconfig/yolobot_recognition.pc'
[1.576s] Level 1:colcon.colcon_core.environment:checking '/home/amejiyo/yolobot/install/yolobot_recognition/lib/python3.8/site-packages'
[1.576s] Level 1:colcon.colcon_core.shell:create_environment_hook('yolobot_recognition', 'pythonpath')
[1.577s] INFO:colcon.colcon_core.shell:Creating environment hook '/home/amejiyo/yolobot/install/yolobot_recognition/share/yolobot_recognition/hook/pythonpath.ps1'
[1.578s] INFO:colcon.colcon_core.shell:Creating environment descriptor '/home/amejiyo/yolobot/install/yolobot_recognition/share/yolobot_recognition/hook/pythonpath.dsv'
[1.579s] INFO:colcon.colcon_core.shell:Creating environment hook '/home/amejiyo/yolobot/install/yolobot_recognition/share/yolobot_recognition/hook/pythonpath.sh'
[1.579s] Level 1:colcon.colcon_core.environment:create_environment_scripts_only(yolobot_recognition)
[1.580s] INFO:colcon.colcon_core.shell:Creating package script '/home/amejiyo/yolobot/install/yolobot_recognition/share/yolobot_recognition/package.ps1'
[1.581s] INFO:colcon.colcon_core.shell:Creating package descriptor '/home/amejiyo/yolobot/install/yolobot_recognition/share/yolobot_recognition/package.dsv'
[1.581s] INFO:colcon.colcon_core.shell:Creating package script '/home/amejiyo/yolobot/install/yolobot_recognition/share/yolobot_recognition/package.sh'
[1.582s] INFO:colcon.colcon_core.shell:Creating package script '/home/amejiyo/yolobot/install/yolobot_recognition/share/yolobot_recognition/package.bash'
[1.582s] INFO:colcon.colcon_core.shell:Creating package script '/home/amejiyo/yolobot/install/yolobot_recognition/share/yolobot_recognition/package.zsh'
[1.582s] Level 1:colcon.colcon_core.environment:create_file_with_runtime_dependencies(/home/amejiyo/yolobot/install/yolobot_recognition/share/colcon-core/packages/yolobot_recognition)
[1.583s] DEBUG:colcon.colcon_parallel_executor.executor.parallel:closing loop
[1.583s] DEBUG:colcon.colcon_parallel_executor.executor.parallel:loop closed
[1.583s] DEBUG:colcon.colcon_parallel_executor.executor.parallel:run_until_complete finished with '0'
[1.584s] DEBUG:colcon.colcon_core.event_reactor:joining thread
[1.591s] INFO:colcon.colcon_core.plugin_system:Skipping extension 'colcon_notification.desktop_notification.terminal_notifier': Not used on non-Darwin systems
[1.591s] INFO:colcon.colcon_core.plugin_system:Skipping extension 'colcon_notification.desktop_notification.win32': Not used on non-Windows systems
[1.591s] INFO:colcon.colcon_notification.desktop_notification:Sending desktop notification using 'notify2'
[1.615s] DEBUG:colcon.colcon_core.event_reactor:joined thread
[1.616s] INFO:colcon.colcon_core.shell:Creating prefix script '/home/amejiyo/yolobot/install/local_setup.ps1'
[1.617s] INFO:colcon.colcon_core.shell:Creating prefix util module '/home/amejiyo/yolobot/install/_local_setup_util_ps1.py'
[1.619s] INFO:colcon.colcon_core.shell:Creating prefix chain script '/home/amejiyo/yolobot/install/setup.ps1'
[1.622s] INFO:colcon.colcon_core.shell:Creating prefix script '/home/amejiyo/yolobot/install/local_setup.sh'
[1.623s] INFO:colcon.colcon_core.shell:Creating prefix util module '/home/amejiyo/yolobot/install/_local_setup_util_sh.py'
[1.624s] INFO:colcon.colcon_core.shell:Creating prefix chain script '/home/amejiyo/yolobot/install/setup.sh'
[1.627s] INFO:colcon.colcon_core.shell:Creating prefix script '/home/amejiyo/yolobot/install/local_setup.bash'
[1.627s] INFO:colcon.colcon_core.shell:Creating prefix chain script '/home/amejiyo/yolobot/install/setup.bash'
[1.630s] INFO:colcon.colcon_core.shell:Creating prefix script '/home/amejiyo/yolobot/install/local_setup.zsh'
[1.631s] INFO:colcon.colcon_core.shell:Creating prefix chain script '/home/amejiyo/yolobot/install/setup.zsh'
