[0.060s] Invoking command in '/home/amejiyo/GitHub/502/detection/build/yolobot_control': CMAKE_PREFIX_PATH=/home/amejiyo/GitHub/502/detection/install/yolobot_recognition:/home/amejiyo/GitHub/502/detection/install/yolobot_gazebo:/home/amejiyo/GitHub/502/detection/install/yolobot_description:/home/amejiyo/GitHub/502/detection/install/yolobot_control:/home/amejiyo/GitHub/502/detection/install/yolobot_detection:/opt/ros/foxy:/home/amejiyo/GitHub/502/detection/install/realsense_gazebo_plugin:/home/amejiyo/GitHub/502/detection/install/interfaces /usr/bin/cmake --build /home/amejiyo/GitHub/502/detection/build/yolobot_control -- -j16 -l16
[0.336s] Invoked command in '/home/amejiyo/GitHub/502/detection/build/yolobot_control' returned '0': CMAKE_PREFIX_PATH=/home/amejiyo/GitHub/502/detection/install/yolobot_recognition:/home/amejiyo/GitHub/502/detection/install/yolobot_gazebo:/home/amejiyo/GitHub/502/detection/install/yolobot_description:/home/amejiyo/GitHub/502/detection/install/yolobot_control:/home/amejiyo/GitHub/502/detection/install/yolobot_detection:/opt/ros/foxy:/home/amejiyo/GitHub/502/detection/install/realsense_gazebo_plugin:/home/amejiyo/GitHub/502/detection/install/interfaces /usr/bin/cmake --build /home/amejiyo/GitHub/502/detection/build/yolobot_control -- -j16 -l16
[0.373s] Invoking command in '/home/amejiyo/GitHub/502/detection/build/yolobot_control': CMAKE_PREFIX_PATH=/home/amejiyo/GitHub/502/detection/install/yolobot_recognition:/home/amejiyo/GitHub/502/detection/install/yolobot_gazebo:/home/amejiyo/GitHub/502/detection/install/yolobot_description:/home/amejiyo/GitHub/502/detection/install/yolobot_control:/home/amejiyo/GitHub/502/detection/install/yolobot_detection:/opt/ros/foxy:/home/amejiyo/GitHub/502/detection/install/realsense_gazebo_plugin:/home/amejiyo/GitHub/502/detection/install/interfaces /usr/bin/cmake --install /home/amejiyo/GitHub/502/detection/build/yolobot_control
[0.384s] -- Install configuration: ""
[0.387s] -- Up-to-date: /home/amejiyo/GitHub/502/detection/install/yolobot_control/share/yolobot_control//scripts
[0.388s] -- Up-to-date: /home/amejiyo/GitHub/502/detection/install/yolobot_control/share/yolobot_control//scripts/robot_control.py
[0.388s] -- Up-to-date: /home/amejiyo/GitHub/502/detection/install/yolobot_control/share/yolobot_control//launch
[0.388s] -- Up-to-date: /home/amejiyo/GitHub/502/detection/install/yolobot_control/share/yolobot_control//launch/yolobot_control.launch.py
[0.388s] -- Up-to-date: /home/amejiyo/GitHub/502/detection/install/yolobot_control/lib/yolobot_control/robot_control.py
[0.389s] -- Up-to-date: /home/amejiyo/GitHub/502/detection/install/yolobot_control/lib/yolobot_control/yolobot_control.launch.py
[0.392s] -- Up-to-date: /home/amejiyo/GitHub/502/detection/install/yolobot_control/share/ament_index/resource_index/package_run_dependencies/yolobot_control
[0.392s] -- Up-to-date: /home/amejiyo/GitHub/502/detection/install/yolobot_control/share/ament_index/resource_index/parent_prefix_path/yolobot_control
[0.393s] -- Up-to-date: /home/amejiyo/GitHub/502/detection/install/yolobot_control/share/yolobot_control/environment/ament_prefix_path.sh
[0.393s] -- Up-to-date: /home/amejiyo/GitHub/502/detection/install/yolobot_control/share/yolobot_control/environment/ament_prefix_path.dsv
[0.394s] -- Up-to-date: /home/amejiyo/GitHub/502/detection/install/yolobot_control/share/yolobot_control/environment/path.sh
[0.394s] -- Up-to-date: /home/amejiyo/GitHub/502/detection/install/yolobot_control/share/yolobot_control/environment/path.dsv
[0.395s] -- Up-to-date: /home/amejiyo/GitHub/502/detection/install/yolobot_control/share/yolobot_control/local_setup.bash
[0.396s] -- Up-to-date: /home/amejiyo/GitHub/502/detection/install/yolobot_control/share/yolobot_control/local_setup.sh
[0.396s] -- Up-to-date: /home/amejiyo/GitHub/502/detection/install/yolobot_control/share/yolobot_control/local_setup.zsh
[0.396s] -- Up-to-date: /home/amejiyo/GitHub/502/detection/install/yolobot_control/share/yolobot_control/local_setup.dsv
[0.396s] -- Installing: /home/amejiyo/GitHub/502/detection/install/yolobot_control/share/yolobot_control/package.dsv
[0.397s] -- Up-to-date: /home/amejiyo/GitHub/502/detection/install/yolobot_control/share/ament_index/resource_index/packages/yolobot_control
[0.397s] -- Up-to-date: /home/amejiyo/GitHub/502/detection/install/yolobot_control/share/yolobot_control/cmake/yolobot_controlConfig.cmake
[0.397s] -- Up-to-date: /home/amejiyo/GitHub/502/detection/install/yolobot_control/share/yolobot_control/cmake/yolobot_controlConfig-version.cmake
[0.397s] -- Up-to-date: /home/amejiyo/GitHub/502/detection/install/yolobot_control/share/yolobot_control/package.xml
[0.402s] Invoked command in '/home/amejiyo/GitHub/502/detection/build/yolobot_control' returned '0': CMAKE_PREFIX_PATH=/home/amejiyo/GitHub/502/detection/install/yolobot_recognition:/home/amejiyo/GitHub/502/detection/install/yolobot_gazebo:/home/amejiyo/GitHub/502/detection/install/yolobot_description:/home/amejiyo/GitHub/502/detection/install/yolobot_control:/home/amejiyo/GitHub/502/detection/install/yolobot_detection:/opt/ros/foxy:/home/amejiyo/GitHub/502/detection/install/realsense_gazebo_plugin:/home/amejiyo/GitHub/502/detection/install/interfaces /usr/bin/cmake --install /home/amejiyo/GitHub/502/detection/build/yolobot_control
