[0.990s] Invoking command in '/home/amejiyo/ros2_ws/src/py_pubsub': PYTHONPATH=/home/amejiyo/ros2_ws/install/py_pubsub/lib/python3.8/site-packages:${PYTHONPATH} /usr/bin/python3 setup.py egg_info --egg-base ../../build/py_pubsub build --build-base /home/amejiyo/ros2_ws/build/py_pubsub/build install --prefix /home/amejiyo/ros2_ws/install/py_pubsub --record /home/amejiyo/ros2_ws/build/py_pubsub/install.log --single-version-externally-managed
[1.224s] running egg_info
[1.225s] writing ../../build/py_pubsub/py_pubsub.egg-info/PKG-INFO
[1.225s] writing dependency_links to ../../build/py_pubsub/py_pubsub.egg-info/dependency_links.txt
[1.225s] writing entry points to ../../build/py_pubsub/py_pubsub.egg-info/entry_points.txt
[1.225s] writing requirements to ../../build/py_pubsub/py_pubsub.egg-info/requires.txt
[1.225s] writing top-level names to ../../build/py_pubsub/py_pubsub.egg-info/top_level.txt
[1.259s] reading manifest file '../../build/py_pubsub/py_pubsub.egg-info/SOURCES.txt'
[1.260s] writing manifest file '../../build/py_pubsub/py_pubsub.egg-info/SOURCES.txt'
[1.260s] running build
[1.260s] running build_py
[1.260s] running install
[1.261s] running install_lib
[1.262s] running install_data
[1.263s] running install_egg_info
[1.265s] removing '/home/amejiyo/ros2_ws/install/py_pubsub/lib/python3.8/site-packages/py_pubsub-0.0.0-py3.8.egg-info' (and everything under it)
[1.265s] Copying ../../build/py_pubsub/py_pubsub.egg-info to /home/amejiyo/ros2_ws/install/py_pubsub/lib/python3.8/site-packages/py_pubsub-0.0.0-py3.8.egg-info
[1.265s] running install_scripts
[1.282s] Installing listener script to /home/amejiyo/ros2_ws/install/py_pubsub/lib/py_pubsub
[1.282s] Installing talker script to /home/amejiyo/ros2_ws/install/py_pubsub/lib/py_pubsub
[1.283s] writing list of installed files to '/home/amejiyo/ros2_ws/build/py_pubsub/install.log'
[1.323s] Invoked command in '/home/amejiyo/ros2_ws/src/py_pubsub' returned '0': PYTHONPATH=/home/amejiyo/ros2_ws/install/py_pubsub/lib/python3.8/site-packages:${PYTHONPATH} /usr/bin/python3 setup.py egg_info --egg-base ../../build/py_pubsub build --build-base /home/amejiyo/ros2_ws/build/py_pubsub/build install --prefix /home/amejiyo/ros2_ws/install/py_pubsub --record /home/amejiyo/ros2_ws/build/py_pubsub/install.log --single-version-externally-managed
