[1.036s] Invoking command in '/home/amejiyo/ros2_ws/src/detection': PYTHONPATH=/home/amejiyo/ros2_ws/install/detection/lib/python3.8/site-packages:${PYTHONPATH} /usr/bin/python3 setup.py egg_info --egg-base ../../build/detection build --build-base /home/amejiyo/ros2_ws/build/detection/build install --prefix /home/amejiyo/ros2_ws/install/detection --record /home/amejiyo/ros2_ws/build/detection/install.log --single-version-externally-managed
[1.274s] running egg_info
[1.275s] writing ../../build/detection/detection.egg-info/PKG-INFO
[1.275s] writing dependency_links to ../../build/detection/detection.egg-info/dependency_links.txt
[1.276s] writing entry points to ../../build/detection/detection.egg-info/entry_points.txt
[1.276s] writing requirements to ../../build/detection/detection.egg-info/requires.txt
[1.276s] writing top-level names to ../../build/detection/detection.egg-info/top_level.txt
[1.308s] package init file 'detection/detection_lib/__init__.py' not found (or not a regular file)
[1.309s] reading manifest file '../../build/detection/detection.egg-info/SOURCES.txt'
[1.310s] writing manifest file '../../build/detection/detection.egg-info/SOURCES.txt'
[1.310s] running build
[1.310s] running build_py
[1.310s] running install
[1.312s] running install_lib
[1.313s] running install_data
[1.314s] running install_egg_info
[1.316s] removing '/home/amejiyo/ros2_ws/install/detection/lib/python3.8/site-packages/detection-0.0.0-py3.8.egg-info' (and everything under it)
[1.317s] Copying ../../build/detection/detection.egg-info to /home/amejiyo/ros2_ws/install/detection/lib/python3.8/site-packages/detection-0.0.0-py3.8.egg-info
[1.317s] running install_scripts
[1.338s] Installing detect_talker script to /home/amejiyo/ros2_ws/install/detection/lib/detection
[1.338s] writing list of installed files to '/home/amejiyo/ros2_ws/build/detection/install.log'
[1.377s] Invoked command in '/home/amejiyo/ros2_ws/src/detection' returned '0': PYTHONPATH=/home/amejiyo/ros2_ws/install/detection/lib/python3.8/site-packages:${PYTHONPATH} /usr/bin/python3 setup.py egg_info --egg-base ../../build/detection build --build-base /home/amejiyo/ros2_ws/build/detection/build install --prefix /home/amejiyo/ros2_ws/install/detection --record /home/amejiyo/ros2_ws/build/detection/install.log --single-version-externally-managed
