running egg_info
creating ../../build/yolobot_detection/yolobot_detection.egg-info
writing ../../build/yolobot_detection/yolobot_detection.egg-info/PKG-INFO
writing dependency_links to ../../build/yolobot_detection/yolobot_detection.egg-info/dependency_links.txt
writing entry points to ../../build/yolobot_detection/yolobot_detection.egg-info/entry_points.txt
writing requirements to ../../build/yolobot_detection/yolobot_detection.egg-info/requires.txt
writing top-level names to ../../build/yolobot_detection/yolobot_detection.egg-info/top_level.txt
writing manifest file '../../build/yolobot_detection/yolobot_detection.egg-info/SOURCES.txt'
reading manifest file '../../build/yolobot_detection/yolobot_detection.egg-info/SOURCES.txt'
writing manifest file '../../build/yolobot_detection/yolobot_detection.egg-info/SOURCES.txt'
running build
running build_py
creating /home/amejiyo/yolobot/build/yolobot_detection/build
creating /home/amejiyo/yolobot/build/yolobot_detection/build/lib
creating /home/amejiyo/yolobot/build/yolobot_detection/build/lib/yolobot_detection
copying yolobot_detection/detect.py -> /home/amejiyo/yolobot/build/yolobot_detection/build/lib/yolobot_detection
copying yolobot_detection/__init__.py -> /home/amejiyo/yolobot/build/yolobot_detection/build/lib/yolobot_detection
running install
running install_lib
creating /home/amejiyo/yolobot/install/yolobot_detection/lib/python3.8/site-packages/yolobot_detection
copying /home/amejiyo/yolobot/build/yolobot_detection/build/lib/yolobot_detection/detect.py -> /home/amejiyo/yolobot/install/yolobot_detection/lib/python3.8/site-packages/yolobot_detection
copying /home/amejiyo/yolobot/build/yolobot_detection/build/lib/yolobot_detection/__init__.py -> /home/amejiyo/yolobot/install/yolobot_detection/lib/python3.8/site-packages/yolobot_detection
byte-compiling /home/amejiyo/yolobot/install/yolobot_detection/lib/python3.8/site-packages/yolobot_detection/detect.py to detect.cpython-38.pyc
byte-compiling /home/amejiyo/yolobot/install/yolobot_detection/lib/python3.8/site-packages/yolobot_detection/__init__.py to __init__.cpython-38.pyc
running install_data
creating /home/amejiyo/yolobot/install/yolobot_detection/share/ament_index
creating /home/amejiyo/yolobot/install/yolobot_detection/share/ament_index/resource_index
creating /home/amejiyo/yolobot/install/yolobot_detection/share/ament_index/resource_index/packages
error: can't copy 'resource/yolobot_detection': doesn't exist or not a regular file
