[0.318s] Invoking command in '/home/amejiyo/yolobot/build/yolobot_control': CMAKE_PREFIX_PATH=/opt/ros/foxy /usr/bin/cmake --build /home/amejiyo/yolobot/build/yolobot_control -- -j16 -l16
[0.363s] Invoked command in '/home/amejiyo/yolobot/build/yolobot_control' returned '0': CMAKE_PREFIX_PATH=/opt/ros/foxy /usr/bin/cmake --build /home/amejiyo/yolobot/build/yolobot_control -- -j16 -l16
[0.409s] Invoking command in '/home/amejiyo/yolobot/build/yolobot_control': CMAKE_PREFIX_PATH=/opt/ros/foxy /usr/bin/cmake --install /home/amejiyo/yolobot/build/yolobot_control
[0.420s] -- Install configuration: ""
[0.423s] -- Up-to-date: /home/amejiyo/yolobot/install/yolobot_control/share/yolobot_control//scripts
[0.423s] -- Up-to-date: /home/amejiyo/yolobot/install/yolobot_control/share/yolobot_control//scripts/robot_control.py
[0.423s] -- Up-to-date: /home/amejiyo/yolobot/install/yolobot_control/share/yolobot_control//launch
[0.423s] -- Up-to-date: /home/amejiyo/yolobot/install/yolobot_control/share/yolobot_control//launch/yolobot_control.launch.py
[0.423s] -- Up-to-date: /home/amejiyo/yolobot/install/yolobot_control/lib/yolobot_control/robot_control.py
[0.423s] -- Up-to-date: /home/amejiyo/yolobot/install/yolobot_control/lib/yolobot_control/yolobot_control.launch.py
[0.424s] -- Up-to-date: /home/amejiyo/yolobot/install/yolobot_control/share/ament_index/resource_index/package_run_dependencies/yolobot_control
[0.426s] -- Up-to-date: /home/amejiyo/yolobot/install/yolobot_control/share/ament_index/resource_index/parent_prefix_path/yolobot_control
[0.427s] -- Up-to-date: /home/amejiyo/yolobot/install/yolobot_control/share/yolobot_control/environment/ament_prefix_path.sh
[0.427s] -- Up-to-date: /home/amejiyo/yolobot/install/yolobot_control/share/yolobot_control/environment/ament_prefix_path.dsv
[0.427s] -- Up-to-date: /home/amejiyo/yolobot/install/yolobot_control/share/yolobot_control/environment/path.sh
[0.427s] -- Up-to-date: /home/amejiyo/yolobot/install/yolobot_control/share/yolobot_control/environment/path.dsv
[0.427s] -- Up-to-date: /home/amejiyo/yolobot/install/yolobot_control/share/yolobot_control/local_setup.bash
[0.427s] -- Up-to-date: /home/amejiyo/yolobot/install/yolobot_control/share/yolobot_control/local_setup.sh
[0.427s] -- Up-to-date: /home/amejiyo/yolobot/install/yolobot_control/share/yolobot_control/local_setup.zsh
[0.427s] -- Up-to-date: /home/amejiyo/yolobot/install/yolobot_control/share/yolobot_control/local_setup.dsv
[0.427s] -- Installing: /home/amejiyo/yolobot/install/yolobot_control/share/yolobot_control/package.dsv
[0.427s] -- Up-to-date: /home/amejiyo/yolobot/install/yolobot_control/share/ament_index/resource_index/packages/yolobot_control
[0.428s] -- Up-to-date: /home/amejiyo/yolobot/install/yolobot_control/share/yolobot_control/cmake/yolobot_controlConfig.cmake
[0.428s] -- Up-to-date: /home/amejiyo/yolobot/install/yolobot_control/share/yolobot_control/cmake/yolobot_controlConfig-version.cmake
[0.428s] -- Up-to-date: /home/amejiyo/yolobot/install/yolobot_control/share/yolobot_control/package.xml
[0.444s] Invoked command in '/home/amejiyo/yolobot/build/yolobot_control' returned '0': CMAKE_PREFIX_PATH=/opt/ros/foxy /usr/bin/cmake --install /home/amejiyo/yolobot/build/yolobot_control
