running egg_info
creating ../../build/yolobot_recognition/yolobot_recognition.egg-info
writing ../../build/yolobot_recognition/yolobot_recognition.egg-info/PKG-INFO
writing dependency_links to ../../build/yolobot_recognition/yolobot_recognition.egg-info/dependency_links.txt
writing entry points to ../../build/yolobot_recognition/yolobot_recognition.egg-info/entry_points.txt
writing requirements to ../../build/yolobot_recognition/yolobot_recognition.egg-info/requires.txt
writing top-level names to ../../build/yolobot_recognition/yolobot_recognition.egg-info/top_level.txt
writing manifest file '../../build/yolobot_recognition/yolobot_recognition.egg-info/SOURCES.txt'
package init file 'yolobot_recognition/detection_lib/__init__.py' not found (or not a regular file)
reading manifest file '../../build/yolobot_recognition/yolobot_recognition.egg-info/SOURCES.txt'
writing manifest file '../../build/yolobot_recognition/yolobot_recognition.egg-info/SOURCES.txt'
running build
running build_py
creating /home/amejiyo/yolobot/build/yolobot_recognition/build
creating /home/amejiyo/yolobot/build/yolobot_recognition/build/lib
creating /home/amejiyo/yolobot/build/yolobot_recognition/build/lib/yolobot_recognition
copying yolobot_recognition/__init__.py -> /home/amejiyo/yolobot/build/yolobot_recognition/build/lib/yolobot_recognition
copying yolobot_recognition/fine_detect_publisher.py -> /home/amejiyo/yolobot/build/yolobot_recognition/build/lib/yolobot_recognition
creating /home/amejiyo/yolobot/build/yolobot_recognition/build/lib/yolobot_recognition/detection_lib
copying yolobot_recognition/detection_lib/main_debug.py -> /home/amejiyo/yolobot/build/yolobot_recognition/build/lib/yolobot_recognition/detection_lib
copying yolobot_recognition/detection_lib/runfil.py -> /home/amejiyo/yolobot/build/yolobot_recognition/build/lib/yolobot_recognition/detection_lib
copying yolobot_recognition/detection_lib/detect.py -> /home/amejiyo/yolobot/build/yolobot_recognition/build/lib/yolobot_recognition/detection_lib
copying yolobot_recognition/detection_lib/try.py -> /home/amejiyo/yolobot/build/yolobot_recognition/build/lib/yolobot_recognition/detection_lib
copying yolobot_recognition/detection_lib/main.py -> /home/amejiyo/yolobot/build/yolobot_recognition/build/lib/yolobot_recognition/detection_lib
running install
running install_lib
creating /home/amejiyo/yolobot/install/yolobot_recognition/lib/python3.8/site-packages/yolobot_recognition
creating /home/amejiyo/yolobot/install/yolobot_recognition/lib/python3.8/site-packages/yolobot_recognition/detection_lib
copying /home/amejiyo/yolobot/build/yolobot_recognition/build/lib/yolobot_recognition/detection_lib/main_debug.py -> /home/amejiyo/yolobot/install/yolobot_recognition/lib/python3.8/site-packages/yolobot_recognition/detection_lib
copying /home/amejiyo/yolobot/build/yolobot_recognition/build/lib/yolobot_recognition/detection_lib/runfil.py -> /home/amejiyo/yolobot/install/yolobot_recognition/lib/python3.8/site-packages/yolobot_recognition/detection_lib
copying /home/amejiyo/yolobot/build/yolobot_recognition/build/lib/yolobot_recognition/detection_lib/detect.py -> /home/amejiyo/yolobot/install/yolobot_recognition/lib/python3.8/site-packages/yolobot_recognition/detection_lib
copying /home/amejiyo/yolobot/build/yolobot_recognition/build/lib/yolobot_recognition/detection_lib/try.py -> /home/amejiyo/yolobot/install/yolobot_recognition/lib/python3.8/site-packages/yolobot_recognition/detection_lib
copying /home/amejiyo/yolobot/build/yolobot_recognition/build/lib/yolobot_recognition/detection_lib/main.py -> /home/amejiyo/yolobot/install/yolobot_recognition/lib/python3.8/site-packages/yolobot_recognition/detection_lib
copying /home/amejiyo/yolobot/build/yolobot_recognition/build/lib/yolobot_recognition/__init__.py -> /home/amejiyo/yolobot/install/yolobot_recognition/lib/python3.8/site-packages/yolobot_recognition
copying /home/amejiyo/yolobot/build/yolobot_recognition/build/lib/yolobot_recognition/fine_detect_publisher.py -> /home/amejiyo/yolobot/install/yolobot_recognition/lib/python3.8/site-packages/yolobot_recognition
byte-compiling /home/amejiyo/yolobot/install/yolobot_recognition/lib/python3.8/site-packages/yolobot_recognition/detection_lib/main_debug.py to main_debug.cpython-38.pyc
byte-compiling /home/amejiyo/yolobot/install/yolobot_recognition/lib/python3.8/site-packages/yolobot_recognition/detection_lib/runfil.py to runfil.cpython-38.pyc
byte-compiling /home/amejiyo/yolobot/install/yolobot_recognition/lib/python3.8/site-packages/yolobot_recognition/detection_lib/detect.py to detect.cpython-38.pyc
byte-compiling /home/amejiyo/yolobot/install/yolobot_recognition/lib/python3.8/site-packages/yolobot_recognition/detection_lib/try.py to try.cpython-38.pyc
byte-compiling /home/amejiyo/yolobot/install/yolobot_recognition/lib/python3.8/site-packages/yolobot_recognition/detection_lib/main.py to main.cpython-38.pyc
byte-compiling /home/amejiyo/yolobot/install/yolobot_recognition/lib/python3.8/site-packages/yolobot_recognition/__init__.py to __init__.cpython-38.pyc
byte-compiling /home/amejiyo/yolobot/install/yolobot_recognition/lib/python3.8/site-packages/yolobot_recognition/fine_detect_publisher.py to fine_detect_publisher.cpython-38.pyc
running install_data
copying resource/yolobot_recognition -> /home/amejiyo/yolobot/install/yolobot_recognition/share/ament_index/resource_index/packages
copying package.xml -> /home/amejiyo/yolobot/install/yolobot_recognition/share/yolobot_recognition
running install_egg_info
Copying ../../build/yolobot_recognition/yolobot_recognition.egg-info to /home/amejiyo/yolobot/install/yolobot_recognition/lib/python3.8/site-packages/yolobot_recognition-0.0.0-py3.8.egg-info
running install_scripts
Installing detect_talker script to /home/amejiyo/yolobot/install/yolobot_recognition/lib/yolobot_recognition
writing list of installed files to '/home/amejiyo/yolobot/build/yolobot_recognition/install.log'
