[0.756s] Invoking command in '/home/amejiyo/GitHub/502/detection/src/yolobot_detection': AMENT_PREFIX_PATH=/home/amejiyo/yolobot/install/interfaces:${AMENT_PREFIX_PATH} CMAKE_PREFIX_PATH=/home/amejiyo/GitHub/502/detection/install/interfaces LD_LIBRARY_PATH=/home/amejiyo/yolobot/install/interfaces/lib:/home/amejiyo/GitHub/502/detection/install/interfaces/lib:/usr/lib/x86_64-linux-gnu/gazebo-11/plugins:/opt/ros/foxy/opt/yaml_cpp_vendor/lib:/opt/ros/foxy/opt/rviz_ogre_vendor/lib:/opt/ros/foxy/lib/x86_64-linux-gnu:/opt/ros/foxy/lib:/usr/local/cuda-10.1/lib64:/usr/local/cuda-10.1/lib64:/usr/lib/x86_64-linux-gnu/gazebo-11/plugins PYTHONPATH=/home/amejiyo/GitHub/502/detection/install/yolobot_detection/lib/python3.8/site-packages:/home/amejiyo/yolobot/install/interfaces/lib/python3.8/site-packages:/home/amejiyo/GitHub/502/detection/install/interfaces/lib/python3.8/site-packages:${PYTHONPATH} /usr/bin/python3 setup.py egg_info --egg-base ../../build/yolobot_detection build --build-base /home/amejiyo/GitHub/502/detection/build/yolobot_detection/build install --prefix /home/amejiyo/GitHub/502/detection/install/yolobot_detection --record /home/amejiyo/GitHub/502/detection/build/yolobot_detection/install.log --single-version-externally-managed
[0.978s] running egg_info
[0.978s] writing ../../build/yolobot_detection/yolobot_detection.egg-info/PKG-INFO
[0.979s] writing dependency_links to ../../build/yolobot_detection/yolobot_detection.egg-info/dependency_links.txt
[0.979s] writing entry points to ../../build/yolobot_detection/yolobot_detection.egg-info/entry_points.txt
[0.980s] writing requirements to ../../build/yolobot_detection/yolobot_detection.egg-info/requires.txt
[0.980s] writing top-level names to ../../build/yolobot_detection/yolobot_detection.egg-info/top_level.txt
[1.013s] reading manifest file '../../build/yolobot_detection/yolobot_detection.egg-info/SOURCES.txt'
[1.014s] writing manifest file '../../build/yolobot_detection/yolobot_detection.egg-info/SOURCES.txt'
[1.015s] running build
[1.015s] running build_py
[1.015s] running install
[1.016s] running install_lib
[1.019s] running install_data
[1.020s] copying package.xml -> /home/amejiyo/GitHub/502/detection/install/yolobot_detection/share/yolobot_detection
[1.020s] running install_egg_info
[1.024s] removing '/home/amejiyo/GitHub/502/detection/install/yolobot_detection/lib/python3.8/site-packages/yolobot_detection-0.0.0-py3.8.egg-info' (and everything under it)
[1.024s] Copying ../../build/yolobot_detection/yolobot_detection.egg-info to /home/amejiyo/GitHub/502/detection/install/yolobot_detection/lib/python3.8/site-packages/yolobot_detection-0.0.0-py3.8.egg-info
[1.025s] running install_scripts
[1.044s] Installing detect_talker script to /home/amejiyo/GitHub/502/detection/install/yolobot_detection/lib/yolobot_detection
[1.045s] writing list of installed files to '/home/amejiyo/GitHub/502/detection/build/yolobot_detection/install.log'
[1.095s] Invoked command in '/home/amejiyo/GitHub/502/detection/src/yolobot_detection' returned '0': AMENT_PREFIX_PATH=/home/amejiyo/yolobot/install/interfaces:${AMENT_PREFIX_PATH} CMAKE_PREFIX_PATH=/home/amejiyo/GitHub/502/detection/install/interfaces LD_LIBRARY_PATH=/home/amejiyo/yolobot/install/interfaces/lib:/home/amejiyo/GitHub/502/detection/install/interfaces/lib:/usr/lib/x86_64-linux-gnu/gazebo-11/plugins:/opt/ros/foxy/opt/yaml_cpp_vendor/lib:/opt/ros/foxy/opt/rviz_ogre_vendor/lib:/opt/ros/foxy/lib/x86_64-linux-gnu:/opt/ros/foxy/lib:/usr/local/cuda-10.1/lib64:/usr/local/cuda-10.1/lib64:/usr/lib/x86_64-linux-gnu/gazebo-11/plugins PYTHONPATH=/home/amejiyo/GitHub/502/detection/install/yolobot_detection/lib/python3.8/site-packages:/home/amejiyo/yolobot/install/interfaces/lib/python3.8/site-packages:/home/amejiyo/GitHub/502/detection/install/interfaces/lib/python3.8/site-packages:${PYTHONPATH} /usr/bin/python3 setup.py egg_info --egg-base ../../build/yolobot_detection build --build-base /home/amejiyo/GitHub/502/detection/build/yolobot_detection/build install --prefix /home/amejiyo/GitHub/502/detection/install/yolobot_detection --record /home/amejiyo/GitHub/502/detection/build/yolobot_detection/install.log --single-version-externally-managed
