[0.240s] Invoking command in '/home/amejiyo/GitHub/502/detection/dect_ws/build/detection_interfaces': CMAKE_PREFIX_PATH=${CMAKE_PREFIX_PATH}:/home/amejiyo/ros2_ws/install/py_pubsub:/home/amejiyo/ros2_ws/install/detection:/home/amejiyo/long_ws/install/pub_pkg:/opt/ros/foxy /usr/bin/cmake --build /home/amejiyo/GitHub/502/detection/dect_ws/build/detection_interfaces -- -j16 -l16
[0.247s] CMake Error: The current CMakeCache.txt directory /home/amejiyo/GitHub/502/detection/dect_ws/build/detection_interfaces/CMakeCache.txt is different than the directory /home/amejiyo/ros2_ws/build/detection_interfaces where CMakeCache.txt was created. This may result in binaries being created in the wrong place. If you are not sure, reedit the CMakeCache.txt
[0.301s] [  9%] Built target detection_interfaces__rosidl_generator_c
[0.304s] [ 12%] Built target detection_interfaces__cpp
[0.321s] [ 32%] Built target detection_interfaces__rosidl_typesupport_introspection_c
[0.322s] [ 32%] Built target detection_interfaces__rosidl_typesupport_c
[0.326s] [ 48%] Built target detection_interfaces__rosidl_typesupport_cpp
[0.327s] [ 51%] Built target detection_interfaces__rosidl_typesupport_introspection_cpp
[0.332s] [ 61%] Built target detection_interfaces__rosidl_typesupport_fastrtps_cpp
[0.359s] [ 70%] Built target detection_interfaces__rosidl_typesupport_fastrtps_c
[0.386s] [ 70%] Built target detection_interfaces
[0.411s] [ 74%] Built target detection_interfaces__py
[0.441s] [ 80%] Built target detection_interfaces__python
[0.467s] [ 87%] Built target detection_interfaces__rosidl_typesupport_fastrtps_c__pyext
[0.472s] [ 93%] Built target detection_interfaces__rosidl_typesupport_introspection_c__pyext
[0.474s] [100%] Built target detection_interfaces__rosidl_typesupport_c__pyext
[0.489s] Invoked command in '/home/amejiyo/GitHub/502/detection/dect_ws/build/detection_interfaces' returned '0': CMAKE_PREFIX_PATH=${CMAKE_PREFIX_PATH}:/home/amejiyo/ros2_ws/install/py_pubsub:/home/amejiyo/ros2_ws/install/detection:/home/amejiyo/long_ws/install/pub_pkg:/opt/ros/foxy /usr/bin/cmake --build /home/amejiyo/GitHub/502/detection/dect_ws/build/detection_interfaces -- -j16 -l16
[0.566s] Invoking command in '/home/amejiyo/GitHub/502/detection/dect_ws/build/detection_interfaces': CMAKE_PREFIX_PATH=${CMAKE_PREFIX_PATH}:/home/amejiyo/ros2_ws/install/py_pubsub:/home/amejiyo/ros2_ws/install/detection:/home/amejiyo/long_ws/install/pub_pkg:/opt/ros/foxy /usr/bin/cmake --install /home/amejiyo/GitHub/502/detection/dect_ws/build/detection_interfaces
[0.574s] -- Install configuration: ""
[0.574s] -- Up-to-date: /home/amejiyo/ros2_ws/install/detection_interfaces/share/ament_index/resource_index/rosidl_interfaces/detection_interfaces
[0.574s] -- Up-to-date: /home/amejiyo/ros2_ws/install/detection_interfaces/include/detection_interfaces
[0.575s] -- Up-to-date: /home/amejiyo/ros2_ws/install/detection_interfaces/include/detection_interfaces/msg
[0.575s] -- Up-to-date: /home/amejiyo/ros2_ws/install/detection_interfaces/include/detection_interfaces/msg/rosidl_generator_c__visibility_control.h
[0.575s] -- Up-to-date: /home/amejiyo/ros2_ws/install/detection_interfaces/include/detection_interfaces/msg/dectt.h
[0.575s] -- Up-to-date: /home/amejiyo/ros2_ws/install/detection_interfaces/include/detection_interfaces/msg/detail
[0.575s] -- Up-to-date: /home/amejiyo/ros2_ws/install/detection_interfaces/include/detection_interfaces/msg/detail/dectt__struct.h
[0.575s] -- Up-to-date: /home/amejiyo/ros2_ws/install/detection_interfaces/include/detection_interfaces/msg/detail/dectt__functions.h
[0.576s] -- Up-to-date: /home/amejiyo/ros2_ws/install/detection_interfaces/include/detection_interfaces/msg/detail/dectt__type_support.h
[0.576s] -- Up-to-date: /home/amejiyo/ros2_ws/install/detection_interfaces/include/detection_interfaces/msg/detail/dect__functions.c
[0.576s] -- Up-to-date: /home/amejiyo/ros2_ws/install/detection_interfaces/include/detection_interfaces/msg/detail/dect__type_support.h
[0.576s] -- Up-to-date: /home/amejiyo/ros2_ws/install/detection_interfaces/include/detection_interfaces/msg/detail/dect__struct.h
[0.576s] -- Up-to-date: /home/amejiyo/ros2_ws/install/detection_interfaces/include/detection_interfaces/msg/detail/dect__functions.h
[0.576s] -- Up-to-date: /home/amejiyo/ros2_ws/install/detection_interfaces/include/detection_interfaces/msg/detail/dectt__functions.c
[0.576s] -- Up-to-date: /home/amejiyo/ros2_ws/install/detection_interfaces/include/detection_interfaces/msg/dect.h
[0.577s] -- Up-to-date: /home/amejiyo/ros2_ws/install/detection_interfaces/share/detection_interfaces/environment/library_path.sh
[0.577s] -- Up-to-date: /home/amejiyo/ros2_ws/install/detection_interfaces/share/detection_interfaces/environment/library_path.dsv
[0.577s] -- Up-to-date: /home/amejiyo/ros2_ws/install/detection_interfaces/lib/libdetection_interfaces__rosidl_generator_c.so
[0.577s] -- Up-to-date: /home/amejiyo/ros2_ws/install/detection_interfaces/include/detection_interfaces
[0.577s] -- Up-to-date: /home/amejiyo/ros2_ws/install/detection_interfaces/include/detection_interfaces/msg
[0.577s] -- Up-to-date: /home/amejiyo/ros2_ws/install/detection_interfaces/include/detection_interfaces/msg/detail
[0.577s] -- Up-to-date: /home/amejiyo/ros2_ws/install/detection_interfaces/include/detection_interfaces/msg/detail/dect__rosidl_typesupport_fastrtps_c.h
[0.577s] -- Up-to-date: /home/amejiyo/ros2_ws/install/detection_interfaces/include/detection_interfaces/msg/detail/dectt__rosidl_typesupport_fastrtps_c.h
[0.577s] -- Up-to-date: /home/amejiyo/ros2_ws/install/detection_interfaces/include/detection_interfaces/msg/rosidl_typesupport_fastrtps_c__visibility_control.h
[0.577s] -- Up-to-date: /home/amejiyo/ros2_ws/install/detection_interfaces/lib/libdetection_interfaces__rosidl_typesupport_fastrtps_c.so
[0.577s] -- Up-to-date: /home/amejiyo/ros2_ws/install/detection_interfaces/include/detection_interfaces
[0.577s] -- Up-to-date: /home/amejiyo/ros2_ws/install/detection_interfaces/include/detection_interfaces/msg
[0.577s] -- Up-to-date: /home/amejiyo/ros2_ws/install/detection_interfaces/include/detection_interfaces/msg/detail
[0.577s] -- Up-to-date: /home/amejiyo/ros2_ws/install/detection_interfaces/include/detection_interfaces/msg/detail/dds_fastrtps
[0.577s] -- Up-to-date: /home/amejiyo/ros2_ws/install/detection_interfaces/include/detection_interfaces/msg/detail/dectt__rosidl_typesupport_fastrtps_cpp.hpp
[0.577s] -- Up-to-date: /home/amejiyo/ros2_ws/install/detection_interfaces/include/detection_interfaces/msg/detail/dect__rosidl_typesupport_fastrtps_cpp.hpp
[0.577s] -- Up-to-date: /home/amejiyo/ros2_ws/install/detection_interfaces/include/detection_interfaces/msg/rosidl_typesupport_fastrtps_cpp__visibility_control.h
[0.577s] -- Up-to-date: /home/amejiyo/ros2_ws/install/detection_interfaces/lib/libdetection_interfaces__rosidl_typesupport_fastrtps_cpp.so
[0.578s] -- Up-to-date: /home/amejiyo/ros2_ws/install/detection_interfaces/include/detection_interfaces
[0.578s] -- Up-to-date: /home/amejiyo/ros2_ws/install/detection_interfaces/include/detection_interfaces/msg
[0.578s] -- Up-to-date: /home/amejiyo/ros2_ws/install/detection_interfaces/include/detection_interfaces/msg/detail
[0.578s] -- Up-to-date: /home/amejiyo/ros2_ws/install/detection_interfaces/include/detection_interfaces/msg/detail/dect__rosidl_typesupport_introspection_c.h
[0.578s] -- Up-to-date: /home/amejiyo/ros2_ws/install/detection_interfaces/include/detection_interfaces/msg/detail/dectt__rosidl_typesupport_introspection_c.h
[0.578s] -- Up-to-date: /home/amejiyo/ros2_ws/install/detection_interfaces/include/detection_interfaces/msg/detail/dectt__type_support.c
[0.578s] -- Up-to-date: /home/amejiyo/ros2_ws/install/detection_interfaces/include/detection_interfaces/msg/detail/dect__type_support.c
[0.578s] -- Up-to-date: /home/amejiyo/ros2_ws/install/detection_interfaces/include/detection_interfaces/msg/rosidl_typesupport_introspection_c__visibility_control.h
[0.578s] -- Up-to-date: /home/amejiyo/ros2_ws/install/detection_interfaces/lib/libdetection_interfaces__rosidl_typesupport_introspection_c.so
[0.578s] -- Up-to-date: /home/amejiyo/ros2_ws/install/detection_interfaces/lib/libdetection_interfaces__rosidl_typesupport_c.so
[0.578s] -- Up-to-date: /home/amejiyo/ros2_ws/install/detection_interfaces/include/detection_interfaces
[0.578s] -- Up-to-date: /home/amejiyo/ros2_ws/install/detection_interfaces/include/detection_interfaces/msg
[0.578s] -- Up-to-date: /home/amejiyo/ros2_ws/install/detection_interfaces/include/detection_interfaces/msg/detail
[0.578s] -- Up-to-date: /home/amejiyo/ros2_ws/install/detection_interfaces/include/detection_interfaces/msg/detail/dectt__struct.hpp
[0.578s] -- Up-to-date: /home/amejiyo/ros2_ws/install/detection_interfaces/include/detection_interfaces/msg/detail/dect__struct.hpp
[0.578s] -- Up-to-date: /home/amejiyo/ros2_ws/install/detection_interfaces/include/detection_interfaces/msg/detail/dect__traits.hpp
[0.578s] -- Up-to-date: /home/amejiyo/ros2_ws/install/detection_interfaces/include/detection_interfaces/msg/detail/dectt__traits.hpp
[0.578s] -- Up-to-date: /home/amejiyo/ros2_ws/install/detection_interfaces/include/detection_interfaces/msg/detail/dectt__builder.hpp
[0.578s] -- Up-to-date: /home/amejiyo/ros2_ws/install/detection_interfaces/include/detection_interfaces/msg/detail/dect__builder.hpp
[0.578s] -- Up-to-date: /home/amejiyo/ros2_ws/install/detection_interfaces/include/detection_interfaces/msg/dectt.hpp
[0.578s] -- Up-to-date: /home/amejiyo/ros2_ws/install/detection_interfaces/include/detection_interfaces/msg/dect.hpp
[0.578s] -- Up-to-date: /home/amejiyo/ros2_ws/install/detection_interfaces/include/detection_interfaces
[0.578s] -- Up-to-date: /home/amejiyo/ros2_ws/install/detection_interfaces/include/detection_interfaces/msg
[0.579s] -- Up-to-date: /home/amejiyo/ros2_ws/install/detection_interfaces/include/detection_interfaces/msg/detail
[0.579s] -- Up-to-date: /home/amejiyo/ros2_ws/install/detection_interfaces/include/detection_interfaces/msg/detail/dect__rosidl_typesupport_introspection_cpp.hpp
[0.579s] -- Up-to-date: /home/amejiyo/ros2_ws/install/detection_interfaces/include/detection_interfaces/msg/detail/dect__type_support.cpp
[0.579s] -- Up-to-date: /home/amejiyo/ros2_ws/install/detection_interfaces/include/detection_interfaces/msg/detail/dectt__rosidl_typesupport_introspection_cpp.hpp
[0.579s] -- Up-to-date: /home/amejiyo/ros2_ws/install/detection_interfaces/include/detection_interfaces/msg/detail/dectt__type_support.cpp
[0.579s] -- Up-to-date: /home/amejiyo/ros2_ws/install/detection_interfaces/lib/libdetection_interfaces__rosidl_typesupport_introspection_cpp.so
[0.579s] -- Up-to-date: /home/amejiyo/ros2_ws/install/detection_interfaces/lib/libdetection_interfaces__rosidl_typesupport_cpp.so
[0.579s] -- Up-to-date: /home/amejiyo/ros2_ws/install/detection_interfaces/share/detection_interfaces/environment/pythonpath.sh
[0.579s] -- Up-to-date: /home/amejiyo/ros2_ws/install/detection_interfaces/share/detection_interfaces/environment/pythonpath.dsv
[0.579s] -- Up-to-date: /home/amejiyo/ros2_ws/install/detection_interfaces/lib/python3.8/site-packages/detection_interfaces/__init__.py
[0.608s] -- Up-to-date: /home/amejiyo/ros2_ws/install/detection_interfaces/lib/python3.8/site-packages/detection_interfaces/msg
[0.609s] -- Up-to-date: /home/amejiyo/ros2_ws/install/detection_interfaces/lib/python3.8/site-packages/detection_interfaces/msg/_dect_s.c
[0.609s] -- Up-to-date: /home/amejiyo/ros2_ws/install/detection_interfaces/lib/python3.8/site-packages/detection_interfaces/msg/_dectt.py
[0.609s] -- Up-to-date: /home/amejiyo/ros2_ws/install/detection_interfaces/lib/python3.8/site-packages/detection_interfaces/msg/_dectt_s.c
[0.609s] -- Up-to-date: /home/amejiyo/ros2_ws/install/detection_interfaces/lib/python3.8/site-packages/detection_interfaces/msg/__init__.py
[0.609s] -- Up-to-date: /home/amejiyo/ros2_ws/install/detection_interfaces/lib/python3.8/site-packages/detection_interfaces/msg/_dect.py
[0.609s] -- Up-to-date: /home/amejiyo/ros2_ws/install/detection_interfaces/lib/python3.8/site-packages/detection_interfaces/detection_interfaces_s__rosidl_typesupport_fastrtps_c.cpython-38-x86_64-linux-gnu.so
[0.610s] -- Up-to-date: /home/amejiyo/ros2_ws/install/detection_interfaces/lib/python3.8/site-packages/detection_interfaces/detection_interfaces_s__rosidl_typesupport_introspection_c.cpython-38-x86_64-linux-gnu.so
[0.610s] -- Up-to-date: /home/amejiyo/ros2_ws/install/detection_interfaces/lib/python3.8/site-packages/detection_interfaces/detection_interfaces_s__rosidl_typesupport_c.cpython-38-x86_64-linux-gnu.so
[0.611s] -- Up-to-date: /home/amejiyo/ros2_ws/install/detection_interfaces/lib/libdetection_interfaces__python.so
[0.611s] -- Up-to-date: /home/amejiyo/ros2_ws/install/detection_interfaces/share/detection_interfaces/msg/Dect.idl
[0.612s] -- Up-to-date: /home/amejiyo/ros2_ws/install/detection_interfaces/share/detection_interfaces/msg/Dect.msg
[0.612s] -- Up-to-date: /home/amejiyo/ros2_ws/install/detection_interfaces/share/ament_index/resource_index/package_run_dependencies/detection_interfaces
[0.612s] -- Up-to-date: /home/amejiyo/ros2_ws/install/detection_interfaces/share/ament_index/resource_index/parent_prefix_path/detection_interfaces
[0.612s] -- Up-to-date: /home/amejiyo/ros2_ws/install/detection_interfaces/share/detection_interfaces/environment/ament_prefix_path.sh
[0.612s] -- Up-to-date: /home/amejiyo/ros2_ws/install/detection_interfaces/share/detection_interfaces/environment/ament_prefix_path.dsv
[0.613s] -- Up-to-date: /home/amejiyo/ros2_ws/install/detection_interfaces/share/detection_interfaces/environment/path.sh
[0.613s] -- Up-to-date: /home/amejiyo/ros2_ws/install/detection_interfaces/share/detection_interfaces/environment/path.dsv
[0.613s] -- Up-to-date: /home/amejiyo/ros2_ws/install/detection_interfaces/share/detection_interfaces/local_setup.bash
[0.613s] -- Up-to-date: /home/amejiyo/ros2_ws/install/detection_interfaces/share/detection_interfaces/local_setup.sh
[0.613s] -- Up-to-date: /home/amejiyo/ros2_ws/install/detection_interfaces/share/detection_interfaces/local_setup.zsh
[0.613s] -- Up-to-date: /home/amejiyo/ros2_ws/install/detection_interfaces/share/detection_interfaces/local_setup.dsv
[0.613s] -- Installing: /home/amejiyo/ros2_ws/install/detection_interfaces/share/detection_interfaces/package.dsv
[0.613s] -- Up-to-date: /home/amejiyo/ros2_ws/install/detection_interfaces/share/ament_index/resource_index/packages/detection_interfaces
[0.614s] -- Up-to-date: /home/amejiyo/ros2_ws/install/detection_interfaces/share/detection_interfaces/cmake/detection_interfaces__rosidl_generator_cExport.cmake
[0.614s] -- Up-to-date: /home/amejiyo/ros2_ws/install/detection_interfaces/share/detection_interfaces/cmake/detection_interfaces__rosidl_generator_cExport-noconfig.cmake
[0.614s] -- Up-to-date: /home/amejiyo/ros2_ws/install/detection_interfaces/share/detection_interfaces/cmake/detection_interfaces__rosidl_typesupport_introspection_cExport.cmake
[0.614s] -- Up-to-date: /home/amejiyo/ros2_ws/install/detection_interfaces/share/detection_interfaces/cmake/detection_interfaces__rosidl_typesupport_introspection_cExport-noconfig.cmake
[0.614s] -- Up-to-date: /home/amejiyo/ros2_ws/install/detection_interfaces/share/detection_interfaces/cmake/detection_interfaces__rosidl_typesupport_cExport.cmake
[0.614s] -- Up-to-date: /home/amejiyo/ros2_ws/install/detection_interfaces/share/detection_interfaces/cmake/detection_interfaces__rosidl_typesupport_cExport-noconfig.cmake
[0.614s] -- Up-to-date: /home/amejiyo/ros2_ws/install/detection_interfaces/share/detection_interfaces/cmake/detection_interfaces__rosidl_generator_cppExport.cmake
[0.614s] -- Up-to-date: /home/amejiyo/ros2_ws/install/detection_interfaces/share/detection_interfaces/cmake/detection_interfaces__rosidl_typesupport_introspection_cppExport.cmake
[0.614s] -- Up-to-date: /home/amejiyo/ros2_ws/install/detection_interfaces/share/detection_interfaces/cmake/detection_interfaces__rosidl_typesupport_introspection_cppExport-noconfig.cmake
[0.614s] -- Up-to-date: /home/amejiyo/ros2_ws/install/detection_interfaces/share/detection_interfaces/cmake/detection_interfaces__rosidl_typesupport_cppExport.cmake
[0.615s] -- Up-to-date: /home/amejiyo/ros2_ws/install/detection_interfaces/share/detection_interfaces/cmake/detection_interfaces__rosidl_typesupport_cppExport-noconfig.cmake
[0.615s] -- Up-to-date: /home/amejiyo/ros2_ws/install/detection_interfaces/share/detection_interfaces/cmake/rosidl_cmake-extras.cmake
[0.615s] -- Up-to-date: /home/amejiyo/ros2_ws/install/detection_interfaces/share/detection_interfaces/cmake/ament_cmake_export_dependencies-extras.cmake
[0.615s] -- Up-to-date: /home/amejiyo/ros2_ws/install/detection_interfaces/share/detection_interfaces/cmake/ament_cmake_export_libraries-extras.cmake
[0.615s] -- Up-to-date: /home/amejiyo/ros2_ws/install/detection_interfaces/share/detection_interfaces/cmake/ament_cmake_export_targets-extras.cmake
[0.615s] -- Up-to-date: /home/amejiyo/ros2_ws/install/detection_interfaces/share/detection_interfaces/cmake/ament_cmake_export_include_directories-extras.cmake
[0.615s] -- Up-to-date: /home/amejiyo/ros2_ws/install/detection_interfaces/share/detection_interfaces/cmake/rosidl_cmake_export_typesupport_libraries-extras.cmake
[0.615s] -- Up-to-date: /home/amejiyo/ros2_ws/install/detection_interfaces/share/detection_interfaces/cmake/rosidl_cmake_export_typesupport_targets-extras.cmake
[0.616s] -- Up-to-date: /home/amejiyo/ros2_ws/install/detection_interfaces/share/detection_interfaces/cmake/detection_interfacesConfig.cmake
[0.616s] -- Up-to-date: /home/amejiyo/ros2_ws/install/detection_interfaces/share/detection_interfaces/cmake/detection_interfacesConfig-version.cmake
[0.616s] -- Up-to-date: /home/amejiyo/ros2_ws/install/detection_interfaces/share/detection_interfaces/package.xml
[0.617s] Invoked command in '/home/amejiyo/GitHub/502/detection/dect_ws/build/detection_interfaces' returned '0': CMAKE_PREFIX_PATH=${CMAKE_PREFIX_PATH}:/home/amejiyo/ros2_ws/install/py_pubsub:/home/amejiyo/ros2_ws/install/detection:/home/amejiyo/long_ws/install/pub_pkg:/opt/ros/foxy /usr/bin/cmake --install /home/amejiyo/GitHub/502/detection/dect_ws/build/detection_interfaces
