[0.845s] Invoking command in '/home/amejiyo/yolobot/src/yolobot_recognition': PYTHONPATH=/home/amejiyo/yolobot/install/yolobot_recognition/lib/python3.8/site-packages:${PYTHONPATH} /usr/bin/python3 setup.py egg_info --egg-base ../../build/yolobot_recognition build --build-base /home/amejiyo/yolobot/build/yolobot_recognition/build install --prefix /home/amejiyo/yolobot/install/yolobot_recognition --record /home/amejiyo/yolobot/build/yolobot_recognition/install.log --single-version-externally-managed
[1.095s] running egg_info
[1.095s] writing ../../build/yolobot_recognition/yolobot_recognition.egg-info/PKG-INFO
[1.096s] writing dependency_links to ../../build/yolobot_recognition/yolobot_recognition.egg-info/dependency_links.txt
[1.096s] writing entry points to ../../build/yolobot_recognition/yolobot_recognition.egg-info/entry_points.txt
[1.097s] writing requirements to ../../build/yolobot_recognition/yolobot_recognition.egg-info/requires.txt
[1.097s] writing top-level names to ../../build/yolobot_recognition/yolobot_recognition.egg-info/top_level.txt
[1.133s] reading manifest file '../../build/yolobot_recognition/yolobot_recognition.egg-info/SOURCES.txt'
[1.134s] writing manifest file '../../build/yolobot_recognition/yolobot_recognition.egg-info/SOURCES.txt'
[1.134s] running build
[1.134s] running build_py
[1.134s] copying yolobot_recognition/fine_detect_publisher.py -> /home/amejiyo/yolobot/build/yolobot_recognition/build/lib/yolobot_recognition
[1.135s] running install
[1.136s] running install_lib
[1.137s] copying /home/amejiyo/yolobot/build/yolobot_recognition/build/lib/yolobot_recognition/fine_detect_publisher.py -> /home/amejiyo/yolobot/install/yolobot_recognition/lib/python3.8/site-packages/yolobot_recognition
[1.138s] byte-compiling /home/amejiyo/yolobot/install/yolobot_recognition/lib/python3.8/site-packages/yolobot_recognition/fine_detect_publisher.py to fine_detect_publisher.cpython-38.pyc
[1.140s] running install_data
[1.141s] running install_egg_info
[1.142s] removing '/home/amejiyo/yolobot/install/yolobot_recognition/lib/python3.8/site-packages/yolobot_recognition-0.0.0-py3.8.egg-info' (and everything under it)
[1.143s] Copying ../../build/yolobot_recognition/yolobot_recognition.egg-info to /home/amejiyo/yolobot/install/yolobot_recognition/lib/python3.8/site-packages/yolobot_recognition-0.0.0-py3.8.egg-info
[1.143s] running install_scripts
[1.163s] Installing detect_talker script to /home/amejiyo/yolobot/install/yolobot_recognition/lib/yolobot_recognition
[1.164s] writing list of installed files to '/home/amejiyo/yolobot/build/yolobot_recognition/install.log'
[1.201s] Invoked command in '/home/amejiyo/yolobot/src/yolobot_recognition' returned '0': PYTHONPATH=/home/amejiyo/yolobot/install/yolobot_recognition/lib/python3.8/site-packages:${PYTHONPATH} /usr/bin/python3 setup.py egg_info --egg-base ../../build/yolobot_recognition build --build-base /home/amejiyo/yolobot/build/yolobot_recognition/build install --prefix /home/amejiyo/yolobot/install/yolobot_recognition --record /home/amejiyo/yolobot/build/yolobot_recognition/install.log --single-version-externally-managed
