[0.060s] Invoking command in '/home/amejiyo/yolobot/build/interfaces': CMAKE_PREFIX_PATH=${CMAKE_PREFIX_PATH}:/home/amejiyo/yolobot/install/yolobot_detection:/home/amejiyo/yolobot/install/yoloDetection:/home/amejiyo/GitHub/502/detection/install/yolobot_detection:/opt/ros/foxy /usr/bin/cmake /home/amejiyo/yolobot/src/interfaces -DCMAKE_INSTALL_PREFIX=/home/amejiyo/yolobot/install/interfaces
[0.374s] -- The C compiler identification is GNU 8.4.0
[0.374s] -- The CXX compiler identification is GNU 8.4.0
[0.374s] -- Check for working C compiler: /usr/bin/cc
[0.374s] -- Check for working C compiler: /usr/bin/cc -- works
[0.375s] -- Detecting C compiler ABI info
[0.375s] -- Detecting C compiler ABI info - done
[0.376s] -- Detecting C compile features
[0.376s] -- Detecting C compile features - done
[0.376s] -- Check for working CXX compiler: /usr/bin/c++
[0.469s] -- Check for working CXX compiler: /usr/bin/c++ -- works
[0.470s] -- Detecting CXX compiler ABI info
[0.567s] -- Detecting CXX compiler ABI info - done
[0.578s] -- Detecting CXX compile features
[0.579s] -- Detecting CXX compile features - done
[0.582s] -- Found ament_cmake: 0.9.9 (/opt/ros/foxy/share/ament_cmake/cmake)
[0.614s] -- Found PythonInterp: /usr/bin/python3 (found suitable version "3.8.10", minimum required is "3") 
[0.614s] -- Using PYTHON_EXECUTABLE: /usr/bin/python3
[0.885s] -- Found ament_lint_auto: 0.9.6 (/opt/ros/foxy/share/ament_lint_auto/cmake)
[1.036s] -- Found rosidl_default_generators: 1.0.1 (/opt/ros/foxy/share/rosidl_default_generators/cmake)
[1.042s] -- Using all available rosidl_typesupport_c: rosidl_typesupport_fastrtps_c;rosidl_typesupport_introspection_c
[1.050s] -- Found rosidl_adapter: 1.2.1 (/opt/ros/foxy/share/rosidl_adapter/cmake)
[1.183s] -- Found OpenSSL: /usr/lib/x86_64-linux-gnu/libcrypto.so (found version "1.1.1f")  
[1.222s] -- Found FastRTPS: /opt/ros/foxy/include  
[1.310s] -- Using all available rosidl_typesupport_cpp: rosidl_typesupport_fastrtps_cpp;rosidl_typesupport_introspection_cpp
[1.361s] -- Found PythonInterp: /usr/bin/python3 (found version "3.8.10") 
[1.439s] -- Found ament_cmake_ros: 0.9.2 (/opt/ros/foxy/share/ament_cmake_ros/cmake)
[1.547s] -- Using all available rosidl_typesupport_c: rosidl_typesupport_fastrtps_c;rosidl_typesupport_introspection_c
[1.556s] -- Using all available rosidl_typesupport_cpp: rosidl_typesupport_fastrtps_cpp;rosidl_typesupport_introspection_cpp
[1.579s] -- Found PythonInterp: /usr/bin/python3 (found suitable version "3.8.10", minimum required is "3.5") 
[1.581s] -- Found python_cmake_module: 0.8.1 (/opt/ros/foxy/share/python_cmake_module/cmake)
[1.613s] -- Found PythonLibs: /usr/lib/x86_64-linux-gnu/libpython3.8.so (found suitable version "3.8.10", minimum required is "3.5") 
[1.613s] -- Using PYTHON_EXECUTABLE: /usr/bin/python3
[1.613s] -- Using PYTHON_INCLUDE_DIRS: /usr/include/python3.8
[1.613s] -- Using PYTHON_LIBRARIES: /usr/lib/x86_64-linux-gnu/libpython3.8.so
[1.638s] -- Found PythonExtra: .so  
[1.685s] -- Added test 'copyright' to check source files copyright and LICENSE
[1.701s] -- Added test 'cppcheck' to perform static code analysis on C / C++ code
[1.702s] -- Configured cppcheck include dirs: 
[1.702s] -- Configured cppcheck exclude dirs and/or files: 
[1.719s] -- Added test 'cpplint' to check C / C++ code against the Google style
[1.719s] -- Configured cpplint exclude dirs and/or files: 
[1.722s] -- Added test 'flake8' to check Python code syntax and style conventions
[1.726s] -- Added test 'lint_cmake' to check CMake code style
[1.729s] -- Added test 'pep257' to check Python code against some of the style conventions in PEP 257
[1.745s] -- Added test 'uncrustify' to check C / C++ code style
[1.746s] -- Configured uncrustify additional arguments: 
[1.748s] -- Added test 'xmllint' to check XML markup files
[1.755s] -- Configuring done
[1.778s] -- Generating done
[1.780s] -- Build files have been written to: /home/amejiyo/yolobot/build/interfaces
[1.791s] Invoked command in '/home/amejiyo/yolobot/build/interfaces' returned '0': CMAKE_PREFIX_PATH=${CMAKE_PREFIX_PATH}:/home/amejiyo/yolobot/install/yolobot_detection:/home/amejiyo/yolobot/install/yoloDetection:/home/amejiyo/GitHub/502/detection/install/yolobot_detection:/opt/ros/foxy /usr/bin/cmake /home/amejiyo/yolobot/src/interfaces -DCMAKE_INSTALL_PREFIX=/home/amejiyo/yolobot/install/interfaces
[1.795s] Invoking command in '/home/amejiyo/yolobot/build/interfaces': CMAKE_PREFIX_PATH=${CMAKE_PREFIX_PATH}:/home/amejiyo/yolobot/install/yolobot_detection:/home/amejiyo/yolobot/install/yoloDetection:/home/amejiyo/GitHub/502/detection/install/yolobot_detection:/opt/ros/foxy /usr/bin/cmake --build /home/amejiyo/yolobot/build/interfaces -- -j16 -l16
[1.836s] [  3%] [34m[1mGenerating C code for ROS interfaces[0m
[1.836s] [35m[1mScanning dependencies of target interfaces__cpp[0m
[1.847s] [  6%] [34m[1mGenerating C++ code for ROS interfaces[0m
[2.070s] [35m[1mScanning dependencies of target interfaces__rosidl_generator_c[0m
[2.076s] [  6%] Built target interfaces__cpp
[2.082s] [  9%] [32mBuilding C object CMakeFiles/interfaces__rosidl_generator_c.dir/rosidl_generator_c/interfaces/msg/detail/dect__functions.c.o[0m
[2.086s] [ 19%] [34m[1mGenerating C++ type support dispatch for ROS interfaces[0m
[2.086s] [ 19%] [34m[1mGenerating C++ type support for eProsima Fast-RTPS[0m
[2.086s] [ 19%] [34m[1mGenerating C++ introspection for ROS interfaces[0m
[2.118s] [ 22%] [32m[1mLinking C shared library libinterfaces__rosidl_generator_c.so[0m
[2.158s] [ 22%] Built target interfaces__rosidl_generator_c
[2.169s] [ 25%] [34m[1mGenerating C introspection for ROS interfaces[0m
[2.170s] [ 29%] [34m[1mGenerating C type support dispatch for ROS interfaces[0m
[2.323s] [35m[1mScanning dependencies of target interfaces__rosidl_typesupport_cpp[0m
[2.325s] [35m[1mScanning dependencies of target interfaces__rosidl_typesupport_introspection_cpp[0m
[2.335s] [35m[1mScanning dependencies of target interfaces__rosidl_typesupport_fastrtps_cpp[0m
[2.336s] [ 32%] [32mBuilding CXX object CMakeFiles/interfaces__rosidl_typesupport_cpp.dir/rosidl_typesupport_cpp/interfaces/msg/dect__type_support.cpp.o[0m
[2.338s] [ 35%] [32mBuilding CXX object CMakeFiles/interfaces__rosidl_typesupport_introspection_cpp.dir/rosidl_typesupport_introspection_cpp/interfaces/msg/detail/dect__type_support.cpp.o[0m
[2.351s] [ 38%] [32mBuilding CXX object CMakeFiles/interfaces__rosidl_typesupport_fastrtps_cpp.dir/rosidl_typesupport_fastrtps_cpp/interfaces/msg/detail/dds_fastrtps/dect__type_support.cpp.o[0m
[2.391s] [35m[1mScanning dependencies of target interfaces__rosidl_typesupport_c[0m
[2.406s] [ 41%] [32mBuilding CXX object CMakeFiles/interfaces__rosidl_typesupport_c.dir/rosidl_typesupport_c/interfaces/msg/dect__type_support.cpp.o[0m
[2.438s] [ 45%] [32m[1mLinking CXX shared library libinterfaces__rosidl_typesupport_c.so[0m
[2.441s] [35m[1mScanning dependencies of target interfaces__rosidl_typesupport_introspection_c[0m
[2.456s] [ 48%] [32mBuilding C object CMakeFiles/interfaces__rosidl_typesupport_introspection_c.dir/rosidl_typesupport_introspection_c/interfaces/msg/detail/dect__type_support.c.o[0m
[2.483s] [ 48%] Built target interfaces__rosidl_typesupport_c
[2.488s] [ 51%] [32m[1mLinking C shared library libinterfaces__rosidl_typesupport_introspection_c.so[0m
[2.521s] [ 51%] Built target interfaces__rosidl_typesupport_introspection_c
[2.552s] [ 54%] [32m[1mLinking CXX shared library libinterfaces__rosidl_typesupport_cpp.so[0m
[2.554s] [ 58%] [32m[1mLinking CXX shared library libinterfaces__rosidl_typesupport_introspection_cpp.so[0m
[2.593s] [ 58%] Built target interfaces__rosidl_typesupport_cpp
[2.632s] [ 58%] Built target interfaces__rosidl_typesupport_introspection_cpp
[2.681s] [ 61%] [32m[1mLinking CXX shared library libinterfaces__rosidl_typesupport_fastrtps_cpp.so[0m
[2.786s] [ 61%] Built target interfaces__rosidl_typesupport_fastrtps_cpp
[2.799s] [ 64%] [34m[1mGenerating C type support for eProsima Fast-RTPS[0m
[3.026s] [35m[1mScanning dependencies of target interfaces__rosidl_typesupport_fastrtps_c[0m
[3.040s] [ 67%] [32mBuilding CXX object CMakeFiles/interfaces__rosidl_typesupport_fastrtps_c.dir/rosidl_typesupport_fastrtps_c/interfaces/msg/detail/dect__type_support_c.cpp.o[0m
[3.301s] [ 70%] [32m[1mLinking CXX shared library libinterfaces__rosidl_typesupport_fastrtps_c.so[0m
[3.409s] [ 70%] Built target interfaces__rosidl_typesupport_fastrtps_c
[3.424s] [35m[1mScanning dependencies of target interfaces[0m
[3.441s] [ 70%] Built target interfaces
[3.452s] [35m[1mScanning dependencies of target interfaces__py[0m
[3.466s] [ 74%] [34m[1mGenerating Python code for ROS interfaces[0m
[3.846s] [ 74%] Built target interfaces__py
[3.859s] [35m[1mScanning dependencies of target interfaces__python[0m
[3.890s] [ 77%] [32mBuilding C object CMakeFiles/interfaces__python.dir/rosidl_generator_py/interfaces/msg/_dect_s.c.o[0m
[3.966s] [ 80%] [32m[1mLinking C shared library rosidl_generator_py/interfaces/libinterfaces__python.so[0m
[4.010s] [ 80%] Built target interfaces__python
[4.021s] [35m[1mScanning dependencies of target interfaces__rosidl_typesupport_introspection_c__pyext[0m
[4.021s] [35m[1mScanning dependencies of target interfaces__rosidl_typesupport_c__pyext[0m
[4.023s] [35m[1mScanning dependencies of target interfaces__rosidl_typesupport_fastrtps_c__pyext[0m
[4.037s] [ 87%] [32mBuilding C object CMakeFiles/interfaces__rosidl_typesupport_introspection_c__pyext.dir/rosidl_generator_py/interfaces/_interfaces_s.ep.rosidl_typesupport_introspection_c.c.o[0m
[4.037s] [ 87%] [32mBuilding C object CMakeFiles/interfaces__rosidl_typesupport_c__pyext.dir/rosidl_generator_py/interfaces/_interfaces_s.ep.rosidl_typesupport_c.c.o[0m
[4.043s] [ 90%] [32mBuilding C object CMakeFiles/interfaces__rosidl_typesupport_fastrtps_c__pyext.dir/rosidl_generator_py/interfaces/_interfaces_s.ep.rosidl_typesupport_fastrtps_c.c.o[0m
[4.098s] [ 93%] [32m[1mLinking C shared library rosidl_generator_py/interfaces/interfaces_s__rosidl_typesupport_introspection_c.cpython-38-x86_64-linux-gnu.so[0m
[4.101s] [ 96%] [32m[1mLinking C shared library rosidl_generator_py/interfaces/interfaces_s__rosidl_typesupport_c.cpython-38-x86_64-linux-gnu.so[0m
[4.114s] [100%] [32m[1mLinking CXX shared library rosidl_generator_py/interfaces/interfaces_s__rosidl_typesupport_fastrtps_c.cpython-38-x86_64-linux-gnu.so[0m
[4.134s] [100%] Built target interfaces__rosidl_typesupport_introspection_c__pyext
[4.136s] [100%] Built target interfaces__rosidl_typesupport_c__pyext
[4.178s] [100%] Built target interfaces__rosidl_typesupport_fastrtps_c__pyext
[4.192s] Invoked command in '/home/amejiyo/yolobot/build/interfaces' returned '0': CMAKE_PREFIX_PATH=${CMAKE_PREFIX_PATH}:/home/amejiyo/yolobot/install/yolobot_detection:/home/amejiyo/yolobot/install/yoloDetection:/home/amejiyo/GitHub/502/detection/install/yolobot_detection:/opt/ros/foxy /usr/bin/cmake --build /home/amejiyo/yolobot/build/interfaces -- -j16 -l16
[4.256s] Invoking command in '/home/amejiyo/yolobot/build/interfaces': CMAKE_PREFIX_PATH=${CMAKE_PREFIX_PATH}:/home/amejiyo/yolobot/install/yolobot_detection:/home/amejiyo/yolobot/install/yoloDetection:/home/amejiyo/GitHub/502/detection/install/yolobot_detection:/opt/ros/foxy /usr/bin/cmake --install /home/amejiyo/yolobot/build/interfaces
[4.269s] -- Install configuration: ""
[4.269s] -- Installing: /home/amejiyo/yolobot/install/interfaces/share/ament_index/resource_index/rosidl_interfaces/interfaces
[4.269s] -- Installing: /home/amejiyo/yolobot/install/interfaces/include/interfaces
[4.269s] -- Installing: /home/amejiyo/yolobot/install/interfaces/include/interfaces/msg
[4.270s] -- Installing: /home/amejiyo/yolobot/install/interfaces/include/interfaces/msg/rosidl_generator_c__visibility_control.h
[4.270s] -- Installing: /home/amejiyo/yolobot/install/interfaces/include/interfaces/msg/detail
[4.270s] -- Installing: /home/amejiyo/yolobot/install/interfaces/include/interfaces/msg/detail/dect__functions.c
[4.270s] -- Installing: /home/amejiyo/yolobot/install/interfaces/include/interfaces/msg/detail/dect__type_support.h
[4.270s] -- Installing: /home/amejiyo/yolobot/install/interfaces/include/interfaces/msg/detail/dect__struct.h
[4.270s] -- Installing: /home/amejiyo/yolobot/install/interfaces/include/interfaces/msg/detail/dect__functions.h
[4.270s] -- Installing: /home/amejiyo/yolobot/install/interfaces/include/interfaces/msg/dect.h
[4.271s] -- Installing: /home/amejiyo/yolobot/install/interfaces/share/interfaces/environment/library_path.sh
[4.271s] -- Installing: /home/amejiyo/yolobot/install/interfaces/share/interfaces/environment/library_path.dsv
[4.271s] -- Installing: /home/amejiyo/yolobot/install/interfaces/lib/libinterfaces__rosidl_generator_c.so
[4.271s] -- Set runtime path of "/home/amejiyo/yolobot/install/interfaces/lib/libinterfaces__rosidl_generator_c.so" to ""
[4.271s] -- Up-to-date: /home/amejiyo/yolobot/install/interfaces/include/interfaces
[4.271s] -- Up-to-date: /home/amejiyo/yolobot/install/interfaces/include/interfaces/msg
[4.271s] -- Up-to-date: /home/amejiyo/yolobot/install/interfaces/include/interfaces/msg/detail
[4.271s] -- Installing: /home/amejiyo/yolobot/install/interfaces/include/interfaces/msg/detail/dect__rosidl_typesupport_fastrtps_c.h
[4.272s] -- Installing: /home/amejiyo/yolobot/install/interfaces/include/interfaces/msg/rosidl_typesupport_fastrtps_c__visibility_control.h
[4.272s] -- Installing: /home/amejiyo/yolobot/install/interfaces/lib/libinterfaces__rosidl_typesupport_fastrtps_c.so
[4.272s] -- Set runtime path of "/home/amejiyo/yolobot/install/interfaces/lib/libinterfaces__rosidl_typesupport_fastrtps_c.so" to ""
[4.272s] -- Up-to-date: /home/amejiyo/yolobot/install/interfaces/include/interfaces
[4.272s] -- Up-to-date: /home/amejiyo/yolobot/install/interfaces/include/interfaces/msg
[4.272s] -- Up-to-date: /home/amejiyo/yolobot/install/interfaces/include/interfaces/msg/detail
[4.272s] -- Installing: /home/amejiyo/yolobot/install/interfaces/include/interfaces/msg/detail/dds_fastrtps
[4.272s] -- Installing: /home/amejiyo/yolobot/install/interfaces/include/interfaces/msg/detail/dect__rosidl_typesupport_fastrtps_cpp.hpp
[4.273s] -- Installing: /home/amejiyo/yolobot/install/interfaces/include/interfaces/msg/rosidl_typesupport_fastrtps_cpp__visibility_control.h
[4.273s] -- Installing: /home/amejiyo/yolobot/install/interfaces/lib/libinterfaces__rosidl_typesupport_fastrtps_cpp.so
[4.273s] -- Set runtime path of "/home/amejiyo/yolobot/install/interfaces/lib/libinterfaces__rosidl_typesupport_fastrtps_cpp.so" to ""
[4.273s] -- Up-to-date: /home/amejiyo/yolobot/install/interfaces/include/interfaces
[4.273s] -- Up-to-date: /home/amejiyo/yolobot/install/interfaces/include/interfaces/msg
[4.273s] -- Up-to-date: /home/amejiyo/yolobot/install/interfaces/include/interfaces/msg/detail
[4.273s] -- Installing: /home/amejiyo/yolobot/install/interfaces/include/interfaces/msg/detail/dect__rosidl_typesupport_introspection_c.h
[4.273s] -- Installing: /home/amejiyo/yolobot/install/interfaces/include/interfaces/msg/detail/dect__type_support.c
[4.273s] -- Installing: /home/amejiyo/yolobot/install/interfaces/include/interfaces/msg/rosidl_typesupport_introspection_c__visibility_control.h
[4.274s] -- Installing: /home/amejiyo/yolobot/install/interfaces/lib/libinterfaces__rosidl_typesupport_introspection_c.so
[4.274s] -- Set runtime path of "/home/amejiyo/yolobot/install/interfaces/lib/libinterfaces__rosidl_typesupport_introspection_c.so" to ""
[4.274s] -- Installing: /home/amejiyo/yolobot/install/interfaces/lib/libinterfaces__rosidl_typesupport_c.so
[4.274s] -- Set runtime path of "/home/amejiyo/yolobot/install/interfaces/lib/libinterfaces__rosidl_typesupport_c.so" to ""
[4.274s] -- Up-to-date: /home/amejiyo/yolobot/install/interfaces/include/interfaces
[4.274s] -- Up-to-date: /home/amejiyo/yolobot/install/interfaces/include/interfaces/msg
[4.274s] -- Up-to-date: /home/amejiyo/yolobot/install/interfaces/include/interfaces/msg/detail
[4.274s] -- Installing: /home/amejiyo/yolobot/install/interfaces/include/interfaces/msg/detail/dect__struct.hpp
[4.275s] -- Installing: /home/amejiyo/yolobot/install/interfaces/include/interfaces/msg/detail/dect__traits.hpp
[4.275s] -- Installing: /home/amejiyo/yolobot/install/interfaces/include/interfaces/msg/detail/dect__builder.hpp
[4.275s] -- Installing: /home/amejiyo/yolobot/install/interfaces/include/interfaces/msg/dect.hpp
[4.275s] -- Up-to-date: /home/amejiyo/yolobot/install/interfaces/include/interfaces
[4.275s] -- Up-to-date: /home/amejiyo/yolobot/install/interfaces/include/interfaces/msg
[4.275s] -- Up-to-date: /home/amejiyo/yolobot/install/interfaces/include/interfaces/msg/detail
[4.275s] -- Installing: /home/amejiyo/yolobot/install/interfaces/include/interfaces/msg/detail/dect__rosidl_typesupport_introspection_cpp.hpp
[4.276s] -- Installing: /home/amejiyo/yolobot/install/interfaces/include/interfaces/msg/detail/dect__type_support.cpp
[4.276s] -- Installing: /home/amejiyo/yolobot/install/interfaces/lib/libinterfaces__rosidl_typesupport_introspection_cpp.so
[4.276s] -- Set runtime path of "/home/amejiyo/yolobot/install/interfaces/lib/libinterfaces__rosidl_typesupport_introspection_cpp.so" to ""
[4.276s] -- Installing: /home/amejiyo/yolobot/install/interfaces/lib/libinterfaces__rosidl_typesupport_cpp.so
[4.276s] -- Set runtime path of "/home/amejiyo/yolobot/install/interfaces/lib/libinterfaces__rosidl_typesupport_cpp.so" to ""
[4.276s] -- Installing: /home/amejiyo/yolobot/install/interfaces/share/interfaces/environment/pythonpath.sh
[4.276s] -- Installing: /home/amejiyo/yolobot/install/interfaces/share/interfaces/environment/pythonpath.dsv
[4.276s] -- Installing: /home/amejiyo/yolobot/install/interfaces/lib/python3.8/site-packages/interfaces/__init__.py
[4.306s] Compiling '/home/amejiyo/yolobot/install/interfaces/lib/python3.8/site-packages/interfaces/__init__.py'...
[4.311s] -- Installing: /home/amejiyo/yolobot/install/interfaces/lib/python3.8/site-packages/interfaces/msg
[4.311s] -- Installing: /home/amejiyo/yolobot/install/interfaces/lib/python3.8/site-packages/interfaces/msg/_dect_s.c
[4.311s] -- Installing: /home/amejiyo/yolobot/install/interfaces/lib/python3.8/site-packages/interfaces/msg/__init__.py
[4.311s] -- Installing: /home/amejiyo/yolobot/install/interfaces/lib/python3.8/site-packages/interfaces/msg/_dect.py
[4.312s] -- Installing: /home/amejiyo/yolobot/install/interfaces/lib/python3.8/site-packages/interfaces/interfaces_s__rosidl_typesupport_fastrtps_c.cpython-38-x86_64-linux-gnu.so
[4.313s] -- Set runtime path of "/home/amejiyo/yolobot/install/interfaces/lib/python3.8/site-packages/interfaces/interfaces_s__rosidl_typesupport_fastrtps_c.cpython-38-x86_64-linux-gnu.so" to ""
[4.313s] -- Installing: /home/amejiyo/yolobot/install/interfaces/lib/python3.8/site-packages/interfaces/interfaces_s__rosidl_typesupport_introspection_c.cpython-38-x86_64-linux-gnu.so
[4.314s] -- Set runtime path of "/home/amejiyo/yolobot/install/interfaces/lib/python3.8/site-packages/interfaces/interfaces_s__rosidl_typesupport_introspection_c.cpython-38-x86_64-linux-gnu.so" to ""
[4.314s] -- Installing: /home/amejiyo/yolobot/install/interfaces/lib/python3.8/site-packages/interfaces/interfaces_s__rosidl_typesupport_c.cpython-38-x86_64-linux-gnu.so
[4.315s] -- Set runtime path of "/home/amejiyo/yolobot/install/interfaces/lib/python3.8/site-packages/interfaces/interfaces_s__rosidl_typesupport_c.cpython-38-x86_64-linux-gnu.so" to ""
[4.315s] -- Installing: /home/amejiyo/yolobot/install/interfaces/lib/libinterfaces__python.so
[4.316s] -- Set runtime path of "/home/amejiyo/yolobot/install/interfaces/lib/libinterfaces__python.so" to ""
[4.316s] -- Installing: /home/amejiyo/yolobot/install/interfaces/share/interfaces/msg/Dect.idl
[4.316s] -- Installing: /home/amejiyo/yolobot/install/interfaces/share/interfaces/msg/Dect.msg
[4.317s] -- Installing: /home/amejiyo/yolobot/install/interfaces/share/ament_index/resource_index/package_run_dependencies/interfaces
[4.317s] -- Installing: /home/amejiyo/yolobot/install/interfaces/share/ament_index/resource_index/parent_prefix_path/interfaces
[4.317s] -- Installing: /home/amejiyo/yolobot/install/interfaces/share/interfaces/environment/ament_prefix_path.sh
[4.318s] -- Installing: /home/amejiyo/yolobot/install/interfaces/share/interfaces/environment/ament_prefix_path.dsv
[4.318s] -- Installing: /home/amejiyo/yolobot/install/interfaces/share/interfaces/environment/path.sh
[4.318s] -- Installing: /home/amejiyo/yolobot/install/interfaces/share/interfaces/environment/path.dsv
[4.318s] -- Installing: /home/amejiyo/yolobot/install/interfaces/share/interfaces/local_setup.bash
[4.318s] -- Installing: /home/amejiyo/yolobot/install/interfaces/share/interfaces/local_setup.sh
[4.318s] -- Installing: /home/amejiyo/yolobot/install/interfaces/share/interfaces/local_setup.zsh
[4.318s] -- Installing: /home/amejiyo/yolobot/install/interfaces/share/interfaces/local_setup.dsv
[4.319s] -- Installing: /home/amejiyo/yolobot/install/interfaces/share/interfaces/package.dsv
[4.319s] -- Installing: /home/amejiyo/yolobot/install/interfaces/share/ament_index/resource_index/packages/interfaces
[4.319s] -- Installing: /home/amejiyo/yolobot/install/interfaces/share/interfaces/cmake/interfaces__rosidl_generator_cExport.cmake
[4.319s] -- Installing: /home/amejiyo/yolobot/install/interfaces/share/interfaces/cmake/interfaces__rosidl_generator_cExport-noconfig.cmake
[4.320s] -- Installing: /home/amejiyo/yolobot/install/interfaces/share/interfaces/cmake/interfaces__rosidl_typesupport_introspection_cExport.cmake
[4.320s] -- Installing: /home/amejiyo/yolobot/install/interfaces/share/interfaces/cmake/interfaces__rosidl_typesupport_introspection_cExport-noconfig.cmake
[4.320s] -- Installing: /home/amejiyo/yolobot/install/interfaces/share/interfaces/cmake/interfaces__rosidl_typesupport_cExport.cmake
[4.320s] -- Installing: /home/amejiyo/yolobot/install/interfaces/share/interfaces/cmake/interfaces__rosidl_typesupport_cExport-noconfig.cmake
[4.321s] -- Installing: /home/amejiyo/yolobot/install/interfaces/share/interfaces/cmake/interfaces__rosidl_generator_cppExport.cmake
[4.321s] -- Installing: /home/amejiyo/yolobot/install/interfaces/share/interfaces/cmake/interfaces__rosidl_typesupport_introspection_cppExport.cmake
[4.321s] -- Installing: /home/amejiyo/yolobot/install/interfaces/share/interfaces/cmake/interfaces__rosidl_typesupport_introspection_cppExport-noconfig.cmake
[4.321s] -- Installing: /home/amejiyo/yolobot/install/interfaces/share/interfaces/cmake/interfaces__rosidl_typesupport_cppExport.cmake
[4.321s] -- Installing: /home/amejiyo/yolobot/install/interfaces/share/interfaces/cmake/interfaces__rosidl_typesupport_cppExport-noconfig.cmake
[4.322s] -- Installing: /home/amejiyo/yolobot/install/interfaces/share/interfaces/cmake/rosidl_cmake-extras.cmake
[4.322s] -- Installing: /home/amejiyo/yolobot/install/interfaces/share/interfaces/cmake/ament_cmake_export_dependencies-extras.cmake
[4.322s] -- Installing: /home/amejiyo/yolobot/install/interfaces/share/interfaces/cmake/ament_cmake_export_libraries-extras.cmake
[4.322s] -- Installing: /home/amejiyo/yolobot/install/interfaces/share/interfaces/cmake/ament_cmake_export_targets-extras.cmake
[4.323s] -- Installing: /home/amejiyo/yolobot/install/interfaces/share/interfaces/cmake/ament_cmake_export_include_directories-extras.cmake
[4.323s] -- Installing: /home/amejiyo/yolobot/install/interfaces/share/interfaces/cmake/rosidl_cmake_export_typesupport_libraries-extras.cmake
[4.323s] -- Installing: /home/amejiyo/yolobot/install/interfaces/share/interfaces/cmake/rosidl_cmake_export_typesupport_targets-extras.cmake
[4.323s] -- Installing: /home/amejiyo/yolobot/install/interfaces/share/interfaces/cmake/interfacesConfig.cmake
[4.323s] -- Installing: /home/amejiyo/yolobot/install/interfaces/share/interfaces/cmake/interfacesConfig-version.cmake
[4.323s] -- Installing: /home/amejiyo/yolobot/install/interfaces/share/interfaces/package.xml
[4.327s] Invoked command in '/home/amejiyo/yolobot/build/interfaces' returned '0': CMAKE_PREFIX_PATH=${CMAKE_PREFIX_PATH}:/home/amejiyo/yolobot/install/yolobot_detection:/home/amejiyo/yolobot/install/yoloDetection:/home/amejiyo/GitHub/502/detection/install/yolobot_detection:/opt/ros/foxy /usr/bin/cmake --install /home/amejiyo/yolobot/build/interfaces
