[0.062s] Invoking command in '/home/amejiyo/yolobot/build/yolobot_control': CMAKE_PREFIX_PATH=${CMAKE_PREFIX_PATH}:/home/amejiyo/ros2_ws/install/py_pubsub:/home/amejiyo/ros2_ws/install/opencv_tests:/home/amejiyo/ros2_ws/install/detection:/opt/ros/foxy /usr/bin/cmake --build /home/amejiyo/yolobot/build/yolobot_control -- -j16 -l16
[0.105s] Invoked command in '/home/amejiyo/yolobot/build/yolobot_control' returned '0': CMAKE_PREFIX_PATH=${CMAKE_PREFIX_PATH}:/home/amejiyo/ros2_ws/install/py_pubsub:/home/amejiyo/ros2_ws/install/opencv_tests:/home/amejiyo/ros2_ws/install/detection:/opt/ros/foxy /usr/bin/cmake --build /home/amejiyo/yolobot/build/yolobot_control -- -j16 -l16
[0.150s] Invoking command in '/home/amejiyo/yolobot/build/yolobot_control': CMAKE_PREFIX_PATH=${CMAKE_PREFIX_PATH}:/home/amejiyo/ros2_ws/install/py_pubsub:/home/amejiyo/ros2_ws/install/opencv_tests:/home/amejiyo/ros2_ws/install/detection:/opt/ros/foxy /usr/bin/cmake --install /home/amejiyo/yolobot/build/yolobot_control
[0.162s] -- Install configuration: ""
[0.162s] -- Up-to-date: /home/amejiyo/yolobot/install/yolobot_control/share/yolobot_control//scripts
[0.163s] -- Up-to-date: /home/amejiyo/yolobot/install/yolobot_control/share/yolobot_control//scripts/robot_control.py
[0.163s] -- Up-to-date: /home/amejiyo/yolobot/install/yolobot_control/share/yolobot_control//launch
[0.164s] -- Up-to-date: /home/amejiyo/yolobot/install/yolobot_control/share/yolobot_control//launch/yolobot_control.launch.py
[0.164s] -- Up-to-date: /home/amejiyo/yolobot/install/yolobot_control/lib/yolobot_control/robot_control.py
[0.164s] -- Up-to-date: /home/amejiyo/yolobot/install/yolobot_control/lib/yolobot_control/yolobot_control.launch.py
[0.164s] -- Up-to-date: /home/amejiyo/yolobot/install/yolobot_control/share/ament_index/resource_index/package_run_dependencies/yolobot_control
[0.164s] -- Up-to-date: /home/amejiyo/yolobot/install/yolobot_control/share/ament_index/resource_index/parent_prefix_path/yolobot_control
[0.164s] -- Up-to-date: /home/amejiyo/yolobot/install/yolobot_control/share/yolobot_control/environment/ament_prefix_path.sh
[0.164s] -- Up-to-date: /home/amejiyo/yolobot/install/yolobot_control/share/yolobot_control/environment/ament_prefix_path.dsv
[0.165s] -- Up-to-date: /home/amejiyo/yolobot/install/yolobot_control/share/yolobot_control/environment/path.sh
[0.165s] -- Up-to-date: /home/amejiyo/yolobot/install/yolobot_control/share/yolobot_control/environment/path.dsv
[0.165s] -- Up-to-date: /home/amejiyo/yolobot/install/yolobot_control/share/yolobot_control/local_setup.bash
[0.165s] -- Up-to-date: /home/amejiyo/yolobot/install/yolobot_control/share/yolobot_control/local_setup.sh
[0.165s] -- Up-to-date: /home/amejiyo/yolobot/install/yolobot_control/share/yolobot_control/local_setup.zsh
[0.165s] -- Up-to-date: /home/amejiyo/yolobot/install/yolobot_control/share/yolobot_control/local_setup.dsv
[0.165s] -- Installing: /home/amejiyo/yolobot/install/yolobot_control/share/yolobot_control/package.dsv
[0.165s] -- Up-to-date: /home/amejiyo/yolobot/install/yolobot_control/share/ament_index/resource_index/packages/yolobot_control
[0.165s] -- Up-to-date: /home/amejiyo/yolobot/install/yolobot_control/share/yolobot_control/cmake/yolobot_controlConfig.cmake
[0.166s] -- Up-to-date: /home/amejiyo/yolobot/install/yolobot_control/share/yolobot_control/cmake/yolobot_controlConfig-version.cmake
[0.166s] -- Up-to-date: /home/amejiyo/yolobot/install/yolobot_control/share/yolobot_control/package.xml
[0.170s] Invoked command in '/home/amejiyo/yolobot/build/yolobot_control' returned '0': CMAKE_PREFIX_PATH=${CMAKE_PREFIX_PATH}:/home/amejiyo/ros2_ws/install/py_pubsub:/home/amejiyo/ros2_ws/install/opencv_tests:/home/amejiyo/ros2_ws/install/detection:/opt/ros/foxy /usr/bin/cmake --install /home/amejiyo/yolobot/build/yolobot_control
