[0.887s] Invoking command in '/home/amejiyo/yolobot/src/yolobot_recognition': PYTHONPATH=/home/amejiyo/yolobot/install/yolobot_recognition/lib/python3.8/site-packages:${PYTHONPATH} /usr/bin/python3 setup.py egg_info --egg-base ../../build/yolobot_recognition build --build-base /home/amejiyo/yolobot/build/yolobot_recognition/build install --prefix /home/amejiyo/yolobot/install/yolobot_recognition --record /home/amejiyo/yolobot/build/yolobot_recognition/install.log --single-version-externally-managed
[1.155s] running egg_info
[1.156s] writing ../../build/yolobot_recognition/yolobot_recognition.egg-info/PKG-INFO
[1.156s] writing dependency_links to ../../build/yolobot_recognition/yolobot_recognition.egg-info/dependency_links.txt
[1.156s] writing entry points to ../../build/yolobot_recognition/yolobot_recognition.egg-info/entry_points.txt
[1.156s] writing requirements to ../../build/yolobot_recognition/yolobot_recognition.egg-info/requires.txt
[1.156s] writing top-level names to ../../build/yolobot_recognition/yolobot_recognition.egg-info/top_level.txt
[1.195s] reading manifest file '../../build/yolobot_recognition/yolobot_recognition.egg-info/SOURCES.txt'
[1.196s] writing manifest file '../../build/yolobot_recognition/yolobot_recognition.egg-info/SOURCES.txt'
[1.197s] running build
[1.197s] running build_py
[1.197s] copying yolobot_recognition/detection_lib/__init__.py -> /home/amejiyo/yolobot/build/yolobot_recognition/build/lib/yolobot_recognition/detection_lib
[1.197s] running install
[1.198s] running install_lib
[1.200s] copying /home/amejiyo/yolobot/build/yolobot_recognition/build/lib/yolobot_recognition/detection_lib/__init__.py -> /home/amejiyo/yolobot/install/yolobot_recognition/lib/python3.8/site-packages/yolobot_recognition/detection_lib
[1.200s] byte-compiling /home/amejiyo/yolobot/install/yolobot_recognition/lib/python3.8/site-packages/yolobot_recognition/detection_lib/__init__.py to __init__.cpython-38.pyc
[1.201s] running install_data
[1.202s] running install_egg_info
[1.204s] removing '/home/amejiyo/yolobot/install/yolobot_recognition/lib/python3.8/site-packages/yolobot_recognition-0.0.0-py3.8.egg-info' (and everything under it)
[1.205s] Copying ../../build/yolobot_recognition/yolobot_recognition.egg-info to /home/amejiyo/yolobot/install/yolobot_recognition/lib/python3.8/site-packages/yolobot_recognition-0.0.0-py3.8.egg-info
[1.205s] running install_scripts
[1.226s] Installing detect_talker script to /home/amejiyo/yolobot/install/yolobot_recognition/lib/yolobot_recognition
[1.226s] writing list of installed files to '/home/amejiyo/yolobot/build/yolobot_recognition/install.log'
[1.267s] Invoked command in '/home/amejiyo/yolobot/src/yolobot_recognition' returned '0': PYTHONPATH=/home/amejiyo/yolobot/install/yolobot_recognition/lib/python3.8/site-packages:${PYTHONPATH} /usr/bin/python3 setup.py egg_info --egg-base ../../build/yolobot_recognition build --build-base /home/amejiyo/yolobot/build/yolobot_recognition/build install --prefix /home/amejiyo/yolobot/install/yolobot_recognition --record /home/amejiyo/yolobot/build/yolobot_recognition/install.log --single-version-externally-managed
