[0.967s] Invoking command in '/home/amejiyo/ros2_ws/src/py_pubsub': PYTHONPATH=/home/amejiyo/ros2_ws/install/py_pubsub/lib/python3.8/site-packages:${PYTHONPATH} /usr/bin/python3 setup.py egg_info --egg-base ../../build/py_pubsub build --build-base /home/amejiyo/ros2_ws/build/py_pubsub/build install --prefix /home/amejiyo/ros2_ws/install/py_pubsub --record /home/amejiyo/ros2_ws/build/py_pubsub/install.log --single-version-externally-managed
[1.195s] running egg_info
[1.195s] creating ../../build/py_pubsub/py_pubsub.egg-info
[1.195s] writing ../../build/py_pubsub/py_pubsub.egg-info/PKG-INFO
[1.196s] writing dependency_links to ../../build/py_pubsub/py_pubsub.egg-info/dependency_links.txt
[1.196s] writing entry points to ../../build/py_pubsub/py_pubsub.egg-info/entry_points.txt
[1.196s] writing requirements to ../../build/py_pubsub/py_pubsub.egg-info/requires.txt
[1.196s] writing top-level names to ../../build/py_pubsub/py_pubsub.egg-info/top_level.txt
[1.197s] writing manifest file '../../build/py_pubsub/py_pubsub.egg-info/SOURCES.txt'
[1.229s] reading manifest file '../../build/py_pubsub/py_pubsub.egg-info/SOURCES.txt'
[1.229s] writing manifest file '../../build/py_pubsub/py_pubsub.egg-info/SOURCES.txt'
[1.229s] running build
[1.229s] running build_py
[1.230s] creating /home/amejiyo/ros2_ws/build/py_pubsub/build
[1.230s] creating /home/amejiyo/ros2_ws/build/py_pubsub/build/lib
[1.230s] creating /home/amejiyo/ros2_ws/build/py_pubsub/build/lib/py_pubsub
[1.230s] copying py_pubsub/publisher_member_function.py -> /home/amejiyo/ros2_ws/build/py_pubsub/build/lib/py_pubsub
[1.230s] copying py_pubsub/__init__.py -> /home/amejiyo/ros2_ws/build/py_pubsub/build/lib/py_pubsub
[1.230s] copying py_pubsub/subscriber_member_function.py -> /home/amejiyo/ros2_ws/build/py_pubsub/build/lib/py_pubsub
[1.230s] running install
[1.231s] running install_lib
[1.232s] creating /home/amejiyo/ros2_ws/install/py_pubsub/lib/python3.8/site-packages/py_pubsub
[1.232s] copying /home/amejiyo/ros2_ws/build/py_pubsub/build/lib/py_pubsub/publisher_member_function.py -> /home/amejiyo/ros2_ws/install/py_pubsub/lib/python3.8/site-packages/py_pubsub
[1.233s] copying /home/amejiyo/ros2_ws/build/py_pubsub/build/lib/py_pubsub/__init__.py -> /home/amejiyo/ros2_ws/install/py_pubsub/lib/python3.8/site-packages/py_pubsub
[1.233s] copying /home/amejiyo/ros2_ws/build/py_pubsub/build/lib/py_pubsub/subscriber_member_function.py -> /home/amejiyo/ros2_ws/install/py_pubsub/lib/python3.8/site-packages/py_pubsub
[1.233s] byte-compiling /home/amejiyo/ros2_ws/install/py_pubsub/lib/python3.8/site-packages/py_pubsub/publisher_member_function.py to publisher_member_function.cpython-38.pyc
[1.234s] byte-compiling /home/amejiyo/ros2_ws/install/py_pubsub/lib/python3.8/site-packages/py_pubsub/__init__.py to __init__.cpython-38.pyc
[1.235s] byte-compiling /home/amejiyo/ros2_ws/install/py_pubsub/lib/python3.8/site-packages/py_pubsub/subscriber_member_function.py to subscriber_member_function.cpython-38.pyc
[1.235s] running install_data
[1.236s] creating /home/amejiyo/ros2_ws/install/py_pubsub/share/ament_index
[1.236s] creating /home/amejiyo/ros2_ws/install/py_pubsub/share/ament_index/resource_index
[1.236s] creating /home/amejiyo/ros2_ws/install/py_pubsub/share/ament_index/resource_index/packages
[1.236s] copying resource/py_pubsub -> /home/amejiyo/ros2_ws/install/py_pubsub/share/ament_index/resource_index/packages
[1.236s] copying package.xml -> /home/amejiyo/ros2_ws/install/py_pubsub/share/py_pubsub
[1.236s] running install_egg_info
[1.238s] Copying ../../build/py_pubsub/py_pubsub.egg-info to /home/amejiyo/ros2_ws/install/py_pubsub/lib/python3.8/site-packages/py_pubsub-0.0.0-py3.8.egg-info
[1.238s] running install_scripts
[1.254s] Installing listener script to /home/amejiyo/ros2_ws/install/py_pubsub/lib/py_pubsub
[1.255s] Installing talker script to /home/amejiyo/ros2_ws/install/py_pubsub/lib/py_pubsub
[1.255s] writing list of installed files to '/home/amejiyo/ros2_ws/build/py_pubsub/install.log'
[1.288s] Invoked command in '/home/amejiyo/ros2_ws/src/py_pubsub' returned '0': PYTHONPATH=/home/amejiyo/ros2_ws/install/py_pubsub/lib/python3.8/site-packages:${PYTHONPATH} /usr/bin/python3 setup.py egg_info --egg-base ../../build/py_pubsub build --build-base /home/amejiyo/ros2_ws/build/py_pubsub/build install --prefix /home/amejiyo/ros2_ws/install/py_pubsub --record /home/amejiyo/ros2_ws/build/py_pubsub/install.log --single-version-externally-managed
