[0.912s] Invoking command in '/home/amejiyo/ros2_ws/src/py_pubsub': PYTHONPATH=/home/amejiyo/ros2_ws/install/py_pubsub/lib/python3.8/site-packages:${PYTHONPATH} /usr/bin/python3 setup.py egg_info --egg-base ../../build/py_pubsub build --build-base /home/amejiyo/ros2_ws/build/py_pubsub/build install --prefix /home/amejiyo/ros2_ws/install/py_pubsub --record /home/amejiyo/ros2_ws/build/py_pubsub/install.log --single-version-externally-managed
[1.113s] running egg_info
[1.113s] writing ../../build/py_pubsub/py_pubsub.egg-info/PKG-INFO
[1.114s] writing dependency_links to ../../build/py_pubsub/py_pubsub.egg-info/dependency_links.txt
[1.114s] writing entry points to ../../build/py_pubsub/py_pubsub.egg-info/entry_points.txt
[1.114s] writing requirements to ../../build/py_pubsub/py_pubsub.egg-info/requires.txt
[1.114s] writing top-level names to ../../build/py_pubsub/py_pubsub.egg-info/top_level.txt
[1.147s] reading manifest file '../../build/py_pubsub/py_pubsub.egg-info/SOURCES.txt'
[1.148s] writing manifest file '../../build/py_pubsub/py_pubsub.egg-info/SOURCES.txt'
[1.148s] running build
[1.148s] running build_py
[1.148s] running install
[1.150s] running install_lib
[1.151s] running install_data
[1.151s] running install_egg_info
[1.153s] removing '/home/amejiyo/ros2_ws/install/py_pubsub/lib/python3.8/site-packages/py_pubsub-0.0.0-py3.8.egg-info' (and everything under it)
[1.154s] Copying ../../build/py_pubsub/py_pubsub.egg-info to /home/amejiyo/ros2_ws/install/py_pubsub/lib/python3.8/site-packages/py_pubsub-0.0.0-py3.8.egg-info
[1.154s] running install_scripts
[1.167s] Installing listener script to /home/amejiyo/ros2_ws/install/py_pubsub/lib/py_pubsub
[1.168s] Installing talker script to /home/amejiyo/ros2_ws/install/py_pubsub/lib/py_pubsub
[1.168s] writing list of installed files to '/home/amejiyo/ros2_ws/build/py_pubsub/install.log'
[1.197s] Invoked command in '/home/amejiyo/ros2_ws/src/py_pubsub' returned '0': PYTHONPATH=/home/amejiyo/ros2_ws/install/py_pubsub/lib/python3.8/site-packages:${PYTHONPATH} /usr/bin/python3 setup.py egg_info --egg-base ../../build/py_pubsub build --build-base /home/amejiyo/ros2_ws/build/py_pubsub/build install --prefix /home/amejiyo/ros2_ws/install/py_pubsub --record /home/amejiyo/ros2_ws/build/py_pubsub/install.log --single-version-externally-managed
