[1.013s] Invoking command in '/home/amejiyo/ros2_ws/src/detection': PYTHONPATH=/home/amejiyo/ros2_ws/install/detection/lib/python3.8/site-packages:${PYTHONPATH} /usr/bin/python3 setup.py egg_info --egg-base ../../build/detection build --build-base /home/amejiyo/ros2_ws/build/detection/build install --prefix /home/amejiyo/ros2_ws/install/detection --record /home/amejiyo/ros2_ws/build/detection/install.log --single-version-externally-managed
[1.233s] running egg_info
[1.233s] creating ../../build/detection/detection.egg-info
[1.233s] writing ../../build/detection/detection.egg-info/PKG-INFO
[1.234s] writing dependency_links to ../../build/detection/detection.egg-info/dependency_links.txt
[1.234s] writing entry points to ../../build/detection/detection.egg-info/entry_points.txt
[1.234s] writing requirements to ../../build/detection/detection.egg-info/requires.txt
[1.234s] writing top-level names to ../../build/detection/detection.egg-info/top_level.txt
[1.236s] writing manifest file '../../build/detection/detection.egg-info/SOURCES.txt'
[1.267s] package init file 'detection/detection_lib/__init__.py' not found (or not a regular file)
[1.268s] reading manifest file '../../build/detection/detection.egg-info/SOURCES.txt'
[1.268s] writing manifest file '../../build/detection/detection.egg-info/SOURCES.txt'
[1.268s] running build
[1.268s] running build_py
[1.268s] creating /home/amejiyo/ros2_ws/build/detection/build
[1.268s] creating /home/amejiyo/ros2_ws/build/detection/build/lib
[1.269s] creating /home/amejiyo/ros2_ws/build/detection/build/lib/detection
[1.269s] copying detection/__init__.py -> /home/amejiyo/ros2_ws/build/detection/build/lib/detection
[1.269s] copying detection/fine_detect_publisher.py -> /home/amejiyo/ros2_ws/build/detection/build/lib/detection
[1.269s] creating /home/amejiyo/ros2_ws/build/detection/build/lib/detection/detection_lib
[1.269s] copying detection/detection_lib/main_debug.py -> /home/amejiyo/ros2_ws/build/detection/build/lib/detection/detection_lib
[1.269s] copying detection/detection_lib/runfil.py -> /home/amejiyo/ros2_ws/build/detection/build/lib/detection/detection_lib
[1.269s] copying detection/detection_lib/detect.py -> /home/amejiyo/ros2_ws/build/detection/build/lib/detection/detection_lib
[1.269s] copying detection/detection_lib/try.py -> /home/amejiyo/ros2_ws/build/detection/build/lib/detection/detection_lib
[1.269s] copying detection/detection_lib/main.py -> /home/amejiyo/ros2_ws/build/detection/build/lib/detection/detection_lib
[1.270s] running install
[1.270s] running install_lib
[1.271s] creating /home/amejiyo/ros2_ws/install/detection/lib/python3.8/site-packages/detection
[1.272s] creating /home/amejiyo/ros2_ws/install/detection/lib/python3.8/site-packages/detection/detection_lib
[1.272s] copying /home/amejiyo/ros2_ws/build/detection/build/lib/detection/detection_lib/main_debug.py -> /home/amejiyo/ros2_ws/install/detection/lib/python3.8/site-packages/detection/detection_lib
[1.272s] copying /home/amejiyo/ros2_ws/build/detection/build/lib/detection/detection_lib/runfil.py -> /home/amejiyo/ros2_ws/install/detection/lib/python3.8/site-packages/detection/detection_lib
[1.272s] copying /home/amejiyo/ros2_ws/build/detection/build/lib/detection/detection_lib/detect.py -> /home/amejiyo/ros2_ws/install/detection/lib/python3.8/site-packages/detection/detection_lib
[1.272s] copying /home/amejiyo/ros2_ws/build/detection/build/lib/detection/detection_lib/try.py -> /home/amejiyo/ros2_ws/install/detection/lib/python3.8/site-packages/detection/detection_lib
[1.272s] copying /home/amejiyo/ros2_ws/build/detection/build/lib/detection/detection_lib/main.py -> /home/amejiyo/ros2_ws/install/detection/lib/python3.8/site-packages/detection/detection_lib
[1.272s] copying /home/amejiyo/ros2_ws/build/detection/build/lib/detection/__init__.py -> /home/amejiyo/ros2_ws/install/detection/lib/python3.8/site-packages/detection
[1.272s] copying /home/amejiyo/ros2_ws/build/detection/build/lib/detection/fine_detect_publisher.py -> /home/amejiyo/ros2_ws/install/detection/lib/python3.8/site-packages/detection
[1.272s] byte-compiling /home/amejiyo/ros2_ws/install/detection/lib/python3.8/site-packages/detection/detection_lib/main_debug.py to main_debug.cpython-38.pyc
[1.275s] byte-compiling /home/amejiyo/ros2_ws/install/detection/lib/python3.8/site-packages/detection/detection_lib/runfil.py to runfil.cpython-38.pyc
[1.275s] byte-compiling /home/amejiyo/ros2_ws/install/detection/lib/python3.8/site-packages/detection/detection_lib/detect.py to detect.cpython-38.pyc
[1.277s] byte-compiling /home/amejiyo/ros2_ws/install/detection/lib/python3.8/site-packages/detection/detection_lib/try.py to try.cpython-38.pyc
[1.277s] byte-compiling /home/amejiyo/ros2_ws/install/detection/lib/python3.8/site-packages/detection/detection_lib/main.py to main.cpython-38.pyc
[1.278s] byte-compiling /home/amejiyo/ros2_ws/install/detection/lib/python3.8/site-packages/detection/__init__.py to __init__.cpython-38.pyc
[1.279s] byte-compiling /home/amejiyo/ros2_ws/install/detection/lib/python3.8/site-packages/detection/fine_detect_publisher.py to fine_detect_publisher.cpython-38.pyc
[1.279s] running install_data
[1.280s] creating /home/amejiyo/ros2_ws/install/detection/share/ament_index
[1.280s] creating /home/amejiyo/ros2_ws/install/detection/share/ament_index/resource_index
[1.280s] creating /home/amejiyo/ros2_ws/install/detection/share/ament_index/resource_index/packages
[1.280s] copying resource/detection -> /home/amejiyo/ros2_ws/install/detection/share/ament_index/resource_index/packages
[1.280s] copying package.xml -> /home/amejiyo/ros2_ws/install/detection/share/detection
[1.280s] running install_egg_info
[1.282s] Copying ../../build/detection/detection.egg-info to /home/amejiyo/ros2_ws/install/detection/lib/python3.8/site-packages/detection-0.0.0-py3.8.egg-info
[1.283s] running install_scripts
[1.299s] Installing detect_talker script to /home/amejiyo/ros2_ws/install/detection/lib/detection
[1.299s] writing list of installed files to '/home/amejiyo/ros2_ws/build/detection/install.log'
[1.335s] Invoked command in '/home/amejiyo/ros2_ws/src/detection' returned '0': PYTHONPATH=/home/amejiyo/ros2_ws/install/detection/lib/python3.8/site-packages:${PYTHONPATH} /usr/bin/python3 setup.py egg_info --egg-base ../../build/detection build --build-base /home/amejiyo/ros2_ws/build/detection/build install --prefix /home/amejiyo/ros2_ws/install/detection --record /home/amejiyo/ros2_ws/build/detection/install.log --single-version-externally-managed
