[0.119s] DEBUG:colcon:Command line arguments: ['/usr/bin/colcon', 'build']
[0.119s] DEBUG:colcon:Parsed command line arguments: Namespace(allow_overriding=[], ament_cmake_args=None, base_paths=['.'], build_base='build', catkin_cmake_args=None, catkin_skip_building_tests=False, cmake_args=None, cmake_clean_cache=False, cmake_clean_first=False, cmake_force_configure=False, cmake_target=None, cmake_target_skip_unavailable=False, continue_on_error=False, event_handlers=None, executor='parallel', ignore_user_meta=False, install_base='install', log_base=None, log_level=None, main=<bound method BuildVerb.main of <colcon_core.verb.build.BuildVerb object at 0x7fe69ff8e5e0>>, merge_install=False, metas=['./colcon.meta'], packages_above=None, packages_above_and_dependencies=None, packages_above_depth=None, packages_end=None, packages_ignore=None, packages_ignore_regex=None, packages_select=None, packages_select_build_failed=False, packages_select_by_dep=None, packages_select_regex=None, packages_select_test_failures=False, packages_skip=None, packages_skip_build_finished=False, packages_skip_by_dep=None, packages_skip_regex=None, packages_skip_test_passed=False, packages_skip_up_to=None, packages_start=None, packages_up_to=None, packages_up_to_regex=None, parallel_workers=16, paths=None, symlink_install=False, test_result_base=None, verb_extension=<colcon_core.verb.build.BuildVerb object at 0x7fe69ff8e5e0>, verb_name='build', verb_parser=<colcon_defaults.argument_parser.defaults.DefaultArgumentsDecorator object at 0x7fe69ff8eb20>)
[0.140s] Level 1:colcon.colcon_core.package_discovery:discover_packages(colcon_meta) check parameters
[0.140s] Level 1:colcon.colcon_core.package_discovery:discover_packages(recursive) check parameters
[0.140s] Level 1:colcon.colcon_core.package_discovery:discover_packages(ignore) check parameters
[0.140s] Level 1:colcon.colcon_core.package_discovery:discover_packages(path) check parameters
[0.140s] Level 1:colcon.colcon_core.package_discovery:discover_packages(colcon_meta) discover
[0.140s] Level 1:colcon.colcon_core.package_discovery:discover_packages(recursive) discover
[0.140s] INFO:colcon.colcon_core.package_discovery:Crawling recursively for packages in '/home/amejiyo/yolobot'
[0.140s] Level 1:colcon.colcon_core.package_identification:_identify(.) by extensions ['ignore', 'ignore_ament_install']
[0.140s] Level 1:colcon.colcon_core.package_identification:_identify(.) by extension 'ignore'
[0.140s] Level 1:colcon.colcon_core.package_identification:_identify(.) by extension 'ignore_ament_install'
[0.140s] Level 1:colcon.colcon_core.package_identification:_identify(.) by extensions ['colcon_pkg']
[0.140s] Level 1:colcon.colcon_core.package_identification:_identify(.) by extension 'colcon_pkg'
[0.140s] Level 1:colcon.colcon_core.package_identification:_identify(.) by extensions ['colcon_meta']
[0.140s] Level 1:colcon.colcon_core.package_identification:_identify(.) by extension 'colcon_meta'
[0.140s] Level 1:colcon.colcon_core.package_identification:_identify(.) by extensions ['ros']
[0.140s] Level 1:colcon.colcon_core.package_identification:_identify(.) by extension 'ros'
[0.198s] Level 1:colcon.colcon_core.package_identification:_identify(.) by extensions ['cmake', 'python']
[0.198s] Level 1:colcon.colcon_core.package_identification:_identify(.) by extension 'cmake'
[0.198s] Level 1:colcon.colcon_core.package_identification:_identify(.) by extension 'python'
[0.198s] Level 1:colcon.colcon_core.package_identification:_identify(.) by extensions ['python_setup_py']
[0.198s] Level 1:colcon.colcon_core.package_identification:_identify(.) by extension 'python_setup_py'
[0.198s] Level 1:colcon.colcon_core.package_identification:_identify(build) by extensions ['ignore', 'ignore_ament_install']
[0.199s] Level 1:colcon.colcon_core.package_identification:_identify(build) by extension 'ignore'
[0.199s] Level 1:colcon.colcon_core.package_identification:_identify(build) ignored
[0.199s] Level 1:colcon.colcon_core.package_identification:_identify(install) by extensions ['ignore', 'ignore_ament_install']
[0.199s] Level 1:colcon.colcon_core.package_identification:_identify(install) by extension 'ignore'
[0.199s] Level 1:colcon.colcon_core.package_identification:_identify(install) ignored
[0.199s] Level 1:colcon.colcon_core.package_identification:_identify(log) by extensions ['ignore', 'ignore_ament_install']
[0.199s] Level 1:colcon.colcon_core.package_identification:_identify(log) by extension 'ignore'
[0.199s] Level 1:colcon.colcon_core.package_identification:_identify(log) ignored
[0.199s] Level 1:colcon.colcon_core.package_identification:_identify(src) by extensions ['ignore', 'ignore_ament_install']
[0.199s] Level 1:colcon.colcon_core.package_identification:_identify(src) by extension 'ignore'
[0.199s] Level 1:colcon.colcon_core.package_identification:_identify(src) by extension 'ignore_ament_install'
[0.199s] Level 1:colcon.colcon_core.package_identification:_identify(src) by extensions ['colcon_pkg']
[0.199s] Level 1:colcon.colcon_core.package_identification:_identify(src) by extension 'colcon_pkg'
[0.199s] Level 1:colcon.colcon_core.package_identification:_identify(src) by extensions ['colcon_meta']
[0.199s] Level 1:colcon.colcon_core.package_identification:_identify(src) by extension 'colcon_meta'
[0.199s] Level 1:colcon.colcon_core.package_identification:_identify(src) by extensions ['ros']
[0.199s] Level 1:colcon.colcon_core.package_identification:_identify(src) by extension 'ros'
[0.199s] Level 1:colcon.colcon_core.package_identification:_identify(src) by extensions ['cmake', 'python']
[0.199s] Level 1:colcon.colcon_core.package_identification:_identify(src) by extension 'cmake'
[0.199s] Level 1:colcon.colcon_core.package_identification:_identify(src) by extension 'python'
[0.199s] Level 1:colcon.colcon_core.package_identification:_identify(src) by extensions ['python_setup_py']
[0.199s] Level 1:colcon.colcon_core.package_identification:_identify(src) by extension 'python_setup_py'
[0.199s] Level 1:colcon.colcon_core.package_identification:_identify(src/interfaces) by extensions ['ignore', 'ignore_ament_install']
[0.199s] Level 1:colcon.colcon_core.package_identification:_identify(src/interfaces) by extension 'ignore'
[0.200s] Level 1:colcon.colcon_core.package_identification:_identify(src/interfaces) by extension 'ignore_ament_install'
[0.200s] Level 1:colcon.colcon_core.package_identification:_identify(src/interfaces) by extensions ['colcon_pkg']
[0.200s] Level 1:colcon.colcon_core.package_identification:_identify(src/interfaces) by extension 'colcon_pkg'
[0.200s] Level 1:colcon.colcon_core.package_identification:_identify(src/interfaces) by extensions ['colcon_meta']
[0.200s] Level 1:colcon.colcon_core.package_identification:_identify(src/interfaces) by extension 'colcon_meta'
[0.200s] Level 1:colcon.colcon_core.package_identification:_identify(src/interfaces) by extensions ['ros']
[0.200s] Level 1:colcon.colcon_core.package_identification:_identify(src/interfaces) by extension 'ros'
[0.202s] DEBUG:colcon.colcon_core.package_identification:Package 'src/interfaces' with type 'ros.ament_cmake' and name 'interfaces'
[0.202s] Level 1:colcon.colcon_core.package_identification:_identify(src/realsense_gazebo_plugin) by extensions ['ignore', 'ignore_ament_install']
[0.202s] Level 1:colcon.colcon_core.package_identification:_identify(src/realsense_gazebo_plugin) by extension 'ignore'
[0.202s] Level 1:colcon.colcon_core.package_identification:_identify(src/realsense_gazebo_plugin) by extension 'ignore_ament_install'
[0.202s] Level 1:colcon.colcon_core.package_identification:_identify(src/realsense_gazebo_plugin) by extensions ['colcon_pkg']
[0.202s] Level 1:colcon.colcon_core.package_identification:_identify(src/realsense_gazebo_plugin) by extension 'colcon_pkg'
[0.202s] Level 1:colcon.colcon_core.package_identification:_identify(src/realsense_gazebo_plugin) by extensions ['colcon_meta']
[0.202s] Level 1:colcon.colcon_core.package_identification:_identify(src/realsense_gazebo_plugin) by extension 'colcon_meta'
[0.202s] Level 1:colcon.colcon_core.package_identification:_identify(src/realsense_gazebo_plugin) by extensions ['ros']
[0.202s] Level 1:colcon.colcon_core.package_identification:_identify(src/realsense_gazebo_plugin) by extension 'ros'
[0.203s] DEBUG:colcon.colcon_core.package_identification:Package 'src/realsense_gazebo_plugin' with type 'ros.catkin' and name 'realsense_gazebo_plugin'
[0.203s] Level 1:colcon.colcon_core.package_identification:_identify(src/yolobot_control) by extensions ['ignore', 'ignore_ament_install']
[0.203s] Level 1:colcon.colcon_core.package_identification:_identify(src/yolobot_control) by extension 'ignore'
[0.204s] Level 1:colcon.colcon_core.package_identification:_identify(src/yolobot_control) by extension 'ignore_ament_install'
[0.204s] Level 1:colcon.colcon_core.package_identification:_identify(src/yolobot_control) by extensions ['colcon_pkg']
[0.204s] Level 1:colcon.colcon_core.package_identification:_identify(src/yolobot_control) by extension 'colcon_pkg'
[0.204s] Level 1:colcon.colcon_core.package_identification:_identify(src/yolobot_control) by extensions ['colcon_meta']
[0.204s] Level 1:colcon.colcon_core.package_identification:_identify(src/yolobot_control) by extension 'colcon_meta'
[0.204s] Level 1:colcon.colcon_core.package_identification:_identify(src/yolobot_control) by extensions ['ros']
[0.204s] Level 1:colcon.colcon_core.package_identification:_identify(src/yolobot_control) by extension 'ros'
[0.204s] DEBUG:colcon.colcon_core.package_identification:Package 'src/yolobot_control' with type 'ros.ament_cmake' and name 'yolobot_control'
[0.205s] Level 1:colcon.colcon_core.package_identification:_identify(src/yolobot_description) by extensions ['ignore', 'ignore_ament_install']
[0.205s] Level 1:colcon.colcon_core.package_identification:_identify(src/yolobot_description) by extension 'ignore'
[0.205s] Level 1:colcon.colcon_core.package_identification:_identify(src/yolobot_description) by extension 'ignore_ament_install'
[0.205s] Level 1:colcon.colcon_core.package_identification:_identify(src/yolobot_description) by extensions ['colcon_pkg']
[0.205s] Level 1:colcon.colcon_core.package_identification:_identify(src/yolobot_description) by extension 'colcon_pkg'
[0.205s] Level 1:colcon.colcon_core.package_identification:_identify(src/yolobot_description) by extensions ['colcon_meta']
[0.205s] Level 1:colcon.colcon_core.package_identification:_identify(src/yolobot_description) by extension 'colcon_meta'
[0.205s] Level 1:colcon.colcon_core.package_identification:_identify(src/yolobot_description) by extensions ['ros']
[0.205s] Level 1:colcon.colcon_core.package_identification:_identify(src/yolobot_description) by extension 'ros'
[0.205s] DEBUG:colcon.colcon_core.package_identification:Package 'src/yolobot_description' with type 'ros.ament_cmake' and name 'yolobot_description'
[0.205s] Level 1:colcon.colcon_core.package_identification:_identify(src/yolobot_detection) by extensions ['ignore', 'ignore_ament_install']
[0.205s] Level 1:colcon.colcon_core.package_identification:_identify(src/yolobot_detection) by extension 'ignore'
[0.205s] Level 1:colcon.colcon_core.package_identification:_identify(src/yolobot_detection) by extension 'ignore_ament_install'
[0.205s] Level 1:colcon.colcon_core.package_identification:_identify(src/yolobot_detection) by extensions ['colcon_pkg']
[0.205s] Level 1:colcon.colcon_core.package_identification:_identify(src/yolobot_detection) by extension 'colcon_pkg'
[0.205s] Level 1:colcon.colcon_core.package_identification:_identify(src/yolobot_detection) by extensions ['colcon_meta']
[0.206s] Level 1:colcon.colcon_core.package_identification:_identify(src/yolobot_detection) by extension 'colcon_meta'
[0.206s] Level 1:colcon.colcon_core.package_identification:_identify(src/yolobot_detection) by extensions ['ros']
[0.206s] Level 1:colcon.colcon_core.package_identification:_identify(src/yolobot_detection) by extension 'ros'
[0.206s] DEBUG:colcon.colcon_core.package_identification:Package 'src/yolobot_detection' with type 'ros.ament_python' and name 'yolobot_detection'
[0.206s] Level 1:colcon.colcon_core.package_identification:_identify(src/yolobot_gazebo) by extensions ['ignore', 'ignore_ament_install']
[0.206s] Level 1:colcon.colcon_core.package_identification:_identify(src/yolobot_gazebo) by extension 'ignore'
[0.206s] Level 1:colcon.colcon_core.package_identification:_identify(src/yolobot_gazebo) by extension 'ignore_ament_install'
[0.206s] Level 1:colcon.colcon_core.package_identification:_identify(src/yolobot_gazebo) by extensions ['colcon_pkg']
[0.206s] Level 1:colcon.colcon_core.package_identification:_identify(src/yolobot_gazebo) by extension 'colcon_pkg'
[0.206s] Level 1:colcon.colcon_core.package_identification:_identify(src/yolobot_gazebo) by extensions ['colcon_meta']
[0.206s] Level 1:colcon.colcon_core.package_identification:_identify(src/yolobot_gazebo) by extension 'colcon_meta'
[0.206s] Level 1:colcon.colcon_core.package_identification:_identify(src/yolobot_gazebo) by extensions ['ros']
[0.206s] Level 1:colcon.colcon_core.package_identification:_identify(src/yolobot_gazebo) by extension 'ros'
[0.207s] DEBUG:colcon.colcon_core.package_identification:Package 'src/yolobot_gazebo' with type 'ros.ament_cmake' and name 'yolobot_gazebo'
[0.207s] Level 1:colcon.colcon_core.package_identification:_identify(src/yolobot_recognition) by extensions ['ignore', 'ignore_ament_install']
[0.207s] Level 1:colcon.colcon_core.package_identification:_identify(src/yolobot_recognition) by extension 'ignore'
[0.207s] Level 1:colcon.colcon_core.package_identification:_identify(src/yolobot_recognition) by extension 'ignore_ament_install'
[0.207s] Level 1:colcon.colcon_core.package_identification:_identify(src/yolobot_recognition) by extensions ['colcon_pkg']
[0.207s] Level 1:colcon.colcon_core.package_identification:_identify(src/yolobot_recognition) by extension 'colcon_pkg'
[0.207s] Level 1:colcon.colcon_core.package_identification:_identify(src/yolobot_recognition) by extensions ['colcon_meta']
[0.207s] Level 1:colcon.colcon_core.package_identification:_identify(src/yolobot_recognition) by extension 'colcon_meta'
[0.207s] Level 1:colcon.colcon_core.package_identification:_identify(src/yolobot_recognition) by extensions ['ros']
[0.207s] Level 1:colcon.colcon_core.package_identification:_identify(src/yolobot_recognition) by extension 'ros'
[0.207s] DEBUG:colcon.colcon_core.package_identification:Package 'src/yolobot_recognition' with type 'ros.ament_cmake' and name 'yolobot_recognition'
[0.207s] Level 1:colcon.colcon_core.package_discovery:discover_packages(recursive) using defaults
[0.207s] Level 1:colcon.colcon_core.package_discovery:discover_packages(ignore) discover
[0.207s] Level 1:colcon.colcon_core.package_discovery:discover_packages(ignore) using defaults
[0.207s] Level 1:colcon.colcon_core.package_discovery:discover_packages(path) discover
[0.207s] Level 1:colcon.colcon_core.package_discovery:discover_packages(path) using defaults
[0.224s] Level 1:colcon.colcon_core.package_discovery:discover_packages(prefix_path) check parameters
[0.224s] Level 1:colcon.colcon_core.package_discovery:discover_packages(prefix_path) discover
[0.226s] WARNING:colcon.colcon_ros.prefix_path.ament:The path '/home/amejiyo/yolobot/install/yolobot_recognition' in the environment variable AMENT_PREFIX_PATH doesn't exist
[0.226s] WARNING:colcon.colcon_ros.prefix_path.ament:The path '/home/amejiyo/yolobot/install/yolobot_gazebo' in the environment variable AMENT_PREFIX_PATH doesn't exist
[0.226s] WARNING:colcon.colcon_ros.prefix_path.ament:The path '/home/amejiyo/yolobot/install/yolobot_detection' in the environment variable AMENT_PREFIX_PATH doesn't exist
[0.226s] WARNING:colcon.colcon_ros.prefix_path.ament:The path '/home/amejiyo/yolobot/install/yolobot_description' in the environment variable AMENT_PREFIX_PATH doesn't exist
[0.226s] WARNING:colcon.colcon_ros.prefix_path.ament:The path '/home/amejiyo/yolobot/install/yolobot_control' in the environment variable AMENT_PREFIX_PATH doesn't exist
[0.226s] WARNING:colcon.colcon_ros.prefix_path.ament:The path '/home/amejiyo/yolobot/install/yoloDetection' in the environment variable AMENT_PREFIX_PATH doesn't exist
[0.226s] WARNING:colcon.colcon_ros.prefix_path.ament:The path '/home/amejiyo/yolobot/install/interfaces' in the environment variable AMENT_PREFIX_PATH doesn't exist
[0.226s] WARNING:colcon.colcon_ros.prefix_path.catkin:The path '/home/amejiyo/yolobot/install/yolobot_recognition' in the environment variable CMAKE_PREFIX_PATH doesn't exist
[0.226s] WARNING:colcon.colcon_ros.prefix_path.catkin:The path '/home/amejiyo/yolobot/install/yolobot_gazebo' in the environment variable CMAKE_PREFIX_PATH doesn't exist
[0.226s] WARNING:colcon.colcon_ros.prefix_path.catkin:The path '/home/amejiyo/yolobot/install/yolobot_description' in the environment variable CMAKE_PREFIX_PATH doesn't exist
[0.226s] WARNING:colcon.colcon_ros.prefix_path.catkin:The path '/home/amejiyo/yolobot/install/yolobot_control' in the environment variable CMAKE_PREFIX_PATH doesn't exist
[0.226s] WARNING:colcon.colcon_ros.prefix_path.catkin:The path '/home/amejiyo/yolobot/install/interfaces' in the environment variable CMAKE_PREFIX_PATH doesn't exist
[0.227s] DEBUG:colcon.colcon_installed_package_information.package_discovery:Found 0 installed packages in /home/amejiyo/yolobot/install
[0.228s] DEBUG:colcon.colcon_installed_package_information.package_discovery:Found 6 installed packages in /home/amejiyo/GitHub/502/detection/install
[0.229s] DEBUG:colcon.colcon_installed_package_information.package_discovery:Found 270 installed packages in /opt/ros/foxy
[0.230s] Level 1:colcon.colcon_core.package_discovery:discover_packages(prefix_path) using defaults
[0.286s] Level 5:colcon.colcon_core.verb:set package 'interfaces' build argument 'cmake_args' from command line to 'None'
[0.286s] Level 5:colcon.colcon_core.verb:set package 'interfaces' build argument 'cmake_target' from command line to 'None'
[0.286s] Level 5:colcon.colcon_core.verb:set package 'interfaces' build argument 'cmake_target_skip_unavailable' from command line to 'False'
[0.286s] Level 5:colcon.colcon_core.verb:set package 'interfaces' build argument 'cmake_clean_cache' from command line to 'False'
[0.286s] Level 5:colcon.colcon_core.verb:set package 'interfaces' build argument 'cmake_clean_first' from command line to 'False'
[0.286s] Level 5:colcon.colcon_core.verb:set package 'interfaces' build argument 'cmake_force_configure' from command line to 'False'
[0.286s] Level 5:colcon.colcon_core.verb:set package 'interfaces' build argument 'ament_cmake_args' from command line to 'None'
[0.286s] Level 5:colcon.colcon_core.verb:set package 'interfaces' build argument 'catkin_cmake_args' from command line to 'None'
[0.286s] Level 5:colcon.colcon_core.verb:set package 'interfaces' build argument 'catkin_skip_building_tests' from command line to 'False'
[0.286s] DEBUG:colcon.colcon_core.verb:Building package 'interfaces' with the following arguments: {'ament_cmake_args': None, 'build_base': '/home/amejiyo/yolobot/build/interfaces', 'catkin_cmake_args': None, 'catkin_skip_building_tests': False, 'cmake_args': None, 'cmake_clean_cache': False, 'cmake_clean_first': False, 'cmake_force_configure': False, 'cmake_target': None, 'cmake_target_skip_unavailable': False, 'install_base': '/home/amejiyo/yolobot/install/interfaces', 'merge_install': False, 'path': '/home/amejiyo/yolobot/src/interfaces', 'symlink_install': False, 'test_result_base': None}
[0.287s] Level 5:colcon.colcon_core.verb:set package 'realsense_gazebo_plugin' build argument 'cmake_args' from command line to 'None'
[0.287s] Level 5:colcon.colcon_core.verb:set package 'realsense_gazebo_plugin' build argument 'cmake_target' from command line to 'None'
[0.287s] Level 5:colcon.colcon_core.verb:set package 'realsense_gazebo_plugin' build argument 'cmake_target_skip_unavailable' from command line to 'False'
[0.287s] Level 5:colcon.colcon_core.verb:set package 'realsense_gazebo_plugin' build argument 'cmake_clean_cache' from command line to 'False'
[0.287s] Level 5:colcon.colcon_core.verb:set package 'realsense_gazebo_plugin' build argument 'cmake_clean_first' from command line to 'False'
[0.287s] Level 5:colcon.colcon_core.verb:set package 'realsense_gazebo_plugin' build argument 'cmake_force_configure' from command line to 'False'
[0.287s] Level 5:colcon.colcon_core.verb:set package 'realsense_gazebo_plugin' build argument 'ament_cmake_args' from command line to 'None'
[0.287s] Level 5:colcon.colcon_core.verb:set package 'realsense_gazebo_plugin' build argument 'catkin_cmake_args' from command line to 'None'
[0.287s] Level 5:colcon.colcon_core.verb:set package 'realsense_gazebo_plugin' build argument 'catkin_skip_building_tests' from command line to 'False'
[0.287s] DEBUG:colcon.colcon_core.verb:Building package 'realsense_gazebo_plugin' with the following arguments: {'ament_cmake_args': None, 'build_base': '/home/amejiyo/yolobot/build/realsense_gazebo_plugin', 'catkin_cmake_args': None, 'catkin_skip_building_tests': False, 'cmake_args': None, 'cmake_clean_cache': False, 'cmake_clean_first': False, 'cmake_force_configure': False, 'cmake_target': None, 'cmake_target_skip_unavailable': False, 'install_base': '/home/amejiyo/yolobot/install/realsense_gazebo_plugin', 'merge_install': False, 'path': '/home/amejiyo/yolobot/src/realsense_gazebo_plugin', 'symlink_install': False, 'test_result_base': None}
[0.288s] Level 5:colcon.colcon_core.verb:set package 'yolobot_control' build argument 'cmake_args' from command line to 'None'
[0.288s] Level 5:colcon.colcon_core.verb:set package 'yolobot_control' build argument 'cmake_target' from command line to 'None'
[0.288s] Level 5:colcon.colcon_core.verb:set package 'yolobot_control' build argument 'cmake_target_skip_unavailable' from command line to 'False'
[0.288s] Level 5:colcon.colcon_core.verb:set package 'yolobot_control' build argument 'cmake_clean_cache' from command line to 'False'
[0.288s] Level 5:colcon.colcon_core.verb:set package 'yolobot_control' build argument 'cmake_clean_first' from command line to 'False'
[0.288s] Level 5:colcon.colcon_core.verb:set package 'yolobot_control' build argument 'cmake_force_configure' from command line to 'False'
[0.288s] Level 5:colcon.colcon_core.verb:set package 'yolobot_control' build argument 'ament_cmake_args' from command line to 'None'
[0.288s] Level 5:colcon.colcon_core.verb:set package 'yolobot_control' build argument 'catkin_cmake_args' from command line to 'None'
[0.288s] Level 5:colcon.colcon_core.verb:set package 'yolobot_control' build argument 'catkin_skip_building_tests' from command line to 'False'
[0.288s] DEBUG:colcon.colcon_core.verb:Building package 'yolobot_control' with the following arguments: {'ament_cmake_args': None, 'build_base': '/home/amejiyo/yolobot/build/yolobot_control', 'catkin_cmake_args': None, 'catkin_skip_building_tests': False, 'cmake_args': None, 'cmake_clean_cache': False, 'cmake_clean_first': False, 'cmake_force_configure': False, 'cmake_target': None, 'cmake_target_skip_unavailable': False, 'install_base': '/home/amejiyo/yolobot/install/yolobot_control', 'merge_install': False, 'path': '/home/amejiyo/yolobot/src/yolobot_control', 'symlink_install': False, 'test_result_base': None}
[0.288s] Level 5:colcon.colcon_core.verb:set package 'yolobot_description' build argument 'cmake_args' from command line to 'None'
[0.288s] Level 5:colcon.colcon_core.verb:set package 'yolobot_description' build argument 'cmake_target' from command line to 'None'
[0.288s] Level 5:colcon.colcon_core.verb:set package 'yolobot_description' build argument 'cmake_target_skip_unavailable' from command line to 'False'
[0.288s] Level 5:colcon.colcon_core.verb:set package 'yolobot_description' build argument 'cmake_clean_cache' from command line to 'False'
[0.288s] Level 5:colcon.colcon_core.verb:set package 'yolobot_description' build argument 'cmake_clean_first' from command line to 'False'
[0.288s] Level 5:colcon.colcon_core.verb:set package 'yolobot_description' build argument 'cmake_force_configure' from command line to 'False'
[0.288s] Level 5:colcon.colcon_core.verb:set package 'yolobot_description' build argument 'ament_cmake_args' from command line to 'None'
[0.288s] Level 5:colcon.colcon_core.verb:set package 'yolobot_description' build argument 'catkin_cmake_args' from command line to 'None'
[0.288s] Level 5:colcon.colcon_core.verb:set package 'yolobot_description' build argument 'catkin_skip_building_tests' from command line to 'False'
[0.288s] DEBUG:colcon.colcon_core.verb:Building package 'yolobot_description' with the following arguments: {'ament_cmake_args': None, 'build_base': '/home/amejiyo/yolobot/build/yolobot_description', 'catkin_cmake_args': None, 'catkin_skip_building_tests': False, 'cmake_args': None, 'cmake_clean_cache': False, 'cmake_clean_first': False, 'cmake_force_configure': False, 'cmake_target': None, 'cmake_target_skip_unavailable': False, 'install_base': '/home/amejiyo/yolobot/install/yolobot_description', 'merge_install': False, 'path': '/home/amejiyo/yolobot/src/yolobot_description', 'symlink_install': False, 'test_result_base': None}
[0.289s] Level 5:colcon.colcon_core.verb:set package 'yolobot_detection' build argument 'cmake_args' from command line to 'None'
[0.289s] Level 5:colcon.colcon_core.verb:set package 'yolobot_detection' build argument 'cmake_target' from command line to 'None'
[0.289s] Level 5:colcon.colcon_core.verb:set package 'yolobot_detection' build argument 'cmake_target_skip_unavailable' from command line to 'False'
[0.289s] Level 5:colcon.colcon_core.verb:set package 'yolobot_detection' build argument 'cmake_clean_cache' from command line to 'False'
[0.289s] Level 5:colcon.colcon_core.verb:set package 'yolobot_detection' build argument 'cmake_clean_first' from command line to 'False'
[0.289s] Level 5:colcon.colcon_core.verb:set package 'yolobot_detection' build argument 'cmake_force_configure' from command line to 'False'
[0.289s] Level 5:colcon.colcon_core.verb:set package 'yolobot_detection' build argument 'ament_cmake_args' from command line to 'None'
[0.289s] Level 5:colcon.colcon_core.verb:set package 'yolobot_detection' build argument 'catkin_cmake_args' from command line to 'None'
[0.289s] Level 5:colcon.colcon_core.verb:set package 'yolobot_detection' build argument 'catkin_skip_building_tests' from command line to 'False'
[0.289s] DEBUG:colcon.colcon_core.verb:Building package 'yolobot_detection' with the following arguments: {'ament_cmake_args': None, 'build_base': '/home/amejiyo/yolobot/build/yolobot_detection', 'catkin_cmake_args': None, 'catkin_skip_building_tests': False, 'cmake_args': None, 'cmake_clean_cache': False, 'cmake_clean_first': False, 'cmake_force_configure': False, 'cmake_target': None, 'cmake_target_skip_unavailable': False, 'install_base': '/home/amejiyo/yolobot/install/yolobot_detection', 'merge_install': False, 'path': '/home/amejiyo/yolobot/src/yolobot_detection', 'symlink_install': False, 'test_result_base': None}
[0.290s] Level 5:colcon.colcon_core.verb:set package 'yolobot_gazebo' build argument 'cmake_args' from command line to 'None'
[0.290s] Level 5:colcon.colcon_core.verb:set package 'yolobot_gazebo' build argument 'cmake_target' from command line to 'None'
[0.290s] Level 5:colcon.colcon_core.verb:set package 'yolobot_gazebo' build argument 'cmake_target_skip_unavailable' from command line to 'False'
[0.290s] Level 5:colcon.colcon_core.verb:set package 'yolobot_gazebo' build argument 'cmake_clean_cache' from command line to 'False'
[0.290s] Level 5:colcon.colcon_core.verb:set package 'yolobot_gazebo' build argument 'cmake_clean_first' from command line to 'False'
[0.290s] Level 5:colcon.colcon_core.verb:set package 'yolobot_gazebo' build argument 'cmake_force_configure' from command line to 'False'
[0.290s] Level 5:colcon.colcon_core.verb:set package 'yolobot_gazebo' build argument 'ament_cmake_args' from command line to 'None'
[0.290s] Level 5:colcon.colcon_core.verb:set package 'yolobot_gazebo' build argument 'catkin_cmake_args' from command line to 'None'
[0.290s] Level 5:colcon.colcon_core.verb:set package 'yolobot_gazebo' build argument 'catkin_skip_building_tests' from command line to 'False'
[0.290s] DEBUG:colcon.colcon_core.verb:Building package 'yolobot_gazebo' with the following arguments: {'ament_cmake_args': None, 'build_base': '/home/amejiyo/yolobot/build/yolobot_gazebo', 'catkin_cmake_args': None, 'catkin_skip_building_tests': False, 'cmake_args': None, 'cmake_clean_cache': False, 'cmake_clean_first': False, 'cmake_force_configure': False, 'cmake_target': None, 'cmake_target_skip_unavailable': False, 'install_base': '/home/amejiyo/yolobot/install/yolobot_gazebo', 'merge_install': False, 'path': '/home/amejiyo/yolobot/src/yolobot_gazebo', 'symlink_install': False, 'test_result_base': None}
[0.291s] Level 5:colcon.colcon_core.verb:set package 'yolobot_recognition' build argument 'cmake_args' from command line to 'None'
[0.291s] Level 5:colcon.colcon_core.verb:set package 'yolobot_recognition' build argument 'cmake_target' from command line to 'None'
[0.291s] Level 5:colcon.colcon_core.verb:set package 'yolobot_recognition' build argument 'cmake_target_skip_unavailable' from command line to 'False'
[0.291s] Level 5:colcon.colcon_core.verb:set package 'yolobot_recognition' build argument 'cmake_clean_cache' from command line to 'False'
[0.291s] Level 5:colcon.colcon_core.verb:set package 'yolobot_recognition' build argument 'cmake_clean_first' from command line to 'False'
[0.291s] Level 5:colcon.colcon_core.verb:set package 'yolobot_recognition' build argument 'cmake_force_configure' from command line to 'False'
[0.291s] Level 5:colcon.colcon_core.verb:set package 'yolobot_recognition' build argument 'ament_cmake_args' from command line to 'None'
[0.291s] Level 5:colcon.colcon_core.verb:set package 'yolobot_recognition' build argument 'catkin_cmake_args' from command line to 'None'
[0.291s] Level 5:colcon.colcon_core.verb:set package 'yolobot_recognition' build argument 'catkin_skip_building_tests' from command line to 'False'
[0.291s] DEBUG:colcon.colcon_core.verb:Building package 'yolobot_recognition' with the following arguments: {'ament_cmake_args': None, 'build_base': '/home/amejiyo/yolobot/build/yolobot_recognition', 'catkin_cmake_args': None, 'catkin_skip_building_tests': False, 'cmake_args': None, 'cmake_clean_cache': False, 'cmake_clean_first': False, 'cmake_force_configure': False, 'cmake_target': None, 'cmake_target_skip_unavailable': False, 'install_base': '/home/amejiyo/yolobot/install/yolobot_recognition', 'merge_install': False, 'path': '/home/amejiyo/yolobot/src/yolobot_recognition', 'symlink_install': False, 'test_result_base': None}
[0.291s] INFO:colcon.colcon_core.executor:Executing jobs using 'parallel' executor
[0.292s] DEBUG:colcon.colcon_parallel_executor.executor.parallel:run_until_complete
[0.293s] INFO:colcon.colcon_ros.task.ament_cmake.build:Building ROS package in '/home/amejiyo/yolobot/src/interfaces' with build type 'ament_cmake'
[0.293s] INFO:colcon.colcon_cmake.task.cmake.build:Building CMake package in '/home/amejiyo/yolobot/src/interfaces'
[0.297s] INFO:colcon.colcon_core.plugin_system:Skipping extension 'colcon_core.shell.bat': Not used on non-Windows systems
[0.298s] INFO:colcon.colcon_core.shell:Skip shell extension 'powershell' for command environment: Not usable outside of PowerShell
[0.298s] DEBUG:colcon.colcon_core.shell:Skip shell extension 'dsv' for command environment
[0.303s] INFO:colcon.colcon_ros.task.catkin.build:Building ROS package in '/home/amejiyo/yolobot/src/realsense_gazebo_plugin' with build type 'catkin'
[0.304s] INFO:colcon.colcon_cmake.task.cmake.build:Building CMake package in '/home/amejiyo/yolobot/src/realsense_gazebo_plugin'
[0.304s] INFO:colcon.colcon_core.shell:Skip shell extension 'powershell' for command environment: Not usable outside of PowerShell
[0.304s] DEBUG:colcon.colcon_core.shell:Skip shell extension 'dsv' for command environment
[0.310s] INFO:colcon.colcon_ros.task.ament_cmake.build:Building ROS package in '/home/amejiyo/yolobot/src/yolobot_control' with build type 'ament_cmake'
[0.310s] INFO:colcon.colcon_cmake.task.cmake.build:Building CMake package in '/home/amejiyo/yolobot/src/yolobot_control'
[0.311s] INFO:colcon.colcon_core.shell:Skip shell extension 'powershell' for command environment: Not usable outside of PowerShell
[0.311s] DEBUG:colcon.colcon_core.shell:Skip shell extension 'dsv' for command environment
[0.317s] INFO:colcon.colcon_ros.task.ament_cmake.build:Building ROS package in '/home/amejiyo/yolobot/src/yolobot_description' with build type 'ament_cmake'
[0.317s] INFO:colcon.colcon_cmake.task.cmake.build:Building CMake package in '/home/amejiyo/yolobot/src/yolobot_description'
[0.318s] INFO:colcon.colcon_core.shell:Skip shell extension 'powershell' for command environment: Not usable outside of PowerShell
[0.318s] DEBUG:colcon.colcon_core.shell:Skip shell extension 'dsv' for command environment
[0.324s] INFO:colcon.colcon_ros.task.ament_python.build:Building ROS package in '/home/amejiyo/yolobot/src/yolobot_detection' with build type 'ament_python'
[0.325s] Level 1:colcon.colcon_core.shell:create_environment_hook('yolobot_detection', 'ament_prefix_path')
[0.326s] INFO:colcon.colcon_core.shell:Creating environment hook '/home/amejiyo/yolobot/install/yolobot_detection/share/yolobot_detection/hook/ament_prefix_path.ps1'
[0.327s] INFO:colcon.colcon_core.shell:Creating environment descriptor '/home/amejiyo/yolobot/install/yolobot_detection/share/yolobot_detection/hook/ament_prefix_path.dsv'
[0.327s] INFO:colcon.colcon_core.shell:Creating environment hook '/home/amejiyo/yolobot/install/yolobot_detection/share/yolobot_detection/hook/ament_prefix_path.sh'
[0.328s] INFO:colcon.colcon_core.shell:Skip shell extension 'powershell' for command environment: Not usable outside of PowerShell
[0.328s] DEBUG:colcon.colcon_core.shell:Skip shell extension 'dsv' for command environment
[0.334s] INFO:colcon.colcon_ros.task.ament_cmake.build:Building ROS package in '/home/amejiyo/yolobot/src/yolobot_gazebo' with build type 'ament_cmake'
[0.335s] INFO:colcon.colcon_cmake.task.cmake.build:Building CMake package in '/home/amejiyo/yolobot/src/yolobot_gazebo'
[0.335s] INFO:colcon.colcon_core.shell:Skip shell extension 'powershell' for command environment: Not usable outside of PowerShell
[0.335s] DEBUG:colcon.colcon_core.shell:Skip shell extension 'dsv' for command environment
[0.341s] INFO:colcon.colcon_ros.task.ament_cmake.build:Building ROS package in '/home/amejiyo/yolobot/src/yolobot_recognition' with build type 'ament_cmake'
[0.342s] INFO:colcon.colcon_cmake.task.cmake.build:Building CMake package in '/home/amejiyo/yolobot/src/yolobot_recognition'
[0.342s] INFO:colcon.colcon_core.shell:Skip shell extension 'powershell' for command environment: Not usable outside of PowerShell
[0.342s] DEBUG:colcon.colcon_core.shell:Skip shell extension 'dsv' for command environment
[0.355s] DEBUG:colcon.colcon_core.event_handler.log_command:Invoking command in '/home/amejiyo/yolobot/build/interfaces': CMAKE_PREFIX_PATH=${CMAKE_PREFIX_PATH}:/home/amejiyo/yolobot/install/yolobot_detection:/home/amejiyo/yolobot/install/yoloDetection:/home/amejiyo/GitHub/502/detection/install/yolobot_detection:/opt/ros/foxy /usr/bin/cmake /home/amejiyo/yolobot/src/interfaces -DCMAKE_INSTALL_PREFIX=/home/amejiyo/yolobot/install/interfaces
[0.359s] DEBUG:colcon.colcon_core.event_handler.log_command:Invoking command in '/home/amejiyo/yolobot/build/realsense_gazebo_plugin': /usr/bin/cmake /home/amejiyo/yolobot/src/realsense_gazebo_plugin -DCATKIN_INSTALL_INTO_PREFIX_ROOT=0 -DCMAKE_INSTALL_PREFIX=/home/amejiyo/yolobot/install/realsense_gazebo_plugin
[0.365s] DEBUG:colcon.colcon_core.event_handler.log_command:Invoking command in '/home/amejiyo/yolobot/build/yolobot_control': CMAKE_PREFIX_PATH=${CMAKE_PREFIX_PATH}:/home/amejiyo/yolobot/install/yolobot_detection:/home/amejiyo/yolobot/install/yoloDetection:/home/amejiyo/GitHub/502/detection/install/yolobot_detection:/opt/ros/foxy /usr/bin/cmake /home/amejiyo/yolobot/src/yolobot_control -DCMAKE_INSTALL_PREFIX=/home/amejiyo/yolobot/install/yolobot_control
[0.368s] DEBUG:colcon.colcon_core.event_handler.log_command:Invoking command in '/home/amejiyo/yolobot/build/yolobot_description': CMAKE_PREFIX_PATH=${CMAKE_PREFIX_PATH}:/home/amejiyo/yolobot/install/yolobot_detection:/home/amejiyo/yolobot/install/yoloDetection:/home/amejiyo/GitHub/502/detection/install/yolobot_detection:/opt/ros/foxy /usr/bin/cmake /home/amejiyo/yolobot/src/yolobot_description -DCMAKE_INSTALL_PREFIX=/home/amejiyo/yolobot/install/yolobot_description
[0.648s] INFO:colcon.colcon_core.task.python.build:Building Python package in '/home/amejiyo/yolobot/src/yolobot_detection'
[0.650s] INFO:colcon.colcon_core.shell:Skip shell extension 'powershell' for command environment: Not usable outside of PowerShell
[0.650s] DEBUG:colcon.colcon_core.shell:Skip shell extension 'dsv' for command environment
[0.664s] DEBUG:colcon.colcon_core.event_handler.log_command:Invoking command in '/home/amejiyo/yolobot/build/yolobot_gazebo': CMAKE_PREFIX_PATH=${CMAKE_PREFIX_PATH}:/home/amejiyo/yolobot/install/yolobot_detection:/home/amejiyo/yolobot/install/yoloDetection:/home/amejiyo/GitHub/502/detection/install/yolobot_detection:/opt/ros/foxy /usr/bin/cmake /home/amejiyo/yolobot/src/yolobot_gazebo -DCMAKE_INSTALL_PREFIX=/home/amejiyo/yolobot/install/yolobot_gazebo
[0.683s] DEBUG:colcon.colcon_core.event_handler.log_command:Invoking command in '/home/amejiyo/yolobot/build/yolobot_recognition': CMAKE_PREFIX_PATH=${CMAKE_PREFIX_PATH}:/home/amejiyo/yolobot/install/yolobot_detection:/home/amejiyo/yolobot/install/yoloDetection:/home/amejiyo/GitHub/502/detection/install/yolobot_detection:/opt/ros/foxy /usr/bin/cmake /home/amejiyo/yolobot/src/yolobot_recognition -DCMAKE_INSTALL_PREFIX=/home/amejiyo/yolobot/install/yolobot_recognition
[1.242s] DEBUG:colcon.colcon_core.event_handler.log_command:Invoking command in '/home/amejiyo/yolobot/src/yolobot_detection': PYTHONPATH=/home/amejiyo/yolobot/install/yolobot_detection/lib/python3.8/site-packages:${PYTHONPATH} /usr/bin/python3 setup.py egg_info --egg-base ../../build/yolobot_detection build --build-base /home/amejiyo/yolobot/build/yolobot_detection/build install --prefix /home/amejiyo/yolobot/install/yolobot_detection --record /home/amejiyo/yolobot/build/yolobot_detection/install.log --single-version-externally-managed
[1.348s] DEBUG:colcon.colcon_core.event_handler.log_command:Invoked command in '/home/amejiyo/yolobot/build/yolobot_control' returned '0': CMAKE_PREFIX_PATH=${CMAKE_PREFIX_PATH}:/home/amejiyo/yolobot/install/yolobot_detection:/home/amejiyo/yolobot/install/yoloDetection:/home/amejiyo/GitHub/502/detection/install/yolobot_detection:/opt/ros/foxy /usr/bin/cmake /home/amejiyo/yolobot/src/yolobot_control -DCMAKE_INSTALL_PREFIX=/home/amejiyo/yolobot/install/yolobot_control
[1.351s] DEBUG:colcon.colcon_core.event_handler.log_command:Invoking command in '/home/amejiyo/yolobot/build/yolobot_control': CMAKE_PREFIX_PATH=${CMAKE_PREFIX_PATH}:/home/amejiyo/yolobot/install/yolobot_detection:/home/amejiyo/yolobot/install/yoloDetection:/home/amejiyo/GitHub/502/detection/install/yolobot_detection:/opt/ros/foxy /usr/bin/cmake --build /home/amejiyo/yolobot/build/yolobot_control -- -j16 -l16
[1.381s] DEBUG:colcon.colcon_core.event_handler.log_command:Invoked command in '/home/amejiyo/yolobot/build/yolobot_description' returned '0': CMAKE_PREFIX_PATH=${CMAKE_PREFIX_PATH}:/home/amejiyo/yolobot/install/yolobot_detection:/home/amejiyo/yolobot/install/yoloDetection:/home/amejiyo/GitHub/502/detection/install/yolobot_detection:/opt/ros/foxy /usr/bin/cmake /home/amejiyo/yolobot/src/yolobot_description -DCMAKE_INSTALL_PREFIX=/home/amejiyo/yolobot/install/yolobot_description
[1.385s] DEBUG:colcon.colcon_core.event_handler.log_command:Invoking command in '/home/amejiyo/yolobot/build/yolobot_description': CMAKE_PREFIX_PATH=${CMAKE_PREFIX_PATH}:/home/amejiyo/yolobot/install/yolobot_detection:/home/amejiyo/yolobot/install/yoloDetection:/home/amejiyo/GitHub/502/detection/install/yolobot_detection:/opt/ros/foxy /usr/bin/cmake --build /home/amejiyo/yolobot/build/yolobot_description -- -j16 -l16
[1.401s] DEBUG:colcon.colcon_core.event_handler.log_command:Invoked command in '/home/amejiyo/yolobot/build/yolobot_control' returned '0': CMAKE_PREFIX_PATH=${CMAKE_PREFIX_PATH}:/home/amejiyo/yolobot/install/yolobot_detection:/home/amejiyo/yolobot/install/yoloDetection:/home/amejiyo/GitHub/502/detection/install/yolobot_detection:/opt/ros/foxy /usr/bin/cmake --build /home/amejiyo/yolobot/build/yolobot_control -- -j16 -l16
[1.441s] DEBUG:colcon.colcon_core.event_handler.log_command:Invoking command in '/home/amejiyo/yolobot/build/yolobot_control': CMAKE_PREFIX_PATH=${CMAKE_PREFIX_PATH}:/home/amejiyo/yolobot/install/yolobot_detection:/home/amejiyo/yolobot/install/yoloDetection:/home/amejiyo/GitHub/502/detection/install/yolobot_detection:/opt/ros/foxy /usr/bin/cmake --install /home/amejiyo/yolobot/build/yolobot_control
[1.447s] DEBUG:colcon.colcon_core.event_handler.log_command:Invoked command in '/home/amejiyo/yolobot/build/yolobot_description' returned '0': CMAKE_PREFIX_PATH=${CMAKE_PREFIX_PATH}:/home/amejiyo/yolobot/install/yolobot_detection:/home/amejiyo/yolobot/install/yoloDetection:/home/amejiyo/GitHub/502/detection/install/yolobot_detection:/opt/ros/foxy /usr/bin/cmake --build /home/amejiyo/yolobot/build/yolobot_description -- -j16 -l16
[1.455s] Level 1:colcon.colcon_core.environment:create_environment_scripts_only(yolobot_control)
[1.458s] DEBUG:colcon.colcon_core.event_handler.log_command:Invoked command in '/home/amejiyo/yolobot/build/yolobot_control' returned '0': CMAKE_PREFIX_PATH=${CMAKE_PREFIX_PATH}:/home/amejiyo/yolobot/install/yolobot_detection:/home/amejiyo/yolobot/install/yoloDetection:/home/amejiyo/GitHub/502/detection/install/yolobot_detection:/opt/ros/foxy /usr/bin/cmake --install /home/amejiyo/yolobot/build/yolobot_control
[1.461s] Level 1:colcon.colcon_core.environment:checking '/home/amejiyo/yolobot/install/yolobot_control' for CMake module files
[1.461s] Level 1:colcon.colcon_core.environment:checking '/home/amejiyo/yolobot/install/yolobot_control' for CMake config files
[1.461s] Level 1:colcon.colcon_core.shell:create_environment_hook('yolobot_control', 'cmake_prefix_path')
[1.462s] INFO:colcon.colcon_core.shell:Creating environment hook '/home/amejiyo/yolobot/install/yolobot_control/share/yolobot_control/hook/cmake_prefix_path.ps1'
[1.463s] INFO:colcon.colcon_core.shell:Creating environment descriptor '/home/amejiyo/yolobot/install/yolobot_control/share/yolobot_control/hook/cmake_prefix_path.dsv'
[1.463s] INFO:colcon.colcon_core.shell:Creating environment hook '/home/amejiyo/yolobot/install/yolobot_control/share/yolobot_control/hook/cmake_prefix_path.sh'
[1.464s] Level 1:colcon.colcon_core.environment:checking '/home/amejiyo/yolobot/install/yolobot_control/lib'
[1.464s] Level 1:colcon.colcon_core.environment:checking '/home/amejiyo/yolobot/install/yolobot_control/bin'
[1.464s] Level 1:colcon.colcon_core.environment:checking '/home/amejiyo/yolobot/install/yolobot_control/lib/pkgconfig/yolobot_control.pc'
[1.464s] Level 1:colcon.colcon_core.environment:checking '/home/amejiyo/yolobot/install/yolobot_control/lib/python3.8/site-packages'
[1.464s] Level 1:colcon.colcon_core.environment:checking '/home/amejiyo/yolobot/install/yolobot_control/bin'
[1.465s] INFO:colcon.colcon_core.shell:Creating package script '/home/amejiyo/yolobot/install/yolobot_control/share/yolobot_control/package.ps1'
[1.466s] INFO:colcon.colcon_core.shell:Creating package descriptor '/home/amejiyo/yolobot/install/yolobot_control/share/yolobot_control/package.dsv'
[1.467s] INFO:colcon.colcon_core.shell:Creating package script '/home/amejiyo/yolobot/install/yolobot_control/share/yolobot_control/package.sh'
[1.468s] INFO:colcon.colcon_core.shell:Creating package script '/home/amejiyo/yolobot/install/yolobot_control/share/yolobot_control/package.bash'
[1.468s] INFO:colcon.colcon_core.shell:Creating package script '/home/amejiyo/yolobot/install/yolobot_control/share/yolobot_control/package.zsh'
[1.469s] Level 1:colcon.colcon_core.environment:create_file_with_runtime_dependencies(/home/amejiyo/yolobot/install/yolobot_control/share/colcon-core/packages/yolobot_control)
[1.475s] DEBUG:colcon.colcon_core.event_handler.log_command:Invoking command in '/home/amejiyo/yolobot/build/yolobot_description': CMAKE_PREFIX_PATH=${CMAKE_PREFIX_PATH}:/home/amejiyo/yolobot/install/yolobot_detection:/home/amejiyo/yolobot/install/yoloDetection:/home/amejiyo/GitHub/502/detection/install/yolobot_detection:/opt/ros/foxy /usr/bin/cmake --install /home/amejiyo/yolobot/build/yolobot_description
[1.495s] Level 1:colcon.colcon_core.environment:create_environment_scripts_only(yolobot_description)
[1.496s] Level 1:colcon.colcon_core.environment:checking '/home/amejiyo/yolobot/install/yolobot_description' for CMake module files
[1.497s] DEBUG:colcon.colcon_core.event_handler.log_command:Invoked command in '/home/amejiyo/yolobot/build/yolobot_description' returned '0': CMAKE_PREFIX_PATH=${CMAKE_PREFIX_PATH}:/home/amejiyo/yolobot/install/yolobot_detection:/home/amejiyo/yolobot/install/yoloDetection:/home/amejiyo/GitHub/502/detection/install/yolobot_detection:/opt/ros/foxy /usr/bin/cmake --install /home/amejiyo/yolobot/build/yolobot_description
[1.498s] Level 1:colcon.colcon_core.environment:checking '/home/amejiyo/yolobot/install/yolobot_description' for CMake config files
[1.498s] Level 1:colcon.colcon_core.shell:create_environment_hook('yolobot_description', 'cmake_prefix_path')
[1.499s] INFO:colcon.colcon_core.shell:Creating environment hook '/home/amejiyo/yolobot/install/yolobot_description/share/yolobot_description/hook/cmake_prefix_path.ps1'
[1.500s] INFO:colcon.colcon_core.shell:Creating environment descriptor '/home/amejiyo/yolobot/install/yolobot_description/share/yolobot_description/hook/cmake_prefix_path.dsv'
[1.500s] INFO:colcon.colcon_core.shell:Creating environment hook '/home/amejiyo/yolobot/install/yolobot_description/share/yolobot_description/hook/cmake_prefix_path.sh'
[1.500s] Level 1:colcon.colcon_core.environment:checking '/home/amejiyo/yolobot/install/yolobot_description/lib'
[1.500s] Level 1:colcon.colcon_core.environment:checking '/home/amejiyo/yolobot/install/yolobot_description/bin'
[1.500s] Level 1:colcon.colcon_core.environment:checking '/home/amejiyo/yolobot/install/yolobot_description/lib/pkgconfig/yolobot_description.pc'
[1.501s] Level 1:colcon.colcon_core.environment:checking '/home/amejiyo/yolobot/install/yolobot_description/lib/python3.8/site-packages'
[1.501s] Level 1:colcon.colcon_core.environment:checking '/home/amejiyo/yolobot/install/yolobot_description/bin'
[1.502s] INFO:colcon.colcon_core.shell:Creating package script '/home/amejiyo/yolobot/install/yolobot_description/share/yolobot_description/package.ps1'
[1.503s] INFO:colcon.colcon_core.shell:Creating package descriptor '/home/amejiyo/yolobot/install/yolobot_description/share/yolobot_description/package.dsv'
[1.504s] INFO:colcon.colcon_core.shell:Creating package script '/home/amejiyo/yolobot/install/yolobot_description/share/yolobot_description/package.sh'
[1.504s] INFO:colcon.colcon_core.shell:Creating package script '/home/amejiyo/yolobot/install/yolobot_description/share/yolobot_description/package.bash'
[1.504s] INFO:colcon.colcon_core.shell:Creating package script '/home/amejiyo/yolobot/install/yolobot_description/share/yolobot_description/package.zsh'
[1.505s] Level 1:colcon.colcon_core.environment:create_file_with_runtime_dependencies(/home/amejiyo/yolobot/install/yolobot_description/share/colcon-core/packages/yolobot_description)
[1.510s] Level 1:colcon.colcon_core.environment:create_environment_scripts_only(yolobot_control)
[1.511s] Level 1:colcon.colcon_core.environment:checking '/home/amejiyo/yolobot/install/yolobot_control' for CMake module files
[1.511s] Level 1:colcon.colcon_core.environment:checking '/home/amejiyo/yolobot/install/yolobot_control' for CMake config files
[1.512s] Level 1:colcon.colcon_core.shell:create_environment_hook('yolobot_control', 'cmake_prefix_path')
[1.512s] INFO:colcon.colcon_core.shell:Creating environment hook '/home/amejiyo/yolobot/install/yolobot_control/share/yolobot_control/hook/cmake_prefix_path.ps1'
[1.513s] INFO:colcon.colcon_core.shell:Creating environment descriptor '/home/amejiyo/yolobot/install/yolobot_control/share/yolobot_control/hook/cmake_prefix_path.dsv'
[1.514s] INFO:colcon.colcon_core.shell:Creating environment hook '/home/amejiyo/yolobot/install/yolobot_control/share/yolobot_control/hook/cmake_prefix_path.sh'
[1.515s] Level 1:colcon.colcon_core.environment:checking '/home/amejiyo/yolobot/install/yolobot_control/lib'
[1.515s] Level 1:colcon.colcon_core.environment:checking '/home/amejiyo/yolobot/install/yolobot_control/bin'
[1.515s] Level 1:colcon.colcon_core.environment:checking '/home/amejiyo/yolobot/install/yolobot_control/lib/pkgconfig/yolobot_control.pc'
[1.515s] Level 1:colcon.colcon_core.environment:checking '/home/amejiyo/yolobot/install/yolobot_control/lib/python3.8/site-packages'
[1.515s] Level 1:colcon.colcon_core.environment:checking '/home/amejiyo/yolobot/install/yolobot_control/bin'
[1.516s] INFO:colcon.colcon_core.shell:Creating package script '/home/amejiyo/yolobot/install/yolobot_control/share/yolobot_control/package.ps1'
[1.517s] INFO:colcon.colcon_core.shell:Creating package descriptor '/home/amejiyo/yolobot/install/yolobot_control/share/yolobot_control/package.dsv'
[1.519s] INFO:colcon.colcon_core.shell:Creating package script '/home/amejiyo/yolobot/install/yolobot_control/share/yolobot_control/package.sh'
[1.520s] INFO:colcon.colcon_core.shell:Creating package script '/home/amejiyo/yolobot/install/yolobot_control/share/yolobot_control/package.bash'
[1.521s] INFO:colcon.colcon_core.shell:Creating package script '/home/amejiyo/yolobot/install/yolobot_control/share/yolobot_control/package.zsh'
[1.522s] Level 1:colcon.colcon_core.environment:create_file_with_runtime_dependencies(/home/amejiyo/yolobot/install/yolobot_control/share/colcon-core/packages/yolobot_control)
[1.531s] Level 1:colcon.colcon_core.environment:create_environment_scripts_only(yolobot_description)
[1.532s] Level 1:colcon.colcon_core.environment:checking '/home/amejiyo/yolobot/install/yolobot_description' for CMake module files
[1.532s] Level 1:colcon.colcon_core.environment:checking '/home/amejiyo/yolobot/install/yolobot_description' for CMake config files
[1.532s] Level 1:colcon.colcon_core.shell:create_environment_hook('yolobot_description', 'cmake_prefix_path')
[1.533s] INFO:colcon.colcon_core.shell:Creating environment hook '/home/amejiyo/yolobot/install/yolobot_description/share/yolobot_description/hook/cmake_prefix_path.ps1'
[1.533s] INFO:colcon.colcon_core.shell:Creating environment descriptor '/home/amejiyo/yolobot/install/yolobot_description/share/yolobot_description/hook/cmake_prefix_path.dsv'
[1.534s] INFO:colcon.colcon_core.shell:Creating environment hook '/home/amejiyo/yolobot/install/yolobot_description/share/yolobot_description/hook/cmake_prefix_path.sh'
[1.534s] Level 1:colcon.colcon_core.environment:checking '/home/amejiyo/yolobot/install/yolobot_description/lib'
[1.534s] Level 1:colcon.colcon_core.environment:checking '/home/amejiyo/yolobot/install/yolobot_description/bin'
[1.535s] Level 1:colcon.colcon_core.environment:checking '/home/amejiyo/yolobot/install/yolobot_description/lib/pkgconfig/yolobot_description.pc'
[1.535s] Level 1:colcon.colcon_core.environment:checking '/home/amejiyo/yolobot/install/yolobot_description/lib/python3.8/site-packages'
[1.535s] Level 1:colcon.colcon_core.environment:checking '/home/amejiyo/yolobot/install/yolobot_description/bin'
[1.535s] INFO:colcon.colcon_core.shell:Creating package script '/home/amejiyo/yolobot/install/yolobot_description/share/yolobot_description/package.ps1'
[1.536s] INFO:colcon.colcon_core.shell:Creating package descriptor '/home/amejiyo/yolobot/install/yolobot_description/share/yolobot_description/package.dsv'
[1.536s] INFO:colcon.colcon_core.shell:Creating package script '/home/amejiyo/yolobot/install/yolobot_description/share/yolobot_description/package.sh'
[1.536s] INFO:colcon.colcon_core.shell:Creating package script '/home/amejiyo/yolobot/install/yolobot_description/share/yolobot_description/package.bash'
[1.536s] INFO:colcon.colcon_core.shell:Creating package script '/home/amejiyo/yolobot/install/yolobot_description/share/yolobot_description/package.zsh'
[1.537s] Level 1:colcon.colcon_core.environment:create_file_with_runtime_dependencies(/home/amejiyo/yolobot/install/yolobot_description/share/colcon-core/packages/yolobot_description)
[1.585s] Level 1:colcon.colcon_core.environment:checking '/home/amejiyo/yolobot/install/yolobot_detection' for CMake module files
[1.586s] DEBUG:colcon.colcon_core.event_handler.log_command:Invoked command in '/home/amejiyo/yolobot/src/yolobot_detection' returned '0': PYTHONPATH=/home/amejiyo/yolobot/install/yolobot_detection/lib/python3.8/site-packages:${PYTHONPATH} /usr/bin/python3 setup.py egg_info --egg-base ../../build/yolobot_detection build --build-base /home/amejiyo/yolobot/build/yolobot_detection/build install --prefix /home/amejiyo/yolobot/install/yolobot_detection --record /home/amejiyo/yolobot/build/yolobot_detection/install.log --single-version-externally-managed
[1.587s] Level 1:colcon.colcon_core.environment:checking '/home/amejiyo/yolobot/install/yolobot_detection' for CMake config files
[1.588s] Level 1:colcon.colcon_core.environment:checking '/home/amejiyo/yolobot/install/yolobot_detection/lib'
[1.588s] Level 1:colcon.colcon_core.environment:checking '/home/amejiyo/yolobot/install/yolobot_detection/bin'
[1.588s] Level 1:colcon.colcon_core.environment:checking '/home/amejiyo/yolobot/install/yolobot_detection/lib/pkgconfig/yolobot_detection.pc'
[1.588s] Level 1:colcon.colcon_core.environment:checking '/home/amejiyo/yolobot/install/yolobot_detection/lib/python3.8/site-packages'
[1.588s] Level 1:colcon.colcon_core.shell:create_environment_hook('yolobot_detection', 'pythonpath')
[1.589s] INFO:colcon.colcon_core.shell:Creating environment hook '/home/amejiyo/yolobot/install/yolobot_detection/share/yolobot_detection/hook/pythonpath.ps1'
[1.590s] INFO:colcon.colcon_core.shell:Creating environment descriptor '/home/amejiyo/yolobot/install/yolobot_detection/share/yolobot_detection/hook/pythonpath.dsv'
[1.590s] INFO:colcon.colcon_core.shell:Creating environment hook '/home/amejiyo/yolobot/install/yolobot_detection/share/yolobot_detection/hook/pythonpath.sh'
[1.591s] Level 1:colcon.colcon_core.environment:checking '/home/amejiyo/yolobot/install/yolobot_detection/bin'
[1.591s] Level 1:colcon.colcon_core.environment:create_environment_scripts_only(yolobot_detection)
[1.591s] INFO:colcon.colcon_core.shell:Creating package script '/home/amejiyo/yolobot/install/yolobot_detection/share/yolobot_detection/package.ps1'
[1.592s] INFO:colcon.colcon_core.shell:Creating package descriptor '/home/amejiyo/yolobot/install/yolobot_detection/share/yolobot_detection/package.dsv'
[1.592s] INFO:colcon.colcon_core.shell:Creating package script '/home/amejiyo/yolobot/install/yolobot_detection/share/yolobot_detection/package.sh'
[1.592s] INFO:colcon.colcon_core.shell:Creating package script '/home/amejiyo/yolobot/install/yolobot_detection/share/yolobot_detection/package.bash'
[1.593s] INFO:colcon.colcon_core.shell:Creating package script '/home/amejiyo/yolobot/install/yolobot_detection/share/yolobot_detection/package.zsh'
[1.593s] Level 1:colcon.colcon_core.environment:create_file_with_runtime_dependencies(/home/amejiyo/yolobot/install/yolobot_detection/share/colcon-core/packages/yolobot_detection)
[1.627s] DEBUG:colcon.colcon_core.event_handler.log_command:Invoked command in '/home/amejiyo/yolobot/build/yolobot_gazebo' returned '0': CMAKE_PREFIX_PATH=${CMAKE_PREFIX_PATH}:/home/amejiyo/yolobot/install/yolobot_detection:/home/amejiyo/yolobot/install/yoloDetection:/home/amejiyo/GitHub/502/detection/install/yolobot_detection:/opt/ros/foxy /usr/bin/cmake /home/amejiyo/yolobot/src/yolobot_gazebo -DCMAKE_INSTALL_PREFIX=/home/amejiyo/yolobot/install/yolobot_gazebo
[1.631s] DEBUG:colcon.colcon_core.event_handler.log_command:Invoking command in '/home/amejiyo/yolobot/build/yolobot_gazebo': CMAKE_PREFIX_PATH=${CMAKE_PREFIX_PATH}:/home/amejiyo/yolobot/install/yolobot_detection:/home/amejiyo/yolobot/install/yoloDetection:/home/amejiyo/GitHub/502/detection/install/yolobot_detection:/opt/ros/foxy /usr/bin/cmake --build /home/amejiyo/yolobot/build/yolobot_gazebo -- -j16 -l16
[1.674s] DEBUG:colcon.colcon_core.event_handler.log_command:Invoked command in '/home/amejiyo/yolobot/build/yolobot_gazebo' returned '0': CMAKE_PREFIX_PATH=${CMAKE_PREFIX_PATH}:/home/amejiyo/yolobot/install/yolobot_detection:/home/amejiyo/yolobot/install/yoloDetection:/home/amejiyo/GitHub/502/detection/install/yolobot_detection:/opt/ros/foxy /usr/bin/cmake --build /home/amejiyo/yolobot/build/yolobot_gazebo -- -j16 -l16
[1.688s] DEBUG:colcon.colcon_core.event_handler.log_command:Invoked command in '/home/amejiyo/yolobot/build/yolobot_recognition' returned '0': CMAKE_PREFIX_PATH=${CMAKE_PREFIX_PATH}:/home/amejiyo/yolobot/install/yolobot_detection:/home/amejiyo/yolobot/install/yoloDetection:/home/amejiyo/GitHub/502/detection/install/yolobot_detection:/opt/ros/foxy /usr/bin/cmake /home/amejiyo/yolobot/src/yolobot_recognition -DCMAKE_INSTALL_PREFIX=/home/amejiyo/yolobot/install/yolobot_recognition
[1.692s] DEBUG:colcon.colcon_core.event_handler.log_command:Invoking command in '/home/amejiyo/yolobot/build/yolobot_recognition': CMAKE_PREFIX_PATH=${CMAKE_PREFIX_PATH}:/home/amejiyo/yolobot/install/yolobot_detection:/home/amejiyo/yolobot/install/yoloDetection:/home/amejiyo/GitHub/502/detection/install/yolobot_detection:/opt/ros/foxy /usr/bin/cmake --build /home/amejiyo/yolobot/build/yolobot_recognition -- -j16 -l16
[1.705s] DEBUG:colcon.colcon_core.event_handler.log_command:Invoking command in '/home/amejiyo/yolobot/build/yolobot_gazebo': CMAKE_PREFIX_PATH=${CMAKE_PREFIX_PATH}:/home/amejiyo/yolobot/install/yolobot_detection:/home/amejiyo/yolobot/install/yoloDetection:/home/amejiyo/GitHub/502/detection/install/yolobot_detection:/opt/ros/foxy /usr/bin/cmake --install /home/amejiyo/yolobot/build/yolobot_gazebo
[1.717s] Level 1:colcon.colcon_core.environment:create_environment_scripts_only(yolobot_gazebo)
[1.718s] Level 1:colcon.colcon_core.environment:checking '/home/amejiyo/yolobot/install/yolobot_gazebo' for CMake module files
[1.719s] DEBUG:colcon.colcon_core.event_handler.log_command:Invoked command in '/home/amejiyo/yolobot/build/yolobot_gazebo' returned '0': CMAKE_PREFIX_PATH=${CMAKE_PREFIX_PATH}:/home/amejiyo/yolobot/install/yolobot_detection:/home/amejiyo/yolobot/install/yoloDetection:/home/amejiyo/GitHub/502/detection/install/yolobot_detection:/opt/ros/foxy /usr/bin/cmake --install /home/amejiyo/yolobot/build/yolobot_gazebo
[1.719s] Level 1:colcon.colcon_core.environment:checking '/home/amejiyo/yolobot/install/yolobot_gazebo' for CMake config files
[1.719s] Level 1:colcon.colcon_core.shell:create_environment_hook('yolobot_gazebo', 'cmake_prefix_path')
[1.720s] INFO:colcon.colcon_core.shell:Creating environment hook '/home/amejiyo/yolobot/install/yolobot_gazebo/share/yolobot_gazebo/hook/cmake_prefix_path.ps1'
[1.720s] INFO:colcon.colcon_core.shell:Creating environment descriptor '/home/amejiyo/yolobot/install/yolobot_gazebo/share/yolobot_gazebo/hook/cmake_prefix_path.dsv'
[1.721s] INFO:colcon.colcon_core.shell:Creating environment hook '/home/amejiyo/yolobot/install/yolobot_gazebo/share/yolobot_gazebo/hook/cmake_prefix_path.sh'
[1.721s] Level 1:colcon.colcon_core.environment:checking '/home/amejiyo/yolobot/install/yolobot_gazebo/bin'
[1.721s] Level 1:colcon.colcon_core.environment:checking '/home/amejiyo/yolobot/install/yolobot_gazebo/lib/pkgconfig/yolobot_gazebo.pc'
[1.722s] Level 1:colcon.colcon_core.environment:checking '/home/amejiyo/yolobot/install/yolobot_gazebo/lib/python3.8/site-packages'
[1.722s] Level 1:colcon.colcon_core.environment:checking '/home/amejiyo/yolobot/install/yolobot_gazebo/bin'
[1.723s] INFO:colcon.colcon_core.shell:Creating package script '/home/amejiyo/yolobot/install/yolobot_gazebo/share/yolobot_gazebo/package.ps1'
[1.723s] INFO:colcon.colcon_core.shell:Creating package descriptor '/home/amejiyo/yolobot/install/yolobot_gazebo/share/yolobot_gazebo/package.dsv'
[1.724s] INFO:colcon.colcon_core.shell:Creating package script '/home/amejiyo/yolobot/install/yolobot_gazebo/share/yolobot_gazebo/package.sh'
[1.724s] INFO:colcon.colcon_core.shell:Creating package script '/home/amejiyo/yolobot/install/yolobot_gazebo/share/yolobot_gazebo/package.bash'
[1.724s] INFO:colcon.colcon_core.shell:Creating package script '/home/amejiyo/yolobot/install/yolobot_gazebo/share/yolobot_gazebo/package.zsh'
[1.724s] Level 1:colcon.colcon_core.environment:create_file_with_runtime_dependencies(/home/amejiyo/yolobot/install/yolobot_gazebo/share/colcon-core/packages/yolobot_gazebo)
[1.737s] DEBUG:colcon.colcon_core.event_handler.log_command:Invoked command in '/home/amejiyo/yolobot/build/yolobot_recognition' returned '0': CMAKE_PREFIX_PATH=${CMAKE_PREFIX_PATH}:/home/amejiyo/yolobot/install/yolobot_detection:/home/amejiyo/yolobot/install/yoloDetection:/home/amejiyo/GitHub/502/detection/install/yolobot_detection:/opt/ros/foxy /usr/bin/cmake --build /home/amejiyo/yolobot/build/yolobot_recognition -- -j16 -l16
[1.747s] Level 1:colcon.colcon_core.environment:create_environment_scripts_only(yolobot_gazebo)
[1.748s] Level 1:colcon.colcon_core.environment:checking '/home/amejiyo/yolobot/install/yolobot_gazebo' for CMake module files
[1.748s] Level 1:colcon.colcon_core.environment:checking '/home/amejiyo/yolobot/install/yolobot_gazebo' for CMake config files
[1.748s] Level 1:colcon.colcon_core.shell:create_environment_hook('yolobot_gazebo', 'cmake_prefix_path')
[1.749s] INFO:colcon.colcon_core.shell:Creating environment hook '/home/amejiyo/yolobot/install/yolobot_gazebo/share/yolobot_gazebo/hook/cmake_prefix_path.ps1'
[1.749s] INFO:colcon.colcon_core.shell:Creating environment descriptor '/home/amejiyo/yolobot/install/yolobot_gazebo/share/yolobot_gazebo/hook/cmake_prefix_path.dsv'
[1.750s] INFO:colcon.colcon_core.shell:Creating environment hook '/home/amejiyo/yolobot/install/yolobot_gazebo/share/yolobot_gazebo/hook/cmake_prefix_path.sh'
[1.751s] Level 1:colcon.colcon_core.environment:checking '/home/amejiyo/yolobot/install/yolobot_gazebo/bin'
[1.751s] Level 1:colcon.colcon_core.environment:checking '/home/amejiyo/yolobot/install/yolobot_gazebo/lib/pkgconfig/yolobot_gazebo.pc'
[1.751s] Level 1:colcon.colcon_core.environment:checking '/home/amejiyo/yolobot/install/yolobot_gazebo/lib/python3.8/site-packages'
[1.751s] Level 1:colcon.colcon_core.environment:checking '/home/amejiyo/yolobot/install/yolobot_gazebo/bin'
[1.752s] INFO:colcon.colcon_core.shell:Creating package script '/home/amejiyo/yolobot/install/yolobot_gazebo/share/yolobot_gazebo/package.ps1'
[1.752s] INFO:colcon.colcon_core.shell:Creating package descriptor '/home/amejiyo/yolobot/install/yolobot_gazebo/share/yolobot_gazebo/package.dsv'
[1.753s] INFO:colcon.colcon_core.shell:Creating package script '/home/amejiyo/yolobot/install/yolobot_gazebo/share/yolobot_gazebo/package.sh'
[1.754s] INFO:colcon.colcon_core.shell:Creating package script '/home/amejiyo/yolobot/install/yolobot_gazebo/share/yolobot_gazebo/package.bash'
[1.754s] INFO:colcon.colcon_core.shell:Creating package script '/home/amejiyo/yolobot/install/yolobot_gazebo/share/yolobot_gazebo/package.zsh'
[1.755s] Level 1:colcon.colcon_core.environment:create_file_with_runtime_dependencies(/home/amejiyo/yolobot/install/yolobot_gazebo/share/colcon-core/packages/yolobot_gazebo)
[1.764s] DEBUG:colcon.colcon_core.event_handler.log_command:Invoking command in '/home/amejiyo/yolobot/build/yolobot_recognition': CMAKE_PREFIX_PATH=${CMAKE_PREFIX_PATH}:/home/amejiyo/yolobot/install/yolobot_detection:/home/amejiyo/yolobot/install/yoloDetection:/home/amejiyo/GitHub/502/detection/install/yolobot_detection:/opt/ros/foxy /usr/bin/cmake --install /home/amejiyo/yolobot/build/yolobot_recognition
[1.780s] Level 1:colcon.colcon_core.environment:create_environment_scripts_only(yolobot_recognition)
[1.782s] Level 1:colcon.colcon_core.environment:checking '/home/amejiyo/yolobot/install/yolobot_recognition' for CMake module files
[1.782s] DEBUG:colcon.colcon_core.event_handler.log_command:Invoked command in '/home/amejiyo/yolobot/build/yolobot_recognition' returned '0': CMAKE_PREFIX_PATH=${CMAKE_PREFIX_PATH}:/home/amejiyo/yolobot/install/yolobot_detection:/home/amejiyo/yolobot/install/yoloDetection:/home/amejiyo/GitHub/502/detection/install/yolobot_detection:/opt/ros/foxy /usr/bin/cmake --install /home/amejiyo/yolobot/build/yolobot_recognition
[1.782s] Level 1:colcon.colcon_core.environment:checking '/home/amejiyo/yolobot/install/yolobot_recognition' for CMake config files
[1.782s] Level 1:colcon.colcon_core.shell:create_environment_hook('yolobot_recognition', 'cmake_prefix_path')
[1.783s] INFO:colcon.colcon_core.shell:Creating environment hook '/home/amejiyo/yolobot/install/yolobot_recognition/share/yolobot_recognition/hook/cmake_prefix_path.ps1'
[1.784s] INFO:colcon.colcon_core.shell:Creating environment descriptor '/home/amejiyo/yolobot/install/yolobot_recognition/share/yolobot_recognition/hook/cmake_prefix_path.dsv'
[1.784s] INFO:colcon.colcon_core.shell:Creating environment hook '/home/amejiyo/yolobot/install/yolobot_recognition/share/yolobot_recognition/hook/cmake_prefix_path.sh'
[1.784s] Level 1:colcon.colcon_core.environment:checking '/home/amejiyo/yolobot/install/yolobot_recognition/bin'
[1.784s] Level 1:colcon.colcon_core.environment:checking '/home/amejiyo/yolobot/install/yolobot_recognition/lib/pkgconfig/yolobot_recognition.pc'
[1.784s] Level 1:colcon.colcon_core.environment:checking '/home/amejiyo/yolobot/install/yolobot_recognition/lib/python3.8/site-packages'
[1.784s] Level 1:colcon.colcon_core.environment:checking '/home/amejiyo/yolobot/install/yolobot_recognition/bin'
[1.785s] INFO:colcon.colcon_core.shell:Creating package script '/home/amejiyo/yolobot/install/yolobot_recognition/share/yolobot_recognition/package.ps1'
[1.786s] INFO:colcon.colcon_core.shell:Creating package descriptor '/home/amejiyo/yolobot/install/yolobot_recognition/share/yolobot_recognition/package.dsv'
[1.786s] INFO:colcon.colcon_core.shell:Creating package script '/home/amejiyo/yolobot/install/yolobot_recognition/share/yolobot_recognition/package.sh'
[1.787s] INFO:colcon.colcon_core.shell:Creating package script '/home/amejiyo/yolobot/install/yolobot_recognition/share/yolobot_recognition/package.bash'
[1.787s] INFO:colcon.colcon_core.shell:Creating package script '/home/amejiyo/yolobot/install/yolobot_recognition/share/yolobot_recognition/package.zsh'
[1.787s] Level 1:colcon.colcon_core.environment:create_file_with_runtime_dependencies(/home/amejiyo/yolobot/install/yolobot_recognition/share/colcon-core/packages/yolobot_recognition)
[1.812s] Level 1:colcon.colcon_core.environment:create_environment_scripts_only(yolobot_recognition)
[1.812s] Level 1:colcon.colcon_core.environment:checking '/home/amejiyo/yolobot/install/yolobot_recognition' for CMake module files
[1.813s] Level 1:colcon.colcon_core.environment:checking '/home/amejiyo/yolobot/install/yolobot_recognition' for CMake config files
[1.813s] Level 1:colcon.colcon_core.shell:create_environment_hook('yolobot_recognition', 'cmake_prefix_path')
[1.814s] INFO:colcon.colcon_core.shell:Creating environment hook '/home/amejiyo/yolobot/install/yolobot_recognition/share/yolobot_recognition/hook/cmake_prefix_path.ps1'
[1.815s] INFO:colcon.colcon_core.shell:Creating environment descriptor '/home/amejiyo/yolobot/install/yolobot_recognition/share/yolobot_recognition/hook/cmake_prefix_path.dsv'
[1.815s] INFO:colcon.colcon_core.shell:Creating environment hook '/home/amejiyo/yolobot/install/yolobot_recognition/share/yolobot_recognition/hook/cmake_prefix_path.sh'
[1.816s] Level 1:colcon.colcon_core.environment:checking '/home/amejiyo/yolobot/install/yolobot_recognition/bin'
[1.816s] Level 1:colcon.colcon_core.environment:checking '/home/amejiyo/yolobot/install/yolobot_recognition/lib/pkgconfig/yolobot_recognition.pc'
[1.816s] Level 1:colcon.colcon_core.environment:checking '/home/amejiyo/yolobot/install/yolobot_recognition/lib/python3.8/site-packages'
[1.816s] Level 1:colcon.colcon_core.environment:checking '/home/amejiyo/yolobot/install/yolobot_recognition/bin'
[1.817s] INFO:colcon.colcon_core.shell:Creating package script '/home/amejiyo/yolobot/install/yolobot_recognition/share/yolobot_recognition/package.ps1'
[1.817s] INFO:colcon.colcon_core.shell:Creating package descriptor '/home/amejiyo/yolobot/install/yolobot_recognition/share/yolobot_recognition/package.dsv'
[1.818s] INFO:colcon.colcon_core.shell:Creating package script '/home/amejiyo/yolobot/install/yolobot_recognition/share/yolobot_recognition/package.sh'
[1.818s] INFO:colcon.colcon_core.shell:Creating package script '/home/amejiyo/yolobot/install/yolobot_recognition/share/yolobot_recognition/package.bash'
[1.818s] INFO:colcon.colcon_core.shell:Creating package script '/home/amejiyo/yolobot/install/yolobot_recognition/share/yolobot_recognition/package.zsh'
[1.819s] Level 1:colcon.colcon_core.environment:create_file_with_runtime_dependencies(/home/amejiyo/yolobot/install/yolobot_recognition/share/colcon-core/packages/yolobot_recognition)
[2.087s] DEBUG:colcon.colcon_core.event_handler.log_command:Invoked command in '/home/amejiyo/yolobot/build/interfaces' returned '0': CMAKE_PREFIX_PATH=${CMAKE_PREFIX_PATH}:/home/amejiyo/yolobot/install/yolobot_detection:/home/amejiyo/yolobot/install/yoloDetection:/home/amejiyo/GitHub/502/detection/install/yolobot_detection:/opt/ros/foxy /usr/bin/cmake /home/amejiyo/yolobot/src/interfaces -DCMAKE_INSTALL_PREFIX=/home/amejiyo/yolobot/install/interfaces
[2.090s] DEBUG:colcon.colcon_core.event_handler.log_command:Invoking command in '/home/amejiyo/yolobot/build/interfaces': CMAKE_PREFIX_PATH=${CMAKE_PREFIX_PATH}:/home/amejiyo/yolobot/install/yolobot_detection:/home/amejiyo/yolobot/install/yoloDetection:/home/amejiyo/GitHub/502/detection/install/yolobot_detection:/opt/ros/foxy /usr/bin/cmake --build /home/amejiyo/yolobot/build/interfaces -- -j16 -l16
[4.176s] DEBUG:colcon.colcon_core.event_handler.log_command:Invoked command in '/home/amejiyo/yolobot/build/realsense_gazebo_plugin' returned '0': /usr/bin/cmake /home/amejiyo/yolobot/src/realsense_gazebo_plugin -DCATKIN_INSTALL_INTO_PREFIX_ROOT=0 -DCMAKE_INSTALL_PREFIX=/home/amejiyo/yolobot/install/realsense_gazebo_plugin
[4.177s] DEBUG:colcon.colcon_core.event_handler.log_command:Invoking command in '/home/amejiyo/yolobot/build/realsense_gazebo_plugin': /usr/bin/cmake --build /home/amejiyo/yolobot/build/realsense_gazebo_plugin -- -j16 -l16
[4.487s] DEBUG:colcon.colcon_core.event_handler.log_command:Invoked command in '/home/amejiyo/yolobot/build/interfaces' returned '0': CMAKE_PREFIX_PATH=${CMAKE_PREFIX_PATH}:/home/amejiyo/yolobot/install/yolobot_detection:/home/amejiyo/yolobot/install/yoloDetection:/home/amejiyo/GitHub/502/detection/install/yolobot_detection:/opt/ros/foxy /usr/bin/cmake --build /home/amejiyo/yolobot/build/interfaces -- -j16 -l16
[4.552s] DEBUG:colcon.colcon_core.event_handler.log_command:Invoking command in '/home/amejiyo/yolobot/build/interfaces': CMAKE_PREFIX_PATH=${CMAKE_PREFIX_PATH}:/home/amejiyo/yolobot/install/yolobot_detection:/home/amejiyo/yolobot/install/yoloDetection:/home/amejiyo/GitHub/502/detection/install/yolobot_detection:/opt/ros/foxy /usr/bin/cmake --install /home/amejiyo/yolobot/build/interfaces
[4.621s] Level 1:colcon.colcon_core.environment:create_environment_scripts_only(interfaces)
[4.622s] Level 1:colcon.colcon_core.environment:checking '/home/amejiyo/yolobot/install/interfaces' for CMake module files
[4.622s] DEBUG:colcon.colcon_core.event_handler.log_command:Invoked command in '/home/amejiyo/yolobot/build/interfaces' returned '0': CMAKE_PREFIX_PATH=${CMAKE_PREFIX_PATH}:/home/amejiyo/yolobot/install/yolobot_detection:/home/amejiyo/yolobot/install/yoloDetection:/home/amejiyo/GitHub/502/detection/install/yolobot_detection:/opt/ros/foxy /usr/bin/cmake --install /home/amejiyo/yolobot/build/interfaces
[4.623s] Level 1:colcon.colcon_core.environment:checking '/home/amejiyo/yolobot/install/interfaces' for CMake config files
[4.623s] Level 1:colcon.colcon_core.shell:create_environment_hook('interfaces', 'cmake_prefix_path')
[4.624s] INFO:colcon.colcon_core.shell:Creating environment hook '/home/amejiyo/yolobot/install/interfaces/share/interfaces/hook/cmake_prefix_path.ps1'
[4.624s] INFO:colcon.colcon_core.shell:Creating environment descriptor '/home/amejiyo/yolobot/install/interfaces/share/interfaces/hook/cmake_prefix_path.dsv'
[4.624s] INFO:colcon.colcon_core.shell:Creating environment hook '/home/amejiyo/yolobot/install/interfaces/share/interfaces/hook/cmake_prefix_path.sh'
[4.625s] Level 1:colcon.colcon_core.environment:checking '/home/amejiyo/yolobot/install/interfaces/lib'
[4.625s] Level 1:colcon.colcon_core.shell:create_environment_hook('interfaces', 'ld_library_path_lib')
[4.626s] INFO:colcon.colcon_core.shell:Creating environment hook '/home/amejiyo/yolobot/install/interfaces/share/interfaces/hook/ld_library_path_lib.ps1'
[4.626s] INFO:colcon.colcon_core.shell:Creating environment descriptor '/home/amejiyo/yolobot/install/interfaces/share/interfaces/hook/ld_library_path_lib.dsv'
[4.626s] INFO:colcon.colcon_core.shell:Creating environment hook '/home/amejiyo/yolobot/install/interfaces/share/interfaces/hook/ld_library_path_lib.sh'
[4.627s] Level 1:colcon.colcon_core.environment:checking '/home/amejiyo/yolobot/install/interfaces/bin'
[4.627s] Level 1:colcon.colcon_core.environment:checking '/home/amejiyo/yolobot/install/interfaces/lib/pkgconfig/interfaces.pc'
[4.627s] Level 1:colcon.colcon_core.environment:checking '/home/amejiyo/yolobot/install/interfaces/lib/python3.8/site-packages'
[4.627s] Level 1:colcon.colcon_core.shell:create_environment_hook('interfaces', 'pythonpath')
[4.628s] INFO:colcon.colcon_core.shell:Creating environment hook '/home/amejiyo/yolobot/install/interfaces/share/interfaces/hook/pythonpath.ps1'
[4.629s] INFO:colcon.colcon_core.shell:Creating environment descriptor '/home/amejiyo/yolobot/install/interfaces/share/interfaces/hook/pythonpath.dsv'
[4.630s] INFO:colcon.colcon_core.shell:Creating environment hook '/home/amejiyo/yolobot/install/interfaces/share/interfaces/hook/pythonpath.sh'
[4.630s] Level 1:colcon.colcon_core.environment:checking '/home/amejiyo/yolobot/install/interfaces/bin'
[4.631s] INFO:colcon.colcon_core.shell:Creating package script '/home/amejiyo/yolobot/install/interfaces/share/interfaces/package.ps1'
[4.632s] INFO:colcon.colcon_core.shell:Creating package descriptor '/home/amejiyo/yolobot/install/interfaces/share/interfaces/package.dsv'
[4.632s] INFO:colcon.colcon_core.shell:Creating package script '/home/amejiyo/yolobot/install/interfaces/share/interfaces/package.sh'
[4.632s] INFO:colcon.colcon_core.shell:Creating package script '/home/amejiyo/yolobot/install/interfaces/share/interfaces/package.bash'
[4.632s] INFO:colcon.colcon_core.shell:Creating package script '/home/amejiyo/yolobot/install/interfaces/share/interfaces/package.zsh'
[4.633s] Level 1:colcon.colcon_core.environment:create_file_with_runtime_dependencies(/home/amejiyo/yolobot/install/interfaces/share/colcon-core/packages/interfaces)
[4.692s] Level 1:colcon.colcon_core.environment:create_environment_scripts_only(interfaces)
[4.693s] Level 1:colcon.colcon_core.environment:checking '/home/amejiyo/yolobot/install/interfaces' for CMake module files
[4.694s] Level 1:colcon.colcon_core.environment:checking '/home/amejiyo/yolobot/install/interfaces' for CMake config files
[4.694s] Level 1:colcon.colcon_core.shell:create_environment_hook('interfaces', 'cmake_prefix_path')
[4.695s] INFO:colcon.colcon_core.shell:Creating environment hook '/home/amejiyo/yolobot/install/interfaces/share/interfaces/hook/cmake_prefix_path.ps1'
[4.695s] INFO:colcon.colcon_core.shell:Creating environment descriptor '/home/amejiyo/yolobot/install/interfaces/share/interfaces/hook/cmake_prefix_path.dsv'
[4.695s] INFO:colcon.colcon_core.shell:Creating environment hook '/home/amejiyo/yolobot/install/interfaces/share/interfaces/hook/cmake_prefix_path.sh'
[4.696s] Level 1:colcon.colcon_core.environment:checking '/home/amejiyo/yolobot/install/interfaces/lib'
[4.696s] Level 1:colcon.colcon_core.shell:create_environment_hook('interfaces', 'ld_library_path_lib')
[4.696s] INFO:colcon.colcon_core.shell:Creating environment hook '/home/amejiyo/yolobot/install/interfaces/share/interfaces/hook/ld_library_path_lib.ps1'
[4.696s] INFO:colcon.colcon_core.shell:Creating environment descriptor '/home/amejiyo/yolobot/install/interfaces/share/interfaces/hook/ld_library_path_lib.dsv'
[4.697s] INFO:colcon.colcon_core.shell:Creating environment hook '/home/amejiyo/yolobot/install/interfaces/share/interfaces/hook/ld_library_path_lib.sh'
[4.697s] Level 1:colcon.colcon_core.environment:checking '/home/amejiyo/yolobot/install/interfaces/bin'
[4.697s] Level 1:colcon.colcon_core.environment:checking '/home/amejiyo/yolobot/install/interfaces/lib/pkgconfig/interfaces.pc'
[4.697s] Level 1:colcon.colcon_core.environment:checking '/home/amejiyo/yolobot/install/interfaces/lib/python3.8/site-packages'
[4.697s] Level 1:colcon.colcon_core.shell:create_environment_hook('interfaces', 'pythonpath')
[4.698s] INFO:colcon.colcon_core.shell:Creating environment hook '/home/amejiyo/yolobot/install/interfaces/share/interfaces/hook/pythonpath.ps1'
[4.698s] INFO:colcon.colcon_core.shell:Creating environment descriptor '/home/amejiyo/yolobot/install/interfaces/share/interfaces/hook/pythonpath.dsv'
[4.698s] INFO:colcon.colcon_core.shell:Creating environment hook '/home/amejiyo/yolobot/install/interfaces/share/interfaces/hook/pythonpath.sh'
[4.699s] Level 1:colcon.colcon_core.environment:checking '/home/amejiyo/yolobot/install/interfaces/bin'
[4.699s] INFO:colcon.colcon_core.shell:Creating package script '/home/amejiyo/yolobot/install/interfaces/share/interfaces/package.ps1'
[4.700s] INFO:colcon.colcon_core.shell:Creating package descriptor '/home/amejiyo/yolobot/install/interfaces/share/interfaces/package.dsv'
[4.700s] INFO:colcon.colcon_core.shell:Creating package script '/home/amejiyo/yolobot/install/interfaces/share/interfaces/package.sh'
[4.701s] INFO:colcon.colcon_core.shell:Creating package script '/home/amejiyo/yolobot/install/interfaces/share/interfaces/package.bash'
[4.702s] INFO:colcon.colcon_core.shell:Creating package script '/home/amejiyo/yolobot/install/interfaces/share/interfaces/package.zsh'
[4.702s] Level 1:colcon.colcon_core.environment:create_file_with_runtime_dependencies(/home/amejiyo/yolobot/install/interfaces/share/colcon-core/packages/interfaces)
[20.082s] DEBUG:colcon.colcon_core.event_handler.log_command:Invoked command in '/home/amejiyo/yolobot/build/realsense_gazebo_plugin' returned '0': /usr/bin/cmake --build /home/amejiyo/yolobot/build/realsense_gazebo_plugin -- -j16 -l16
[20.154s] DEBUG:colcon.colcon_core.event_handler.log_command:Invoking command in '/home/amejiyo/yolobot/build/realsense_gazebo_plugin': /usr/bin/cmake --install /home/amejiyo/yolobot/build/realsense_gazebo_plugin
[20.169s] DEBUG:colcon.colcon_core.event_handler.log_command:Invoked command in '/home/amejiyo/yolobot/build/realsense_gazebo_plugin' returned '0': /usr/bin/cmake --install /home/amejiyo/yolobot/build/realsense_gazebo_plugin
[20.200s] Level 1:colcon.colcon_core.shell:create_environment_hook('realsense_gazebo_plugin', 'ros_package_path')
[20.201s] INFO:colcon.colcon_core.shell:Creating environment hook '/home/amejiyo/yolobot/install/realsense_gazebo_plugin/share/realsense_gazebo_plugin/hook/ros_package_path.ps1'
[20.202s] INFO:colcon.colcon_core.shell:Creating environment descriptor '/home/amejiyo/yolobot/install/realsense_gazebo_plugin/share/realsense_gazebo_plugin/hook/ros_package_path.dsv'
[20.202s] INFO:colcon.colcon_core.shell:Creating environment hook '/home/amejiyo/yolobot/install/realsense_gazebo_plugin/share/realsense_gazebo_plugin/hook/ros_package_path.sh'
[20.204s] Level 1:colcon.colcon_core.shell:create_environment_hook('realsense_gazebo_plugin', 'pkg_config_path')
[20.205s] INFO:colcon.colcon_core.shell:Creating environment hook '/home/amejiyo/yolobot/install/realsense_gazebo_plugin/share/realsense_gazebo_plugin/hook/pkg_config_path.ps1'
[20.205s] INFO:colcon.colcon_core.shell:Creating environment descriptor '/home/amejiyo/yolobot/install/realsense_gazebo_plugin/share/realsense_gazebo_plugin/hook/pkg_config_path.dsv'
[20.206s] INFO:colcon.colcon_core.shell:Creating environment hook '/home/amejiyo/yolobot/install/realsense_gazebo_plugin/share/realsense_gazebo_plugin/hook/pkg_config_path.sh'
[20.210s] Level 1:colcon.colcon_core.shell:create_environment_hook('realsense_gazebo_plugin', 'pkg_config_path_multiarch')
[20.211s] INFO:colcon.colcon_core.shell:Creating environment hook '/home/amejiyo/yolobot/install/realsense_gazebo_plugin/share/realsense_gazebo_plugin/hook/pkg_config_path_multiarch.ps1'
[20.212s] INFO:colcon.colcon_core.shell:Creating environment descriptor '/home/amejiyo/yolobot/install/realsense_gazebo_plugin/share/realsense_gazebo_plugin/hook/pkg_config_path_multiarch.dsv'
[20.213s] INFO:colcon.colcon_core.shell:Creating environment hook '/home/amejiyo/yolobot/install/realsense_gazebo_plugin/share/realsense_gazebo_plugin/hook/pkg_config_path_multiarch.sh'
[20.216s] Level 1:colcon.colcon_core.environment:create_environment_scripts_only(realsense_gazebo_plugin)
[20.217s] Level 1:colcon.colcon_core.environment:checking '/home/amejiyo/yolobot/install/realsense_gazebo_plugin' for CMake module files
[20.218s] Level 1:colcon.colcon_core.environment:checking '/home/amejiyo/yolobot/install/realsense_gazebo_plugin' for CMake config files
[20.219s] Level 1:colcon.colcon_core.shell:create_environment_hook('realsense_gazebo_plugin', 'cmake_prefix_path')
[20.219s] INFO:colcon.colcon_core.shell:Creating environment hook '/home/amejiyo/yolobot/install/realsense_gazebo_plugin/share/realsense_gazebo_plugin/hook/cmake_prefix_path.ps1'
[20.220s] INFO:colcon.colcon_core.shell:Creating environment descriptor '/home/amejiyo/yolobot/install/realsense_gazebo_plugin/share/realsense_gazebo_plugin/hook/cmake_prefix_path.dsv'
[20.220s] INFO:colcon.colcon_core.shell:Creating environment hook '/home/amejiyo/yolobot/install/realsense_gazebo_plugin/share/realsense_gazebo_plugin/hook/cmake_prefix_path.sh'
[20.220s] Level 1:colcon.colcon_core.environment:checking '/home/amejiyo/yolobot/install/realsense_gazebo_plugin/lib'
[20.220s] Level 1:colcon.colcon_core.shell:create_environment_hook('realsense_gazebo_plugin', 'ld_library_path_lib')
[20.221s] INFO:colcon.colcon_core.shell:Creating environment hook '/home/amejiyo/yolobot/install/realsense_gazebo_plugin/share/realsense_gazebo_plugin/hook/ld_library_path_lib.ps1'
[20.221s] INFO:colcon.colcon_core.shell:Creating environment descriptor '/home/amejiyo/yolobot/install/realsense_gazebo_plugin/share/realsense_gazebo_plugin/hook/ld_library_path_lib.dsv'
[20.221s] INFO:colcon.colcon_core.shell:Creating environment hook '/home/amejiyo/yolobot/install/realsense_gazebo_plugin/share/realsense_gazebo_plugin/hook/ld_library_path_lib.sh'
[20.221s] Level 1:colcon.colcon_core.environment:checking '/home/amejiyo/yolobot/install/realsense_gazebo_plugin/bin'
[20.221s] Level 1:colcon.colcon_core.environment:checking '/home/amejiyo/yolobot/install/realsense_gazebo_plugin/lib/pkgconfig/realsense_gazebo_plugin.pc'
[20.221s] Level 1:colcon.colcon_core.environment:checking '/home/amejiyo/yolobot/install/realsense_gazebo_plugin/lib/python3.8/site-packages'
[20.221s] Level 1:colcon.colcon_core.environment:checking '/home/amejiyo/yolobot/install/realsense_gazebo_plugin/bin'
[20.222s] INFO:colcon.colcon_core.shell:Creating package script '/home/amejiyo/yolobot/install/realsense_gazebo_plugin/share/realsense_gazebo_plugin/package.ps1'
[20.223s] INFO:colcon.colcon_core.shell:Creating package descriptor '/home/amejiyo/yolobot/install/realsense_gazebo_plugin/share/realsense_gazebo_plugin/package.dsv'
[20.223s] INFO:colcon.colcon_core.shell:Creating package script '/home/amejiyo/yolobot/install/realsense_gazebo_plugin/share/realsense_gazebo_plugin/package.sh'
[20.223s] INFO:colcon.colcon_core.shell:Creating package script '/home/amejiyo/yolobot/install/realsense_gazebo_plugin/share/realsense_gazebo_plugin/package.bash'
[20.224s] INFO:colcon.colcon_core.shell:Creating package script '/home/amejiyo/yolobot/install/realsense_gazebo_plugin/share/realsense_gazebo_plugin/package.zsh'
[20.224s] Level 1:colcon.colcon_core.environment:create_file_with_runtime_dependencies(/home/amejiyo/yolobot/install/realsense_gazebo_plugin/share/colcon-core/packages/realsense_gazebo_plugin)
[20.224s] DEBUG:colcon.colcon_parallel_executor.executor.parallel:closing loop
[20.225s] DEBUG:colcon.colcon_parallel_executor.executor.parallel:loop closed
[20.225s] DEBUG:colcon.colcon_parallel_executor.executor.parallel:run_until_complete finished with '0'
[20.225s] DEBUG:colcon.colcon_core.event_reactor:joining thread
[20.232s] INFO:colcon.colcon_core.plugin_system:Skipping extension 'colcon_notification.desktop_notification.terminal_notifier': Not used on non-Darwin systems
[20.232s] INFO:colcon.colcon_core.plugin_system:Skipping extension 'colcon_notification.desktop_notification.win32': Not used on non-Windows systems
[20.232s] INFO:colcon.colcon_notification.desktop_notification:Sending desktop notification using 'notify2'
[20.252s] DEBUG:colcon.colcon_core.event_reactor:joined thread
[20.253s] INFO:colcon.colcon_core.shell:Creating prefix script '/home/amejiyo/yolobot/install/local_setup.ps1'
[20.255s] INFO:colcon.colcon_core.shell:Creating prefix util module '/home/amejiyo/yolobot/install/_local_setup_util_ps1.py'
[20.258s] INFO:colcon.colcon_core.shell:Creating prefix chain script '/home/amejiyo/yolobot/install/setup.ps1'
[20.261s] INFO:colcon.colcon_core.shell:Creating prefix script '/home/amejiyo/yolobot/install/local_setup.sh'
[20.262s] INFO:colcon.colcon_core.shell:Creating prefix util module '/home/amejiyo/yolobot/install/_local_setup_util_sh.py'
[20.263s] INFO:colcon.colcon_core.shell:Creating prefix chain script '/home/amejiyo/yolobot/install/setup.sh'
[20.264s] INFO:colcon.colcon_core.shell:Creating prefix script '/home/amejiyo/yolobot/install/local_setup.bash'
[20.264s] INFO:colcon.colcon_core.shell:Creating prefix chain script '/home/amejiyo/yolobot/install/setup.bash'
[20.265s] INFO:colcon.colcon_core.shell:Creating prefix script '/home/amejiyo/yolobot/install/local_setup.zsh'
[20.266s] INFO:colcon.colcon_core.shell:Creating prefix chain script '/home/amejiyo/yolobot/install/setup.zsh'
