[0.139s] DEBUG:colcon:Command line arguments: ['/usr/bin/colcon', 'build']
[0.140s] DEBUG:colcon:Parsed command line arguments: Namespace(allow_overriding=[], ament_cmake_args=None, base_paths=['.'], build_base='build', catkin_cmake_args=None, catkin_skip_building_tests=False, cmake_args=None, cmake_clean_cache=False, cmake_clean_first=False, cmake_force_configure=False, cmake_target=None, cmake_target_skip_unavailable=False, continue_on_error=False, event_handlers=None, executor='parallel', ignore_user_meta=False, install_base='install', log_base=None, log_level=None, main=<bound method BuildVerb.main of <colcon_core.verb.build.BuildVerb object at 0x7f31b63dbb80>>, merge_install=False, metas=['./colcon.meta'], packages_above=None, packages_above_and_dependencies=None, packages_above_depth=None, packages_end=None, packages_ignore=None, packages_ignore_regex=None, packages_select=None, packages_select_build_failed=False, packages_select_by_dep=None, packages_select_regex=None, packages_select_test_failures=False, packages_skip=None, packages_skip_build_finished=False, packages_skip_by_dep=None, packages_skip_regex=None, packages_skip_test_passed=False, packages_skip_up_to=None, packages_start=None, packages_up_to=None, packages_up_to_regex=None, parallel_workers=16, paths=None, symlink_install=False, test_result_base=None, verb_extension=<colcon_core.verb.build.BuildVerb object at 0x7f31b63dbb80>, verb_name='build', verb_parser=<colcon_defaults.argument_parser.defaults.DefaultArgumentsDecorator object at 0x7f31b63e6130>)
[0.165s] Level 1:colcon.colcon_core.package_discovery:discover_packages(colcon_meta) check parameters
[0.165s] Level 1:colcon.colcon_core.package_discovery:discover_packages(recursive) check parameters
[0.165s] Level 1:colcon.colcon_core.package_discovery:discover_packages(ignore) check parameters
[0.165s] Level 1:colcon.colcon_core.package_discovery:discover_packages(path) check parameters
[0.165s] Level 1:colcon.colcon_core.package_discovery:discover_packages(colcon_meta) discover
[0.165s] Level 1:colcon.colcon_core.package_discovery:discover_packages(recursive) discover
[0.165s] INFO:colcon.colcon_core.package_discovery:Crawling recursively for packages in '/home/amejiyo/yolobot'
[0.166s] Level 1:colcon.colcon_core.package_identification:_identify(.) by extensions ['ignore', 'ignore_ament_install']
[0.166s] Level 1:colcon.colcon_core.package_identification:_identify(.) by extension 'ignore'
[0.166s] Level 1:colcon.colcon_core.package_identification:_identify(.) by extension 'ignore_ament_install'
[0.166s] Level 1:colcon.colcon_core.package_identification:_identify(.) by extensions ['colcon_pkg']
[0.166s] Level 1:colcon.colcon_core.package_identification:_identify(.) by extension 'colcon_pkg'
[0.166s] Level 1:colcon.colcon_core.package_identification:_identify(.) by extensions ['colcon_meta']
[0.166s] Level 1:colcon.colcon_core.package_identification:_identify(.) by extension 'colcon_meta'
[0.166s] Level 1:colcon.colcon_core.package_identification:_identify(.) by extensions ['ros']
[0.166s] Level 1:colcon.colcon_core.package_identification:_identify(.) by extension 'ros'
[0.232s] Level 1:colcon.colcon_core.package_identification:_identify(.) by extensions ['cmake', 'python']
[0.232s] Level 1:colcon.colcon_core.package_identification:_identify(.) by extension 'cmake'
[0.232s] Level 1:colcon.colcon_core.package_identification:_identify(.) by extension 'python'
[0.232s] Level 1:colcon.colcon_core.package_identification:_identify(.) by extensions ['python_setup_py']
[0.232s] Level 1:colcon.colcon_core.package_identification:_identify(.) by extension 'python_setup_py'
[0.232s] Level 1:colcon.colcon_core.package_identification:_identify(build) by extensions ['ignore', 'ignore_ament_install']
[0.232s] Level 1:colcon.colcon_core.package_identification:_identify(build) by extension 'ignore'
[0.232s] Level 1:colcon.colcon_core.package_identification:_identify(build) ignored
[0.233s] Level 1:colcon.colcon_core.package_identification:_identify(install) by extensions ['ignore', 'ignore_ament_install']
[0.233s] Level 1:colcon.colcon_core.package_identification:_identify(install) by extension 'ignore'
[0.233s] Level 1:colcon.colcon_core.package_identification:_identify(install) ignored
[0.233s] Level 1:colcon.colcon_core.package_identification:_identify(log) by extensions ['ignore', 'ignore_ament_install']
[0.233s] Level 1:colcon.colcon_core.package_identification:_identify(log) by extension 'ignore'
[0.233s] Level 1:colcon.colcon_core.package_identification:_identify(log) ignored
[0.233s] Level 1:colcon.colcon_core.package_identification:_identify(src) by extensions ['ignore', 'ignore_ament_install']
[0.233s] Level 1:colcon.colcon_core.package_identification:_identify(src) by extension 'ignore'
[0.233s] Level 1:colcon.colcon_core.package_identification:_identify(src) by extension 'ignore_ament_install'
[0.233s] Level 1:colcon.colcon_core.package_identification:_identify(src) by extensions ['colcon_pkg']
[0.233s] Level 1:colcon.colcon_core.package_identification:_identify(src) by extension 'colcon_pkg'
[0.233s] Level 1:colcon.colcon_core.package_identification:_identify(src) by extensions ['colcon_meta']
[0.234s] Level 1:colcon.colcon_core.package_identification:_identify(src) by extension 'colcon_meta'
[0.234s] Level 1:colcon.colcon_core.package_identification:_identify(src) by extensions ['ros']
[0.234s] Level 1:colcon.colcon_core.package_identification:_identify(src) by extension 'ros'
[0.234s] Level 1:colcon.colcon_core.package_identification:_identify(src) by extensions ['cmake', 'python']
[0.234s] Level 1:colcon.colcon_core.package_identification:_identify(src) by extension 'cmake'
[0.234s] Level 1:colcon.colcon_core.package_identification:_identify(src) by extension 'python'
[0.234s] Level 1:colcon.colcon_core.package_identification:_identify(src) by extensions ['python_setup_py']
[0.234s] Level 1:colcon.colcon_core.package_identification:_identify(src) by extension 'python_setup_py'
[0.234s] Level 1:colcon.colcon_core.package_identification:_identify(src/interfaces) by extensions ['ignore', 'ignore_ament_install']
[0.234s] Level 1:colcon.colcon_core.package_identification:_identify(src/interfaces) by extension 'ignore'
[0.234s] Level 1:colcon.colcon_core.package_identification:_identify(src/interfaces) by extension 'ignore_ament_install'
[0.234s] Level 1:colcon.colcon_core.package_identification:_identify(src/interfaces) by extensions ['colcon_pkg']
[0.234s] Level 1:colcon.colcon_core.package_identification:_identify(src/interfaces) by extension 'colcon_pkg'
[0.234s] Level 1:colcon.colcon_core.package_identification:_identify(src/interfaces) by extensions ['colcon_meta']
[0.234s] Level 1:colcon.colcon_core.package_identification:_identify(src/interfaces) by extension 'colcon_meta'
[0.234s] Level 1:colcon.colcon_core.package_identification:_identify(src/interfaces) by extensions ['ros']
[0.234s] Level 1:colcon.colcon_core.package_identification:_identify(src/interfaces) by extension 'ros'
[0.236s] DEBUG:colcon.colcon_core.package_identification:Package 'src/interfaces' with type 'ros.ament_cmake' and name 'interfaces'
[0.236s] Level 1:colcon.colcon_core.package_identification:_identify(src/yolobot_control) by extensions ['ignore', 'ignore_ament_install']
[0.236s] Level 1:colcon.colcon_core.package_identification:_identify(src/yolobot_control) by extension 'ignore'
[0.236s] Level 1:colcon.colcon_core.package_identification:_identify(src/yolobot_control) by extension 'ignore_ament_install'
[0.236s] Level 1:colcon.colcon_core.package_identification:_identify(src/yolobot_control) by extensions ['colcon_pkg']
[0.236s] Level 1:colcon.colcon_core.package_identification:_identify(src/yolobot_control) by extension 'colcon_pkg'
[0.236s] Level 1:colcon.colcon_core.package_identification:_identify(src/yolobot_control) by extensions ['colcon_meta']
[0.236s] Level 1:colcon.colcon_core.package_identification:_identify(src/yolobot_control) by extension 'colcon_meta'
[0.236s] Level 1:colcon.colcon_core.package_identification:_identify(src/yolobot_control) by extensions ['ros']
[0.236s] Level 1:colcon.colcon_core.package_identification:_identify(src/yolobot_control) by extension 'ros'
[0.237s] DEBUG:colcon.colcon_core.package_identification:Package 'src/yolobot_control' with type 'ros.ament_cmake' and name 'yolobot_control'
[0.237s] Level 1:colcon.colcon_core.package_identification:_identify(src/yolobot_description) by extensions ['ignore', 'ignore_ament_install']
[0.237s] Level 1:colcon.colcon_core.package_identification:_identify(src/yolobot_description) by extension 'ignore'
[0.237s] Level 1:colcon.colcon_core.package_identification:_identify(src/yolobot_description) by extension 'ignore_ament_install'
[0.237s] Level 1:colcon.colcon_core.package_identification:_identify(src/yolobot_description) by extensions ['colcon_pkg']
[0.237s] Level 1:colcon.colcon_core.package_identification:_identify(src/yolobot_description) by extension 'colcon_pkg'
[0.237s] Level 1:colcon.colcon_core.package_identification:_identify(src/yolobot_description) by extensions ['colcon_meta']
[0.237s] Level 1:colcon.colcon_core.package_identification:_identify(src/yolobot_description) by extension 'colcon_meta'
[0.237s] Level 1:colcon.colcon_core.package_identification:_identify(src/yolobot_description) by extensions ['ros']
[0.237s] Level 1:colcon.colcon_core.package_identification:_identify(src/yolobot_description) by extension 'ros'
[0.238s] DEBUG:colcon.colcon_core.package_identification:Package 'src/yolobot_description' with type 'ros.ament_cmake' and name 'yolobot_description'
[0.238s] Level 1:colcon.colcon_core.package_identification:_identify(src/yolobot_gazebo) by extensions ['ignore', 'ignore_ament_install']
[0.238s] Level 1:colcon.colcon_core.package_identification:_identify(src/yolobot_gazebo) by extension 'ignore'
[0.238s] Level 1:colcon.colcon_core.package_identification:_identify(src/yolobot_gazebo) by extension 'ignore_ament_install'
[0.238s] Level 1:colcon.colcon_core.package_identification:_identify(src/yolobot_gazebo) by extensions ['colcon_pkg']
[0.238s] Level 1:colcon.colcon_core.package_identification:_identify(src/yolobot_gazebo) by extension 'colcon_pkg'
[0.238s] Level 1:colcon.colcon_core.package_identification:_identify(src/yolobot_gazebo) by extensions ['colcon_meta']
[0.239s] Level 1:colcon.colcon_core.package_identification:_identify(src/yolobot_gazebo) by extension 'colcon_meta'
[0.239s] Level 1:colcon.colcon_core.package_identification:_identify(src/yolobot_gazebo) by extensions ['ros']
[0.239s] Level 1:colcon.colcon_core.package_identification:_identify(src/yolobot_gazebo) by extension 'ros'
[0.239s] DEBUG:colcon.colcon_core.package_identification:Package 'src/yolobot_gazebo' with type 'ros.ament_cmake' and name 'yolobot_gazebo'
[0.239s] Level 1:colcon.colcon_core.package_identification:_identify(src/yolobot_recognition) by extensions ['ignore', 'ignore_ament_install']
[0.239s] Level 1:colcon.colcon_core.package_identification:_identify(src/yolobot_recognition) by extension 'ignore'
[0.239s] Level 1:colcon.colcon_core.package_identification:_identify(src/yolobot_recognition) by extension 'ignore_ament_install'
[0.239s] Level 1:colcon.colcon_core.package_identification:_identify(src/yolobot_recognition) by extensions ['colcon_pkg']
[0.239s] Level 1:colcon.colcon_core.package_identification:_identify(src/yolobot_recognition) by extension 'colcon_pkg'
[0.239s] Level 1:colcon.colcon_core.package_identification:_identify(src/yolobot_recognition) by extensions ['colcon_meta']
[0.239s] Level 1:colcon.colcon_core.package_identification:_identify(src/yolobot_recognition) by extension 'colcon_meta'
[0.239s] Level 1:colcon.colcon_core.package_identification:_identify(src/yolobot_recognition) by extensions ['ros']
[0.239s] Level 1:colcon.colcon_core.package_identification:_identify(src/yolobot_recognition) by extension 'ros'
[0.240s] DEBUG:colcon.colcon_core.package_identification:Package 'src/yolobot_recognition' with type 'ros.ament_cmake' and name 'yolobot_recognition'
[0.240s] Level 1:colcon.colcon_core.package_discovery:discover_packages(recursive) using defaults
[0.240s] Level 1:colcon.colcon_core.package_discovery:discover_packages(ignore) discover
[0.240s] Level 1:colcon.colcon_core.package_discovery:discover_packages(ignore) using defaults
[0.240s] Level 1:colcon.colcon_core.package_discovery:discover_packages(path) discover
[0.240s] Level 1:colcon.colcon_core.package_discovery:discover_packages(path) using defaults
[0.260s] Level 1:colcon.colcon_core.package_discovery:discover_packages(prefix_path) check parameters
[0.260s] Level 1:colcon.colcon_core.package_discovery:discover_packages(prefix_path) discover
[0.264s] DEBUG:colcon.colcon_installed_package_information.package_discovery:Found 4 installed packages in /home/amejiyo/yolobot/install
[0.265s] DEBUG:colcon.colcon_installed_package_information.package_discovery:Found 17 installed packages in /home/amejiyo/ros2_ws/install
[0.266s] DEBUG:colcon.colcon_installed_package_information.package_discovery:Found 270 installed packages in /opt/ros/foxy
[0.268s] Level 1:colcon.colcon_core.package_discovery:discover_packages(prefix_path) using defaults
[0.340s] Level 5:colcon.colcon_core.verb:set package 'interfaces' build argument 'cmake_args' from command line to 'None'
[0.340s] Level 5:colcon.colcon_core.verb:set package 'interfaces' build argument 'cmake_target' from command line to 'None'
[0.341s] Level 5:colcon.colcon_core.verb:set package 'interfaces' build argument 'cmake_target_skip_unavailable' from command line to 'False'
[0.341s] Level 5:colcon.colcon_core.verb:set package 'interfaces' build argument 'cmake_clean_cache' from command line to 'False'
[0.341s] Level 5:colcon.colcon_core.verb:set package 'interfaces' build argument 'cmake_clean_first' from command line to 'False'
[0.341s] Level 5:colcon.colcon_core.verb:set package 'interfaces' build argument 'cmake_force_configure' from command line to 'False'
[0.341s] Level 5:colcon.colcon_core.verb:set package 'interfaces' build argument 'ament_cmake_args' from command line to 'None'
[0.341s] Level 5:colcon.colcon_core.verb:set package 'interfaces' build argument 'catkin_cmake_args' from command line to 'None'
[0.341s] Level 5:colcon.colcon_core.verb:set package 'interfaces' build argument 'catkin_skip_building_tests' from command line to 'False'
[0.341s] DEBUG:colcon.colcon_core.verb:Building package 'interfaces' with the following arguments: {'ament_cmake_args': None, 'build_base': '/home/amejiyo/yolobot/build/interfaces', 'catkin_cmake_args': None, 'catkin_skip_building_tests': False, 'cmake_args': None, 'cmake_clean_cache': False, 'cmake_clean_first': False, 'cmake_force_configure': False, 'cmake_target': None, 'cmake_target_skip_unavailable': False, 'install_base': '/home/amejiyo/yolobot/install/interfaces', 'merge_install': False, 'path': '/home/amejiyo/yolobot/src/interfaces', 'symlink_install': False, 'test_result_base': None}
[0.342s] Level 5:colcon.colcon_core.verb:set package 'yolobot_control' build argument 'cmake_args' from command line to 'None'
[0.342s] Level 5:colcon.colcon_core.verb:set package 'yolobot_control' build argument 'cmake_target' from command line to 'None'
[0.342s] Level 5:colcon.colcon_core.verb:set package 'yolobot_control' build argument 'cmake_target_skip_unavailable' from command line to 'False'
[0.342s] Level 5:colcon.colcon_core.verb:set package 'yolobot_control' build argument 'cmake_clean_cache' from command line to 'False'
[0.342s] Level 5:colcon.colcon_core.verb:set package 'yolobot_control' build argument 'cmake_clean_first' from command line to 'False'
[0.342s] Level 5:colcon.colcon_core.verb:set package 'yolobot_control' build argument 'cmake_force_configure' from command line to 'False'
[0.342s] Level 5:colcon.colcon_core.verb:set package 'yolobot_control' build argument 'ament_cmake_args' from command line to 'None'
[0.342s] Level 5:colcon.colcon_core.verb:set package 'yolobot_control' build argument 'catkin_cmake_args' from command line to 'None'
[0.342s] Level 5:colcon.colcon_core.verb:set package 'yolobot_control' build argument 'catkin_skip_building_tests' from command line to 'False'
[0.342s] DEBUG:colcon.colcon_core.verb:Building package 'yolobot_control' with the following arguments: {'ament_cmake_args': None, 'build_base': '/home/amejiyo/yolobot/build/yolobot_control', 'catkin_cmake_args': None, 'catkin_skip_building_tests': False, 'cmake_args': None, 'cmake_clean_cache': False, 'cmake_clean_first': False, 'cmake_force_configure': False, 'cmake_target': None, 'cmake_target_skip_unavailable': False, 'install_base': '/home/amejiyo/yolobot/install/yolobot_control', 'merge_install': False, 'path': '/home/amejiyo/yolobot/src/yolobot_control', 'symlink_install': False, 'test_result_base': None}
[0.342s] Level 5:colcon.colcon_core.verb:set package 'yolobot_description' build argument 'cmake_args' from command line to 'None'
[0.343s] Level 5:colcon.colcon_core.verb:set package 'yolobot_description' build argument 'cmake_target' from command line to 'None'
[0.343s] Level 5:colcon.colcon_core.verb:set package 'yolobot_description' build argument 'cmake_target_skip_unavailable' from command line to 'False'
[0.343s] Level 5:colcon.colcon_core.verb:set package 'yolobot_description' build argument 'cmake_clean_cache' from command line to 'False'
[0.343s] Level 5:colcon.colcon_core.verb:set package 'yolobot_description' build argument 'cmake_clean_first' from command line to 'False'
[0.343s] Level 5:colcon.colcon_core.verb:set package 'yolobot_description' build argument 'cmake_force_configure' from command line to 'False'
[0.343s] Level 5:colcon.colcon_core.verb:set package 'yolobot_description' build argument 'ament_cmake_args' from command line to 'None'
[0.343s] Level 5:colcon.colcon_core.verb:set package 'yolobot_description' build argument 'catkin_cmake_args' from command line to 'None'
[0.343s] Level 5:colcon.colcon_core.verb:set package 'yolobot_description' build argument 'catkin_skip_building_tests' from command line to 'False'
[0.343s] DEBUG:colcon.colcon_core.verb:Building package 'yolobot_description' with the following arguments: {'ament_cmake_args': None, 'build_base': '/home/amejiyo/yolobot/build/yolobot_description', 'catkin_cmake_args': None, 'catkin_skip_building_tests': False, 'cmake_args': None, 'cmake_clean_cache': False, 'cmake_clean_first': False, 'cmake_force_configure': False, 'cmake_target': None, 'cmake_target_skip_unavailable': False, 'install_base': '/home/amejiyo/yolobot/install/yolobot_description', 'merge_install': False, 'path': '/home/amejiyo/yolobot/src/yolobot_description', 'symlink_install': False, 'test_result_base': None}
[0.344s] Level 5:colcon.colcon_core.verb:set package 'yolobot_gazebo' build argument 'cmake_args' from command line to 'None'
[0.344s] Level 5:colcon.colcon_core.verb:set package 'yolobot_gazebo' build argument 'cmake_target' from command line to 'None'
[0.344s] Level 5:colcon.colcon_core.verb:set package 'yolobot_gazebo' build argument 'cmake_target_skip_unavailable' from command line to 'False'
[0.344s] Level 5:colcon.colcon_core.verb:set package 'yolobot_gazebo' build argument 'cmake_clean_cache' from command line to 'False'
[0.344s] Level 5:colcon.colcon_core.verb:set package 'yolobot_gazebo' build argument 'cmake_clean_first' from command line to 'False'
[0.344s] Level 5:colcon.colcon_core.verb:set package 'yolobot_gazebo' build argument 'cmake_force_configure' from command line to 'False'
[0.344s] Level 5:colcon.colcon_core.verb:set package 'yolobot_gazebo' build argument 'ament_cmake_args' from command line to 'None'
[0.344s] Level 5:colcon.colcon_core.verb:set package 'yolobot_gazebo' build argument 'catkin_cmake_args' from command line to 'None'
[0.344s] Level 5:colcon.colcon_core.verb:set package 'yolobot_gazebo' build argument 'catkin_skip_building_tests' from command line to 'False'
[0.344s] DEBUG:colcon.colcon_core.verb:Building package 'yolobot_gazebo' with the following arguments: {'ament_cmake_args': None, 'build_base': '/home/amejiyo/yolobot/build/yolobot_gazebo', 'catkin_cmake_args': None, 'catkin_skip_building_tests': False, 'cmake_args': None, 'cmake_clean_cache': False, 'cmake_clean_first': False, 'cmake_force_configure': False, 'cmake_target': None, 'cmake_target_skip_unavailable': False, 'install_base': '/home/amejiyo/yolobot/install/yolobot_gazebo', 'merge_install': False, 'path': '/home/amejiyo/yolobot/src/yolobot_gazebo', 'symlink_install': False, 'test_result_base': None}
[0.345s] Level 5:colcon.colcon_core.verb:set package 'yolobot_recognition' build argument 'cmake_args' from command line to 'None'
[0.345s] Level 5:colcon.colcon_core.verb:set package 'yolobot_recognition' build argument 'cmake_target' from command line to 'None'
[0.345s] Level 5:colcon.colcon_core.verb:set package 'yolobot_recognition' build argument 'cmake_target_skip_unavailable' from command line to 'False'
[0.345s] Level 5:colcon.colcon_core.verb:set package 'yolobot_recognition' build argument 'cmake_clean_cache' from command line to 'False'
[0.345s] Level 5:colcon.colcon_core.verb:set package 'yolobot_recognition' build argument 'cmake_clean_first' from command line to 'False'
[0.345s] Level 5:colcon.colcon_core.verb:set package 'yolobot_recognition' build argument 'cmake_force_configure' from command line to 'False'
[0.345s] Level 5:colcon.colcon_core.verb:set package 'yolobot_recognition' build argument 'ament_cmake_args' from command line to 'None'
[0.345s] Level 5:colcon.colcon_core.verb:set package 'yolobot_recognition' build argument 'catkin_cmake_args' from command line to 'None'
[0.345s] Level 5:colcon.colcon_core.verb:set package 'yolobot_recognition' build argument 'catkin_skip_building_tests' from command line to 'False'
[0.345s] DEBUG:colcon.colcon_core.verb:Building package 'yolobot_recognition' with the following arguments: {'ament_cmake_args': None, 'build_base': '/home/amejiyo/yolobot/build/yolobot_recognition', 'catkin_cmake_args': None, 'catkin_skip_building_tests': False, 'cmake_args': None, 'cmake_clean_cache': False, 'cmake_clean_first': False, 'cmake_force_configure': False, 'cmake_target': None, 'cmake_target_skip_unavailable': False, 'install_base': '/home/amejiyo/yolobot/install/yolobot_recognition', 'merge_install': False, 'path': '/home/amejiyo/yolobot/src/yolobot_recognition', 'symlink_install': False, 'test_result_base': None}
[0.345s] INFO:colcon.colcon_core.executor:Executing jobs using 'parallel' executor
[0.348s] DEBUG:colcon.colcon_parallel_executor.executor.parallel:run_until_complete
[0.348s] INFO:colcon.colcon_ros.task.ament_cmake.build:Building ROS package in '/home/amejiyo/yolobot/src/interfaces' with build type 'ament_cmake'
[0.348s] INFO:colcon.colcon_cmake.task.cmake.build:Building CMake package in '/home/amejiyo/yolobot/src/interfaces'
[0.354s] INFO:colcon.colcon_core.plugin_system:Skipping extension 'colcon_core.shell.bat': Not used on non-Windows systems
[0.354s] INFO:colcon.colcon_core.shell:Skip shell extension 'powershell' for command environment: Not usable outside of PowerShell
[0.354s] DEBUG:colcon.colcon_core.shell:Skip shell extension 'dsv' for command environment
[0.361s] INFO:colcon.colcon_ros.task.ament_cmake.build:Building ROS package in '/home/amejiyo/yolobot/src/yolobot_control' with build type 'ament_cmake'
[0.361s] INFO:colcon.colcon_cmake.task.cmake.build:Building CMake package in '/home/amejiyo/yolobot/src/yolobot_control'
[0.363s] INFO:colcon.colcon_core.shell:Skip shell extension 'powershell' for command environment: Not usable outside of PowerShell
[0.363s] DEBUG:colcon.colcon_core.shell:Skip shell extension 'dsv' for command environment
[0.371s] INFO:colcon.colcon_ros.task.ament_cmake.build:Building ROS package in '/home/amejiyo/yolobot/src/yolobot_description' with build type 'ament_cmake'
[0.372s] INFO:colcon.colcon_cmake.task.cmake.build:Building CMake package in '/home/amejiyo/yolobot/src/yolobot_description'
[0.372s] INFO:colcon.colcon_core.shell:Skip shell extension 'powershell' for command environment: Not usable outside of PowerShell
[0.372s] DEBUG:colcon.colcon_core.shell:Skip shell extension 'dsv' for command environment
[0.380s] INFO:colcon.colcon_ros.task.ament_cmake.build:Building ROS package in '/home/amejiyo/yolobot/src/yolobot_gazebo' with build type 'ament_cmake'
[0.380s] INFO:colcon.colcon_cmake.task.cmake.build:Building CMake package in '/home/amejiyo/yolobot/src/yolobot_gazebo'
[0.381s] INFO:colcon.colcon_core.shell:Skip shell extension 'powershell' for command environment: Not usable outside of PowerShell
[0.382s] DEBUG:colcon.colcon_core.shell:Skip shell extension 'dsv' for command environment
[0.389s] INFO:colcon.colcon_ros.task.ament_cmake.build:Building ROS package in '/home/amejiyo/yolobot/src/yolobot_recognition' with build type 'ament_cmake'
[0.390s] INFO:colcon.colcon_cmake.task.cmake.build:Building CMake package in '/home/amejiyo/yolobot/src/yolobot_recognition'
[0.390s] INFO:colcon.colcon_core.shell:Skip shell extension 'powershell' for command environment: Not usable outside of PowerShell
[0.390s] DEBUG:colcon.colcon_core.shell:Skip shell extension 'dsv' for command environment
[0.407s] DEBUG:colcon.colcon_core.event_handler.log_command:Invoking command in '/home/amejiyo/yolobot/build/interfaces': CMAKE_PREFIX_PATH=${CMAKE_PREFIX_PATH}:/home/amejiyo/ros2_ws/install/py_pubsub:/home/amejiyo/ros2_ws/install/opencv_tests:/home/amejiyo/ros2_ws/install/detection:/opt/ros/foxy /usr/bin/cmake /home/amejiyo/yolobot/src/interfaces -DCMAKE_INSTALL_PREFIX=/home/amejiyo/yolobot/install/interfaces
[0.415s] DEBUG:colcon.colcon_core.event_handler.log_command:Invoking command in '/home/amejiyo/yolobot/build/yolobot_control': CMAKE_PREFIX_PATH=${CMAKE_PREFIX_PATH}:/home/amejiyo/ros2_ws/install/py_pubsub:/home/amejiyo/ros2_ws/install/opencv_tests:/home/amejiyo/ros2_ws/install/detection:/opt/ros/foxy /usr/bin/cmake --build /home/amejiyo/yolobot/build/yolobot_control -- -j16 -l16
[0.422s] DEBUG:colcon.colcon_core.event_handler.log_command:Invoking command in '/home/amejiyo/yolobot/build/yolobot_description': CMAKE_PREFIX_PATH=${CMAKE_PREFIX_PATH}:/home/amejiyo/ros2_ws/install/py_pubsub:/home/amejiyo/ros2_ws/install/opencv_tests:/home/amejiyo/ros2_ws/install/detection:/opt/ros/foxy /usr/bin/cmake --build /home/amejiyo/yolobot/build/yolobot_description -- -j16 -l16
[0.425s] DEBUG:colcon.colcon_core.event_handler.log_command:Invoking command in '/home/amejiyo/yolobot/build/yolobot_gazebo': CMAKE_PREFIX_PATH=${CMAKE_PREFIX_PATH}:/home/amejiyo/ros2_ws/install/py_pubsub:/home/amejiyo/ros2_ws/install/opencv_tests:/home/amejiyo/ros2_ws/install/detection:/opt/ros/foxy /usr/bin/cmake --build /home/amejiyo/yolobot/build/yolobot_gazebo -- -j16 -l16
[0.435s] DEBUG:colcon.colcon_core.event_handler.log_command:Invoking command in '/home/amejiyo/yolobot/build/yolobot_recognition': CMAKE_PREFIX_PATH=${CMAKE_PREFIX_PATH}:/home/amejiyo/ros2_ws/install/py_pubsub:/home/amejiyo/ros2_ws/install/opencv_tests:/home/amejiyo/ros2_ws/install/detection:/opt/ros/foxy /usr/bin/cmake --build /home/amejiyo/yolobot/build/yolobot_recognition -- -j16 -l16
[0.463s] DEBUG:colcon.colcon_core.event_handler.log_command:Invoked command in '/home/amejiyo/yolobot/build/yolobot_control' returned '0': CMAKE_PREFIX_PATH=${CMAKE_PREFIX_PATH}:/home/amejiyo/ros2_ws/install/py_pubsub:/home/amejiyo/ros2_ws/install/opencv_tests:/home/amejiyo/ros2_ws/install/detection:/opt/ros/foxy /usr/bin/cmake --build /home/amejiyo/yolobot/build/yolobot_control -- -j16 -l16
[0.467s] DEBUG:colcon.colcon_core.event_handler.log_command:Invoked command in '/home/amejiyo/yolobot/build/yolobot_description' returned '0': CMAKE_PREFIX_PATH=${CMAKE_PREFIX_PATH}:/home/amejiyo/ros2_ws/install/py_pubsub:/home/amejiyo/ros2_ws/install/opencv_tests:/home/amejiyo/ros2_ws/install/detection:/opt/ros/foxy /usr/bin/cmake --build /home/amejiyo/yolobot/build/yolobot_description -- -j16 -l16
[0.472s] DEBUG:colcon.colcon_core.event_handler.log_command:Invoked command in '/home/amejiyo/yolobot/build/yolobot_gazebo' returned '0': CMAKE_PREFIX_PATH=${CMAKE_PREFIX_PATH}:/home/amejiyo/ros2_ws/install/py_pubsub:/home/amejiyo/ros2_ws/install/opencv_tests:/home/amejiyo/ros2_ws/install/detection:/opt/ros/foxy /usr/bin/cmake --build /home/amejiyo/yolobot/build/yolobot_gazebo -- -j16 -l16
[0.486s] DEBUG:colcon.colcon_core.event_handler.log_command:Invoked command in '/home/amejiyo/yolobot/build/yolobot_recognition' returned '0': CMAKE_PREFIX_PATH=${CMAKE_PREFIX_PATH}:/home/amejiyo/ros2_ws/install/py_pubsub:/home/amejiyo/ros2_ws/install/opencv_tests:/home/amejiyo/ros2_ws/install/detection:/opt/ros/foxy /usr/bin/cmake --build /home/amejiyo/yolobot/build/yolobot_recognition -- -j16 -l16
[0.503s] DEBUG:colcon.colcon_core.event_handler.log_command:Invoking command in '/home/amejiyo/yolobot/build/yolobot_control': CMAKE_PREFIX_PATH=${CMAKE_PREFIX_PATH}:/home/amejiyo/ros2_ws/install/py_pubsub:/home/amejiyo/ros2_ws/install/opencv_tests:/home/amejiyo/ros2_ws/install/detection:/opt/ros/foxy /usr/bin/cmake --install /home/amejiyo/yolobot/build/yolobot_control
[0.507s] DEBUG:colcon.colcon_core.event_handler.log_command:Invoking command in '/home/amejiyo/yolobot/build/yolobot_gazebo': CMAKE_PREFIX_PATH=${CMAKE_PREFIX_PATH}:/home/amejiyo/ros2_ws/install/py_pubsub:/home/amejiyo/ros2_ws/install/opencv_tests:/home/amejiyo/ros2_ws/install/detection:/opt/ros/foxy /usr/bin/cmake --install /home/amejiyo/yolobot/build/yolobot_gazebo
[0.513s] DEBUG:colcon.colcon_core.event_handler.log_command:Invoking command in '/home/amejiyo/yolobot/build/yolobot_description': CMAKE_PREFIX_PATH=${CMAKE_PREFIX_PATH}:/home/amejiyo/ros2_ws/install/py_pubsub:/home/amejiyo/ros2_ws/install/opencv_tests:/home/amejiyo/ros2_ws/install/detection:/opt/ros/foxy /usr/bin/cmake --install /home/amejiyo/yolobot/build/yolobot_description
[0.522s] Level 1:colcon.colcon_core.environment:create_environment_scripts_only(yolobot_control)
[0.524s] DEBUG:colcon.colcon_core.event_handler.log_command:Invoking command in '/home/amejiyo/yolobot/build/yolobot_recognition': CMAKE_PREFIX_PATH=${CMAKE_PREFIX_PATH}:/home/amejiyo/ros2_ws/install/py_pubsub:/home/amejiyo/ros2_ws/install/opencv_tests:/home/amejiyo/ros2_ws/install/detection:/opt/ros/foxy /usr/bin/cmake --install /home/amejiyo/yolobot/build/yolobot_recognition
[0.527s] DEBUG:colcon.colcon_core.event_handler.log_command:Invoked command in '/home/amejiyo/yolobot/build/yolobot_control' returned '0': CMAKE_PREFIX_PATH=${CMAKE_PREFIX_PATH}:/home/amejiyo/ros2_ws/install/py_pubsub:/home/amejiyo/ros2_ws/install/opencv_tests:/home/amejiyo/ros2_ws/install/detection:/opt/ros/foxy /usr/bin/cmake --install /home/amejiyo/yolobot/build/yolobot_control
[0.531s] Level 1:colcon.colcon_core.environment:checking '/home/amejiyo/yolobot/install/yolobot_control' for CMake module files
[0.533s] Level 1:colcon.colcon_core.environment:checking '/home/amejiyo/yolobot/install/yolobot_control' for CMake config files
[0.534s] Level 1:colcon.colcon_core.shell:create_environment_hook('yolobot_control', 'cmake_prefix_path')
[0.535s] INFO:colcon.colcon_core.shell:Creating environment hook '/home/amejiyo/yolobot/install/yolobot_control/share/yolobot_control/hook/cmake_prefix_path.ps1'
[0.535s] INFO:colcon.colcon_core.shell:Creating environment descriptor '/home/amejiyo/yolobot/install/yolobot_control/share/yolobot_control/hook/cmake_prefix_path.dsv'
[0.535s] INFO:colcon.colcon_core.shell:Creating environment hook '/home/amejiyo/yolobot/install/yolobot_control/share/yolobot_control/hook/cmake_prefix_path.sh'
[0.536s] Level 1:colcon.colcon_core.environment:checking '/home/amejiyo/yolobot/install/yolobot_control/lib'
[0.536s] Level 1:colcon.colcon_core.environment:checking '/home/amejiyo/yolobot/install/yolobot_control/bin'
[0.536s] Level 1:colcon.colcon_core.environment:checking '/home/amejiyo/yolobot/install/yolobot_control/lib/pkgconfig/yolobot_control.pc'
[0.536s] Level 1:colcon.colcon_core.environment:checking '/home/amejiyo/yolobot/install/yolobot_control/lib/python3.8/site-packages'
[0.537s] INFO:colcon.colcon_core.shell:Creating package script '/home/amejiyo/yolobot/install/yolobot_control/share/yolobot_control/package.ps1'
[0.538s] INFO:colcon.colcon_core.shell:Creating package descriptor '/home/amejiyo/yolobot/install/yolobot_control/share/yolobot_control/package.dsv'
[0.538s] INFO:colcon.colcon_core.shell:Creating package script '/home/amejiyo/yolobot/install/yolobot_control/share/yolobot_control/package.sh'
[0.539s] INFO:colcon.colcon_core.shell:Creating package script '/home/amejiyo/yolobot/install/yolobot_control/share/yolobot_control/package.bash'
[0.540s] INFO:colcon.colcon_core.shell:Creating package script '/home/amejiyo/yolobot/install/yolobot_control/share/yolobot_control/package.zsh'
[0.540s] Level 1:colcon.colcon_core.environment:create_file_with_runtime_dependencies(/home/amejiyo/yolobot/install/yolobot_control/share/colcon-core/packages/yolobot_control)
[0.544s] Level 1:colcon.colcon_core.environment:create_environment_scripts_only(yolobot_description)
[0.546s] Level 1:colcon.colcon_core.environment:checking '/home/amejiyo/yolobot/install/yolobot_description' for CMake module files
[0.547s] DEBUG:colcon.colcon_core.event_handler.log_command:Invoked command in '/home/amejiyo/yolobot/build/yolobot_description' returned '0': CMAKE_PREFIX_PATH=${CMAKE_PREFIX_PATH}:/home/amejiyo/ros2_ws/install/py_pubsub:/home/amejiyo/ros2_ws/install/opencv_tests:/home/amejiyo/ros2_ws/install/detection:/opt/ros/foxy /usr/bin/cmake --install /home/amejiyo/yolobot/build/yolobot_description
[0.548s] Level 1:colcon.colcon_core.environment:checking '/home/amejiyo/yolobot/install/yolobot_description' for CMake config files
[0.548s] Level 1:colcon.colcon_core.shell:create_environment_hook('yolobot_description', 'cmake_prefix_path')
[0.549s] INFO:colcon.colcon_core.shell:Creating environment hook '/home/amejiyo/yolobot/install/yolobot_description/share/yolobot_description/hook/cmake_prefix_path.ps1'
[0.550s] INFO:colcon.colcon_core.shell:Creating environment descriptor '/home/amejiyo/yolobot/install/yolobot_description/share/yolobot_description/hook/cmake_prefix_path.dsv'
[0.550s] INFO:colcon.colcon_core.shell:Creating environment hook '/home/amejiyo/yolobot/install/yolobot_description/share/yolobot_description/hook/cmake_prefix_path.sh'
[0.550s] Level 1:colcon.colcon_core.environment:checking '/home/amejiyo/yolobot/install/yolobot_description/lib'
[0.551s] Level 1:colcon.colcon_core.environment:checking '/home/amejiyo/yolobot/install/yolobot_description/bin'
[0.551s] Level 1:colcon.colcon_core.environment:checking '/home/amejiyo/yolobot/install/yolobot_description/lib/pkgconfig/yolobot_description.pc'
[0.551s] Level 1:colcon.colcon_core.environment:checking '/home/amejiyo/yolobot/install/yolobot_description/lib/python3.8/site-packages'
[0.552s] INFO:colcon.colcon_core.shell:Creating package script '/home/amejiyo/yolobot/install/yolobot_description/share/yolobot_description/package.ps1'
[0.552s] INFO:colcon.colcon_core.shell:Creating package descriptor '/home/amejiyo/yolobot/install/yolobot_description/share/yolobot_description/package.dsv'
[0.552s] INFO:colcon.colcon_core.shell:Creating package script '/home/amejiyo/yolobot/install/yolobot_description/share/yolobot_description/package.sh'
[0.553s] INFO:colcon.colcon_core.shell:Creating package script '/home/amejiyo/yolobot/install/yolobot_description/share/yolobot_description/package.bash'
[0.554s] INFO:colcon.colcon_core.shell:Creating package script '/home/amejiyo/yolobot/install/yolobot_description/share/yolobot_description/package.zsh'
[0.554s] Level 1:colcon.colcon_core.environment:create_file_with_runtime_dependencies(/home/amejiyo/yolobot/install/yolobot_description/share/colcon-core/packages/yolobot_description)
[0.557s] Level 1:colcon.colcon_core.environment:create_environment_scripts_only(yolobot_gazebo)
[0.559s] Level 1:colcon.colcon_core.environment:checking '/home/amejiyo/yolobot/install/yolobot_gazebo' for CMake module files
[0.559s] DEBUG:colcon.colcon_core.event_handler.log_command:Invoked command in '/home/amejiyo/yolobot/build/yolobot_gazebo' returned '0': CMAKE_PREFIX_PATH=${CMAKE_PREFIX_PATH}:/home/amejiyo/ros2_ws/install/py_pubsub:/home/amejiyo/ros2_ws/install/opencv_tests:/home/amejiyo/ros2_ws/install/detection:/opt/ros/foxy /usr/bin/cmake --install /home/amejiyo/yolobot/build/yolobot_gazebo
[0.560s] Level 1:colcon.colcon_core.environment:checking '/home/amejiyo/yolobot/install/yolobot_gazebo' for CMake config files
[0.560s] Level 1:colcon.colcon_core.shell:create_environment_hook('yolobot_gazebo', 'cmake_prefix_path')
[0.560s] INFO:colcon.colcon_core.shell:Creating environment hook '/home/amejiyo/yolobot/install/yolobot_gazebo/share/yolobot_gazebo/hook/cmake_prefix_path.ps1'
[0.561s] INFO:colcon.colcon_core.shell:Creating environment descriptor '/home/amejiyo/yolobot/install/yolobot_gazebo/share/yolobot_gazebo/hook/cmake_prefix_path.dsv'
[0.562s] INFO:colcon.colcon_core.shell:Creating environment hook '/home/amejiyo/yolobot/install/yolobot_gazebo/share/yolobot_gazebo/hook/cmake_prefix_path.sh'
[0.562s] Level 1:colcon.colcon_core.environment:checking '/home/amejiyo/yolobot/install/yolobot_gazebo/bin'
[0.562s] Level 1:colcon.colcon_core.environment:checking '/home/amejiyo/yolobot/install/yolobot_gazebo/lib/pkgconfig/yolobot_gazebo.pc'
[0.563s] Level 1:colcon.colcon_core.environment:checking '/home/amejiyo/yolobot/install/yolobot_gazebo/lib/python3.8/site-packages'
[0.563s] INFO:colcon.colcon_core.shell:Creating package script '/home/amejiyo/yolobot/install/yolobot_gazebo/share/yolobot_gazebo/package.ps1'
[0.564s] INFO:colcon.colcon_core.shell:Creating package descriptor '/home/amejiyo/yolobot/install/yolobot_gazebo/share/yolobot_gazebo/package.dsv'
[0.564s] INFO:colcon.colcon_core.shell:Creating package script '/home/amejiyo/yolobot/install/yolobot_gazebo/share/yolobot_gazebo/package.sh'
[0.564s] INFO:colcon.colcon_core.shell:Creating package script '/home/amejiyo/yolobot/install/yolobot_gazebo/share/yolobot_gazebo/package.bash'
[0.565s] INFO:colcon.colcon_core.shell:Creating package script '/home/amejiyo/yolobot/install/yolobot_gazebo/share/yolobot_gazebo/package.zsh'
[0.565s] Level 1:colcon.colcon_core.environment:create_file_with_runtime_dependencies(/home/amejiyo/yolobot/install/yolobot_gazebo/share/colcon-core/packages/yolobot_gazebo)
[0.569s] Level 1:colcon.colcon_core.environment:create_environment_scripts_only(yolobot_recognition)
[0.571s] Level 1:colcon.colcon_core.environment:checking '/home/amejiyo/yolobot/install/yolobot_recognition' for CMake module files
[0.572s] DEBUG:colcon.colcon_core.event_handler.log_command:Invoked command in '/home/amejiyo/yolobot/build/yolobot_recognition' returned '0': CMAKE_PREFIX_PATH=${CMAKE_PREFIX_PATH}:/home/amejiyo/ros2_ws/install/py_pubsub:/home/amejiyo/ros2_ws/install/opencv_tests:/home/amejiyo/ros2_ws/install/detection:/opt/ros/foxy /usr/bin/cmake --install /home/amejiyo/yolobot/build/yolobot_recognition
[0.572s] Level 1:colcon.colcon_core.environment:checking '/home/amejiyo/yolobot/install/yolobot_recognition' for CMake config files
[0.572s] Level 1:colcon.colcon_core.shell:create_environment_hook('yolobot_recognition', 'cmake_prefix_path')
[0.573s] INFO:colcon.colcon_core.shell:Creating environment hook '/home/amejiyo/yolobot/install/yolobot_recognition/share/yolobot_recognition/hook/cmake_prefix_path.ps1'
[0.574s] INFO:colcon.colcon_core.shell:Creating environment descriptor '/home/amejiyo/yolobot/install/yolobot_recognition/share/yolobot_recognition/hook/cmake_prefix_path.dsv'
[0.574s] INFO:colcon.colcon_core.shell:Creating environment hook '/home/amejiyo/yolobot/install/yolobot_recognition/share/yolobot_recognition/hook/cmake_prefix_path.sh'
[0.575s] Level 1:colcon.colcon_core.environment:checking '/home/amejiyo/yolobot/install/yolobot_recognition/bin'
[0.575s] Level 1:colcon.colcon_core.environment:checking '/home/amejiyo/yolobot/install/yolobot_recognition/lib/pkgconfig/yolobot_recognition.pc'
[0.575s] Level 1:colcon.colcon_core.environment:checking '/home/amejiyo/yolobot/install/yolobot_recognition/lib/python3.8/site-packages'
[0.576s] INFO:colcon.colcon_core.shell:Creating package script '/home/amejiyo/yolobot/install/yolobot_recognition/share/yolobot_recognition/package.ps1'
[0.577s] INFO:colcon.colcon_core.shell:Creating package descriptor '/home/amejiyo/yolobot/install/yolobot_recognition/share/yolobot_recognition/package.dsv'
[0.578s] INFO:colcon.colcon_core.shell:Creating package script '/home/amejiyo/yolobot/install/yolobot_recognition/share/yolobot_recognition/package.sh'
[0.579s] INFO:colcon.colcon_core.shell:Creating package script '/home/amejiyo/yolobot/install/yolobot_recognition/share/yolobot_recognition/package.bash'
[0.579s] INFO:colcon.colcon_core.shell:Creating package script '/home/amejiyo/yolobot/install/yolobot_recognition/share/yolobot_recognition/package.zsh'
[0.580s] Level 1:colcon.colcon_core.environment:create_file_with_runtime_dependencies(/home/amejiyo/yolobot/install/yolobot_recognition/share/colcon-core/packages/yolobot_recognition)
[0.585s] Level 1:colcon.colcon_core.environment:create_environment_scripts_only(yolobot_control)
[0.586s] Level 1:colcon.colcon_core.environment:checking '/home/amejiyo/yolobot/install/yolobot_control' for CMake module files
[0.586s] Level 1:colcon.colcon_core.environment:checking '/home/amejiyo/yolobot/install/yolobot_control' for CMake config files
[0.587s] Level 1:colcon.colcon_core.shell:create_environment_hook('yolobot_control', 'cmake_prefix_path')
[0.587s] INFO:colcon.colcon_core.shell:Creating environment hook '/home/amejiyo/yolobot/install/yolobot_control/share/yolobot_control/hook/cmake_prefix_path.ps1'
[0.588s] INFO:colcon.colcon_core.shell:Creating environment descriptor '/home/amejiyo/yolobot/install/yolobot_control/share/yolobot_control/hook/cmake_prefix_path.dsv'
[0.588s] INFO:colcon.colcon_core.shell:Creating environment hook '/home/amejiyo/yolobot/install/yolobot_control/share/yolobot_control/hook/cmake_prefix_path.sh'
[0.589s] Level 1:colcon.colcon_core.environment:checking '/home/amejiyo/yolobot/install/yolobot_control/lib'
[0.589s] Level 1:colcon.colcon_core.environment:checking '/home/amejiyo/yolobot/install/yolobot_control/bin'
[0.589s] Level 1:colcon.colcon_core.environment:checking '/home/amejiyo/yolobot/install/yolobot_control/lib/pkgconfig/yolobot_control.pc'
[0.589s] Level 1:colcon.colcon_core.environment:checking '/home/amejiyo/yolobot/install/yolobot_control/lib/python3.8/site-packages'
[0.590s] INFO:colcon.colcon_core.shell:Creating package script '/home/amejiyo/yolobot/install/yolobot_control/share/yolobot_control/package.ps1'
[0.591s] INFO:colcon.colcon_core.shell:Creating package descriptor '/home/amejiyo/yolobot/install/yolobot_control/share/yolobot_control/package.dsv'
[0.591s] INFO:colcon.colcon_core.shell:Creating package script '/home/amejiyo/yolobot/install/yolobot_control/share/yolobot_control/package.sh'
[0.592s] INFO:colcon.colcon_core.shell:Creating package script '/home/amejiyo/yolobot/install/yolobot_control/share/yolobot_control/package.bash'
[0.592s] INFO:colcon.colcon_core.shell:Creating package script '/home/amejiyo/yolobot/install/yolobot_control/share/yolobot_control/package.zsh'
[0.592s] Level 1:colcon.colcon_core.environment:create_file_with_runtime_dependencies(/home/amejiyo/yolobot/install/yolobot_control/share/colcon-core/packages/yolobot_control)
[0.595s] Level 1:colcon.colcon_core.environment:create_environment_scripts_only(yolobot_description)
[0.595s] Level 1:colcon.colcon_core.environment:checking '/home/amejiyo/yolobot/install/yolobot_description' for CMake module files
[0.596s] Level 1:colcon.colcon_core.environment:checking '/home/amejiyo/yolobot/install/yolobot_description' for CMake config files
[0.596s] Level 1:colcon.colcon_core.shell:create_environment_hook('yolobot_description', 'cmake_prefix_path')
[0.596s] INFO:colcon.colcon_core.shell:Creating environment hook '/home/amejiyo/yolobot/install/yolobot_description/share/yolobot_description/hook/cmake_prefix_path.ps1'
[0.598s] INFO:colcon.colcon_core.shell:Creating environment descriptor '/home/amejiyo/yolobot/install/yolobot_description/share/yolobot_description/hook/cmake_prefix_path.dsv'
[0.599s] INFO:colcon.colcon_core.shell:Creating environment hook '/home/amejiyo/yolobot/install/yolobot_description/share/yolobot_description/hook/cmake_prefix_path.sh'
[0.599s] Level 1:colcon.colcon_core.environment:checking '/home/amejiyo/yolobot/install/yolobot_description/lib'
[0.599s] Level 1:colcon.colcon_core.environment:checking '/home/amejiyo/yolobot/install/yolobot_description/bin'
[0.599s] Level 1:colcon.colcon_core.environment:checking '/home/amejiyo/yolobot/install/yolobot_description/lib/pkgconfig/yolobot_description.pc'
[0.600s] Level 1:colcon.colcon_core.environment:checking '/home/amejiyo/yolobot/install/yolobot_description/lib/python3.8/site-packages'
[0.600s] INFO:colcon.colcon_core.shell:Creating package script '/home/amejiyo/yolobot/install/yolobot_description/share/yolobot_description/package.ps1'
[0.601s] INFO:colcon.colcon_core.shell:Creating package descriptor '/home/amejiyo/yolobot/install/yolobot_description/share/yolobot_description/package.dsv'
[0.602s] INFO:colcon.colcon_core.shell:Creating package script '/home/amejiyo/yolobot/install/yolobot_description/share/yolobot_description/package.sh'
[0.602s] INFO:colcon.colcon_core.shell:Creating package script '/home/amejiyo/yolobot/install/yolobot_description/share/yolobot_description/package.bash'
[0.604s] INFO:colcon.colcon_core.shell:Creating package script '/home/amejiyo/yolobot/install/yolobot_description/share/yolobot_description/package.zsh'
[0.605s] Level 1:colcon.colcon_core.environment:create_file_with_runtime_dependencies(/home/amejiyo/yolobot/install/yolobot_description/share/colcon-core/packages/yolobot_description)
[0.607s] Level 1:colcon.colcon_core.environment:create_environment_scripts_only(yolobot_gazebo)
[0.607s] Level 1:colcon.colcon_core.environment:checking '/home/amejiyo/yolobot/install/yolobot_gazebo' for CMake module files
[0.608s] Level 1:colcon.colcon_core.environment:checking '/home/amejiyo/yolobot/install/yolobot_gazebo' for CMake config files
[0.608s] Level 1:colcon.colcon_core.shell:create_environment_hook('yolobot_gazebo', 'cmake_prefix_path')
[0.609s] INFO:colcon.colcon_core.shell:Creating environment hook '/home/amejiyo/yolobot/install/yolobot_gazebo/share/yolobot_gazebo/hook/cmake_prefix_path.ps1'
[0.610s] INFO:colcon.colcon_core.shell:Creating environment descriptor '/home/amejiyo/yolobot/install/yolobot_gazebo/share/yolobot_gazebo/hook/cmake_prefix_path.dsv'
[0.610s] INFO:colcon.colcon_core.shell:Creating environment hook '/home/amejiyo/yolobot/install/yolobot_gazebo/share/yolobot_gazebo/hook/cmake_prefix_path.sh'
[0.611s] Level 1:colcon.colcon_core.environment:checking '/home/amejiyo/yolobot/install/yolobot_gazebo/bin'
[0.611s] Level 1:colcon.colcon_core.environment:checking '/home/amejiyo/yolobot/install/yolobot_gazebo/lib/pkgconfig/yolobot_gazebo.pc'
[0.611s] Level 1:colcon.colcon_core.environment:checking '/home/amejiyo/yolobot/install/yolobot_gazebo/lib/python3.8/site-packages'
[0.611s] INFO:colcon.colcon_core.shell:Creating package script '/home/amejiyo/yolobot/install/yolobot_gazebo/share/yolobot_gazebo/package.ps1'
[0.612s] INFO:colcon.colcon_core.shell:Creating package descriptor '/home/amejiyo/yolobot/install/yolobot_gazebo/share/yolobot_gazebo/package.dsv'
[0.612s] INFO:colcon.colcon_core.shell:Creating package script '/home/amejiyo/yolobot/install/yolobot_gazebo/share/yolobot_gazebo/package.sh'
[0.613s] INFO:colcon.colcon_core.shell:Creating package script '/home/amejiyo/yolobot/install/yolobot_gazebo/share/yolobot_gazebo/package.bash'
[0.613s] INFO:colcon.colcon_core.shell:Creating package script '/home/amejiyo/yolobot/install/yolobot_gazebo/share/yolobot_gazebo/package.zsh'
[0.614s] Level 1:colcon.colcon_core.environment:create_file_with_runtime_dependencies(/home/amejiyo/yolobot/install/yolobot_gazebo/share/colcon-core/packages/yolobot_gazebo)
[0.614s] Level 1:colcon.colcon_core.environment:create_environment_scripts_only(yolobot_recognition)
[0.615s] Level 1:colcon.colcon_core.environment:checking '/home/amejiyo/yolobot/install/yolobot_recognition' for CMake module files
[0.616s] Level 1:colcon.colcon_core.environment:checking '/home/amejiyo/yolobot/install/yolobot_recognition' for CMake config files
[0.616s] Level 1:colcon.colcon_core.shell:create_environment_hook('yolobot_recognition', 'cmake_prefix_path')
[0.617s] INFO:colcon.colcon_core.shell:Creating environment hook '/home/amejiyo/yolobot/install/yolobot_recognition/share/yolobot_recognition/hook/cmake_prefix_path.ps1'
[0.618s] INFO:colcon.colcon_core.shell:Creating environment descriptor '/home/amejiyo/yolobot/install/yolobot_recognition/share/yolobot_recognition/hook/cmake_prefix_path.dsv'
[0.618s] INFO:colcon.colcon_core.shell:Creating environment hook '/home/amejiyo/yolobot/install/yolobot_recognition/share/yolobot_recognition/hook/cmake_prefix_path.sh'
[0.619s] Level 1:colcon.colcon_core.environment:checking '/home/amejiyo/yolobot/install/yolobot_recognition/bin'
[0.619s] Level 1:colcon.colcon_core.environment:checking '/home/amejiyo/yolobot/install/yolobot_recognition/lib/pkgconfig/yolobot_recognition.pc'
[0.619s] Level 1:colcon.colcon_core.environment:checking '/home/amejiyo/yolobot/install/yolobot_recognition/lib/python3.8/site-packages'
[0.620s] INFO:colcon.colcon_core.shell:Creating package script '/home/amejiyo/yolobot/install/yolobot_recognition/share/yolobot_recognition/package.ps1'
[0.620s] INFO:colcon.colcon_core.shell:Creating package descriptor '/home/amejiyo/yolobot/install/yolobot_recognition/share/yolobot_recognition/package.dsv'
[0.620s] INFO:colcon.colcon_core.shell:Creating package script '/home/amejiyo/yolobot/install/yolobot_recognition/share/yolobot_recognition/package.sh'
[0.621s] INFO:colcon.colcon_core.shell:Creating package script '/home/amejiyo/yolobot/install/yolobot_recognition/share/yolobot_recognition/package.bash'
[0.622s] INFO:colcon.colcon_core.shell:Creating package script '/home/amejiyo/yolobot/install/yolobot_recognition/share/yolobot_recognition/package.zsh'
[0.622s] Level 1:colcon.colcon_core.environment:create_file_with_runtime_dependencies(/home/amejiyo/yolobot/install/yolobot_recognition/share/colcon-core/packages/yolobot_recognition)
[1.572s] DEBUG:colcon.colcon_core.event_handler.log_command:Invoked command in '/home/amejiyo/yolobot/build/interfaces' returned '1': CMAKE_PREFIX_PATH=${CMAKE_PREFIX_PATH}:/home/amejiyo/ros2_ws/install/py_pubsub:/home/amejiyo/ros2_ws/install/opencv_tests:/home/amejiyo/ros2_ws/install/detection:/opt/ros/foxy /usr/bin/cmake /home/amejiyo/yolobot/src/interfaces -DCMAKE_INSTALL_PREFIX=/home/amejiyo/yolobot/install/interfaces
[1.586s] Level 1:colcon.colcon_core.environment:create_environment_scripts_only(interfaces)
[1.587s] Level 1:colcon.colcon_core.environment:checking '/home/amejiyo/yolobot/install/interfaces' for CMake module files
[1.587s] Level 1:colcon.colcon_core.environment:checking '/home/amejiyo/yolobot/install/interfaces' for CMake config files
[1.587s] Level 1:colcon.colcon_core.environment:checking '/home/amejiyo/yolobot/install/interfaces/bin'
[1.587s] Level 1:colcon.colcon_core.environment:checking '/home/amejiyo/yolobot/install/interfaces/lib/pkgconfig/interfaces.pc'
[1.588s] Level 1:colcon.colcon_core.environment:checking '/home/amejiyo/yolobot/install/interfaces/lib/python3.8/site-packages'
[1.588s] INFO:colcon.colcon_core.shell:Creating package script '/home/amejiyo/yolobot/install/interfaces/share/interfaces/package.ps1'
[1.589s] INFO:colcon.colcon_core.shell:Creating package descriptor '/home/amejiyo/yolobot/install/interfaces/share/interfaces/package.dsv'
[1.589s] INFO:colcon.colcon_core.shell:Creating package script '/home/amejiyo/yolobot/install/interfaces/share/interfaces/package.sh'
[1.590s] INFO:colcon.colcon_core.shell:Creating package script '/home/amejiyo/yolobot/install/interfaces/share/interfaces/package.bash'
[1.590s] INFO:colcon.colcon_core.shell:Creating package script '/home/amejiyo/yolobot/install/interfaces/share/interfaces/package.zsh'
[1.590s] Level 1:colcon.colcon_core.environment:create_file_with_runtime_dependencies(/home/amejiyo/yolobot/install/interfaces/share/colcon-core/packages/interfaces)
[1.600s] DEBUG:colcon.colcon_parallel_executor.executor.parallel:closing loop
[1.601s] DEBUG:colcon.colcon_parallel_executor.executor.parallel:loop closed
[1.601s] DEBUG:colcon.colcon_parallel_executor.executor.parallel:run_until_complete finished with '1'
[1.601s] DEBUG:colcon.colcon_core.event_reactor:joining thread
[1.609s] INFO:colcon.colcon_core.plugin_system:Skipping extension 'colcon_notification.desktop_notification.terminal_notifier': Not used on non-Darwin systems
[1.609s] INFO:colcon.colcon_core.plugin_system:Skipping extension 'colcon_notification.desktop_notification.win32': Not used on non-Windows systems
[1.610s] INFO:colcon.colcon_notification.desktop_notification:Sending desktop notification using 'notify2'
[1.629s] DEBUG:colcon.colcon_core.event_reactor:joined thread
[1.630s] INFO:colcon.colcon_core.shell:Creating prefix script '/home/amejiyo/yolobot/install/local_setup.ps1'
[1.632s] INFO:colcon.colcon_core.shell:Creating prefix util module '/home/amejiyo/yolobot/install/_local_setup_util_ps1.py'
[1.634s] INFO:colcon.colcon_core.shell:Creating prefix chain script '/home/amejiyo/yolobot/install/setup.ps1'
[1.637s] INFO:colcon.colcon_core.shell:Creating prefix script '/home/amejiyo/yolobot/install/local_setup.sh'
[1.638s] INFO:colcon.colcon_core.shell:Creating prefix util module '/home/amejiyo/yolobot/install/_local_setup_util_sh.py'
[1.638s] INFO:colcon.colcon_core.shell:Creating prefix chain script '/home/amejiyo/yolobot/install/setup.sh'
[1.640s] INFO:colcon.colcon_core.shell:Creating prefix script '/home/amejiyo/yolobot/install/local_setup.bash'
[1.640s] INFO:colcon.colcon_core.shell:Creating prefix chain script '/home/amejiyo/yolobot/install/setup.bash'
[1.642s] INFO:colcon.colcon_core.shell:Creating prefix script '/home/amejiyo/yolobot/install/local_setup.zsh'
[1.642s] INFO:colcon.colcon_core.shell:Creating prefix chain script '/home/amejiyo/yolobot/install/setup.zsh'
