[0.825s] Invoking command in '/home/amejiyo/yolobot/src/yolobot_recognition': PYTHONPATH=/home/amejiyo/yolobot/install/yolobot_recognition/lib/python3.8/site-packages:${PYTHONPATH} /usr/bin/python3 setup.py egg_info --egg-base ../../build/yolobot_recognition build --build-base /home/amejiyo/yolobot/build/yolobot_recognition/build install --prefix /home/amejiyo/yolobot/install/yolobot_recognition --record /home/amejiyo/yolobot/build/yolobot_recognition/install.log --single-version-externally-managed
[1.069s] running egg_info
[1.071s] writing ../../build/yolobot_recognition/yolobot_recognition.egg-info/PKG-INFO
[1.071s] writing dependency_links to ../../build/yolobot_recognition/yolobot_recognition.egg-info/dependency_links.txt
[1.071s] writing entry points to ../../build/yolobot_recognition/yolobot_recognition.egg-info/entry_points.txt
[1.071s] writing requirements to ../../build/yolobot_recognition/yolobot_recognition.egg-info/requires.txt
[1.071s] writing top-level names to ../../build/yolobot_recognition/yolobot_recognition.egg-info/top_level.txt
[1.103s] reading manifest file '../../build/yolobot_recognition/yolobot_recognition.egg-info/SOURCES.txt'
[1.104s] writing manifest file '../../build/yolobot_recognition/yolobot_recognition.egg-info/SOURCES.txt'
[1.104s] running build
[1.104s] running build_py
[1.104s] copying yolobot_recognition/detection_lib/main_debug.py -> /home/amejiyo/yolobot/build/yolobot_recognition/build/lib/yolobot_recognition/detection_lib
[1.105s] running install
[1.106s] running install_lib
[1.109s] copying /home/amejiyo/yolobot/build/yolobot_recognition/build/lib/yolobot_recognition/detection_lib/main_debug.py -> /home/amejiyo/yolobot/install/yolobot_recognition/lib/python3.8/site-packages/yolobot_recognition/detection_lib
[1.110s] byte-compiling /home/amejiyo/yolobot/install/yolobot_recognition/lib/python3.8/site-packages/yolobot_recognition/detection_lib/main_debug.py to main_debug.cpython-38.pyc
[1.112s] running install_data
[1.112s] running install_egg_info
[1.115s] removing '/home/amejiyo/yolobot/install/yolobot_recognition/lib/python3.8/site-packages/yolobot_recognition-0.0.0-py3.8.egg-info' (and everything under it)
[1.115s] Copying ../../build/yolobot_recognition/yolobot_recognition.egg-info to /home/amejiyo/yolobot/install/yolobot_recognition/lib/python3.8/site-packages/yolobot_recognition-0.0.0-py3.8.egg-info
[1.116s] running install_scripts
[1.133s] Installing detect_talker script to /home/amejiyo/yolobot/install/yolobot_recognition/lib/yolobot_recognition
[1.133s] writing list of installed files to '/home/amejiyo/yolobot/build/yolobot_recognition/install.log'
[1.166s] Invoked command in '/home/amejiyo/yolobot/src/yolobot_recognition' returned '0': PYTHONPATH=/home/amejiyo/yolobot/install/yolobot_recognition/lib/python3.8/site-packages:${PYTHONPATH} /usr/bin/python3 setup.py egg_info --egg-base ../../build/yolobot_recognition build --build-base /home/amejiyo/yolobot/build/yolobot_recognition/build install --prefix /home/amejiyo/yolobot/install/yolobot_recognition --record /home/amejiyo/yolobot/build/yolobot_recognition/install.log --single-version-externally-managed
