[0.059s] Invoking command in '/home/amejiyo/yolobot/build/interfaces': CMAKE_PREFIX_PATH=${CMAKE_PREFIX_PATH}:/home/amejiyo/ros2_ws/install/py_pubsub:/home/amejiyo/ros2_ws/install/opencv_tests:/home/amejiyo/ros2_ws/install/detection:/opt/ros/foxy /usr/bin/cmake /home/amejiyo/yolobot/src/interfaces -DCMAKE_INSTALL_PREFIX=/home/amejiyo/yolobot/install/interfaces
[0.086s] -- Found ament_cmake: 0.9.9 (/opt/ros/foxy/share/ament_cmake/cmake)
[0.118s] -- Using PYTHON_EXECUTABLE: /usr/bin/python3
[0.346s] -- Found ament_lint_auto: 0.9.6 (/opt/ros/foxy/share/ament_lint_auto/cmake)
[0.465s] -- Found rosidl_default_generators: 1.0.1 (/opt/ros/foxy/share/rosidl_default_generators/cmake)
[0.470s] -- Using all available rosidl_typesupport_c: rosidl_typesupport_fastrtps_c;rosidl_typesupport_introspection_c
[0.473s] -- Found rosidl_adapter: 1.2.1 (/opt/ros/foxy/share/rosidl_adapter/cmake)
[0.611s] -- Using all available rosidl_typesupport_cpp: rosidl_typesupport_fastrtps_cpp;rosidl_typesupport_introspection_cpp
[0.662s] -- Found PythonInterp: /usr/bin/python3 (found version "3.8.10") 
[0.734s] -- Found ament_cmake_ros: 0.9.2 (/opt/ros/foxy/share/ament_cmake_ros/cmake)
[0.844s] -- Using all available rosidl_typesupport_c: rosidl_typesupport_fastrtps_c;rosidl_typesupport_introspection_c
[0.852s] -- Using all available rosidl_typesupport_cpp: rosidl_typesupport_fastrtps_cpp;rosidl_typesupport_introspection_cpp
[0.891s] -- Found PythonInterp: /usr/bin/python3 (found suitable version "3.8.10", minimum required is "3.5") 
[0.896s] -- Found python_cmake_module: 0.8.1 (/opt/ros/foxy/share/python_cmake_module/cmake)
[0.933s] -- Found PythonLibs: /usr/lib/x86_64-linux-gnu/libpython3.8.so (found suitable version "3.8.10", minimum required is "3.5") 
[0.933s] -- Using PYTHON_EXECUTABLE: /usr/bin/python3
[0.933s] -- Using PYTHON_INCLUDE_DIRS: /usr/include/python3.8
[0.933s] -- Using PYTHON_LIBRARIES: /usr/lib/x86_64-linux-gnu/libpython3.8.so
[0.960s] -- Found PythonExtra: .so  
[1.008s] -- Added test 'copyright' to check source files copyright and LICENSE
[1.024s] -- Added test 'cppcheck' to perform static code analysis on C / C++ code
[1.025s] -- Configured cppcheck include dirs: 
[1.025s] -- Configured cppcheck exclude dirs and/or files: 
[1.042s] -- Added test 'cpplint' to check C / C++ code against the Google style
[1.042s] -- Configured cpplint exclude dirs and/or files: 
[1.044s] -- Added test 'flake8' to check Python code syntax and style conventions
[1.049s] -- Added test 'lint_cmake' to check CMake code style
[1.052s] -- Added test 'pep257' to check Python code against some of the style conventions in PEP 257
[1.070s] -- Added test 'uncrustify' to check C / C++ code style
[1.071s] -- Configured uncrustify additional arguments: 
[1.073s] -- Added test 'xmllint' to check XML markup files
[1.079s] -- Configuring done
[1.104s] -- Generating done
[1.106s] -- Build files have been written to: /home/amejiyo/yolobot/build/interfaces
[1.115s] Invoked command in '/home/amejiyo/yolobot/build/interfaces' returned '0': CMAKE_PREFIX_PATH=${CMAKE_PREFIX_PATH}:/home/amejiyo/ros2_ws/install/py_pubsub:/home/amejiyo/ros2_ws/install/opencv_tests:/home/amejiyo/ros2_ws/install/detection:/opt/ros/foxy /usr/bin/cmake /home/amejiyo/yolobot/src/interfaces -DCMAKE_INSTALL_PREFIX=/home/amejiyo/yolobot/install/interfaces
[1.119s] Invoking command in '/home/amejiyo/yolobot/build/interfaces': CMAKE_PREFIX_PATH=${CMAKE_PREFIX_PATH}:/home/amejiyo/ros2_ws/install/py_pubsub:/home/amejiyo/ros2_ws/install/opencv_tests:/home/amejiyo/ros2_ws/install/detection:/opt/ros/foxy /usr/bin/cmake --build /home/amejiyo/yolobot/build/interfaces -- -j16 -l16
[1.165s] [  3%] [34m[1mGenerating C code for ROS interfaces[0m
[1.165s] [35m[1mScanning dependencies of target interfaces__cpp[0m
[1.176s] [  6%] [34m[1mGenerating C++ code for ROS interfaces[0m
[1.414s] [  6%] Built target interfaces__cpp
[1.415s] [35m[1mScanning dependencies of target interfaces__rosidl_generator_c[0m
[1.425s] [ 12%] [34m[1mGenerating C++ introspection for ROS interfaces[0m
[1.425s] [ 12%] [34m[1mGenerating C++ type support for eProsima Fast-RTPS[0m
[1.425s] [ 16%] [34m[1mGenerating C++ type support dispatch for ROS interfaces[0m
[1.427s] [ 19%] [32mBuilding C object CMakeFiles/interfaces__rosidl_generator_c.dir/rosidl_generator_c/interfaces/msg/detail/dect__functions.c.o[0m
[1.465s] [ 22%] [32m[1mLinking C shared library libinterfaces__rosidl_generator_c.so[0m
[1.506s] [ 22%] Built target interfaces__rosidl_generator_c
[1.517s] [ 25%] [34m[1mGenerating C introspection for ROS interfaces[0m
[1.519s] [ 29%] [34m[1mGenerating C type support dispatch for ROS interfaces[0m
[1.665s] [35m[1mScanning dependencies of target interfaces__rosidl_typesupport_introspection_cpp[0m
[1.665s] [35m[1mScanning dependencies of target interfaces__rosidl_typesupport_cpp[0m
[1.670s] [35m[1mScanning dependencies of target interfaces__rosidl_typesupport_fastrtps_cpp[0m
[1.678s] [ 35%] [32mBuilding CXX object CMakeFiles/interfaces__rosidl_typesupport_cpp.dir/rosidl_typesupport_cpp/interfaces/msg/dect__type_support.cpp.o[0m
[1.678s] [ 35%] [32mBuilding CXX object CMakeFiles/interfaces__rosidl_typesupport_introspection_cpp.dir/rosidl_typesupport_introspection_cpp/interfaces/msg/detail/dect__type_support.cpp.o[0m
[1.688s] [ 38%] [32mBuilding CXX object CMakeFiles/interfaces__rosidl_typesupport_fastrtps_cpp.dir/rosidl_typesupport_fastrtps_cpp/interfaces/msg/detail/dds_fastrtps/dect__type_support.cpp.o[0m
[1.771s] [35m[1mScanning dependencies of target interfaces__rosidl_typesupport_c[0m
[1.786s] [ 41%] [32mBuilding CXX object CMakeFiles/interfaces__rosidl_typesupport_c.dir/rosidl_typesupport_c/interfaces/msg/dect__type_support.cpp.o[0m
[1.786s] [35m[1mScanning dependencies of target interfaces__rosidl_typesupport_introspection_c[0m
[1.802s] [ 45%] [32mBuilding C object CMakeFiles/interfaces__rosidl_typesupport_introspection_c.dir/rosidl_typesupport_introspection_c/interfaces/msg/detail/dect__type_support.c.o[0m
[1.820s] [ 48%] [32m[1mLinking CXX shared library libinterfaces__rosidl_typesupport_c.so[0m
[1.839s] [ 51%] [32m[1mLinking C shared library libinterfaces__rosidl_typesupport_introspection_c.so[0m
[1.865s] [ 51%] Built target interfaces__rosidl_typesupport_c
[1.872s] [ 51%] Built target interfaces__rosidl_typesupport_introspection_c
[1.908s] [ 54%] [32m[1mLinking CXX shared library libinterfaces__rosidl_typesupport_cpp.so[0m
[1.921s] [ 58%] [32m[1mLinking CXX shared library libinterfaces__rosidl_typesupport_introspection_cpp.so[0m
[1.948s] [ 58%] Built target interfaces__rosidl_typesupport_cpp
[1.999s] [ 58%] Built target interfaces__rosidl_typesupport_introspection_cpp
[2.023s] [ 61%] [32m[1mLinking CXX shared library libinterfaces__rosidl_typesupport_fastrtps_cpp.so[0m
[2.121s] [ 61%] Built target interfaces__rosidl_typesupport_fastrtps_cpp
[2.132s] [ 64%] [34m[1mGenerating C type support for eProsima Fast-RTPS[0m
[2.361s] [35m[1mScanning dependencies of target interfaces__rosidl_typesupport_fastrtps_c[0m
[2.376s] [ 67%] [32mBuilding CXX object CMakeFiles/interfaces__rosidl_typesupport_fastrtps_c.dir/rosidl_typesupport_fastrtps_c/interfaces/msg/detail/dect__type_support_c.cpp.o[0m
[2.613s] [ 70%] [32m[1mLinking CXX shared library libinterfaces__rosidl_typesupport_fastrtps_c.so[0m
[2.713s] [ 70%] Built target interfaces__rosidl_typesupport_fastrtps_c
[2.722s] [35m[1mScanning dependencies of target interfaces[0m
[2.734s] [ 70%] Built target interfaces
[2.745s] [35m[1mScanning dependencies of target interfaces__py[0m
[2.756s] [ 74%] [34m[1mGenerating Python code for ROS interfaces[0m
[3.099s] [ 74%] Built target interfaces__py
[3.109s] [35m[1mScanning dependencies of target interfaces__python[0m
[3.126s] [ 77%] [32mBuilding C object CMakeFiles/interfaces__python.dir/rosidl_generator_py/interfaces/msg/_dect_s.c.o[0m
[3.202s] [ 80%] [32m[1mLinking C shared library rosidl_generator_py/interfaces/libinterfaces__python.so[0m
[3.253s] [ 80%] Built target interfaces__python
[3.263s] [35m[1mScanning dependencies of target interfaces__rosidl_typesupport_c__pyext[0m
[3.265s] [35m[1mScanning dependencies of target interfaces__rosidl_typesupport_introspection_c__pyext[0m
[3.268s] [35m[1mScanning dependencies of target interfaces__rosidl_typesupport_fastrtps_c__pyext[0m
[3.282s] [ 83%] [32mBuilding C object CMakeFiles/interfaces__rosidl_typesupport_c__pyext.dir/rosidl_generator_py/interfaces/_interfaces_s.ep.rosidl_typesupport_c.c.o[0m
[3.282s] [ 87%] [32mBuilding C object CMakeFiles/interfaces__rosidl_typesupport_introspection_c__pyext.dir/rosidl_generator_py/interfaces/_interfaces_s.ep.rosidl_typesupport_introspection_c.c.o[0m
[3.285s] [ 90%] [32mBuilding C object CMakeFiles/interfaces__rosidl_typesupport_fastrtps_c__pyext.dir/rosidl_generator_py/interfaces/_interfaces_s.ep.rosidl_typesupport_fastrtps_c.c.o[0m
[3.346s] [ 93%] [32m[1mLinking C shared library rosidl_generator_py/interfaces/interfaces_s__rosidl_typesupport_introspection_c.cpython-38-x86_64-linux-gnu.so[0m
[3.353s] [ 96%] [32m[1mLinking CXX shared library rosidl_generator_py/interfaces/interfaces_s__rosidl_typesupport_fastrtps_c.cpython-38-x86_64-linux-gnu.so[0m
[3.353s] [100%] [32m[1mLinking C shared library rosidl_generator_py/interfaces/interfaces_s__rosidl_typesupport_c.cpython-38-x86_64-linux-gnu.so[0m
[3.383s] [100%] Built target interfaces__rosidl_typesupport_introspection_c__pyext
[3.389s] [100%] Built target interfaces__rosidl_typesupport_c__pyext
[3.415s] [100%] Built target interfaces__rosidl_typesupport_fastrtps_c__pyext
[3.428s] Invoked command in '/home/amejiyo/yolobot/build/interfaces' returned '0': CMAKE_PREFIX_PATH=${CMAKE_PREFIX_PATH}:/home/amejiyo/ros2_ws/install/py_pubsub:/home/amejiyo/ros2_ws/install/opencv_tests:/home/amejiyo/ros2_ws/install/detection:/opt/ros/foxy /usr/bin/cmake --build /home/amejiyo/yolobot/build/interfaces -- -j16 -l16
[3.488s] Invoking command in '/home/amejiyo/yolobot/build/interfaces': CMAKE_PREFIX_PATH=${CMAKE_PREFIX_PATH}:/home/amejiyo/ros2_ws/install/py_pubsub:/home/amejiyo/ros2_ws/install/opencv_tests:/home/amejiyo/ros2_ws/install/detection:/opt/ros/foxy /usr/bin/cmake --install /home/amejiyo/yolobot/build/interfaces
[3.496s] -- Install configuration: ""
[3.496s] -- Installing: /home/amejiyo/yolobot/install/interfaces/share/ament_index/resource_index/rosidl_interfaces/interfaces
[3.496s] -- Installing: /home/amejiyo/yolobot/install/interfaces/include/interfaces
[3.496s] -- Installing: /home/amejiyo/yolobot/install/interfaces/include/interfaces/msg
[3.496s] -- Installing: /home/amejiyo/yolobot/install/interfaces/include/interfaces/msg/rosidl_generator_c__visibility_control.h
[3.497s] -- Installing: /home/amejiyo/yolobot/install/interfaces/include/interfaces/msg/detail
[3.497s] -- Installing: /home/amejiyo/yolobot/install/interfaces/include/interfaces/msg/detail/dect__functions.c
[3.497s] -- Installing: /home/amejiyo/yolobot/install/interfaces/include/interfaces/msg/detail/dect__type_support.h
[3.497s] -- Installing: /home/amejiyo/yolobot/install/interfaces/include/interfaces/msg/detail/dect__struct.h
[3.497s] -- Installing: /home/amejiyo/yolobot/install/interfaces/include/interfaces/msg/detail/dect__functions.h
[3.497s] -- Installing: /home/amejiyo/yolobot/install/interfaces/include/interfaces/msg/dect.h
[3.497s] -- Installing: /home/amejiyo/yolobot/install/interfaces/share/interfaces/environment/library_path.sh
[3.497s] -- Installing: /home/amejiyo/yolobot/install/interfaces/share/interfaces/environment/library_path.dsv
[3.497s] -- Installing: /home/amejiyo/yolobot/install/interfaces/lib/libinterfaces__rosidl_generator_c.so
[3.497s] -- Set runtime path of "/home/amejiyo/yolobot/install/interfaces/lib/libinterfaces__rosidl_generator_c.so" to ""
[3.497s] -- Up-to-date: /home/amejiyo/yolobot/install/interfaces/include/interfaces
[3.497s] -- Up-to-date: /home/amejiyo/yolobot/install/interfaces/include/interfaces/msg
[3.497s] -- Up-to-date: /home/amejiyo/yolobot/install/interfaces/include/interfaces/msg/detail
[3.497s] -- Installing: /home/amejiyo/yolobot/install/interfaces/include/interfaces/msg/detail/dect__rosidl_typesupport_fastrtps_c.h
[3.498s] -- Installing: /home/amejiyo/yolobot/install/interfaces/include/interfaces/msg/rosidl_typesupport_fastrtps_c__visibility_control.h
[3.498s] -- Installing: /home/amejiyo/yolobot/install/interfaces/lib/libinterfaces__rosidl_typesupport_fastrtps_c.so
[3.498s] -- Set runtime path of "/home/amejiyo/yolobot/install/interfaces/lib/libinterfaces__rosidl_typesupport_fastrtps_c.so" to ""
[3.498s] -- Up-to-date: /home/amejiyo/yolobot/install/interfaces/include/interfaces
[3.498s] -- Up-to-date: /home/amejiyo/yolobot/install/interfaces/include/interfaces/msg
[3.498s] -- Up-to-date: /home/amejiyo/yolobot/install/interfaces/include/interfaces/msg/detail
[3.498s] -- Installing: /home/amejiyo/yolobot/install/interfaces/include/interfaces/msg/detail/dds_fastrtps
[3.498s] -- Installing: /home/amejiyo/yolobot/install/interfaces/include/interfaces/msg/detail/dect__rosidl_typesupport_fastrtps_cpp.hpp
[3.499s] -- Installing: /home/amejiyo/yolobot/install/interfaces/include/interfaces/msg/rosidl_typesupport_fastrtps_cpp__visibility_control.h
[3.499s] -- Installing: /home/amejiyo/yolobot/install/interfaces/lib/libinterfaces__rosidl_typesupport_fastrtps_cpp.so
[3.499s] -- Set runtime path of "/home/amejiyo/yolobot/install/interfaces/lib/libinterfaces__rosidl_typesupport_fastrtps_cpp.so" to ""
[3.499s] -- Up-to-date: /home/amejiyo/yolobot/install/interfaces/include/interfaces
[3.499s] -- Up-to-date: /home/amejiyo/yolobot/install/interfaces/include/interfaces/msg
[3.499s] -- Up-to-date: /home/amejiyo/yolobot/install/interfaces/include/interfaces/msg/detail
[3.499s] -- Installing: /home/amejiyo/yolobot/install/interfaces/include/interfaces/msg/detail/dect__rosidl_typesupport_introspection_c.h
[3.499s] -- Installing: /home/amejiyo/yolobot/install/interfaces/include/interfaces/msg/detail/dect__type_support.c
[3.499s] -- Installing: /home/amejiyo/yolobot/install/interfaces/include/interfaces/msg/rosidl_typesupport_introspection_c__visibility_control.h
[3.499s] -- Installing: /home/amejiyo/yolobot/install/interfaces/lib/libinterfaces__rosidl_typesupport_introspection_c.so
[3.499s] -- Set runtime path of "/home/amejiyo/yolobot/install/interfaces/lib/libinterfaces__rosidl_typesupport_introspection_c.so" to ""
[3.499s] -- Installing: /home/amejiyo/yolobot/install/interfaces/lib/libinterfaces__rosidl_typesupport_c.so
[3.499s] -- Set runtime path of "/home/amejiyo/yolobot/install/interfaces/lib/libinterfaces__rosidl_typesupport_c.so" to ""
[3.499s] -- Up-to-date: /home/amejiyo/yolobot/install/interfaces/include/interfaces
[3.500s] -- Up-to-date: /home/amejiyo/yolobot/install/interfaces/include/interfaces/msg
[3.500s] -- Up-to-date: /home/amejiyo/yolobot/install/interfaces/include/interfaces/msg/detail
[3.500s] -- Installing: /home/amejiyo/yolobot/install/interfaces/include/interfaces/msg/detail/dect__struct.hpp
[3.500s] -- Installing: /home/amejiyo/yolobot/install/interfaces/include/interfaces/msg/detail/dect__traits.hpp
[3.500s] -- Installing: /home/amejiyo/yolobot/install/interfaces/include/interfaces/msg/detail/dect__builder.hpp
[3.500s] -- Installing: /home/amejiyo/yolobot/install/interfaces/include/interfaces/msg/dect.hpp
[3.500s] -- Up-to-date: /home/amejiyo/yolobot/install/interfaces/include/interfaces
[3.500s] -- Up-to-date: /home/amejiyo/yolobot/install/interfaces/include/interfaces/msg
[3.500s] -- Up-to-date: /home/amejiyo/yolobot/install/interfaces/include/interfaces/msg/detail
[3.500s] -- Installing: /home/amejiyo/yolobot/install/interfaces/include/interfaces/msg/detail/dect__rosidl_typesupport_introspection_cpp.hpp
[3.500s] -- Installing: /home/amejiyo/yolobot/install/interfaces/include/interfaces/msg/detail/dect__type_support.cpp
[3.500s] -- Installing: /home/amejiyo/yolobot/install/interfaces/lib/libinterfaces__rosidl_typesupport_introspection_cpp.so
[3.500s] -- Set runtime path of "/home/amejiyo/yolobot/install/interfaces/lib/libinterfaces__rosidl_typesupport_introspection_cpp.so" to ""
[3.500s] -- Installing: /home/amejiyo/yolobot/install/interfaces/lib/libinterfaces__rosidl_typesupport_cpp.so
[3.501s] -- Set runtime path of "/home/amejiyo/yolobot/install/interfaces/lib/libinterfaces__rosidl_typesupport_cpp.so" to ""
[3.501s] -- Installing: /home/amejiyo/yolobot/install/interfaces/share/interfaces/environment/pythonpath.sh
[3.501s] -- Installing: /home/amejiyo/yolobot/install/interfaces/share/interfaces/environment/pythonpath.dsv
[3.503s] -- Installing: /home/amejiyo/yolobot/install/interfaces/lib/python3.8/site-packages/interfaces/__init__.py
[3.534s] Compiling '/home/amejiyo/yolobot/install/interfaces/lib/python3.8/site-packages/interfaces/__init__.py'...
[3.539s] -- Installing: /home/amejiyo/yolobot/install/interfaces/lib/python3.8/site-packages/interfaces/msg
[3.539s] -- Installing: /home/amejiyo/yolobot/install/interfaces/lib/python3.8/site-packages/interfaces/msg/_dect_s.c
[3.539s] -- Installing: /home/amejiyo/yolobot/install/interfaces/lib/python3.8/site-packages/interfaces/msg/__init__.py
[3.539s] -- Installing: /home/amejiyo/yolobot/install/interfaces/lib/python3.8/site-packages/interfaces/msg/_dect.py
[3.540s] -- Installing: /home/amejiyo/yolobot/install/interfaces/lib/python3.8/site-packages/interfaces/interfaces_s__rosidl_typesupport_fastrtps_c.cpython-38-x86_64-linux-gnu.so
[3.540s] -- Set runtime path of "/home/amejiyo/yolobot/install/interfaces/lib/python3.8/site-packages/interfaces/interfaces_s__rosidl_typesupport_fastrtps_c.cpython-38-x86_64-linux-gnu.so" to ""
[3.541s] -- Installing: /home/amejiyo/yolobot/install/interfaces/lib/python3.8/site-packages/interfaces/interfaces_s__rosidl_typesupport_introspection_c.cpython-38-x86_64-linux-gnu.so
[3.542s] -- Set runtime path of "/home/amejiyo/yolobot/install/interfaces/lib/python3.8/site-packages/interfaces/interfaces_s__rosidl_typesupport_introspection_c.cpython-38-x86_64-linux-gnu.so" to ""
[3.542s] -- Installing: /home/amejiyo/yolobot/install/interfaces/lib/python3.8/site-packages/interfaces/interfaces_s__rosidl_typesupport_c.cpython-38-x86_64-linux-gnu.so
[3.543s] -- Set runtime path of "/home/amejiyo/yolobot/install/interfaces/lib/python3.8/site-packages/interfaces/interfaces_s__rosidl_typesupport_c.cpython-38-x86_64-linux-gnu.so" to ""
[3.543s] -- Installing: /home/amejiyo/yolobot/install/interfaces/lib/libinterfaces__python.so
[3.544s] -- Set runtime path of "/home/amejiyo/yolobot/install/interfaces/lib/libinterfaces__python.so" to ""
[3.544s] -- Installing: /home/amejiyo/yolobot/install/interfaces/share/interfaces/msg/Dect.idl
[3.545s] -- Installing: /home/amejiyo/yolobot/install/interfaces/share/interfaces/msg/Dect.msg
[3.545s] -- Installing: /home/amejiyo/yolobot/install/interfaces/share/ament_index/resource_index/package_run_dependencies/interfaces
[3.545s] -- Installing: /home/amejiyo/yolobot/install/interfaces/share/ament_index/resource_index/parent_prefix_path/interfaces
[3.545s] -- Installing: /home/amejiyo/yolobot/install/interfaces/share/interfaces/environment/ament_prefix_path.sh
[3.545s] -- Installing: /home/amejiyo/yolobot/install/interfaces/share/interfaces/environment/ament_prefix_path.dsv
[3.545s] -- Installing: /home/amejiyo/yolobot/install/interfaces/share/interfaces/environment/path.sh
[3.545s] -- Installing: /home/amejiyo/yolobot/install/interfaces/share/interfaces/environment/path.dsv
[3.545s] -- Installing: /home/amejiyo/yolobot/install/interfaces/share/interfaces/local_setup.bash
[3.546s] -- Installing: /home/amejiyo/yolobot/install/interfaces/share/interfaces/local_setup.sh
[3.546s] -- Installing: /home/amejiyo/yolobot/install/interfaces/share/interfaces/local_setup.zsh
[3.546s] -- Installing: /home/amejiyo/yolobot/install/interfaces/share/interfaces/local_setup.dsv
[3.546s] -- Installing: /home/amejiyo/yolobot/install/interfaces/share/interfaces/package.dsv
[3.546s] -- Installing: /home/amejiyo/yolobot/install/interfaces/share/ament_index/resource_index/packages/interfaces
[3.546s] -- Installing: /home/amejiyo/yolobot/install/interfaces/share/interfaces/cmake/interfaces__rosidl_generator_cExport.cmake
[3.546s] -- Installing: /home/amejiyo/yolobot/install/interfaces/share/interfaces/cmake/interfaces__rosidl_generator_cExport-noconfig.cmake
[3.546s] -- Installing: /home/amejiyo/yolobot/install/interfaces/share/interfaces/cmake/interfaces__rosidl_typesupport_introspection_cExport.cmake
[3.546s] -- Installing: /home/amejiyo/yolobot/install/interfaces/share/interfaces/cmake/interfaces__rosidl_typesupport_introspection_cExport-noconfig.cmake
[3.546s] -- Installing: /home/amejiyo/yolobot/install/interfaces/share/interfaces/cmake/interfaces__rosidl_typesupport_cExport.cmake
[3.546s] -- Installing: /home/amejiyo/yolobot/install/interfaces/share/interfaces/cmake/interfaces__rosidl_typesupport_cExport-noconfig.cmake
[3.546s] -- Installing: /home/amejiyo/yolobot/install/interfaces/share/interfaces/cmake/interfaces__rosidl_generator_cppExport.cmake
[3.547s] -- Installing: /home/amejiyo/yolobot/install/interfaces/share/interfaces/cmake/interfaces__rosidl_typesupport_introspection_cppExport.cmake
[3.547s] -- Installing: /home/amejiyo/yolobot/install/interfaces/share/interfaces/cmake/interfaces__rosidl_typesupport_introspection_cppExport-noconfig.cmake
[3.547s] -- Installing: /home/amejiyo/yolobot/install/interfaces/share/interfaces/cmake/interfaces__rosidl_typesupport_cppExport.cmake
[3.547s] -- Installing: /home/amejiyo/yolobot/install/interfaces/share/interfaces/cmake/interfaces__rosidl_typesupport_cppExport-noconfig.cmake
[3.547s] -- Installing: /home/amejiyo/yolobot/install/interfaces/share/interfaces/cmake/rosidl_cmake-extras.cmake
[3.547s] -- Installing: /home/amejiyo/yolobot/install/interfaces/share/interfaces/cmake/ament_cmake_export_dependencies-extras.cmake
[3.547s] -- Installing: /home/amejiyo/yolobot/install/interfaces/share/interfaces/cmake/ament_cmake_export_libraries-extras.cmake
[3.547s] -- Installing: /home/amejiyo/yolobot/install/interfaces/share/interfaces/cmake/ament_cmake_export_targets-extras.cmake
[3.547s] -- Installing: /home/amejiyo/yolobot/install/interfaces/share/interfaces/cmake/ament_cmake_export_include_directories-extras.cmake
[3.547s] -- Installing: /home/amejiyo/yolobot/install/interfaces/share/interfaces/cmake/rosidl_cmake_export_typesupport_libraries-extras.cmake
[3.547s] -- Installing: /home/amejiyo/yolobot/install/interfaces/share/interfaces/cmake/rosidl_cmake_export_typesupport_targets-extras.cmake
[3.547s] -- Installing: /home/amejiyo/yolobot/install/interfaces/share/interfaces/cmake/interfacesConfig.cmake
[3.548s] -- Installing: /home/amejiyo/yolobot/install/interfaces/share/interfaces/cmake/interfacesConfig-version.cmake
[3.548s] -- Installing: /home/amejiyo/yolobot/install/interfaces/share/interfaces/package.xml
[3.551s] Invoked command in '/home/amejiyo/yolobot/build/interfaces' returned '0': CMAKE_PREFIX_PATH=${CMAKE_PREFIX_PATH}:/home/amejiyo/ros2_ws/install/py_pubsub:/home/amejiyo/ros2_ws/install/opencv_tests:/home/amejiyo/ros2_ws/install/detection:/opt/ros/foxy /usr/bin/cmake --install /home/amejiyo/yolobot/build/interfaces
