/home/amejiyo/GitHub/502/detection/dect_ws/install/detection/lib/python3.8/site-packages/detection/__init__.py
/home/amejiyo/GitHub/502/detection/dect_ws/install/detection/lib/python3.8/site-packages/detection/fine_detect_publisher.py
/home/amejiyo/GitHub/502/detection/dect_ws/install/detection/lib/python3.8/site-packages/detection/detection_lib/main_debug.py
/home/amejiyo/GitHub/502/detection/dect_ws/install/detection/lib/python3.8/site-packages/detection/detection_lib/runfil.py
/home/amejiyo/GitHub/502/detection/dect_ws/install/detection/lib/python3.8/site-packages/detection/detection_lib/detect.py
/home/amejiyo/GitHub/502/detection/dect_ws/install/detection/lib/python3.8/site-packages/detection/detection_lib/try.py
/home/amejiyo/GitHub/502/detection/dect_ws/install/detection/lib/python3.8/site-packages/detection/detection_lib/main.py
/home/amejiyo/GitHub/502/detection/dect_ws/install/detection/lib/python3.8/site-packages/detection/__pycache__/__init__.cpython-38.pyc
/home/amejiyo/GitHub/502/detection/dect_ws/install/detection/lib/python3.8/site-packages/detection/__pycache__/fine_detect_publisher.cpython-38.pyc
/home/amejiyo/GitHub/502/detection/dect_ws/install/detection/lib/python3.8/site-packages/detection/detection_lib/__pycache__/main_debug.cpython-38.pyc
/home/amejiyo/GitHub/502/detection/dect_ws/install/detection/lib/python3.8/site-packages/detection/detection_lib/__pycache__/runfil.cpython-38.pyc
/home/amejiyo/GitHub/502/detection/dect_ws/install/detection/lib/python3.8/site-packages/detection/detection_lib/__pycache__/detect.cpython-38.pyc
/home/amejiyo/GitHub/502/detection/dect_ws/install/detection/lib/python3.8/site-packages/detection/detection_lib/__pycache__/try.cpython-38.pyc
/home/amejiyo/GitHub/502/detection/dect_ws/install/detection/lib/python3.8/site-packages/detection/detection_lib/__pycache__/main.cpython-38.pyc
/home/amejiyo/GitHub/502/detection/dect_ws/install/detection/share/ament_index/resource_index/packages/detection
/home/amejiyo/GitHub/502/detection/dect_ws/install/detection/share/detection/package.xml
/home/amejiyo/GitHub/502/detection/dect_ws/install/detection/lib/python3.8/site-packages/detection-0.0.0-py3.8.egg-info/SOURCES.txt
/home/amejiyo/GitHub/502/detection/dect_ws/install/detection/lib/python3.8/site-packages/detection-0.0.0-py3.8.egg-info/top_level.txt
/home/amejiyo/GitHub/502/detection/dect_ws/install/detection/lib/python3.8/site-packages/detection-0.0.0-py3.8.egg-info/dependency_links.txt
/home/amejiyo/GitHub/502/detection/dect_ws/install/detection/lib/python3.8/site-packages/detection-0.0.0-py3.8.egg-info/PKG-INFO
/home/amejiyo/GitHub/502/detection/dect_ws/install/detection/lib/python3.8/site-packages/detection-0.0.0-py3.8.egg-info/requires.txt
/home/amejiyo/GitHub/502/detection/dect_ws/install/detection/lib/python3.8/site-packages/detection-0.0.0-py3.8.egg-info/zip-safe
/home/amejiyo/GitHub/502/detection/dect_ws/install/detection/lib/python3.8/site-packages/detection-0.0.0-py3.8.egg-info/entry_points.txt
/home/amejiyo/GitHub/502/detection/dect_ws/install/detection/lib/detection/detect_talker
