[0.082s] Invoking command in '/home/amejiyo/yolobot/build/interfaces': CMAKE_PREFIX_PATH=${CMAKE_PREFIX_PATH}:/home/amejiyo/ros2_ws/install/py_pubsub:/home/amejiyo/ros2_ws/install/opencv_tests:/home/amejiyo/ros2_ws/install/detection:/opt/ros/foxy /usr/bin/cmake --build /home/amejiyo/yolobot/build/interfaces -- -j16 -l16
[0.193s] [  3%] Built target interfaces__cpp
[0.196s] [ 12%] Built target interfaces__rosidl_generator_c
[0.227s] [ 41%] Built target interfaces__rosidl_typesupport_cpp
[0.227s] [ 41%] Built target interfaces__rosidl_typesupport_introspection_cpp
[0.227s] [ 41%] Built target interfaces__rosidl_typesupport_introspection_c
[0.232s] [ 61%] Built target interfaces__rosidl_typesupport_c
[0.232s] [ 61%] Built target interfaces__rosidl_typesupport_fastrtps_cpp
[0.269s] [ 70%] Built target interfaces__rosidl_typesupport_fastrtps_c
[0.298s] [ 70%] Built target interfaces
[0.329s] [ 74%] Built target interfaces__py
[0.371s] [ 80%] Built target interfaces__python
[0.408s] [ 87%] Built target interfaces__rosidl_typesupport_c__pyext
[0.410s] [ 93%] Built target interfaces__rosidl_typesupport_fastrtps_c__pyext
[0.413s] [100%] Built target interfaces__rosidl_typesupport_introspection_c__pyext
[0.461s] Invoked command in '/home/amejiyo/yolobot/build/interfaces' returned '0': CMAKE_PREFIX_PATH=${CMAKE_PREFIX_PATH}:/home/amejiyo/ros2_ws/install/py_pubsub:/home/amejiyo/ros2_ws/install/opencv_tests:/home/amejiyo/ros2_ws/install/detection:/opt/ros/foxy /usr/bin/cmake --build /home/amejiyo/yolobot/build/interfaces -- -j16 -l16
[0.572s] Invoking command in '/home/amejiyo/yolobot/build/interfaces': CMAKE_PREFIX_PATH=${CMAKE_PREFIX_PATH}:/home/amejiyo/ros2_ws/install/py_pubsub:/home/amejiyo/ros2_ws/install/opencv_tests:/home/amejiyo/ros2_ws/install/detection:/opt/ros/foxy /usr/bin/cmake --install /home/amejiyo/yolobot/build/interfaces
[0.591s] -- Install configuration: ""
[0.592s] -- Up-to-date: /home/amejiyo/yolobot/install/interfaces/share/ament_index/resource_index/rosidl_interfaces/interfaces
[0.592s] -- Up-to-date: /home/amejiyo/yolobot/install/interfaces/include/interfaces
[0.595s] -- Up-to-date: /home/amejiyo/yolobot/install/interfaces/include/interfaces/msg
[0.595s] -- Up-to-date: /home/amejiyo/yolobot/install/interfaces/include/interfaces/msg/rosidl_generator_c__visibility_control.h
[0.595s] -- Up-to-date: /home/amejiyo/yolobot/install/interfaces/include/interfaces/msg/detail
[0.595s] -- Up-to-date: /home/amejiyo/yolobot/install/interfaces/include/interfaces/msg/detail/dect__functions.c
[0.595s] -- Up-to-date: /home/amejiyo/yolobot/install/interfaces/include/interfaces/msg/detail/dect__type_support.h
[0.596s] -- Up-to-date: /home/amejiyo/yolobot/install/interfaces/include/interfaces/msg/detail/dect__struct.h
[0.596s] -- Up-to-date: /home/amejiyo/yolobot/install/interfaces/include/interfaces/msg/detail/dect__functions.h
[0.596s] -- Up-to-date: /home/amejiyo/yolobot/install/interfaces/include/interfaces/msg/dect.h
[0.596s] -- Up-to-date: /home/amejiyo/yolobot/install/interfaces/share/interfaces/environment/library_path.sh
[0.596s] -- Up-to-date: /home/amejiyo/yolobot/install/interfaces/share/interfaces/environment/library_path.dsv
[0.596s] -- Up-to-date: /home/amejiyo/yolobot/install/interfaces/lib/libinterfaces__rosidl_generator_c.so
[0.596s] -- Up-to-date: /home/amejiyo/yolobot/install/interfaces/include/interfaces
[0.596s] -- Up-to-date: /home/amejiyo/yolobot/install/interfaces/include/interfaces/msg
[0.596s] -- Up-to-date: /home/amejiyo/yolobot/install/interfaces/include/interfaces/msg/detail
[0.597s] -- Up-to-date: /home/amejiyo/yolobot/install/interfaces/include/interfaces/msg/detail/dect__rosidl_typesupport_fastrtps_c.h
[0.597s] -- Up-to-date: /home/amejiyo/yolobot/install/interfaces/include/interfaces/msg/rosidl_typesupport_fastrtps_c__visibility_control.h
[0.597s] -- Up-to-date: /home/amejiyo/yolobot/install/interfaces/lib/libinterfaces__rosidl_typesupport_fastrtps_c.so
[0.597s] -- Up-to-date: /home/amejiyo/yolobot/install/interfaces/include/interfaces
[0.597s] -- Up-to-date: /home/amejiyo/yolobot/install/interfaces/include/interfaces/msg
[0.597s] -- Up-to-date: /home/amejiyo/yolobot/install/interfaces/include/interfaces/msg/detail
[0.597s] -- Up-to-date: /home/amejiyo/yolobot/install/interfaces/include/interfaces/msg/detail/dds_fastrtps
[0.597s] -- Up-to-date: /home/amejiyo/yolobot/install/interfaces/include/interfaces/msg/detail/dect__rosidl_typesupport_fastrtps_cpp.hpp
[0.598s] -- Up-to-date: /home/amejiyo/yolobot/install/interfaces/include/interfaces/msg/rosidl_typesupport_fastrtps_cpp__visibility_control.h
[0.599s] -- Up-to-date: /home/amejiyo/yolobot/install/interfaces/lib/libinterfaces__rosidl_typesupport_fastrtps_cpp.so
[0.599s] -- Up-to-date: /home/amejiyo/yolobot/install/interfaces/include/interfaces
[0.600s] -- Up-to-date: /home/amejiyo/yolobot/install/interfaces/include/interfaces/msg
[0.600s] -- Up-to-date: /home/amejiyo/yolobot/install/interfaces/include/interfaces/msg/detail
[0.600s] -- Up-to-date: /home/amejiyo/yolobot/install/interfaces/include/interfaces/msg/detail/dect__rosidl_typesupport_introspection_c.h
[0.601s] -- Up-to-date: /home/amejiyo/yolobot/install/interfaces/include/interfaces/msg/detail/dect__type_support.c
[0.601s] -- Up-to-date: /home/amejiyo/yolobot/install/interfaces/include/interfaces/msg/rosidl_typesupport_introspection_c__visibility_control.h
[0.602s] -- Up-to-date: /home/amejiyo/yolobot/install/interfaces/lib/libinterfaces__rosidl_typesupport_introspection_c.so
[0.602s] -- Up-to-date: /home/amejiyo/yolobot/install/interfaces/lib/libinterfaces__rosidl_typesupport_c.so
[0.603s] -- Up-to-date: /home/amejiyo/yolobot/install/interfaces/include/interfaces
[0.604s] -- Up-to-date: /home/amejiyo/yolobot/install/interfaces/include/interfaces/msg
[0.604s] -- Up-to-date: /home/amejiyo/yolobot/install/interfaces/include/interfaces/msg/detail
[0.606s] -- Up-to-date: /home/amejiyo/yolobot/install/interfaces/include/interfaces/msg/detail/dect__struct.hpp
[0.606s] -- Up-to-date: /home/amejiyo/yolobot/install/interfaces/include/interfaces/msg/detail/dect__traits.hpp
[0.607s] -- Up-to-date: /home/amejiyo/yolobot/install/interfaces/include/interfaces/msg/detail/dect__builder.hpp
[0.607s] -- Up-to-date: /home/amejiyo/yolobot/install/interfaces/include/interfaces/msg/dect.hpp
[0.607s] -- Up-to-date: /home/amejiyo/yolobot/install/interfaces/include/interfaces
[0.608s] -- Up-to-date: /home/amejiyo/yolobot/install/interfaces/include/interfaces/msg
[0.608s] -- Up-to-date: /home/amejiyo/yolobot/install/interfaces/include/interfaces/msg/detail
[0.608s] -- Up-to-date: /home/amejiyo/yolobot/install/interfaces/include/interfaces/msg/detail/dect__rosidl_typesupport_introspection_cpp.hpp
[0.608s] -- Up-to-date: /home/amejiyo/yolobot/install/interfaces/include/interfaces/msg/detail/dect__type_support.cpp
[0.608s] -- Up-to-date: /home/amejiyo/yolobot/install/interfaces/lib/libinterfaces__rosidl_typesupport_introspection_cpp.so
[0.609s] -- Up-to-date: /home/amejiyo/yolobot/install/interfaces/lib/libinterfaces__rosidl_typesupport_cpp.so
[0.610s] -- Up-to-date: /home/amejiyo/yolobot/install/interfaces/share/interfaces/environment/pythonpath.sh
[0.610s] -- Up-to-date: /home/amejiyo/yolobot/install/interfaces/share/interfaces/environment/pythonpath.dsv
[0.610s] -- Up-to-date: /home/amejiyo/yolobot/install/interfaces/lib/python3.8/site-packages/interfaces/__init__.py
[0.645s] -- Up-to-date: /home/amejiyo/yolobot/install/interfaces/lib/python3.8/site-packages/interfaces/msg
[0.645s] -- Up-to-date: /home/amejiyo/yolobot/install/interfaces/lib/python3.8/site-packages/interfaces/msg/_dect_s.c
[0.645s] -- Up-to-date: /home/amejiyo/yolobot/install/interfaces/lib/python3.8/site-packages/interfaces/msg/__init__.py
[0.646s] -- Up-to-date: /home/amejiyo/yolobot/install/interfaces/lib/python3.8/site-packages/interfaces/msg/_dect.py
[0.646s] -- Up-to-date: /home/amejiyo/yolobot/install/interfaces/lib/python3.8/site-packages/interfaces/interfaces_s__rosidl_typesupport_fastrtps_c.cpython-38-x86_64-linux-gnu.so
[0.646s] -- Up-to-date: /home/amejiyo/yolobot/install/interfaces/lib/python3.8/site-packages/interfaces/interfaces_s__rosidl_typesupport_introspection_c.cpython-38-x86_64-linux-gnu.so
[0.647s] -- Up-to-date: /home/amejiyo/yolobot/install/interfaces/lib/python3.8/site-packages/interfaces/interfaces_s__rosidl_typesupport_c.cpython-38-x86_64-linux-gnu.so
[0.648s] -- Up-to-date: /home/amejiyo/yolobot/install/interfaces/lib/libinterfaces__python.so
[0.648s] -- Up-to-date: /home/amejiyo/yolobot/install/interfaces/share/interfaces/msg/Dect.idl
[0.648s] -- Up-to-date: /home/amejiyo/yolobot/install/interfaces/share/interfaces/msg/Dect.msg
[0.649s] -- Up-to-date: /home/amejiyo/yolobot/install/interfaces/share/ament_index/resource_index/package_run_dependencies/interfaces
[0.649s] -- Up-to-date: /home/amejiyo/yolobot/install/interfaces/share/ament_index/resource_index/parent_prefix_path/interfaces
[0.649s] -- Up-to-date: /home/amejiyo/yolobot/install/interfaces/share/interfaces/environment/ament_prefix_path.sh
[0.649s] -- Up-to-date: /home/amejiyo/yolobot/install/interfaces/share/interfaces/environment/ament_prefix_path.dsv
[0.649s] -- Up-to-date: /home/amejiyo/yolobot/install/interfaces/share/interfaces/environment/path.sh
[0.649s] -- Up-to-date: /home/amejiyo/yolobot/install/interfaces/share/interfaces/environment/path.dsv
[0.649s] -- Up-to-date: /home/amejiyo/yolobot/install/interfaces/share/interfaces/local_setup.bash
[0.650s] -- Up-to-date: /home/amejiyo/yolobot/install/interfaces/share/interfaces/local_setup.sh
[0.650s] -- Up-to-date: /home/amejiyo/yolobot/install/interfaces/share/interfaces/local_setup.zsh
[0.650s] -- Up-to-date: /home/amejiyo/yolobot/install/interfaces/share/interfaces/local_setup.dsv
[0.650s] -- Installing: /home/amejiyo/yolobot/install/interfaces/share/interfaces/package.dsv
[0.650s] -- Up-to-date: /home/amejiyo/yolobot/install/interfaces/share/ament_index/resource_index/packages/interfaces
[0.650s] -- Up-to-date: /home/amejiyo/yolobot/install/interfaces/share/interfaces/cmake/interfaces__rosidl_generator_cExport.cmake
[0.650s] -- Up-to-date: /home/amejiyo/yolobot/install/interfaces/share/interfaces/cmake/interfaces__rosidl_generator_cExport-noconfig.cmake
[0.650s] -- Up-to-date: /home/amejiyo/yolobot/install/interfaces/share/interfaces/cmake/interfaces__rosidl_typesupport_introspection_cExport.cmake
[0.650s] -- Up-to-date: /home/amejiyo/yolobot/install/interfaces/share/interfaces/cmake/interfaces__rosidl_typesupport_introspection_cExport-noconfig.cmake
[0.651s] -- Up-to-date: /home/amejiyo/yolobot/install/interfaces/share/interfaces/cmake/interfaces__rosidl_typesupport_cExport.cmake
[0.651s] -- Up-to-date: /home/amejiyo/yolobot/install/interfaces/share/interfaces/cmake/interfaces__rosidl_typesupport_cExport-noconfig.cmake
[0.651s] -- Up-to-date: /home/amejiyo/yolobot/install/interfaces/share/interfaces/cmake/interfaces__rosidl_generator_cppExport.cmake
[0.651s] -- Up-to-date: /home/amejiyo/yolobot/install/interfaces/share/interfaces/cmake/interfaces__rosidl_typesupport_introspection_cppExport.cmake
[0.651s] -- Up-to-date: /home/amejiyo/yolobot/install/interfaces/share/interfaces/cmake/interfaces__rosidl_typesupport_introspection_cppExport-noconfig.cmake
[0.652s] -- Up-to-date: /home/amejiyo/yolobot/install/interfaces/share/interfaces/cmake/interfaces__rosidl_typesupport_cppExport.cmake
[0.652s] -- Up-to-date: /home/amejiyo/yolobot/install/interfaces/share/interfaces/cmake/interfaces__rosidl_typesupport_cppExport-noconfig.cmake
[0.652s] -- Up-to-date: /home/amejiyo/yolobot/install/interfaces/share/interfaces/cmake/rosidl_cmake-extras.cmake
[0.652s] -- Up-to-date: /home/amejiyo/yolobot/install/interfaces/share/interfaces/cmake/ament_cmake_export_dependencies-extras.cmake
[0.652s] -- Up-to-date: /home/amejiyo/yolobot/install/interfaces/share/interfaces/cmake/ament_cmake_export_libraries-extras.cmake
[0.652s] -- Up-to-date: /home/amejiyo/yolobot/install/interfaces/share/interfaces/cmake/ament_cmake_export_targets-extras.cmake
[0.652s] -- Up-to-date: /home/amejiyo/yolobot/install/interfaces/share/interfaces/cmake/ament_cmake_export_include_directories-extras.cmake
[0.652s] -- Up-to-date: /home/amejiyo/yolobot/install/interfaces/share/interfaces/cmake/rosidl_cmake_export_typesupport_libraries-extras.cmake
[0.652s] -- Up-to-date: /home/amejiyo/yolobot/install/interfaces/share/interfaces/cmake/rosidl_cmake_export_typesupport_targets-extras.cmake
[0.652s] -- Up-to-date: /home/amejiyo/yolobot/install/interfaces/share/interfaces/cmake/interfacesConfig.cmake
[0.652s] -- Up-to-date: /home/amejiyo/yolobot/install/interfaces/share/interfaces/cmake/interfacesConfig-version.cmake
[0.652s] -- Up-to-date: /home/amejiyo/yolobot/install/interfaces/share/interfaces/package.xml
[0.656s] Invoked command in '/home/amejiyo/yolobot/build/interfaces' returned '0': CMAKE_PREFIX_PATH=${CMAKE_PREFIX_PATH}:/home/amejiyo/ros2_ws/install/py_pubsub:/home/amejiyo/ros2_ws/install/opencv_tests:/home/amejiyo/ros2_ws/install/detection:/opt/ros/foxy /usr/bin/cmake --install /home/amejiyo/yolobot/build/interfaces
