[1.075s] Invoking command in '/home/amejiyo/GitHub/502/detection/src/yolobot_detection': PYTHONPATH=/home/amejiyo/GitHub/502/detection/install/yolobot_detection/lib/python3.8/site-packages:${PYTHONPATH} /usr/bin/python3 setup.py egg_info --egg-base ../../build/yolobot_detection build --build-base /home/amejiyo/GitHub/502/detection/build/yolobot_detection/build install --prefix /home/amejiyo/GitHub/502/detection/install/yolobot_detection --record /home/amejiyo/GitHub/502/detection/build/yolobot_detection/install.log --single-version-externally-managed
[1.315s] running egg_info
[1.316s] writing ../../build/yolobot_detection/yolobot_detection.egg-info/PKG-INFO
[1.318s] writing dependency_links to ../../build/yolobot_detection/yolobot_detection.egg-info/dependency_links.txt
[1.318s] writing entry points to ../../build/yolobot_detection/yolobot_detection.egg-info/entry_points.txt
[1.319s] writing requirements to ../../build/yolobot_detection/yolobot_detection.egg-info/requires.txt
[1.319s] writing top-level names to ../../build/yolobot_detection/yolobot_detection.egg-info/top_level.txt
[1.348s] reading manifest file '../../build/yolobot_detection/yolobot_detection.egg-info/SOURCES.txt'
[1.349s] writing manifest file '../../build/yolobot_detection/yolobot_detection.egg-info/SOURCES.txt'
[1.350s] running build
[1.350s] running build_py
[1.350s] running install
[1.351s] running install_lib
[1.353s] running install_data
[1.354s] running install_egg_info
[1.356s] removing '/home/amejiyo/GitHub/502/detection/install/yolobot_detection/lib/python3.8/site-packages/yolobot_detection-0.0.0-py3.8.egg-info' (and everything under it)
[1.357s] Copying ../../build/yolobot_detection/yolobot_detection.egg-info to /home/amejiyo/GitHub/502/detection/install/yolobot_detection/lib/python3.8/site-packages/yolobot_detection-0.0.0-py3.8.egg-info
[1.358s] running install_scripts
[1.375s] Installing detect_talker script to /home/amejiyo/GitHub/502/detection/install/yolobot_detection/lib/yolobot_detection
[1.376s] writing list of installed files to '/home/amejiyo/GitHub/502/detection/build/yolobot_detection/install.log'
[1.428s] Invoked command in '/home/amejiyo/GitHub/502/detection/src/yolobot_detection' returned '0': PYTHONPATH=/home/amejiyo/GitHub/502/detection/install/yolobot_detection/lib/python3.8/site-packages:${PYTHONPATH} /usr/bin/python3 setup.py egg_info --egg-base ../../build/yolobot_detection build --build-base /home/amejiyo/GitHub/502/detection/build/yolobot_detection/build install --prefix /home/amejiyo/GitHub/502/detection/install/yolobot_detection --record /home/amejiyo/GitHub/502/detection/build/yolobot_detection/install.log --single-version-externally-managed
