[0.121s] DEBUG:colcon:Command line arguments: ['/usr/bin/colcon', 'build']
[0.121s] DEBUG:colcon:Parsed command line arguments: Namespace(allow_overriding=[], ament_cmake_args=None, base_paths=['.'], build_base='build', catkin_cmake_args=None, catkin_skip_building_tests=False, cmake_args=None, cmake_clean_cache=False, cmake_clean_first=False, cmake_force_configure=False, cmake_target=None, cmake_target_skip_unavailable=False, continue_on_error=False, event_handlers=None, executor='parallel', ignore_user_meta=False, install_base='install', log_base=None, log_level=None, main=<bound method BuildVerb.main of <colcon_core.verb.build.BuildVerb object at 0x7fb52ab7d9a0>>, merge_install=False, metas=['./colcon.meta'], packages_above=None, packages_above_and_dependencies=None, packages_above_depth=None, packages_end=None, packages_ignore=None, packages_ignore_regex=None, packages_select=None, packages_select_build_failed=False, packages_select_by_dep=None, packages_select_regex=None, packages_select_test_failures=False, packages_skip=None, packages_skip_build_finished=False, packages_skip_by_dep=None, packages_skip_regex=None, packages_skip_test_passed=False, packages_skip_up_to=None, packages_start=None, packages_up_to=None, packages_up_to_regex=None, parallel_workers=16, paths=None, symlink_install=False, test_result_base=None, verb_extension=<colcon_core.verb.build.BuildVerb object at 0x7fb52ab7d9a0>, verb_name='build', verb_parser=<colcon_defaults.argument_parser.defaults.DefaultArgumentsDecorator object at 0x7fb52ab7df10>)
[0.143s] Level 1:colcon.colcon_core.package_discovery:discover_packages(colcon_meta) check parameters
[0.143s] Level 1:colcon.colcon_core.package_discovery:discover_packages(recursive) check parameters
[0.143s] Level 1:colcon.colcon_core.package_discovery:discover_packages(ignore) check parameters
[0.143s] Level 1:colcon.colcon_core.package_discovery:discover_packages(path) check parameters
[0.143s] Level 1:colcon.colcon_core.package_discovery:discover_packages(colcon_meta) discover
[0.144s] Level 1:colcon.colcon_core.package_discovery:discover_packages(recursive) discover
[0.144s] INFO:colcon.colcon_core.package_discovery:Crawling recursively for packages in '/home/amejiyo/GitHub/502/detection'
[0.144s] Level 1:colcon.colcon_core.package_identification:_identify(.) by extensions ['ignore', 'ignore_ament_install']
[0.144s] Level 1:colcon.colcon_core.package_identification:_identify(.) by extension 'ignore'
[0.144s] Level 1:colcon.colcon_core.package_identification:_identify(.) by extension 'ignore_ament_install'
[0.144s] Level 1:colcon.colcon_core.package_identification:_identify(.) by extensions ['colcon_pkg']
[0.145s] Level 1:colcon.colcon_core.package_identification:_identify(.) by extension 'colcon_pkg'
[0.145s] Level 1:colcon.colcon_core.package_identification:_identify(.) by extensions ['colcon_meta']
[0.145s] Level 1:colcon.colcon_core.package_identification:_identify(.) by extension 'colcon_meta'
[0.145s] Level 1:colcon.colcon_core.package_identification:_identify(.) by extensions ['ros']
[0.145s] Level 1:colcon.colcon_core.package_identification:_identify(.) by extension 'ros'
[0.218s] Level 1:colcon.colcon_core.package_identification:_identify(.) by extensions ['cmake', 'python']
[0.218s] Level 1:colcon.colcon_core.package_identification:_identify(.) by extension 'cmake'
[0.218s] Level 1:colcon.colcon_core.package_identification:_identify(.) by extension 'python'
[0.218s] Level 1:colcon.colcon_core.package_identification:_identify(.) by extensions ['python_setup_py']
[0.218s] Level 1:colcon.colcon_core.package_identification:_identify(.) by extension 'python_setup_py'
[0.219s] Level 1:colcon.colcon_core.package_identification:_identify(build) by extensions ['ignore', 'ignore_ament_install']
[0.219s] Level 1:colcon.colcon_core.package_identification:_identify(build) by extension 'ignore'
[0.219s] Level 1:colcon.colcon_core.package_identification:_identify(build) ignored
[0.219s] Level 1:colcon.colcon_core.package_identification:_identify(install) by extensions ['ignore', 'ignore_ament_install']
[0.220s] Level 1:colcon.colcon_core.package_identification:_identify(install) by extension 'ignore'
[0.220s] Level 1:colcon.colcon_core.package_identification:_identify(install) ignored
[0.220s] Level 1:colcon.colcon_core.package_identification:_identify(log) by extensions ['ignore', 'ignore_ament_install']
[0.220s] Level 1:colcon.colcon_core.package_identification:_identify(log) by extension 'ignore'
[0.220s] Level 1:colcon.colcon_core.package_identification:_identify(log) ignored
[0.221s] Level 1:colcon.colcon_core.package_identification:_identify(src) by extensions ['ignore', 'ignore_ament_install']
[0.221s] Level 1:colcon.colcon_core.package_identification:_identify(src) by extension 'ignore'
[0.221s] Level 1:colcon.colcon_core.package_identification:_identify(src) by extension 'ignore_ament_install'
[0.221s] Level 1:colcon.colcon_core.package_identification:_identify(src) by extensions ['colcon_pkg']
[0.221s] Level 1:colcon.colcon_core.package_identification:_identify(src) by extension 'colcon_pkg'
[0.221s] Level 1:colcon.colcon_core.package_identification:_identify(src) by extensions ['colcon_meta']
[0.221s] Level 1:colcon.colcon_core.package_identification:_identify(src) by extension 'colcon_meta'
[0.221s] Level 1:colcon.colcon_core.package_identification:_identify(src) by extensions ['ros']
[0.221s] Level 1:colcon.colcon_core.package_identification:_identify(src) by extension 'ros'
[0.222s] Level 1:colcon.colcon_core.package_identification:_identify(src) by extensions ['cmake', 'python']
[0.222s] Level 1:colcon.colcon_core.package_identification:_identify(src) by extension 'cmake'
[0.222s] Level 1:colcon.colcon_core.package_identification:_identify(src) by extension 'python'
[0.222s] Level 1:colcon.colcon_core.package_identification:_identify(src) by extensions ['python_setup_py']
[0.222s] Level 1:colcon.colcon_core.package_identification:_identify(src) by extension 'python_setup_py'
[0.222s] Level 1:colcon.colcon_core.package_identification:_identify(src/interfaces) by extensions ['ignore', 'ignore_ament_install']
[0.223s] Level 1:colcon.colcon_core.package_identification:_identify(src/interfaces) by extension 'ignore'
[0.223s] Level 1:colcon.colcon_core.package_identification:_identify(src/interfaces) by extension 'ignore_ament_install'
[0.223s] Level 1:colcon.colcon_core.package_identification:_identify(src/interfaces) by extensions ['colcon_pkg']
[0.223s] Level 1:colcon.colcon_core.package_identification:_identify(src/interfaces) by extension 'colcon_pkg'
[0.223s] Level 1:colcon.colcon_core.package_identification:_identify(src/interfaces) by extensions ['colcon_meta']
[0.223s] Level 1:colcon.colcon_core.package_identification:_identify(src/interfaces) by extension 'colcon_meta'
[0.223s] Level 1:colcon.colcon_core.package_identification:_identify(src/interfaces) by extensions ['ros']
[0.223s] Level 1:colcon.colcon_core.package_identification:_identify(src/interfaces) by extension 'ros'
[0.226s] DEBUG:colcon.colcon_core.package_identification:Package 'src/interfaces' with type 'ros.ament_cmake' and name 'interfaces'
[0.226s] Level 1:colcon.colcon_core.package_identification:_identify(src/realsense_gazebo_plugin) by extensions ['ignore', 'ignore_ament_install']
[0.227s] Level 1:colcon.colcon_core.package_identification:_identify(src/realsense_gazebo_plugin) by extension 'ignore'
[0.227s] Level 1:colcon.colcon_core.package_identification:_identify(src/realsense_gazebo_plugin) by extension 'ignore_ament_install'
[0.227s] Level 1:colcon.colcon_core.package_identification:_identify(src/realsense_gazebo_plugin) by extensions ['colcon_pkg']
[0.227s] Level 1:colcon.colcon_core.package_identification:_identify(src/realsense_gazebo_plugin) by extension 'colcon_pkg'
[0.227s] Level 1:colcon.colcon_core.package_identification:_identify(src/realsense_gazebo_plugin) by extensions ['colcon_meta']
[0.227s] Level 1:colcon.colcon_core.package_identification:_identify(src/realsense_gazebo_plugin) by extension 'colcon_meta'
[0.227s] Level 1:colcon.colcon_core.package_identification:_identify(src/realsense_gazebo_plugin) by extensions ['ros']
[0.227s] Level 1:colcon.colcon_core.package_identification:_identify(src/realsense_gazebo_plugin) by extension 'ros'
[0.229s] DEBUG:colcon.colcon_core.package_identification:Package 'src/realsense_gazebo_plugin' with type 'ros.catkin' and name 'realsense_gazebo_plugin'
[0.229s] Level 1:colcon.colcon_core.package_identification:_identify(src/yolobot_control) by extensions ['ignore', 'ignore_ament_install']
[0.229s] Level 1:colcon.colcon_core.package_identification:_identify(src/yolobot_control) by extension 'ignore'
[0.229s] Level 1:colcon.colcon_core.package_identification:_identify(src/yolobot_control) by extension 'ignore_ament_install'
[0.229s] Level 1:colcon.colcon_core.package_identification:_identify(src/yolobot_control) by extensions ['colcon_pkg']
[0.229s] Level 1:colcon.colcon_core.package_identification:_identify(src/yolobot_control) by extension 'colcon_pkg'
[0.229s] Level 1:colcon.colcon_core.package_identification:_identify(src/yolobot_control) by extensions ['colcon_meta']
[0.229s] Level 1:colcon.colcon_core.package_identification:_identify(src/yolobot_control) by extension 'colcon_meta'
[0.229s] Level 1:colcon.colcon_core.package_identification:_identify(src/yolobot_control) by extensions ['ros']
[0.230s] Level 1:colcon.colcon_core.package_identification:_identify(src/yolobot_control) by extension 'ros'
[0.230s] DEBUG:colcon.colcon_core.package_identification:Package 'src/yolobot_control' with type 'ros.ament_cmake' and name 'yolobot_control'
[0.231s] Level 1:colcon.colcon_core.package_identification:_identify(src/yolobot_description) by extensions ['ignore', 'ignore_ament_install']
[0.231s] Level 1:colcon.colcon_core.package_identification:_identify(src/yolobot_description) by extension 'ignore'
[0.231s] Level 1:colcon.colcon_core.package_identification:_identify(src/yolobot_description) by extension 'ignore_ament_install'
[0.231s] Level 1:colcon.colcon_core.package_identification:_identify(src/yolobot_description) by extensions ['colcon_pkg']
[0.231s] Level 1:colcon.colcon_core.package_identification:_identify(src/yolobot_description) by extension 'colcon_pkg'
[0.231s] Level 1:colcon.colcon_core.package_identification:_identify(src/yolobot_description) by extensions ['colcon_meta']
[0.231s] Level 1:colcon.colcon_core.package_identification:_identify(src/yolobot_description) by extension 'colcon_meta'
[0.231s] Level 1:colcon.colcon_core.package_identification:_identify(src/yolobot_description) by extensions ['ros']
[0.232s] Level 1:colcon.colcon_core.package_identification:_identify(src/yolobot_description) by extension 'ros'
[0.232s] DEBUG:colcon.colcon_core.package_identification:Package 'src/yolobot_description' with type 'ros.ament_cmake' and name 'yolobot_description'
[0.233s] Level 1:colcon.colcon_core.package_identification:_identify(src/yolobot_detection) by extensions ['ignore', 'ignore_ament_install']
[0.233s] Level 1:colcon.colcon_core.package_identification:_identify(src/yolobot_detection) by extension 'ignore'
[0.233s] Level 1:colcon.colcon_core.package_identification:_identify(src/yolobot_detection) by extension 'ignore_ament_install'
[0.233s] Level 1:colcon.colcon_core.package_identification:_identify(src/yolobot_detection) by extensions ['colcon_pkg']
[0.233s] Level 1:colcon.colcon_core.package_identification:_identify(src/yolobot_detection) by extension 'colcon_pkg'
[0.233s] Level 1:colcon.colcon_core.package_identification:_identify(src/yolobot_detection) by extensions ['colcon_meta']
[0.233s] Level 1:colcon.colcon_core.package_identification:_identify(src/yolobot_detection) by extension 'colcon_meta'
[0.233s] Level 1:colcon.colcon_core.package_identification:_identify(src/yolobot_detection) by extensions ['ros']
[0.233s] Level 1:colcon.colcon_core.package_identification:_identify(src/yolobot_detection) by extension 'ros'
[0.234s] DEBUG:colcon.colcon_core.package_identification:Package 'src/yolobot_detection' with type 'ros.ament_python' and name 'yolobot_detection'
[0.235s] Level 1:colcon.colcon_core.package_identification:_identify(src/yolobot_gazebo) by extensions ['ignore', 'ignore_ament_install']
[0.235s] Level 1:colcon.colcon_core.package_identification:_identify(src/yolobot_gazebo) by extension 'ignore'
[0.235s] Level 1:colcon.colcon_core.package_identification:_identify(src/yolobot_gazebo) by extension 'ignore_ament_install'
[0.235s] Level 1:colcon.colcon_core.package_identification:_identify(src/yolobot_gazebo) by extensions ['colcon_pkg']
[0.235s] Level 1:colcon.colcon_core.package_identification:_identify(src/yolobot_gazebo) by extension 'colcon_pkg'
[0.235s] Level 1:colcon.colcon_core.package_identification:_identify(src/yolobot_gazebo) by extensions ['colcon_meta']
[0.235s] Level 1:colcon.colcon_core.package_identification:_identify(src/yolobot_gazebo) by extension 'colcon_meta'
[0.235s] Level 1:colcon.colcon_core.package_identification:_identify(src/yolobot_gazebo) by extensions ['ros']
[0.235s] Level 1:colcon.colcon_core.package_identification:_identify(src/yolobot_gazebo) by extension 'ros'
[0.236s] DEBUG:colcon.colcon_core.package_identification:Package 'src/yolobot_gazebo' with type 'ros.ament_cmake' and name 'yolobot_gazebo'
[0.237s] Level 1:colcon.colcon_core.package_identification:_identify(src/yolobot_recognition) by extensions ['ignore', 'ignore_ament_install']
[0.237s] Level 1:colcon.colcon_core.package_identification:_identify(src/yolobot_recognition) by extension 'ignore'
[0.237s] Level 1:colcon.colcon_core.package_identification:_identify(src/yolobot_recognition) by extension 'ignore_ament_install'
[0.237s] Level 1:colcon.colcon_core.package_identification:_identify(src/yolobot_recognition) by extensions ['colcon_pkg']
[0.237s] Level 1:colcon.colcon_core.package_identification:_identify(src/yolobot_recognition) by extension 'colcon_pkg'
[0.237s] Level 1:colcon.colcon_core.package_identification:_identify(src/yolobot_recognition) by extensions ['colcon_meta']
[0.237s] Level 1:colcon.colcon_core.package_identification:_identify(src/yolobot_recognition) by extension 'colcon_meta'
[0.237s] Level 1:colcon.colcon_core.package_identification:_identify(src/yolobot_recognition) by extensions ['ros']
[0.237s] Level 1:colcon.colcon_core.package_identification:_identify(src/yolobot_recognition) by extension 'ros'
[0.238s] DEBUG:colcon.colcon_core.package_identification:Package 'src/yolobot_recognition' with type 'ros.ament_cmake' and name 'yolobot_recognition'
[0.238s] Level 1:colcon.colcon_core.package_discovery:discover_packages(recursive) using defaults
[0.238s] Level 1:colcon.colcon_core.package_discovery:discover_packages(ignore) discover
[0.239s] Level 1:colcon.colcon_core.package_discovery:discover_packages(ignore) using defaults
[0.239s] Level 1:colcon.colcon_core.package_discovery:discover_packages(path) discover
[0.239s] Level 1:colcon.colcon_core.package_discovery:discover_packages(path) using defaults
[0.256s] Level 1:colcon.colcon_core.package_discovery:discover_packages(prefix_path) check parameters
[0.256s] Level 1:colcon.colcon_core.package_discovery:discover_packages(prefix_path) discover
[0.261s] DEBUG:colcon.colcon_installed_package_information.package_discovery:Found 7 installed packages in /home/amejiyo/GitHub/502/detection/install
[0.263s] DEBUG:colcon.colcon_installed_package_information.package_discovery:Found 270 installed packages in /opt/ros/foxy
[0.264s] Level 1:colcon.colcon_core.package_discovery:discover_packages(prefix_path) using defaults
[0.323s] Level 5:colcon.colcon_core.verb:set package 'interfaces' build argument 'cmake_args' from command line to 'None'
[0.323s] Level 5:colcon.colcon_core.verb:set package 'interfaces' build argument 'cmake_target' from command line to 'None'
[0.323s] Level 5:colcon.colcon_core.verb:set package 'interfaces' build argument 'cmake_target_skip_unavailable' from command line to 'False'
[0.323s] Level 5:colcon.colcon_core.verb:set package 'interfaces' build argument 'cmake_clean_cache' from command line to 'False'
[0.323s] Level 5:colcon.colcon_core.verb:set package 'interfaces' build argument 'cmake_clean_first' from command line to 'False'
[0.323s] Level 5:colcon.colcon_core.verb:set package 'interfaces' build argument 'cmake_force_configure' from command line to 'False'
[0.324s] Level 5:colcon.colcon_core.verb:set package 'interfaces' build argument 'ament_cmake_args' from command line to 'None'
[0.324s] Level 5:colcon.colcon_core.verb:set package 'interfaces' build argument 'catkin_cmake_args' from command line to 'None'
[0.324s] Level 5:colcon.colcon_core.verb:set package 'interfaces' build argument 'catkin_skip_building_tests' from command line to 'False'
[0.324s] DEBUG:colcon.colcon_core.verb:Building package 'interfaces' with the following arguments: {'ament_cmake_args': None, 'build_base': '/home/amejiyo/GitHub/502/detection/build/interfaces', 'catkin_cmake_args': None, 'catkin_skip_building_tests': False, 'cmake_args': None, 'cmake_clean_cache': False, 'cmake_clean_first': False, 'cmake_force_configure': False, 'cmake_target': None, 'cmake_target_skip_unavailable': False, 'install_base': '/home/amejiyo/GitHub/502/detection/install/interfaces', 'merge_install': False, 'path': '/home/amejiyo/GitHub/502/detection/src/interfaces', 'symlink_install': False, 'test_result_base': None}
[0.325s] Level 5:colcon.colcon_core.verb:set package 'realsense_gazebo_plugin' build argument 'cmake_args' from command line to 'None'
[0.325s] Level 5:colcon.colcon_core.verb:set package 'realsense_gazebo_plugin' build argument 'cmake_target' from command line to 'None'
[0.325s] Level 5:colcon.colcon_core.verb:set package 'realsense_gazebo_plugin' build argument 'cmake_target_skip_unavailable' from command line to 'False'
[0.325s] Level 5:colcon.colcon_core.verb:set package 'realsense_gazebo_plugin' build argument 'cmake_clean_cache' from command line to 'False'
[0.325s] Level 5:colcon.colcon_core.verb:set package 'realsense_gazebo_plugin' build argument 'cmake_clean_first' from command line to 'False'
[0.325s] Level 5:colcon.colcon_core.verb:set package 'realsense_gazebo_plugin' build argument 'cmake_force_configure' from command line to 'False'
[0.325s] Level 5:colcon.colcon_core.verb:set package 'realsense_gazebo_plugin' build argument 'ament_cmake_args' from command line to 'None'
[0.325s] Level 5:colcon.colcon_core.verb:set package 'realsense_gazebo_plugin' build argument 'catkin_cmake_args' from command line to 'None'
[0.325s] Level 5:colcon.colcon_core.verb:set package 'realsense_gazebo_plugin' build argument 'catkin_skip_building_tests' from command line to 'False'
[0.325s] DEBUG:colcon.colcon_core.verb:Building package 'realsense_gazebo_plugin' with the following arguments: {'ament_cmake_args': None, 'build_base': '/home/amejiyo/GitHub/502/detection/build/realsense_gazebo_plugin', 'catkin_cmake_args': None, 'catkin_skip_building_tests': False, 'cmake_args': None, 'cmake_clean_cache': False, 'cmake_clean_first': False, 'cmake_force_configure': False, 'cmake_target': None, 'cmake_target_skip_unavailable': False, 'install_base': '/home/amejiyo/GitHub/502/detection/install/realsense_gazebo_plugin', 'merge_install': False, 'path': '/home/amejiyo/GitHub/502/detection/src/realsense_gazebo_plugin', 'symlink_install': False, 'test_result_base': None}
[0.326s] Level 5:colcon.colcon_core.verb:set package 'yolobot_control' build argument 'cmake_args' from command line to 'None'
[0.327s] Level 5:colcon.colcon_core.verb:set package 'yolobot_control' build argument 'cmake_target' from command line to 'None'
[0.327s] Level 5:colcon.colcon_core.verb:set package 'yolobot_control' build argument 'cmake_target_skip_unavailable' from command line to 'False'
[0.327s] Level 5:colcon.colcon_core.verb:set package 'yolobot_control' build argument 'cmake_clean_cache' from command line to 'False'
[0.327s] Level 5:colcon.colcon_core.verb:set package 'yolobot_control' build argument 'cmake_clean_first' from command line to 'False'
[0.327s] Level 5:colcon.colcon_core.verb:set package 'yolobot_control' build argument 'cmake_force_configure' from command line to 'False'
[0.327s] Level 5:colcon.colcon_core.verb:set package 'yolobot_control' build argument 'ament_cmake_args' from command line to 'None'
[0.327s] Level 5:colcon.colcon_core.verb:set package 'yolobot_control' build argument 'catkin_cmake_args' from command line to 'None'
[0.327s] Level 5:colcon.colcon_core.verb:set package 'yolobot_control' build argument 'catkin_skip_building_tests' from command line to 'False'
[0.327s] DEBUG:colcon.colcon_core.verb:Building package 'yolobot_control' with the following arguments: {'ament_cmake_args': None, 'build_base': '/home/amejiyo/GitHub/502/detection/build/yolobot_control', 'catkin_cmake_args': None, 'catkin_skip_building_tests': False, 'cmake_args': None, 'cmake_clean_cache': False, 'cmake_clean_first': False, 'cmake_force_configure': False, 'cmake_target': None, 'cmake_target_skip_unavailable': False, 'install_base': '/home/amejiyo/GitHub/502/detection/install/yolobot_control', 'merge_install': False, 'path': '/home/amejiyo/GitHub/502/detection/src/yolobot_control', 'symlink_install': False, 'test_result_base': None}
[0.328s] Level 5:colcon.colcon_core.verb:set package 'yolobot_description' build argument 'cmake_args' from command line to 'None'
[0.328s] Level 5:colcon.colcon_core.verb:set package 'yolobot_description' build argument 'cmake_target' from command line to 'None'
[0.328s] Level 5:colcon.colcon_core.verb:set package 'yolobot_description' build argument 'cmake_target_skip_unavailable' from command line to 'False'
[0.328s] Level 5:colcon.colcon_core.verb:set package 'yolobot_description' build argument 'cmake_clean_cache' from command line to 'False'
[0.328s] Level 5:colcon.colcon_core.verb:set package 'yolobot_description' build argument 'cmake_clean_first' from command line to 'False'
[0.328s] Level 5:colcon.colcon_core.verb:set package 'yolobot_description' build argument 'cmake_force_configure' from command line to 'False'
[0.328s] Level 5:colcon.colcon_core.verb:set package 'yolobot_description' build argument 'ament_cmake_args' from command line to 'None'
[0.328s] Level 5:colcon.colcon_core.verb:set package 'yolobot_description' build argument 'catkin_cmake_args' from command line to 'None'
[0.328s] Level 5:colcon.colcon_core.verb:set package 'yolobot_description' build argument 'catkin_skip_building_tests' from command line to 'False'
[0.328s] DEBUG:colcon.colcon_core.verb:Building package 'yolobot_description' with the following arguments: {'ament_cmake_args': None, 'build_base': '/home/amejiyo/GitHub/502/detection/build/yolobot_description', 'catkin_cmake_args': None, 'catkin_skip_building_tests': False, 'cmake_args': None, 'cmake_clean_cache': False, 'cmake_clean_first': False, 'cmake_force_configure': False, 'cmake_target': None, 'cmake_target_skip_unavailable': False, 'install_base': '/home/amejiyo/GitHub/502/detection/install/yolobot_description', 'merge_install': False, 'path': '/home/amejiyo/GitHub/502/detection/src/yolobot_description', 'symlink_install': False, 'test_result_base': None}
[0.330s] Level 5:colcon.colcon_core.verb:set package 'yolobot_detection' build argument 'cmake_args' from command line to 'None'
[0.330s] Level 5:colcon.colcon_core.verb:set package 'yolobot_detection' build argument 'cmake_target' from command line to 'None'
[0.330s] Level 5:colcon.colcon_core.verb:set package 'yolobot_detection' build argument 'cmake_target_skip_unavailable' from command line to 'False'
[0.330s] Level 5:colcon.colcon_core.verb:set package 'yolobot_detection' build argument 'cmake_clean_cache' from command line to 'False'
[0.330s] Level 5:colcon.colcon_core.verb:set package 'yolobot_detection' build argument 'cmake_clean_first' from command line to 'False'
[0.330s] Level 5:colcon.colcon_core.verb:set package 'yolobot_detection' build argument 'cmake_force_configure' from command line to 'False'
[0.330s] Level 5:colcon.colcon_core.verb:set package 'yolobot_detection' build argument 'ament_cmake_args' from command line to 'None'
[0.330s] Level 5:colcon.colcon_core.verb:set package 'yolobot_detection' build argument 'catkin_cmake_args' from command line to 'None'
[0.330s] Level 5:colcon.colcon_core.verb:set package 'yolobot_detection' build argument 'catkin_skip_building_tests' from command line to 'False'
[0.330s] DEBUG:colcon.colcon_core.verb:Building package 'yolobot_detection' with the following arguments: {'ament_cmake_args': None, 'build_base': '/home/amejiyo/GitHub/502/detection/build/yolobot_detection', 'catkin_cmake_args': None, 'catkin_skip_building_tests': False, 'cmake_args': None, 'cmake_clean_cache': False, 'cmake_clean_first': False, 'cmake_force_configure': False, 'cmake_target': None, 'cmake_target_skip_unavailable': False, 'install_base': '/home/amejiyo/GitHub/502/detection/install/yolobot_detection', 'merge_install': False, 'path': '/home/amejiyo/GitHub/502/detection/src/yolobot_detection', 'symlink_install': False, 'test_result_base': None}
[0.331s] Level 5:colcon.colcon_core.verb:set package 'yolobot_gazebo' build argument 'cmake_args' from command line to 'None'
[0.331s] Level 5:colcon.colcon_core.verb:set package 'yolobot_gazebo' build argument 'cmake_target' from command line to 'None'
[0.331s] Level 5:colcon.colcon_core.verb:set package 'yolobot_gazebo' build argument 'cmake_target_skip_unavailable' from command line to 'False'
[0.331s] Level 5:colcon.colcon_core.verb:set package 'yolobot_gazebo' build argument 'cmake_clean_cache' from command line to 'False'
[0.331s] Level 5:colcon.colcon_core.verb:set package 'yolobot_gazebo' build argument 'cmake_clean_first' from command line to 'False'
[0.331s] Level 5:colcon.colcon_core.verb:set package 'yolobot_gazebo' build argument 'cmake_force_configure' from command line to 'False'
[0.331s] Level 5:colcon.colcon_core.verb:set package 'yolobot_gazebo' build argument 'ament_cmake_args' from command line to 'None'
[0.331s] Level 5:colcon.colcon_core.verb:set package 'yolobot_gazebo' build argument 'catkin_cmake_args' from command line to 'None'
[0.331s] Level 5:colcon.colcon_core.verb:set package 'yolobot_gazebo' build argument 'catkin_skip_building_tests' from command line to 'False'
[0.331s] DEBUG:colcon.colcon_core.verb:Building package 'yolobot_gazebo' with the following arguments: {'ament_cmake_args': None, 'build_base': '/home/amejiyo/GitHub/502/detection/build/yolobot_gazebo', 'catkin_cmake_args': None, 'catkin_skip_building_tests': False, 'cmake_args': None, 'cmake_clean_cache': False, 'cmake_clean_first': False, 'cmake_force_configure': False, 'cmake_target': None, 'cmake_target_skip_unavailable': False, 'install_base': '/home/amejiyo/GitHub/502/detection/install/yolobot_gazebo', 'merge_install': False, 'path': '/home/amejiyo/GitHub/502/detection/src/yolobot_gazebo', 'symlink_install': False, 'test_result_base': None}
[0.332s] Level 5:colcon.colcon_core.verb:set package 'yolobot_recognition' build argument 'cmake_args' from command line to 'None'
[0.333s] Level 5:colcon.colcon_core.verb:set package 'yolobot_recognition' build argument 'cmake_target' from command line to 'None'
[0.333s] Level 5:colcon.colcon_core.verb:set package 'yolobot_recognition' build argument 'cmake_target_skip_unavailable' from command line to 'False'
[0.333s] Level 5:colcon.colcon_core.verb:set package 'yolobot_recognition' build argument 'cmake_clean_cache' from command line to 'False'
[0.333s] Level 5:colcon.colcon_core.verb:set package 'yolobot_recognition' build argument 'cmake_clean_first' from command line to 'False'
[0.333s] Level 5:colcon.colcon_core.verb:set package 'yolobot_recognition' build argument 'cmake_force_configure' from command line to 'False'
[0.333s] Level 5:colcon.colcon_core.verb:set package 'yolobot_recognition' build argument 'ament_cmake_args' from command line to 'None'
[0.333s] Level 5:colcon.colcon_core.verb:set package 'yolobot_recognition' build argument 'catkin_cmake_args' from command line to 'None'
[0.333s] Level 5:colcon.colcon_core.verb:set package 'yolobot_recognition' build argument 'catkin_skip_building_tests' from command line to 'False'
[0.333s] DEBUG:colcon.colcon_core.verb:Building package 'yolobot_recognition' with the following arguments: {'ament_cmake_args': None, 'build_base': '/home/amejiyo/GitHub/502/detection/build/yolobot_recognition', 'catkin_cmake_args': None, 'catkin_skip_building_tests': False, 'cmake_args': None, 'cmake_clean_cache': False, 'cmake_clean_first': False, 'cmake_force_configure': False, 'cmake_target': None, 'cmake_target_skip_unavailable': False, 'install_base': '/home/amejiyo/GitHub/502/detection/install/yolobot_recognition', 'merge_install': False, 'path': '/home/amejiyo/GitHub/502/detection/src/yolobot_recognition', 'symlink_install': False, 'test_result_base': None}
[0.334s] INFO:colcon.colcon_core.executor:Executing jobs using 'parallel' executor
[0.337s] DEBUG:colcon.colcon_parallel_executor.executor.parallel:run_until_complete
[0.339s] INFO:colcon.colcon_ros.task.ament_cmake.build:Building ROS package in '/home/amejiyo/GitHub/502/detection/src/interfaces' with build type 'ament_cmake'
[0.339s] INFO:colcon.colcon_cmake.task.cmake.build:Building CMake package in '/home/amejiyo/GitHub/502/detection/src/interfaces'
[0.343s] INFO:colcon.colcon_core.plugin_system:Skipping extension 'colcon_core.shell.bat': Not used on non-Windows systems
[0.344s] INFO:colcon.colcon_core.shell:Skip shell extension 'powershell' for command environment: Not usable outside of PowerShell
[0.344s] DEBUG:colcon.colcon_core.shell:Skip shell extension 'dsv' for command environment
[0.352s] INFO:colcon.colcon_ros.task.catkin.build:Building ROS package in '/home/amejiyo/GitHub/502/detection/src/realsense_gazebo_plugin' with build type 'catkin'
[0.353s] INFO:colcon.colcon_cmake.task.cmake.build:Building CMake package in '/home/amejiyo/GitHub/502/detection/src/realsense_gazebo_plugin'
[0.354s] INFO:colcon.colcon_core.shell:Skip shell extension 'powershell' for command environment: Not usable outside of PowerShell
[0.354s] DEBUG:colcon.colcon_core.shell:Skip shell extension 'dsv' for command environment
[0.363s] INFO:colcon.colcon_ros.task.ament_cmake.build:Building ROS package in '/home/amejiyo/GitHub/502/detection/src/yolobot_control' with build type 'ament_cmake'
[0.364s] INFO:colcon.colcon_cmake.task.cmake.build:Building CMake package in '/home/amejiyo/GitHub/502/detection/src/yolobot_control'
[0.365s] INFO:colcon.colcon_core.shell:Skip shell extension 'powershell' for command environment: Not usable outside of PowerShell
[0.365s] DEBUG:colcon.colcon_core.shell:Skip shell extension 'dsv' for command environment
[0.375s] INFO:colcon.colcon_ros.task.ament_cmake.build:Building ROS package in '/home/amejiyo/GitHub/502/detection/src/yolobot_description' with build type 'ament_cmake'
[0.376s] INFO:colcon.colcon_cmake.task.cmake.build:Building CMake package in '/home/amejiyo/GitHub/502/detection/src/yolobot_description'
[0.378s] INFO:colcon.colcon_core.shell:Skip shell extension 'powershell' for command environment: Not usable outside of PowerShell
[0.379s] DEBUG:colcon.colcon_core.shell:Skip shell extension 'dsv' for command environment
[0.386s] INFO:colcon.colcon_ros.task.ament_python.build:Building ROS package in '/home/amejiyo/GitHub/502/detection/src/yolobot_detection' with build type 'ament_python'
[0.387s] Level 1:colcon.colcon_core.shell:create_environment_hook('yolobot_detection', 'ament_prefix_path')
[0.388s] INFO:colcon.colcon_core.shell:Creating environment hook '/home/amejiyo/GitHub/502/detection/install/yolobot_detection/share/yolobot_detection/hook/ament_prefix_path.ps1'
[0.389s] INFO:colcon.colcon_core.shell:Creating environment descriptor '/home/amejiyo/GitHub/502/detection/install/yolobot_detection/share/yolobot_detection/hook/ament_prefix_path.dsv'
[0.389s] INFO:colcon.colcon_core.shell:Creating environment hook '/home/amejiyo/GitHub/502/detection/install/yolobot_detection/share/yolobot_detection/hook/ament_prefix_path.sh'
[0.391s] INFO:colcon.colcon_core.shell:Skip shell extension 'powershell' for command environment: Not usable outside of PowerShell
[0.391s] DEBUG:colcon.colcon_core.shell:Skip shell extension 'dsv' for command environment
[0.398s] INFO:colcon.colcon_ros.task.ament_cmake.build:Building ROS package in '/home/amejiyo/GitHub/502/detection/src/yolobot_gazebo' with build type 'ament_cmake'
[0.398s] INFO:colcon.colcon_cmake.task.cmake.build:Building CMake package in '/home/amejiyo/GitHub/502/detection/src/yolobot_gazebo'
[0.400s] INFO:colcon.colcon_core.shell:Skip shell extension 'powershell' for command environment: Not usable outside of PowerShell
[0.401s] DEBUG:colcon.colcon_core.shell:Skip shell extension 'dsv' for command environment
[0.410s] INFO:colcon.colcon_ros.task.ament_cmake.build:Building ROS package in '/home/amejiyo/GitHub/502/detection/src/yolobot_recognition' with build type 'ament_cmake'
[0.411s] INFO:colcon.colcon_cmake.task.cmake.build:Building CMake package in '/home/amejiyo/GitHub/502/detection/src/yolobot_recognition'
[0.412s] INFO:colcon.colcon_core.shell:Skip shell extension 'powershell' for command environment: Not usable outside of PowerShell
[0.412s] DEBUG:colcon.colcon_core.shell:Skip shell extension 'dsv' for command environment
[0.433s] DEBUG:colcon.colcon_core.event_handler.log_command:Invoking command in '/home/amejiyo/GitHub/502/detection/build/interfaces': CMAKE_PREFIX_PATH=/home/amejiyo/GitHub/502/detection/install/yolobot_recognition:/home/amejiyo/GitHub/502/detection/install/yolobot_gazebo:/home/amejiyo/GitHub/502/detection/install/yolobot_description:/home/amejiyo/GitHub/502/detection/install/yolobot_control:/home/amejiyo/GitHub/502/detection/install/yolobot_detection:/opt/ros/foxy:/home/amejiyo/GitHub/502/detection/install/realsense_gazebo_plugin:/home/amejiyo/GitHub/502/detection/install/interfaces /usr/bin/cmake --build /home/amejiyo/GitHub/502/detection/build/interfaces -- -j16 -l16
[0.448s] DEBUG:colcon.colcon_core.event_handler.log_command:Invoking command in '/home/amejiyo/GitHub/502/detection/build/realsense_gazebo_plugin': /usr/bin/cmake --build /home/amejiyo/GitHub/502/detection/build/realsense_gazebo_plugin -- -j16 -l16
[0.456s] DEBUG:colcon.colcon_core.event_handler.log_command:Invoking command in '/home/amejiyo/GitHub/502/detection/build/yolobot_control': CMAKE_PREFIX_PATH=/home/amejiyo/GitHub/502/detection/install/yolobot_recognition:/home/amejiyo/GitHub/502/detection/install/yolobot_gazebo:/home/amejiyo/GitHub/502/detection/install/yolobot_description:/home/amejiyo/GitHub/502/detection/install/yolobot_control:/home/amejiyo/GitHub/502/detection/install/yolobot_detection:/opt/ros/foxy:/home/amejiyo/GitHub/502/detection/install/realsense_gazebo_plugin:/home/amejiyo/GitHub/502/detection/install/interfaces /usr/bin/cmake --build /home/amejiyo/GitHub/502/detection/build/yolobot_control -- -j16 -l16
[0.465s] DEBUG:colcon.colcon_core.event_handler.log_command:Invoking command in '/home/amejiyo/GitHub/502/detection/build/yolobot_description': CMAKE_PREFIX_PATH=/home/amejiyo/GitHub/502/detection/install/yolobot_recognition:/home/amejiyo/GitHub/502/detection/install/yolobot_gazebo:/home/amejiyo/GitHub/502/detection/install/yolobot_description:/home/amejiyo/GitHub/502/detection/install/yolobot_control:/home/amejiyo/GitHub/502/detection/install/yolobot_detection:/opt/ros/foxy:/home/amejiyo/GitHub/502/detection/install/realsense_gazebo_plugin:/home/amejiyo/GitHub/502/detection/install/interfaces /usr/bin/cmake --build /home/amejiyo/GitHub/502/detection/build/yolobot_description -- -j16 -l16
[0.773s] INFO:colcon.colcon_core.task.python.build:Building Python package in '/home/amejiyo/GitHub/502/detection/src/yolobot_detection'
[0.775s] INFO:colcon.colcon_core.shell:Skip shell extension 'powershell' for command environment: Not usable outside of PowerShell
[0.775s] DEBUG:colcon.colcon_core.shell:Skip shell extension 'dsv' for command environment
[0.796s] DEBUG:colcon.colcon_core.event_handler.log_command:Invoking command in '/home/amejiyo/GitHub/502/detection/build/yolobot_gazebo': CMAKE_PREFIX_PATH=/home/amejiyo/GitHub/502/detection/install/yolobot_recognition:/home/amejiyo/GitHub/502/detection/install/yolobot_gazebo:/home/amejiyo/GitHub/502/detection/install/yolobot_description:/home/amejiyo/GitHub/502/detection/install/yolobot_control:/home/amejiyo/GitHub/502/detection/install/yolobot_detection:/opt/ros/foxy:/home/amejiyo/GitHub/502/detection/install/realsense_gazebo_plugin:/home/amejiyo/GitHub/502/detection/install/interfaces /usr/bin/cmake --build /home/amejiyo/GitHub/502/detection/build/yolobot_gazebo -- -j16 -l16
[0.817s] DEBUG:colcon.colcon_core.event_handler.log_command:Invoking command in '/home/amejiyo/GitHub/502/detection/build/yolobot_recognition': CMAKE_PREFIX_PATH=/home/amejiyo/GitHub/502/detection/install/yolobot_recognition:/home/amejiyo/GitHub/502/detection/install/yolobot_gazebo:/home/amejiyo/GitHub/502/detection/install/yolobot_description:/home/amejiyo/GitHub/502/detection/install/yolobot_control:/home/amejiyo/GitHub/502/detection/install/yolobot_detection:/opt/ros/foxy:/home/amejiyo/GitHub/502/detection/install/realsense_gazebo_plugin:/home/amejiyo/GitHub/502/detection/install/interfaces /usr/bin/cmake --build /home/amejiyo/GitHub/502/detection/build/yolobot_recognition -- -j16 -l16
[0.819s] DEBUG:colcon.colcon_core.event_handler.log_command:Invoked command in '/home/amejiyo/GitHub/502/detection/build/interfaces' returned '0': CMAKE_PREFIX_PATH=/home/amejiyo/GitHub/502/detection/install/yolobot_recognition:/home/amejiyo/GitHub/502/detection/install/yolobot_gazebo:/home/amejiyo/GitHub/502/detection/install/yolobot_description:/home/amejiyo/GitHub/502/detection/install/yolobot_control:/home/amejiyo/GitHub/502/detection/install/yolobot_detection:/opt/ros/foxy:/home/amejiyo/GitHub/502/detection/install/realsense_gazebo_plugin:/home/amejiyo/GitHub/502/detection/install/interfaces /usr/bin/cmake --build /home/amejiyo/GitHub/502/detection/build/interfaces -- -j16 -l16
[0.826s] DEBUG:colcon.colcon_core.event_handler.log_command:Invoked command in '/home/amejiyo/GitHub/502/detection/build/realsense_gazebo_plugin' returned '0': /usr/bin/cmake --build /home/amejiyo/GitHub/502/detection/build/realsense_gazebo_plugin -- -j16 -l16
[0.832s] DEBUG:colcon.colcon_core.event_handler.log_command:Invoked command in '/home/amejiyo/GitHub/502/detection/build/yolobot_control' returned '0': CMAKE_PREFIX_PATH=/home/amejiyo/GitHub/502/detection/install/yolobot_recognition:/home/amejiyo/GitHub/502/detection/install/yolobot_gazebo:/home/amejiyo/GitHub/502/detection/install/yolobot_description:/home/amejiyo/GitHub/502/detection/install/yolobot_control:/home/amejiyo/GitHub/502/detection/install/yolobot_detection:/opt/ros/foxy:/home/amejiyo/GitHub/502/detection/install/realsense_gazebo_plugin:/home/amejiyo/GitHub/502/detection/install/interfaces /usr/bin/cmake --build /home/amejiyo/GitHub/502/detection/build/yolobot_control -- -j16 -l16
[0.838s] DEBUG:colcon.colcon_core.event_handler.log_command:Invoked command in '/home/amejiyo/GitHub/502/detection/build/yolobot_description' returned '0': CMAKE_PREFIX_PATH=/home/amejiyo/GitHub/502/detection/install/yolobot_recognition:/home/amejiyo/GitHub/502/detection/install/yolobot_gazebo:/home/amejiyo/GitHub/502/detection/install/yolobot_description:/home/amejiyo/GitHub/502/detection/install/yolobot_control:/home/amejiyo/GitHub/502/detection/install/yolobot_detection:/opt/ros/foxy:/home/amejiyo/GitHub/502/detection/install/realsense_gazebo_plugin:/home/amejiyo/GitHub/502/detection/install/interfaces /usr/bin/cmake --build /home/amejiyo/GitHub/502/detection/build/yolobot_description -- -j16 -l16
[0.864s] DEBUG:colcon.colcon_core.event_handler.log_command:Invoked command in '/home/amejiyo/GitHub/502/detection/build/yolobot_gazebo' returned '0': CMAKE_PREFIX_PATH=/home/amejiyo/GitHub/502/detection/install/yolobot_recognition:/home/amejiyo/GitHub/502/detection/install/yolobot_gazebo:/home/amejiyo/GitHub/502/detection/install/yolobot_description:/home/amejiyo/GitHub/502/detection/install/yolobot_control:/home/amejiyo/GitHub/502/detection/install/yolobot_detection:/opt/ros/foxy:/home/amejiyo/GitHub/502/detection/install/realsense_gazebo_plugin:/home/amejiyo/GitHub/502/detection/install/interfaces /usr/bin/cmake --build /home/amejiyo/GitHub/502/detection/build/yolobot_gazebo -- -j16 -l16
[0.899s] DEBUG:colcon.colcon_core.event_handler.log_command:Invoking command in '/home/amejiyo/GitHub/502/detection/build/yolobot_control': CMAKE_PREFIX_PATH=/home/amejiyo/GitHub/502/detection/install/yolobot_recognition:/home/amejiyo/GitHub/502/detection/install/yolobot_gazebo:/home/amejiyo/GitHub/502/detection/install/yolobot_description:/home/amejiyo/GitHub/502/detection/install/yolobot_control:/home/amejiyo/GitHub/502/detection/install/yolobot_detection:/opt/ros/foxy:/home/amejiyo/GitHub/502/detection/install/realsense_gazebo_plugin:/home/amejiyo/GitHub/502/detection/install/interfaces /usr/bin/cmake --install /home/amejiyo/GitHub/502/detection/build/yolobot_control
[0.904s] DEBUG:colcon.colcon_core.event_handler.log_command:Invoking command in '/home/amejiyo/GitHub/502/detection/build/yolobot_description': CMAKE_PREFIX_PATH=/home/amejiyo/GitHub/502/detection/install/yolobot_recognition:/home/amejiyo/GitHub/502/detection/install/yolobot_gazebo:/home/amejiyo/GitHub/502/detection/install/yolobot_description:/home/amejiyo/GitHub/502/detection/install/yolobot_control:/home/amejiyo/GitHub/502/detection/install/yolobot_detection:/opt/ros/foxy:/home/amejiyo/GitHub/502/detection/install/realsense_gazebo_plugin:/home/amejiyo/GitHub/502/detection/install/interfaces /usr/bin/cmake --install /home/amejiyo/GitHub/502/detection/build/yolobot_description
[0.910s] DEBUG:colcon.colcon_core.event_handler.log_command:Invoked command in '/home/amejiyo/GitHub/502/detection/build/yolobot_recognition' returned '0': CMAKE_PREFIX_PATH=/home/amejiyo/GitHub/502/detection/install/yolobot_recognition:/home/amejiyo/GitHub/502/detection/install/yolobot_gazebo:/home/amejiyo/GitHub/502/detection/install/yolobot_description:/home/amejiyo/GitHub/502/detection/install/yolobot_control:/home/amejiyo/GitHub/502/detection/install/yolobot_detection:/opt/ros/foxy:/home/amejiyo/GitHub/502/detection/install/realsense_gazebo_plugin:/home/amejiyo/GitHub/502/detection/install/interfaces /usr/bin/cmake --build /home/amejiyo/GitHub/502/detection/build/yolobot_recognition -- -j16 -l16
[0.925s] DEBUG:colcon.colcon_core.event_handler.log_command:Invoking command in '/home/amejiyo/GitHub/502/detection/build/yolobot_gazebo': CMAKE_PREFIX_PATH=/home/amejiyo/GitHub/502/detection/install/yolobot_recognition:/home/amejiyo/GitHub/502/detection/install/yolobot_gazebo:/home/amejiyo/GitHub/502/detection/install/yolobot_description:/home/amejiyo/GitHub/502/detection/install/yolobot_control:/home/amejiyo/GitHub/502/detection/install/yolobot_detection:/opt/ros/foxy:/home/amejiyo/GitHub/502/detection/install/realsense_gazebo_plugin:/home/amejiyo/GitHub/502/detection/install/interfaces /usr/bin/cmake --install /home/amejiyo/GitHub/502/detection/build/yolobot_gazebo
[0.927s] Level 1:colcon.colcon_core.environment:create_environment_scripts_only(yolobot_control)
[0.932s] DEBUG:colcon.colcon_core.event_handler.log_command:Invoked command in '/home/amejiyo/GitHub/502/detection/build/yolobot_control' returned '0': CMAKE_PREFIX_PATH=/home/amejiyo/GitHub/502/detection/install/yolobot_recognition:/home/amejiyo/GitHub/502/detection/install/yolobot_gazebo:/home/amejiyo/GitHub/502/detection/install/yolobot_description:/home/amejiyo/GitHub/502/detection/install/yolobot_control:/home/amejiyo/GitHub/502/detection/install/yolobot_detection:/opt/ros/foxy:/home/amejiyo/GitHub/502/detection/install/realsense_gazebo_plugin:/home/amejiyo/GitHub/502/detection/install/interfaces /usr/bin/cmake --install /home/amejiyo/GitHub/502/detection/build/yolobot_control
[0.936s] Level 1:colcon.colcon_core.environment:checking '/home/amejiyo/GitHub/502/detection/install/yolobot_control' for CMake module files
[0.937s] Level 1:colcon.colcon_core.environment:checking '/home/amejiyo/GitHub/502/detection/install/yolobot_control' for CMake config files
[0.938s] Level 1:colcon.colcon_core.shell:create_environment_hook('yolobot_control', 'cmake_prefix_path')
[0.939s] INFO:colcon.colcon_core.shell:Creating environment hook '/home/amejiyo/GitHub/502/detection/install/yolobot_control/share/yolobot_control/hook/cmake_prefix_path.ps1'
[0.940s] INFO:colcon.colcon_core.shell:Creating environment descriptor '/home/amejiyo/GitHub/502/detection/install/yolobot_control/share/yolobot_control/hook/cmake_prefix_path.dsv'
[0.940s] INFO:colcon.colcon_core.shell:Creating environment hook '/home/amejiyo/GitHub/502/detection/install/yolobot_control/share/yolobot_control/hook/cmake_prefix_path.sh'
[0.941s] Level 1:colcon.colcon_core.environment:checking '/home/amejiyo/GitHub/502/detection/install/yolobot_control/lib'
[0.942s] Level 1:colcon.colcon_core.environment:checking '/home/amejiyo/GitHub/502/detection/install/yolobot_control/bin'
[0.942s] Level 1:colcon.colcon_core.environment:checking '/home/amejiyo/GitHub/502/detection/install/yolobot_control/lib/pkgconfig/yolobot_control.pc'
[0.943s] Level 1:colcon.colcon_core.environment:checking '/home/amejiyo/GitHub/502/detection/install/yolobot_control/lib/python3.8/site-packages'
[0.943s] Level 1:colcon.colcon_core.environment:checking '/home/amejiyo/GitHub/502/detection/install/yolobot_control/bin'
[0.944s] INFO:colcon.colcon_core.shell:Creating package script '/home/amejiyo/GitHub/502/detection/install/yolobot_control/share/yolobot_control/package.ps1'
[0.945s] INFO:colcon.colcon_core.shell:Creating package descriptor '/home/amejiyo/GitHub/502/detection/install/yolobot_control/share/yolobot_control/package.dsv'
[0.946s] INFO:colcon.colcon_core.shell:Creating package script '/home/amejiyo/GitHub/502/detection/install/yolobot_control/share/yolobot_control/package.sh'
[0.947s] INFO:colcon.colcon_core.shell:Creating package script '/home/amejiyo/GitHub/502/detection/install/yolobot_control/share/yolobot_control/package.bash'
[0.948s] INFO:colcon.colcon_core.shell:Creating package script '/home/amejiyo/GitHub/502/detection/install/yolobot_control/share/yolobot_control/package.zsh'
[0.949s] Level 1:colcon.colcon_core.environment:create_file_with_runtime_dependencies(/home/amejiyo/GitHub/502/detection/install/yolobot_control/share/colcon-core/packages/yolobot_control)
[0.959s] DEBUG:colcon.colcon_core.event_handler.log_command:Invoking command in '/home/amejiyo/GitHub/502/detection/build/realsense_gazebo_plugin': /usr/bin/cmake --install /home/amejiyo/GitHub/502/detection/build/realsense_gazebo_plugin
[0.964s] DEBUG:colcon.colcon_core.event_handler.log_command:Invoking command in '/home/amejiyo/GitHub/502/detection/build/interfaces': CMAKE_PREFIX_PATH=/home/amejiyo/GitHub/502/detection/install/yolobot_recognition:/home/amejiyo/GitHub/502/detection/install/yolobot_gazebo:/home/amejiyo/GitHub/502/detection/install/yolobot_description:/home/amejiyo/GitHub/502/detection/install/yolobot_control:/home/amejiyo/GitHub/502/detection/install/yolobot_detection:/opt/ros/foxy:/home/amejiyo/GitHub/502/detection/install/realsense_gazebo_plugin:/home/amejiyo/GitHub/502/detection/install/interfaces /usr/bin/cmake --install /home/amejiyo/GitHub/502/detection/build/interfaces
[0.969s] Level 1:colcon.colcon_core.environment:create_environment_scripts_only(yolobot_description)
[0.971s] Level 1:colcon.colcon_core.environment:checking '/home/amejiyo/GitHub/502/detection/install/yolobot_description' for CMake module files
[0.972s] DEBUG:colcon.colcon_core.event_handler.log_command:Invoked command in '/home/amejiyo/GitHub/502/detection/build/yolobot_description' returned '0': CMAKE_PREFIX_PATH=/home/amejiyo/GitHub/502/detection/install/yolobot_recognition:/home/amejiyo/GitHub/502/detection/install/yolobot_gazebo:/home/amejiyo/GitHub/502/detection/install/yolobot_description:/home/amejiyo/GitHub/502/detection/install/yolobot_control:/home/amejiyo/GitHub/502/detection/install/yolobot_detection:/opt/ros/foxy:/home/amejiyo/GitHub/502/detection/install/realsense_gazebo_plugin:/home/amejiyo/GitHub/502/detection/install/interfaces /usr/bin/cmake --install /home/amejiyo/GitHub/502/detection/build/yolobot_description
[0.972s] Level 1:colcon.colcon_core.environment:checking '/home/amejiyo/GitHub/502/detection/install/yolobot_description' for CMake config files
[0.972s] Level 1:colcon.colcon_core.shell:create_environment_hook('yolobot_description', 'cmake_prefix_path')
[0.973s] INFO:colcon.colcon_core.shell:Creating environment hook '/home/amejiyo/GitHub/502/detection/install/yolobot_description/share/yolobot_description/hook/cmake_prefix_path.ps1'
[0.976s] INFO:colcon.colcon_core.shell:Creating environment descriptor '/home/amejiyo/GitHub/502/detection/install/yolobot_description/share/yolobot_description/hook/cmake_prefix_path.dsv'
[0.977s] INFO:colcon.colcon_core.shell:Creating environment hook '/home/amejiyo/GitHub/502/detection/install/yolobot_description/share/yolobot_description/hook/cmake_prefix_path.sh'
[0.978s] Level 1:colcon.colcon_core.environment:checking '/home/amejiyo/GitHub/502/detection/install/yolobot_description/lib'
[0.979s] Level 1:colcon.colcon_core.environment:checking '/home/amejiyo/GitHub/502/detection/install/yolobot_description/bin'
[0.979s] Level 1:colcon.colcon_core.environment:checking '/home/amejiyo/GitHub/502/detection/install/yolobot_description/lib/pkgconfig/yolobot_description.pc'
[0.979s] Level 1:colcon.colcon_core.environment:checking '/home/amejiyo/GitHub/502/detection/install/yolobot_description/lib/python3.8/site-packages'
[0.979s] Level 1:colcon.colcon_core.environment:checking '/home/amejiyo/GitHub/502/detection/install/yolobot_description/bin'
[0.980s] INFO:colcon.colcon_core.shell:Creating package script '/home/amejiyo/GitHub/502/detection/install/yolobot_description/share/yolobot_description/package.ps1'
[0.982s] INFO:colcon.colcon_core.shell:Creating package descriptor '/home/amejiyo/GitHub/502/detection/install/yolobot_description/share/yolobot_description/package.dsv'
[0.984s] INFO:colcon.colcon_core.shell:Creating package script '/home/amejiyo/GitHub/502/detection/install/yolobot_description/share/yolobot_description/package.sh'
[0.985s] INFO:colcon.colcon_core.shell:Creating package script '/home/amejiyo/GitHub/502/detection/install/yolobot_description/share/yolobot_description/package.bash'
[0.988s] INFO:colcon.colcon_core.shell:Creating package script '/home/amejiyo/GitHub/502/detection/install/yolobot_description/share/yolobot_description/package.zsh'
[0.989s] Level 1:colcon.colcon_core.environment:create_file_with_runtime_dependencies(/home/amejiyo/GitHub/502/detection/install/yolobot_description/share/colcon-core/packages/yolobot_description)
[0.995s] Level 1:colcon.colcon_core.environment:create_environment_scripts_only(yolobot_gazebo)
[0.997s] Level 1:colcon.colcon_core.environment:checking '/home/amejiyo/GitHub/502/detection/install/yolobot_gazebo' for CMake module files
[0.999s] Level 1:colcon.colcon_core.environment:checking '/home/amejiyo/GitHub/502/detection/install/yolobot_gazebo' for CMake config files
[1.000s] Level 1:colcon.colcon_core.shell:create_environment_hook('yolobot_gazebo', 'cmake_prefix_path')
[1.001s] INFO:colcon.colcon_core.shell:Creating environment hook '/home/amejiyo/GitHub/502/detection/install/yolobot_gazebo/share/yolobot_gazebo/hook/cmake_prefix_path.ps1'
[1.001s] INFO:colcon.colcon_core.shell:Creating environment descriptor '/home/amejiyo/GitHub/502/detection/install/yolobot_gazebo/share/yolobot_gazebo/hook/cmake_prefix_path.dsv'
[1.002s] DEBUG:colcon.colcon_core.event_handler.log_command:Invoked command in '/home/amejiyo/GitHub/502/detection/build/yolobot_gazebo' returned '0': CMAKE_PREFIX_PATH=/home/amejiyo/GitHub/502/detection/install/yolobot_recognition:/home/amejiyo/GitHub/502/detection/install/yolobot_gazebo:/home/amejiyo/GitHub/502/detection/install/yolobot_description:/home/amejiyo/GitHub/502/detection/install/yolobot_control:/home/amejiyo/GitHub/502/detection/install/yolobot_detection:/opt/ros/foxy:/home/amejiyo/GitHub/502/detection/install/realsense_gazebo_plugin:/home/amejiyo/GitHub/502/detection/install/interfaces /usr/bin/cmake --install /home/amejiyo/GitHub/502/detection/build/yolobot_gazebo
[1.003s] INFO:colcon.colcon_core.shell:Creating environment hook '/home/amejiyo/GitHub/502/detection/install/yolobot_gazebo/share/yolobot_gazebo/hook/cmake_prefix_path.sh'
[1.004s] Level 1:colcon.colcon_core.environment:checking '/home/amejiyo/GitHub/502/detection/install/yolobot_gazebo/bin'
[1.004s] Level 1:colcon.colcon_core.environment:checking '/home/amejiyo/GitHub/502/detection/install/yolobot_gazebo/lib/pkgconfig/yolobot_gazebo.pc'
[1.004s] Level 1:colcon.colcon_core.environment:checking '/home/amejiyo/GitHub/502/detection/install/yolobot_gazebo/lib/python3.8/site-packages'
[1.005s] Level 1:colcon.colcon_core.environment:checking '/home/amejiyo/GitHub/502/detection/install/yolobot_gazebo/bin'
[1.005s] INFO:colcon.colcon_core.shell:Creating package script '/home/amejiyo/GitHub/502/detection/install/yolobot_gazebo/share/yolobot_gazebo/package.ps1'
[1.006s] INFO:colcon.colcon_core.shell:Creating package descriptor '/home/amejiyo/GitHub/502/detection/install/yolobot_gazebo/share/yolobot_gazebo/package.dsv'
[1.007s] INFO:colcon.colcon_core.shell:Creating package script '/home/amejiyo/GitHub/502/detection/install/yolobot_gazebo/share/yolobot_gazebo/package.sh'
[1.007s] INFO:colcon.colcon_core.shell:Creating package script '/home/amejiyo/GitHub/502/detection/install/yolobot_gazebo/share/yolobot_gazebo/package.bash'
[1.008s] INFO:colcon.colcon_core.shell:Creating package script '/home/amejiyo/GitHub/502/detection/install/yolobot_gazebo/share/yolobot_gazebo/package.zsh'
[1.009s] Level 1:colcon.colcon_core.environment:create_file_with_runtime_dependencies(/home/amejiyo/GitHub/502/detection/install/yolobot_gazebo/share/colcon-core/packages/yolobot_gazebo)
[1.019s] DEBUG:colcon.colcon_core.event_handler.log_command:Invoking command in '/home/amejiyo/GitHub/502/detection/build/yolobot_recognition': CMAKE_PREFIX_PATH=/home/amejiyo/GitHub/502/detection/install/yolobot_recognition:/home/amejiyo/GitHub/502/detection/install/yolobot_gazebo:/home/amejiyo/GitHub/502/detection/install/yolobot_description:/home/amejiyo/GitHub/502/detection/install/yolobot_control:/home/amejiyo/GitHub/502/detection/install/yolobot_detection:/opt/ros/foxy:/home/amejiyo/GitHub/502/detection/install/realsense_gazebo_plugin:/home/amejiyo/GitHub/502/detection/install/interfaces /usr/bin/cmake --install /home/amejiyo/GitHub/502/detection/build/yolobot_recognition
[1.022s] DEBUG:colcon.colcon_core.event_handler.log_command:Invoked command in '/home/amejiyo/GitHub/502/detection/build/realsense_gazebo_plugin' returned '0': /usr/bin/cmake --install /home/amejiyo/GitHub/502/detection/build/realsense_gazebo_plugin
[1.028s] Level 1:colcon.colcon_core.environment:create_environment_scripts_only(yolobot_control)
[1.029s] Level 1:colcon.colcon_core.environment:checking '/home/amejiyo/GitHub/502/detection/install/yolobot_control' for CMake module files
[1.030s] Level 1:colcon.colcon_core.environment:checking '/home/amejiyo/GitHub/502/detection/install/yolobot_control' for CMake config files
[1.031s] Level 1:colcon.colcon_core.shell:create_environment_hook('yolobot_control', 'cmake_prefix_path')
[1.033s] INFO:colcon.colcon_core.shell:Creating environment hook '/home/amejiyo/GitHub/502/detection/install/yolobot_control/share/yolobot_control/hook/cmake_prefix_path.ps1'
[1.033s] INFO:colcon.colcon_core.shell:Creating environment descriptor '/home/amejiyo/GitHub/502/detection/install/yolobot_control/share/yolobot_control/hook/cmake_prefix_path.dsv'
[1.034s] INFO:colcon.colcon_core.shell:Creating environment hook '/home/amejiyo/GitHub/502/detection/install/yolobot_control/share/yolobot_control/hook/cmake_prefix_path.sh'
[1.036s] Level 1:colcon.colcon_core.environment:checking '/home/amejiyo/GitHub/502/detection/install/yolobot_control/lib'
[1.036s] Level 1:colcon.colcon_core.environment:checking '/home/amejiyo/GitHub/502/detection/install/yolobot_control/bin'
[1.036s] Level 1:colcon.colcon_core.environment:checking '/home/amejiyo/GitHub/502/detection/install/yolobot_control/lib/pkgconfig/yolobot_control.pc'
[1.036s] Level 1:colcon.colcon_core.environment:checking '/home/amejiyo/GitHub/502/detection/install/yolobot_control/lib/python3.8/site-packages'
[1.036s] Level 1:colcon.colcon_core.environment:checking '/home/amejiyo/GitHub/502/detection/install/yolobot_control/bin'
[1.037s] INFO:colcon.colcon_core.shell:Creating package script '/home/amejiyo/GitHub/502/detection/install/yolobot_control/share/yolobot_control/package.ps1'
[1.039s] INFO:colcon.colcon_core.shell:Creating package descriptor '/home/amejiyo/GitHub/502/detection/install/yolobot_control/share/yolobot_control/package.dsv'
[1.041s] INFO:colcon.colcon_core.shell:Creating package script '/home/amejiyo/GitHub/502/detection/install/yolobot_control/share/yolobot_control/package.sh'
[1.043s] INFO:colcon.colcon_core.shell:Creating package script '/home/amejiyo/GitHub/502/detection/install/yolobot_control/share/yolobot_control/package.bash'
[1.044s] INFO:colcon.colcon_core.shell:Creating package script '/home/amejiyo/GitHub/502/detection/install/yolobot_control/share/yolobot_control/package.zsh'
[1.045s] Level 1:colcon.colcon_core.environment:create_file_with_runtime_dependencies(/home/amejiyo/GitHub/502/detection/install/yolobot_control/share/colcon-core/packages/yolobot_control)
[1.050s] Level 1:colcon.colcon_core.environment:create_environment_scripts_only(yolobot_recognition)
[1.052s] Level 1:colcon.colcon_core.environment:checking '/home/amejiyo/GitHub/502/detection/install/yolobot_recognition' for CMake module files
[1.054s] Level 1:colcon.colcon_core.environment:checking '/home/amejiyo/GitHub/502/detection/install/yolobot_recognition' for CMake config files
[1.055s] Level 1:colcon.colcon_core.shell:create_environment_hook('yolobot_recognition', 'cmake_prefix_path')
[1.056s] INFO:colcon.colcon_core.shell:Creating environment hook '/home/amejiyo/GitHub/502/detection/install/yolobot_recognition/share/yolobot_recognition/hook/cmake_prefix_path.ps1'
[1.056s] INFO:colcon.colcon_core.shell:Creating environment descriptor '/home/amejiyo/GitHub/502/detection/install/yolobot_recognition/share/yolobot_recognition/hook/cmake_prefix_path.dsv'
[1.057s] INFO:colcon.colcon_core.shell:Creating environment hook '/home/amejiyo/GitHub/502/detection/install/yolobot_recognition/share/yolobot_recognition/hook/cmake_prefix_path.sh'
[1.058s] Level 1:colcon.colcon_core.environment:checking '/home/amejiyo/GitHub/502/detection/install/yolobot_recognition/bin'
[1.058s] Level 1:colcon.colcon_core.environment:checking '/home/amejiyo/GitHub/502/detection/install/yolobot_recognition/lib/pkgconfig/yolobot_recognition.pc'
[1.058s] Level 1:colcon.colcon_core.environment:checking '/home/amejiyo/GitHub/502/detection/install/yolobot_recognition/lib/python3.8/site-packages'
[1.059s] Level 1:colcon.colcon_core.environment:checking '/home/amejiyo/GitHub/502/detection/install/yolobot_recognition/bin'
[1.060s] INFO:colcon.colcon_core.shell:Creating package script '/home/amejiyo/GitHub/502/detection/install/yolobot_recognition/share/yolobot_recognition/package.ps1'
[1.061s] INFO:colcon.colcon_core.shell:Creating package descriptor '/home/amejiyo/GitHub/502/detection/install/yolobot_recognition/share/yolobot_recognition/package.dsv'
[1.063s] INFO:colcon.colcon_core.shell:Creating package script '/home/amejiyo/GitHub/502/detection/install/yolobot_recognition/share/yolobot_recognition/package.sh'
[1.064s] INFO:colcon.colcon_core.shell:Creating package script '/home/amejiyo/GitHub/502/detection/install/yolobot_recognition/share/yolobot_recognition/package.bash'
[1.065s] INFO:colcon.colcon_core.shell:Creating package script '/home/amejiyo/GitHub/502/detection/install/yolobot_recognition/share/yolobot_recognition/package.zsh'
[1.065s] DEBUG:colcon.colcon_core.event_handler.log_command:Invoked command in '/home/amejiyo/GitHub/502/detection/build/yolobot_recognition' returned '0': CMAKE_PREFIX_PATH=/home/amejiyo/GitHub/502/detection/install/yolobot_recognition:/home/amejiyo/GitHub/502/detection/install/yolobot_gazebo:/home/amejiyo/GitHub/502/detection/install/yolobot_description:/home/amejiyo/GitHub/502/detection/install/yolobot_control:/home/amejiyo/GitHub/502/detection/install/yolobot_detection:/opt/ros/foxy:/home/amejiyo/GitHub/502/detection/install/realsense_gazebo_plugin:/home/amejiyo/GitHub/502/detection/install/interfaces /usr/bin/cmake --install /home/amejiyo/GitHub/502/detection/build/yolobot_recognition
[1.066s] Level 1:colcon.colcon_core.environment:create_file_with_runtime_dependencies(/home/amejiyo/GitHub/502/detection/install/yolobot_recognition/share/colcon-core/packages/yolobot_recognition)
[1.071s] Level 1:colcon.colcon_core.environment:create_environment_scripts_only(interfaces)
[1.073s] Level 1:colcon.colcon_core.environment:checking '/home/amejiyo/GitHub/502/detection/install/interfaces' for CMake module files
[1.074s] DEBUG:colcon.colcon_core.event_handler.log_command:Invoked command in '/home/amejiyo/GitHub/502/detection/build/interfaces' returned '0': CMAKE_PREFIX_PATH=/home/amejiyo/GitHub/502/detection/install/yolobot_recognition:/home/amejiyo/GitHub/502/detection/install/yolobot_gazebo:/home/amejiyo/GitHub/502/detection/install/yolobot_description:/home/amejiyo/GitHub/502/detection/install/yolobot_control:/home/amejiyo/GitHub/502/detection/install/yolobot_detection:/opt/ros/foxy:/home/amejiyo/GitHub/502/detection/install/realsense_gazebo_plugin:/home/amejiyo/GitHub/502/detection/install/interfaces /usr/bin/cmake --install /home/amejiyo/GitHub/502/detection/build/interfaces
[1.075s] Level 1:colcon.colcon_core.environment:checking '/home/amejiyo/GitHub/502/detection/install/interfaces' for CMake config files
[1.075s] Level 1:colcon.colcon_core.shell:create_environment_hook('interfaces', 'cmake_prefix_path')
[1.076s] INFO:colcon.colcon_core.shell:Creating environment hook '/home/amejiyo/GitHub/502/detection/install/interfaces/share/interfaces/hook/cmake_prefix_path.ps1'
[1.077s] INFO:colcon.colcon_core.shell:Creating environment descriptor '/home/amejiyo/GitHub/502/detection/install/interfaces/share/interfaces/hook/cmake_prefix_path.dsv'
[1.078s] INFO:colcon.colcon_core.shell:Creating environment hook '/home/amejiyo/GitHub/502/detection/install/interfaces/share/interfaces/hook/cmake_prefix_path.sh'
[1.079s] Level 1:colcon.colcon_core.environment:checking '/home/amejiyo/GitHub/502/detection/install/interfaces/lib'
[1.080s] Level 1:colcon.colcon_core.shell:create_environment_hook('interfaces', 'ld_library_path_lib')
[1.081s] INFO:colcon.colcon_core.shell:Creating environment hook '/home/amejiyo/GitHub/502/detection/install/interfaces/share/interfaces/hook/ld_library_path_lib.ps1'
[1.081s] INFO:colcon.colcon_core.shell:Creating environment descriptor '/home/amejiyo/GitHub/502/detection/install/interfaces/share/interfaces/hook/ld_library_path_lib.dsv'
[1.082s] INFO:colcon.colcon_core.shell:Creating environment hook '/home/amejiyo/GitHub/502/detection/install/interfaces/share/interfaces/hook/ld_library_path_lib.sh'
[1.083s] Level 1:colcon.colcon_core.environment:checking '/home/amejiyo/GitHub/502/detection/install/interfaces/bin'
[1.083s] Level 1:colcon.colcon_core.environment:checking '/home/amejiyo/GitHub/502/detection/install/interfaces/lib/pkgconfig/interfaces.pc'
[1.083s] Level 1:colcon.colcon_core.environment:checking '/home/amejiyo/GitHub/502/detection/install/interfaces/lib/python3.8/site-packages'
[1.083s] Level 1:colcon.colcon_core.shell:create_environment_hook('interfaces', 'pythonpath')
[1.084s] INFO:colcon.colcon_core.shell:Creating environment hook '/home/amejiyo/GitHub/502/detection/install/interfaces/share/interfaces/hook/pythonpath.ps1'
[1.085s] INFO:colcon.colcon_core.shell:Creating environment descriptor '/home/amejiyo/GitHub/502/detection/install/interfaces/share/interfaces/hook/pythonpath.dsv'
[1.086s] INFO:colcon.colcon_core.shell:Creating environment hook '/home/amejiyo/GitHub/502/detection/install/interfaces/share/interfaces/hook/pythonpath.sh'
[1.087s] Level 1:colcon.colcon_core.environment:checking '/home/amejiyo/GitHub/502/detection/install/interfaces/bin'
[1.088s] INFO:colcon.colcon_core.shell:Creating package script '/home/amejiyo/GitHub/502/detection/install/interfaces/share/interfaces/package.ps1'
[1.089s] INFO:colcon.colcon_core.shell:Creating package descriptor '/home/amejiyo/GitHub/502/detection/install/interfaces/share/interfaces/package.dsv'
[1.090s] INFO:colcon.colcon_core.shell:Creating package script '/home/amejiyo/GitHub/502/detection/install/interfaces/share/interfaces/package.sh'
[1.092s] INFO:colcon.colcon_core.shell:Creating package script '/home/amejiyo/GitHub/502/detection/install/interfaces/share/interfaces/package.bash'
[1.093s] INFO:colcon.colcon_core.shell:Creating package script '/home/amejiyo/GitHub/502/detection/install/interfaces/share/interfaces/package.zsh'
[1.093s] Level 1:colcon.colcon_core.environment:create_file_with_runtime_dependencies(/home/amejiyo/GitHub/502/detection/install/interfaces/share/colcon-core/packages/interfaces)
[1.099s] Level 1:colcon.colcon_core.environment:create_environment_scripts_only(yolobot_description)
[1.100s] Level 1:colcon.colcon_core.environment:checking '/home/amejiyo/GitHub/502/detection/install/yolobot_description' for CMake module files
[1.101s] Level 1:colcon.colcon_core.environment:checking '/home/amejiyo/GitHub/502/detection/install/yolobot_description' for CMake config files
[1.101s] Level 1:colcon.colcon_core.shell:create_environment_hook('yolobot_description', 'cmake_prefix_path')
[1.102s] INFO:colcon.colcon_core.shell:Creating environment hook '/home/amejiyo/GitHub/502/detection/install/yolobot_description/share/yolobot_description/hook/cmake_prefix_path.ps1'
[1.103s] INFO:colcon.colcon_core.shell:Creating environment descriptor '/home/amejiyo/GitHub/502/detection/install/yolobot_description/share/yolobot_description/hook/cmake_prefix_path.dsv'
[1.103s] INFO:colcon.colcon_core.shell:Creating environment hook '/home/amejiyo/GitHub/502/detection/install/yolobot_description/share/yolobot_description/hook/cmake_prefix_path.sh'
[1.104s] Level 1:colcon.colcon_core.environment:checking '/home/amejiyo/GitHub/502/detection/install/yolobot_description/lib'
[1.105s] Level 1:colcon.colcon_core.environment:checking '/home/amejiyo/GitHub/502/detection/install/yolobot_description/bin'
[1.105s] Level 1:colcon.colcon_core.environment:checking '/home/amejiyo/GitHub/502/detection/install/yolobot_description/lib/pkgconfig/yolobot_description.pc'
[1.105s] Level 1:colcon.colcon_core.environment:checking '/home/amejiyo/GitHub/502/detection/install/yolobot_description/lib/python3.8/site-packages'
[1.105s] Level 1:colcon.colcon_core.environment:checking '/home/amejiyo/GitHub/502/detection/install/yolobot_description/bin'
[1.106s] INFO:colcon.colcon_core.shell:Creating package script '/home/amejiyo/GitHub/502/detection/install/yolobot_description/share/yolobot_description/package.ps1'
[1.107s] INFO:colcon.colcon_core.shell:Creating package descriptor '/home/amejiyo/GitHub/502/detection/install/yolobot_description/share/yolobot_description/package.dsv'
[1.108s] INFO:colcon.colcon_core.shell:Creating package script '/home/amejiyo/GitHub/502/detection/install/yolobot_description/share/yolobot_description/package.sh'
[1.109s] INFO:colcon.colcon_core.shell:Creating package script '/home/amejiyo/GitHub/502/detection/install/yolobot_description/share/yolobot_description/package.bash'
[1.110s] INFO:colcon.colcon_core.shell:Creating package script '/home/amejiyo/GitHub/502/detection/install/yolobot_description/share/yolobot_description/package.zsh'
[1.111s] Level 1:colcon.colcon_core.environment:create_file_with_runtime_dependencies(/home/amejiyo/GitHub/502/detection/install/yolobot_description/share/colcon-core/packages/yolobot_description)
[1.113s] Level 1:colcon.colcon_core.environment:create_environment_scripts_only(yolobot_gazebo)
[1.114s] Level 1:colcon.colcon_core.environment:checking '/home/amejiyo/GitHub/502/detection/install/yolobot_gazebo' for CMake module files
[1.115s] Level 1:colcon.colcon_core.environment:checking '/home/amejiyo/GitHub/502/detection/install/yolobot_gazebo' for CMake config files
[1.116s] Level 1:colcon.colcon_core.shell:create_environment_hook('yolobot_gazebo', 'cmake_prefix_path')
[1.116s] INFO:colcon.colcon_core.shell:Creating environment hook '/home/amejiyo/GitHub/502/detection/install/yolobot_gazebo/share/yolobot_gazebo/hook/cmake_prefix_path.ps1'
[1.117s] INFO:colcon.colcon_core.shell:Creating environment descriptor '/home/amejiyo/GitHub/502/detection/install/yolobot_gazebo/share/yolobot_gazebo/hook/cmake_prefix_path.dsv'
[1.118s] INFO:colcon.colcon_core.shell:Creating environment hook '/home/amejiyo/GitHub/502/detection/install/yolobot_gazebo/share/yolobot_gazebo/hook/cmake_prefix_path.sh'
[1.120s] Level 1:colcon.colcon_core.environment:checking '/home/amejiyo/GitHub/502/detection/install/yolobot_gazebo/bin'
[1.120s] Level 1:colcon.colcon_core.environment:checking '/home/amejiyo/GitHub/502/detection/install/yolobot_gazebo/lib/pkgconfig/yolobot_gazebo.pc'
[1.120s] Level 1:colcon.colcon_core.environment:checking '/home/amejiyo/GitHub/502/detection/install/yolobot_gazebo/lib/python3.8/site-packages'
[1.120s] Level 1:colcon.colcon_core.environment:checking '/home/amejiyo/GitHub/502/detection/install/yolobot_gazebo/bin'
[1.122s] INFO:colcon.colcon_core.shell:Creating package script '/home/amejiyo/GitHub/502/detection/install/yolobot_gazebo/share/yolobot_gazebo/package.ps1'
[1.123s] INFO:colcon.colcon_core.shell:Creating package descriptor '/home/amejiyo/GitHub/502/detection/install/yolobot_gazebo/share/yolobot_gazebo/package.dsv'
[1.124s] INFO:colcon.colcon_core.shell:Creating package script '/home/amejiyo/GitHub/502/detection/install/yolobot_gazebo/share/yolobot_gazebo/package.sh'
[1.124s] INFO:colcon.colcon_core.shell:Creating package script '/home/amejiyo/GitHub/502/detection/install/yolobot_gazebo/share/yolobot_gazebo/package.bash'
[1.124s] INFO:colcon.colcon_core.shell:Creating package script '/home/amejiyo/GitHub/502/detection/install/yolobot_gazebo/share/yolobot_gazebo/package.zsh'
[1.125s] Level 1:colcon.colcon_core.environment:create_file_with_runtime_dependencies(/home/amejiyo/GitHub/502/detection/install/yolobot_gazebo/share/colcon-core/packages/yolobot_gazebo)
[1.129s] Level 1:colcon.colcon_core.shell:create_environment_hook('realsense_gazebo_plugin', 'ros_package_path')
[1.130s] INFO:colcon.colcon_core.shell:Creating environment hook '/home/amejiyo/GitHub/502/detection/install/realsense_gazebo_plugin/share/realsense_gazebo_plugin/hook/ros_package_path.ps1'
[1.132s] INFO:colcon.colcon_core.shell:Creating environment descriptor '/home/amejiyo/GitHub/502/detection/install/realsense_gazebo_plugin/share/realsense_gazebo_plugin/hook/ros_package_path.dsv'
[1.133s] INFO:colcon.colcon_core.shell:Creating environment hook '/home/amejiyo/GitHub/502/detection/install/realsense_gazebo_plugin/share/realsense_gazebo_plugin/hook/ros_package_path.sh'
[1.134s] Level 1:colcon.colcon_core.shell:create_environment_hook('realsense_gazebo_plugin', 'pkg_config_path')
[1.136s] INFO:colcon.colcon_core.shell:Creating environment hook '/home/amejiyo/GitHub/502/detection/install/realsense_gazebo_plugin/share/realsense_gazebo_plugin/hook/pkg_config_path.ps1'
[1.137s] INFO:colcon.colcon_core.shell:Creating environment descriptor '/home/amejiyo/GitHub/502/detection/install/realsense_gazebo_plugin/share/realsense_gazebo_plugin/hook/pkg_config_path.dsv'
[1.137s] INFO:colcon.colcon_core.shell:Creating environment hook '/home/amejiyo/GitHub/502/detection/install/realsense_gazebo_plugin/share/realsense_gazebo_plugin/hook/pkg_config_path.sh'
[1.142s] Level 1:colcon.colcon_core.shell:create_environment_hook('realsense_gazebo_plugin', 'pkg_config_path_multiarch')
[1.144s] INFO:colcon.colcon_core.shell:Creating environment hook '/home/amejiyo/GitHub/502/detection/install/realsense_gazebo_plugin/share/realsense_gazebo_plugin/hook/pkg_config_path_multiarch.ps1'
[1.145s] INFO:colcon.colcon_core.shell:Creating environment descriptor '/home/amejiyo/GitHub/502/detection/install/realsense_gazebo_plugin/share/realsense_gazebo_plugin/hook/pkg_config_path_multiarch.dsv'
[1.145s] INFO:colcon.colcon_core.shell:Creating environment hook '/home/amejiyo/GitHub/502/detection/install/realsense_gazebo_plugin/share/realsense_gazebo_plugin/hook/pkg_config_path_multiarch.sh'
[1.148s] Level 1:colcon.colcon_core.environment:create_environment_scripts_only(realsense_gazebo_plugin)
[1.149s] Level 1:colcon.colcon_core.environment:checking '/home/amejiyo/GitHub/502/detection/install/realsense_gazebo_plugin' for CMake module files
[1.150s] Level 1:colcon.colcon_core.environment:checking '/home/amejiyo/GitHub/502/detection/install/realsense_gazebo_plugin' for CMake config files
[1.151s] Level 1:colcon.colcon_core.shell:create_environment_hook('realsense_gazebo_plugin', 'cmake_prefix_path')
[1.152s] INFO:colcon.colcon_core.shell:Creating environment hook '/home/amejiyo/GitHub/502/detection/install/realsense_gazebo_plugin/share/realsense_gazebo_plugin/hook/cmake_prefix_path.ps1'
[1.153s] INFO:colcon.colcon_core.shell:Creating environment descriptor '/home/amejiyo/GitHub/502/detection/install/realsense_gazebo_plugin/share/realsense_gazebo_plugin/hook/cmake_prefix_path.dsv'
[1.153s] INFO:colcon.colcon_core.shell:Creating environment hook '/home/amejiyo/GitHub/502/detection/install/realsense_gazebo_plugin/share/realsense_gazebo_plugin/hook/cmake_prefix_path.sh'
[1.155s] Level 1:colcon.colcon_core.environment:checking '/home/amejiyo/GitHub/502/detection/install/realsense_gazebo_plugin/lib'
[1.155s] Level 1:colcon.colcon_core.shell:create_environment_hook('realsense_gazebo_plugin', 'ld_library_path_lib')
[1.157s] INFO:colcon.colcon_core.shell:Creating environment hook '/home/amejiyo/GitHub/502/detection/install/realsense_gazebo_plugin/share/realsense_gazebo_plugin/hook/ld_library_path_lib.ps1'
[1.158s] INFO:colcon.colcon_core.shell:Creating environment descriptor '/home/amejiyo/GitHub/502/detection/install/realsense_gazebo_plugin/share/realsense_gazebo_plugin/hook/ld_library_path_lib.dsv'
[1.159s] INFO:colcon.colcon_core.shell:Creating environment hook '/home/amejiyo/GitHub/502/detection/install/realsense_gazebo_plugin/share/realsense_gazebo_plugin/hook/ld_library_path_lib.sh'
[1.159s] Level 1:colcon.colcon_core.environment:checking '/home/amejiyo/GitHub/502/detection/install/realsense_gazebo_plugin/bin'
[1.159s] Level 1:colcon.colcon_core.environment:checking '/home/amejiyo/GitHub/502/detection/install/realsense_gazebo_plugin/lib/pkgconfig/realsense_gazebo_plugin.pc'
[1.159s] Level 1:colcon.colcon_core.environment:checking '/home/amejiyo/GitHub/502/detection/install/realsense_gazebo_plugin/lib/python3.8/site-packages'
[1.159s] Level 1:colcon.colcon_core.environment:checking '/home/amejiyo/GitHub/502/detection/install/realsense_gazebo_plugin/bin'
[1.160s] INFO:colcon.colcon_core.shell:Creating package script '/home/amejiyo/GitHub/502/detection/install/realsense_gazebo_plugin/share/realsense_gazebo_plugin/package.ps1'
[1.161s] INFO:colcon.colcon_core.shell:Creating package descriptor '/home/amejiyo/GitHub/502/detection/install/realsense_gazebo_plugin/share/realsense_gazebo_plugin/package.dsv'
[1.162s] INFO:colcon.colcon_core.shell:Creating package script '/home/amejiyo/GitHub/502/detection/install/realsense_gazebo_plugin/share/realsense_gazebo_plugin/package.sh'
[1.163s] INFO:colcon.colcon_core.shell:Creating package script '/home/amejiyo/GitHub/502/detection/install/realsense_gazebo_plugin/share/realsense_gazebo_plugin/package.bash'
[1.163s] INFO:colcon.colcon_core.shell:Creating package script '/home/amejiyo/GitHub/502/detection/install/realsense_gazebo_plugin/share/realsense_gazebo_plugin/package.zsh'
[1.164s] Level 1:colcon.colcon_core.environment:create_file_with_runtime_dependencies(/home/amejiyo/GitHub/502/detection/install/realsense_gazebo_plugin/share/colcon-core/packages/realsense_gazebo_plugin)
[1.166s] Level 1:colcon.colcon_core.environment:create_environment_scripts_only(yolobot_recognition)
[1.168s] Level 1:colcon.colcon_core.environment:checking '/home/amejiyo/GitHub/502/detection/install/yolobot_recognition' for CMake module files
[1.168s] Level 1:colcon.colcon_core.environment:checking '/home/amejiyo/GitHub/502/detection/install/yolobot_recognition' for CMake config files
[1.169s] Level 1:colcon.colcon_core.shell:create_environment_hook('yolobot_recognition', 'cmake_prefix_path')
[1.169s] INFO:colcon.colcon_core.shell:Creating environment hook '/home/amejiyo/GitHub/502/detection/install/yolobot_recognition/share/yolobot_recognition/hook/cmake_prefix_path.ps1'
[1.170s] INFO:colcon.colcon_core.shell:Creating environment descriptor '/home/amejiyo/GitHub/502/detection/install/yolobot_recognition/share/yolobot_recognition/hook/cmake_prefix_path.dsv'
[1.171s] INFO:colcon.colcon_core.shell:Creating environment hook '/home/amejiyo/GitHub/502/detection/install/yolobot_recognition/share/yolobot_recognition/hook/cmake_prefix_path.sh'
[1.171s] Level 1:colcon.colcon_core.environment:checking '/home/amejiyo/GitHub/502/detection/install/yolobot_recognition/bin'
[1.172s] Level 1:colcon.colcon_core.environment:checking '/home/amejiyo/GitHub/502/detection/install/yolobot_recognition/lib/pkgconfig/yolobot_recognition.pc'
[1.172s] Level 1:colcon.colcon_core.environment:checking '/home/amejiyo/GitHub/502/detection/install/yolobot_recognition/lib/python3.8/site-packages'
[1.172s] Level 1:colcon.colcon_core.environment:checking '/home/amejiyo/GitHub/502/detection/install/yolobot_recognition/bin'
[1.173s] INFO:colcon.colcon_core.shell:Creating package script '/home/amejiyo/GitHub/502/detection/install/yolobot_recognition/share/yolobot_recognition/package.ps1'
[1.175s] INFO:colcon.colcon_core.shell:Creating package descriptor '/home/amejiyo/GitHub/502/detection/install/yolobot_recognition/share/yolobot_recognition/package.dsv'
[1.175s] INFO:colcon.colcon_core.shell:Creating package script '/home/amejiyo/GitHub/502/detection/install/yolobot_recognition/share/yolobot_recognition/package.sh'
[1.176s] INFO:colcon.colcon_core.shell:Creating package script '/home/amejiyo/GitHub/502/detection/install/yolobot_recognition/share/yolobot_recognition/package.bash'
[1.176s] INFO:colcon.colcon_core.shell:Creating package script '/home/amejiyo/GitHub/502/detection/install/yolobot_recognition/share/yolobot_recognition/package.zsh'
[1.176s] Level 1:colcon.colcon_core.environment:create_file_with_runtime_dependencies(/home/amejiyo/GitHub/502/detection/install/yolobot_recognition/share/colcon-core/packages/yolobot_recognition)
[1.191s] Level 1:colcon.colcon_core.environment:create_environment_scripts_only(interfaces)
[1.192s] Level 1:colcon.colcon_core.environment:checking '/home/amejiyo/GitHub/502/detection/install/interfaces' for CMake module files
[1.192s] Level 1:colcon.colcon_core.environment:checking '/home/amejiyo/GitHub/502/detection/install/interfaces' for CMake config files
[1.193s] Level 1:colcon.colcon_core.shell:create_environment_hook('interfaces', 'cmake_prefix_path')
[1.193s] INFO:colcon.colcon_core.shell:Creating environment hook '/home/amejiyo/GitHub/502/detection/install/interfaces/share/interfaces/hook/cmake_prefix_path.ps1'
[1.194s] INFO:colcon.colcon_core.shell:Creating environment descriptor '/home/amejiyo/GitHub/502/detection/install/interfaces/share/interfaces/hook/cmake_prefix_path.dsv'
[1.195s] INFO:colcon.colcon_core.shell:Creating environment hook '/home/amejiyo/GitHub/502/detection/install/interfaces/share/interfaces/hook/cmake_prefix_path.sh'
[1.196s] Level 1:colcon.colcon_core.environment:checking '/home/amejiyo/GitHub/502/detection/install/interfaces/lib'
[1.196s] Level 1:colcon.colcon_core.shell:create_environment_hook('interfaces', 'ld_library_path_lib')
[1.197s] INFO:colcon.colcon_core.shell:Creating environment hook '/home/amejiyo/GitHub/502/detection/install/interfaces/share/interfaces/hook/ld_library_path_lib.ps1'
[1.197s] INFO:colcon.colcon_core.shell:Creating environment descriptor '/home/amejiyo/GitHub/502/detection/install/interfaces/share/interfaces/hook/ld_library_path_lib.dsv'
[1.198s] INFO:colcon.colcon_core.shell:Creating environment hook '/home/amejiyo/GitHub/502/detection/install/interfaces/share/interfaces/hook/ld_library_path_lib.sh'
[1.199s] Level 1:colcon.colcon_core.environment:checking '/home/amejiyo/GitHub/502/detection/install/interfaces/bin'
[1.199s] Level 1:colcon.colcon_core.environment:checking '/home/amejiyo/GitHub/502/detection/install/interfaces/lib/pkgconfig/interfaces.pc'
[1.199s] Level 1:colcon.colcon_core.environment:checking '/home/amejiyo/GitHub/502/detection/install/interfaces/lib/python3.8/site-packages'
[1.199s] Level 1:colcon.colcon_core.shell:create_environment_hook('interfaces', 'pythonpath')
[1.200s] INFO:colcon.colcon_core.shell:Creating environment hook '/home/amejiyo/GitHub/502/detection/install/interfaces/share/interfaces/hook/pythonpath.ps1'
[1.201s] INFO:colcon.colcon_core.shell:Creating environment descriptor '/home/amejiyo/GitHub/502/detection/install/interfaces/share/interfaces/hook/pythonpath.dsv'
[1.201s] INFO:colcon.colcon_core.shell:Creating environment hook '/home/amejiyo/GitHub/502/detection/install/interfaces/share/interfaces/hook/pythonpath.sh'
[1.201s] Level 1:colcon.colcon_core.environment:checking '/home/amejiyo/GitHub/502/detection/install/interfaces/bin'
[1.203s] INFO:colcon.colcon_core.shell:Creating package script '/home/amejiyo/GitHub/502/detection/install/interfaces/share/interfaces/package.ps1'
[1.203s] INFO:colcon.colcon_core.shell:Creating package descriptor '/home/amejiyo/GitHub/502/detection/install/interfaces/share/interfaces/package.dsv'
[1.204s] INFO:colcon.colcon_core.shell:Creating package script '/home/amejiyo/GitHub/502/detection/install/interfaces/share/interfaces/package.sh'
[1.204s] INFO:colcon.colcon_core.shell:Creating package script '/home/amejiyo/GitHub/502/detection/install/interfaces/share/interfaces/package.bash'
[1.204s] INFO:colcon.colcon_core.shell:Creating package script '/home/amejiyo/GitHub/502/detection/install/interfaces/share/interfaces/package.zsh'
[1.205s] Level 1:colcon.colcon_core.environment:create_file_with_runtime_dependencies(/home/amejiyo/GitHub/502/detection/install/interfaces/share/colcon-core/packages/interfaces)
[1.462s] DEBUG:colcon.colcon_core.event_handler.log_command:Invoking command in '/home/amejiyo/GitHub/502/detection/src/yolobot_detection': PYTHONPATH=/home/amejiyo/GitHub/502/detection/install/yolobot_detection/lib/python3.8/site-packages:${PYTHONPATH} /usr/bin/python3 setup.py egg_info --egg-base ../../build/yolobot_detection build --build-base /home/amejiyo/GitHub/502/detection/build/yolobot_detection/build install --prefix /home/amejiyo/GitHub/502/detection/install/yolobot_detection --record /home/amejiyo/GitHub/502/detection/build/yolobot_detection/install.log --single-version-externally-managed
[1.813s] Level 1:colcon.colcon_core.environment:checking '/home/amejiyo/GitHub/502/detection/install/yolobot_detection' for CMake module files
[1.815s] DEBUG:colcon.colcon_core.event_handler.log_command:Invoked command in '/home/amejiyo/GitHub/502/detection/src/yolobot_detection' returned '0': PYTHONPATH=/home/amejiyo/GitHub/502/detection/install/yolobot_detection/lib/python3.8/site-packages:${PYTHONPATH} /usr/bin/python3 setup.py egg_info --egg-base ../../build/yolobot_detection build --build-base /home/amejiyo/GitHub/502/detection/build/yolobot_detection/build install --prefix /home/amejiyo/GitHub/502/detection/install/yolobot_detection --record /home/amejiyo/GitHub/502/detection/build/yolobot_detection/install.log --single-version-externally-managed
[1.816s] Level 1:colcon.colcon_core.environment:checking '/home/amejiyo/GitHub/502/detection/install/yolobot_detection' for CMake config files
[1.817s] Level 1:colcon.colcon_core.environment:checking '/home/amejiyo/GitHub/502/detection/install/yolobot_detection/lib'
[1.818s] Level 1:colcon.colcon_core.environment:checking '/home/amejiyo/GitHub/502/detection/install/yolobot_detection/bin'
[1.818s] Level 1:colcon.colcon_core.environment:checking '/home/amejiyo/GitHub/502/detection/install/yolobot_detection/lib/pkgconfig/yolobot_detection.pc'
[1.819s] Level 1:colcon.colcon_core.environment:checking '/home/amejiyo/GitHub/502/detection/install/yolobot_detection/lib/python3.8/site-packages'
[1.819s] Level 1:colcon.colcon_core.shell:create_environment_hook('yolobot_detection', 'pythonpath')
[1.820s] INFO:colcon.colcon_core.shell:Creating environment hook '/home/amejiyo/GitHub/502/detection/install/yolobot_detection/share/yolobot_detection/hook/pythonpath.ps1'
[1.821s] INFO:colcon.colcon_core.shell:Creating environment descriptor '/home/amejiyo/GitHub/502/detection/install/yolobot_detection/share/yolobot_detection/hook/pythonpath.dsv'
[1.822s] INFO:colcon.colcon_core.shell:Creating environment hook '/home/amejiyo/GitHub/502/detection/install/yolobot_detection/share/yolobot_detection/hook/pythonpath.sh'
[1.823s] Level 1:colcon.colcon_core.environment:checking '/home/amejiyo/GitHub/502/detection/install/yolobot_detection/bin'
[1.823s] Level 1:colcon.colcon_core.environment:create_environment_scripts_only(yolobot_detection)
[1.824s] INFO:colcon.colcon_core.shell:Creating package script '/home/amejiyo/GitHub/502/detection/install/yolobot_detection/share/yolobot_detection/package.ps1'
[1.825s] INFO:colcon.colcon_core.shell:Creating package descriptor '/home/amejiyo/GitHub/502/detection/install/yolobot_detection/share/yolobot_detection/package.dsv'
[1.826s] INFO:colcon.colcon_core.shell:Creating package script '/home/amejiyo/GitHub/502/detection/install/yolobot_detection/share/yolobot_detection/package.sh'
[1.827s] INFO:colcon.colcon_core.shell:Creating package script '/home/amejiyo/GitHub/502/detection/install/yolobot_detection/share/yolobot_detection/package.bash'
[1.828s] INFO:colcon.colcon_core.shell:Creating package script '/home/amejiyo/GitHub/502/detection/install/yolobot_detection/share/yolobot_detection/package.zsh'
[1.829s] Level 1:colcon.colcon_core.environment:create_file_with_runtime_dependencies(/home/amejiyo/GitHub/502/detection/install/yolobot_detection/share/colcon-core/packages/yolobot_detection)
[1.829s] DEBUG:colcon.colcon_parallel_executor.executor.parallel:closing loop
[1.830s] DEBUG:colcon.colcon_parallel_executor.executor.parallel:loop closed
[1.830s] DEBUG:colcon.colcon_parallel_executor.executor.parallel:run_until_complete finished with '0'
[1.831s] DEBUG:colcon.colcon_core.event_reactor:joining thread
[1.841s] INFO:colcon.colcon_core.plugin_system:Skipping extension 'colcon_notification.desktop_notification.terminal_notifier': Not used on non-Darwin systems
[1.841s] INFO:colcon.colcon_core.plugin_system:Skipping extension 'colcon_notification.desktop_notification.win32': Not used on non-Windows systems
[1.841s] INFO:colcon.colcon_notification.desktop_notification:Sending desktop notification using 'notify2'
[1.867s] DEBUG:colcon.colcon_core.event_reactor:joined thread
[1.868s] INFO:colcon.colcon_core.shell:Creating prefix script '/home/amejiyo/GitHub/502/detection/install/local_setup.ps1'
[1.869s] INFO:colcon.colcon_core.shell:Creating prefix util module '/home/amejiyo/GitHub/502/detection/install/_local_setup_util_ps1.py'
[1.871s] INFO:colcon.colcon_core.shell:Creating prefix chain script '/home/amejiyo/GitHub/502/detection/install/setup.ps1'
[1.874s] INFO:colcon.colcon_core.shell:Creating prefix script '/home/amejiyo/GitHub/502/detection/install/local_setup.sh'
[1.875s] INFO:colcon.colcon_core.shell:Creating prefix util module '/home/amejiyo/GitHub/502/detection/install/_local_setup_util_sh.py'
[1.876s] INFO:colcon.colcon_core.shell:Creating prefix chain script '/home/amejiyo/GitHub/502/detection/install/setup.sh'
[1.879s] INFO:colcon.colcon_core.shell:Creating prefix script '/home/amejiyo/GitHub/502/detection/install/local_setup.bash'
[1.880s] INFO:colcon.colcon_core.shell:Creating prefix chain script '/home/amejiyo/GitHub/502/detection/install/setup.bash'
[1.882s] INFO:colcon.colcon_core.shell:Creating prefix script '/home/amejiyo/GitHub/502/detection/install/local_setup.zsh'
[1.883s] INFO:colcon.colcon_core.shell:Creating prefix chain script '/home/amejiyo/GitHub/502/detection/install/setup.zsh'
