[0.766s] Invoking command in '/home/amejiyo/yolobot/src/yoloDetection': PYTHONPATH=/home/amejiyo/yolobot/install/yoloDetection/lib/python3.8/site-packages:${PYTHONPATH} /usr/bin/python3 setup.py egg_info --egg-base ../../build/yoloDetection build --build-base /home/amejiyo/yolobot/build/yoloDetection/build install --prefix /home/amejiyo/yolobot/install/yoloDetection --record /home/amejiyo/yolobot/build/yoloDetection/install.log --single-version-externally-managed
[0.970s] running egg_info
[0.971s] writing ../../build/yoloDetection/yoloDetection.egg-info/PKG-INFO
[0.972s] writing dependency_links to ../../build/yoloDetection/yoloDetection.egg-info/dependency_links.txt
[0.973s] writing entry points to ../../build/yoloDetection/yoloDetection.egg-info/entry_points.txt
[0.973s] writing requirements to ../../build/yoloDetection/yoloDetection.egg-info/requires.txt
[0.973s] writing top-level names to ../../build/yoloDetection/yoloDetection.egg-info/top_level.txt
[1.002s] reading manifest file '../../build/yoloDetection/yoloDetection.egg-info/SOURCES.txt'
[1.003s] writing manifest file '../../build/yoloDetection/yoloDetection.egg-info/SOURCES.txt'
[1.003s] running build
[1.003s] running build_py
[1.003s] running install
[1.004s] running install_lib
[1.006s] running install_data
[1.007s] running install_egg_info
[1.009s] removing '/home/amejiyo/yolobot/install/yoloDetection/lib/python3.8/site-packages/yoloDetection-0.0.0-py3.8.egg-info' (and everything under it)
[1.009s] Copying ../../build/yoloDetection/yoloDetection.egg-info to /home/amejiyo/yolobot/install/yoloDetection/lib/python3.8/site-packages/yoloDetection-0.0.0-py3.8.egg-info
[1.010s] running install_scripts
[1.023s] Installing detect_talker script to /home/amejiyo/yolobot/install/yoloDetection/lib/yoloDetection
[1.024s] writing list of installed files to '/home/amejiyo/yolobot/build/yoloDetection/install.log'
[1.050s] Invoked command in '/home/amejiyo/yolobot/src/yoloDetection' returned '0': PYTHONPATH=/home/amejiyo/yolobot/install/yoloDetection/lib/python3.8/site-packages:${PYTHONPATH} /usr/bin/python3 setup.py egg_info --egg-base ../../build/yoloDetection build --build-base /home/amejiyo/yolobot/build/yoloDetection/build install --prefix /home/amejiyo/yolobot/install/yoloDetection --record /home/amejiyo/yolobot/build/yoloDetection/install.log --single-version-externally-managed
