[0.075s] Invoking command in '/home/amejiyo/GitHub/502/detection/build/yolobot_description': CMAKE_PREFIX_PATH=/opt/ros/foxy /usr/bin/cmake --build /home/amejiyo/GitHub/502/detection/build/yolobot_description -- -j16 -l16
[0.438s] CMake Error: The current CMakeCache.txt directory /home/amejiyo/GitHub/502/detection/build/yolobot_description/CMakeCache.txt is different than the directory /home/amejiyo/yolobot/build/yolobot_description where CMakeCache.txt was created. This may result in binaries being created in the wrong place. If you are not sure, reedit the CMakeCache.txt
[0.449s] Invoked command in '/home/amejiyo/GitHub/502/detection/build/yolobot_description' returned '0': CMAKE_PREFIX_PATH=/opt/ros/foxy /usr/bin/cmake --build /home/amejiyo/GitHub/502/detection/build/yolobot_description -- -j16 -l16
[0.521s] Invoking command in '/home/amejiyo/GitHub/502/detection/build/yolobot_description': CMAKE_PREFIX_PATH=/opt/ros/foxy /usr/bin/cmake --install /home/amejiyo/GitHub/502/detection/build/yolobot_description
[0.535s] -- Install configuration: ""
[0.535s] -- Up-to-date: /home/amejiyo/yolobot/install/yolobot_description/share/yolobot_description//launch
[0.535s] -- Up-to-date: /home/amejiyo/yolobot/install/yolobot_description/share/yolobot_description//launch/spawn_yolobot.py
[0.535s] -- Up-to-date: /home/amejiyo/yolobot/install/yolobot_description/share/yolobot_description//launch/spawn_yolobot_launch.launch.py
[0.536s] -- Up-to-date: /home/amejiyo/yolobot/install/yolobot_description/share/yolobot_description//robot
[0.536s] -- Up-to-date: /home/amejiyo/yolobot/install/yolobot_description/share/yolobot_description//robot/yolobot.urdf
[0.536s] -- Up-to-date: /home/amejiyo/yolobot/install/yolobot_description/lib/yolobot_description/spawn_yolobot.py
[0.536s] -- Up-to-date: /home/amejiyo/yolobot/install/yolobot_description/share/ament_index/resource_index/package_run_dependencies/yolobot_description
[0.536s] -- Up-to-date: /home/amejiyo/yolobot/install/yolobot_description/share/ament_index/resource_index/parent_prefix_path/yolobot_description
[0.536s] -- Up-to-date: /home/amejiyo/yolobot/install/yolobot_description/share/yolobot_description/environment/ament_prefix_path.sh
[0.536s] -- Up-to-date: /home/amejiyo/yolobot/install/yolobot_description/share/yolobot_description/environment/ament_prefix_path.dsv
[0.537s] -- Up-to-date: /home/amejiyo/yolobot/install/yolobot_description/share/yolobot_description/environment/path.sh
[0.537s] -- Up-to-date: /home/amejiyo/yolobot/install/yolobot_description/share/yolobot_description/environment/path.dsv
[0.537s] -- Up-to-date: /home/amejiyo/yolobot/install/yolobot_description/share/yolobot_description/local_setup.bash
[0.537s] -- Up-to-date: /home/amejiyo/yolobot/install/yolobot_description/share/yolobot_description/local_setup.sh
[0.537s] -- Up-to-date: /home/amejiyo/yolobot/install/yolobot_description/share/yolobot_description/local_setup.zsh
[0.537s] -- Up-to-date: /home/amejiyo/yolobot/install/yolobot_description/share/yolobot_description/local_setup.dsv
[0.537s] -- Up-to-date: /home/amejiyo/yolobot/install/yolobot_description/share/yolobot_description/package.dsv
[0.538s] -- Up-to-date: /home/amejiyo/yolobot/install/yolobot_description/share/ament_index/resource_index/packages/yolobot_description
[0.538s] -- Up-to-date: /home/amejiyo/yolobot/install/yolobot_description/share/yolobot_description/cmake/yolobot_descriptionConfig.cmake
[0.538s] -- Up-to-date: /home/amejiyo/yolobot/install/yolobot_description/share/yolobot_description/cmake/yolobot_descriptionConfig-version.cmake
[0.538s] -- Up-to-date: /home/amejiyo/yolobot/install/yolobot_description/share/yolobot_description/package.xml
[0.579s] Invoked command in '/home/amejiyo/GitHub/502/detection/build/yolobot_description' returned '0': CMAKE_PREFIX_PATH=/opt/ros/foxy /usr/bin/cmake --install /home/amejiyo/GitHub/502/detection/build/yolobot_description
