running egg_info
writing ../../build/yolobot_recognition/yolobot_recognition.egg-info/PKG-INFO
writing dependency_links to ../../build/yolobot_recognition/yolobot_recognition.egg-info/dependency_links.txt
writing entry points to ../../build/yolobot_recognition/yolobot_recognition.egg-info/entry_points.txt
writing requirements to ../../build/yolobot_recognition/yolobot_recognition.egg-info/requires.txt
writing top-level names to ../../build/yolobot_recognition/yolobot_recognition.egg-info/top_level.txt
package init file 'yolobot_recognition/detection_lib/__init__.py' not found (or not a regular file)
reading manifest file '../../build/yolobot_recognition/yolobot_recognition.egg-info/SOURCES.txt'
writing manifest file '../../build/yolobot_recognition/yolobot_recognition.egg-info/SOURCES.txt'
running build
running build_py
running install
running install_lib
running install_data
running install_egg_info
removing '/home/amejiyo/yolobot/install/yolobot_recognition/lib/python3.8/site-packages/yolobot_recognition-0.0.0-py3.8.egg-info' (and everything under it)
Copying ../../build/yolobot_recognition/yolobot_recognition.egg-info to /home/amejiyo/yolobot/install/yolobot_recognition/lib/python3.8/site-packages/yolobot_recognition-0.0.0-py3.8.egg-info
running install_scripts
Installing detect_talker script to /home/amejiyo/yolobot/install/yolobot_recognition/lib/yolobot_recognition
writing list of installed files to '/home/amejiyo/yolobot/build/yolobot_recognition/install.log'
