[0.849s] Invoking command in '/home/amejiyo/yolobot/src/yolobot_recognition': PYTHONPATH=/home/amejiyo/yolobot/install/yolobot_recognition/lib/python3.8/site-packages:${PYTHONPATH} /usr/bin/python3 setup.py egg_info --egg-base ../../build/yolobot_recognition build --build-base /home/amejiyo/yolobot/build/yolobot_recognition/build install --prefix /home/amejiyo/yolobot/install/yolobot_recognition --record /home/amejiyo/yolobot/build/yolobot_recognition/install.log --single-version-externally-managed
[1.086s] running egg_info
[1.087s] writing ../../build/yolobot_recognition/yolobot_recognition.egg-info/PKG-INFO
[1.087s] writing dependency_links to ../../build/yolobot_recognition/yolobot_recognition.egg-info/dependency_links.txt
[1.087s] writing entry points to ../../build/yolobot_recognition/yolobot_recognition.egg-info/entry_points.txt
[1.087s] writing requirements to ../../build/yolobot_recognition/yolobot_recognition.egg-info/requires.txt
[1.087s] writing top-level names to ../../build/yolobot_recognition/yolobot_recognition.egg-info/top_level.txt
[1.122s] reading manifest file '../../build/yolobot_recognition/yolobot_recognition.egg-info/SOURCES.txt'
[1.122s] writing manifest file '../../build/yolobot_recognition/yolobot_recognition.egg-info/SOURCES.txt'
[1.122s] running build
[1.123s] running build_py
[1.123s] copying yolobot_recognition/fine_detect_publisher.py -> /home/amejiyo/yolobot/build/yolobot_recognition/build/lib/yolobot_recognition
[1.123s] running install
[1.125s] running install_lib
[1.127s] copying /home/amejiyo/yolobot/build/yolobot_recognition/build/lib/yolobot_recognition/fine_detect_publisher.py -> /home/amejiyo/yolobot/install/yolobot_recognition/lib/python3.8/site-packages/yolobot_recognition
[1.128s] byte-compiling /home/amejiyo/yolobot/install/yolobot_recognition/lib/python3.8/site-packages/yolobot_recognition/fine_detect_publisher.py to fine_detect_publisher.cpython-38.pyc
[1.129s] running install_data
[1.130s] running install_egg_info
[1.131s] removing '/home/amejiyo/yolobot/install/yolobot_recognition/lib/python3.8/site-packages/yolobot_recognition-0.0.0-py3.8.egg-info' (and everything under it)
[1.131s] Copying ../../build/yolobot_recognition/yolobot_recognition.egg-info to /home/amejiyo/yolobot/install/yolobot_recognition/lib/python3.8/site-packages/yolobot_recognition-0.0.0-py3.8.egg-info
[1.132s] running install_scripts
[1.148s] Installing detect_talker script to /home/amejiyo/yolobot/install/yolobot_recognition/lib/yolobot_recognition
[1.148s] writing list of installed files to '/home/amejiyo/yolobot/build/yolobot_recognition/install.log'
[1.183s] Invoked command in '/home/amejiyo/yolobot/src/yolobot_recognition' returned '0': PYTHONPATH=/home/amejiyo/yolobot/install/yolobot_recognition/lib/python3.8/site-packages:${PYTHONPATH} /usr/bin/python3 setup.py egg_info --egg-base ../../build/yolobot_recognition build --build-base /home/amejiyo/yolobot/build/yolobot_recognition/build install --prefix /home/amejiyo/yolobot/install/yolobot_recognition --record /home/amejiyo/yolobot/build/yolobot_recognition/install.log --single-version-externally-managed
