[0.083s] Invoking command in '/home/amejiyo/GitHub/502/detection/build/interfaces': CMAKE_PREFIX_PATH=/opt/ros/foxy /usr/bin/cmake --build /home/amejiyo/GitHub/502/detection/build/interfaces -- -j16 -l16
[0.456s] CMake Error: The current CMakeCache.txt directory /home/amejiyo/GitHub/502/detection/build/interfaces/CMakeCache.txt is different than the directory /home/amejiyo/yolobot/build/interfaces where CMakeCache.txt was created. This may result in binaries being created in the wrong place. If you are not sure, reedit the CMakeCache.txt
[0.457s] [ 12%] Built target interfaces__rosidl_generator_c
[0.457s] [  9%] Built target interfaces__cpp
[0.457s] [ 22%] Built target interfaces__rosidl_typesupport_cpp
[0.458s] [ 32%] Built target interfaces__rosidl_typesupport_introspection_c
[0.458s] [ 41%] Built target interfaces__rosidl_typesupport_introspection_cpp
[0.459s] [ 51%] Built target interfaces__rosidl_typesupport_fastrtps_cpp
[0.460s] [ 61%] Built target interfaces__rosidl_typesupport_c
[0.460s] [ 70%] Built target interfaces__rosidl_typesupport_fastrtps_c
[0.463s] [ 70%] Built target interfaces
[0.464s] [ 74%] Built target interfaces__py
[0.464s] [ 80%] Built target interfaces__python
[0.464s] [ 87%] Built target interfaces__rosidl_typesupport_c__pyext
[0.464s] [ 93%] Built target interfaces__rosidl_typesupport_fastrtps_c__pyext
[0.464s] [100%] Built target interfaces__rosidl_typesupport_introspection_c__pyext
[0.466s] Invoked command in '/home/amejiyo/GitHub/502/detection/build/interfaces' returned '0': CMAKE_PREFIX_PATH=/opt/ros/foxy /usr/bin/cmake --build /home/amejiyo/GitHub/502/detection/build/interfaces -- -j16 -l16
[0.554s] Invoking command in '/home/amejiyo/GitHub/502/detection/build/interfaces': CMAKE_PREFIX_PATH=/opt/ros/foxy /usr/bin/cmake --install /home/amejiyo/GitHub/502/detection/build/interfaces
[0.583s] -- Install configuration: ""
[0.584s] -- Up-to-date: /home/amejiyo/yolobot/install/interfaces/share/ament_index/resource_index/rosidl_interfaces/interfaces
[0.584s] -- Up-to-date: /home/amejiyo/yolobot/install/interfaces/include/interfaces
[0.584s] -- Up-to-date: /home/amejiyo/yolobot/install/interfaces/include/interfaces/msg
[0.584s] -- Up-to-date: /home/amejiyo/yolobot/install/interfaces/include/interfaces/msg/rosidl_generator_c__visibility_control.h
[0.587s] -- Up-to-date: /home/amejiyo/yolobot/install/interfaces/include/interfaces/msg/detail
[0.588s] -- Up-to-date: /home/amejiyo/yolobot/install/interfaces/include/interfaces/msg/detail/dect__functions.c
[0.589s] -- Up-to-date: /home/amejiyo/yolobot/install/interfaces/include/interfaces/msg/detail/dect__type_support.h
[0.589s] -- Up-to-date: /home/amejiyo/yolobot/install/interfaces/include/interfaces/msg/detail/dect__struct.h
[0.589s] -- Up-to-date: /home/amejiyo/yolobot/install/interfaces/include/interfaces/msg/detail/dect__functions.h
[0.589s] -- Up-to-date: /home/amejiyo/yolobot/install/interfaces/include/interfaces/msg/dect.h
[0.589s] -- Up-to-date: /home/amejiyo/yolobot/install/interfaces/share/interfaces/environment/library_path.sh
[0.589s] -- Up-to-date: /home/amejiyo/yolobot/install/interfaces/share/interfaces/environment/library_path.dsv
[0.589s] -- Up-to-date: /home/amejiyo/yolobot/install/interfaces/lib/libinterfaces__rosidl_generator_c.so
[0.590s] -- Up-to-date: /home/amejiyo/yolobot/install/interfaces/include/interfaces
[0.591s] -- Up-to-date: /home/amejiyo/yolobot/install/interfaces/include/interfaces/msg
[0.591s] -- Up-to-date: /home/amejiyo/yolobot/install/interfaces/include/interfaces/msg/detail
[0.591s] -- Up-to-date: /home/amejiyo/yolobot/install/interfaces/include/interfaces/msg/detail/dect__rosidl_typesupport_fastrtps_c.h
[0.595s] -- Up-to-date: /home/amejiyo/yolobot/install/interfaces/include/interfaces/msg/rosidl_typesupport_fastrtps_c__visibility_control.h
[0.595s] -- Up-to-date: /home/amejiyo/yolobot/install/interfaces/lib/libinterfaces__rosidl_typesupport_fastrtps_c.so
[0.595s] -- Up-to-date: /home/amejiyo/yolobot/install/interfaces/include/interfaces
[0.595s] -- Up-to-date: /home/amejiyo/yolobot/install/interfaces/include/interfaces/msg
[0.596s] -- Up-to-date: /home/amejiyo/yolobot/install/interfaces/include/interfaces/msg/detail
[0.596s] -- Up-to-date: /home/amejiyo/yolobot/install/interfaces/include/interfaces/msg/detail/dds_fastrtps
[0.596s] -- Up-to-date: /home/amejiyo/yolobot/install/interfaces/include/interfaces/msg/detail/dect__rosidl_typesupport_fastrtps_cpp.hpp
[0.596s] -- Up-to-date: /home/amejiyo/yolobot/install/interfaces/include/interfaces/msg/rosidl_typesupport_fastrtps_cpp__visibility_control.h
[0.596s] -- Up-to-date: /home/amejiyo/yolobot/install/interfaces/lib/libinterfaces__rosidl_typesupport_fastrtps_cpp.so
[0.596s] -- Up-to-date: /home/amejiyo/yolobot/install/interfaces/include/interfaces
[0.597s] -- Up-to-date: /home/amejiyo/yolobot/install/interfaces/include/interfaces/msg
[0.600s] -- Up-to-date: /home/amejiyo/yolobot/install/interfaces/include/interfaces/msg/detail
[0.602s] -- Up-to-date: /home/amejiyo/yolobot/install/interfaces/include/interfaces/msg/detail/dect__rosidl_typesupport_introspection_c.h
[0.602s] -- Up-to-date: /home/amejiyo/yolobot/install/interfaces/include/interfaces/msg/detail/dect__type_support.c
[0.603s] -- Up-to-date: /home/amejiyo/yolobot/install/interfaces/include/interfaces/msg/rosidl_typesupport_introspection_c__visibility_control.h
[0.603s] -- Up-to-date: /home/amejiyo/yolobot/install/interfaces/lib/libinterfaces__rosidl_typesupport_introspection_c.so
[0.603s] -- Up-to-date: /home/amejiyo/yolobot/install/interfaces/lib/libinterfaces__rosidl_typesupport_c.so
[0.603s] -- Up-to-date: /home/amejiyo/yolobot/install/interfaces/include/interfaces
[0.603s] -- Up-to-date: /home/amejiyo/yolobot/install/interfaces/include/interfaces/msg
[0.603s] -- Up-to-date: /home/amejiyo/yolobot/install/interfaces/include/interfaces/msg/detail
[0.603s] -- Up-to-date: /home/amejiyo/yolobot/install/interfaces/include/interfaces/msg/detail/dect__struct.hpp
[0.603s] -- Up-to-date: /home/amejiyo/yolobot/install/interfaces/include/interfaces/msg/detail/dect__traits.hpp
[0.603s] -- Up-to-date: /home/amejiyo/yolobot/install/interfaces/include/interfaces/msg/detail/dect__builder.hpp
[0.603s] -- Up-to-date: /home/amejiyo/yolobot/install/interfaces/include/interfaces/msg/dect.hpp
[0.603s] -- Up-to-date: /home/amejiyo/yolobot/install/interfaces/include/interfaces
[0.604s] -- Up-to-date: /home/amejiyo/yolobot/install/interfaces/include/interfaces/msg
[0.604s] -- Up-to-date: /home/amejiyo/yolobot/install/interfaces/include/interfaces/msg/detail
[0.604s] -- Up-to-date: /home/amejiyo/yolobot/install/interfaces/include/interfaces/msg/detail/dect__rosidl_typesupport_introspection_cpp.hpp
[0.604s] -- Up-to-date: /home/amejiyo/yolobot/install/interfaces/include/interfaces/msg/detail/dect__type_support.cpp
[0.604s] -- Up-to-date: /home/amejiyo/yolobot/install/interfaces/lib/libinterfaces__rosidl_typesupport_introspection_cpp.so
[0.604s] -- Up-to-date: /home/amejiyo/yolobot/install/interfaces/lib/libinterfaces__rosidl_typesupport_cpp.so
[0.604s] -- Up-to-date: /home/amejiyo/yolobot/install/interfaces/share/interfaces/environment/pythonpath.sh
[0.604s] -- Up-to-date: /home/amejiyo/yolobot/install/interfaces/share/interfaces/environment/pythonpath.dsv
[0.604s] -- Up-to-date: /home/amejiyo/yolobot/install/interfaces/lib/python3.8/site-packages/interfaces/__init__.py
[0.638s] -- Up-to-date: /home/amejiyo/yolobot/install/interfaces/lib/python3.8/site-packages/interfaces/msg
[0.639s] -- Up-to-date: /home/amejiyo/yolobot/install/interfaces/lib/python3.8/site-packages/interfaces/msg/_dect_s.c
[0.639s] -- Up-to-date: /home/amejiyo/yolobot/install/interfaces/lib/python3.8/site-packages/interfaces/msg/__init__.py
[0.639s] -- Up-to-date: /home/amejiyo/yolobot/install/interfaces/lib/python3.8/site-packages/interfaces/msg/_dect.py
[0.639s] -- Up-to-date: /home/amejiyo/yolobot/install/interfaces/lib/python3.8/site-packages/interfaces/interfaces_s__rosidl_typesupport_fastrtps_c.cpython-38-x86_64-linux-gnu.so
[0.639s] -- Up-to-date: /home/amejiyo/yolobot/install/interfaces/lib/python3.8/site-packages/interfaces/interfaces_s__rosidl_typesupport_introspection_c.cpython-38-x86_64-linux-gnu.so
[0.639s] -- Up-to-date: /home/amejiyo/yolobot/install/interfaces/lib/python3.8/site-packages/interfaces/interfaces_s__rosidl_typesupport_c.cpython-38-x86_64-linux-gnu.so
[0.640s] -- Up-to-date: /home/amejiyo/yolobot/install/interfaces/lib/libinterfaces__python.so
[0.640s] -- Up-to-date: /home/amejiyo/yolobot/install/interfaces/share/interfaces/msg/Dect.idl
[0.640s] -- Up-to-date: /home/amejiyo/yolobot/install/interfaces/share/interfaces/msg/Dect.msg
[0.640s] -- Up-to-date: /home/amejiyo/yolobot/install/interfaces/share/ament_index/resource_index/package_run_dependencies/interfaces
[0.640s] -- Up-to-date: /home/amejiyo/yolobot/install/interfaces/share/ament_index/resource_index/parent_prefix_path/interfaces
[0.640s] -- Up-to-date: /home/amejiyo/yolobot/install/interfaces/share/interfaces/environment/ament_prefix_path.sh
[0.640s] -- Up-to-date: /home/amejiyo/yolobot/install/interfaces/share/interfaces/environment/ament_prefix_path.dsv
[0.640s] -- Up-to-date: /home/amejiyo/yolobot/install/interfaces/share/interfaces/environment/path.sh
[0.640s] -- Up-to-date: /home/amejiyo/yolobot/install/interfaces/share/interfaces/environment/path.dsv
[0.640s] -- Up-to-date: /home/amejiyo/yolobot/install/interfaces/share/interfaces/local_setup.bash
[0.640s] -- Up-to-date: /home/amejiyo/yolobot/install/interfaces/share/interfaces/local_setup.sh
[0.640s] -- Up-to-date: /home/amejiyo/yolobot/install/interfaces/share/interfaces/local_setup.zsh
[0.641s] -- Up-to-date: /home/amejiyo/yolobot/install/interfaces/share/interfaces/local_setup.dsv
[0.641s] -- Up-to-date: /home/amejiyo/yolobot/install/interfaces/share/interfaces/package.dsv
[0.641s] -- Up-to-date: /home/amejiyo/yolobot/install/interfaces/share/ament_index/resource_index/packages/interfaces
[0.641s] -- Up-to-date: /home/amejiyo/yolobot/install/interfaces/share/interfaces/cmake/interfaces__rosidl_generator_cExport.cmake
[0.641s] -- Up-to-date: /home/amejiyo/yolobot/install/interfaces/share/interfaces/cmake/interfaces__rosidl_generator_cExport-noconfig.cmake
[0.642s] -- Up-to-date: /home/amejiyo/yolobot/install/interfaces/share/interfaces/cmake/interfaces__rosidl_typesupport_introspection_cExport.cmake
[0.642s] -- Up-to-date: /home/amejiyo/yolobot/install/interfaces/share/interfaces/cmake/interfaces__rosidl_typesupport_introspection_cExport-noconfig.cmake
[0.642s] -- Up-to-date: /home/amejiyo/yolobot/install/interfaces/share/interfaces/cmake/interfaces__rosidl_typesupport_cExport.cmake
[0.642s] -- Up-to-date: /home/amejiyo/yolobot/install/interfaces/share/interfaces/cmake/interfaces__rosidl_typesupport_cExport-noconfig.cmake
[0.644s] -- Up-to-date: /home/amejiyo/yolobot/install/interfaces/share/interfaces/cmake/interfaces__rosidl_generator_cppExport.cmake
[0.645s] -- Up-to-date: /home/amejiyo/yolobot/install/interfaces/share/interfaces/cmake/interfaces__rosidl_typesupport_introspection_cppExport.cmake
[0.645s] -- Up-to-date: /home/amejiyo/yolobot/install/interfaces/share/interfaces/cmake/interfaces__rosidl_typesupport_introspection_cppExport-noconfig.cmake
[0.645s] -- Up-to-date: /home/amejiyo/yolobot/install/interfaces/share/interfaces/cmake/interfaces__rosidl_typesupport_cppExport.cmake
[0.646s] -- Up-to-date: /home/amejiyo/yolobot/install/interfaces/share/interfaces/cmake/interfaces__rosidl_typesupport_cppExport-noconfig.cmake
[0.646s] -- Up-to-date: /home/amejiyo/yolobot/install/interfaces/share/interfaces/cmake/rosidl_cmake-extras.cmake
[0.646s] -- Up-to-date: /home/amejiyo/yolobot/install/interfaces/share/interfaces/cmake/ament_cmake_export_dependencies-extras.cmake
[0.646s] -- Up-to-date: /home/amejiyo/yolobot/install/interfaces/share/interfaces/cmake/ament_cmake_export_libraries-extras.cmake
[0.646s] -- Up-to-date: /home/amejiyo/yolobot/install/interfaces/share/interfaces/cmake/ament_cmake_export_targets-extras.cmake
[0.647s] -- Up-to-date: /home/amejiyo/yolobot/install/interfaces/share/interfaces/cmake/ament_cmake_export_include_directories-extras.cmake
[0.647s] -- Up-to-date: /home/amejiyo/yolobot/install/interfaces/share/interfaces/cmake/rosidl_cmake_export_typesupport_libraries-extras.cmake
[0.647s] -- Up-to-date: /home/amejiyo/yolobot/install/interfaces/share/interfaces/cmake/rosidl_cmake_export_typesupport_targets-extras.cmake
[0.647s] -- Up-to-date: /home/amejiyo/yolobot/install/interfaces/share/interfaces/cmake/interfacesConfig.cmake
[0.647s] -- Up-to-date: /home/amejiyo/yolobot/install/interfaces/share/interfaces/cmake/interfacesConfig-version.cmake
[0.647s] -- Up-to-date: /home/amejiyo/yolobot/install/interfaces/share/interfaces/package.xml
[0.679s] Invoked command in '/home/amejiyo/GitHub/502/detection/build/interfaces' returned '0': CMAKE_PREFIX_PATH=/opt/ros/foxy /usr/bin/cmake --install /home/amejiyo/GitHub/502/detection/build/interfaces
