[0.050s] Invoking command in '/home/amejiyo/yolobot/build/yolobot_recognition': CMAKE_PREFIX_PATH=${CMAKE_PREFIX_PATH}:/home/amejiyo/ros2_ws/install/py_pubsub:/home/amejiyo/ros2_ws/install/opencv_tests:/home/amejiyo/ros2_ws/install/detection:/opt/ros/foxy /usr/bin/cmake --build /home/amejiyo/yolobot/build/yolobot_recognition -- -j16 -l16
[0.099s] Invoked command in '/home/amejiyo/yolobot/build/yolobot_recognition' returned '0': CMAKE_PREFIX_PATH=${CMAKE_PREFIX_PATH}:/home/amejiyo/ros2_ws/install/py_pubsub:/home/amejiyo/ros2_ws/install/opencv_tests:/home/amejiyo/ros2_ws/install/detection:/opt/ros/foxy /usr/bin/cmake --build /home/amejiyo/yolobot/build/yolobot_recognition -- -j16 -l16
[0.135s] Invoking command in '/home/amejiyo/yolobot/build/yolobot_recognition': CMAKE_PREFIX_PATH=${CMAKE_PREFIX_PATH}:/home/amejiyo/ros2_ws/install/py_pubsub:/home/amejiyo/ros2_ws/install/opencv_tests:/home/amejiyo/ros2_ws/install/detection:/opt/ros/foxy /usr/bin/cmake --install /home/amejiyo/yolobot/build/yolobot_recognition
[0.144s] -- Install configuration: ""
[0.144s] -- Up-to-date: /home/amejiyo/yolobot/install/yolobot_recognition/share/ament_index/resource_index/package_run_dependencies/yolobot_recognition
[0.144s] -- Up-to-date: /home/amejiyo/yolobot/install/yolobot_recognition/share/ament_index/resource_index/parent_prefix_path/yolobot_recognition
[0.144s] -- Up-to-date: /home/amejiyo/yolobot/install/yolobot_recognition/share/yolobot_recognition/environment/ament_prefix_path.sh
[0.144s] -- Up-to-date: /home/amejiyo/yolobot/install/yolobot_recognition/share/yolobot_recognition/environment/ament_prefix_path.dsv
[0.145s] -- Up-to-date: /home/amejiyo/yolobot/install/yolobot_recognition/share/yolobot_recognition/environment/path.sh
[0.145s] -- Up-to-date: /home/amejiyo/yolobot/install/yolobot_recognition/share/yolobot_recognition/environment/path.dsv
[0.145s] -- Up-to-date: /home/amejiyo/yolobot/install/yolobot_recognition/share/yolobot_recognition/local_setup.bash
[0.145s] -- Up-to-date: /home/amejiyo/yolobot/install/yolobot_recognition/share/yolobot_recognition/local_setup.sh
[0.145s] -- Up-to-date: /home/amejiyo/yolobot/install/yolobot_recognition/share/yolobot_recognition/local_setup.zsh
[0.145s] -- Up-to-date: /home/amejiyo/yolobot/install/yolobot_recognition/share/yolobot_recognition/local_setup.dsv
[0.146s] -- Installing: /home/amejiyo/yolobot/install/yolobot_recognition/share/yolobot_recognition/package.dsv
[0.146s] -- Up-to-date: /home/amejiyo/yolobot/install/yolobot_recognition/share/ament_index/resource_index/packages/yolobot_recognition
[0.146s] -- Up-to-date: /home/amejiyo/yolobot/install/yolobot_recognition/share/yolobot_recognition/cmake/yolobot_recognitionConfig.cmake
[0.146s] -- Up-to-date: /home/amejiyo/yolobot/install/yolobot_recognition/share/yolobot_recognition/cmake/yolobot_recognitionConfig-version.cmake
[0.146s] -- Up-to-date: /home/amejiyo/yolobot/install/yolobot_recognition/share/yolobot_recognition/package.xml
[0.185s] Invoked command in '/home/amejiyo/yolobot/build/yolobot_recognition' returned '0': CMAKE_PREFIX_PATH=${CMAKE_PREFIX_PATH}:/home/amejiyo/ros2_ws/install/py_pubsub:/home/amejiyo/ros2_ws/install/opencv_tests:/home/amejiyo/ros2_ws/install/detection:/opt/ros/foxy /usr/bin/cmake --install /home/amejiyo/yolobot/build/yolobot_recognition
