[0.747s] Invoking command in '/home/amejiyo/yolobot/src/yoloDetection': PYTHONPATH=/home/amejiyo/yolobot/install/yoloDetection/lib/python3.8/site-packages:${PYTHONPATH} /usr/bin/python3 setup.py egg_info --egg-base ../../build/yoloDetection build --build-base /home/amejiyo/yolobot/build/yoloDetection/build install --prefix /home/amejiyo/yolobot/install/yoloDetection --record /home/amejiyo/yolobot/build/yoloDetection/install.log --single-version-externally-managed
[0.949s] running egg_info
[0.950s] creating ../../build/yoloDetection/yoloDetection.egg-info
[0.950s] writing ../../build/yoloDetection/yoloDetection.egg-info/PKG-INFO
[0.950s] writing dependency_links to ../../build/yoloDetection/yoloDetection.egg-info/dependency_links.txt
[0.950s] writing entry points to ../../build/yoloDetection/yoloDetection.egg-info/entry_points.txt
[0.950s] writing requirements to ../../build/yoloDetection/yoloDetection.egg-info/requires.txt
[0.950s] writing top-level names to ../../build/yoloDetection/yoloDetection.egg-info/top_level.txt
[0.952s] writing manifest file '../../build/yoloDetection/yoloDetection.egg-info/SOURCES.txt'
[0.981s] reading manifest file '../../build/yoloDetection/yoloDetection.egg-info/SOURCES.txt'
[0.982s] writing manifest file '../../build/yoloDetection/yoloDetection.egg-info/SOURCES.txt'
[0.982s] running build
[0.982s] running build_py
[0.983s] creating /home/amejiyo/yolobot/build/yoloDetection/build
[0.983s] creating /home/amejiyo/yolobot/build/yoloDetection/build/lib
[0.983s] creating /home/amejiyo/yolobot/build/yoloDetection/build/lib/yoloDetection
[0.983s] copying yoloDetection/detect.py -> /home/amejiyo/yolobot/build/yoloDetection/build/lib/yoloDetection
[0.983s] copying yoloDetection/__init__.py -> /home/amejiyo/yolobot/build/yoloDetection/build/lib/yoloDetection
[0.984s] running install
[0.984s] running install_lib
[0.984s] creating /home/amejiyo/yolobot/install/yoloDetection/lib/python3.8/site-packages/yoloDetection
[0.984s] copying /home/amejiyo/yolobot/build/yoloDetection/build/lib/yoloDetection/detect.py -> /home/amejiyo/yolobot/install/yoloDetection/lib/python3.8/site-packages/yoloDetection
[0.984s] copying /home/amejiyo/yolobot/build/yoloDetection/build/lib/yoloDetection/__init__.py -> /home/amejiyo/yolobot/install/yoloDetection/lib/python3.8/site-packages/yoloDetection
[0.985s] byte-compiling /home/amejiyo/yolobot/install/yoloDetection/lib/python3.8/site-packages/yoloDetection/detect.py to detect.cpython-38.pyc
[0.987s] byte-compiling /home/amejiyo/yolobot/install/yoloDetection/lib/python3.8/site-packages/yoloDetection/__init__.py to __init__.cpython-38.pyc
[0.987s] running install_data
[0.988s] creating /home/amejiyo/yolobot/install/yoloDetection/share/ament_index
[0.988s] creating /home/amejiyo/yolobot/install/yoloDetection/share/ament_index/resource_index
[0.988s] creating /home/amejiyo/yolobot/install/yoloDetection/share/ament_index/resource_index/packages
[0.988s] copying resource/yoloDetection -> /home/amejiyo/yolobot/install/yoloDetection/share/ament_index/resource_index/packages
[0.988s] copying package.xml -> /home/amejiyo/yolobot/install/yoloDetection/share/yoloDetection
[0.988s] running install_egg_info
[0.989s] Copying ../../build/yoloDetection/yoloDetection.egg-info to /home/amejiyo/yolobot/install/yoloDetection/lib/python3.8/site-packages/yoloDetection-0.0.0-py3.8.egg-info
[0.990s] running install_scripts
[1.005s] Installing detect_talker script to /home/amejiyo/yolobot/install/yoloDetection/lib/yoloDetection
[1.005s] writing list of installed files to '/home/amejiyo/yolobot/build/yoloDetection/install.log'
[1.036s] Invoked command in '/home/amejiyo/yolobot/src/yoloDetection' returned '0': PYTHONPATH=/home/amejiyo/yolobot/install/yoloDetection/lib/python3.8/site-packages:${PYTHONPATH} /usr/bin/python3 setup.py egg_info --egg-base ../../build/yoloDetection build --build-base /home/amejiyo/yolobot/build/yoloDetection/build install --prefix /home/amejiyo/yolobot/install/yoloDetection --record /home/amejiyo/yolobot/build/yoloDetection/install.log --single-version-externally-managed
