[0.043s] Invoking command in '/home/amejiyo/yolobot/build/yolobot_gazebo': CMAKE_PREFIX_PATH=${CMAKE_PREFIX_PATH}:/home/amejiyo/ros2_ws/install/py_pubsub:/home/amejiyo/ros2_ws/install/opencv_tests:/home/amejiyo/ros2_ws/install/detection:/opt/ros/foxy /usr/bin/cmake /home/amejiyo/yolobot/src/yolobot_gazebo -DCMAKE_INSTALL_PREFIX=/home/amejiyo/yolobot/install/yolobot_gazebo
[0.149s] -- The C compiler identification is GNU 8.4.0
[0.249s] -- The CXX compiler identification is GNU 8.4.0
[0.254s] -- Check for working C compiler: /usr/bin/cc
[0.331s] -- Check for working C compiler: /usr/bin/cc -- works
[0.333s] -- Detecting C compiler ABI info
[0.408s] -- Detecting C compiler ABI info - done
[0.422s] -- Detecting C compile features
[0.423s] -- Detecting C compile features - done
[0.426s] -- Check for working CXX compiler: /usr/bin/c++
[0.511s] -- Check for working CXX compiler: /usr/bin/c++ -- works
[0.512s] -- Detecting CXX compiler ABI info
[0.596s] -- Detecting CXX compiler ABI info - done
[0.605s] -- Detecting CXX compile features
[0.606s] -- Detecting CXX compile features - done
[0.609s] -- Found ament_cmake: 0.9.9 (/opt/ros/foxy/share/ament_cmake/cmake)
[0.643s] -- Found PythonInterp: /usr/bin/python3 (found suitable version "3.8.10", minimum required is "3") 
[0.644s] -- Using PYTHON_EXECUTABLE: /usr/bin/python3
[0.883s] -- Found rclpy: 1.0.8 (/opt/ros/foxy/share/rclpy/cmake)
[0.885s] -- Found ament_lint_auto: 0.9.6 (/opt/ros/foxy/share/ament_lint_auto/cmake)
[1.020s] -- Added test 'copyright' to check source files copyright and LICENSE
[1.022s] -- Added test 'flake8' to check Python code syntax and style conventions
[1.023s] -- Added test 'lint_cmake' to check CMake code style
[1.024s] -- Added test 'pep257' to check Python code against some of the style conventions in PEP 257
[1.025s] -- Added test 'xmllint' to check XML markup files
[1.027s] -- Configuring done
[1.028s] -- Generating done
[1.029s] -- Build files have been written to: /home/amejiyo/yolobot/build/yolobot_gazebo
[1.034s] Invoked command in '/home/amejiyo/yolobot/build/yolobot_gazebo' returned '0': CMAKE_PREFIX_PATH=${CMAKE_PREFIX_PATH}:/home/amejiyo/ros2_ws/install/py_pubsub:/home/amejiyo/ros2_ws/install/opencv_tests:/home/amejiyo/ros2_ws/install/detection:/opt/ros/foxy /usr/bin/cmake /home/amejiyo/yolobot/src/yolobot_gazebo -DCMAKE_INSTALL_PREFIX=/home/amejiyo/yolobot/install/yolobot_gazebo
[1.039s] Invoking command in '/home/amejiyo/yolobot/build/yolobot_gazebo': CMAKE_PREFIX_PATH=${CMAKE_PREFIX_PATH}:/home/amejiyo/ros2_ws/install/py_pubsub:/home/amejiyo/ros2_ws/install/opencv_tests:/home/amejiyo/ros2_ws/install/detection:/opt/ros/foxy /usr/bin/cmake --build /home/amejiyo/yolobot/build/yolobot_gazebo -- -j16 -l16
[1.081s] Invoked command in '/home/amejiyo/yolobot/build/yolobot_gazebo' returned '0': CMAKE_PREFIX_PATH=${CMAKE_PREFIX_PATH}:/home/amejiyo/ros2_ws/install/py_pubsub:/home/amejiyo/ros2_ws/install/opencv_tests:/home/amejiyo/ros2_ws/install/detection:/opt/ros/foxy /usr/bin/cmake --build /home/amejiyo/yolobot/build/yolobot_gazebo -- -j16 -l16
[1.125s] Invoking command in '/home/amejiyo/yolobot/build/yolobot_gazebo': CMAKE_PREFIX_PATH=${CMAKE_PREFIX_PATH}:/home/amejiyo/ros2_ws/install/py_pubsub:/home/amejiyo/ros2_ws/install/opencv_tests:/home/amejiyo/ros2_ws/install/detection:/opt/ros/foxy /usr/bin/cmake --install /home/amejiyo/yolobot/build/yolobot_gazebo
[1.136s] -- Install configuration: ""
[1.137s] -- Installing: /home/amejiyo/yolobot/install/yolobot_gazebo/share/yolobot_gazebo//launch
[1.138s] -- Installing: /home/amejiyo/yolobot/install/yolobot_gazebo/share/yolobot_gazebo//launch/start_world_launch.py
[1.138s] -- Installing: /home/amejiyo/yolobot/install/yolobot_gazebo/share/yolobot_gazebo//launch/yolobot_launch.py
[1.138s] -- Installing: /home/amejiyo/yolobot/install/yolobot_gazebo/share/yolobot_gazebo//worlds
[1.138s] -- Installing: /home/amejiyo/yolobot/install/yolobot_gazebo/share/yolobot_gazebo//worlds/yolo_test.world
[1.138s] -- Installing: /home/amejiyo/yolobot/install/yolobot_gazebo/share/ament_index/resource_index/package_run_dependencies/yolobot_gazebo
[1.138s] -- Installing: /home/amejiyo/yolobot/install/yolobot_gazebo/share/ament_index/resource_index/parent_prefix_path/yolobot_gazebo
[1.138s] -- Installing: /home/amejiyo/yolobot/install/yolobot_gazebo/share/yolobot_gazebo/environment/ament_prefix_path.sh
[1.138s] -- Installing: /home/amejiyo/yolobot/install/yolobot_gazebo/share/yolobot_gazebo/environment/ament_prefix_path.dsv
[1.139s] -- Installing: /home/amejiyo/yolobot/install/yolobot_gazebo/share/yolobot_gazebo/environment/path.sh
[1.139s] -- Installing: /home/amejiyo/yolobot/install/yolobot_gazebo/share/yolobot_gazebo/environment/path.dsv
[1.139s] -- Installing: /home/amejiyo/yolobot/install/yolobot_gazebo/share/yolobot_gazebo/local_setup.bash
[1.139s] -- Installing: /home/amejiyo/yolobot/install/yolobot_gazebo/share/yolobot_gazebo/local_setup.sh
[1.141s] -- Installing: /home/amejiyo/yolobot/install/yolobot_gazebo/share/yolobot_gazebo/local_setup.zsh
[1.141s] -- Installing: /home/amejiyo/yolobot/install/yolobot_gazebo/share/yolobot_gazebo/local_setup.dsv
[1.142s] -- Installing: /home/amejiyo/yolobot/install/yolobot_gazebo/share/yolobot_gazebo/package.dsv
[1.142s] -- Installing: /home/amejiyo/yolobot/install/yolobot_gazebo/share/ament_index/resource_index/packages/yolobot_gazebo
[1.142s] -- Installing: /home/amejiyo/yolobot/install/yolobot_gazebo/share/yolobot_gazebo/cmake/yolobot_gazeboConfig.cmake
[1.142s] -- Installing: /home/amejiyo/yolobot/install/yolobot_gazebo/share/yolobot_gazebo/cmake/yolobot_gazeboConfig-version.cmake
[1.142s] -- Installing: /home/amejiyo/yolobot/install/yolobot_gazebo/share/yolobot_gazebo/package.xml
[1.143s] Invoked command in '/home/amejiyo/yolobot/build/yolobot_gazebo' returned '0': CMAKE_PREFIX_PATH=${CMAKE_PREFIX_PATH}:/home/amejiyo/ros2_ws/install/py_pubsub:/home/amejiyo/ros2_ws/install/opencv_tests:/home/amejiyo/ros2_ws/install/detection:/opt/ros/foxy /usr/bin/cmake --install /home/amejiyo/yolobot/build/yolobot_gazebo
