running egg_info
writing ../../build/yolobot_recognition/yolobot_recognition.egg-info/PKG-INFO
writing dependency_links to ../../build/yolobot_recognition/yolobot_recognition.egg-info/dependency_links.txt
writing entry points to ../../build/yolobot_recognition/yolobot_recognition.egg-info/entry_points.txt
writing requirements to ../../build/yolobot_recognition/yolobot_recognition.egg-info/requires.txt
writing top-level names to ../../build/yolobot_recognition/yolobot_recognition.egg-info/top_level.txt
package init file 'yolobot_recognition/detection_lib/__init__.py' not found (or not a regular file)
reading manifest file '../../build/yolobot_recognition/yolobot_recognition.egg-info/SOURCES.txt'
writing manifest file '../../build/yolobot_recognition/yolobot_recognition.egg-info/SOURCES.txt'
running build
running build_py
copying yolobot_recognition/fine_detect_publisher.py -> /home/amejiyo/yolobot/build/yolobot_recognition/build/lib/yolobot_recognition
copying yolobot_recognition/detection_lib/export.py -> /home/amejiyo/yolobot/build/yolobot_recognition/build/lib/yolobot_recognition/detection_lib
copying yolobot_recognition/detection_lib/ros_recognition_yolo.py -> /home/amejiyo/yolobot/build/yolobot_recognition/build/lib/yolobot_recognition/detection_lib
copying yolobot_recognition/detection_lib/hubconf.py -> /home/amejiyo/yolobot/build/yolobot_recognition/build/lib/yolobot_recognition/detection_lib
copying yolobot_recognition/detection_lib/detect_video.py -> /home/amejiyo/yolobot/build/yolobot_recognition/build/lib/yolobot_recognition/detection_lib
copying yolobot_recognition/detection_lib/test.py -> /home/amejiyo/yolobot/build/yolobot_recognition/build/lib/yolobot_recognition/detection_lib
copying yolobot_recognition/detection_lib/train.py -> /home/amejiyo/yolobot/build/yolobot_recognition/build/lib/yolobot_recognition/detection_lib
running install
running install_lib
copying /home/amejiyo/yolobot/build/yolobot_recognition/build/lib/yolobot_recognition/detection_lib/export.py -> /home/amejiyo/yolobot/install/yolobot_recognition/lib/python3.8/site-packages/yolobot_recognition/detection_lib
copying /home/amejiyo/yolobot/build/yolobot_recognition/build/lib/yolobot_recognition/detection_lib/ros_recognition_yolo.py -> /home/amejiyo/yolobot/install/yolobot_recognition/lib/python3.8/site-packages/yolobot_recognition/detection_lib
copying /home/amejiyo/yolobot/build/yolobot_recognition/build/lib/yolobot_recognition/detection_lib/hubconf.py -> /home/amejiyo/yolobot/install/yolobot_recognition/lib/python3.8/site-packages/yolobot_recognition/detection_lib
copying /home/amejiyo/yolobot/build/yolobot_recognition/build/lib/yolobot_recognition/detection_lib/detect_video.py -> /home/amejiyo/yolobot/install/yolobot_recognition/lib/python3.8/site-packages/yolobot_recognition/detection_lib
copying /home/amejiyo/yolobot/build/yolobot_recognition/build/lib/yolobot_recognition/detection_lib/test.py -> /home/amejiyo/yolobot/install/yolobot_recognition/lib/python3.8/site-packages/yolobot_recognition/detection_lib
copying /home/amejiyo/yolobot/build/yolobot_recognition/build/lib/yolobot_recognition/detection_lib/train.py -> /home/amejiyo/yolobot/install/yolobot_recognition/lib/python3.8/site-packages/yolobot_recognition/detection_lib
copying /home/amejiyo/yolobot/build/yolobot_recognition/build/lib/yolobot_recognition/fine_detect_publisher.py -> /home/amejiyo/yolobot/install/yolobot_recognition/lib/python3.8/site-packages/yolobot_recognition
byte-compiling /home/amejiyo/yolobot/install/yolobot_recognition/lib/python3.8/site-packages/yolobot_recognition/detection_lib/export.py to export.cpython-38.pyc
byte-compiling /home/amejiyo/yolobot/install/yolobot_recognition/lib/python3.8/site-packages/yolobot_recognition/detection_lib/ros_recognition_yolo.py to ros_recognition_yolo.cpython-38.pyc
byte-compiling /home/amejiyo/yolobot/install/yolobot_recognition/lib/python3.8/site-packages/yolobot_recognition/detection_lib/hubconf.py to hubconf.cpython-38.pyc
byte-compiling /home/amejiyo/yolobot/install/yolobot_recognition/lib/python3.8/site-packages/yolobot_recognition/detection_lib/detect_video.py to detect_video.cpython-38.pyc
byte-compiling /home/amejiyo/yolobot/install/yolobot_recognition/lib/python3.8/site-packages/yolobot_recognition/detection_lib/test.py to test.cpython-38.pyc
byte-compiling /home/amejiyo/yolobot/install/yolobot_recognition/lib/python3.8/site-packages/yolobot_recognition/detection_lib/train.py to train.cpython-38.pyc
byte-compiling /home/amejiyo/yolobot/install/yolobot_recognition/lib/python3.8/site-packages/yolobot_recognition/fine_detect_publisher.py to fine_detect_publisher.cpython-38.pyc
running install_data
running install_egg_info
removing '/home/amejiyo/yolobot/install/yolobot_recognition/lib/python3.8/site-packages/yolobot_recognition-0.0.0-py3.8.egg-info' (and everything under it)
Copying ../../build/yolobot_recognition/yolobot_recognition.egg-info to /home/amejiyo/yolobot/install/yolobot_recognition/lib/python3.8/site-packages/yolobot_recognition-0.0.0-py3.8.egg-info
running install_scripts
Installing detect_talker script to /home/amejiyo/yolobot/install/yolobot_recognition/lib/yolobot_recognition
writing list of installed files to '/home/amejiyo/yolobot/build/yolobot_recognition/install.log'
