[0.049s] Invoking command in '/home/amejiyo/GitHub/502/detection/build/yolobot_description': CMAKE_PREFIX_PATH=/home/amejiyo/yolobot/install/yolobot_recognition:/home/amejiyo/yolobot/install/yolobot_gazebo:/home/amejiyo/yolobot/install/yolobot_detection:/home/amejiyo/yolobot/install/yolobot_description:/home/amejiyo/yolobot/install/yolobot_control:/home/amejiyo/yolobot/install/realsense_gazebo_plugin:/home/amejiyo/yolobot/install/interfaces:/opt/ros/foxy /usr/bin/cmake /home/amejiyo/GitHub/502/detection/src/yolobot_description -DCMAKE_INSTALL_PREFIX=/home/amejiyo/GitHub/502/detection/install/yolobot_description
[0.371s] -- The C compiler identification is GNU 8.4.0
[0.371s] -- The CXX compiler identification is GNU 8.4.0
[0.372s] -- Check for working C compiler: /usr/bin/cc
[0.372s] -- Check for working C compiler: /usr/bin/cc -- works
[0.372s] -- Detecting C compiler ABI info
[0.372s] -- Detecting C compiler ABI info - done
[0.372s] -- Detecting C compile features
[0.372s] -- Detecting C compile features - done
[0.372s] -- Check for working CXX compiler: /usr/bin/c++
[0.456s] -- Check for working CXX compiler: /usr/bin/c++ -- works
[0.458s] -- Detecting CXX compiler ABI info
[0.559s] -- Detecting CXX compiler ABI info - done
[0.570s] -- Detecting CXX compile features
[0.571s] -- Detecting CXX compile features - done
[0.574s] -- Found ament_cmake: 0.9.9 (/opt/ros/foxy/share/ament_cmake/cmake)
[0.609s] -- Found PythonInterp: /usr/bin/python3 (found suitable version "3.8.10", minimum required is "3") 
[0.609s] -- Using PYTHON_EXECUTABLE: /usr/bin/python3
[0.882s] -- Found urdf: 2.4.0 (/opt/ros/foxy/share/urdf/cmake)
[0.917s] -- Found ament_lint_auto: 0.9.6 (/opt/ros/foxy/share/ament_lint_auto/cmake)
[1.081s] -- Added test 'copyright' to check source files copyright and LICENSE
[1.084s] -- Added test 'flake8' to check Python code syntax and style conventions
[1.084s] -- Added test 'lint_cmake' to check CMake code style
[1.085s] -- Added test 'pep257' to check Python code against some of the style conventions in PEP 257
[1.087s] -- Added test 'xmllint' to check XML markup files
[1.090s] -- Configuring done
[1.093s] -- Generating done
[1.094s] -- Build files have been written to: /home/amejiyo/GitHub/502/detection/build/yolobot_description
[1.106s] Invoked command in '/home/amejiyo/GitHub/502/detection/build/yolobot_description' returned '0': CMAKE_PREFIX_PATH=/home/amejiyo/yolobot/install/yolobot_recognition:/home/amejiyo/yolobot/install/yolobot_gazebo:/home/amejiyo/yolobot/install/yolobot_detection:/home/amejiyo/yolobot/install/yolobot_description:/home/amejiyo/yolobot/install/yolobot_control:/home/amejiyo/yolobot/install/realsense_gazebo_plugin:/home/amejiyo/yolobot/install/interfaces:/opt/ros/foxy /usr/bin/cmake /home/amejiyo/GitHub/502/detection/src/yolobot_description -DCMAKE_INSTALL_PREFIX=/home/amejiyo/GitHub/502/detection/install/yolobot_description
[1.110s] Invoking command in '/home/amejiyo/GitHub/502/detection/build/yolobot_description': CMAKE_PREFIX_PATH=/home/amejiyo/yolobot/install/yolobot_recognition:/home/amejiyo/yolobot/install/yolobot_gazebo:/home/amejiyo/yolobot/install/yolobot_detection:/home/amejiyo/yolobot/install/yolobot_description:/home/amejiyo/yolobot/install/yolobot_control:/home/amejiyo/yolobot/install/realsense_gazebo_plugin:/home/amejiyo/yolobot/install/interfaces:/opt/ros/foxy /usr/bin/cmake --build /home/amejiyo/GitHub/502/detection/build/yolobot_description -- -j16 -l16
[1.161s] Invoked command in '/home/amejiyo/GitHub/502/detection/build/yolobot_description' returned '0': CMAKE_PREFIX_PATH=/home/amejiyo/yolobot/install/yolobot_recognition:/home/amejiyo/yolobot/install/yolobot_gazebo:/home/amejiyo/yolobot/install/yolobot_detection:/home/amejiyo/yolobot/install/yolobot_description:/home/amejiyo/yolobot/install/yolobot_control:/home/amejiyo/yolobot/install/realsense_gazebo_plugin:/home/amejiyo/yolobot/install/interfaces:/opt/ros/foxy /usr/bin/cmake --build /home/amejiyo/GitHub/502/detection/build/yolobot_description -- -j16 -l16
[1.192s] Invoking command in '/home/amejiyo/GitHub/502/detection/build/yolobot_description': CMAKE_PREFIX_PATH=/home/amejiyo/yolobot/install/yolobot_recognition:/home/amejiyo/yolobot/install/yolobot_gazebo:/home/amejiyo/yolobot/install/yolobot_detection:/home/amejiyo/yolobot/install/yolobot_description:/home/amejiyo/yolobot/install/yolobot_control:/home/amejiyo/yolobot/install/realsense_gazebo_plugin:/home/amejiyo/yolobot/install/interfaces:/opt/ros/foxy /usr/bin/cmake --install /home/amejiyo/GitHub/502/detection/build/yolobot_description
[1.203s] -- Install configuration: ""
[1.204s] -- Installing: /home/amejiyo/GitHub/502/detection/install/yolobot_description/share/yolobot_description//launch
[1.204s] -- Installing: /home/amejiyo/GitHub/502/detection/install/yolobot_description/share/yolobot_description//launch/spawn_yolobot.py
[1.204s] -- Installing: /home/amejiyo/GitHub/502/detection/install/yolobot_description/share/yolobot_description//launch/spawn_yolobot_launch.launch.py
[1.204s] -- Installing: /home/amejiyo/GitHub/502/detection/install/yolobot_description/share/yolobot_description//robot
[1.204s] -- Installing: /home/amejiyo/GitHub/502/detection/install/yolobot_description/share/yolobot_description//robot/yolobot.urdf
[1.204s] -- Installing: /home/amejiyo/GitHub/502/detection/install/yolobot_description/lib/yolobot_description/spawn_yolobot.py
[1.205s] -- Installing: /home/amejiyo/GitHub/502/detection/install/yolobot_description/share/ament_index/resource_index/package_run_dependencies/yolobot_description
[1.205s] -- Installing: /home/amejiyo/GitHub/502/detection/install/yolobot_description/share/ament_index/resource_index/parent_prefix_path/yolobot_description
[1.205s] -- Installing: /home/amejiyo/GitHub/502/detection/install/yolobot_description/share/yolobot_description/environment/ament_prefix_path.sh
[1.205s] -- Installing: /home/amejiyo/GitHub/502/detection/install/yolobot_description/share/yolobot_description/environment/ament_prefix_path.dsv
[1.205s] -- Installing: /home/amejiyo/GitHub/502/detection/install/yolobot_description/share/yolobot_description/environment/path.sh
[1.205s] -- Installing: /home/amejiyo/GitHub/502/detection/install/yolobot_description/share/yolobot_description/environment/path.dsv
[1.205s] -- Installing: /home/amejiyo/GitHub/502/detection/install/yolobot_description/share/yolobot_description/local_setup.bash
[1.205s] -- Installing: /home/amejiyo/GitHub/502/detection/install/yolobot_description/share/yolobot_description/local_setup.sh
[1.205s] -- Installing: /home/amejiyo/GitHub/502/detection/install/yolobot_description/share/yolobot_description/local_setup.zsh
[1.205s] -- Installing: /home/amejiyo/GitHub/502/detection/install/yolobot_description/share/yolobot_description/local_setup.dsv
[1.206s] -- Installing: /home/amejiyo/GitHub/502/detection/install/yolobot_description/share/yolobot_description/package.dsv
[1.206s] -- Installing: /home/amejiyo/GitHub/502/detection/install/yolobot_description/share/ament_index/resource_index/packages/yolobot_description
[1.206s] -- Installing: /home/amejiyo/GitHub/502/detection/install/yolobot_description/share/yolobot_description/cmake/yolobot_descriptionConfig.cmake
[1.206s] -- Installing: /home/amejiyo/GitHub/502/detection/install/yolobot_description/share/yolobot_description/cmake/yolobot_descriptionConfig-version.cmake
[1.206s] -- Installing: /home/amejiyo/GitHub/502/detection/install/yolobot_description/share/yolobot_description/package.xml
[1.210s] Invoked command in '/home/amejiyo/GitHub/502/detection/build/yolobot_description' returned '0': CMAKE_PREFIX_PATH=/home/amejiyo/yolobot/install/yolobot_recognition:/home/amejiyo/yolobot/install/yolobot_gazebo:/home/amejiyo/yolobot/install/yolobot_detection:/home/amejiyo/yolobot/install/yolobot_description:/home/amejiyo/yolobot/install/yolobot_control:/home/amejiyo/yolobot/install/realsense_gazebo_plugin:/home/amejiyo/yolobot/install/interfaces:/opt/ros/foxy /usr/bin/cmake --install /home/amejiyo/GitHub/502/detection/build/yolobot_description
