[0.985s] Invoking command in '/home/amejiyo/ros2_ws/src/detection': PYTHONPATH=/home/amejiyo/ros2_ws/install/detection/lib/python3.8/site-packages:${PYTHONPATH} /usr/bin/python3 setup.py egg_info --egg-base ../../build/detection build --build-base /home/amejiyo/ros2_ws/build/detection/build install --prefix /home/amejiyo/ros2_ws/install/detection --record /home/amejiyo/ros2_ws/build/detection/install.log --single-version-externally-managed
[1.204s] running egg_info
[1.204s] writing ../../build/detection/detection.egg-info/PKG-INFO
[1.204s] writing dependency_links to ../../build/detection/detection.egg-info/dependency_links.txt
[1.205s] writing entry points to ../../build/detection/detection.egg-info/entry_points.txt
[1.205s] writing requirements to ../../build/detection/detection.egg-info/requires.txt
[1.205s] writing top-level names to ../../build/detection/detection.egg-info/top_level.txt
[1.235s] package init file 'detection/detection_lib/__init__.py' not found (or not a regular file)
[1.235s] reading manifest file '../../build/detection/detection.egg-info/SOURCES.txt'
[1.236s] writing manifest file '../../build/detection/detection.egg-info/SOURCES.txt'
[1.236s] running build
[1.237s] running build_py
[1.237s] copying detection/fine_detect_publisher.py -> /home/amejiyo/ros2_ws/build/detection/build/lib/detection
[1.237s] running install
[1.238s] running install_lib
[1.239s] copying /home/amejiyo/ros2_ws/build/detection/build/lib/detection/fine_detect_publisher.py -> /home/amejiyo/ros2_ws/install/detection/lib/python3.8/site-packages/detection
[1.240s] byte-compiling /home/amejiyo/ros2_ws/install/detection/lib/python3.8/site-packages/detection/fine_detect_publisher.py to fine_detect_publisher.cpython-38.pyc
[1.242s] running install_data
[1.243s] running install_egg_info
[1.245s] removing '/home/amejiyo/ros2_ws/install/detection/lib/python3.8/site-packages/detection-0.0.0-py3.8.egg-info' (and everything under it)
[1.245s] Copying ../../build/detection/detection.egg-info to /home/amejiyo/ros2_ws/install/detection/lib/python3.8/site-packages/detection-0.0.0-py3.8.egg-info
[1.246s] running install_scripts
[1.266s] Installing detect_talker script to /home/amejiyo/ros2_ws/install/detection/lib/detection
[1.267s] writing list of installed files to '/home/amejiyo/ros2_ws/build/detection/install.log'
[1.299s] Invoked command in '/home/amejiyo/ros2_ws/src/detection' returned '0': PYTHONPATH=/home/amejiyo/ros2_ws/install/detection/lib/python3.8/site-packages:${PYTHONPATH} /usr/bin/python3 setup.py egg_info --egg-base ../../build/detection build --build-base /home/amejiyo/ros2_ws/build/detection/build install --prefix /home/amejiyo/ros2_ws/install/detection --record /home/amejiyo/ros2_ws/build/detection/install.log --single-version-externally-managed
