[0.300s] Invoking command in '/home/amejiyo/GitHub/502/detection/build/yolobot_recognition': CMAKE_PREFIX_PATH=/home/amejiyo/GitHub/502/detection/install/yolobot_recognition:/home/amejiyo/GitHub/502/detection/install/yolobot_gazebo:/home/amejiyo/GitHub/502/detection/install/yolobot_description:/home/amejiyo/GitHub/502/detection/install/yolobot_control:/home/amejiyo/GitHub/502/detection/install/yolobot_detection:/opt/ros/foxy:/home/amejiyo/GitHub/502/detection/install/realsense_gazebo_plugin:/home/amejiyo/GitHub/502/detection/install/interfaces /usr/bin/cmake --build /home/amejiyo/GitHub/502/detection/build/yolobot_recognition -- -j16 -l16
[0.349s] Invoked command in '/home/amejiyo/GitHub/502/detection/build/yolobot_recognition' returned '0': CMAKE_PREFIX_PATH=/home/amejiyo/GitHub/502/detection/install/yolobot_recognition:/home/amejiyo/GitHub/502/detection/install/yolobot_gazebo:/home/amejiyo/GitHub/502/detection/install/yolobot_description:/home/amejiyo/GitHub/502/detection/install/yolobot_control:/home/amejiyo/GitHub/502/detection/install/yolobot_detection:/opt/ros/foxy:/home/amejiyo/GitHub/502/detection/install/realsense_gazebo_plugin:/home/amejiyo/GitHub/502/detection/install/interfaces /usr/bin/cmake --build /home/amejiyo/GitHub/502/detection/build/yolobot_recognition -- -j16 -l16
[0.415s] Invoking command in '/home/amejiyo/GitHub/502/detection/build/yolobot_recognition': CMAKE_PREFIX_PATH=/home/amejiyo/GitHub/502/detection/install/yolobot_recognition:/home/amejiyo/GitHub/502/detection/install/yolobot_gazebo:/home/amejiyo/GitHub/502/detection/install/yolobot_description:/home/amejiyo/GitHub/502/detection/install/yolobot_control:/home/amejiyo/GitHub/502/detection/install/yolobot_detection:/opt/ros/foxy:/home/amejiyo/GitHub/502/detection/install/realsense_gazebo_plugin:/home/amejiyo/GitHub/502/detection/install/interfaces /usr/bin/cmake --install /home/amejiyo/GitHub/502/detection/build/yolobot_recognition
[0.441s] -- Install configuration: ""
[0.441s] -- Up-to-date: /home/amejiyo/GitHub/502/detection/install/yolobot_recognition/share/ament_index/resource_index/package_run_dependencies/yolobot_recognition
[0.441s] -- Up-to-date: /home/amejiyo/GitHub/502/detection/install/yolobot_recognition/share/ament_index/resource_index/parent_prefix_path/yolobot_recognition
[0.441s] -- Up-to-date: /home/amejiyo/GitHub/502/detection/install/yolobot_recognition/share/yolobot_recognition/environment/ament_prefix_path.sh
[0.441s] -- Up-to-date: /home/amejiyo/GitHub/502/detection/install/yolobot_recognition/share/yolobot_recognition/environment/ament_prefix_path.dsv
[0.441s] -- Up-to-date: /home/amejiyo/GitHub/502/detection/install/yolobot_recognition/share/yolobot_recognition/environment/path.sh
[0.441s] -- Up-to-date: /home/amejiyo/GitHub/502/detection/install/yolobot_recognition/share/yolobot_recognition/environment/path.dsv
[0.441s] -- Up-to-date: /home/amejiyo/GitHub/502/detection/install/yolobot_recognition/share/yolobot_recognition/local_setup.bash
[0.442s] -- Up-to-date: /home/amejiyo/GitHub/502/detection/install/yolobot_recognition/share/yolobot_recognition/local_setup.sh
[0.442s] -- Up-to-date: /home/amejiyo/GitHub/502/detection/install/yolobot_recognition/share/yolobot_recognition/local_setup.zsh
[0.442s] -- Up-to-date: /home/amejiyo/GitHub/502/detection/install/yolobot_recognition/share/yolobot_recognition/local_setup.dsv
[0.442s] -- Installing: /home/amejiyo/GitHub/502/detection/install/yolobot_recognition/share/yolobot_recognition/package.dsv
[0.442s] -- Up-to-date: /home/amejiyo/GitHub/502/detection/install/yolobot_recognition/share/ament_index/resource_index/packages/yolobot_recognition
[0.443s] -- Up-to-date: /home/amejiyo/GitHub/502/detection/install/yolobot_recognition/share/yolobot_recognition/cmake/yolobot_recognitionConfig.cmake
[0.444s] -- Up-to-date: /home/amejiyo/GitHub/502/detection/install/yolobot_recognition/share/yolobot_recognition/cmake/yolobot_recognitionConfig-version.cmake
[0.444s] -- Up-to-date: /home/amejiyo/GitHub/502/detection/install/yolobot_recognition/share/yolobot_recognition/package.xml
[0.445s] Invoked command in '/home/amejiyo/GitHub/502/detection/build/yolobot_recognition' returned '0': CMAKE_PREFIX_PATH=/home/amejiyo/GitHub/502/detection/install/yolobot_recognition:/home/amejiyo/GitHub/502/detection/install/yolobot_gazebo:/home/amejiyo/GitHub/502/detection/install/yolobot_description:/home/amejiyo/GitHub/502/detection/install/yolobot_control:/home/amejiyo/GitHub/502/detection/install/yolobot_detection:/opt/ros/foxy:/home/amejiyo/GitHub/502/detection/install/realsense_gazebo_plugin:/home/amejiyo/GitHub/502/detection/install/interfaces /usr/bin/cmake --install /home/amejiyo/GitHub/502/detection/build/yolobot_recognition
