[0.173s] DEBUG:colcon:Command line arguments: ['/usr/bin/colcon', 'build']
[0.173s] DEBUG:colcon:Parsed command line arguments: Namespace(allow_overriding=[], ament_cmake_args=None, base_paths=['.'], build_base='build', catkin_cmake_args=None, catkin_skip_building_tests=False, cmake_args=None, cmake_clean_cache=False, cmake_clean_first=False, cmake_force_configure=False, cmake_target=None, cmake_target_skip_unavailable=False, continue_on_error=False, event_handlers=None, executor='parallel', ignore_user_meta=False, install_base='install', log_base=None, log_level=None, main=<bound method BuildVerb.main of <colcon_core.verb.build.BuildVerb object at 0x7f4adc5b99a0>>, merge_install=False, metas=['./colcon.meta'], packages_above=None, packages_above_and_dependencies=None, packages_above_depth=None, packages_end=None, packages_ignore=None, packages_ignore_regex=None, packages_select=None, packages_select_build_failed=False, packages_select_by_dep=None, packages_select_regex=None, packages_select_test_failures=False, packages_skip=None, packages_skip_build_finished=False, packages_skip_by_dep=None, packages_skip_regex=None, packages_skip_test_passed=False, packages_skip_up_to=None, packages_start=None, packages_up_to=None, packages_up_to_regex=None, parallel_workers=16, paths=None, symlink_install=False, test_result_base=None, verb_extension=<colcon_core.verb.build.BuildVerb object at 0x7f4adc5b99a0>, verb_name='build', verb_parser=<colcon_defaults.argument_parser.defaults.DefaultArgumentsDecorator object at 0x7f4adc5b9f10>)
[0.209s] Level 1:colcon.colcon_core.package_discovery:discover_packages(colcon_meta) check parameters
[0.209s] Level 1:colcon.colcon_core.package_discovery:discover_packages(recursive) check parameters
[0.209s] Level 1:colcon.colcon_core.package_discovery:discover_packages(ignore) check parameters
[0.209s] Level 1:colcon.colcon_core.package_discovery:discover_packages(path) check parameters
[0.209s] Level 1:colcon.colcon_core.package_discovery:discover_packages(colcon_meta) discover
[0.209s] Level 1:colcon.colcon_core.package_discovery:discover_packages(recursive) discover
[0.209s] INFO:colcon.colcon_core.package_discovery:Crawling recursively for packages in '/home/amejiyo/GitHub/502/detection'
[0.209s] Level 1:colcon.colcon_core.package_identification:_identify(.) by extensions ['ignore', 'ignore_ament_install']
[0.209s] Level 1:colcon.colcon_core.package_identification:_identify(.) by extension 'ignore'
[0.209s] Level 1:colcon.colcon_core.package_identification:_identify(.) by extension 'ignore_ament_install'
[0.210s] Level 1:colcon.colcon_core.package_identification:_identify(.) by extensions ['colcon_pkg']
[0.210s] Level 1:colcon.colcon_core.package_identification:_identify(.) by extension 'colcon_pkg'
[0.210s] Level 1:colcon.colcon_core.package_identification:_identify(.) by extensions ['colcon_meta']
[0.210s] Level 1:colcon.colcon_core.package_identification:_identify(.) by extension 'colcon_meta'
[0.210s] Level 1:colcon.colcon_core.package_identification:_identify(.) by extensions ['ros']
[0.210s] Level 1:colcon.colcon_core.package_identification:_identify(.) by extension 'ros'
[0.266s] Level 1:colcon.colcon_core.package_identification:_identify(.) by extensions ['cmake', 'python']
[0.266s] Level 1:colcon.colcon_core.package_identification:_identify(.) by extension 'cmake'
[0.266s] Level 1:colcon.colcon_core.package_identification:_identify(.) by extension 'python'
[0.266s] Level 1:colcon.colcon_core.package_identification:_identify(.) by extensions ['python_setup_py']
[0.266s] Level 1:colcon.colcon_core.package_identification:_identify(.) by extension 'python_setup_py'
[0.266s] Level 1:colcon.colcon_core.package_identification:_identify(build) by extensions ['ignore', 'ignore_ament_install']
[0.266s] Level 1:colcon.colcon_core.package_identification:_identify(build) by extension 'ignore'
[0.266s] Level 1:colcon.colcon_core.package_identification:_identify(build) ignored
[0.267s] Level 1:colcon.colcon_core.package_identification:_identify(install) by extensions ['ignore', 'ignore_ament_install']
[0.267s] Level 1:colcon.colcon_core.package_identification:_identify(install) by extension 'ignore'
[0.267s] Level 1:colcon.colcon_core.package_identification:_identify(install) ignored
[0.267s] Level 1:colcon.colcon_core.package_identification:_identify(log) by extensions ['ignore', 'ignore_ament_install']
[0.267s] Level 1:colcon.colcon_core.package_identification:_identify(log) by extension 'ignore'
[0.267s] Level 1:colcon.colcon_core.package_identification:_identify(log) ignored
[0.267s] Level 1:colcon.colcon_core.package_identification:_identify(src) by extensions ['ignore', 'ignore_ament_install']
[0.267s] Level 1:colcon.colcon_core.package_identification:_identify(src) by extension 'ignore'
[0.268s] Level 1:colcon.colcon_core.package_identification:_identify(src) by extension 'ignore_ament_install'
[0.268s] Level 1:colcon.colcon_core.package_identification:_identify(src) by extensions ['colcon_pkg']
[0.268s] Level 1:colcon.colcon_core.package_identification:_identify(src) by extension 'colcon_pkg'
[0.268s] Level 1:colcon.colcon_core.package_identification:_identify(src) by extensions ['colcon_meta']
[0.268s] Level 1:colcon.colcon_core.package_identification:_identify(src) by extension 'colcon_meta'
[0.268s] Level 1:colcon.colcon_core.package_identification:_identify(src) by extensions ['ros']
[0.268s] Level 1:colcon.colcon_core.package_identification:_identify(src) by extension 'ros'
[0.268s] Level 1:colcon.colcon_core.package_identification:_identify(src) by extensions ['cmake', 'python']
[0.268s] Level 1:colcon.colcon_core.package_identification:_identify(src) by extension 'cmake'
[0.268s] Level 1:colcon.colcon_core.package_identification:_identify(src) by extension 'python'
[0.268s] Level 1:colcon.colcon_core.package_identification:_identify(src) by extensions ['python_setup_py']
[0.268s] Level 1:colcon.colcon_core.package_identification:_identify(src) by extension 'python_setup_py'
[0.268s] Level 1:colcon.colcon_core.package_identification:_identify(src/interfaces) by extensions ['ignore', 'ignore_ament_install']
[0.268s] Level 1:colcon.colcon_core.package_identification:_identify(src/interfaces) by extension 'ignore'
[0.268s] Level 1:colcon.colcon_core.package_identification:_identify(src/interfaces) by extension 'ignore_ament_install'
[0.268s] Level 1:colcon.colcon_core.package_identification:_identify(src/interfaces) by extensions ['colcon_pkg']
[0.268s] Level 1:colcon.colcon_core.package_identification:_identify(src/interfaces) by extension 'colcon_pkg'
[0.268s] Level 1:colcon.colcon_core.package_identification:_identify(src/interfaces) by extensions ['colcon_meta']
[0.268s] Level 1:colcon.colcon_core.package_identification:_identify(src/interfaces) by extension 'colcon_meta'
[0.268s] Level 1:colcon.colcon_core.package_identification:_identify(src/interfaces) by extensions ['ros']
[0.268s] Level 1:colcon.colcon_core.package_identification:_identify(src/interfaces) by extension 'ros'
[0.270s] DEBUG:colcon.colcon_core.package_identification:Package 'src/interfaces' with type 'ros.ament_cmake' and name 'interfaces'
[0.271s] Level 1:colcon.colcon_core.package_identification:_identify(src/realsense_gazebo_plugin) by extensions ['ignore', 'ignore_ament_install']
[0.271s] Level 1:colcon.colcon_core.package_identification:_identify(src/realsense_gazebo_plugin) by extension 'ignore'
[0.271s] Level 1:colcon.colcon_core.package_identification:_identify(src/realsense_gazebo_plugin) by extension 'ignore_ament_install'
[0.271s] Level 1:colcon.colcon_core.package_identification:_identify(src/realsense_gazebo_plugin) by extensions ['colcon_pkg']
[0.271s] Level 1:colcon.colcon_core.package_identification:_identify(src/realsense_gazebo_plugin) by extension 'colcon_pkg'
[0.271s] Level 1:colcon.colcon_core.package_identification:_identify(src/realsense_gazebo_plugin) by extensions ['colcon_meta']
[0.271s] Level 1:colcon.colcon_core.package_identification:_identify(src/realsense_gazebo_plugin) by extension 'colcon_meta'
[0.271s] Level 1:colcon.colcon_core.package_identification:_identify(src/realsense_gazebo_plugin) by extensions ['ros']
[0.271s] Level 1:colcon.colcon_core.package_identification:_identify(src/realsense_gazebo_plugin) by extension 'ros'
[0.272s] DEBUG:colcon.colcon_core.package_identification:Package 'src/realsense_gazebo_plugin' with type 'ros.catkin' and name 'realsense_gazebo_plugin'
[0.273s] Level 1:colcon.colcon_core.package_identification:_identify(src/yolobot_control) by extensions ['ignore', 'ignore_ament_install']
[0.273s] Level 1:colcon.colcon_core.package_identification:_identify(src/yolobot_control) by extension 'ignore'
[0.273s] Level 1:colcon.colcon_core.package_identification:_identify(src/yolobot_control) by extension 'ignore_ament_install'
[0.273s] Level 1:colcon.colcon_core.package_identification:_identify(src/yolobot_control) by extensions ['colcon_pkg']
[0.273s] Level 1:colcon.colcon_core.package_identification:_identify(src/yolobot_control) by extension 'colcon_pkg'
[0.273s] Level 1:colcon.colcon_core.package_identification:_identify(src/yolobot_control) by extensions ['colcon_meta']
[0.273s] Level 1:colcon.colcon_core.package_identification:_identify(src/yolobot_control) by extension 'colcon_meta'
[0.273s] Level 1:colcon.colcon_core.package_identification:_identify(src/yolobot_control) by extensions ['ros']
[0.273s] Level 1:colcon.colcon_core.package_identification:_identify(src/yolobot_control) by extension 'ros'
[0.274s] DEBUG:colcon.colcon_core.package_identification:Package 'src/yolobot_control' with type 'ros.ament_cmake' and name 'yolobot_control'
[0.274s] Level 1:colcon.colcon_core.package_identification:_identify(src/yolobot_description) by extensions ['ignore', 'ignore_ament_install']
[0.274s] Level 1:colcon.colcon_core.package_identification:_identify(src/yolobot_description) by extension 'ignore'
[0.274s] Level 1:colcon.colcon_core.package_identification:_identify(src/yolobot_description) by extension 'ignore_ament_install'
[0.274s] Level 1:colcon.colcon_core.package_identification:_identify(src/yolobot_description) by extensions ['colcon_pkg']
[0.274s] Level 1:colcon.colcon_core.package_identification:_identify(src/yolobot_description) by extension 'colcon_pkg'
[0.275s] Level 1:colcon.colcon_core.package_identification:_identify(src/yolobot_description) by extensions ['colcon_meta']
[0.275s] Level 1:colcon.colcon_core.package_identification:_identify(src/yolobot_description) by extension 'colcon_meta'
[0.275s] Level 1:colcon.colcon_core.package_identification:_identify(src/yolobot_description) by extensions ['ros']
[0.275s] Level 1:colcon.colcon_core.package_identification:_identify(src/yolobot_description) by extension 'ros'
[0.275s] DEBUG:colcon.colcon_core.package_identification:Package 'src/yolobot_description' with type 'ros.ament_cmake' and name 'yolobot_description'
[0.276s] Level 1:colcon.colcon_core.package_identification:_identify(src/yolobot_detection) by extensions ['ignore', 'ignore_ament_install']
[0.276s] Level 1:colcon.colcon_core.package_identification:_identify(src/yolobot_detection) by extension 'ignore'
[0.276s] Level 1:colcon.colcon_core.package_identification:_identify(src/yolobot_detection) by extension 'ignore_ament_install'
[0.276s] Level 1:colcon.colcon_core.package_identification:_identify(src/yolobot_detection) by extensions ['colcon_pkg']
[0.276s] Level 1:colcon.colcon_core.package_identification:_identify(src/yolobot_detection) by extension 'colcon_pkg'
[0.276s] Level 1:colcon.colcon_core.package_identification:_identify(src/yolobot_detection) by extensions ['colcon_meta']
[0.276s] Level 1:colcon.colcon_core.package_identification:_identify(src/yolobot_detection) by extension 'colcon_meta'
[0.276s] Level 1:colcon.colcon_core.package_identification:_identify(src/yolobot_detection) by extensions ['ros']
[0.276s] Level 1:colcon.colcon_core.package_identification:_identify(src/yolobot_detection) by extension 'ros'
[0.277s] DEBUG:colcon.colcon_core.package_identification:Package 'src/yolobot_detection' with type 'ros.ament_python' and name 'yolobot_detection'
[0.277s] Level 1:colcon.colcon_core.package_identification:_identify(src/yolobot_gazebo) by extensions ['ignore', 'ignore_ament_install']
[0.277s] Level 1:colcon.colcon_core.package_identification:_identify(src/yolobot_gazebo) by extension 'ignore'
[0.277s] Level 1:colcon.colcon_core.package_identification:_identify(src/yolobot_gazebo) by extension 'ignore_ament_install'
[0.277s] Level 1:colcon.colcon_core.package_identification:_identify(src/yolobot_gazebo) by extensions ['colcon_pkg']
[0.277s] Level 1:colcon.colcon_core.package_identification:_identify(src/yolobot_gazebo) by extension 'colcon_pkg'
[0.277s] Level 1:colcon.colcon_core.package_identification:_identify(src/yolobot_gazebo) by extensions ['colcon_meta']
[0.277s] Level 1:colcon.colcon_core.package_identification:_identify(src/yolobot_gazebo) by extension 'colcon_meta'
[0.277s] Level 1:colcon.colcon_core.package_identification:_identify(src/yolobot_gazebo) by extensions ['ros']
[0.277s] Level 1:colcon.colcon_core.package_identification:_identify(src/yolobot_gazebo) by extension 'ros'
[0.278s] DEBUG:colcon.colcon_core.package_identification:Package 'src/yolobot_gazebo' with type 'ros.ament_cmake' and name 'yolobot_gazebo'
[0.278s] Level 1:colcon.colcon_core.package_identification:_identify(src/yolobot_recognition) by extensions ['ignore', 'ignore_ament_install']
[0.279s] Level 1:colcon.colcon_core.package_identification:_identify(src/yolobot_recognition) by extension 'ignore'
[0.279s] Level 1:colcon.colcon_core.package_identification:_identify(src/yolobot_recognition) by extension 'ignore_ament_install'
[0.279s] Level 1:colcon.colcon_core.package_identification:_identify(src/yolobot_recognition) by extensions ['colcon_pkg']
[0.279s] Level 1:colcon.colcon_core.package_identification:_identify(src/yolobot_recognition) by extension 'colcon_pkg'
[0.279s] Level 1:colcon.colcon_core.package_identification:_identify(src/yolobot_recognition) by extensions ['colcon_meta']
[0.279s] Level 1:colcon.colcon_core.package_identification:_identify(src/yolobot_recognition) by extension 'colcon_meta'
[0.279s] Level 1:colcon.colcon_core.package_identification:_identify(src/yolobot_recognition) by extensions ['ros']
[0.279s] Level 1:colcon.colcon_core.package_identification:_identify(src/yolobot_recognition) by extension 'ros'
[0.280s] DEBUG:colcon.colcon_core.package_identification:Package 'src/yolobot_recognition' with type 'ros.ament_cmake' and name 'yolobot_recognition'
[0.280s] Level 1:colcon.colcon_core.package_discovery:discover_packages(recursive) using defaults
[0.280s] Level 1:colcon.colcon_core.package_discovery:discover_packages(ignore) discover
[0.280s] Level 1:colcon.colcon_core.package_discovery:discover_packages(ignore) using defaults
[0.280s] Level 1:colcon.colcon_core.package_discovery:discover_packages(path) discover
[0.280s] Level 1:colcon.colcon_core.package_discovery:discover_packages(path) using defaults
[0.300s] Level 1:colcon.colcon_core.package_discovery:discover_packages(prefix_path) check parameters
[0.300s] Level 1:colcon.colcon_core.package_discovery:discover_packages(prefix_path) discover
[0.305s] DEBUG:colcon.colcon_installed_package_information.package_discovery:Found 7 installed packages in /home/amejiyo/GitHub/502/detection/install
[0.307s] DEBUG:colcon.colcon_installed_package_information.package_discovery:Found 270 installed packages in /opt/ros/foxy
[0.308s] Level 1:colcon.colcon_core.package_discovery:discover_packages(prefix_path) using defaults
[0.370s] Level 5:colcon.colcon_core.verb:set package 'interfaces' build argument 'cmake_args' from command line to 'None'
[0.370s] Level 5:colcon.colcon_core.verb:set package 'interfaces' build argument 'cmake_target' from command line to 'None'
[0.370s] Level 5:colcon.colcon_core.verb:set package 'interfaces' build argument 'cmake_target_skip_unavailable' from command line to 'False'
[0.370s] Level 5:colcon.colcon_core.verb:set package 'interfaces' build argument 'cmake_clean_cache' from command line to 'False'
[0.370s] Level 5:colcon.colcon_core.verb:set package 'interfaces' build argument 'cmake_clean_first' from command line to 'False'
[0.370s] Level 5:colcon.colcon_core.verb:set package 'interfaces' build argument 'cmake_force_configure' from command line to 'False'
[0.370s] Level 5:colcon.colcon_core.verb:set package 'interfaces' build argument 'ament_cmake_args' from command line to 'None'
[0.370s] Level 5:colcon.colcon_core.verb:set package 'interfaces' build argument 'catkin_cmake_args' from command line to 'None'
[0.370s] Level 5:colcon.colcon_core.verb:set package 'interfaces' build argument 'catkin_skip_building_tests' from command line to 'False'
[0.370s] DEBUG:colcon.colcon_core.verb:Building package 'interfaces' with the following arguments: {'ament_cmake_args': None, 'build_base': '/home/amejiyo/GitHub/502/detection/build/interfaces', 'catkin_cmake_args': None, 'catkin_skip_building_tests': False, 'cmake_args': None, 'cmake_clean_cache': False, 'cmake_clean_first': False, 'cmake_force_configure': False, 'cmake_target': None, 'cmake_target_skip_unavailable': False, 'install_base': '/home/amejiyo/GitHub/502/detection/install/interfaces', 'merge_install': False, 'path': '/home/amejiyo/GitHub/502/detection/src/interfaces', 'symlink_install': False, 'test_result_base': None}
[0.371s] Level 5:colcon.colcon_core.verb:set package 'realsense_gazebo_plugin' build argument 'cmake_args' from command line to 'None'
[0.371s] Level 5:colcon.colcon_core.verb:set package 'realsense_gazebo_plugin' build argument 'cmake_target' from command line to 'None'
[0.371s] Level 5:colcon.colcon_core.verb:set package 'realsense_gazebo_plugin' build argument 'cmake_target_skip_unavailable' from command line to 'False'
[0.371s] Level 5:colcon.colcon_core.verb:set package 'realsense_gazebo_plugin' build argument 'cmake_clean_cache' from command line to 'False'
[0.371s] Level 5:colcon.colcon_core.verb:set package 'realsense_gazebo_plugin' build argument 'cmake_clean_first' from command line to 'False'
[0.371s] Level 5:colcon.colcon_core.verb:set package 'realsense_gazebo_plugin' build argument 'cmake_force_configure' from command line to 'False'
[0.371s] Level 5:colcon.colcon_core.verb:set package 'realsense_gazebo_plugin' build argument 'ament_cmake_args' from command line to 'None'
[0.371s] Level 5:colcon.colcon_core.verb:set package 'realsense_gazebo_plugin' build argument 'catkin_cmake_args' from command line to 'None'
[0.371s] Level 5:colcon.colcon_core.verb:set package 'realsense_gazebo_plugin' build argument 'catkin_skip_building_tests' from command line to 'False'
[0.371s] DEBUG:colcon.colcon_core.verb:Building package 'realsense_gazebo_plugin' with the following arguments: {'ament_cmake_args': None, 'build_base': '/home/amejiyo/GitHub/502/detection/build/realsense_gazebo_plugin', 'catkin_cmake_args': None, 'catkin_skip_building_tests': False, 'cmake_args': None, 'cmake_clean_cache': False, 'cmake_clean_first': False, 'cmake_force_configure': False, 'cmake_target': None, 'cmake_target_skip_unavailable': False, 'install_base': '/home/amejiyo/GitHub/502/detection/install/realsense_gazebo_plugin', 'merge_install': False, 'path': '/home/amejiyo/GitHub/502/detection/src/realsense_gazebo_plugin', 'symlink_install': False, 'test_result_base': None}
[0.372s] Level 5:colcon.colcon_core.verb:set package 'yolobot_control' build argument 'cmake_args' from command line to 'None'
[0.372s] Level 5:colcon.colcon_core.verb:set package 'yolobot_control' build argument 'cmake_target' from command line to 'None'
[0.372s] Level 5:colcon.colcon_core.verb:set package 'yolobot_control' build argument 'cmake_target_skip_unavailable' from command line to 'False'
[0.372s] Level 5:colcon.colcon_core.verb:set package 'yolobot_control' build argument 'cmake_clean_cache' from command line to 'False'
[0.372s] Level 5:colcon.colcon_core.verb:set package 'yolobot_control' build argument 'cmake_clean_first' from command line to 'False'
[0.372s] Level 5:colcon.colcon_core.verb:set package 'yolobot_control' build argument 'cmake_force_configure' from command line to 'False'
[0.372s] Level 5:colcon.colcon_core.verb:set package 'yolobot_control' build argument 'ament_cmake_args' from command line to 'None'
[0.372s] Level 5:colcon.colcon_core.verb:set package 'yolobot_control' build argument 'catkin_cmake_args' from command line to 'None'
[0.372s] Level 5:colcon.colcon_core.verb:set package 'yolobot_control' build argument 'catkin_skip_building_tests' from command line to 'False'
[0.372s] DEBUG:colcon.colcon_core.verb:Building package 'yolobot_control' with the following arguments: {'ament_cmake_args': None, 'build_base': '/home/amejiyo/GitHub/502/detection/build/yolobot_control', 'catkin_cmake_args': None, 'catkin_skip_building_tests': False, 'cmake_args': None, 'cmake_clean_cache': False, 'cmake_clean_first': False, 'cmake_force_configure': False, 'cmake_target': None, 'cmake_target_skip_unavailable': False, 'install_base': '/home/amejiyo/GitHub/502/detection/install/yolobot_control', 'merge_install': False, 'path': '/home/amejiyo/GitHub/502/detection/src/yolobot_control', 'symlink_install': False, 'test_result_base': None}
[0.373s] Level 5:colcon.colcon_core.verb:set package 'yolobot_description' build argument 'cmake_args' from command line to 'None'
[0.373s] Level 5:colcon.colcon_core.verb:set package 'yolobot_description' build argument 'cmake_target' from command line to 'None'
[0.373s] Level 5:colcon.colcon_core.verb:set package 'yolobot_description' build argument 'cmake_target_skip_unavailable' from command line to 'False'
[0.373s] Level 5:colcon.colcon_core.verb:set package 'yolobot_description' build argument 'cmake_clean_cache' from command line to 'False'
[0.373s] Level 5:colcon.colcon_core.verb:set package 'yolobot_description' build argument 'cmake_clean_first' from command line to 'False'
[0.373s] Level 5:colcon.colcon_core.verb:set package 'yolobot_description' build argument 'cmake_force_configure' from command line to 'False'
[0.373s] Level 5:colcon.colcon_core.verb:set package 'yolobot_description' build argument 'ament_cmake_args' from command line to 'None'
[0.373s] Level 5:colcon.colcon_core.verb:set package 'yolobot_description' build argument 'catkin_cmake_args' from command line to 'None'
[0.373s] Level 5:colcon.colcon_core.verb:set package 'yolobot_description' build argument 'catkin_skip_building_tests' from command line to 'False'
[0.373s] DEBUG:colcon.colcon_core.verb:Building package 'yolobot_description' with the following arguments: {'ament_cmake_args': None, 'build_base': '/home/amejiyo/GitHub/502/detection/build/yolobot_description', 'catkin_cmake_args': None, 'catkin_skip_building_tests': False, 'cmake_args': None, 'cmake_clean_cache': False, 'cmake_clean_first': False, 'cmake_force_configure': False, 'cmake_target': None, 'cmake_target_skip_unavailable': False, 'install_base': '/home/amejiyo/GitHub/502/detection/install/yolobot_description', 'merge_install': False, 'path': '/home/amejiyo/GitHub/502/detection/src/yolobot_description', 'symlink_install': False, 'test_result_base': None}
[0.373s] Level 5:colcon.colcon_core.verb:set package 'yolobot_detection' build argument 'cmake_args' from command line to 'None'
[0.373s] Level 5:colcon.colcon_core.verb:set package 'yolobot_detection' build argument 'cmake_target' from command line to 'None'
[0.373s] Level 5:colcon.colcon_core.verb:set package 'yolobot_detection' build argument 'cmake_target_skip_unavailable' from command line to 'False'
[0.373s] Level 5:colcon.colcon_core.verb:set package 'yolobot_detection' build argument 'cmake_clean_cache' from command line to 'False'
[0.374s] Level 5:colcon.colcon_core.verb:set package 'yolobot_detection' build argument 'cmake_clean_first' from command line to 'False'
[0.374s] Level 5:colcon.colcon_core.verb:set package 'yolobot_detection' build argument 'cmake_force_configure' from command line to 'False'
[0.374s] Level 5:colcon.colcon_core.verb:set package 'yolobot_detection' build argument 'ament_cmake_args' from command line to 'None'
[0.374s] Level 5:colcon.colcon_core.verb:set package 'yolobot_detection' build argument 'catkin_cmake_args' from command line to 'None'
[0.374s] Level 5:colcon.colcon_core.verb:set package 'yolobot_detection' build argument 'catkin_skip_building_tests' from command line to 'False'
[0.374s] DEBUG:colcon.colcon_core.verb:Building package 'yolobot_detection' with the following arguments: {'ament_cmake_args': None, 'build_base': '/home/amejiyo/GitHub/502/detection/build/yolobot_detection', 'catkin_cmake_args': None, 'catkin_skip_building_tests': False, 'cmake_args': None, 'cmake_clean_cache': False, 'cmake_clean_first': False, 'cmake_force_configure': False, 'cmake_target': None, 'cmake_target_skip_unavailable': False, 'install_base': '/home/amejiyo/GitHub/502/detection/install/yolobot_detection', 'merge_install': False, 'path': '/home/amejiyo/GitHub/502/detection/src/yolobot_detection', 'symlink_install': False, 'test_result_base': None}
[0.374s] Level 5:colcon.colcon_core.verb:set package 'yolobot_gazebo' build argument 'cmake_args' from command line to 'None'
[0.374s] Level 5:colcon.colcon_core.verb:set package 'yolobot_gazebo' build argument 'cmake_target' from command line to 'None'
[0.374s] Level 5:colcon.colcon_core.verb:set package 'yolobot_gazebo' build argument 'cmake_target_skip_unavailable' from command line to 'False'
[0.374s] Level 5:colcon.colcon_core.verb:set package 'yolobot_gazebo' build argument 'cmake_clean_cache' from command line to 'False'
[0.374s] Level 5:colcon.colcon_core.verb:set package 'yolobot_gazebo' build argument 'cmake_clean_first' from command line to 'False'
[0.374s] Level 5:colcon.colcon_core.verb:set package 'yolobot_gazebo' build argument 'cmake_force_configure' from command line to 'False'
[0.374s] Level 5:colcon.colcon_core.verb:set package 'yolobot_gazebo' build argument 'ament_cmake_args' from command line to 'None'
[0.374s] Level 5:colcon.colcon_core.verb:set package 'yolobot_gazebo' build argument 'catkin_cmake_args' from command line to 'None'
[0.374s] Level 5:colcon.colcon_core.verb:set package 'yolobot_gazebo' build argument 'catkin_skip_building_tests' from command line to 'False'
[0.374s] DEBUG:colcon.colcon_core.verb:Building package 'yolobot_gazebo' with the following arguments: {'ament_cmake_args': None, 'build_base': '/home/amejiyo/GitHub/502/detection/build/yolobot_gazebo', 'catkin_cmake_args': None, 'catkin_skip_building_tests': False, 'cmake_args': None, 'cmake_clean_cache': False, 'cmake_clean_first': False, 'cmake_force_configure': False, 'cmake_target': None, 'cmake_target_skip_unavailable': False, 'install_base': '/home/amejiyo/GitHub/502/detection/install/yolobot_gazebo', 'merge_install': False, 'path': '/home/amejiyo/GitHub/502/detection/src/yolobot_gazebo', 'symlink_install': False, 'test_result_base': None}
[0.375s] Level 5:colcon.colcon_core.verb:set package 'yolobot_recognition' build argument 'cmake_args' from command line to 'None'
[0.375s] Level 5:colcon.colcon_core.verb:set package 'yolobot_recognition' build argument 'cmake_target' from command line to 'None'
[0.375s] Level 5:colcon.colcon_core.verb:set package 'yolobot_recognition' build argument 'cmake_target_skip_unavailable' from command line to 'False'
[0.375s] Level 5:colcon.colcon_core.verb:set package 'yolobot_recognition' build argument 'cmake_clean_cache' from command line to 'False'
[0.375s] Level 5:colcon.colcon_core.verb:set package 'yolobot_recognition' build argument 'cmake_clean_first' from command line to 'False'
[0.375s] Level 5:colcon.colcon_core.verb:set package 'yolobot_recognition' build argument 'cmake_force_configure' from command line to 'False'
[0.375s] Level 5:colcon.colcon_core.verb:set package 'yolobot_recognition' build argument 'ament_cmake_args' from command line to 'None'
[0.375s] Level 5:colcon.colcon_core.verb:set package 'yolobot_recognition' build argument 'catkin_cmake_args' from command line to 'None'
[0.375s] Level 5:colcon.colcon_core.verb:set package 'yolobot_recognition' build argument 'catkin_skip_building_tests' from command line to 'False'
[0.375s] DEBUG:colcon.colcon_core.verb:Building package 'yolobot_recognition' with the following arguments: {'ament_cmake_args': None, 'build_base': '/home/amejiyo/GitHub/502/detection/build/yolobot_recognition', 'catkin_cmake_args': None, 'catkin_skip_building_tests': False, 'cmake_args': None, 'cmake_clean_cache': False, 'cmake_clean_first': False, 'cmake_force_configure': False, 'cmake_target': None, 'cmake_target_skip_unavailable': False, 'install_base': '/home/amejiyo/GitHub/502/detection/install/yolobot_recognition', 'merge_install': False, 'path': '/home/amejiyo/GitHub/502/detection/src/yolobot_recognition', 'symlink_install': False, 'test_result_base': None}
[0.375s] INFO:colcon.colcon_core.executor:Executing jobs using 'parallel' executor
[0.377s] DEBUG:colcon.colcon_parallel_executor.executor.parallel:run_until_complete
[0.377s] INFO:colcon.colcon_ros.task.ament_cmake.build:Building ROS package in '/home/amejiyo/GitHub/502/detection/src/interfaces' with build type 'ament_cmake'
[0.377s] INFO:colcon.colcon_cmake.task.cmake.build:Building CMake package in '/home/amejiyo/GitHub/502/detection/src/interfaces'
[0.383s] INFO:colcon.colcon_core.plugin_system:Skipping extension 'colcon_core.shell.bat': Not used on non-Windows systems
[0.383s] INFO:colcon.colcon_core.shell:Skip shell extension 'powershell' for command environment: Not usable outside of PowerShell
[0.383s] DEBUG:colcon.colcon_core.shell:Skip shell extension 'dsv' for command environment
[0.389s] INFO:colcon.colcon_ros.task.catkin.build:Building ROS package in '/home/amejiyo/GitHub/502/detection/src/realsense_gazebo_plugin' with build type 'catkin'
[0.389s] INFO:colcon.colcon_cmake.task.cmake.build:Building CMake package in '/home/amejiyo/GitHub/502/detection/src/realsense_gazebo_plugin'
[0.391s] INFO:colcon.colcon_core.shell:Skip shell extension 'powershell' for command environment: Not usable outside of PowerShell
[0.391s] DEBUG:colcon.colcon_core.shell:Skip shell extension 'dsv' for command environment
[0.400s] INFO:colcon.colcon_ros.task.ament_cmake.build:Building ROS package in '/home/amejiyo/GitHub/502/detection/src/yolobot_control' with build type 'ament_cmake'
[0.400s] INFO:colcon.colcon_cmake.task.cmake.build:Building CMake package in '/home/amejiyo/GitHub/502/detection/src/yolobot_control'
[0.401s] INFO:colcon.colcon_core.shell:Skip shell extension 'powershell' for command environment: Not usable outside of PowerShell
[0.401s] DEBUG:colcon.colcon_core.shell:Skip shell extension 'dsv' for command environment
[0.407s] INFO:colcon.colcon_ros.task.ament_cmake.build:Building ROS package in '/home/amejiyo/GitHub/502/detection/src/yolobot_description' with build type 'ament_cmake'
[0.408s] INFO:colcon.colcon_cmake.task.cmake.build:Building CMake package in '/home/amejiyo/GitHub/502/detection/src/yolobot_description'
[0.409s] INFO:colcon.colcon_core.shell:Skip shell extension 'powershell' for command environment: Not usable outside of PowerShell
[0.409s] DEBUG:colcon.colcon_core.shell:Skip shell extension 'dsv' for command environment
[0.415s] INFO:colcon.colcon_ros.task.ament_python.build:Building ROS package in '/home/amejiyo/GitHub/502/detection/src/yolobot_detection' with build type 'ament_python'
[0.415s] Level 1:colcon.colcon_core.shell:create_environment_hook('yolobot_detection', 'ament_prefix_path')
[0.416s] INFO:colcon.colcon_core.shell:Creating environment hook '/home/amejiyo/GitHub/502/detection/install/yolobot_detection/share/yolobot_detection/hook/ament_prefix_path.ps1'
[0.417s] INFO:colcon.colcon_core.shell:Creating environment descriptor '/home/amejiyo/GitHub/502/detection/install/yolobot_detection/share/yolobot_detection/hook/ament_prefix_path.dsv'
[0.418s] INFO:colcon.colcon_core.shell:Creating environment hook '/home/amejiyo/GitHub/502/detection/install/yolobot_detection/share/yolobot_detection/hook/ament_prefix_path.sh'
[0.420s] INFO:colcon.colcon_core.shell:Skip shell extension 'powershell' for command environment: Not usable outside of PowerShell
[0.420s] DEBUG:colcon.colcon_core.shell:Skip shell extension 'dsv' for command environment
[0.425s] INFO:colcon.colcon_ros.task.ament_cmake.build:Building ROS package in '/home/amejiyo/GitHub/502/detection/src/yolobot_gazebo' with build type 'ament_cmake'
[0.426s] INFO:colcon.colcon_cmake.task.cmake.build:Building CMake package in '/home/amejiyo/GitHub/502/detection/src/yolobot_gazebo'
[0.427s] INFO:colcon.colcon_core.shell:Skip shell extension 'powershell' for command environment: Not usable outside of PowerShell
[0.427s] DEBUG:colcon.colcon_core.shell:Skip shell extension 'dsv' for command environment
[0.433s] INFO:colcon.colcon_ros.task.ament_cmake.build:Building ROS package in '/home/amejiyo/GitHub/502/detection/src/yolobot_recognition' with build type 'ament_cmake'
[0.433s] INFO:colcon.colcon_cmake.task.cmake.build:Building CMake package in '/home/amejiyo/GitHub/502/detection/src/yolobot_recognition'
[0.434s] INFO:colcon.colcon_core.shell:Skip shell extension 'powershell' for command environment: Not usable outside of PowerShell
[0.434s] DEBUG:colcon.colcon_core.shell:Skip shell extension 'dsv' for command environment
[0.448s] DEBUG:colcon.colcon_core.event_handler.log_command:Invoking command in '/home/amejiyo/GitHub/502/detection/build/interfaces': CMAKE_PREFIX_PATH=/home/amejiyo/GitHub/502/detection/install/yolobot_recognition:/home/amejiyo/GitHub/502/detection/install/yolobot_gazebo:/home/amejiyo/GitHub/502/detection/install/yolobot_description:/home/amejiyo/GitHub/502/detection/install/yolobot_control:/home/amejiyo/GitHub/502/detection/install/yolobot_detection:/opt/ros/foxy:/home/amejiyo/GitHub/502/detection/install/realsense_gazebo_plugin:/home/amejiyo/GitHub/502/detection/install/interfaces /usr/bin/cmake --build /home/amejiyo/GitHub/502/detection/build/interfaces -- -j16 -l16
[0.458s] DEBUG:colcon.colcon_core.event_handler.log_command:Invoking command in '/home/amejiyo/GitHub/502/detection/build/realsense_gazebo_plugin': /usr/bin/cmake --build /home/amejiyo/GitHub/502/detection/build/realsense_gazebo_plugin -- -j16 -l16
[0.463s] DEBUG:colcon.colcon_core.event_handler.log_command:Invoking command in '/home/amejiyo/GitHub/502/detection/build/yolobot_control': CMAKE_PREFIX_PATH=/home/amejiyo/GitHub/502/detection/install/yolobot_recognition:/home/amejiyo/GitHub/502/detection/install/yolobot_gazebo:/home/amejiyo/GitHub/502/detection/install/yolobot_description:/home/amejiyo/GitHub/502/detection/install/yolobot_control:/home/amejiyo/GitHub/502/detection/install/yolobot_detection:/opt/ros/foxy:/home/amejiyo/GitHub/502/detection/install/realsense_gazebo_plugin:/home/amejiyo/GitHub/502/detection/install/interfaces /usr/bin/cmake --build /home/amejiyo/GitHub/502/detection/build/yolobot_control -- -j16 -l16
[0.468s] DEBUG:colcon.colcon_core.event_handler.log_command:Invoking command in '/home/amejiyo/GitHub/502/detection/build/yolobot_description': CMAKE_PREFIX_PATH=/home/amejiyo/GitHub/502/detection/install/yolobot_recognition:/home/amejiyo/GitHub/502/detection/install/yolobot_gazebo:/home/amejiyo/GitHub/502/detection/install/yolobot_description:/home/amejiyo/GitHub/502/detection/install/yolobot_control:/home/amejiyo/GitHub/502/detection/install/yolobot_detection:/opt/ros/foxy:/home/amejiyo/GitHub/502/detection/install/realsense_gazebo_plugin:/home/amejiyo/GitHub/502/detection/install/interfaces /usr/bin/cmake --build /home/amejiyo/GitHub/502/detection/build/yolobot_description -- -j16 -l16
[0.707s] INFO:colcon.colcon_core.task.python.build:Building Python package in '/home/amejiyo/GitHub/502/detection/src/yolobot_detection'
[0.709s] INFO:colcon.colcon_core.shell:Skip shell extension 'powershell' for command environment: Not usable outside of PowerShell
[0.709s] DEBUG:colcon.colcon_core.shell:Skip shell extension 'dsv' for command environment
[0.723s] DEBUG:colcon.colcon_core.event_handler.log_command:Invoking command in '/home/amejiyo/GitHub/502/detection/build/yolobot_gazebo': CMAKE_PREFIX_PATH=/home/amejiyo/GitHub/502/detection/install/yolobot_recognition:/home/amejiyo/GitHub/502/detection/install/yolobot_gazebo:/home/amejiyo/GitHub/502/detection/install/yolobot_description:/home/amejiyo/GitHub/502/detection/install/yolobot_control:/home/amejiyo/GitHub/502/detection/install/yolobot_detection:/opt/ros/foxy:/home/amejiyo/GitHub/502/detection/install/realsense_gazebo_plugin:/home/amejiyo/GitHub/502/detection/install/interfaces /usr/bin/cmake --build /home/amejiyo/GitHub/502/detection/build/yolobot_gazebo -- -j16 -l16
[0.734s] DEBUG:colcon.colcon_core.event_handler.log_command:Invoking command in '/home/amejiyo/GitHub/502/detection/build/yolobot_recognition': CMAKE_PREFIX_PATH=/home/amejiyo/GitHub/502/detection/install/yolobot_recognition:/home/amejiyo/GitHub/502/detection/install/yolobot_gazebo:/home/amejiyo/GitHub/502/detection/install/yolobot_description:/home/amejiyo/GitHub/502/detection/install/yolobot_control:/home/amejiyo/GitHub/502/detection/install/yolobot_detection:/opt/ros/foxy:/home/amejiyo/GitHub/502/detection/install/realsense_gazebo_plugin:/home/amejiyo/GitHub/502/detection/install/interfaces /usr/bin/cmake --build /home/amejiyo/GitHub/502/detection/build/yolobot_recognition -- -j16 -l16
[0.736s] DEBUG:colcon.colcon_core.event_handler.log_command:Invoked command in '/home/amejiyo/GitHub/502/detection/build/realsense_gazebo_plugin' returned '0': /usr/bin/cmake --build /home/amejiyo/GitHub/502/detection/build/realsense_gazebo_plugin -- -j16 -l16
[0.741s] DEBUG:colcon.colcon_core.event_handler.log_command:Invoked command in '/home/amejiyo/GitHub/502/detection/build/yolobot_control' returned '0': CMAKE_PREFIX_PATH=/home/amejiyo/GitHub/502/detection/install/yolobot_recognition:/home/amejiyo/GitHub/502/detection/install/yolobot_gazebo:/home/amejiyo/GitHub/502/detection/install/yolobot_description:/home/amejiyo/GitHub/502/detection/install/yolobot_control:/home/amejiyo/GitHub/502/detection/install/yolobot_detection:/opt/ros/foxy:/home/amejiyo/GitHub/502/detection/install/realsense_gazebo_plugin:/home/amejiyo/GitHub/502/detection/install/interfaces /usr/bin/cmake --build /home/amejiyo/GitHub/502/detection/build/yolobot_control -- -j16 -l16
[0.746s] DEBUG:colcon.colcon_core.event_handler.log_command:Invoked command in '/home/amejiyo/GitHub/502/detection/build/yolobot_description' returned '0': CMAKE_PREFIX_PATH=/home/amejiyo/GitHub/502/detection/install/yolobot_recognition:/home/amejiyo/GitHub/502/detection/install/yolobot_gazebo:/home/amejiyo/GitHub/502/detection/install/yolobot_description:/home/amejiyo/GitHub/502/detection/install/yolobot_control:/home/amejiyo/GitHub/502/detection/install/yolobot_detection:/opt/ros/foxy:/home/amejiyo/GitHub/502/detection/install/realsense_gazebo_plugin:/home/amejiyo/GitHub/502/detection/install/interfaces /usr/bin/cmake --build /home/amejiyo/GitHub/502/detection/build/yolobot_description -- -j16 -l16
[0.778s] DEBUG:colcon.colcon_core.event_handler.log_command:Invoking command in '/home/amejiyo/GitHub/502/detection/build/yolobot_control': CMAKE_PREFIX_PATH=/home/amejiyo/GitHub/502/detection/install/yolobot_recognition:/home/amejiyo/GitHub/502/detection/install/yolobot_gazebo:/home/amejiyo/GitHub/502/detection/install/yolobot_description:/home/amejiyo/GitHub/502/detection/install/yolobot_control:/home/amejiyo/GitHub/502/detection/install/yolobot_detection:/opt/ros/foxy:/home/amejiyo/GitHub/502/detection/install/realsense_gazebo_plugin:/home/amejiyo/GitHub/502/detection/install/interfaces /usr/bin/cmake --install /home/amejiyo/GitHub/502/detection/build/yolobot_control
[0.782s] DEBUG:colcon.colcon_core.event_handler.log_command:Invoked command in '/home/amejiyo/GitHub/502/detection/build/yolobot_gazebo' returned '0': CMAKE_PREFIX_PATH=/home/amejiyo/GitHub/502/detection/install/yolobot_recognition:/home/amejiyo/GitHub/502/detection/install/yolobot_gazebo:/home/amejiyo/GitHub/502/detection/install/yolobot_description:/home/amejiyo/GitHub/502/detection/install/yolobot_control:/home/amejiyo/GitHub/502/detection/install/yolobot_detection:/opt/ros/foxy:/home/amejiyo/GitHub/502/detection/install/realsense_gazebo_plugin:/home/amejiyo/GitHub/502/detection/install/interfaces /usr/bin/cmake --build /home/amejiyo/GitHub/502/detection/build/yolobot_gazebo -- -j16 -l16
[0.794s] DEBUG:colcon.colcon_core.event_handler.log_command:Invoking command in '/home/amejiyo/GitHub/502/detection/build/yolobot_description': CMAKE_PREFIX_PATH=/home/amejiyo/GitHub/502/detection/install/yolobot_recognition:/home/amejiyo/GitHub/502/detection/install/yolobot_gazebo:/home/amejiyo/GitHub/502/detection/install/yolobot_description:/home/amejiyo/GitHub/502/detection/install/yolobot_control:/home/amejiyo/GitHub/502/detection/install/yolobot_detection:/opt/ros/foxy:/home/amejiyo/GitHub/502/detection/install/realsense_gazebo_plugin:/home/amejiyo/GitHub/502/detection/install/interfaces /usr/bin/cmake --install /home/amejiyo/GitHub/502/detection/build/yolobot_description
[0.795s] DEBUG:colcon.colcon_core.event_handler.log_command:Invoked command in '/home/amejiyo/GitHub/502/detection/build/yolobot_recognition' returned '0': CMAKE_PREFIX_PATH=/home/amejiyo/GitHub/502/detection/install/yolobot_recognition:/home/amejiyo/GitHub/502/detection/install/yolobot_gazebo:/home/amejiyo/GitHub/502/detection/install/yolobot_description:/home/amejiyo/GitHub/502/detection/install/yolobot_control:/home/amejiyo/GitHub/502/detection/install/yolobot_detection:/opt/ros/foxy:/home/amejiyo/GitHub/502/detection/install/realsense_gazebo_plugin:/home/amejiyo/GitHub/502/detection/install/interfaces /usr/bin/cmake --build /home/amejiyo/GitHub/502/detection/build/yolobot_recognition -- -j16 -l16
[0.800s] Level 1:colcon.colcon_core.environment:create_environment_scripts_only(yolobot_control)
[0.801s] DEBUG:colcon.colcon_core.event_handler.log_command:Invoked command in '/home/amejiyo/GitHub/502/detection/build/yolobot_control' returned '0': CMAKE_PREFIX_PATH=/home/amejiyo/GitHub/502/detection/install/yolobot_recognition:/home/amejiyo/GitHub/502/detection/install/yolobot_gazebo:/home/amejiyo/GitHub/502/detection/install/yolobot_description:/home/amejiyo/GitHub/502/detection/install/yolobot_control:/home/amejiyo/GitHub/502/detection/install/yolobot_detection:/opt/ros/foxy:/home/amejiyo/GitHub/502/detection/install/realsense_gazebo_plugin:/home/amejiyo/GitHub/502/detection/install/interfaces /usr/bin/cmake --install /home/amejiyo/GitHub/502/detection/build/yolobot_control
[0.810s] Level 1:colcon.colcon_core.environment:checking '/home/amejiyo/GitHub/502/detection/install/yolobot_control' for CMake module files
[0.810s] Level 1:colcon.colcon_core.environment:checking '/home/amejiyo/GitHub/502/detection/install/yolobot_control' for CMake config files
[0.811s] Level 1:colcon.colcon_core.shell:create_environment_hook('yolobot_control', 'cmake_prefix_path')
[0.811s] INFO:colcon.colcon_core.shell:Creating environment hook '/home/amejiyo/GitHub/502/detection/install/yolobot_control/share/yolobot_control/hook/cmake_prefix_path.ps1'
[0.812s] INFO:colcon.colcon_core.shell:Creating environment descriptor '/home/amejiyo/GitHub/502/detection/install/yolobot_control/share/yolobot_control/hook/cmake_prefix_path.dsv'
[0.812s] INFO:colcon.colcon_core.shell:Creating environment hook '/home/amejiyo/GitHub/502/detection/install/yolobot_control/share/yolobot_control/hook/cmake_prefix_path.sh'
[0.813s] Level 1:colcon.colcon_core.environment:checking '/home/amejiyo/GitHub/502/detection/install/yolobot_control/lib'
[0.813s] Level 1:colcon.colcon_core.environment:checking '/home/amejiyo/GitHub/502/detection/install/yolobot_control/bin'
[0.813s] Level 1:colcon.colcon_core.environment:checking '/home/amejiyo/GitHub/502/detection/install/yolobot_control/lib/pkgconfig/yolobot_control.pc'
[0.813s] Level 1:colcon.colcon_core.environment:checking '/home/amejiyo/GitHub/502/detection/install/yolobot_control/lib/python3.8/site-packages'
[0.814s] Level 1:colcon.colcon_core.environment:checking '/home/amejiyo/GitHub/502/detection/install/yolobot_control/bin'
[0.814s] INFO:colcon.colcon_core.shell:Creating package script '/home/amejiyo/GitHub/502/detection/install/yolobot_control/share/yolobot_control/package.ps1'
[0.815s] INFO:colcon.colcon_core.shell:Creating package descriptor '/home/amejiyo/GitHub/502/detection/install/yolobot_control/share/yolobot_control/package.dsv'
[0.816s] INFO:colcon.colcon_core.shell:Creating package script '/home/amejiyo/GitHub/502/detection/install/yolobot_control/share/yolobot_control/package.sh'
[0.817s] INFO:colcon.colcon_core.shell:Creating package script '/home/amejiyo/GitHub/502/detection/install/yolobot_control/share/yolobot_control/package.bash'
[0.818s] INFO:colcon.colcon_core.shell:Creating package script '/home/amejiyo/GitHub/502/detection/install/yolobot_control/share/yolobot_control/package.zsh'
[0.819s] Level 1:colcon.colcon_core.environment:create_file_with_runtime_dependencies(/home/amejiyo/GitHub/502/detection/install/yolobot_control/share/colcon-core/packages/yolobot_control)
[0.827s] DEBUG:colcon.colcon_core.event_handler.log_command:Invoking command in '/home/amejiyo/GitHub/502/detection/build/yolobot_gazebo': CMAKE_PREFIX_PATH=/home/amejiyo/GitHub/502/detection/install/yolobot_recognition:/home/amejiyo/GitHub/502/detection/install/yolobot_gazebo:/home/amejiyo/GitHub/502/detection/install/yolobot_description:/home/amejiyo/GitHub/502/detection/install/yolobot_control:/home/amejiyo/GitHub/502/detection/install/yolobot_detection:/opt/ros/foxy:/home/amejiyo/GitHub/502/detection/install/realsense_gazebo_plugin:/home/amejiyo/GitHub/502/detection/install/interfaces /usr/bin/cmake --install /home/amejiyo/GitHub/502/detection/build/yolobot_gazebo
[0.833s] DEBUG:colcon.colcon_core.event_handler.log_command:Invoking command in '/home/amejiyo/GitHub/502/detection/build/realsense_gazebo_plugin': /usr/bin/cmake --install /home/amejiyo/GitHub/502/detection/build/realsense_gazebo_plugin
[0.838s] DEBUG:colcon.colcon_core.event_handler.log_command:Invoking command in '/home/amejiyo/GitHub/502/detection/build/yolobot_recognition': CMAKE_PREFIX_PATH=/home/amejiyo/GitHub/502/detection/install/yolobot_recognition:/home/amejiyo/GitHub/502/detection/install/yolobot_gazebo:/home/amejiyo/GitHub/502/detection/install/yolobot_description:/home/amejiyo/GitHub/502/detection/install/yolobot_control:/home/amejiyo/GitHub/502/detection/install/yolobot_detection:/opt/ros/foxy:/home/amejiyo/GitHub/502/detection/install/realsense_gazebo_plugin:/home/amejiyo/GitHub/502/detection/install/interfaces /usr/bin/cmake --install /home/amejiyo/GitHub/502/detection/build/yolobot_recognition
[0.839s] Level 1:colcon.colcon_core.environment:create_environment_scripts_only(yolobot_description)
[0.841s] Level 1:colcon.colcon_core.environment:checking '/home/amejiyo/GitHub/502/detection/install/yolobot_description' for CMake module files
[0.842s] DEBUG:colcon.colcon_core.event_handler.log_command:Invoked command in '/home/amejiyo/GitHub/502/detection/build/yolobot_description' returned '0': CMAKE_PREFIX_PATH=/home/amejiyo/GitHub/502/detection/install/yolobot_recognition:/home/amejiyo/GitHub/502/detection/install/yolobot_gazebo:/home/amejiyo/GitHub/502/detection/install/yolobot_description:/home/amejiyo/GitHub/502/detection/install/yolobot_control:/home/amejiyo/GitHub/502/detection/install/yolobot_detection:/opt/ros/foxy:/home/amejiyo/GitHub/502/detection/install/realsense_gazebo_plugin:/home/amejiyo/GitHub/502/detection/install/interfaces /usr/bin/cmake --install /home/amejiyo/GitHub/502/detection/build/yolobot_description
[0.844s] Level 1:colcon.colcon_core.environment:checking '/home/amejiyo/GitHub/502/detection/install/yolobot_description' for CMake config files
[0.845s] Level 1:colcon.colcon_core.shell:create_environment_hook('yolobot_description', 'cmake_prefix_path')
[0.846s] INFO:colcon.colcon_core.shell:Creating environment hook '/home/amejiyo/GitHub/502/detection/install/yolobot_description/share/yolobot_description/hook/cmake_prefix_path.ps1'
[0.846s] INFO:colcon.colcon_core.shell:Creating environment descriptor '/home/amejiyo/GitHub/502/detection/install/yolobot_description/share/yolobot_description/hook/cmake_prefix_path.dsv'
[0.847s] INFO:colcon.colcon_core.shell:Creating environment hook '/home/amejiyo/GitHub/502/detection/install/yolobot_description/share/yolobot_description/hook/cmake_prefix_path.sh'
[0.848s] Level 1:colcon.colcon_core.environment:checking '/home/amejiyo/GitHub/502/detection/install/yolobot_description/lib'
[0.848s] Level 1:colcon.colcon_core.environment:checking '/home/amejiyo/GitHub/502/detection/install/yolobot_description/bin'
[0.849s] Level 1:colcon.colcon_core.environment:checking '/home/amejiyo/GitHub/502/detection/install/yolobot_description/lib/pkgconfig/yolobot_description.pc'
[0.849s] Level 1:colcon.colcon_core.environment:checking '/home/amejiyo/GitHub/502/detection/install/yolobot_description/lib/python3.8/site-packages'
[0.849s] Level 1:colcon.colcon_core.environment:checking '/home/amejiyo/GitHub/502/detection/install/yolobot_description/bin'
[0.850s] INFO:colcon.colcon_core.shell:Creating package script '/home/amejiyo/GitHub/502/detection/install/yolobot_description/share/yolobot_description/package.ps1'
[0.850s] INFO:colcon.colcon_core.shell:Creating package descriptor '/home/amejiyo/GitHub/502/detection/install/yolobot_description/share/yolobot_description/package.dsv'
[0.851s] INFO:colcon.colcon_core.shell:Creating package script '/home/amejiyo/GitHub/502/detection/install/yolobot_description/share/yolobot_description/package.sh'
[0.852s] INFO:colcon.colcon_core.shell:Creating package script '/home/amejiyo/GitHub/502/detection/install/yolobot_description/share/yolobot_description/package.bash'
[0.853s] INFO:colcon.colcon_core.shell:Creating package script '/home/amejiyo/GitHub/502/detection/install/yolobot_description/share/yolobot_description/package.zsh'
[0.853s] Level 1:colcon.colcon_core.environment:create_file_with_runtime_dependencies(/home/amejiyo/GitHub/502/detection/install/yolobot_description/share/colcon-core/packages/yolobot_description)
[0.860s] DEBUG:colcon.colcon_core.event_handler.log_command:Invoked command in '/home/amejiyo/GitHub/502/detection/build/realsense_gazebo_plugin' returned '0': /usr/bin/cmake --install /home/amejiyo/GitHub/502/detection/build/realsense_gazebo_plugin
[0.863s] Level 1:colcon.colcon_core.environment:create_environment_scripts_only(yolobot_gazebo)
[0.864s] Level 1:colcon.colcon_core.environment:checking '/home/amejiyo/GitHub/502/detection/install/yolobot_gazebo' for CMake module files
[0.865s] DEBUG:colcon.colcon_core.event_handler.log_command:Invoked command in '/home/amejiyo/GitHub/502/detection/build/yolobot_gazebo' returned '0': CMAKE_PREFIX_PATH=/home/amejiyo/GitHub/502/detection/install/yolobot_recognition:/home/amejiyo/GitHub/502/detection/install/yolobot_gazebo:/home/amejiyo/GitHub/502/detection/install/yolobot_description:/home/amejiyo/GitHub/502/detection/install/yolobot_control:/home/amejiyo/GitHub/502/detection/install/yolobot_detection:/opt/ros/foxy:/home/amejiyo/GitHub/502/detection/install/realsense_gazebo_plugin:/home/amejiyo/GitHub/502/detection/install/interfaces /usr/bin/cmake --install /home/amejiyo/GitHub/502/detection/build/yolobot_gazebo
[0.866s] Level 1:colcon.colcon_core.environment:checking '/home/amejiyo/GitHub/502/detection/install/yolobot_gazebo' for CMake config files
[0.866s] Level 1:colcon.colcon_core.shell:create_environment_hook('yolobot_gazebo', 'cmake_prefix_path')
[0.866s] INFO:colcon.colcon_core.shell:Creating environment hook '/home/amejiyo/GitHub/502/detection/install/yolobot_gazebo/share/yolobot_gazebo/hook/cmake_prefix_path.ps1'
[0.867s] INFO:colcon.colcon_core.shell:Creating environment descriptor '/home/amejiyo/GitHub/502/detection/install/yolobot_gazebo/share/yolobot_gazebo/hook/cmake_prefix_path.dsv'
[0.867s] INFO:colcon.colcon_core.shell:Creating environment hook '/home/amejiyo/GitHub/502/detection/install/yolobot_gazebo/share/yolobot_gazebo/hook/cmake_prefix_path.sh'
[0.868s] Level 1:colcon.colcon_core.environment:checking '/home/amejiyo/GitHub/502/detection/install/yolobot_gazebo/bin'
[0.868s] Level 1:colcon.colcon_core.environment:checking '/home/amejiyo/GitHub/502/detection/install/yolobot_gazebo/lib/pkgconfig/yolobot_gazebo.pc'
[0.868s] Level 1:colcon.colcon_core.environment:checking '/home/amejiyo/GitHub/502/detection/install/yolobot_gazebo/lib/python3.8/site-packages'
[0.868s] Level 1:colcon.colcon_core.environment:checking '/home/amejiyo/GitHub/502/detection/install/yolobot_gazebo/bin'
[0.868s] INFO:colcon.colcon_core.shell:Creating package script '/home/amejiyo/GitHub/502/detection/install/yolobot_gazebo/share/yolobot_gazebo/package.ps1'
[0.869s] INFO:colcon.colcon_core.shell:Creating package descriptor '/home/amejiyo/GitHub/502/detection/install/yolobot_gazebo/share/yolobot_gazebo/package.dsv'
[0.870s] INFO:colcon.colcon_core.shell:Creating package script '/home/amejiyo/GitHub/502/detection/install/yolobot_gazebo/share/yolobot_gazebo/package.sh'
[0.870s] INFO:colcon.colcon_core.shell:Creating package script '/home/amejiyo/GitHub/502/detection/install/yolobot_gazebo/share/yolobot_gazebo/package.bash'
[0.871s] INFO:colcon.colcon_core.shell:Creating package script '/home/amejiyo/GitHub/502/detection/install/yolobot_gazebo/share/yolobot_gazebo/package.zsh'
[0.871s] Level 1:colcon.colcon_core.environment:create_file_with_runtime_dependencies(/home/amejiyo/GitHub/502/detection/install/yolobot_gazebo/share/colcon-core/packages/yolobot_gazebo)
[0.874s] Level 1:colcon.colcon_core.environment:create_environment_scripts_only(yolobot_recognition)
[0.876s] Level 1:colcon.colcon_core.environment:checking '/home/amejiyo/GitHub/502/detection/install/yolobot_recognition' for CMake module files
[0.877s] DEBUG:colcon.colcon_core.event_handler.log_command:Invoked command in '/home/amejiyo/GitHub/502/detection/build/yolobot_recognition' returned '0': CMAKE_PREFIX_PATH=/home/amejiyo/GitHub/502/detection/install/yolobot_recognition:/home/amejiyo/GitHub/502/detection/install/yolobot_gazebo:/home/amejiyo/GitHub/502/detection/install/yolobot_description:/home/amejiyo/GitHub/502/detection/install/yolobot_control:/home/amejiyo/GitHub/502/detection/install/yolobot_detection:/opt/ros/foxy:/home/amejiyo/GitHub/502/detection/install/realsense_gazebo_plugin:/home/amejiyo/GitHub/502/detection/install/interfaces /usr/bin/cmake --install /home/amejiyo/GitHub/502/detection/build/yolobot_recognition
[0.877s] Level 1:colcon.colcon_core.environment:checking '/home/amejiyo/GitHub/502/detection/install/yolobot_recognition' for CMake config files
[0.877s] Level 1:colcon.colcon_core.shell:create_environment_hook('yolobot_recognition', 'cmake_prefix_path')
[0.878s] INFO:colcon.colcon_core.shell:Creating environment hook '/home/amejiyo/GitHub/502/detection/install/yolobot_recognition/share/yolobot_recognition/hook/cmake_prefix_path.ps1'
[0.879s] INFO:colcon.colcon_core.shell:Creating environment descriptor '/home/amejiyo/GitHub/502/detection/install/yolobot_recognition/share/yolobot_recognition/hook/cmake_prefix_path.dsv'
[0.879s] INFO:colcon.colcon_core.shell:Creating environment hook '/home/amejiyo/GitHub/502/detection/install/yolobot_recognition/share/yolobot_recognition/hook/cmake_prefix_path.sh'
[0.880s] Level 1:colcon.colcon_core.environment:checking '/home/amejiyo/GitHub/502/detection/install/yolobot_recognition/bin'
[0.880s] Level 1:colcon.colcon_core.environment:checking '/home/amejiyo/GitHub/502/detection/install/yolobot_recognition/lib/pkgconfig/yolobot_recognition.pc'
[0.880s] Level 1:colcon.colcon_core.environment:checking '/home/amejiyo/GitHub/502/detection/install/yolobot_recognition/lib/python3.8/site-packages'
[0.880s] Level 1:colcon.colcon_core.environment:checking '/home/amejiyo/GitHub/502/detection/install/yolobot_recognition/bin'
[0.881s] INFO:colcon.colcon_core.shell:Creating package script '/home/amejiyo/GitHub/502/detection/install/yolobot_recognition/share/yolobot_recognition/package.ps1'
[0.882s] INFO:colcon.colcon_core.shell:Creating package descriptor '/home/amejiyo/GitHub/502/detection/install/yolobot_recognition/share/yolobot_recognition/package.dsv'
[0.882s] INFO:colcon.colcon_core.shell:Creating package script '/home/amejiyo/GitHub/502/detection/install/yolobot_recognition/share/yolobot_recognition/package.sh'
[0.882s] INFO:colcon.colcon_core.shell:Creating package script '/home/amejiyo/GitHub/502/detection/install/yolobot_recognition/share/yolobot_recognition/package.bash'
[0.883s] INFO:colcon.colcon_core.shell:Creating package script '/home/amejiyo/GitHub/502/detection/install/yolobot_recognition/share/yolobot_recognition/package.zsh'
[0.883s] Level 1:colcon.colcon_core.environment:create_file_with_runtime_dependencies(/home/amejiyo/GitHub/502/detection/install/yolobot_recognition/share/colcon-core/packages/yolobot_recognition)
[0.886s] Level 1:colcon.colcon_core.environment:create_environment_scripts_only(yolobot_control)
[0.887s] Level 1:colcon.colcon_core.environment:checking '/home/amejiyo/GitHub/502/detection/install/yolobot_control' for CMake module files
[0.888s] Level 1:colcon.colcon_core.environment:checking '/home/amejiyo/GitHub/502/detection/install/yolobot_control' for CMake config files
[0.888s] Level 1:colcon.colcon_core.shell:create_environment_hook('yolobot_control', 'cmake_prefix_path')
[0.888s] INFO:colcon.colcon_core.shell:Creating environment hook '/home/amejiyo/GitHub/502/detection/install/yolobot_control/share/yolobot_control/hook/cmake_prefix_path.ps1'
[0.889s] INFO:colcon.colcon_core.shell:Creating environment descriptor '/home/amejiyo/GitHub/502/detection/install/yolobot_control/share/yolobot_control/hook/cmake_prefix_path.dsv'
[0.890s] INFO:colcon.colcon_core.shell:Creating environment hook '/home/amejiyo/GitHub/502/detection/install/yolobot_control/share/yolobot_control/hook/cmake_prefix_path.sh'
[0.890s] Level 1:colcon.colcon_core.environment:checking '/home/amejiyo/GitHub/502/detection/install/yolobot_control/lib'
[0.890s] Level 1:colcon.colcon_core.environment:checking '/home/amejiyo/GitHub/502/detection/install/yolobot_control/bin'
[0.890s] Level 1:colcon.colcon_core.environment:checking '/home/amejiyo/GitHub/502/detection/install/yolobot_control/lib/pkgconfig/yolobot_control.pc'
[0.890s] Level 1:colcon.colcon_core.environment:checking '/home/amejiyo/GitHub/502/detection/install/yolobot_control/lib/python3.8/site-packages'
[0.890s] Level 1:colcon.colcon_core.environment:checking '/home/amejiyo/GitHub/502/detection/install/yolobot_control/bin'
[0.891s] INFO:colcon.colcon_core.shell:Creating package script '/home/amejiyo/GitHub/502/detection/install/yolobot_control/share/yolobot_control/package.ps1'
[0.892s] INFO:colcon.colcon_core.shell:Creating package descriptor '/home/amejiyo/GitHub/502/detection/install/yolobot_control/share/yolobot_control/package.dsv'
[0.892s] INFO:colcon.colcon_core.shell:Creating package script '/home/amejiyo/GitHub/502/detection/install/yolobot_control/share/yolobot_control/package.sh'
[0.892s] INFO:colcon.colcon_core.shell:Creating package script '/home/amejiyo/GitHub/502/detection/install/yolobot_control/share/yolobot_control/package.bash'
[0.892s] INFO:colcon.colcon_core.shell:Creating package script '/home/amejiyo/GitHub/502/detection/install/yolobot_control/share/yolobot_control/package.zsh'
[0.893s] Level 1:colcon.colcon_core.environment:create_file_with_runtime_dependencies(/home/amejiyo/GitHub/502/detection/install/yolobot_control/share/colcon-core/packages/yolobot_control)
[0.895s] Level 1:colcon.colcon_core.environment:create_environment_scripts_only(yolobot_description)
[0.896s] Level 1:colcon.colcon_core.environment:checking '/home/amejiyo/GitHub/502/detection/install/yolobot_description' for CMake module files
[0.896s] Level 1:colcon.colcon_core.environment:checking '/home/amejiyo/GitHub/502/detection/install/yolobot_description' for CMake config files
[0.896s] Level 1:colcon.colcon_core.shell:create_environment_hook('yolobot_description', 'cmake_prefix_path')
[0.897s] INFO:colcon.colcon_core.shell:Creating environment hook '/home/amejiyo/GitHub/502/detection/install/yolobot_description/share/yolobot_description/hook/cmake_prefix_path.ps1'
[0.897s] INFO:colcon.colcon_core.shell:Creating environment descriptor '/home/amejiyo/GitHub/502/detection/install/yolobot_description/share/yolobot_description/hook/cmake_prefix_path.dsv'
[0.897s] INFO:colcon.colcon_core.shell:Creating environment hook '/home/amejiyo/GitHub/502/detection/install/yolobot_description/share/yolobot_description/hook/cmake_prefix_path.sh'
[0.898s] Level 1:colcon.colcon_core.environment:checking '/home/amejiyo/GitHub/502/detection/install/yolobot_description/lib'
[0.898s] Level 1:colcon.colcon_core.environment:checking '/home/amejiyo/GitHub/502/detection/install/yolobot_description/bin'
[0.898s] Level 1:colcon.colcon_core.environment:checking '/home/amejiyo/GitHub/502/detection/install/yolobot_description/lib/pkgconfig/yolobot_description.pc'
[0.898s] Level 1:colcon.colcon_core.environment:checking '/home/amejiyo/GitHub/502/detection/install/yolobot_description/lib/python3.8/site-packages'
[0.899s] Level 1:colcon.colcon_core.environment:checking '/home/amejiyo/GitHub/502/detection/install/yolobot_description/bin'
[0.899s] INFO:colcon.colcon_core.shell:Creating package script '/home/amejiyo/GitHub/502/detection/install/yolobot_description/share/yolobot_description/package.ps1'
[0.900s] INFO:colcon.colcon_core.shell:Creating package descriptor '/home/amejiyo/GitHub/502/detection/install/yolobot_description/share/yolobot_description/package.dsv'
[0.900s] INFO:colcon.colcon_core.shell:Creating package script '/home/amejiyo/GitHub/502/detection/install/yolobot_description/share/yolobot_description/package.sh'
[0.901s] INFO:colcon.colcon_core.shell:Creating package script '/home/amejiyo/GitHub/502/detection/install/yolobot_description/share/yolobot_description/package.bash'
[0.901s] INFO:colcon.colcon_core.shell:Creating package script '/home/amejiyo/GitHub/502/detection/install/yolobot_description/share/yolobot_description/package.zsh'
[0.902s] Level 1:colcon.colcon_core.environment:create_file_with_runtime_dependencies(/home/amejiyo/GitHub/502/detection/install/yolobot_description/share/colcon-core/packages/yolobot_description)
[0.902s] Level 1:colcon.colcon_core.shell:create_environment_hook('realsense_gazebo_plugin', 'ros_package_path')
[0.902s] INFO:colcon.colcon_core.shell:Creating environment hook '/home/amejiyo/GitHub/502/detection/install/realsense_gazebo_plugin/share/realsense_gazebo_plugin/hook/ros_package_path.ps1'
[0.903s] INFO:colcon.colcon_core.shell:Creating environment descriptor '/home/amejiyo/GitHub/502/detection/install/realsense_gazebo_plugin/share/realsense_gazebo_plugin/hook/ros_package_path.dsv'
[0.904s] INFO:colcon.colcon_core.shell:Creating environment hook '/home/amejiyo/GitHub/502/detection/install/realsense_gazebo_plugin/share/realsense_gazebo_plugin/hook/ros_package_path.sh'
[0.904s] Level 1:colcon.colcon_core.shell:create_environment_hook('realsense_gazebo_plugin', 'pkg_config_path')
[0.905s] INFO:colcon.colcon_core.shell:Creating environment hook '/home/amejiyo/GitHub/502/detection/install/realsense_gazebo_plugin/share/realsense_gazebo_plugin/hook/pkg_config_path.ps1'
[0.906s] INFO:colcon.colcon_core.shell:Creating environment descriptor '/home/amejiyo/GitHub/502/detection/install/realsense_gazebo_plugin/share/realsense_gazebo_plugin/hook/pkg_config_path.dsv'
[0.906s] INFO:colcon.colcon_core.shell:Creating environment hook '/home/amejiyo/GitHub/502/detection/install/realsense_gazebo_plugin/share/realsense_gazebo_plugin/hook/pkg_config_path.sh'
[0.914s] Level 1:colcon.colcon_core.shell:create_environment_hook('realsense_gazebo_plugin', 'pkg_config_path_multiarch')
[0.916s] INFO:colcon.colcon_core.shell:Creating environment hook '/home/amejiyo/GitHub/502/detection/install/realsense_gazebo_plugin/share/realsense_gazebo_plugin/hook/pkg_config_path_multiarch.ps1'
[0.917s] INFO:colcon.colcon_core.shell:Creating environment descriptor '/home/amejiyo/GitHub/502/detection/install/realsense_gazebo_plugin/share/realsense_gazebo_plugin/hook/pkg_config_path_multiarch.dsv'
[0.917s] INFO:colcon.colcon_core.shell:Creating environment hook '/home/amejiyo/GitHub/502/detection/install/realsense_gazebo_plugin/share/realsense_gazebo_plugin/hook/pkg_config_path_multiarch.sh'
[0.920s] Level 1:colcon.colcon_core.environment:create_environment_scripts_only(realsense_gazebo_plugin)
[0.921s] Level 1:colcon.colcon_core.environment:checking '/home/amejiyo/GitHub/502/detection/install/realsense_gazebo_plugin' for CMake module files
[0.922s] Level 1:colcon.colcon_core.environment:checking '/home/amejiyo/GitHub/502/detection/install/realsense_gazebo_plugin' for CMake config files
[0.922s] Level 1:colcon.colcon_core.shell:create_environment_hook('realsense_gazebo_plugin', 'cmake_prefix_path')
[0.923s] INFO:colcon.colcon_core.shell:Creating environment hook '/home/amejiyo/GitHub/502/detection/install/realsense_gazebo_plugin/share/realsense_gazebo_plugin/hook/cmake_prefix_path.ps1'
[0.923s] INFO:colcon.colcon_core.shell:Creating environment descriptor '/home/amejiyo/GitHub/502/detection/install/realsense_gazebo_plugin/share/realsense_gazebo_plugin/hook/cmake_prefix_path.dsv'
[0.923s] INFO:colcon.colcon_core.shell:Creating environment hook '/home/amejiyo/GitHub/502/detection/install/realsense_gazebo_plugin/share/realsense_gazebo_plugin/hook/cmake_prefix_path.sh'
[0.924s] Level 1:colcon.colcon_core.environment:checking '/home/amejiyo/GitHub/502/detection/install/realsense_gazebo_plugin/lib'
[0.924s] Level 1:colcon.colcon_core.shell:create_environment_hook('realsense_gazebo_plugin', 'ld_library_path_lib')
[0.924s] INFO:colcon.colcon_core.shell:Creating environment hook '/home/amejiyo/GitHub/502/detection/install/realsense_gazebo_plugin/share/realsense_gazebo_plugin/hook/ld_library_path_lib.ps1'
[0.924s] INFO:colcon.colcon_core.shell:Creating environment descriptor '/home/amejiyo/GitHub/502/detection/install/realsense_gazebo_plugin/share/realsense_gazebo_plugin/hook/ld_library_path_lib.dsv'
[0.924s] INFO:colcon.colcon_core.shell:Creating environment hook '/home/amejiyo/GitHub/502/detection/install/realsense_gazebo_plugin/share/realsense_gazebo_plugin/hook/ld_library_path_lib.sh'
[0.925s] Level 1:colcon.colcon_core.environment:checking '/home/amejiyo/GitHub/502/detection/install/realsense_gazebo_plugin/bin'
[0.925s] Level 1:colcon.colcon_core.environment:checking '/home/amejiyo/GitHub/502/detection/install/realsense_gazebo_plugin/lib/pkgconfig/realsense_gazebo_plugin.pc'
[0.925s] Level 1:colcon.colcon_core.environment:checking '/home/amejiyo/GitHub/502/detection/install/realsense_gazebo_plugin/lib/python3.8/site-packages'
[0.925s] Level 1:colcon.colcon_core.environment:checking '/home/amejiyo/GitHub/502/detection/install/realsense_gazebo_plugin/bin'
[0.926s] INFO:colcon.colcon_core.shell:Creating package script '/home/amejiyo/GitHub/502/detection/install/realsense_gazebo_plugin/share/realsense_gazebo_plugin/package.ps1'
[0.927s] INFO:colcon.colcon_core.shell:Creating package descriptor '/home/amejiyo/GitHub/502/detection/install/realsense_gazebo_plugin/share/realsense_gazebo_plugin/package.dsv'
[0.927s] INFO:colcon.colcon_core.shell:Creating package script '/home/amejiyo/GitHub/502/detection/install/realsense_gazebo_plugin/share/realsense_gazebo_plugin/package.sh'
[0.927s] INFO:colcon.colcon_core.shell:Creating package script '/home/amejiyo/GitHub/502/detection/install/realsense_gazebo_plugin/share/realsense_gazebo_plugin/package.bash'
[0.927s] INFO:colcon.colcon_core.shell:Creating package script '/home/amejiyo/GitHub/502/detection/install/realsense_gazebo_plugin/share/realsense_gazebo_plugin/package.zsh'
[0.928s] Level 1:colcon.colcon_core.environment:create_file_with_runtime_dependencies(/home/amejiyo/GitHub/502/detection/install/realsense_gazebo_plugin/share/colcon-core/packages/realsense_gazebo_plugin)
[0.929s] Level 1:colcon.colcon_core.environment:create_environment_scripts_only(yolobot_gazebo)
[0.931s] Level 1:colcon.colcon_core.environment:checking '/home/amejiyo/GitHub/502/detection/install/yolobot_gazebo' for CMake module files
[0.932s] Level 1:colcon.colcon_core.environment:checking '/home/amejiyo/GitHub/502/detection/install/yolobot_gazebo' for CMake config files
[0.932s] Level 1:colcon.colcon_core.shell:create_environment_hook('yolobot_gazebo', 'cmake_prefix_path')
[0.933s] INFO:colcon.colcon_core.shell:Creating environment hook '/home/amejiyo/GitHub/502/detection/install/yolobot_gazebo/share/yolobot_gazebo/hook/cmake_prefix_path.ps1'
[0.934s] INFO:colcon.colcon_core.shell:Creating environment descriptor '/home/amejiyo/GitHub/502/detection/install/yolobot_gazebo/share/yolobot_gazebo/hook/cmake_prefix_path.dsv'
[0.934s] INFO:colcon.colcon_core.shell:Creating environment hook '/home/amejiyo/GitHub/502/detection/install/yolobot_gazebo/share/yolobot_gazebo/hook/cmake_prefix_path.sh'
[0.935s] Level 1:colcon.colcon_core.environment:checking '/home/amejiyo/GitHub/502/detection/install/yolobot_gazebo/bin'
[0.936s] Level 1:colcon.colcon_core.environment:checking '/home/amejiyo/GitHub/502/detection/install/yolobot_gazebo/lib/pkgconfig/yolobot_gazebo.pc'
[0.936s] Level 1:colcon.colcon_core.environment:checking '/home/amejiyo/GitHub/502/detection/install/yolobot_gazebo/lib/python3.8/site-packages'
[0.936s] Level 1:colcon.colcon_core.environment:checking '/home/amejiyo/GitHub/502/detection/install/yolobot_gazebo/bin'
[0.938s] INFO:colcon.colcon_core.shell:Creating package script '/home/amejiyo/GitHub/502/detection/install/yolobot_gazebo/share/yolobot_gazebo/package.ps1'
[0.939s] INFO:colcon.colcon_core.shell:Creating package descriptor '/home/amejiyo/GitHub/502/detection/install/yolobot_gazebo/share/yolobot_gazebo/package.dsv'
[0.939s] INFO:colcon.colcon_core.shell:Creating package script '/home/amejiyo/GitHub/502/detection/install/yolobot_gazebo/share/yolobot_gazebo/package.sh'
[0.940s] INFO:colcon.colcon_core.shell:Creating package script '/home/amejiyo/GitHub/502/detection/install/yolobot_gazebo/share/yolobot_gazebo/package.bash'
[0.940s] INFO:colcon.colcon_core.shell:Creating package script '/home/amejiyo/GitHub/502/detection/install/yolobot_gazebo/share/yolobot_gazebo/package.zsh'
[0.940s] Level 1:colcon.colcon_core.environment:create_file_with_runtime_dependencies(/home/amejiyo/GitHub/502/detection/install/yolobot_gazebo/share/colcon-core/packages/yolobot_gazebo)
[0.942s] Level 1:colcon.colcon_core.environment:create_environment_scripts_only(yolobot_recognition)
[0.943s] Level 1:colcon.colcon_core.environment:checking '/home/amejiyo/GitHub/502/detection/install/yolobot_recognition' for CMake module files
[0.943s] Level 1:colcon.colcon_core.environment:checking '/home/amejiyo/GitHub/502/detection/install/yolobot_recognition' for CMake config files
[0.943s] Level 1:colcon.colcon_core.shell:create_environment_hook('yolobot_recognition', 'cmake_prefix_path')
[0.944s] INFO:colcon.colcon_core.shell:Creating environment hook '/home/amejiyo/GitHub/502/detection/install/yolobot_recognition/share/yolobot_recognition/hook/cmake_prefix_path.ps1'
[0.944s] INFO:colcon.colcon_core.shell:Creating environment descriptor '/home/amejiyo/GitHub/502/detection/install/yolobot_recognition/share/yolobot_recognition/hook/cmake_prefix_path.dsv'
[0.944s] INFO:colcon.colcon_core.shell:Creating environment hook '/home/amejiyo/GitHub/502/detection/install/yolobot_recognition/share/yolobot_recognition/hook/cmake_prefix_path.sh'
[0.945s] Level 1:colcon.colcon_core.environment:checking '/home/amejiyo/GitHub/502/detection/install/yolobot_recognition/bin'
[0.945s] Level 1:colcon.colcon_core.environment:checking '/home/amejiyo/GitHub/502/detection/install/yolobot_recognition/lib/pkgconfig/yolobot_recognition.pc'
[0.945s] Level 1:colcon.colcon_core.environment:checking '/home/amejiyo/GitHub/502/detection/install/yolobot_recognition/lib/python3.8/site-packages'
[0.945s] Level 1:colcon.colcon_core.environment:checking '/home/amejiyo/GitHub/502/detection/install/yolobot_recognition/bin'
[0.946s] INFO:colcon.colcon_core.shell:Creating package script '/home/amejiyo/GitHub/502/detection/install/yolobot_recognition/share/yolobot_recognition/package.ps1'
[0.946s] INFO:colcon.colcon_core.shell:Creating package descriptor '/home/amejiyo/GitHub/502/detection/install/yolobot_recognition/share/yolobot_recognition/package.dsv'
[0.947s] INFO:colcon.colcon_core.shell:Creating package script '/home/amejiyo/GitHub/502/detection/install/yolobot_recognition/share/yolobot_recognition/package.sh'
[0.947s] INFO:colcon.colcon_core.shell:Creating package script '/home/amejiyo/GitHub/502/detection/install/yolobot_recognition/share/yolobot_recognition/package.bash'
[0.948s] INFO:colcon.colcon_core.shell:Creating package script '/home/amejiyo/GitHub/502/detection/install/yolobot_recognition/share/yolobot_recognition/package.zsh'
[0.948s] Level 1:colcon.colcon_core.environment:create_file_with_runtime_dependencies(/home/amejiyo/GitHub/502/detection/install/yolobot_recognition/share/colcon-core/packages/yolobot_recognition)
[1.055s] DEBUG:colcon.colcon_core.event_handler.log_command:Invoked command in '/home/amejiyo/GitHub/502/detection/build/interfaces' returned '2': CMAKE_PREFIX_PATH=/home/amejiyo/GitHub/502/detection/install/yolobot_recognition:/home/amejiyo/GitHub/502/detection/install/yolobot_gazebo:/home/amejiyo/GitHub/502/detection/install/yolobot_description:/home/amejiyo/GitHub/502/detection/install/yolobot_control:/home/amejiyo/GitHub/502/detection/install/yolobot_detection:/opt/ros/foxy:/home/amejiyo/GitHub/502/detection/install/realsense_gazebo_plugin:/home/amejiyo/GitHub/502/detection/install/interfaces /usr/bin/cmake --build /home/amejiyo/GitHub/502/detection/build/interfaces -- -j16 -l16
[1.133s] Level 1:colcon.colcon_core.environment:create_environment_scripts_only(interfaces)
[1.134s] Level 1:colcon.colcon_core.environment:checking '/home/amejiyo/GitHub/502/detection/install/interfaces' for CMake module files
[1.135s] Level 1:colcon.colcon_core.environment:checking '/home/amejiyo/GitHub/502/detection/install/interfaces' for CMake config files
[1.135s] Level 1:colcon.colcon_core.shell:create_environment_hook('interfaces', 'cmake_prefix_path')
[1.136s] INFO:colcon.colcon_core.shell:Creating environment hook '/home/amejiyo/GitHub/502/detection/install/interfaces/share/interfaces/hook/cmake_prefix_path.ps1'
[1.136s] INFO:colcon.colcon_core.shell:Creating environment descriptor '/home/amejiyo/GitHub/502/detection/install/interfaces/share/interfaces/hook/cmake_prefix_path.dsv'
[1.136s] INFO:colcon.colcon_core.shell:Creating environment hook '/home/amejiyo/GitHub/502/detection/install/interfaces/share/interfaces/hook/cmake_prefix_path.sh'
[1.137s] Level 1:colcon.colcon_core.environment:checking '/home/amejiyo/GitHub/502/detection/install/interfaces/lib'
[1.137s] Level 1:colcon.colcon_core.shell:create_environment_hook('interfaces', 'ld_library_path_lib')
[1.138s] INFO:colcon.colcon_core.shell:Creating environment hook '/home/amejiyo/GitHub/502/detection/install/interfaces/share/interfaces/hook/ld_library_path_lib.ps1'
[1.138s] INFO:colcon.colcon_core.shell:Creating environment descriptor '/home/amejiyo/GitHub/502/detection/install/interfaces/share/interfaces/hook/ld_library_path_lib.dsv'
[1.139s] INFO:colcon.colcon_core.shell:Creating environment hook '/home/amejiyo/GitHub/502/detection/install/interfaces/share/interfaces/hook/ld_library_path_lib.sh'
[1.139s] Level 1:colcon.colcon_core.environment:checking '/home/amejiyo/GitHub/502/detection/install/interfaces/bin'
[1.139s] Level 1:colcon.colcon_core.environment:checking '/home/amejiyo/GitHub/502/detection/install/interfaces/lib/pkgconfig/interfaces.pc'
[1.139s] Level 1:colcon.colcon_core.environment:checking '/home/amejiyo/GitHub/502/detection/install/interfaces/lib/python3.8/site-packages'
[1.139s] Level 1:colcon.colcon_core.shell:create_environment_hook('interfaces', 'pythonpath')
[1.140s] INFO:colcon.colcon_core.shell:Creating environment hook '/home/amejiyo/GitHub/502/detection/install/interfaces/share/interfaces/hook/pythonpath.ps1'
[1.140s] INFO:colcon.colcon_core.shell:Creating environment descriptor '/home/amejiyo/GitHub/502/detection/install/interfaces/share/interfaces/hook/pythonpath.dsv'
[1.140s] INFO:colcon.colcon_core.shell:Creating environment hook '/home/amejiyo/GitHub/502/detection/install/interfaces/share/interfaces/hook/pythonpath.sh'
[1.141s] Level 1:colcon.colcon_core.environment:checking '/home/amejiyo/GitHub/502/detection/install/interfaces/bin'
[1.141s] INFO:colcon.colcon_core.shell:Creating package script '/home/amejiyo/GitHub/502/detection/install/interfaces/share/interfaces/package.ps1'
[1.143s] INFO:colcon.colcon_core.shell:Creating package descriptor '/home/amejiyo/GitHub/502/detection/install/interfaces/share/interfaces/package.dsv'
[1.144s] INFO:colcon.colcon_core.shell:Creating package script '/home/amejiyo/GitHub/502/detection/install/interfaces/share/interfaces/package.sh'
[1.144s] INFO:colcon.colcon_core.shell:Creating package script '/home/amejiyo/GitHub/502/detection/install/interfaces/share/interfaces/package.bash'
[1.144s] INFO:colcon.colcon_core.shell:Creating package script '/home/amejiyo/GitHub/502/detection/install/interfaces/share/interfaces/package.zsh'
[1.145s] Level 1:colcon.colcon_core.environment:create_file_with_runtime_dependencies(/home/amejiyo/GitHub/502/detection/install/interfaces/share/colcon-core/packages/interfaces)
[1.242s] DEBUG:colcon.colcon_parallel_executor.executor.parallel:closing loop
[1.243s] DEBUG:colcon.colcon_parallel_executor.executor.parallel:loop closed
[1.243s] DEBUG:colcon.colcon_parallel_executor.executor.parallel:run_until_complete finished with '2'
[1.243s] DEBUG:colcon.colcon_core.event_reactor:joining thread
[1.254s] INFO:colcon.colcon_core.plugin_system:Skipping extension 'colcon_notification.desktop_notification.terminal_notifier': Not used on non-Darwin systems
[1.254s] INFO:colcon.colcon_core.plugin_system:Skipping extension 'colcon_notification.desktop_notification.win32': Not used on non-Windows systems
[1.254s] INFO:colcon.colcon_notification.desktop_notification:Sending desktop notification using 'notify2'
[1.270s] DEBUG:colcon.colcon_core.event_reactor:joined thread
[1.270s] INFO:colcon.colcon_core.shell:Creating prefix script '/home/amejiyo/GitHub/502/detection/install/local_setup.ps1'
[1.272s] INFO:colcon.colcon_core.shell:Creating prefix util module '/home/amejiyo/GitHub/502/detection/install/_local_setup_util_ps1.py'
[1.273s] INFO:colcon.colcon_core.shell:Creating prefix chain script '/home/amejiyo/GitHub/502/detection/install/setup.ps1'
[1.275s] INFO:colcon.colcon_core.shell:Creating prefix script '/home/amejiyo/GitHub/502/detection/install/local_setup.sh'
[1.276s] INFO:colcon.colcon_core.shell:Creating prefix util module '/home/amejiyo/GitHub/502/detection/install/_local_setup_util_sh.py'
[1.277s] INFO:colcon.colcon_core.shell:Creating prefix chain script '/home/amejiyo/GitHub/502/detection/install/setup.sh'
[1.279s] INFO:colcon.colcon_core.shell:Creating prefix script '/home/amejiyo/GitHub/502/detection/install/local_setup.bash'
[1.280s] INFO:colcon.colcon_core.shell:Creating prefix chain script '/home/amejiyo/GitHub/502/detection/install/setup.bash'
[1.282s] INFO:colcon.colcon_core.shell:Creating prefix script '/home/amejiyo/GitHub/502/detection/install/local_setup.zsh'
[1.283s] INFO:colcon.colcon_core.shell:Creating prefix chain script '/home/amejiyo/GitHub/502/detection/install/setup.zsh'
