[0.100s] DEBUG:colcon:Command line arguments: ['/usr/bin/colcon', 'build']
[0.100s] DEBUG:colcon:Parsed command line arguments: Namespace(allow_overriding=[], ament_cmake_args=None, base_paths=['.'], build_base='build', catkin_cmake_args=None, catkin_skip_building_tests=False, cmake_args=None, cmake_clean_cache=False, cmake_clean_first=False, cmake_force_configure=False, cmake_target=None, cmake_target_skip_unavailable=False, continue_on_error=False, event_handlers=None, executor='parallel', ignore_user_meta=False, install_base='install', log_base=None, log_level=None, main=<bound method BuildVerb.main of <colcon_core.verb.build.BuildVerb object at 0x7f1670c96700>>, merge_install=False, metas=['./colcon.meta'], packages_above=None, packages_above_and_dependencies=None, packages_above_depth=None, packages_end=None, packages_ignore=None, packages_ignore_regex=None, packages_select=None, packages_select_build_failed=False, packages_select_by_dep=None, packages_select_regex=None, packages_select_test_failures=False, packages_skip=None, packages_skip_build_finished=False, packages_skip_by_dep=None, packages_skip_regex=None, packages_skip_test_passed=False, packages_skip_up_to=None, packages_start=None, packages_up_to=None, packages_up_to_regex=None, parallel_workers=16, paths=None, symlink_install=False, test_result_base=None, verb_extension=<colcon_core.verb.build.BuildVerb object at 0x7f1670c96700>, verb_name='build', verb_parser=<colcon_defaults.argument_parser.defaults.DefaultArgumentsDecorator object at 0x7f1670c96c40>)
[0.118s] Level 1:colcon.colcon_core.package_discovery:discover_packages(colcon_meta) check parameters
[0.118s] Level 1:colcon.colcon_core.package_discovery:discover_packages(recursive) check parameters
[0.118s] Level 1:colcon.colcon_core.package_discovery:discover_packages(ignore) check parameters
[0.118s] Level 1:colcon.colcon_core.package_discovery:discover_packages(path) check parameters
[0.118s] Level 1:colcon.colcon_core.package_discovery:discover_packages(colcon_meta) discover
[0.118s] Level 1:colcon.colcon_core.package_discovery:discover_packages(recursive) discover
[0.119s] INFO:colcon.colcon_core.package_discovery:Crawling recursively for packages in '/home/amejiyo/GitHub/502/detection'
[0.119s] Level 1:colcon.colcon_core.package_identification:_identify(.) by extensions ['ignore', 'ignore_ament_install']
[0.119s] Level 1:colcon.colcon_core.package_identification:_identify(.) by extension 'ignore'
[0.119s] Level 1:colcon.colcon_core.package_identification:_identify(.) by extension 'ignore_ament_install'
[0.119s] Level 1:colcon.colcon_core.package_identification:_identify(.) by extensions ['colcon_pkg']
[0.119s] Level 1:colcon.colcon_core.package_identification:_identify(.) by extension 'colcon_pkg'
[0.119s] Level 1:colcon.colcon_core.package_identification:_identify(.) by extensions ['colcon_meta']
[0.119s] Level 1:colcon.colcon_core.package_identification:_identify(.) by extension 'colcon_meta'
[0.119s] Level 1:colcon.colcon_core.package_identification:_identify(.) by extensions ['ros']
[0.119s] Level 1:colcon.colcon_core.package_identification:_identify(.) by extension 'ros'
[0.174s] Level 1:colcon.colcon_core.package_identification:_identify(.) by extensions ['cmake', 'python']
[0.174s] Level 1:colcon.colcon_core.package_identification:_identify(.) by extension 'cmake'
[0.174s] Level 1:colcon.colcon_core.package_identification:_identify(.) by extension 'python'
[0.174s] Level 1:colcon.colcon_core.package_identification:_identify(.) by extensions ['python_setup_py']
[0.174s] Level 1:colcon.colcon_core.package_identification:_identify(.) by extension 'python_setup_py'
[0.174s] Level 1:colcon.colcon_core.package_identification:_identify(build) by extensions ['ignore', 'ignore_ament_install']
[0.174s] Level 1:colcon.colcon_core.package_identification:_identify(build) by extension 'ignore'
[0.174s] Level 1:colcon.colcon_core.package_identification:_identify(build) ignored
[0.174s] Level 1:colcon.colcon_core.package_identification:_identify(install) by extensions ['ignore', 'ignore_ament_install']
[0.174s] Level 1:colcon.colcon_core.package_identification:_identify(install) by extension 'ignore'
[0.174s] Level 1:colcon.colcon_core.package_identification:_identify(install) ignored
[0.174s] Level 1:colcon.colcon_core.package_identification:_identify(log) by extensions ['ignore', 'ignore_ament_install']
[0.175s] Level 1:colcon.colcon_core.package_identification:_identify(log) by extension 'ignore'
[0.175s] Level 1:colcon.colcon_core.package_identification:_identify(log) ignored
[0.175s] Level 1:colcon.colcon_core.package_identification:_identify(src) by extensions ['ignore', 'ignore_ament_install']
[0.175s] Level 1:colcon.colcon_core.package_identification:_identify(src) by extension 'ignore'
[0.175s] Level 1:colcon.colcon_core.package_identification:_identify(src) by extension 'ignore_ament_install'
[0.175s] Level 1:colcon.colcon_core.package_identification:_identify(src) by extensions ['colcon_pkg']
[0.175s] Level 1:colcon.colcon_core.package_identification:_identify(src) by extension 'colcon_pkg'
[0.175s] Level 1:colcon.colcon_core.package_identification:_identify(src) by extensions ['colcon_meta']
[0.175s] Level 1:colcon.colcon_core.package_identification:_identify(src) by extension 'colcon_meta'
[0.175s] Level 1:colcon.colcon_core.package_identification:_identify(src) by extensions ['ros']
[0.175s] Level 1:colcon.colcon_core.package_identification:_identify(src) by extension 'ros'
[0.175s] Level 1:colcon.colcon_core.package_identification:_identify(src) by extensions ['cmake', 'python']
[0.175s] Level 1:colcon.colcon_core.package_identification:_identify(src) by extension 'cmake'
[0.175s] Level 1:colcon.colcon_core.package_identification:_identify(src) by extension 'python'
[0.175s] Level 1:colcon.colcon_core.package_identification:_identify(src) by extensions ['python_setup_py']
[0.175s] Level 1:colcon.colcon_core.package_identification:_identify(src) by extension 'python_setup_py'
[0.175s] Level 1:colcon.colcon_core.package_identification:_identify(src/interfaces) by extensions ['ignore', 'ignore_ament_install']
[0.175s] Level 1:colcon.colcon_core.package_identification:_identify(src/interfaces) by extension 'ignore'
[0.175s] Level 1:colcon.colcon_core.package_identification:_identify(src/interfaces) by extension 'ignore_ament_install'
[0.175s] Level 1:colcon.colcon_core.package_identification:_identify(src/interfaces) by extensions ['colcon_pkg']
[0.175s] Level 1:colcon.colcon_core.package_identification:_identify(src/interfaces) by extension 'colcon_pkg'
[0.175s] Level 1:colcon.colcon_core.package_identification:_identify(src/interfaces) by extensions ['colcon_meta']
[0.175s] Level 1:colcon.colcon_core.package_identification:_identify(src/interfaces) by extension 'colcon_meta'
[0.175s] Level 1:colcon.colcon_core.package_identification:_identify(src/interfaces) by extensions ['ros']
[0.175s] Level 1:colcon.colcon_core.package_identification:_identify(src/interfaces) by extension 'ros'
[0.177s] DEBUG:colcon.colcon_core.package_identification:Package 'src/interfaces' with type 'ros.ament_cmake' and name 'interfaces'
[0.177s] Level 1:colcon.colcon_core.package_identification:_identify(src/yolobot_control) by extensions ['ignore', 'ignore_ament_install']
[0.177s] Level 1:colcon.colcon_core.package_identification:_identify(src/yolobot_control) by extension 'ignore'
[0.177s] Level 1:colcon.colcon_core.package_identification:_identify(src/yolobot_control) by extension 'ignore_ament_install'
[0.177s] Level 1:colcon.colcon_core.package_identification:_identify(src/yolobot_control) by extensions ['colcon_pkg']
[0.177s] Level 1:colcon.colcon_core.package_identification:_identify(src/yolobot_control) by extension 'colcon_pkg'
[0.177s] Level 1:colcon.colcon_core.package_identification:_identify(src/yolobot_control) by extensions ['colcon_meta']
[0.178s] Level 1:colcon.colcon_core.package_identification:_identify(src/yolobot_control) by extension 'colcon_meta'
[0.178s] Level 1:colcon.colcon_core.package_identification:_identify(src/yolobot_control) by extensions ['ros']
[0.178s] Level 1:colcon.colcon_core.package_identification:_identify(src/yolobot_control) by extension 'ros'
[0.178s] DEBUG:colcon.colcon_core.package_identification:Package 'src/yolobot_control' with type 'ros.ament_cmake' and name 'yolobot_control'
[0.178s] Level 1:colcon.colcon_core.package_identification:_identify(src/yolobot_description) by extensions ['ignore', 'ignore_ament_install']
[0.178s] Level 1:colcon.colcon_core.package_identification:_identify(src/yolobot_description) by extension 'ignore'
[0.178s] Level 1:colcon.colcon_core.package_identification:_identify(src/yolobot_description) by extension 'ignore_ament_install'
[0.178s] Level 1:colcon.colcon_core.package_identification:_identify(src/yolobot_description) by extensions ['colcon_pkg']
[0.178s] Level 1:colcon.colcon_core.package_identification:_identify(src/yolobot_description) by extension 'colcon_pkg'
[0.178s] Level 1:colcon.colcon_core.package_identification:_identify(src/yolobot_description) by extensions ['colcon_meta']
[0.178s] Level 1:colcon.colcon_core.package_identification:_identify(src/yolobot_description) by extension 'colcon_meta'
[0.178s] Level 1:colcon.colcon_core.package_identification:_identify(src/yolobot_description) by extensions ['ros']
[0.178s] Level 1:colcon.colcon_core.package_identification:_identify(src/yolobot_description) by extension 'ros'
[0.179s] DEBUG:colcon.colcon_core.package_identification:Package 'src/yolobot_description' with type 'ros.ament_cmake' and name 'yolobot_description'
[0.179s] Level 1:colcon.colcon_core.package_identification:_identify(src/yolobot_detection) by extensions ['ignore', 'ignore_ament_install']
[0.179s] Level 1:colcon.colcon_core.package_identification:_identify(src/yolobot_detection) by extension 'ignore'
[0.179s] Level 1:colcon.colcon_core.package_identification:_identify(src/yolobot_detection) by extension 'ignore_ament_install'
[0.179s] Level 1:colcon.colcon_core.package_identification:_identify(src/yolobot_detection) by extensions ['colcon_pkg']
[0.179s] Level 1:colcon.colcon_core.package_identification:_identify(src/yolobot_detection) by extension 'colcon_pkg'
[0.179s] Level 1:colcon.colcon_core.package_identification:_identify(src/yolobot_detection) by extensions ['colcon_meta']
[0.179s] Level 1:colcon.colcon_core.package_identification:_identify(src/yolobot_detection) by extension 'colcon_meta'
[0.179s] Level 1:colcon.colcon_core.package_identification:_identify(src/yolobot_detection) by extensions ['ros']
[0.179s] Level 1:colcon.colcon_core.package_identification:_identify(src/yolobot_detection) by extension 'ros'
[0.179s] DEBUG:colcon.colcon_core.package_identification:Package 'src/yolobot_detection' with type 'ros.ament_python' and name 'yolobot_detection'
[0.179s] Level 1:colcon.colcon_core.package_identification:_identify(src/yolobot_gazebo) by extensions ['ignore', 'ignore_ament_install']
[0.179s] Level 1:colcon.colcon_core.package_identification:_identify(src/yolobot_gazebo) by extension 'ignore'
[0.179s] Level 1:colcon.colcon_core.package_identification:_identify(src/yolobot_gazebo) by extension 'ignore_ament_install'
[0.180s] Level 1:colcon.colcon_core.package_identification:_identify(src/yolobot_gazebo) by extensions ['colcon_pkg']
[0.180s] Level 1:colcon.colcon_core.package_identification:_identify(src/yolobot_gazebo) by extension 'colcon_pkg'
[0.180s] Level 1:colcon.colcon_core.package_identification:_identify(src/yolobot_gazebo) by extensions ['colcon_meta']
[0.180s] Level 1:colcon.colcon_core.package_identification:_identify(src/yolobot_gazebo) by extension 'colcon_meta'
[0.180s] Level 1:colcon.colcon_core.package_identification:_identify(src/yolobot_gazebo) by extensions ['ros']
[0.180s] Level 1:colcon.colcon_core.package_identification:_identify(src/yolobot_gazebo) by extension 'ros'
[0.180s] DEBUG:colcon.colcon_core.package_identification:Package 'src/yolobot_gazebo' with type 'ros.ament_cmake' and name 'yolobot_gazebo'
[0.180s] Level 1:colcon.colcon_core.package_identification:_identify(src/yolobot_recognition) by extensions ['ignore', 'ignore_ament_install']
[0.180s] Level 1:colcon.colcon_core.package_identification:_identify(src/yolobot_recognition) by extension 'ignore'
[0.180s] Level 1:colcon.colcon_core.package_identification:_identify(src/yolobot_recognition) by extension 'ignore_ament_install'
[0.180s] Level 1:colcon.colcon_core.package_identification:_identify(src/yolobot_recognition) by extensions ['colcon_pkg']
[0.180s] Level 1:colcon.colcon_core.package_identification:_identify(src/yolobot_recognition) by extension 'colcon_pkg'
[0.180s] Level 1:colcon.colcon_core.package_identification:_identify(src/yolobot_recognition) by extensions ['colcon_meta']
[0.180s] Level 1:colcon.colcon_core.package_identification:_identify(src/yolobot_recognition) by extension 'colcon_meta'
[0.180s] Level 1:colcon.colcon_core.package_identification:_identify(src/yolobot_recognition) by extensions ['ros']
[0.180s] Level 1:colcon.colcon_core.package_identification:_identify(src/yolobot_recognition) by extension 'ros'
[0.181s] DEBUG:colcon.colcon_core.package_identification:Package 'src/yolobot_recognition' with type 'ros.ament_cmake' and name 'yolobot_recognition'
[0.181s] Level 1:colcon.colcon_core.package_discovery:discover_packages(recursive) using defaults
[0.181s] Level 1:colcon.colcon_core.package_discovery:discover_packages(ignore) discover
[0.181s] Level 1:colcon.colcon_core.package_discovery:discover_packages(ignore) using defaults
[0.181s] Level 1:colcon.colcon_core.package_discovery:discover_packages(path) discover
[0.181s] Level 1:colcon.colcon_core.package_discovery:discover_packages(path) using defaults
[0.194s] Level 1:colcon.colcon_core.package_discovery:discover_packages(prefix_path) check parameters
[0.194s] Level 1:colcon.colcon_core.package_discovery:discover_packages(prefix_path) discover
[0.196s] DEBUG:colcon.colcon_installed_package_information.package_discovery:Found 270 installed packages in /opt/ros/foxy
[0.197s] Level 1:colcon.colcon_core.package_discovery:discover_packages(prefix_path) using defaults
[0.245s] Level 5:colcon.colcon_core.verb:set package 'interfaces' build argument 'cmake_args' from command line to 'None'
[0.245s] Level 5:colcon.colcon_core.verb:set package 'interfaces' build argument 'cmake_target' from command line to 'None'
[0.245s] Level 5:colcon.colcon_core.verb:set package 'interfaces' build argument 'cmake_target_skip_unavailable' from command line to 'False'
[0.245s] Level 5:colcon.colcon_core.verb:set package 'interfaces' build argument 'cmake_clean_cache' from command line to 'False'
[0.245s] Level 5:colcon.colcon_core.verb:set package 'interfaces' build argument 'cmake_clean_first' from command line to 'False'
[0.245s] Level 5:colcon.colcon_core.verb:set package 'interfaces' build argument 'cmake_force_configure' from command line to 'False'
[0.245s] Level 5:colcon.colcon_core.verb:set package 'interfaces' build argument 'ament_cmake_args' from command line to 'None'
[0.245s] Level 5:colcon.colcon_core.verb:set package 'interfaces' build argument 'catkin_cmake_args' from command line to 'None'
[0.245s] Level 5:colcon.colcon_core.verb:set package 'interfaces' build argument 'catkin_skip_building_tests' from command line to 'False'
[0.245s] DEBUG:colcon.colcon_core.verb:Building package 'interfaces' with the following arguments: {'ament_cmake_args': None, 'build_base': '/home/amejiyo/GitHub/502/detection/build/interfaces', 'catkin_cmake_args': None, 'catkin_skip_building_tests': False, 'cmake_args': None, 'cmake_clean_cache': False, 'cmake_clean_first': False, 'cmake_force_configure': False, 'cmake_target': None, 'cmake_target_skip_unavailable': False, 'install_base': '/home/amejiyo/GitHub/502/detection/install/interfaces', 'merge_install': False, 'path': '/home/amejiyo/GitHub/502/detection/src/interfaces', 'symlink_install': False, 'test_result_base': None}
[0.246s] Level 5:colcon.colcon_core.verb:set package 'yolobot_control' build argument 'cmake_args' from command line to 'None'
[0.246s] Level 5:colcon.colcon_core.verb:set package 'yolobot_control' build argument 'cmake_target' from command line to 'None'
[0.246s] Level 5:colcon.colcon_core.verb:set package 'yolobot_control' build argument 'cmake_target_skip_unavailable' from command line to 'False'
[0.246s] Level 5:colcon.colcon_core.verb:set package 'yolobot_control' build argument 'cmake_clean_cache' from command line to 'False'
[0.246s] Level 5:colcon.colcon_core.verb:set package 'yolobot_control' build argument 'cmake_clean_first' from command line to 'False'
[0.246s] Level 5:colcon.colcon_core.verb:set package 'yolobot_control' build argument 'cmake_force_configure' from command line to 'False'
[0.246s] Level 5:colcon.colcon_core.verb:set package 'yolobot_control' build argument 'ament_cmake_args' from command line to 'None'
[0.246s] Level 5:colcon.colcon_core.verb:set package 'yolobot_control' build argument 'catkin_cmake_args' from command line to 'None'
[0.246s] Level 5:colcon.colcon_core.verb:set package 'yolobot_control' build argument 'catkin_skip_building_tests' from command line to 'False'
[0.246s] DEBUG:colcon.colcon_core.verb:Building package 'yolobot_control' with the following arguments: {'ament_cmake_args': None, 'build_base': '/home/amejiyo/GitHub/502/detection/build/yolobot_control', 'catkin_cmake_args': None, 'catkin_skip_building_tests': False, 'cmake_args': None, 'cmake_clean_cache': False, 'cmake_clean_first': False, 'cmake_force_configure': False, 'cmake_target': None, 'cmake_target_skip_unavailable': False, 'install_base': '/home/amejiyo/GitHub/502/detection/install/yolobot_control', 'merge_install': False, 'path': '/home/amejiyo/GitHub/502/detection/src/yolobot_control', 'symlink_install': False, 'test_result_base': None}
[0.246s] Level 5:colcon.colcon_core.verb:set package 'yolobot_description' build argument 'cmake_args' from command line to 'None'
[0.246s] Level 5:colcon.colcon_core.verb:set package 'yolobot_description' build argument 'cmake_target' from command line to 'None'
[0.246s] Level 5:colcon.colcon_core.verb:set package 'yolobot_description' build argument 'cmake_target_skip_unavailable' from command line to 'False'
[0.246s] Level 5:colcon.colcon_core.verb:set package 'yolobot_description' build argument 'cmake_clean_cache' from command line to 'False'
[0.246s] Level 5:colcon.colcon_core.verb:set package 'yolobot_description' build argument 'cmake_clean_first' from command line to 'False'
[0.246s] Level 5:colcon.colcon_core.verb:set package 'yolobot_description' build argument 'cmake_force_configure' from command line to 'False'
[0.246s] Level 5:colcon.colcon_core.verb:set package 'yolobot_description' build argument 'ament_cmake_args' from command line to 'None'
[0.246s] Level 5:colcon.colcon_core.verb:set package 'yolobot_description' build argument 'catkin_cmake_args' from command line to 'None'
[0.246s] Level 5:colcon.colcon_core.verb:set package 'yolobot_description' build argument 'catkin_skip_building_tests' from command line to 'False'
[0.246s] DEBUG:colcon.colcon_core.verb:Building package 'yolobot_description' with the following arguments: {'ament_cmake_args': None, 'build_base': '/home/amejiyo/GitHub/502/detection/build/yolobot_description', 'catkin_cmake_args': None, 'catkin_skip_building_tests': False, 'cmake_args': None, 'cmake_clean_cache': False, 'cmake_clean_first': False, 'cmake_force_configure': False, 'cmake_target': None, 'cmake_target_skip_unavailable': False, 'install_base': '/home/amejiyo/GitHub/502/detection/install/yolobot_description', 'merge_install': False, 'path': '/home/amejiyo/GitHub/502/detection/src/yolobot_description', 'symlink_install': False, 'test_result_base': None}
[0.247s] Level 5:colcon.colcon_core.verb:set package 'yolobot_detection' build argument 'cmake_args' from command line to 'None'
[0.247s] Level 5:colcon.colcon_core.verb:set package 'yolobot_detection' build argument 'cmake_target' from command line to 'None'
[0.247s] Level 5:colcon.colcon_core.verb:set package 'yolobot_detection' build argument 'cmake_target_skip_unavailable' from command line to 'False'
[0.247s] Level 5:colcon.colcon_core.verb:set package 'yolobot_detection' build argument 'cmake_clean_cache' from command line to 'False'
[0.247s] Level 5:colcon.colcon_core.verb:set package 'yolobot_detection' build argument 'cmake_clean_first' from command line to 'False'
[0.247s] Level 5:colcon.colcon_core.verb:set package 'yolobot_detection' build argument 'cmake_force_configure' from command line to 'False'
[0.247s] Level 5:colcon.colcon_core.verb:set package 'yolobot_detection' build argument 'ament_cmake_args' from command line to 'None'
[0.247s] Level 5:colcon.colcon_core.verb:set package 'yolobot_detection' build argument 'catkin_cmake_args' from command line to 'None'
[0.247s] Level 5:colcon.colcon_core.verb:set package 'yolobot_detection' build argument 'catkin_skip_building_tests' from command line to 'False'
[0.247s] DEBUG:colcon.colcon_core.verb:Building package 'yolobot_detection' with the following arguments: {'ament_cmake_args': None, 'build_base': '/home/amejiyo/GitHub/502/detection/build/yolobot_detection', 'catkin_cmake_args': None, 'catkin_skip_building_tests': False, 'cmake_args': None, 'cmake_clean_cache': False, 'cmake_clean_first': False, 'cmake_force_configure': False, 'cmake_target': None, 'cmake_target_skip_unavailable': False, 'install_base': '/home/amejiyo/GitHub/502/detection/install/yolobot_detection', 'merge_install': False, 'path': '/home/amejiyo/GitHub/502/detection/src/yolobot_detection', 'symlink_install': False, 'test_result_base': None}
[0.247s] Level 5:colcon.colcon_core.verb:set package 'yolobot_gazebo' build argument 'cmake_args' from command line to 'None'
[0.247s] Level 5:colcon.colcon_core.verb:set package 'yolobot_gazebo' build argument 'cmake_target' from command line to 'None'
[0.247s] Level 5:colcon.colcon_core.verb:set package 'yolobot_gazebo' build argument 'cmake_target_skip_unavailable' from command line to 'False'
[0.248s] Level 5:colcon.colcon_core.verb:set package 'yolobot_gazebo' build argument 'cmake_clean_cache' from command line to 'False'
[0.248s] Level 5:colcon.colcon_core.verb:set package 'yolobot_gazebo' build argument 'cmake_clean_first' from command line to 'False'
[0.248s] Level 5:colcon.colcon_core.verb:set package 'yolobot_gazebo' build argument 'cmake_force_configure' from command line to 'False'
[0.248s] Level 5:colcon.colcon_core.verb:set package 'yolobot_gazebo' build argument 'ament_cmake_args' from command line to 'None'
[0.248s] Level 5:colcon.colcon_core.verb:set package 'yolobot_gazebo' build argument 'catkin_cmake_args' from command line to 'None'
[0.248s] Level 5:colcon.colcon_core.verb:set package 'yolobot_gazebo' build argument 'catkin_skip_building_tests' from command line to 'False'
[0.248s] DEBUG:colcon.colcon_core.verb:Building package 'yolobot_gazebo' with the following arguments: {'ament_cmake_args': None, 'build_base': '/home/amejiyo/GitHub/502/detection/build/yolobot_gazebo', 'catkin_cmake_args': None, 'catkin_skip_building_tests': False, 'cmake_args': None, 'cmake_clean_cache': False, 'cmake_clean_first': False, 'cmake_force_configure': False, 'cmake_target': None, 'cmake_target_skip_unavailable': False, 'install_base': '/home/amejiyo/GitHub/502/detection/install/yolobot_gazebo', 'merge_install': False, 'path': '/home/amejiyo/GitHub/502/detection/src/yolobot_gazebo', 'symlink_install': False, 'test_result_base': None}
[0.248s] Level 5:colcon.colcon_core.verb:set package 'yolobot_recognition' build argument 'cmake_args' from command line to 'None'
[0.248s] Level 5:colcon.colcon_core.verb:set package 'yolobot_recognition' build argument 'cmake_target' from command line to 'None'
[0.248s] Level 5:colcon.colcon_core.verb:set package 'yolobot_recognition' build argument 'cmake_target_skip_unavailable' from command line to 'False'
[0.248s] Level 5:colcon.colcon_core.verb:set package 'yolobot_recognition' build argument 'cmake_clean_cache' from command line to 'False'
[0.248s] Level 5:colcon.colcon_core.verb:set package 'yolobot_recognition' build argument 'cmake_clean_first' from command line to 'False'
[0.248s] Level 5:colcon.colcon_core.verb:set package 'yolobot_recognition' build argument 'cmake_force_configure' from command line to 'False'
[0.248s] Level 5:colcon.colcon_core.verb:set package 'yolobot_recognition' build argument 'ament_cmake_args' from command line to 'None'
[0.248s] Level 5:colcon.colcon_core.verb:set package 'yolobot_recognition' build argument 'catkin_cmake_args' from command line to 'None'
[0.248s] Level 5:colcon.colcon_core.verb:set package 'yolobot_recognition' build argument 'catkin_skip_building_tests' from command line to 'False'
[0.248s] DEBUG:colcon.colcon_core.verb:Building package 'yolobot_recognition' with the following arguments: {'ament_cmake_args': None, 'build_base': '/home/amejiyo/GitHub/502/detection/build/yolobot_recognition', 'catkin_cmake_args': None, 'catkin_skip_building_tests': False, 'cmake_args': None, 'cmake_clean_cache': False, 'cmake_clean_first': False, 'cmake_force_configure': False, 'cmake_target': None, 'cmake_target_skip_unavailable': False, 'install_base': '/home/amejiyo/GitHub/502/detection/install/yolobot_recognition', 'merge_install': False, 'path': '/home/amejiyo/GitHub/502/detection/src/yolobot_recognition', 'symlink_install': False, 'test_result_base': None}
[0.249s] INFO:colcon.colcon_core.executor:Executing jobs using 'parallel' executor
[0.251s] DEBUG:colcon.colcon_parallel_executor.executor.parallel:run_until_complete
[0.251s] INFO:colcon.colcon_ros.task.ament_cmake.build:Building ROS package in '/home/amejiyo/GitHub/502/detection/src/interfaces' with build type 'ament_cmake'
[0.251s] INFO:colcon.colcon_cmake.task.cmake.build:Building CMake package in '/home/amejiyo/GitHub/502/detection/src/interfaces'
[0.255s] INFO:colcon.colcon_core.plugin_system:Skipping extension 'colcon_core.shell.bat': Not used on non-Windows systems
[0.255s] INFO:colcon.colcon_core.shell:Skip shell extension 'powershell' for command environment: Not usable outside of PowerShell
[0.255s] DEBUG:colcon.colcon_core.shell:Skip shell extension 'dsv' for command environment
[0.260s] INFO:colcon.colcon_ros.task.ament_cmake.build:Building ROS package in '/home/amejiyo/GitHub/502/detection/src/yolobot_control' with build type 'ament_cmake'
[0.260s] INFO:colcon.colcon_cmake.task.cmake.build:Building CMake package in '/home/amejiyo/GitHub/502/detection/src/yolobot_control'
[0.261s] INFO:colcon.colcon_core.shell:Skip shell extension 'powershell' for command environment: Not usable outside of PowerShell
[0.261s] DEBUG:colcon.colcon_core.shell:Skip shell extension 'dsv' for command environment
[0.266s] INFO:colcon.colcon_ros.task.ament_cmake.build:Building ROS package in '/home/amejiyo/GitHub/502/detection/src/yolobot_description' with build type 'ament_cmake'
[0.266s] INFO:colcon.colcon_cmake.task.cmake.build:Building CMake package in '/home/amejiyo/GitHub/502/detection/src/yolobot_description'
[0.266s] INFO:colcon.colcon_core.shell:Skip shell extension 'powershell' for command environment: Not usable outside of PowerShell
[0.267s] DEBUG:colcon.colcon_core.shell:Skip shell extension 'dsv' for command environment
[0.274s] INFO:colcon.colcon_ros.task.ament_python.build:Building ROS package in '/home/amejiyo/GitHub/502/detection/src/yolobot_detection' with build type 'ament_python'
[0.275s] Level 1:colcon.colcon_core.shell:create_environment_hook('yolobot_detection', 'ament_prefix_path')
[0.276s] INFO:colcon.colcon_core.shell:Creating environment hook '/home/amejiyo/GitHub/502/detection/install/yolobot_detection/share/yolobot_detection/hook/ament_prefix_path.ps1'
[0.276s] INFO:colcon.colcon_core.shell:Creating environment descriptor '/home/amejiyo/GitHub/502/detection/install/yolobot_detection/share/yolobot_detection/hook/ament_prefix_path.dsv'
[0.277s] INFO:colcon.colcon_core.shell:Creating environment hook '/home/amejiyo/GitHub/502/detection/install/yolobot_detection/share/yolobot_detection/hook/ament_prefix_path.sh'
[0.278s] INFO:colcon.colcon_core.shell:Skip shell extension 'powershell' for command environment: Not usable outside of PowerShell
[0.278s] DEBUG:colcon.colcon_core.shell:Skip shell extension 'dsv' for command environment
[0.282s] INFO:colcon.colcon_ros.task.ament_cmake.build:Building ROS package in '/home/amejiyo/GitHub/502/detection/src/yolobot_gazebo' with build type 'ament_cmake'
[0.283s] INFO:colcon.colcon_cmake.task.cmake.build:Building CMake package in '/home/amejiyo/GitHub/502/detection/src/yolobot_gazebo'
[0.283s] INFO:colcon.colcon_core.shell:Skip shell extension 'powershell' for command environment: Not usable outside of PowerShell
[0.284s] DEBUG:colcon.colcon_core.shell:Skip shell extension 'dsv' for command environment
[0.288s] INFO:colcon.colcon_ros.task.ament_cmake.build:Building ROS package in '/home/amejiyo/GitHub/502/detection/src/yolobot_recognition' with build type 'ament_cmake'
[0.289s] INFO:colcon.colcon_cmake.task.cmake.build:Building CMake package in '/home/amejiyo/GitHub/502/detection/src/yolobot_recognition'
[0.290s] INFO:colcon.colcon_core.shell:Skip shell extension 'powershell' for command environment: Not usable outside of PowerShell
[0.290s] DEBUG:colcon.colcon_core.shell:Skip shell extension 'dsv' for command environment
[0.302s] DEBUG:colcon.colcon_core.event_handler.log_command:Invoking command in '/home/amejiyo/GitHub/502/detection/build/interfaces': CMAKE_PREFIX_PATH=/opt/ros/foxy /usr/bin/cmake --build /home/amejiyo/GitHub/502/detection/build/interfaces -- -j16 -l16
[0.310s] DEBUG:colcon.colcon_core.event_handler.log_command:Invoking command in '/home/amejiyo/GitHub/502/detection/build/yolobot_control': CMAKE_PREFIX_PATH=/opt/ros/foxy /usr/bin/cmake --build /home/amejiyo/GitHub/502/detection/build/yolobot_control -- -j16 -l16
[0.314s] DEBUG:colcon.colcon_core.event_handler.log_command:Invoking command in '/home/amejiyo/GitHub/502/detection/build/yolobot_description': CMAKE_PREFIX_PATH=/opt/ros/foxy /usr/bin/cmake --build /home/amejiyo/GitHub/502/detection/build/yolobot_description -- -j16 -l16
[0.541s] INFO:colcon.colcon_core.task.python.build:Building Python package in '/home/amejiyo/GitHub/502/detection/src/yolobot_detection'
[0.542s] INFO:colcon.colcon_core.shell:Skip shell extension 'powershell' for command environment: Not usable outside of PowerShell
[0.542s] DEBUG:colcon.colcon_core.shell:Skip shell extension 'dsv' for command environment
[0.558s] DEBUG:colcon.colcon_core.event_handler.log_command:Invoking command in '/home/amejiyo/GitHub/502/detection/build/yolobot_gazebo': CMAKE_PREFIX_PATH=/opt/ros/foxy /usr/bin/cmake --build /home/amejiyo/GitHub/502/detection/build/yolobot_gazebo -- -j16 -l16
[0.560s] DEBUG:colcon.colcon_core.event_handler.log_command:Invoking command in '/home/amejiyo/GitHub/502/detection/build/yolobot_recognition': CMAKE_PREFIX_PATH=/opt/ros/foxy /usr/bin/cmake --build /home/amejiyo/GitHub/502/detection/build/yolobot_recognition -- -j16 -l16
[0.570s] DEBUG:colcon.colcon_core.event_handler.log_command:Invoked command in '/home/amejiyo/GitHub/502/detection/build/interfaces' returned '0': CMAKE_PREFIX_PATH=/opt/ros/foxy /usr/bin/cmake --build /home/amejiyo/GitHub/502/detection/build/interfaces -- -j16 -l16
[0.575s] DEBUG:colcon.colcon_core.event_handler.log_command:Invoked command in '/home/amejiyo/GitHub/502/detection/build/yolobot_control' returned '0': CMAKE_PREFIX_PATH=/opt/ros/foxy /usr/bin/cmake --build /home/amejiyo/GitHub/502/detection/build/yolobot_control -- -j16 -l16
[0.579s] DEBUG:colcon.colcon_core.event_handler.log_command:Invoked command in '/home/amejiyo/GitHub/502/detection/build/yolobot_description' returned '0': CMAKE_PREFIX_PATH=/opt/ros/foxy /usr/bin/cmake --build /home/amejiyo/GitHub/502/detection/build/yolobot_description -- -j16 -l16
[0.603s] DEBUG:colcon.colcon_core.event_handler.log_command:Invoked command in '/home/amejiyo/GitHub/502/detection/build/yolobot_recognition' returned '0': CMAKE_PREFIX_PATH=/opt/ros/foxy /usr/bin/cmake --build /home/amejiyo/GitHub/502/detection/build/yolobot_recognition -- -j16 -l16
[0.604s] DEBUG:colcon.colcon_core.event_handler.log_command:Invoked command in '/home/amejiyo/GitHub/502/detection/build/yolobot_gazebo' returned '0': CMAKE_PREFIX_PATH=/opt/ros/foxy /usr/bin/cmake --build /home/amejiyo/GitHub/502/detection/build/yolobot_gazebo -- -j16 -l16
[0.621s] DEBUG:colcon.colcon_core.event_handler.log_command:Invoking command in '/home/amejiyo/GitHub/502/detection/build/yolobot_control': CMAKE_PREFIX_PATH=/opt/ros/foxy /usr/bin/cmake --install /home/amejiyo/GitHub/502/detection/build/yolobot_control
[0.624s] DEBUG:colcon.colcon_core.event_handler.log_command:Invoking command in '/home/amejiyo/GitHub/502/detection/build/yolobot_description': CMAKE_PREFIX_PATH=/opt/ros/foxy /usr/bin/cmake --install /home/amejiyo/GitHub/502/detection/build/yolobot_description
[0.630s] DEBUG:colcon.colcon_core.event_handler.log_command:Invoking command in '/home/amejiyo/GitHub/502/detection/build/interfaces': CMAKE_PREFIX_PATH=/opt/ros/foxy /usr/bin/cmake --install /home/amejiyo/GitHub/502/detection/build/interfaces
[0.638s] DEBUG:colcon.colcon_core.event_handler.log_command:Invoking command in '/home/amejiyo/GitHub/502/detection/build/yolobot_recognition': CMAKE_PREFIX_PATH=/opt/ros/foxy /usr/bin/cmake --install /home/amejiyo/GitHub/502/detection/build/yolobot_recognition
[0.642s] Level 1:colcon.colcon_core.environment:create_environment_scripts_only(yolobot_control)
[0.644s] DEBUG:colcon.colcon_core.event_handler.log_command:Invoking command in '/home/amejiyo/GitHub/502/detection/build/yolobot_gazebo': CMAKE_PREFIX_PATH=/opt/ros/foxy /usr/bin/cmake --install /home/amejiyo/GitHub/502/detection/build/yolobot_gazebo
[0.647s] DEBUG:colcon.colcon_core.event_handler.log_command:Invoked command in '/home/amejiyo/GitHub/502/detection/build/yolobot_control' returned '0': CMAKE_PREFIX_PATH=/opt/ros/foxy /usr/bin/cmake --install /home/amejiyo/GitHub/502/detection/build/yolobot_control
[0.654s] Level 1:colcon.colcon_core.environment:checking '/home/amejiyo/GitHub/502/detection/install/yolobot_control' for CMake module files
[0.654s] Level 1:colcon.colcon_core.environment:checking '/home/amejiyo/GitHub/502/detection/install/yolobot_control' for CMake config files
[0.654s] Level 1:colcon.colcon_core.shell:create_environment_hook('yolobot_control', 'cmake_prefix_path')
[0.655s] INFO:colcon.colcon_core.shell:Creating environment hook '/home/amejiyo/GitHub/502/detection/install/yolobot_control/share/yolobot_control/hook/cmake_prefix_path.ps1'
[0.655s] INFO:colcon.colcon_core.shell:Creating environment descriptor '/home/amejiyo/GitHub/502/detection/install/yolobot_control/share/yolobot_control/hook/cmake_prefix_path.dsv'
[0.656s] INFO:colcon.colcon_core.shell:Creating environment hook '/home/amejiyo/GitHub/502/detection/install/yolobot_control/share/yolobot_control/hook/cmake_prefix_path.sh'
[0.656s] Level 1:colcon.colcon_core.environment:checking '/home/amejiyo/GitHub/502/detection/install/yolobot_control/lib'
[0.656s] Level 1:colcon.colcon_core.environment:checking '/home/amejiyo/GitHub/502/detection/install/yolobot_control/bin'
[0.656s] Level 1:colcon.colcon_core.environment:checking '/home/amejiyo/GitHub/502/detection/install/yolobot_control/lib/pkgconfig/yolobot_control.pc'
[0.657s] Level 1:colcon.colcon_core.environment:checking '/home/amejiyo/GitHub/502/detection/install/yolobot_control/lib/python3.8/site-packages'
[0.657s] Level 1:colcon.colcon_core.environment:checking '/home/amejiyo/GitHub/502/detection/install/yolobot_control/bin'
[0.657s] INFO:colcon.colcon_core.shell:Creating package script '/home/amejiyo/GitHub/502/detection/install/yolobot_control/share/yolobot_control/package.ps1'
[0.658s] INFO:colcon.colcon_core.shell:Creating package descriptor '/home/amejiyo/GitHub/502/detection/install/yolobot_control/share/yolobot_control/package.dsv'
[0.658s] INFO:colcon.colcon_core.shell:Creating package script '/home/amejiyo/GitHub/502/detection/install/yolobot_control/share/yolobot_control/package.sh'
[0.659s] INFO:colcon.colcon_core.shell:Creating package script '/home/amejiyo/GitHub/502/detection/install/yolobot_control/share/yolobot_control/package.bash'
[0.659s] INFO:colcon.colcon_core.shell:Creating package script '/home/amejiyo/GitHub/502/detection/install/yolobot_control/share/yolobot_control/package.zsh'
[0.660s] Level 1:colcon.colcon_core.environment:create_file_with_runtime_dependencies(/home/amejiyo/GitHub/502/detection/install/yolobot_control/share/colcon-core/packages/yolobot_control)
[0.663s] Level 1:colcon.colcon_core.environment:create_environment_scripts_only(yolobot_description)
[0.664s] Level 1:colcon.colcon_core.environment:checking '/home/amejiyo/GitHub/502/detection/install/yolobot_description' for CMake module files
[0.667s] DEBUG:colcon.colcon_core.event_handler.log_command:Invoked command in '/home/amejiyo/GitHub/502/detection/build/yolobot_description' returned '0': CMAKE_PREFIX_PATH=/opt/ros/foxy /usr/bin/cmake --install /home/amejiyo/GitHub/502/detection/build/yolobot_description
[0.667s] Level 1:colcon.colcon_core.environment:checking '/home/amejiyo/GitHub/502/detection/install/yolobot_description' for CMake config files
[0.667s] Level 1:colcon.colcon_core.shell:create_environment_hook('yolobot_description', 'cmake_prefix_path')
[0.668s] INFO:colcon.colcon_core.shell:Creating environment hook '/home/amejiyo/GitHub/502/detection/install/yolobot_description/share/yolobot_description/hook/cmake_prefix_path.ps1'
[0.668s] INFO:colcon.colcon_core.shell:Creating environment descriptor '/home/amejiyo/GitHub/502/detection/install/yolobot_description/share/yolobot_description/hook/cmake_prefix_path.dsv'
[0.668s] INFO:colcon.colcon_core.shell:Creating environment hook '/home/amejiyo/GitHub/502/detection/install/yolobot_description/share/yolobot_description/hook/cmake_prefix_path.sh'
[0.669s] Level 1:colcon.colcon_core.environment:checking '/home/amejiyo/GitHub/502/detection/install/yolobot_description/lib'
[0.669s] Level 1:colcon.colcon_core.environment:checking '/home/amejiyo/GitHub/502/detection/install/yolobot_description/bin'
[0.669s] Level 1:colcon.colcon_core.environment:checking '/home/amejiyo/GitHub/502/detection/install/yolobot_description/lib/pkgconfig/yolobot_description.pc'
[0.669s] Level 1:colcon.colcon_core.environment:checking '/home/amejiyo/GitHub/502/detection/install/yolobot_description/lib/python3.8/site-packages'
[0.669s] Level 1:colcon.colcon_core.environment:checking '/home/amejiyo/GitHub/502/detection/install/yolobot_description/bin'
[0.670s] INFO:colcon.colcon_core.shell:Creating package script '/home/amejiyo/GitHub/502/detection/install/yolobot_description/share/yolobot_description/package.ps1'
[0.670s] INFO:colcon.colcon_core.shell:Creating package descriptor '/home/amejiyo/GitHub/502/detection/install/yolobot_description/share/yolobot_description/package.dsv'
[0.671s] INFO:colcon.colcon_core.shell:Creating package script '/home/amejiyo/GitHub/502/detection/install/yolobot_description/share/yolobot_description/package.sh'
[0.671s] INFO:colcon.colcon_core.shell:Creating package script '/home/amejiyo/GitHub/502/detection/install/yolobot_description/share/yolobot_description/package.bash'
[0.671s] INFO:colcon.colcon_core.shell:Creating package script '/home/amejiyo/GitHub/502/detection/install/yolobot_description/share/yolobot_description/package.zsh'
[0.671s] Level 1:colcon.colcon_core.environment:create_file_with_runtime_dependencies(/home/amejiyo/GitHub/502/detection/install/yolobot_description/share/colcon-core/packages/yolobot_description)
[0.676s] Level 1:colcon.colcon_core.environment:create_environment_scripts_only(yolobot_recognition)
[0.677s] Level 1:colcon.colcon_core.environment:checking '/home/amejiyo/GitHub/502/detection/install/yolobot_recognition' for CMake module files
[0.678s] DEBUG:colcon.colcon_core.event_handler.log_command:Invoked command in '/home/amejiyo/GitHub/502/detection/build/yolobot_recognition' returned '0': CMAKE_PREFIX_PATH=/opt/ros/foxy /usr/bin/cmake --install /home/amejiyo/GitHub/502/detection/build/yolobot_recognition
[0.682s] Level 1:colcon.colcon_core.environment:checking '/home/amejiyo/GitHub/502/detection/install/yolobot_recognition' for CMake config files
[0.683s] Level 1:colcon.colcon_core.shell:create_environment_hook('yolobot_recognition', 'cmake_prefix_path')
[0.684s] INFO:colcon.colcon_core.shell:Creating environment hook '/home/amejiyo/GitHub/502/detection/install/yolobot_recognition/share/yolobot_recognition/hook/cmake_prefix_path.ps1'
[0.685s] INFO:colcon.colcon_core.shell:Creating environment descriptor '/home/amejiyo/GitHub/502/detection/install/yolobot_recognition/share/yolobot_recognition/hook/cmake_prefix_path.dsv'
[0.685s] INFO:colcon.colcon_core.shell:Creating environment hook '/home/amejiyo/GitHub/502/detection/install/yolobot_recognition/share/yolobot_recognition/hook/cmake_prefix_path.sh'
[0.686s] Level 1:colcon.colcon_core.environment:checking '/home/amejiyo/GitHub/502/detection/install/yolobot_recognition/lib'
[0.686s] Level 1:colcon.colcon_core.environment:checking '/home/amejiyo/GitHub/502/detection/install/yolobot_recognition/bin'
[0.686s] Level 1:colcon.colcon_core.environment:checking '/home/amejiyo/GitHub/502/detection/install/yolobot_recognition/lib/pkgconfig/yolobot_recognition.pc'
[0.686s] Level 1:colcon.colcon_core.environment:checking '/home/amejiyo/GitHub/502/detection/install/yolobot_recognition/lib/python3.8/site-packages'
[0.686s] Level 1:colcon.colcon_core.shell:create_environment_hook('yolobot_recognition', 'pythonpath')
[0.687s] INFO:colcon.colcon_core.shell:Creating environment hook '/home/amejiyo/GitHub/502/detection/install/yolobot_recognition/share/yolobot_recognition/hook/pythonpath.ps1'
[0.687s] INFO:colcon.colcon_core.shell:Creating environment descriptor '/home/amejiyo/GitHub/502/detection/install/yolobot_recognition/share/yolobot_recognition/hook/pythonpath.dsv'
[0.687s] INFO:colcon.colcon_core.shell:Creating environment hook '/home/amejiyo/GitHub/502/detection/install/yolobot_recognition/share/yolobot_recognition/hook/pythonpath.sh'
[0.688s] Level 1:colcon.colcon_core.environment:checking '/home/amejiyo/GitHub/502/detection/install/yolobot_recognition/bin'
[0.688s] INFO:colcon.colcon_core.shell:Creating package script '/home/amejiyo/GitHub/502/detection/install/yolobot_recognition/share/yolobot_recognition/package.ps1'
[0.689s] INFO:colcon.colcon_core.shell:Creating package descriptor '/home/amejiyo/GitHub/502/detection/install/yolobot_recognition/share/yolobot_recognition/package.dsv'
[0.689s] INFO:colcon.colcon_core.shell:Creating package script '/home/amejiyo/GitHub/502/detection/install/yolobot_recognition/share/yolobot_recognition/package.sh'
[0.690s] INFO:colcon.colcon_core.shell:Creating package script '/home/amejiyo/GitHub/502/detection/install/yolobot_recognition/share/yolobot_recognition/package.bash'
[0.690s] INFO:colcon.colcon_core.shell:Creating package script '/home/amejiyo/GitHub/502/detection/install/yolobot_recognition/share/yolobot_recognition/package.zsh'
[0.690s] Level 1:colcon.colcon_core.environment:create_file_with_runtime_dependencies(/home/amejiyo/GitHub/502/detection/install/yolobot_recognition/share/colcon-core/packages/yolobot_recognition)
[0.692s] Level 1:colcon.colcon_core.environment:create_environment_scripts_only(yolobot_gazebo)
[0.693s] DEBUG:colcon.colcon_core.event_handler.log_command:Invoked command in '/home/amejiyo/GitHub/502/detection/build/yolobot_gazebo' returned '0': CMAKE_PREFIX_PATH=/opt/ros/foxy /usr/bin/cmake --install /home/amejiyo/GitHub/502/detection/build/yolobot_gazebo
[0.695s] Level 1:colcon.colcon_core.environment:checking '/home/amejiyo/GitHub/502/detection/install/yolobot_gazebo' for CMake module files
[0.695s] Level 1:colcon.colcon_core.environment:checking '/home/amejiyo/GitHub/502/detection/install/yolobot_gazebo' for CMake config files
[0.696s] Level 1:colcon.colcon_core.shell:create_environment_hook('yolobot_gazebo', 'cmake_prefix_path')
[0.696s] INFO:colcon.colcon_core.shell:Creating environment hook '/home/amejiyo/GitHub/502/detection/install/yolobot_gazebo/share/yolobot_gazebo/hook/cmake_prefix_path.ps1'
[0.697s] INFO:colcon.colcon_core.shell:Creating environment descriptor '/home/amejiyo/GitHub/502/detection/install/yolobot_gazebo/share/yolobot_gazebo/hook/cmake_prefix_path.dsv'
[0.697s] INFO:colcon.colcon_core.shell:Creating environment hook '/home/amejiyo/GitHub/502/detection/install/yolobot_gazebo/share/yolobot_gazebo/hook/cmake_prefix_path.sh'
[0.698s] Level 1:colcon.colcon_core.environment:checking '/home/amejiyo/GitHub/502/detection/install/yolobot_gazebo/bin'
[0.698s] Level 1:colcon.colcon_core.environment:checking '/home/amejiyo/GitHub/502/detection/install/yolobot_gazebo/lib/pkgconfig/yolobot_gazebo.pc'
[0.698s] Level 1:colcon.colcon_core.environment:checking '/home/amejiyo/GitHub/502/detection/install/yolobot_gazebo/lib/python3.8/site-packages'
[0.698s] Level 1:colcon.colcon_core.environment:checking '/home/amejiyo/GitHub/502/detection/install/yolobot_gazebo/bin'
[0.699s] INFO:colcon.colcon_core.shell:Creating package script '/home/amejiyo/GitHub/502/detection/install/yolobot_gazebo/share/yolobot_gazebo/package.ps1'
[0.699s] INFO:colcon.colcon_core.shell:Creating package descriptor '/home/amejiyo/GitHub/502/detection/install/yolobot_gazebo/share/yolobot_gazebo/package.dsv'
[0.699s] INFO:colcon.colcon_core.shell:Creating package script '/home/amejiyo/GitHub/502/detection/install/yolobot_gazebo/share/yolobot_gazebo/package.sh'
[0.700s] INFO:colcon.colcon_core.shell:Creating package script '/home/amejiyo/GitHub/502/detection/install/yolobot_gazebo/share/yolobot_gazebo/package.bash'
[0.700s] INFO:colcon.colcon_core.shell:Creating package script '/home/amejiyo/GitHub/502/detection/install/yolobot_gazebo/share/yolobot_gazebo/package.zsh'
[0.700s] Level 1:colcon.colcon_core.environment:create_file_with_runtime_dependencies(/home/amejiyo/GitHub/502/detection/install/yolobot_gazebo/share/colcon-core/packages/yolobot_gazebo)
[0.705s] Level 1:colcon.colcon_core.environment:create_environment_scripts_only(interfaces)
[0.707s] Level 1:colcon.colcon_core.environment:checking '/home/amejiyo/GitHub/502/detection/install/interfaces' for CMake module files
[0.708s] DEBUG:colcon.colcon_core.event_handler.log_command:Invoked command in '/home/amejiyo/GitHub/502/detection/build/interfaces' returned '0': CMAKE_PREFIX_PATH=/opt/ros/foxy /usr/bin/cmake --install /home/amejiyo/GitHub/502/detection/build/interfaces
[0.708s] Level 1:colcon.colcon_core.environment:checking '/home/amejiyo/GitHub/502/detection/install/interfaces' for CMake config files
[0.709s] Level 1:colcon.colcon_core.shell:create_environment_hook('interfaces', 'cmake_prefix_path')
[0.710s] INFO:colcon.colcon_core.shell:Creating environment hook '/home/amejiyo/GitHub/502/detection/install/interfaces/share/interfaces/hook/cmake_prefix_path.ps1'
[0.711s] INFO:colcon.colcon_core.shell:Creating environment descriptor '/home/amejiyo/GitHub/502/detection/install/interfaces/share/interfaces/hook/cmake_prefix_path.dsv'
[0.712s] INFO:colcon.colcon_core.shell:Creating environment hook '/home/amejiyo/GitHub/502/detection/install/interfaces/share/interfaces/hook/cmake_prefix_path.sh'
[0.712s] Level 1:colcon.colcon_core.environment:checking '/home/amejiyo/GitHub/502/detection/install/interfaces/lib'
[0.713s] Level 1:colcon.colcon_core.shell:create_environment_hook('interfaces', 'ld_library_path_lib')
[0.714s] INFO:colcon.colcon_core.shell:Creating environment hook '/home/amejiyo/GitHub/502/detection/install/interfaces/share/interfaces/hook/ld_library_path_lib.ps1'
[0.714s] INFO:colcon.colcon_core.shell:Creating environment descriptor '/home/amejiyo/GitHub/502/detection/install/interfaces/share/interfaces/hook/ld_library_path_lib.dsv'
[0.715s] INFO:colcon.colcon_core.shell:Creating environment hook '/home/amejiyo/GitHub/502/detection/install/interfaces/share/interfaces/hook/ld_library_path_lib.sh'
[0.715s] Level 1:colcon.colcon_core.environment:checking '/home/amejiyo/GitHub/502/detection/install/interfaces/bin'
[0.715s] Level 1:colcon.colcon_core.environment:checking '/home/amejiyo/GitHub/502/detection/install/interfaces/lib/pkgconfig/interfaces.pc'
[0.716s] Level 1:colcon.colcon_core.environment:checking '/home/amejiyo/GitHub/502/detection/install/interfaces/lib/python3.8/site-packages'
[0.716s] Level 1:colcon.colcon_core.shell:create_environment_hook('interfaces', 'pythonpath')
[0.716s] INFO:colcon.colcon_core.shell:Creating environment hook '/home/amejiyo/GitHub/502/detection/install/interfaces/share/interfaces/hook/pythonpath.ps1'
[0.717s] INFO:colcon.colcon_core.shell:Creating environment descriptor '/home/amejiyo/GitHub/502/detection/install/interfaces/share/interfaces/hook/pythonpath.dsv'
[0.718s] INFO:colcon.colcon_core.shell:Creating environment hook '/home/amejiyo/GitHub/502/detection/install/interfaces/share/interfaces/hook/pythonpath.sh'
[0.718s] Level 1:colcon.colcon_core.environment:checking '/home/amejiyo/GitHub/502/detection/install/interfaces/bin'
[0.720s] INFO:colcon.colcon_core.shell:Creating package script '/home/amejiyo/GitHub/502/detection/install/interfaces/share/interfaces/package.ps1'
[0.721s] INFO:colcon.colcon_core.shell:Creating package descriptor '/home/amejiyo/GitHub/502/detection/install/interfaces/share/interfaces/package.dsv'
[0.721s] INFO:colcon.colcon_core.shell:Creating package script '/home/amejiyo/GitHub/502/detection/install/interfaces/share/interfaces/package.sh'
[0.722s] INFO:colcon.colcon_core.shell:Creating package script '/home/amejiyo/GitHub/502/detection/install/interfaces/share/interfaces/package.bash'
[0.722s] INFO:colcon.colcon_core.shell:Creating package script '/home/amejiyo/GitHub/502/detection/install/interfaces/share/interfaces/package.zsh'
[0.722s] Level 1:colcon.colcon_core.environment:create_file_with_runtime_dependencies(/home/amejiyo/GitHub/502/detection/install/interfaces/share/colcon-core/packages/interfaces)
[0.726s] Level 1:colcon.colcon_core.environment:create_environment_scripts_only(yolobot_control)
[0.727s] Level 1:colcon.colcon_core.environment:checking '/home/amejiyo/GitHub/502/detection/install/yolobot_control' for CMake module files
[0.727s] Level 1:colcon.colcon_core.environment:checking '/home/amejiyo/GitHub/502/detection/install/yolobot_control' for CMake config files
[0.727s] Level 1:colcon.colcon_core.shell:create_environment_hook('yolobot_control', 'cmake_prefix_path')
[0.728s] INFO:colcon.colcon_core.shell:Creating environment hook '/home/amejiyo/GitHub/502/detection/install/yolobot_control/share/yolobot_control/hook/cmake_prefix_path.ps1'
[0.728s] INFO:colcon.colcon_core.shell:Creating environment descriptor '/home/amejiyo/GitHub/502/detection/install/yolobot_control/share/yolobot_control/hook/cmake_prefix_path.dsv'
[0.728s] INFO:colcon.colcon_core.shell:Creating environment hook '/home/amejiyo/GitHub/502/detection/install/yolobot_control/share/yolobot_control/hook/cmake_prefix_path.sh'
[0.729s] Level 1:colcon.colcon_core.environment:checking '/home/amejiyo/GitHub/502/detection/install/yolobot_control/lib'
[0.729s] Level 1:colcon.colcon_core.environment:checking '/home/amejiyo/GitHub/502/detection/install/yolobot_control/bin'
[0.729s] Level 1:colcon.colcon_core.environment:checking '/home/amejiyo/GitHub/502/detection/install/yolobot_control/lib/pkgconfig/yolobot_control.pc'
[0.729s] Level 1:colcon.colcon_core.environment:checking '/home/amejiyo/GitHub/502/detection/install/yolobot_control/lib/python3.8/site-packages'
[0.730s] Level 1:colcon.colcon_core.environment:checking '/home/amejiyo/GitHub/502/detection/install/yolobot_control/bin'
[0.730s] INFO:colcon.colcon_core.shell:Creating package script '/home/amejiyo/GitHub/502/detection/install/yolobot_control/share/yolobot_control/package.ps1'
[0.730s] INFO:colcon.colcon_core.shell:Creating package descriptor '/home/amejiyo/GitHub/502/detection/install/yolobot_control/share/yolobot_control/package.dsv'
[0.731s] INFO:colcon.colcon_core.shell:Creating package script '/home/amejiyo/GitHub/502/detection/install/yolobot_control/share/yolobot_control/package.sh'
[0.731s] INFO:colcon.colcon_core.shell:Creating package script '/home/amejiyo/GitHub/502/detection/install/yolobot_control/share/yolobot_control/package.bash'
[0.731s] INFO:colcon.colcon_core.shell:Creating package script '/home/amejiyo/GitHub/502/detection/install/yolobot_control/share/yolobot_control/package.zsh'
[0.732s] Level 1:colcon.colcon_core.environment:create_file_with_runtime_dependencies(/home/amejiyo/GitHub/502/detection/install/yolobot_control/share/colcon-core/packages/yolobot_control)
[0.732s] Level 1:colcon.colcon_core.environment:create_environment_scripts_only(yolobot_description)
[0.733s] Level 1:colcon.colcon_core.environment:checking '/home/amejiyo/GitHub/502/detection/install/yolobot_description' for CMake module files
[0.735s] Level 1:colcon.colcon_core.environment:checking '/home/amejiyo/GitHub/502/detection/install/yolobot_description' for CMake config files
[0.735s] Level 1:colcon.colcon_core.shell:create_environment_hook('yolobot_description', 'cmake_prefix_path')
[0.736s] INFO:colcon.colcon_core.shell:Creating environment hook '/home/amejiyo/GitHub/502/detection/install/yolobot_description/share/yolobot_description/hook/cmake_prefix_path.ps1'
[0.736s] INFO:colcon.colcon_core.shell:Creating environment descriptor '/home/amejiyo/GitHub/502/detection/install/yolobot_description/share/yolobot_description/hook/cmake_prefix_path.dsv'
[0.736s] INFO:colcon.colcon_core.shell:Creating environment hook '/home/amejiyo/GitHub/502/detection/install/yolobot_description/share/yolobot_description/hook/cmake_prefix_path.sh'
[0.737s] Level 1:colcon.colcon_core.environment:checking '/home/amejiyo/GitHub/502/detection/install/yolobot_description/lib'
[0.737s] Level 1:colcon.colcon_core.environment:checking '/home/amejiyo/GitHub/502/detection/install/yolobot_description/bin'
[0.737s] Level 1:colcon.colcon_core.environment:checking '/home/amejiyo/GitHub/502/detection/install/yolobot_description/lib/pkgconfig/yolobot_description.pc'
[0.737s] Level 1:colcon.colcon_core.environment:checking '/home/amejiyo/GitHub/502/detection/install/yolobot_description/lib/python3.8/site-packages'
[0.737s] Level 1:colcon.colcon_core.environment:checking '/home/amejiyo/GitHub/502/detection/install/yolobot_description/bin'
[0.738s] INFO:colcon.colcon_core.shell:Creating package script '/home/amejiyo/GitHub/502/detection/install/yolobot_description/share/yolobot_description/package.ps1'
[0.738s] INFO:colcon.colcon_core.shell:Creating package descriptor '/home/amejiyo/GitHub/502/detection/install/yolobot_description/share/yolobot_description/package.dsv'
[0.738s] INFO:colcon.colcon_core.shell:Creating package script '/home/amejiyo/GitHub/502/detection/install/yolobot_description/share/yolobot_description/package.sh'
[0.739s] INFO:colcon.colcon_core.shell:Creating package script '/home/amejiyo/GitHub/502/detection/install/yolobot_description/share/yolobot_description/package.bash'
[0.739s] INFO:colcon.colcon_core.shell:Creating package script '/home/amejiyo/GitHub/502/detection/install/yolobot_description/share/yolobot_description/package.zsh'
[0.740s] Level 1:colcon.colcon_core.environment:create_file_with_runtime_dependencies(/home/amejiyo/GitHub/502/detection/install/yolobot_description/share/colcon-core/packages/yolobot_description)
[0.741s] Level 1:colcon.colcon_core.environment:create_environment_scripts_only(yolobot_recognition)
[0.742s] Level 1:colcon.colcon_core.environment:checking '/home/amejiyo/GitHub/502/detection/install/yolobot_recognition' for CMake module files
[0.743s] Level 1:colcon.colcon_core.environment:checking '/home/amejiyo/GitHub/502/detection/install/yolobot_recognition' for CMake config files
[0.743s] Level 1:colcon.colcon_core.shell:create_environment_hook('yolobot_recognition', 'cmake_prefix_path')
[0.743s] INFO:colcon.colcon_core.shell:Creating environment hook '/home/amejiyo/GitHub/502/detection/install/yolobot_recognition/share/yolobot_recognition/hook/cmake_prefix_path.ps1'
[0.744s] INFO:colcon.colcon_core.shell:Creating environment descriptor '/home/amejiyo/GitHub/502/detection/install/yolobot_recognition/share/yolobot_recognition/hook/cmake_prefix_path.dsv'
[0.744s] INFO:colcon.colcon_core.shell:Creating environment hook '/home/amejiyo/GitHub/502/detection/install/yolobot_recognition/share/yolobot_recognition/hook/cmake_prefix_path.sh'
[0.744s] Level 1:colcon.colcon_core.environment:checking '/home/amejiyo/GitHub/502/detection/install/yolobot_recognition/lib'
[0.745s] Level 1:colcon.colcon_core.environment:checking '/home/amejiyo/GitHub/502/detection/install/yolobot_recognition/bin'
[0.745s] Level 1:colcon.colcon_core.environment:checking '/home/amejiyo/GitHub/502/detection/install/yolobot_recognition/lib/pkgconfig/yolobot_recognition.pc'
[0.745s] Level 1:colcon.colcon_core.environment:checking '/home/amejiyo/GitHub/502/detection/install/yolobot_recognition/lib/python3.8/site-packages'
[0.745s] Level 1:colcon.colcon_core.shell:create_environment_hook('yolobot_recognition', 'pythonpath')
[0.745s] INFO:colcon.colcon_core.shell:Creating environment hook '/home/amejiyo/GitHub/502/detection/install/yolobot_recognition/share/yolobot_recognition/hook/pythonpath.ps1'
[0.746s] INFO:colcon.colcon_core.shell:Creating environment descriptor '/home/amejiyo/GitHub/502/detection/install/yolobot_recognition/share/yolobot_recognition/hook/pythonpath.dsv'
[0.746s] INFO:colcon.colcon_core.shell:Creating environment hook '/home/amejiyo/GitHub/502/detection/install/yolobot_recognition/share/yolobot_recognition/hook/pythonpath.sh'
[0.747s] Level 1:colcon.colcon_core.environment:checking '/home/amejiyo/GitHub/502/detection/install/yolobot_recognition/bin'
[0.748s] INFO:colcon.colcon_core.shell:Creating package script '/home/amejiyo/GitHub/502/detection/install/yolobot_recognition/share/yolobot_recognition/package.ps1'
[0.749s] INFO:colcon.colcon_core.shell:Creating package descriptor '/home/amejiyo/GitHub/502/detection/install/yolobot_recognition/share/yolobot_recognition/package.dsv'
[0.750s] INFO:colcon.colcon_core.shell:Creating package script '/home/amejiyo/GitHub/502/detection/install/yolobot_recognition/share/yolobot_recognition/package.sh'
[0.751s] INFO:colcon.colcon_core.shell:Creating package script '/home/amejiyo/GitHub/502/detection/install/yolobot_recognition/share/yolobot_recognition/package.bash'
[0.751s] INFO:colcon.colcon_core.shell:Creating package script '/home/amejiyo/GitHub/502/detection/install/yolobot_recognition/share/yolobot_recognition/package.zsh'
[0.752s] Level 1:colcon.colcon_core.environment:create_file_with_runtime_dependencies(/home/amejiyo/GitHub/502/detection/install/yolobot_recognition/share/colcon-core/packages/yolobot_recognition)
[0.754s] Level 1:colcon.colcon_core.environment:create_environment_scripts_only(yolobot_gazebo)
[0.756s] Level 1:colcon.colcon_core.environment:checking '/home/amejiyo/GitHub/502/detection/install/yolobot_gazebo' for CMake module files
[0.758s] Level 1:colcon.colcon_core.environment:checking '/home/amejiyo/GitHub/502/detection/install/yolobot_gazebo' for CMake config files
[0.758s] Level 1:colcon.colcon_core.shell:create_environment_hook('yolobot_gazebo', 'cmake_prefix_path')
[0.759s] INFO:colcon.colcon_core.shell:Creating environment hook '/home/amejiyo/GitHub/502/detection/install/yolobot_gazebo/share/yolobot_gazebo/hook/cmake_prefix_path.ps1'
[0.759s] INFO:colcon.colcon_core.shell:Creating environment descriptor '/home/amejiyo/GitHub/502/detection/install/yolobot_gazebo/share/yolobot_gazebo/hook/cmake_prefix_path.dsv'
[0.760s] INFO:colcon.colcon_core.shell:Creating environment hook '/home/amejiyo/GitHub/502/detection/install/yolobot_gazebo/share/yolobot_gazebo/hook/cmake_prefix_path.sh'
[0.761s] Level 1:colcon.colcon_core.environment:checking '/home/amejiyo/GitHub/502/detection/install/yolobot_gazebo/bin'
[0.761s] Level 1:colcon.colcon_core.environment:checking '/home/amejiyo/GitHub/502/detection/install/yolobot_gazebo/lib/pkgconfig/yolobot_gazebo.pc'
[0.761s] Level 1:colcon.colcon_core.environment:checking '/home/amejiyo/GitHub/502/detection/install/yolobot_gazebo/lib/python3.8/site-packages'
[0.761s] Level 1:colcon.colcon_core.environment:checking '/home/amejiyo/GitHub/502/detection/install/yolobot_gazebo/bin'
[0.762s] INFO:colcon.colcon_core.shell:Creating package script '/home/amejiyo/GitHub/502/detection/install/yolobot_gazebo/share/yolobot_gazebo/package.ps1'
[0.763s] INFO:colcon.colcon_core.shell:Creating package descriptor '/home/amejiyo/GitHub/502/detection/install/yolobot_gazebo/share/yolobot_gazebo/package.dsv'
[0.763s] INFO:colcon.colcon_core.shell:Creating package script '/home/amejiyo/GitHub/502/detection/install/yolobot_gazebo/share/yolobot_gazebo/package.sh'
[0.764s] INFO:colcon.colcon_core.shell:Creating package script '/home/amejiyo/GitHub/502/detection/install/yolobot_gazebo/share/yolobot_gazebo/package.bash'
[0.764s] INFO:colcon.colcon_core.shell:Creating package script '/home/amejiyo/GitHub/502/detection/install/yolobot_gazebo/share/yolobot_gazebo/package.zsh'
[0.764s] Level 1:colcon.colcon_core.environment:create_file_with_runtime_dependencies(/home/amejiyo/GitHub/502/detection/install/yolobot_gazebo/share/colcon-core/packages/yolobot_gazebo)
[0.767s] Level 1:colcon.colcon_core.environment:create_environment_scripts_only(interfaces)
[0.768s] Level 1:colcon.colcon_core.environment:checking '/home/amejiyo/GitHub/502/detection/install/interfaces' for CMake module files
[0.769s] Level 1:colcon.colcon_core.environment:checking '/home/amejiyo/GitHub/502/detection/install/interfaces' for CMake config files
[0.769s] Level 1:colcon.colcon_core.shell:create_environment_hook('interfaces', 'cmake_prefix_path')
[0.770s] INFO:colcon.colcon_core.shell:Creating environment hook '/home/amejiyo/GitHub/502/detection/install/interfaces/share/interfaces/hook/cmake_prefix_path.ps1'
[0.770s] INFO:colcon.colcon_core.shell:Creating environment descriptor '/home/amejiyo/GitHub/502/detection/install/interfaces/share/interfaces/hook/cmake_prefix_path.dsv'
[0.771s] INFO:colcon.colcon_core.shell:Creating environment hook '/home/amejiyo/GitHub/502/detection/install/interfaces/share/interfaces/hook/cmake_prefix_path.sh'
[0.772s] Level 1:colcon.colcon_core.environment:checking '/home/amejiyo/GitHub/502/detection/install/interfaces/lib'
[0.772s] Level 1:colcon.colcon_core.shell:create_environment_hook('interfaces', 'ld_library_path_lib')
[0.772s] INFO:colcon.colcon_core.shell:Creating environment hook '/home/amejiyo/GitHub/502/detection/install/interfaces/share/interfaces/hook/ld_library_path_lib.ps1'
[0.773s] INFO:colcon.colcon_core.shell:Creating environment descriptor '/home/amejiyo/GitHub/502/detection/install/interfaces/share/interfaces/hook/ld_library_path_lib.dsv'
[0.773s] INFO:colcon.colcon_core.shell:Creating environment hook '/home/amejiyo/GitHub/502/detection/install/interfaces/share/interfaces/hook/ld_library_path_lib.sh'
[0.773s] Level 1:colcon.colcon_core.environment:checking '/home/amejiyo/GitHub/502/detection/install/interfaces/bin'
[0.773s] Level 1:colcon.colcon_core.environment:checking '/home/amejiyo/GitHub/502/detection/install/interfaces/lib/pkgconfig/interfaces.pc'
[0.774s] Level 1:colcon.colcon_core.environment:checking '/home/amejiyo/GitHub/502/detection/install/interfaces/lib/python3.8/site-packages'
[0.774s] Level 1:colcon.colcon_core.shell:create_environment_hook('interfaces', 'pythonpath')
[0.774s] INFO:colcon.colcon_core.shell:Creating environment hook '/home/amejiyo/GitHub/502/detection/install/interfaces/share/interfaces/hook/pythonpath.ps1'
[0.774s] INFO:colcon.colcon_core.shell:Creating environment descriptor '/home/amejiyo/GitHub/502/detection/install/interfaces/share/interfaces/hook/pythonpath.dsv'
[0.775s] INFO:colcon.colcon_core.shell:Creating environment hook '/home/amejiyo/GitHub/502/detection/install/interfaces/share/interfaces/hook/pythonpath.sh'
[0.775s] Level 1:colcon.colcon_core.environment:checking '/home/amejiyo/GitHub/502/detection/install/interfaces/bin'
[0.776s] INFO:colcon.colcon_core.shell:Creating package script '/home/amejiyo/GitHub/502/detection/install/interfaces/share/interfaces/package.ps1'
[0.776s] INFO:colcon.colcon_core.shell:Creating package descriptor '/home/amejiyo/GitHub/502/detection/install/interfaces/share/interfaces/package.dsv'
[0.776s] INFO:colcon.colcon_core.shell:Creating package script '/home/amejiyo/GitHub/502/detection/install/interfaces/share/interfaces/package.sh'
[0.777s] INFO:colcon.colcon_core.shell:Creating package script '/home/amejiyo/GitHub/502/detection/install/interfaces/share/interfaces/package.bash'
[0.778s] INFO:colcon.colcon_core.shell:Creating package script '/home/amejiyo/GitHub/502/detection/install/interfaces/share/interfaces/package.zsh'
[0.778s] Level 1:colcon.colcon_core.environment:create_file_with_runtime_dependencies(/home/amejiyo/GitHub/502/detection/install/interfaces/share/colcon-core/packages/interfaces)
[0.979s] DEBUG:colcon.colcon_core.event_handler.log_command:Invoking command in '/home/amejiyo/GitHub/502/detection/src/yolobot_detection': PYTHONPATH=/home/amejiyo/GitHub/502/detection/install/yolobot_detection/lib/python3.8/site-packages:${PYTHONPATH} /usr/bin/python3 setup.py egg_info --egg-base ../../build/yolobot_detection build --build-base /home/amejiyo/GitHub/502/detection/build/yolobot_detection/build install --prefix /home/amejiyo/GitHub/502/detection/install/yolobot_detection --record /home/amejiyo/GitHub/502/detection/build/yolobot_detection/install.log --single-version-externally-managed
[1.231s] Level 1:colcon.colcon_core.environment:checking '/home/amejiyo/GitHub/502/detection/install/yolobot_detection' for CMake module files
[1.233s] DEBUG:colcon.colcon_core.event_handler.log_command:Invoked command in '/home/amejiyo/GitHub/502/detection/src/yolobot_detection' returned '0': PYTHONPATH=/home/amejiyo/GitHub/502/detection/install/yolobot_detection/lib/python3.8/site-packages:${PYTHONPATH} /usr/bin/python3 setup.py egg_info --egg-base ../../build/yolobot_detection build --build-base /home/amejiyo/GitHub/502/detection/build/yolobot_detection/build install --prefix /home/amejiyo/GitHub/502/detection/install/yolobot_detection --record /home/amejiyo/GitHub/502/detection/build/yolobot_detection/install.log --single-version-externally-managed
[1.234s] Level 1:colcon.colcon_core.environment:checking '/home/amejiyo/GitHub/502/detection/install/yolobot_detection' for CMake config files
[1.235s] Level 1:colcon.colcon_core.environment:checking '/home/amejiyo/GitHub/502/detection/install/yolobot_detection/lib'
[1.235s] Level 1:colcon.colcon_core.environment:checking '/home/amejiyo/GitHub/502/detection/install/yolobot_detection/bin'
[1.235s] Level 1:colcon.colcon_core.environment:checking '/home/amejiyo/GitHub/502/detection/install/yolobot_detection/lib/pkgconfig/yolobot_detection.pc'
[1.235s] Level 1:colcon.colcon_core.environment:checking '/home/amejiyo/GitHub/502/detection/install/yolobot_detection/lib/python3.8/site-packages'
[1.235s] Level 1:colcon.colcon_core.shell:create_environment_hook('yolobot_detection', 'pythonpath')
[1.237s] INFO:colcon.colcon_core.shell:Creating environment hook '/home/amejiyo/GitHub/502/detection/install/yolobot_detection/share/yolobot_detection/hook/pythonpath.ps1'
[1.237s] INFO:colcon.colcon_core.shell:Creating environment descriptor '/home/amejiyo/GitHub/502/detection/install/yolobot_detection/share/yolobot_detection/hook/pythonpath.dsv'
[1.238s] INFO:colcon.colcon_core.shell:Creating environment hook '/home/amejiyo/GitHub/502/detection/install/yolobot_detection/share/yolobot_detection/hook/pythonpath.sh'
[1.238s] Level 1:colcon.colcon_core.environment:checking '/home/amejiyo/GitHub/502/detection/install/yolobot_detection/bin'
[1.238s] Level 1:colcon.colcon_core.environment:create_environment_scripts_only(yolobot_detection)
[1.239s] INFO:colcon.colcon_core.shell:Creating package script '/home/amejiyo/GitHub/502/detection/install/yolobot_detection/share/yolobot_detection/package.ps1'
[1.239s] INFO:colcon.colcon_core.shell:Creating package descriptor '/home/amejiyo/GitHub/502/detection/install/yolobot_detection/share/yolobot_detection/package.dsv'
[1.239s] INFO:colcon.colcon_core.shell:Creating package script '/home/amejiyo/GitHub/502/detection/install/yolobot_detection/share/yolobot_detection/package.sh'
[1.239s] INFO:colcon.colcon_core.shell:Creating package script '/home/amejiyo/GitHub/502/detection/install/yolobot_detection/share/yolobot_detection/package.bash'
[1.240s] INFO:colcon.colcon_core.shell:Creating package script '/home/amejiyo/GitHub/502/detection/install/yolobot_detection/share/yolobot_detection/package.zsh'
[1.240s] Level 1:colcon.colcon_core.environment:create_file_with_runtime_dependencies(/home/amejiyo/GitHub/502/detection/install/yolobot_detection/share/colcon-core/packages/yolobot_detection)
[1.240s] DEBUG:colcon.colcon_parallel_executor.executor.parallel:closing loop
[1.241s] DEBUG:colcon.colcon_parallel_executor.executor.parallel:loop closed
[1.241s] DEBUG:colcon.colcon_parallel_executor.executor.parallel:run_until_complete finished with '0'
[1.241s] DEBUG:colcon.colcon_core.event_reactor:joining thread
[1.247s] INFO:colcon.colcon_core.plugin_system:Skipping extension 'colcon_notification.desktop_notification.terminal_notifier': Not used on non-Darwin systems
[1.247s] INFO:colcon.colcon_core.plugin_system:Skipping extension 'colcon_notification.desktop_notification.win32': Not used on non-Windows systems
[1.247s] INFO:colcon.colcon_notification.desktop_notification:Sending desktop notification using 'notify2'
[1.260s] DEBUG:colcon.colcon_core.event_reactor:joined thread
[1.261s] INFO:colcon.colcon_core.shell:Creating prefix script '/home/amejiyo/GitHub/502/detection/install/local_setup.ps1'
[1.262s] INFO:colcon.colcon_core.shell:Creating prefix util module '/home/amejiyo/GitHub/502/detection/install/_local_setup_util_ps1.py'
[1.263s] INFO:colcon.colcon_core.shell:Creating prefix chain script '/home/amejiyo/GitHub/502/detection/install/setup.ps1'
[1.264s] INFO:colcon.colcon_core.shell:Creating prefix script '/home/amejiyo/GitHub/502/detection/install/local_setup.sh'
[1.265s] INFO:colcon.colcon_core.shell:Creating prefix util module '/home/amejiyo/GitHub/502/detection/install/_local_setup_util_sh.py'
[1.265s] INFO:colcon.colcon_core.shell:Creating prefix chain script '/home/amejiyo/GitHub/502/detection/install/setup.sh'
[1.266s] INFO:colcon.colcon_core.shell:Creating prefix script '/home/amejiyo/GitHub/502/detection/install/local_setup.bash'
[1.266s] INFO:colcon.colcon_core.shell:Creating prefix chain script '/home/amejiyo/GitHub/502/detection/install/setup.bash'
[1.267s] INFO:colcon.colcon_core.shell:Creating prefix script '/home/amejiyo/GitHub/502/detection/install/local_setup.zsh'
[1.267s] INFO:colcon.colcon_core.shell:Creating prefix chain script '/home/amejiyo/GitHub/502/detection/install/setup.zsh'
