[0.016s] Invoking command in '/home/amejiyo/yolobot/src/interfaces/build/interfaces': CMAKE_PREFIX_PATH=${CMAKE_PREFIX_PATH}:/home/amejiyo/ros2_ws/install/py_pubsub:/home/amejiyo/ros2_ws/install/opencv_tests:/home/amejiyo/ros2_ws/install/detection:/opt/ros/foxy /usr/bin/cmake /home/amejiyo/yolobot/src/interfaces -DCMAKE_INSTALL_PREFIX=/home/amejiyo/yolobot/src/interfaces/install/interfaces
[0.077s] -- The C compiler identification is GNU 8.4.0
[0.129s] -- The CXX compiler identification is GNU 8.4.0
[0.134s] -- Check for working C compiler: /usr/bin/cc
[0.205s] -- Check for working C compiler: /usr/bin/cc -- works
[0.207s] -- Detecting C compiler ABI info
[0.287s] -- Detecting C compiler ABI info - done
[0.296s] -- Detecting C compile features
[0.296s] -- Detecting C compile features - done
[0.299s] -- Check for working CXX compiler: /usr/bin/c++
[0.378s] -- Check for working CXX compiler: /usr/bin/c++ -- works
[0.380s] -- Detecting CXX compiler ABI info
[0.460s] -- Detecting CXX compiler ABI info - done
[0.470s] -- Detecting CXX compile features
[0.470s] -- Detecting CXX compile features - done
[0.473s] -- Found ament_cmake: 0.9.9 (/opt/ros/foxy/share/ament_cmake/cmake)
[0.513s] -- Found PythonInterp: /usr/bin/python3 (found suitable version "3.8.10", minimum required is "3") 
[0.514s] -- Using PYTHON_EXECUTABLE: /usr/bin/python3
[0.732s] -- Found ament_lint_auto: 0.9.6 (/opt/ros/foxy/share/ament_lint_auto/cmake)
[0.852s] -- Found rosidl_default_generators: 1.0.1 (/opt/ros/foxy/share/rosidl_default_generators/cmake)
[0.858s] -- Using all available rosidl_typesupport_c: rosidl_typesupport_fastrtps_c;rosidl_typesupport_introspection_c
[0.866s] -- Found rosidl_adapter: 1.2.1 (/opt/ros/foxy/share/rosidl_adapter/cmake)
[0.998s] -- Found OpenSSL: /usr/lib/x86_64-linux-gnu/libcrypto.so (found version "1.1.1f")  
[1.035s] -- Found FastRTPS: /opt/ros/foxy/include  
[1.114s] -- Using all available rosidl_typesupport_cpp: rosidl_typesupport_fastrtps_cpp;rosidl_typesupport_introspection_cpp
[1.165s] -- Found PythonInterp: /usr/bin/python3 (found version "3.8.10") 
[1.312s] CMake Error at /opt/ros/foxy/share/rosidl_adapter/cmake/rosidl_adapt_interfaces.cmake:60 (message):
[1.312s]   execute_process(/usr/bin/python3 -m rosidl_adapter --package-name
[1.312s]   interfaces --arguments-file
[1.313s]   /home/amejiyo/yolobot/src/interfaces/build/interfaces/rosidl_adapter__arguments__interfaces.json
[1.313s]   --output-dir
[1.313s]   /home/amejiyo/yolobot/src/interfaces/build/interfaces/rosidl_adapter/interfaces
[1.313s]   --output-file
[1.313s]   /home/amejiyo/yolobot/src/interfaces/build/interfaces/rosidl_adapter/interfaces.idls)
[1.313s]   returned error code 1:
[1.313s] 
[1.313s]   Error processing 'string objClass' of 'interfaces/Dect': ''objClass' is an
[1.314s]   invalid field name.  It should have the pattern
[1.314s]   '^(?!.*__)(?!.*_$)[a-z][a-z0-9_]*$''
[1.314s] 
[1.314s]   Traceback (most recent call last):
[1.314s] 
[1.314s]     File "/usr/lib/python3.8/runpy.py", line 194, in _run_module_as_main
[1.314s]       return _run_code(code, main_globals, None,
[1.315s]     File "/usr/lib/python3.8/runpy.py", line 87, in _run_code
[1.315s]       exec(code, run_globals)
[1.315s]     File "/opt/ros/foxy/lib/python3.8/site-packages/rosidl_adapter/__main__.py", line 19, in <module>
[1.315s]       sys.exit(main())
[1.315s]     File "/opt/ros/foxy/lib/python3.8/site-packages/rosidl_adapter/main.py", line 53, in main
[1.316s]       abs_idl_file = convert_to_idl(
[1.316s]     File "/opt/ros/foxy/lib/python3.8/site-packages/rosidl_adapter/__init__.py", line 19, in convert_to_idl
[1.316s]       return convert_msg_to_idl(
[1.316s]     File "/opt/ros/foxy/lib/python3.8/site-packages/rosidl_adapter/msg/__init__.py", line 28, in convert_msg_to_idl
[1.316s]       msg = parse_message_string(package_name, input_file.stem, content)
[1.316s]     File "/opt/ros/foxy/lib/python3.8/site-packages/rosidl_adapter/parser.py", line 515, in parse_message_string
[1.316s]       fields.append(Field(
[1.316s]     File "/opt/ros/foxy/lib/python3.8/site-packages/rosidl_adapter/parser.py", line 353, in __init__
[1.316s]       raise NameError(
[1.316s] 
[1.317s]   NameError: 'objClass' is an invalid field name.  It should have the pattern
[1.317s]   '^(?!.*__)(?!.*_$)[a-z][a-z0-9_]*$'
[1.317s] 
[1.317s] Call Stack (most recent call first):
[1.317s]   /opt/ros/foxy/share/rosidl_cmake/cmake/rosidl_generate_interfaces.cmake:130 (rosidl_adapt_interfaces)
[1.317s]   CMakeLists.txt:37 (rosidl_generate_interfaces)
[1.317s] 
[1.318s] 
[1.318s] -- Configuring incomplete, errors occurred!
[1.318s] See also "/home/amejiyo/yolobot/src/interfaces/build/interfaces/CMakeFiles/CMakeOutput.log".
[1.324s] Invoked command in '/home/amejiyo/yolobot/src/interfaces/build/interfaces' returned '1': CMAKE_PREFIX_PATH=${CMAKE_PREFIX_PATH}:/home/amejiyo/ros2_ws/install/py_pubsub:/home/amejiyo/ros2_ws/install/opencv_tests:/home/amejiyo/ros2_ws/install/detection:/opt/ros/foxy /usr/bin/cmake /home/amejiyo/yolobot/src/interfaces -DCMAKE_INSTALL_PREFIX=/home/amejiyo/yolobot/src/interfaces/install/interfaces
