[0.265s] Invoking command in '/home/amejiyo/ros2_ws/build/detection_interfaces': CMAKE_PREFIX_PATH=${CMAKE_PREFIX_PATH}:/home/amejiyo/ros2_ws/install/py_pubsub:/home/amejiyo/ros2_ws/install/detection:/home/amejiyo/long_ws/install/pub_pkg:/opt/ros/foxy /usr/bin/cmake --build /home/amejiyo/ros2_ws/build/detection_interfaces -- -j16 -l16
[0.318s] [  9%] Built target detection_interfaces__rosidl_generator_c
[0.324s] [ 12%] Built target detection_interfaces__cpp
[0.344s] [ 22%] Built target detection_interfaces__rosidl_typesupport_introspection_c
[0.347s] [ 32%] Built target detection_interfaces__rosidl_typesupport_c
[0.348s] [ 51%] Built target detection_interfaces__rosidl_typesupport_introspection_cpp
[0.348s] [ 51%] Built target detection_interfaces__rosidl_typesupport_cpp
[0.351s] [ 61%] Built target detection_interfaces__rosidl_typesupport_fastrtps_cpp
[0.375s] [ 70%] Built target detection_interfaces__rosidl_typesupport_fastrtps_c
[0.395s] [ 70%] Built target detection_interfaces
[0.417s] [ 74%] Built target detection_interfaces__py
[0.448s] [ 80%] Built target detection_interfaces__python
[0.475s] [ 93%] Built target detection_interfaces__rosidl_typesupport_fastrtps_c__pyext
[0.475s] [ 93%] Built target detection_interfaces__rosidl_typesupport_introspection_c__pyext
[0.482s] [100%] Built target detection_interfaces__rosidl_typesupport_c__pyext
[0.534s] Invoked command in '/home/amejiyo/ros2_ws/build/detection_interfaces' returned '0': CMAKE_PREFIX_PATH=${CMAKE_PREFIX_PATH}:/home/amejiyo/ros2_ws/install/py_pubsub:/home/amejiyo/ros2_ws/install/detection:/home/amejiyo/long_ws/install/pub_pkg:/opt/ros/foxy /usr/bin/cmake --build /home/amejiyo/ros2_ws/build/detection_interfaces -- -j16 -l16
[0.602s] Invoking command in '/home/amejiyo/ros2_ws/build/detection_interfaces': CMAKE_PREFIX_PATH=${CMAKE_PREFIX_PATH}:/home/amejiyo/ros2_ws/install/py_pubsub:/home/amejiyo/ros2_ws/install/detection:/home/amejiyo/long_ws/install/pub_pkg:/opt/ros/foxy /usr/bin/cmake --install /home/amejiyo/ros2_ws/build/detection_interfaces
[0.612s] -- Install configuration: ""
[0.612s] -- Up-to-date: /home/amejiyo/ros2_ws/install/detection_interfaces/share/ament_index/resource_index/rosidl_interfaces/detection_interfaces
[0.612s] -- Up-to-date: /home/amejiyo/ros2_ws/install/detection_interfaces/include/detection_interfaces
[0.612s] -- Up-to-date: /home/amejiyo/ros2_ws/install/detection_interfaces/include/detection_interfaces/msg
[0.612s] -- Up-to-date: /home/amejiyo/ros2_ws/install/detection_interfaces/include/detection_interfaces/msg/rosidl_generator_c__visibility_control.h
[0.612s] -- Up-to-date: /home/amejiyo/ros2_ws/install/detection_interfaces/include/detection_interfaces/msg/dectt.h
[0.612s] -- Up-to-date: /home/amejiyo/ros2_ws/install/detection_interfaces/include/detection_interfaces/msg/detail
[0.612s] -- Up-to-date: /home/amejiyo/ros2_ws/install/detection_interfaces/include/detection_interfaces/msg/detail/dectt__struct.h
[0.612s] -- Up-to-date: /home/amejiyo/ros2_ws/install/detection_interfaces/include/detection_interfaces/msg/detail/dectt__functions.h
[0.612s] -- Up-to-date: /home/amejiyo/ros2_ws/install/detection_interfaces/include/detection_interfaces/msg/detail/dectt__type_support.h
[0.612s] -- Up-to-date: /home/amejiyo/ros2_ws/install/detection_interfaces/include/detection_interfaces/msg/detail/dectt__functions.c
[0.612s] -- Up-to-date: /home/amejiyo/ros2_ws/install/detection_interfaces/share/detection_interfaces/environment/library_path.sh
[0.612s] -- Up-to-date: /home/amejiyo/ros2_ws/install/detection_interfaces/share/detection_interfaces/environment/library_path.dsv
[0.612s] -- Up-to-date: /home/amejiyo/ros2_ws/install/detection_interfaces/lib/libdetection_interfaces__rosidl_generator_c.so
[0.613s] -- Up-to-date: /home/amejiyo/ros2_ws/install/detection_interfaces/include/detection_interfaces
[0.613s] -- Up-to-date: /home/amejiyo/ros2_ws/install/detection_interfaces/include/detection_interfaces/msg
[0.613s] -- Up-to-date: /home/amejiyo/ros2_ws/install/detection_interfaces/include/detection_interfaces/msg/detail
[0.613s] -- Up-to-date: /home/amejiyo/ros2_ws/install/detection_interfaces/include/detection_interfaces/msg/detail/dectt__rosidl_typesupport_fastrtps_c.h
[0.613s] -- Up-to-date: /home/amejiyo/ros2_ws/install/detection_interfaces/include/detection_interfaces/msg/rosidl_typesupport_fastrtps_c__visibility_control.h
[0.613s] -- Up-to-date: /home/amejiyo/ros2_ws/install/detection_interfaces/lib/libdetection_interfaces__rosidl_typesupport_fastrtps_c.so
[0.613s] -- Up-to-date: /home/amejiyo/ros2_ws/install/detection_interfaces/include/detection_interfaces
[0.613s] -- Up-to-date: /home/amejiyo/ros2_ws/install/detection_interfaces/include/detection_interfaces/msg
[0.613s] -- Up-to-date: /home/amejiyo/ros2_ws/install/detection_interfaces/include/detection_interfaces/msg/detail
[0.613s] -- Up-to-date: /home/amejiyo/ros2_ws/install/detection_interfaces/include/detection_interfaces/msg/detail/dds_fastrtps
[0.613s] -- Up-to-date: /home/amejiyo/ros2_ws/install/detection_interfaces/include/detection_interfaces/msg/detail/dectt__rosidl_typesupport_fastrtps_cpp.hpp
[0.613s] -- Up-to-date: /home/amejiyo/ros2_ws/install/detection_interfaces/include/detection_interfaces/msg/rosidl_typesupport_fastrtps_cpp__visibility_control.h
[0.613s] -- Up-to-date: /home/amejiyo/ros2_ws/install/detection_interfaces/lib/libdetection_interfaces__rosidl_typesupport_fastrtps_cpp.so
[0.613s] -- Up-to-date: /home/amejiyo/ros2_ws/install/detection_interfaces/include/detection_interfaces
[0.614s] -- Up-to-date: /home/amejiyo/ros2_ws/install/detection_interfaces/include/detection_interfaces/msg
[0.614s] -- Up-to-date: /home/amejiyo/ros2_ws/install/detection_interfaces/include/detection_interfaces/msg/detail
[0.614s] -- Up-to-date: /home/amejiyo/ros2_ws/install/detection_interfaces/include/detection_interfaces/msg/detail/dectt__rosidl_typesupport_introspection_c.h
[0.614s] -- Up-to-date: /home/amejiyo/ros2_ws/install/detection_interfaces/include/detection_interfaces/msg/detail/dectt__type_support.c
[0.614s] -- Up-to-date: /home/amejiyo/ros2_ws/install/detection_interfaces/include/detection_interfaces/msg/rosidl_typesupport_introspection_c__visibility_control.h
[0.614s] -- Up-to-date: /home/amejiyo/ros2_ws/install/detection_interfaces/lib/libdetection_interfaces__rosidl_typesupport_introspection_c.so
[0.614s] -- Up-to-date: /home/amejiyo/ros2_ws/install/detection_interfaces/lib/libdetection_interfaces__rosidl_typesupport_c.so
[0.614s] -- Up-to-date: /home/amejiyo/ros2_ws/install/detection_interfaces/include/detection_interfaces
[0.614s] -- Up-to-date: /home/amejiyo/ros2_ws/install/detection_interfaces/include/detection_interfaces/msg
[0.614s] -- Up-to-date: /home/amejiyo/ros2_ws/install/detection_interfaces/include/detection_interfaces/msg/detail
[0.614s] -- Up-to-date: /home/amejiyo/ros2_ws/install/detection_interfaces/include/detection_interfaces/msg/detail/dectt__struct.hpp
[0.614s] -- Up-to-date: /home/amejiyo/ros2_ws/install/detection_interfaces/include/detection_interfaces/msg/detail/dectt__traits.hpp
[0.614s] -- Up-to-date: /home/amejiyo/ros2_ws/install/detection_interfaces/include/detection_interfaces/msg/detail/dectt__builder.hpp
[0.614s] -- Up-to-date: /home/amejiyo/ros2_ws/install/detection_interfaces/include/detection_interfaces/msg/dectt.hpp
[0.614s] -- Up-to-date: /home/amejiyo/ros2_ws/install/detection_interfaces/include/detection_interfaces
[0.614s] -- Up-to-date: /home/amejiyo/ros2_ws/install/detection_interfaces/include/detection_interfaces/msg
[0.614s] -- Up-to-date: /home/amejiyo/ros2_ws/install/detection_interfaces/include/detection_interfaces/msg/detail
[0.614s] -- Up-to-date: /home/amejiyo/ros2_ws/install/detection_interfaces/include/detection_interfaces/msg/detail/dectt__rosidl_typesupport_introspection_cpp.hpp
[0.615s] -- Up-to-date: /home/amejiyo/ros2_ws/install/detection_interfaces/include/detection_interfaces/msg/detail/dectt__type_support.cpp
[0.615s] -- Up-to-date: /home/amejiyo/ros2_ws/install/detection_interfaces/lib/libdetection_interfaces__rosidl_typesupport_introspection_cpp.so
[0.615s] -- Up-to-date: /home/amejiyo/ros2_ws/install/detection_interfaces/lib/libdetection_interfaces__rosidl_typesupport_cpp.so
[0.615s] -- Up-to-date: /home/amejiyo/ros2_ws/install/detection_interfaces/share/detection_interfaces/environment/pythonpath.sh
[0.615s] -- Up-to-date: /home/amejiyo/ros2_ws/install/detection_interfaces/share/detection_interfaces/environment/pythonpath.dsv
[0.615s] -- Up-to-date: /home/amejiyo/ros2_ws/install/detection_interfaces/lib/python3.8/site-packages/detection_interfaces/__init__.py
[0.654s] -- Up-to-date: /home/amejiyo/ros2_ws/install/detection_interfaces/lib/python3.8/site-packages/detection_interfaces/msg
[0.654s] -- Up-to-date: /home/amejiyo/ros2_ws/install/detection_interfaces/lib/python3.8/site-packages/detection_interfaces/msg/_dectt.py
[0.654s] -- Up-to-date: /home/amejiyo/ros2_ws/install/detection_interfaces/lib/python3.8/site-packages/detection_interfaces/msg/_dectt_s.c
[0.654s] -- Up-to-date: /home/amejiyo/ros2_ws/install/detection_interfaces/lib/python3.8/site-packages/detection_interfaces/msg/__init__.py
[0.655s] -- Up-to-date: /home/amejiyo/ros2_ws/install/detection_interfaces/lib/python3.8/site-packages/detection_interfaces/detection_interfaces_s__rosidl_typesupport_fastrtps_c.cpython-38-x86_64-linux-gnu.so
[0.655s] -- Up-to-date: /home/amejiyo/ros2_ws/install/detection_interfaces/lib/python3.8/site-packages/detection_interfaces/detection_interfaces_s__rosidl_typesupport_introspection_c.cpython-38-x86_64-linux-gnu.so
[0.656s] -- Up-to-date: /home/amejiyo/ros2_ws/install/detection_interfaces/lib/python3.8/site-packages/detection_interfaces/detection_interfaces_s__rosidl_typesupport_c.cpython-38-x86_64-linux-gnu.so
[0.656s] -- Up-to-date: /home/amejiyo/ros2_ws/install/detection_interfaces/lib/libdetection_interfaces__python.so
[0.657s] -- Up-to-date: /home/amejiyo/ros2_ws/install/detection_interfaces/share/detection_interfaces/msg/Dectt.idl
[0.657s] -- Up-to-date: /home/amejiyo/ros2_ws/install/detection_interfaces/share/detection_interfaces/msg/Dectt.msg
[0.657s] -- Up-to-date: /home/amejiyo/ros2_ws/install/detection_interfaces/share/ament_index/resource_index/package_run_dependencies/detection_interfaces
[0.657s] -- Up-to-date: /home/amejiyo/ros2_ws/install/detection_interfaces/share/ament_index/resource_index/parent_prefix_path/detection_interfaces
[0.657s] -- Up-to-date: /home/amejiyo/ros2_ws/install/detection_interfaces/share/detection_interfaces/environment/ament_prefix_path.sh
[0.657s] -- Up-to-date: /home/amejiyo/ros2_ws/install/detection_interfaces/share/detection_interfaces/environment/ament_prefix_path.dsv
[0.658s] -- Up-to-date: /home/amejiyo/ros2_ws/install/detection_interfaces/share/detection_interfaces/environment/path.sh
[0.658s] -- Up-to-date: /home/amejiyo/ros2_ws/install/detection_interfaces/share/detection_interfaces/environment/path.dsv
[0.658s] -- Up-to-date: /home/amejiyo/ros2_ws/install/detection_interfaces/share/detection_interfaces/local_setup.bash
[0.658s] -- Up-to-date: /home/amejiyo/ros2_ws/install/detection_interfaces/share/detection_interfaces/local_setup.sh
[0.659s] -- Up-to-date: /home/amejiyo/ros2_ws/install/detection_interfaces/share/detection_interfaces/local_setup.zsh
[0.659s] -- Up-to-date: /home/amejiyo/ros2_ws/install/detection_interfaces/share/detection_interfaces/local_setup.dsv
[0.659s] -- Installing: /home/amejiyo/ros2_ws/install/detection_interfaces/share/detection_interfaces/package.dsv
[0.659s] -- Up-to-date: /home/amejiyo/ros2_ws/install/detection_interfaces/share/ament_index/resource_index/packages/detection_interfaces
[0.659s] -- Up-to-date: /home/amejiyo/ros2_ws/install/detection_interfaces/share/detection_interfaces/cmake/detection_interfaces__rosidl_generator_cExport.cmake
[0.659s] -- Up-to-date: /home/amejiyo/ros2_ws/install/detection_interfaces/share/detection_interfaces/cmake/detection_interfaces__rosidl_generator_cExport-noconfig.cmake
[0.659s] -- Up-to-date: /home/amejiyo/ros2_ws/install/detection_interfaces/share/detection_interfaces/cmake/detection_interfaces__rosidl_typesupport_introspection_cExport.cmake
[0.659s] -- Up-to-date: /home/amejiyo/ros2_ws/install/detection_interfaces/share/detection_interfaces/cmake/detection_interfaces__rosidl_typesupport_introspection_cExport-noconfig.cmake
[0.660s] -- Up-to-date: /home/amejiyo/ros2_ws/install/detection_interfaces/share/detection_interfaces/cmake/detection_interfaces__rosidl_typesupport_cExport.cmake
[0.660s] -- Up-to-date: /home/amejiyo/ros2_ws/install/detection_interfaces/share/detection_interfaces/cmake/detection_interfaces__rosidl_typesupport_cExport-noconfig.cmake
[0.660s] -- Up-to-date: /home/amejiyo/ros2_ws/install/detection_interfaces/share/detection_interfaces/cmake/detection_interfaces__rosidl_generator_cppExport.cmake
[0.662s] -- Up-to-date: /home/amejiyo/ros2_ws/install/detection_interfaces/share/detection_interfaces/cmake/detection_interfaces__rosidl_typesupport_introspection_cppExport.cmake
[0.662s] -- Up-to-date: /home/amejiyo/ros2_ws/install/detection_interfaces/share/detection_interfaces/cmake/detection_interfaces__rosidl_typesupport_introspection_cppExport-noconfig.cmake
[0.663s] -- Up-to-date: /home/amejiyo/ros2_ws/install/detection_interfaces/share/detection_interfaces/cmake/detection_interfaces__rosidl_typesupport_cppExport.cmake
[0.663s] -- Up-to-date: /home/amejiyo/ros2_ws/install/detection_interfaces/share/detection_interfaces/cmake/detection_interfaces__rosidl_typesupport_cppExport-noconfig.cmake
[0.663s] -- Up-to-date: /home/amejiyo/ros2_ws/install/detection_interfaces/share/detection_interfaces/cmake/rosidl_cmake-extras.cmake
[0.663s] -- Up-to-date: /home/amejiyo/ros2_ws/install/detection_interfaces/share/detection_interfaces/cmake/ament_cmake_export_dependencies-extras.cmake
[0.663s] -- Up-to-date: /home/amejiyo/ros2_ws/install/detection_interfaces/share/detection_interfaces/cmake/ament_cmake_export_libraries-extras.cmake
[0.663s] -- Up-to-date: /home/amejiyo/ros2_ws/install/detection_interfaces/share/detection_interfaces/cmake/ament_cmake_export_targets-extras.cmake
[0.663s] -- Up-to-date: /home/amejiyo/ros2_ws/install/detection_interfaces/share/detection_interfaces/cmake/ament_cmake_export_include_directories-extras.cmake
[0.663s] -- Up-to-date: /home/amejiyo/ros2_ws/install/detection_interfaces/share/detection_interfaces/cmake/rosidl_cmake_export_typesupport_libraries-extras.cmake
[0.663s] -- Up-to-date: /home/amejiyo/ros2_ws/install/detection_interfaces/share/detection_interfaces/cmake/rosidl_cmake_export_typesupport_targets-extras.cmake
[0.663s] -- Up-to-date: /home/amejiyo/ros2_ws/install/detection_interfaces/share/detection_interfaces/cmake/detection_interfacesConfig.cmake
[0.663s] -- Up-to-date: /home/amejiyo/ros2_ws/install/detection_interfaces/share/detection_interfaces/cmake/detection_interfacesConfig-version.cmake
[0.663s] -- Up-to-date: /home/amejiyo/ros2_ws/install/detection_interfaces/share/detection_interfaces/package.xml
[0.664s] Invoked command in '/home/amejiyo/ros2_ws/build/detection_interfaces' returned '0': CMAKE_PREFIX_PATH=${CMAKE_PREFIX_PATH}:/home/amejiyo/ros2_ws/install/py_pubsub:/home/amejiyo/ros2_ws/install/detection:/home/amejiyo/long_ws/install/pub_pkg:/opt/ros/foxy /usr/bin/cmake --install /home/amejiyo/ros2_ws/build/detection_interfaces
