[0.061s] Invoking command in '/home/amejiyo/yolobot/build/yolobot_description': CMAKE_PREFIX_PATH=/home/amejiyo/yolobot/install/yolobot_recognition:/home/amejiyo/yolobot/install/yolobot_gazebo:/home/amejiyo/yolobot/install/yolobot_description:/home/amejiyo/yolobot/install/yolobot_control:/home/amejiyo/yolobot/install/yolobot_detection:/home/amejiyo/GitHub/502/detection/install/yolobot_detection:/opt/ros/foxy:/home/amejiyo/yolobot/install/realsense_gazebo_plugin:/home/amejiyo/yolobot/install/interfaces:/home/amejiyo/GitHub/502/detection/install/yolobot_recognition:/home/amejiyo/GitHub/502/detection/install/yolobot_gazebo:/home/amejiyo/GitHub/502/detection/install/yolobot_description:/home/amejiyo/GitHub/502/detection/install/yolobot_control:/home/amejiyo/GitHub/502/detection/install/interfaces /usr/bin/cmake --build /home/amejiyo/yolobot/build/yolobot_description -- -j16 -l16
[0.342s] Invoked command in '/home/amejiyo/yolobot/build/yolobot_description' returned '0': CMAKE_PREFIX_PATH=/home/amejiyo/yolobot/install/yolobot_recognition:/home/amejiyo/yolobot/install/yolobot_gazebo:/home/amejiyo/yolobot/install/yolobot_description:/home/amejiyo/yolobot/install/yolobot_control:/home/amejiyo/yolobot/install/yolobot_detection:/home/amejiyo/GitHub/502/detection/install/yolobot_detection:/opt/ros/foxy:/home/amejiyo/yolobot/install/realsense_gazebo_plugin:/home/amejiyo/yolobot/install/interfaces:/home/amejiyo/GitHub/502/detection/install/yolobot_recognition:/home/amejiyo/GitHub/502/detection/install/yolobot_gazebo:/home/amejiyo/GitHub/502/detection/install/yolobot_description:/home/amejiyo/GitHub/502/detection/install/yolobot_control:/home/amejiyo/GitHub/502/detection/install/interfaces /usr/bin/cmake --build /home/amejiyo/yolobot/build/yolobot_description -- -j16 -l16
[0.392s] Invoking command in '/home/amejiyo/yolobot/build/yolobot_description': CMAKE_PREFIX_PATH=/home/amejiyo/yolobot/install/yolobot_recognition:/home/amejiyo/yolobot/install/yolobot_gazebo:/home/amejiyo/yolobot/install/yolobot_description:/home/amejiyo/yolobot/install/yolobot_control:/home/amejiyo/yolobot/install/yolobot_detection:/home/amejiyo/GitHub/502/detection/install/yolobot_detection:/opt/ros/foxy:/home/amejiyo/yolobot/install/realsense_gazebo_plugin:/home/amejiyo/yolobot/install/interfaces:/home/amejiyo/GitHub/502/detection/install/yolobot_recognition:/home/amejiyo/GitHub/502/detection/install/yolobot_gazebo:/home/amejiyo/GitHub/502/detection/install/yolobot_description:/home/amejiyo/GitHub/502/detection/install/yolobot_control:/home/amejiyo/GitHub/502/detection/install/interfaces /usr/bin/cmake --install /home/amejiyo/yolobot/build/yolobot_description
[0.403s] -- Install configuration: ""
[0.403s] -- Up-to-date: /home/amejiyo/yolobot/install/yolobot_description/share/yolobot_description//launch
[0.404s] -- Up-to-date: /home/amejiyo/yolobot/install/yolobot_description/share/yolobot_description//launch/spawn_yolobot.py
[0.404s] -- Up-to-date: /home/amejiyo/yolobot/install/yolobot_description/share/yolobot_description//launch/spawn_yolobot_launch.launch.py
[0.404s] -- Up-to-date: /home/amejiyo/yolobot/install/yolobot_description/share/yolobot_description//robot
[0.404s] -- Up-to-date: /home/amejiyo/yolobot/install/yolobot_description/share/yolobot_description//robot/yolobot.urdf
[0.404s] -- Up-to-date: /home/amejiyo/yolobot/install/yolobot_description/lib/yolobot_description/spawn_yolobot.py
[0.404s] -- Up-to-date: /home/amejiyo/yolobot/install/yolobot_description/share/ament_index/resource_index/package_run_dependencies/yolobot_description
[0.404s] -- Up-to-date: /home/amejiyo/yolobot/install/yolobot_description/share/ament_index/resource_index/parent_prefix_path/yolobot_description
[0.405s] -- Up-to-date: /home/amejiyo/yolobot/install/yolobot_description/share/yolobot_description/environment/ament_prefix_path.sh
[0.405s] -- Up-to-date: /home/amejiyo/yolobot/install/yolobot_description/share/yolobot_description/environment/ament_prefix_path.dsv
[0.405s] -- Up-to-date: /home/amejiyo/yolobot/install/yolobot_description/share/yolobot_description/environment/path.sh
[0.405s] -- Up-to-date: /home/amejiyo/yolobot/install/yolobot_description/share/yolobot_description/environment/path.dsv
[0.405s] -- Up-to-date: /home/amejiyo/yolobot/install/yolobot_description/share/yolobot_description/local_setup.bash
[0.405s] -- Up-to-date: /home/amejiyo/yolobot/install/yolobot_description/share/yolobot_description/local_setup.sh
[0.406s] -- Up-to-date: /home/amejiyo/yolobot/install/yolobot_description/share/yolobot_description/local_setup.zsh
[0.406s] -- Up-to-date: /home/amejiyo/yolobot/install/yolobot_description/share/yolobot_description/local_setup.dsv
[0.406s] -- Installing: /home/amejiyo/yolobot/install/yolobot_description/share/yolobot_description/package.dsv
[0.406s] -- Up-to-date: /home/amejiyo/yolobot/install/yolobot_description/share/ament_index/resource_index/packages/yolobot_description
[0.406s] -- Up-to-date: /home/amejiyo/yolobot/install/yolobot_description/share/yolobot_description/cmake/yolobot_descriptionConfig.cmake
[0.406s] -- Up-to-date: /home/amejiyo/yolobot/install/yolobot_description/share/yolobot_description/cmake/yolobot_descriptionConfig-version.cmake
[0.406s] -- Up-to-date: /home/amejiyo/yolobot/install/yolobot_description/share/yolobot_description/package.xml
[0.439s] Invoked command in '/home/amejiyo/yolobot/build/yolobot_description' returned '0': CMAKE_PREFIX_PATH=/home/amejiyo/yolobot/install/yolobot_recognition:/home/amejiyo/yolobot/install/yolobot_gazebo:/home/amejiyo/yolobot/install/yolobot_description:/home/amejiyo/yolobot/install/yolobot_control:/home/amejiyo/yolobot/install/yolobot_detection:/home/amejiyo/GitHub/502/detection/install/yolobot_detection:/opt/ros/foxy:/home/amejiyo/yolobot/install/realsense_gazebo_plugin:/home/amejiyo/yolobot/install/interfaces:/home/amejiyo/GitHub/502/detection/install/yolobot_recognition:/home/amejiyo/GitHub/502/detection/install/yolobot_gazebo:/home/amejiyo/GitHub/502/detection/install/yolobot_description:/home/amejiyo/GitHub/502/detection/install/yolobot_control:/home/amejiyo/GitHub/502/detection/install/interfaces /usr/bin/cmake --install /home/amejiyo/yolobot/build/yolobot_description
