[0.051s] Invoking command in '/home/amejiyo/GitHub/502/detection/build/yolobot_control': CMAKE_PREFIX_PATH=/home/amejiyo/yolobot/install/yolobot_recognition:/home/amejiyo/yolobot/install/yolobot_gazebo:/home/amejiyo/yolobot/install/yolobot_detection:/home/amejiyo/yolobot/install/yolobot_description:/home/amejiyo/yolobot/install/yolobot_control:/home/amejiyo/yolobot/install/realsense_gazebo_plugin:/home/amejiyo/yolobot/install/interfaces:/opt/ros/foxy /usr/bin/cmake /home/amejiyo/GitHub/502/detection/src/yolobot_control -DCMAKE_INSTALL_PREFIX=/home/amejiyo/GitHub/502/detection/install/yolobot_control
[0.375s] -- The C compiler identification is GNU 8.4.0
[0.375s] -- The CXX compiler identification is GNU 8.4.0
[0.375s] -- Check for working C compiler: /usr/bin/cc
[0.375s] -- Check for working C compiler: /usr/bin/cc -- works
[0.376s] -- Detecting C compiler ABI info
[0.377s] -- Detecting C compiler ABI info - done
[0.378s] -- Detecting C compile features
[0.378s] -- Detecting C compile features - done
[0.378s] -- Check for working CXX compiler: /usr/bin/c++
[0.453s] -- Check for working CXX compiler: /usr/bin/c++ -- works
[0.454s] -- Detecting CXX compiler ABI info
[0.556s] -- Detecting CXX compiler ABI info - done
[0.572s] -- Detecting CXX compile features
[0.573s] -- Detecting CXX compile features - done
[0.576s] -- Found ament_cmake: 0.9.9 (/opt/ros/foxy/share/ament_cmake/cmake)
[0.608s] -- Found PythonInterp: /usr/bin/python3 (found suitable version "3.8.10", minimum required is "3") 
[0.609s] -- Using PYTHON_EXECUTABLE: /usr/bin/python3
[0.864s] -- Found ament_lint_auto: 0.9.6 (/opt/ros/foxy/share/ament_lint_auto/cmake)
[1.038s] -- Added test 'copyright' to check source files copyright and LICENSE
[1.040s] -- Added test 'flake8' to check Python code syntax and style conventions
[1.041s] -- Added test 'lint_cmake' to check CMake code style
[1.042s] -- Added test 'pep257' to check Python code against some of the style conventions in PEP 257
[1.043s] -- Added test 'xmllint' to check XML markup files
[1.046s] -- Configuring done
[1.049s] -- Generating done
[1.050s] -- Build files have been written to: /home/amejiyo/GitHub/502/detection/build/yolobot_control
[1.056s] Invoked command in '/home/amejiyo/GitHub/502/detection/build/yolobot_control' returned '0': CMAKE_PREFIX_PATH=/home/amejiyo/yolobot/install/yolobot_recognition:/home/amejiyo/yolobot/install/yolobot_gazebo:/home/amejiyo/yolobot/install/yolobot_detection:/home/amejiyo/yolobot/install/yolobot_description:/home/amejiyo/yolobot/install/yolobot_control:/home/amejiyo/yolobot/install/realsense_gazebo_plugin:/home/amejiyo/yolobot/install/interfaces:/opt/ros/foxy /usr/bin/cmake /home/amejiyo/GitHub/502/detection/src/yolobot_control -DCMAKE_INSTALL_PREFIX=/home/amejiyo/GitHub/502/detection/install/yolobot_control
[1.061s] Invoking command in '/home/amejiyo/GitHub/502/detection/build/yolobot_control': CMAKE_PREFIX_PATH=/home/amejiyo/yolobot/install/yolobot_recognition:/home/amejiyo/yolobot/install/yolobot_gazebo:/home/amejiyo/yolobot/install/yolobot_detection:/home/amejiyo/yolobot/install/yolobot_description:/home/amejiyo/yolobot/install/yolobot_control:/home/amejiyo/yolobot/install/realsense_gazebo_plugin:/home/amejiyo/yolobot/install/interfaces:/opt/ros/foxy /usr/bin/cmake --build /home/amejiyo/GitHub/502/detection/build/yolobot_control -- -j16 -l16
[1.105s] Invoked command in '/home/amejiyo/GitHub/502/detection/build/yolobot_control' returned '0': CMAKE_PREFIX_PATH=/home/amejiyo/yolobot/install/yolobot_recognition:/home/amejiyo/yolobot/install/yolobot_gazebo:/home/amejiyo/yolobot/install/yolobot_detection:/home/amejiyo/yolobot/install/yolobot_description:/home/amejiyo/yolobot/install/yolobot_control:/home/amejiyo/yolobot/install/realsense_gazebo_plugin:/home/amejiyo/yolobot/install/interfaces:/opt/ros/foxy /usr/bin/cmake --build /home/amejiyo/GitHub/502/detection/build/yolobot_control -- -j16 -l16
[1.151s] Invoking command in '/home/amejiyo/GitHub/502/detection/build/yolobot_control': CMAKE_PREFIX_PATH=/home/amejiyo/yolobot/install/yolobot_recognition:/home/amejiyo/yolobot/install/yolobot_gazebo:/home/amejiyo/yolobot/install/yolobot_detection:/home/amejiyo/yolobot/install/yolobot_description:/home/amejiyo/yolobot/install/yolobot_control:/home/amejiyo/yolobot/install/realsense_gazebo_plugin:/home/amejiyo/yolobot/install/interfaces:/opt/ros/foxy /usr/bin/cmake --install /home/amejiyo/GitHub/502/detection/build/yolobot_control
[1.161s] -- Install configuration: ""
[1.161s] -- Installing: /home/amejiyo/GitHub/502/detection/install/yolobot_control/share/yolobot_control//scripts
[1.161s] -- Installing: /home/amejiyo/GitHub/502/detection/install/yolobot_control/share/yolobot_control//scripts/robot_control.py
[1.161s] -- Installing: /home/amejiyo/GitHub/502/detection/install/yolobot_control/share/yolobot_control//launch
[1.161s] -- Installing: /home/amejiyo/GitHub/502/detection/install/yolobot_control/share/yolobot_control//launch/yolobot_control.launch.py
[1.161s] -- Installing: /home/amejiyo/GitHub/502/detection/install/yolobot_control/lib/yolobot_control/robot_control.py
[1.161s] -- Installing: /home/amejiyo/GitHub/502/detection/install/yolobot_control/lib/yolobot_control/yolobot_control.launch.py
[1.161s] -- Installing: /home/amejiyo/GitHub/502/detection/install/yolobot_control/share/ament_index/resource_index/package_run_dependencies/yolobot_control
[1.162s] -- Installing: /home/amejiyo/GitHub/502/detection/install/yolobot_control/share/ament_index/resource_index/parent_prefix_path/yolobot_control
[1.162s] -- Installing: /home/amejiyo/GitHub/502/detection/install/yolobot_control/share/yolobot_control/environment/ament_prefix_path.sh
[1.162s] -- Installing: /home/amejiyo/GitHub/502/detection/install/yolobot_control/share/yolobot_control/environment/ament_prefix_path.dsv
[1.163s] -- Installing: /home/amejiyo/GitHub/502/detection/install/yolobot_control/share/yolobot_control/environment/path.sh
[1.163s] -- Installing: /home/amejiyo/GitHub/502/detection/install/yolobot_control/share/yolobot_control/environment/path.dsv
[1.163s] -- Installing: /home/amejiyo/GitHub/502/detection/install/yolobot_control/share/yolobot_control/local_setup.bash
[1.163s] -- Installing: /home/amejiyo/GitHub/502/detection/install/yolobot_control/share/yolobot_control/local_setup.sh
[1.163s] -- Installing: /home/amejiyo/GitHub/502/detection/install/yolobot_control/share/yolobot_control/local_setup.zsh
[1.163s] -- Installing: /home/amejiyo/GitHub/502/detection/install/yolobot_control/share/yolobot_control/local_setup.dsv
[1.164s] -- Installing: /home/amejiyo/GitHub/502/detection/install/yolobot_control/share/yolobot_control/package.dsv
[1.164s] -- Installing: /home/amejiyo/GitHub/502/detection/install/yolobot_control/share/ament_index/resource_index/packages/yolobot_control
[1.164s] -- Installing: /home/amejiyo/GitHub/502/detection/install/yolobot_control/share/yolobot_control/cmake/yolobot_controlConfig.cmake
[1.165s] -- Installing: /home/amejiyo/GitHub/502/detection/install/yolobot_control/share/yolobot_control/cmake/yolobot_controlConfig-version.cmake
[1.167s] -- Installing: /home/amejiyo/GitHub/502/detection/install/yolobot_control/share/yolobot_control/package.xml
[1.172s] Invoked command in '/home/amejiyo/GitHub/502/detection/build/yolobot_control' returned '0': CMAKE_PREFIX_PATH=/home/amejiyo/yolobot/install/yolobot_recognition:/home/amejiyo/yolobot/install/yolobot_gazebo:/home/amejiyo/yolobot/install/yolobot_detection:/home/amejiyo/yolobot/install/yolobot_description:/home/amejiyo/yolobot/install/yolobot_control:/home/amejiyo/yolobot/install/realsense_gazebo_plugin:/home/amejiyo/yolobot/install/interfaces:/opt/ros/foxy /usr/bin/cmake --install /home/amejiyo/GitHub/502/detection/build/yolobot_control
