[0.139s] DEBUG:colcon:Command line arguments: ['/usr/bin/colcon', 'build']
[0.139s] DEBUG:colcon:Parsed command line arguments: Namespace(allow_overriding=[], ament_cmake_args=None, base_paths=['.'], build_base='build', catkin_cmake_args=None, catkin_skip_building_tests=False, cmake_args=None, cmake_clean_cache=False, cmake_clean_first=False, cmake_force_configure=False, cmake_target=None, cmake_target_skip_unavailable=False, continue_on_error=False, event_handlers=None, executor='parallel', ignore_user_meta=False, install_base='install', log_base=None, log_level=None, main=<bound method BuildVerb.main of <colcon_core.verb.build.BuildVerb object at 0x7f9dc65c9850>>, merge_install=False, metas=['./colcon.meta'], packages_above=None, packages_above_and_dependencies=None, packages_above_depth=None, packages_end=None, packages_ignore=None, packages_ignore_regex=None, packages_select=None, packages_select_build_failed=False, packages_select_by_dep=None, packages_select_regex=None, packages_select_test_failures=False, packages_skip=None, packages_skip_build_finished=False, packages_skip_by_dep=None, packages_skip_regex=None, packages_skip_test_passed=False, packages_skip_up_to=None, packages_start=None, packages_up_to=None, packages_up_to_regex=None, parallel_workers=16, paths=None, symlink_install=False, test_result_base=None, verb_extension=<colcon_core.verb.build.BuildVerb object at 0x7f9dc65c9850>, verb_name='build', verb_parser=<colcon_defaults.argument_parser.defaults.DefaultArgumentsDecorator object at 0x7f9dc65c9dc0>)
[0.162s] Level 1:colcon.colcon_core.package_discovery:discover_packages(colcon_meta) check parameters
[0.162s] Level 1:colcon.colcon_core.package_discovery:discover_packages(recursive) check parameters
[0.162s] Level 1:colcon.colcon_core.package_discovery:discover_packages(ignore) check parameters
[0.162s] Level 1:colcon.colcon_core.package_discovery:discover_packages(path) check parameters
[0.162s] Level 1:colcon.colcon_core.package_discovery:discover_packages(colcon_meta) discover
[0.162s] Level 1:colcon.colcon_core.package_discovery:discover_packages(recursive) discover
[0.162s] INFO:colcon.colcon_core.package_discovery:Crawling recursively for packages in '/home/amejiyo/yolobot'
[0.162s] Level 1:colcon.colcon_core.package_identification:_identify(.) by extensions ['ignore', 'ignore_ament_install']
[0.162s] Level 1:colcon.colcon_core.package_identification:_identify(.) by extension 'ignore'
[0.162s] Level 1:colcon.colcon_core.package_identification:_identify(.) by extension 'ignore_ament_install'
[0.162s] Level 1:colcon.colcon_core.package_identification:_identify(.) by extensions ['colcon_pkg']
[0.162s] Level 1:colcon.colcon_core.package_identification:_identify(.) by extension 'colcon_pkg'
[0.163s] Level 1:colcon.colcon_core.package_identification:_identify(.) by extensions ['colcon_meta']
[0.163s] Level 1:colcon.colcon_core.package_identification:_identify(.) by extension 'colcon_meta'
[0.163s] Level 1:colcon.colcon_core.package_identification:_identify(.) by extensions ['ros']
[0.163s] Level 1:colcon.colcon_core.package_identification:_identify(.) by extension 'ros'
[0.222s] Level 1:colcon.colcon_core.package_identification:_identify(.) by extensions ['cmake', 'python']
[0.222s] Level 1:colcon.colcon_core.package_identification:_identify(.) by extension 'cmake'
[0.222s] Level 1:colcon.colcon_core.package_identification:_identify(.) by extension 'python'
[0.222s] Level 1:colcon.colcon_core.package_identification:_identify(.) by extensions ['python_setup_py']
[0.222s] Level 1:colcon.colcon_core.package_identification:_identify(.) by extension 'python_setup_py'
[0.222s] Level 1:colcon.colcon_core.package_identification:_identify(build) by extensions ['ignore', 'ignore_ament_install']
[0.222s] Level 1:colcon.colcon_core.package_identification:_identify(build) by extension 'ignore'
[0.222s] Level 1:colcon.colcon_core.package_identification:_identify(build) ignored
[0.222s] Level 1:colcon.colcon_core.package_identification:_identify(install) by extensions ['ignore', 'ignore_ament_install']
[0.222s] Level 1:colcon.colcon_core.package_identification:_identify(install) by extension 'ignore'
[0.222s] Level 1:colcon.colcon_core.package_identification:_identify(install) ignored
[0.222s] Level 1:colcon.colcon_core.package_identification:_identify(log) by extensions ['ignore', 'ignore_ament_install']
[0.222s] Level 1:colcon.colcon_core.package_identification:_identify(log) by extension 'ignore'
[0.222s] Level 1:colcon.colcon_core.package_identification:_identify(log) ignored
[0.223s] Level 1:colcon.colcon_core.package_identification:_identify(src) by extensions ['ignore', 'ignore_ament_install']
[0.223s] Level 1:colcon.colcon_core.package_identification:_identify(src) by extension 'ignore'
[0.223s] Level 1:colcon.colcon_core.package_identification:_identify(src) by extension 'ignore_ament_install'
[0.223s] Level 1:colcon.colcon_core.package_identification:_identify(src) by extensions ['colcon_pkg']
[0.223s] Level 1:colcon.colcon_core.package_identification:_identify(src) by extension 'colcon_pkg'
[0.223s] Level 1:colcon.colcon_core.package_identification:_identify(src) by extensions ['colcon_meta']
[0.223s] Level 1:colcon.colcon_core.package_identification:_identify(src) by extension 'colcon_meta'
[0.223s] Level 1:colcon.colcon_core.package_identification:_identify(src) by extensions ['ros']
[0.223s] Level 1:colcon.colcon_core.package_identification:_identify(src) by extension 'ros'
[0.223s] Level 1:colcon.colcon_core.package_identification:_identify(src) by extensions ['cmake', 'python']
[0.223s] Level 1:colcon.colcon_core.package_identification:_identify(src) by extension 'cmake'
[0.223s] Level 1:colcon.colcon_core.package_identification:_identify(src) by extension 'python'
[0.223s] Level 1:colcon.colcon_core.package_identification:_identify(src) by extensions ['python_setup_py']
[0.223s] Level 1:colcon.colcon_core.package_identification:_identify(src) by extension 'python_setup_py'
[0.223s] Level 1:colcon.colcon_core.package_identification:_identify(src/interfaces) by extensions ['ignore', 'ignore_ament_install']
[0.223s] Level 1:colcon.colcon_core.package_identification:_identify(src/interfaces) by extension 'ignore'
[0.223s] Level 1:colcon.colcon_core.package_identification:_identify(src/interfaces) by extension 'ignore_ament_install'
[0.223s] Level 1:colcon.colcon_core.package_identification:_identify(src/interfaces) by extensions ['colcon_pkg']
[0.223s] Level 1:colcon.colcon_core.package_identification:_identify(src/interfaces) by extension 'colcon_pkg'
[0.224s] Level 1:colcon.colcon_core.package_identification:_identify(src/interfaces) by extensions ['colcon_meta']
[0.224s] Level 1:colcon.colcon_core.package_identification:_identify(src/interfaces) by extension 'colcon_meta'
[0.224s] Level 1:colcon.colcon_core.package_identification:_identify(src/interfaces) by extensions ['ros']
[0.224s] Level 1:colcon.colcon_core.package_identification:_identify(src/interfaces) by extension 'ros'
[0.226s] DEBUG:colcon.colcon_core.package_identification:Package 'src/interfaces' with type 'ros.ament_cmake' and name 'interfaces'
[0.226s] Level 1:colcon.colcon_core.package_identification:_identify(src/yolobot_control) by extensions ['ignore', 'ignore_ament_install']
[0.226s] Level 1:colcon.colcon_core.package_identification:_identify(src/yolobot_control) by extension 'ignore'
[0.226s] Level 1:colcon.colcon_core.package_identification:_identify(src/yolobot_control) by extension 'ignore_ament_install'
[0.226s] Level 1:colcon.colcon_core.package_identification:_identify(src/yolobot_control) by extensions ['colcon_pkg']
[0.226s] Level 1:colcon.colcon_core.package_identification:_identify(src/yolobot_control) by extension 'colcon_pkg'
[0.226s] Level 1:colcon.colcon_core.package_identification:_identify(src/yolobot_control) by extensions ['colcon_meta']
[0.226s] Level 1:colcon.colcon_core.package_identification:_identify(src/yolobot_control) by extension 'colcon_meta'
[0.226s] Level 1:colcon.colcon_core.package_identification:_identify(src/yolobot_control) by extensions ['ros']
[0.226s] Level 1:colcon.colcon_core.package_identification:_identify(src/yolobot_control) by extension 'ros'
[0.226s] DEBUG:colcon.colcon_core.package_identification:Package 'src/yolobot_control' with type 'ros.ament_cmake' and name 'yolobot_control'
[0.227s] Level 1:colcon.colcon_core.package_identification:_identify(src/yolobot_description) by extensions ['ignore', 'ignore_ament_install']
[0.227s] Level 1:colcon.colcon_core.package_identification:_identify(src/yolobot_description) by extension 'ignore'
[0.227s] Level 1:colcon.colcon_core.package_identification:_identify(src/yolobot_description) by extension 'ignore_ament_install'
[0.227s] Level 1:colcon.colcon_core.package_identification:_identify(src/yolobot_description) by extensions ['colcon_pkg']
[0.227s] Level 1:colcon.colcon_core.package_identification:_identify(src/yolobot_description) by extension 'colcon_pkg'
[0.227s] Level 1:colcon.colcon_core.package_identification:_identify(src/yolobot_description) by extensions ['colcon_meta']
[0.227s] Level 1:colcon.colcon_core.package_identification:_identify(src/yolobot_description) by extension 'colcon_meta'
[0.227s] Level 1:colcon.colcon_core.package_identification:_identify(src/yolobot_description) by extensions ['ros']
[0.227s] Level 1:colcon.colcon_core.package_identification:_identify(src/yolobot_description) by extension 'ros'
[0.228s] DEBUG:colcon.colcon_core.package_identification:Package 'src/yolobot_description' with type 'ros.ament_cmake' and name 'yolobot_description'
[0.228s] Level 1:colcon.colcon_core.package_identification:_identify(src/yolobot_gazebo) by extensions ['ignore', 'ignore_ament_install']
[0.228s] Level 1:colcon.colcon_core.package_identification:_identify(src/yolobot_gazebo) by extension 'ignore'
[0.228s] Level 1:colcon.colcon_core.package_identification:_identify(src/yolobot_gazebo) by extension 'ignore_ament_install'
[0.228s] Level 1:colcon.colcon_core.package_identification:_identify(src/yolobot_gazebo) by extensions ['colcon_pkg']
[0.228s] Level 1:colcon.colcon_core.package_identification:_identify(src/yolobot_gazebo) by extension 'colcon_pkg'
[0.228s] Level 1:colcon.colcon_core.package_identification:_identify(src/yolobot_gazebo) by extensions ['colcon_meta']
[0.228s] Level 1:colcon.colcon_core.package_identification:_identify(src/yolobot_gazebo) by extension 'colcon_meta'
[0.228s] Level 1:colcon.colcon_core.package_identification:_identify(src/yolobot_gazebo) by extensions ['ros']
[0.228s] Level 1:colcon.colcon_core.package_identification:_identify(src/yolobot_gazebo) by extension 'ros'
[0.229s] DEBUG:colcon.colcon_core.package_identification:Package 'src/yolobot_gazebo' with type 'ros.ament_cmake' and name 'yolobot_gazebo'
[0.229s] Level 1:colcon.colcon_core.package_identification:_identify(src/yolobot_recognition) by extensions ['ignore', 'ignore_ament_install']
[0.229s] Level 1:colcon.colcon_core.package_identification:_identify(src/yolobot_recognition) by extension 'ignore'
[0.229s] Level 1:colcon.colcon_core.package_identification:_identify(src/yolobot_recognition) by extension 'ignore_ament_install'
[0.229s] Level 1:colcon.colcon_core.package_identification:_identify(src/yolobot_recognition) by extensions ['colcon_pkg']
[0.229s] Level 1:colcon.colcon_core.package_identification:_identify(src/yolobot_recognition) by extension 'colcon_pkg'
[0.229s] Level 1:colcon.colcon_core.package_identification:_identify(src/yolobot_recognition) by extensions ['colcon_meta']
[0.229s] Level 1:colcon.colcon_core.package_identification:_identify(src/yolobot_recognition) by extension 'colcon_meta'
[0.229s] Level 1:colcon.colcon_core.package_identification:_identify(src/yolobot_recognition) by extensions ['ros']
[0.229s] Level 1:colcon.colcon_core.package_identification:_identify(src/yolobot_recognition) by extension 'ros'
[0.230s] DEBUG:colcon.colcon_core.package_identification:Package 'src/yolobot_recognition' with type 'ros.ament_cmake' and name 'yolobot_recognition'
[0.230s] Level 1:colcon.colcon_core.package_discovery:discover_packages(recursive) using defaults
[0.230s] Level 1:colcon.colcon_core.package_discovery:discover_packages(ignore) discover
[0.230s] Level 1:colcon.colcon_core.package_discovery:discover_packages(ignore) using defaults
[0.230s] Level 1:colcon.colcon_core.package_discovery:discover_packages(path) discover
[0.230s] Level 1:colcon.colcon_core.package_discovery:discover_packages(path) using defaults
[0.247s] Level 1:colcon.colcon_core.package_discovery:discover_packages(prefix_path) check parameters
[0.247s] Level 1:colcon.colcon_core.package_discovery:discover_packages(prefix_path) discover
[0.250s] DEBUG:colcon.colcon_installed_package_information.package_discovery:Found 5 installed packages in /home/amejiyo/yolobot/install
[0.251s] DEBUG:colcon.colcon_installed_package_information.package_discovery:Found 17 installed packages in /home/amejiyo/ros2_ws/install
[0.252s] DEBUG:colcon.colcon_installed_package_information.package_discovery:Found 270 installed packages in /opt/ros/foxy
[0.254s] Level 1:colcon.colcon_core.package_discovery:discover_packages(prefix_path) using defaults
[0.315s] Level 5:colcon.colcon_core.verb:set package 'interfaces' build argument 'cmake_args' from command line to 'None'
[0.315s] Level 5:colcon.colcon_core.verb:set package 'interfaces' build argument 'cmake_target' from command line to 'None'
[0.315s] Level 5:colcon.colcon_core.verb:set package 'interfaces' build argument 'cmake_target_skip_unavailable' from command line to 'False'
[0.315s] Level 5:colcon.colcon_core.verb:set package 'interfaces' build argument 'cmake_clean_cache' from command line to 'False'
[0.315s] Level 5:colcon.colcon_core.verb:set package 'interfaces' build argument 'cmake_clean_first' from command line to 'False'
[0.316s] Level 5:colcon.colcon_core.verb:set package 'interfaces' build argument 'cmake_force_configure' from command line to 'False'
[0.316s] Level 5:colcon.colcon_core.verb:set package 'interfaces' build argument 'ament_cmake_args' from command line to 'None'
[0.316s] Level 5:colcon.colcon_core.verb:set package 'interfaces' build argument 'catkin_cmake_args' from command line to 'None'
[0.316s] Level 5:colcon.colcon_core.verb:set package 'interfaces' build argument 'catkin_skip_building_tests' from command line to 'False'
[0.316s] DEBUG:colcon.colcon_core.verb:Building package 'interfaces' with the following arguments: {'ament_cmake_args': None, 'build_base': '/home/amejiyo/yolobot/build/interfaces', 'catkin_cmake_args': None, 'catkin_skip_building_tests': False, 'cmake_args': None, 'cmake_clean_cache': False, 'cmake_clean_first': False, 'cmake_force_configure': False, 'cmake_target': None, 'cmake_target_skip_unavailable': False, 'install_base': '/home/amejiyo/yolobot/install/interfaces', 'merge_install': False, 'path': '/home/amejiyo/yolobot/src/interfaces', 'symlink_install': False, 'test_result_base': None}
[0.316s] Level 5:colcon.colcon_core.verb:set package 'yolobot_control' build argument 'cmake_args' from command line to 'None'
[0.316s] Level 5:colcon.colcon_core.verb:set package 'yolobot_control' build argument 'cmake_target' from command line to 'None'
[0.316s] Level 5:colcon.colcon_core.verb:set package 'yolobot_control' build argument 'cmake_target_skip_unavailable' from command line to 'False'
[0.316s] Level 5:colcon.colcon_core.verb:set package 'yolobot_control' build argument 'cmake_clean_cache' from command line to 'False'
[0.316s] Level 5:colcon.colcon_core.verb:set package 'yolobot_control' build argument 'cmake_clean_first' from command line to 'False'
[0.316s] Level 5:colcon.colcon_core.verb:set package 'yolobot_control' build argument 'cmake_force_configure' from command line to 'False'
[0.316s] Level 5:colcon.colcon_core.verb:set package 'yolobot_control' build argument 'ament_cmake_args' from command line to 'None'
[0.316s] Level 5:colcon.colcon_core.verb:set package 'yolobot_control' build argument 'catkin_cmake_args' from command line to 'None'
[0.317s] Level 5:colcon.colcon_core.verb:set package 'yolobot_control' build argument 'catkin_skip_building_tests' from command line to 'False'
[0.317s] DEBUG:colcon.colcon_core.verb:Building package 'yolobot_control' with the following arguments: {'ament_cmake_args': None, 'build_base': '/home/amejiyo/yolobot/build/yolobot_control', 'catkin_cmake_args': None, 'catkin_skip_building_tests': False, 'cmake_args': None, 'cmake_clean_cache': False, 'cmake_clean_first': False, 'cmake_force_configure': False, 'cmake_target': None, 'cmake_target_skip_unavailable': False, 'install_base': '/home/amejiyo/yolobot/install/yolobot_control', 'merge_install': False, 'path': '/home/amejiyo/yolobot/src/yolobot_control', 'symlink_install': False, 'test_result_base': None}
[0.317s] Level 5:colcon.colcon_core.verb:set package 'yolobot_description' build argument 'cmake_args' from command line to 'None'
[0.317s] Level 5:colcon.colcon_core.verb:set package 'yolobot_description' build argument 'cmake_target' from command line to 'None'
[0.317s] Level 5:colcon.colcon_core.verb:set package 'yolobot_description' build argument 'cmake_target_skip_unavailable' from command line to 'False'
[0.317s] Level 5:colcon.colcon_core.verb:set package 'yolobot_description' build argument 'cmake_clean_cache' from command line to 'False'
[0.317s] Level 5:colcon.colcon_core.verb:set package 'yolobot_description' build argument 'cmake_clean_first' from command line to 'False'
[0.317s] Level 5:colcon.colcon_core.verb:set package 'yolobot_description' build argument 'cmake_force_configure' from command line to 'False'
[0.317s] Level 5:colcon.colcon_core.verb:set package 'yolobot_description' build argument 'ament_cmake_args' from command line to 'None'
[0.317s] Level 5:colcon.colcon_core.verb:set package 'yolobot_description' build argument 'catkin_cmake_args' from command line to 'None'
[0.317s] Level 5:colcon.colcon_core.verb:set package 'yolobot_description' build argument 'catkin_skip_building_tests' from command line to 'False'
[0.317s] DEBUG:colcon.colcon_core.verb:Building package 'yolobot_description' with the following arguments: {'ament_cmake_args': None, 'build_base': '/home/amejiyo/yolobot/build/yolobot_description', 'catkin_cmake_args': None, 'catkin_skip_building_tests': False, 'cmake_args': None, 'cmake_clean_cache': False, 'cmake_clean_first': False, 'cmake_force_configure': False, 'cmake_target': None, 'cmake_target_skip_unavailable': False, 'install_base': '/home/amejiyo/yolobot/install/yolobot_description', 'merge_install': False, 'path': '/home/amejiyo/yolobot/src/yolobot_description', 'symlink_install': False, 'test_result_base': None}
[0.318s] Level 5:colcon.colcon_core.verb:set package 'yolobot_gazebo' build argument 'cmake_args' from command line to 'None'
[0.318s] Level 5:colcon.colcon_core.verb:set package 'yolobot_gazebo' build argument 'cmake_target' from command line to 'None'
[0.318s] Level 5:colcon.colcon_core.verb:set package 'yolobot_gazebo' build argument 'cmake_target_skip_unavailable' from command line to 'False'
[0.318s] Level 5:colcon.colcon_core.verb:set package 'yolobot_gazebo' build argument 'cmake_clean_cache' from command line to 'False'
[0.318s] Level 5:colcon.colcon_core.verb:set package 'yolobot_gazebo' build argument 'cmake_clean_first' from command line to 'False'
[0.318s] Level 5:colcon.colcon_core.verb:set package 'yolobot_gazebo' build argument 'cmake_force_configure' from command line to 'False'
[0.318s] Level 5:colcon.colcon_core.verb:set package 'yolobot_gazebo' build argument 'ament_cmake_args' from command line to 'None'
[0.318s] Level 5:colcon.colcon_core.verb:set package 'yolobot_gazebo' build argument 'catkin_cmake_args' from command line to 'None'
[0.318s] Level 5:colcon.colcon_core.verb:set package 'yolobot_gazebo' build argument 'catkin_skip_building_tests' from command line to 'False'
[0.318s] DEBUG:colcon.colcon_core.verb:Building package 'yolobot_gazebo' with the following arguments: {'ament_cmake_args': None, 'build_base': '/home/amejiyo/yolobot/build/yolobot_gazebo', 'catkin_cmake_args': None, 'catkin_skip_building_tests': False, 'cmake_args': None, 'cmake_clean_cache': False, 'cmake_clean_first': False, 'cmake_force_configure': False, 'cmake_target': None, 'cmake_target_skip_unavailable': False, 'install_base': '/home/amejiyo/yolobot/install/yolobot_gazebo', 'merge_install': False, 'path': '/home/amejiyo/yolobot/src/yolobot_gazebo', 'symlink_install': False, 'test_result_base': None}
[0.319s] Level 5:colcon.colcon_core.verb:set package 'yolobot_recognition' build argument 'cmake_args' from command line to 'None'
[0.319s] Level 5:colcon.colcon_core.verb:set package 'yolobot_recognition' build argument 'cmake_target' from command line to 'None'
[0.319s] Level 5:colcon.colcon_core.verb:set package 'yolobot_recognition' build argument 'cmake_target_skip_unavailable' from command line to 'False'
[0.319s] Level 5:colcon.colcon_core.verb:set package 'yolobot_recognition' build argument 'cmake_clean_cache' from command line to 'False'
[0.319s] Level 5:colcon.colcon_core.verb:set package 'yolobot_recognition' build argument 'cmake_clean_first' from command line to 'False'
[0.319s] Level 5:colcon.colcon_core.verb:set package 'yolobot_recognition' build argument 'cmake_force_configure' from command line to 'False'
[0.319s] Level 5:colcon.colcon_core.verb:set package 'yolobot_recognition' build argument 'ament_cmake_args' from command line to 'None'
[0.319s] Level 5:colcon.colcon_core.verb:set package 'yolobot_recognition' build argument 'catkin_cmake_args' from command line to 'None'
[0.319s] Level 5:colcon.colcon_core.verb:set package 'yolobot_recognition' build argument 'catkin_skip_building_tests' from command line to 'False'
[0.319s] DEBUG:colcon.colcon_core.verb:Building package 'yolobot_recognition' with the following arguments: {'ament_cmake_args': None, 'build_base': '/home/amejiyo/yolobot/build/yolobot_recognition', 'catkin_cmake_args': None, 'catkin_skip_building_tests': False, 'cmake_args': None, 'cmake_clean_cache': False, 'cmake_clean_first': False, 'cmake_force_configure': False, 'cmake_target': None, 'cmake_target_skip_unavailable': False, 'install_base': '/home/amejiyo/yolobot/install/yolobot_recognition', 'merge_install': False, 'path': '/home/amejiyo/yolobot/src/yolobot_recognition', 'symlink_install': False, 'test_result_base': None}
[0.320s] INFO:colcon.colcon_core.executor:Executing jobs using 'parallel' executor
[0.321s] DEBUG:colcon.colcon_parallel_executor.executor.parallel:run_until_complete
[0.322s] INFO:colcon.colcon_ros.task.ament_cmake.build:Building ROS package in '/home/amejiyo/yolobot/src/interfaces' with build type 'ament_cmake'
[0.322s] INFO:colcon.colcon_cmake.task.cmake.build:Building CMake package in '/home/amejiyo/yolobot/src/interfaces'
[0.327s] INFO:colcon.colcon_core.plugin_system:Skipping extension 'colcon_core.shell.bat': Not used on non-Windows systems
[0.327s] INFO:colcon.colcon_core.shell:Skip shell extension 'powershell' for command environment: Not usable outside of PowerShell
[0.327s] DEBUG:colcon.colcon_core.shell:Skip shell extension 'dsv' for command environment
[0.335s] INFO:colcon.colcon_ros.task.ament_cmake.build:Building ROS package in '/home/amejiyo/yolobot/src/yolobot_control' with build type 'ament_cmake'
[0.336s] INFO:colcon.colcon_cmake.task.cmake.build:Building CMake package in '/home/amejiyo/yolobot/src/yolobot_control'
[0.337s] INFO:colcon.colcon_core.shell:Skip shell extension 'powershell' for command environment: Not usable outside of PowerShell
[0.337s] DEBUG:colcon.colcon_core.shell:Skip shell extension 'dsv' for command environment
[0.344s] INFO:colcon.colcon_ros.task.ament_cmake.build:Building ROS package in '/home/amejiyo/yolobot/src/yolobot_description' with build type 'ament_cmake'
[0.345s] INFO:colcon.colcon_cmake.task.cmake.build:Building CMake package in '/home/amejiyo/yolobot/src/yolobot_description'
[0.346s] INFO:colcon.colcon_core.shell:Skip shell extension 'powershell' for command environment: Not usable outside of PowerShell
[0.346s] DEBUG:colcon.colcon_core.shell:Skip shell extension 'dsv' for command environment
[0.353s] INFO:colcon.colcon_ros.task.ament_cmake.build:Building ROS package in '/home/amejiyo/yolobot/src/yolobot_gazebo' with build type 'ament_cmake'
[0.354s] INFO:colcon.colcon_cmake.task.cmake.build:Building CMake package in '/home/amejiyo/yolobot/src/yolobot_gazebo'
[0.354s] INFO:colcon.colcon_core.shell:Skip shell extension 'powershell' for command environment: Not usable outside of PowerShell
[0.355s] DEBUG:colcon.colcon_core.shell:Skip shell extension 'dsv' for command environment
[0.361s] INFO:colcon.colcon_ros.task.ament_cmake.build:Building ROS package in '/home/amejiyo/yolobot/src/yolobot_recognition' with build type 'ament_cmake'
[0.361s] INFO:colcon.colcon_cmake.task.cmake.build:Building CMake package in '/home/amejiyo/yolobot/src/yolobot_recognition'
[0.362s] INFO:colcon.colcon_core.shell:Skip shell extension 'powershell' for command environment: Not usable outside of PowerShell
[0.362s] DEBUG:colcon.colcon_core.shell:Skip shell extension 'dsv' for command environment
[0.378s] DEBUG:colcon.colcon_core.event_handler.log_command:Invoking command in '/home/amejiyo/yolobot/build/interfaces': CMAKE_PREFIX_PATH=${CMAKE_PREFIX_PATH}:/home/amejiyo/ros2_ws/install/py_pubsub:/home/amejiyo/ros2_ws/install/opencv_tests:/home/amejiyo/ros2_ws/install/detection:/opt/ros/foxy /usr/bin/cmake --build /home/amejiyo/yolobot/build/interfaces -- -j16 -l16
[0.388s] DEBUG:colcon.colcon_core.event_handler.log_command:Invoking command in '/home/amejiyo/yolobot/build/yolobot_control': CMAKE_PREFIX_PATH=${CMAKE_PREFIX_PATH}:/home/amejiyo/ros2_ws/install/py_pubsub:/home/amejiyo/ros2_ws/install/opencv_tests:/home/amejiyo/ros2_ws/install/detection:/opt/ros/foxy /usr/bin/cmake --build /home/amejiyo/yolobot/build/yolobot_control -- -j16 -l16
[0.393s] DEBUG:colcon.colcon_core.event_handler.log_command:Invoking command in '/home/amejiyo/yolobot/build/yolobot_description': CMAKE_PREFIX_PATH=${CMAKE_PREFIX_PATH}:/home/amejiyo/ros2_ws/install/py_pubsub:/home/amejiyo/ros2_ws/install/opencv_tests:/home/amejiyo/ros2_ws/install/detection:/opt/ros/foxy /usr/bin/cmake --build /home/amejiyo/yolobot/build/yolobot_description -- -j16 -l16
[0.397s] DEBUG:colcon.colcon_core.event_handler.log_command:Invoking command in '/home/amejiyo/yolobot/build/yolobot_gazebo': CMAKE_PREFIX_PATH=${CMAKE_PREFIX_PATH}:/home/amejiyo/ros2_ws/install/py_pubsub:/home/amejiyo/ros2_ws/install/opencv_tests:/home/amejiyo/ros2_ws/install/detection:/opt/ros/foxy /usr/bin/cmake --build /home/amejiyo/yolobot/build/yolobot_gazebo -- -j16 -l16
[0.404s] DEBUG:colcon.colcon_core.event_handler.log_command:Invoking command in '/home/amejiyo/yolobot/build/yolobot_recognition': CMAKE_PREFIX_PATH=${CMAKE_PREFIX_PATH}:/home/amejiyo/ros2_ws/install/py_pubsub:/home/amejiyo/ros2_ws/install/opencv_tests:/home/amejiyo/ros2_ws/install/detection:/opt/ros/foxy /usr/bin/cmake --build /home/amejiyo/yolobot/build/yolobot_recognition -- -j16 -l16
[0.427s] DEBUG:colcon.colcon_core.event_handler.log_command:Invoked command in '/home/amejiyo/yolobot/build/yolobot_control' returned '0': CMAKE_PREFIX_PATH=${CMAKE_PREFIX_PATH}:/home/amejiyo/ros2_ws/install/py_pubsub:/home/amejiyo/ros2_ws/install/opencv_tests:/home/amejiyo/ros2_ws/install/detection:/opt/ros/foxy /usr/bin/cmake --build /home/amejiyo/yolobot/build/yolobot_control -- -j16 -l16
[0.434s] DEBUG:colcon.colcon_core.event_handler.log_command:Invoked command in '/home/amejiyo/yolobot/build/yolobot_description' returned '0': CMAKE_PREFIX_PATH=${CMAKE_PREFIX_PATH}:/home/amejiyo/ros2_ws/install/py_pubsub:/home/amejiyo/ros2_ws/install/opencv_tests:/home/amejiyo/ros2_ws/install/detection:/opt/ros/foxy /usr/bin/cmake --build /home/amejiyo/yolobot/build/yolobot_description -- -j16 -l16
[0.440s] DEBUG:colcon.colcon_core.event_handler.log_command:Invoked command in '/home/amejiyo/yolobot/build/yolobot_gazebo' returned '0': CMAKE_PREFIX_PATH=${CMAKE_PREFIX_PATH}:/home/amejiyo/ros2_ws/install/py_pubsub:/home/amejiyo/ros2_ws/install/opencv_tests:/home/amejiyo/ros2_ws/install/detection:/opt/ros/foxy /usr/bin/cmake --build /home/amejiyo/yolobot/build/yolobot_gazebo -- -j16 -l16
[0.473s] DEBUG:colcon.colcon_core.event_handler.log_command:Invoking command in '/home/amejiyo/yolobot/build/yolobot_control': CMAKE_PREFIX_PATH=${CMAKE_PREFIX_PATH}:/home/amejiyo/ros2_ws/install/py_pubsub:/home/amejiyo/ros2_ws/install/opencv_tests:/home/amejiyo/ros2_ws/install/detection:/opt/ros/foxy /usr/bin/cmake --install /home/amejiyo/yolobot/build/yolobot_control
[0.477s] DEBUG:colcon.colcon_core.event_handler.log_command:Invoking command in '/home/amejiyo/yolobot/build/yolobot_description': CMAKE_PREFIX_PATH=${CMAKE_PREFIX_PATH}:/home/amejiyo/ros2_ws/install/py_pubsub:/home/amejiyo/ros2_ws/install/opencv_tests:/home/amejiyo/ros2_ws/install/detection:/opt/ros/foxy /usr/bin/cmake --install /home/amejiyo/yolobot/build/yolobot_description
[0.481s] DEBUG:colcon.colcon_core.event_handler.log_command:Invoking command in '/home/amejiyo/yolobot/build/yolobot_gazebo': CMAKE_PREFIX_PATH=${CMAKE_PREFIX_PATH}:/home/amejiyo/ros2_ws/install/py_pubsub:/home/amejiyo/ros2_ws/install/opencv_tests:/home/amejiyo/ros2_ws/install/detection:/opt/ros/foxy /usr/bin/cmake --install /home/amejiyo/yolobot/build/yolobot_gazebo
[0.486s] Level 1:colcon.colcon_core.environment:create_environment_scripts_only(yolobot_control)
[0.490s] DEBUG:colcon.colcon_core.event_handler.log_command:Invoked command in '/home/amejiyo/yolobot/build/yolobot_control' returned '0': CMAKE_PREFIX_PATH=${CMAKE_PREFIX_PATH}:/home/amejiyo/ros2_ws/install/py_pubsub:/home/amejiyo/ros2_ws/install/opencv_tests:/home/amejiyo/ros2_ws/install/detection:/opt/ros/foxy /usr/bin/cmake --install /home/amejiyo/yolobot/build/yolobot_control
[0.496s] Level 1:colcon.colcon_core.environment:checking '/home/amejiyo/yolobot/install/yolobot_control' for CMake module files
[0.497s] Level 1:colcon.colcon_core.environment:checking '/home/amejiyo/yolobot/install/yolobot_control' for CMake config files
[0.497s] Level 1:colcon.colcon_core.shell:create_environment_hook('yolobot_control', 'cmake_prefix_path')
[0.498s] INFO:colcon.colcon_core.shell:Creating environment hook '/home/amejiyo/yolobot/install/yolobot_control/share/yolobot_control/hook/cmake_prefix_path.ps1'
[0.499s] INFO:colcon.colcon_core.shell:Creating environment descriptor '/home/amejiyo/yolobot/install/yolobot_control/share/yolobot_control/hook/cmake_prefix_path.dsv'
[0.500s] INFO:colcon.colcon_core.shell:Creating environment hook '/home/amejiyo/yolobot/install/yolobot_control/share/yolobot_control/hook/cmake_prefix_path.sh'
[0.501s] Level 1:colcon.colcon_core.environment:checking '/home/amejiyo/yolobot/install/yolobot_control/lib'
[0.501s] Level 1:colcon.colcon_core.environment:checking '/home/amejiyo/yolobot/install/yolobot_control/bin'
[0.501s] Level 1:colcon.colcon_core.environment:checking '/home/amejiyo/yolobot/install/yolobot_control/lib/pkgconfig/yolobot_control.pc'
[0.501s] Level 1:colcon.colcon_core.environment:checking '/home/amejiyo/yolobot/install/yolobot_control/lib/python3.8/site-packages'
[0.502s] INFO:colcon.colcon_core.shell:Creating package script '/home/amejiyo/yolobot/install/yolobot_control/share/yolobot_control/package.ps1'
[0.502s] INFO:colcon.colcon_core.shell:Creating package descriptor '/home/amejiyo/yolobot/install/yolobot_control/share/yolobot_control/package.dsv'
[0.503s] INFO:colcon.colcon_core.shell:Creating package script '/home/amejiyo/yolobot/install/yolobot_control/share/yolobot_control/package.sh'
[0.504s] INFO:colcon.colcon_core.shell:Creating package script '/home/amejiyo/yolobot/install/yolobot_control/share/yolobot_control/package.bash'
[0.504s] INFO:colcon.colcon_core.shell:Creating package script '/home/amejiyo/yolobot/install/yolobot_control/share/yolobot_control/package.zsh'
[0.505s] Level 1:colcon.colcon_core.environment:create_file_with_runtime_dependencies(/home/amejiyo/yolobot/install/yolobot_control/share/colcon-core/packages/yolobot_control)
[0.509s] Level 1:colcon.colcon_core.environment:create_environment_scripts_only(yolobot_gazebo)
[0.511s] Level 1:colcon.colcon_core.environment:checking '/home/amejiyo/yolobot/install/yolobot_gazebo' for CMake module files
[0.511s] DEBUG:colcon.colcon_core.event_handler.log_command:Invoked command in '/home/amejiyo/yolobot/build/yolobot_gazebo' returned '0': CMAKE_PREFIX_PATH=${CMAKE_PREFIX_PATH}:/home/amejiyo/ros2_ws/install/py_pubsub:/home/amejiyo/ros2_ws/install/opencv_tests:/home/amejiyo/ros2_ws/install/detection:/opt/ros/foxy /usr/bin/cmake --install /home/amejiyo/yolobot/build/yolobot_gazebo
[0.512s] Level 1:colcon.colcon_core.environment:checking '/home/amejiyo/yolobot/install/yolobot_gazebo' for CMake config files
[0.512s] Level 1:colcon.colcon_core.shell:create_environment_hook('yolobot_gazebo', 'cmake_prefix_path')
[0.513s] INFO:colcon.colcon_core.shell:Creating environment hook '/home/amejiyo/yolobot/install/yolobot_gazebo/share/yolobot_gazebo/hook/cmake_prefix_path.ps1'
[0.513s] INFO:colcon.colcon_core.shell:Creating environment descriptor '/home/amejiyo/yolobot/install/yolobot_gazebo/share/yolobot_gazebo/hook/cmake_prefix_path.dsv'
[0.513s] INFO:colcon.colcon_core.shell:Creating environment hook '/home/amejiyo/yolobot/install/yolobot_gazebo/share/yolobot_gazebo/hook/cmake_prefix_path.sh'
[0.514s] Level 1:colcon.colcon_core.environment:checking '/home/amejiyo/yolobot/install/yolobot_gazebo/bin'
[0.514s] Level 1:colcon.colcon_core.environment:checking '/home/amejiyo/yolobot/install/yolobot_gazebo/lib/pkgconfig/yolobot_gazebo.pc'
[0.514s] Level 1:colcon.colcon_core.environment:checking '/home/amejiyo/yolobot/install/yolobot_gazebo/lib/python3.8/site-packages'
[0.515s] INFO:colcon.colcon_core.shell:Creating package script '/home/amejiyo/yolobot/install/yolobot_gazebo/share/yolobot_gazebo/package.ps1'
[0.516s] INFO:colcon.colcon_core.shell:Creating package descriptor '/home/amejiyo/yolobot/install/yolobot_gazebo/share/yolobot_gazebo/package.dsv'
[0.516s] INFO:colcon.colcon_core.shell:Creating package script '/home/amejiyo/yolobot/install/yolobot_gazebo/share/yolobot_gazebo/package.sh'
[0.516s] INFO:colcon.colcon_core.shell:Creating package script '/home/amejiyo/yolobot/install/yolobot_gazebo/share/yolobot_gazebo/package.bash'
[0.517s] INFO:colcon.colcon_core.shell:Creating package script '/home/amejiyo/yolobot/install/yolobot_gazebo/share/yolobot_gazebo/package.zsh'
[0.517s] Level 1:colcon.colcon_core.environment:create_file_with_runtime_dependencies(/home/amejiyo/yolobot/install/yolobot_gazebo/share/colcon-core/packages/yolobot_gazebo)
[0.520s] Level 1:colcon.colcon_core.environment:create_environment_scripts_only(yolobot_description)
[0.522s] Level 1:colcon.colcon_core.environment:checking '/home/amejiyo/yolobot/install/yolobot_description' for CMake module files
[0.523s] DEBUG:colcon.colcon_core.event_handler.log_command:Invoked command in '/home/amejiyo/yolobot/build/yolobot_description' returned '0': CMAKE_PREFIX_PATH=${CMAKE_PREFIX_PATH}:/home/amejiyo/ros2_ws/install/py_pubsub:/home/amejiyo/ros2_ws/install/opencv_tests:/home/amejiyo/ros2_ws/install/detection:/opt/ros/foxy /usr/bin/cmake --install /home/amejiyo/yolobot/build/yolobot_description
[0.524s] Level 1:colcon.colcon_core.environment:checking '/home/amejiyo/yolobot/install/yolobot_description' for CMake config files
[0.525s] Level 1:colcon.colcon_core.shell:create_environment_hook('yolobot_description', 'cmake_prefix_path')
[0.525s] INFO:colcon.colcon_core.shell:Creating environment hook '/home/amejiyo/yolobot/install/yolobot_description/share/yolobot_description/hook/cmake_prefix_path.ps1'
[0.526s] INFO:colcon.colcon_core.shell:Creating environment descriptor '/home/amejiyo/yolobot/install/yolobot_description/share/yolobot_description/hook/cmake_prefix_path.dsv'
[0.527s] INFO:colcon.colcon_core.shell:Creating environment hook '/home/amejiyo/yolobot/install/yolobot_description/share/yolobot_description/hook/cmake_prefix_path.sh'
[0.528s] Level 1:colcon.colcon_core.environment:checking '/home/amejiyo/yolobot/install/yolobot_description/lib'
[0.528s] Level 1:colcon.colcon_core.environment:checking '/home/amejiyo/yolobot/install/yolobot_description/bin'
[0.528s] Level 1:colcon.colcon_core.environment:checking '/home/amejiyo/yolobot/install/yolobot_description/lib/pkgconfig/yolobot_description.pc'
[0.528s] Level 1:colcon.colcon_core.environment:checking '/home/amejiyo/yolobot/install/yolobot_description/lib/python3.8/site-packages'
[0.529s] INFO:colcon.colcon_core.shell:Creating package script '/home/amejiyo/yolobot/install/yolobot_description/share/yolobot_description/package.ps1'
[0.530s] INFO:colcon.colcon_core.shell:Creating package descriptor '/home/amejiyo/yolobot/install/yolobot_description/share/yolobot_description/package.dsv'
[0.530s] INFO:colcon.colcon_core.shell:Creating package script '/home/amejiyo/yolobot/install/yolobot_description/share/yolobot_description/package.sh'
[0.530s] INFO:colcon.colcon_core.shell:Creating package script '/home/amejiyo/yolobot/install/yolobot_description/share/yolobot_description/package.bash'
[0.531s] INFO:colcon.colcon_core.shell:Creating package script '/home/amejiyo/yolobot/install/yolobot_description/share/yolobot_description/package.zsh'
[0.531s] Level 1:colcon.colcon_core.environment:create_file_with_runtime_dependencies(/home/amejiyo/yolobot/install/yolobot_description/share/colcon-core/packages/yolobot_description)
[0.536s] Level 1:colcon.colcon_core.environment:create_environment_scripts_only(yolobot_control)
[0.537s] Level 1:colcon.colcon_core.environment:checking '/home/amejiyo/yolobot/install/yolobot_control' for CMake module files
[0.537s] Level 1:colcon.colcon_core.environment:checking '/home/amejiyo/yolobot/install/yolobot_control' for CMake config files
[0.538s] Level 1:colcon.colcon_core.shell:create_environment_hook('yolobot_control', 'cmake_prefix_path')
[0.538s] INFO:colcon.colcon_core.shell:Creating environment hook '/home/amejiyo/yolobot/install/yolobot_control/share/yolobot_control/hook/cmake_prefix_path.ps1'
[0.539s] INFO:colcon.colcon_core.shell:Creating environment descriptor '/home/amejiyo/yolobot/install/yolobot_control/share/yolobot_control/hook/cmake_prefix_path.dsv'
[0.540s] INFO:colcon.colcon_core.shell:Creating environment hook '/home/amejiyo/yolobot/install/yolobot_control/share/yolobot_control/hook/cmake_prefix_path.sh'
[0.540s] Level 1:colcon.colcon_core.environment:checking '/home/amejiyo/yolobot/install/yolobot_control/lib'
[0.540s] Level 1:colcon.colcon_core.environment:checking '/home/amejiyo/yolobot/install/yolobot_control/bin'
[0.540s] Level 1:colcon.colcon_core.environment:checking '/home/amejiyo/yolobot/install/yolobot_control/lib/pkgconfig/yolobot_control.pc'
[0.541s] Level 1:colcon.colcon_core.environment:checking '/home/amejiyo/yolobot/install/yolobot_control/lib/python3.8/site-packages'
[0.541s] INFO:colcon.colcon_core.shell:Creating package script '/home/amejiyo/yolobot/install/yolobot_control/share/yolobot_control/package.ps1'
[0.542s] INFO:colcon.colcon_core.shell:Creating package descriptor '/home/amejiyo/yolobot/install/yolobot_control/share/yolobot_control/package.dsv'
[0.542s] INFO:colcon.colcon_core.shell:Creating package script '/home/amejiyo/yolobot/install/yolobot_control/share/yolobot_control/package.sh'
[0.543s] INFO:colcon.colcon_core.shell:Creating package script '/home/amejiyo/yolobot/install/yolobot_control/share/yolobot_control/package.bash'
[0.543s] INFO:colcon.colcon_core.shell:Creating package script '/home/amejiyo/yolobot/install/yolobot_control/share/yolobot_control/package.zsh'
[0.544s] Level 1:colcon.colcon_core.environment:create_file_with_runtime_dependencies(/home/amejiyo/yolobot/install/yolobot_control/share/colcon-core/packages/yolobot_control)
[0.545s] Level 1:colcon.colcon_core.environment:create_environment_scripts_only(yolobot_gazebo)
[0.546s] Level 1:colcon.colcon_core.environment:checking '/home/amejiyo/yolobot/install/yolobot_gazebo' for CMake module files
[0.546s] Level 1:colcon.colcon_core.environment:checking '/home/amejiyo/yolobot/install/yolobot_gazebo' for CMake config files
[0.547s] Level 1:colcon.colcon_core.shell:create_environment_hook('yolobot_gazebo', 'cmake_prefix_path')
[0.548s] INFO:colcon.colcon_core.shell:Creating environment hook '/home/amejiyo/yolobot/install/yolobot_gazebo/share/yolobot_gazebo/hook/cmake_prefix_path.ps1'
[0.548s] INFO:colcon.colcon_core.shell:Creating environment descriptor '/home/amejiyo/yolobot/install/yolobot_gazebo/share/yolobot_gazebo/hook/cmake_prefix_path.dsv'
[0.548s] INFO:colcon.colcon_core.shell:Creating environment hook '/home/amejiyo/yolobot/install/yolobot_gazebo/share/yolobot_gazebo/hook/cmake_prefix_path.sh'
[0.549s] Level 1:colcon.colcon_core.environment:checking '/home/amejiyo/yolobot/install/yolobot_gazebo/bin'
[0.549s] Level 1:colcon.colcon_core.environment:checking '/home/amejiyo/yolobot/install/yolobot_gazebo/lib/pkgconfig/yolobot_gazebo.pc'
[0.549s] Level 1:colcon.colcon_core.environment:checking '/home/amejiyo/yolobot/install/yolobot_gazebo/lib/python3.8/site-packages'
[0.550s] INFO:colcon.colcon_core.shell:Creating package script '/home/amejiyo/yolobot/install/yolobot_gazebo/share/yolobot_gazebo/package.ps1'
[0.550s] INFO:colcon.colcon_core.shell:Creating package descriptor '/home/amejiyo/yolobot/install/yolobot_gazebo/share/yolobot_gazebo/package.dsv'
[0.550s] INFO:colcon.colcon_core.shell:Creating package script '/home/amejiyo/yolobot/install/yolobot_gazebo/share/yolobot_gazebo/package.sh'
[0.551s] INFO:colcon.colcon_core.shell:Creating package script '/home/amejiyo/yolobot/install/yolobot_gazebo/share/yolobot_gazebo/package.bash'
[0.552s] INFO:colcon.colcon_core.shell:Creating package script '/home/amejiyo/yolobot/install/yolobot_gazebo/share/yolobot_gazebo/package.zsh'
[0.552s] Level 1:colcon.colcon_core.environment:create_file_with_runtime_dependencies(/home/amejiyo/yolobot/install/yolobot_gazebo/share/colcon-core/packages/yolobot_gazebo)
[0.554s] Level 1:colcon.colcon_core.environment:create_environment_scripts_only(yolobot_description)
[0.555s] Level 1:colcon.colcon_core.environment:checking '/home/amejiyo/yolobot/install/yolobot_description' for CMake module files
[0.555s] Level 1:colcon.colcon_core.environment:checking '/home/amejiyo/yolobot/install/yolobot_description' for CMake config files
[0.555s] Level 1:colcon.colcon_core.shell:create_environment_hook('yolobot_description', 'cmake_prefix_path')
[0.556s] INFO:colcon.colcon_core.shell:Creating environment hook '/home/amejiyo/yolobot/install/yolobot_description/share/yolobot_description/hook/cmake_prefix_path.ps1'
[0.556s] INFO:colcon.colcon_core.shell:Creating environment descriptor '/home/amejiyo/yolobot/install/yolobot_description/share/yolobot_description/hook/cmake_prefix_path.dsv'
[0.556s] INFO:colcon.colcon_core.shell:Creating environment hook '/home/amejiyo/yolobot/install/yolobot_description/share/yolobot_description/hook/cmake_prefix_path.sh'
[0.557s] Level 1:colcon.colcon_core.environment:checking '/home/amejiyo/yolobot/install/yolobot_description/lib'
[0.557s] Level 1:colcon.colcon_core.environment:checking '/home/amejiyo/yolobot/install/yolobot_description/bin'
[0.557s] Level 1:colcon.colcon_core.environment:checking '/home/amejiyo/yolobot/install/yolobot_description/lib/pkgconfig/yolobot_description.pc'
[0.557s] Level 1:colcon.colcon_core.environment:checking '/home/amejiyo/yolobot/install/yolobot_description/lib/python3.8/site-packages'
[0.557s] INFO:colcon.colcon_core.shell:Creating package script '/home/amejiyo/yolobot/install/yolobot_description/share/yolobot_description/package.ps1'
[0.558s] INFO:colcon.colcon_core.shell:Creating package descriptor '/home/amejiyo/yolobot/install/yolobot_description/share/yolobot_description/package.dsv'
[0.558s] INFO:colcon.colcon_core.shell:Creating package script '/home/amejiyo/yolobot/install/yolobot_description/share/yolobot_description/package.sh'
[0.558s] INFO:colcon.colcon_core.shell:Creating package script '/home/amejiyo/yolobot/install/yolobot_description/share/yolobot_description/package.bash'
[0.559s] INFO:colcon.colcon_core.shell:Creating package script '/home/amejiyo/yolobot/install/yolobot_description/share/yolobot_description/package.zsh'
[0.559s] Level 1:colcon.colcon_core.environment:create_file_with_runtime_dependencies(/home/amejiyo/yolobot/install/yolobot_description/share/colcon-core/packages/yolobot_description)
[0.618s] DEBUG:colcon.colcon_core.event_handler.log_command:Invoked command in '/home/amejiyo/yolobot/build/interfaces' returned '0': CMAKE_PREFIX_PATH=${CMAKE_PREFIX_PATH}:/home/amejiyo/ros2_ws/install/py_pubsub:/home/amejiyo/ros2_ws/install/opencv_tests:/home/amejiyo/ros2_ws/install/detection:/opt/ros/foxy /usr/bin/cmake --build /home/amejiyo/yolobot/build/interfaces -- -j16 -l16
[0.686s] DEBUG:colcon.colcon_core.event_handler.log_command:Invoking command in '/home/amejiyo/yolobot/build/interfaces': CMAKE_PREFIX_PATH=${CMAKE_PREFIX_PATH}:/home/amejiyo/ros2_ws/install/py_pubsub:/home/amejiyo/ros2_ws/install/opencv_tests:/home/amejiyo/ros2_ws/install/detection:/opt/ros/foxy /usr/bin/cmake --install /home/amejiyo/yolobot/build/interfaces
[0.752s] Level 1:colcon.colcon_core.environment:create_environment_scripts_only(interfaces)
[0.754s] Level 1:colcon.colcon_core.environment:checking '/home/amejiyo/yolobot/install/interfaces' for CMake module files
[0.754s] DEBUG:colcon.colcon_core.event_handler.log_command:Invoked command in '/home/amejiyo/yolobot/build/interfaces' returned '0': CMAKE_PREFIX_PATH=${CMAKE_PREFIX_PATH}:/home/amejiyo/ros2_ws/install/py_pubsub:/home/amejiyo/ros2_ws/install/opencv_tests:/home/amejiyo/ros2_ws/install/detection:/opt/ros/foxy /usr/bin/cmake --install /home/amejiyo/yolobot/build/interfaces
[0.755s] Level 1:colcon.colcon_core.environment:checking '/home/amejiyo/yolobot/install/interfaces' for CMake config files
[0.755s] Level 1:colcon.colcon_core.shell:create_environment_hook('interfaces', 'cmake_prefix_path')
[0.756s] INFO:colcon.colcon_core.shell:Creating environment hook '/home/amejiyo/yolobot/install/interfaces/share/interfaces/hook/cmake_prefix_path.ps1'
[0.756s] INFO:colcon.colcon_core.shell:Creating environment descriptor '/home/amejiyo/yolobot/install/interfaces/share/interfaces/hook/cmake_prefix_path.dsv'
[0.756s] INFO:colcon.colcon_core.shell:Creating environment hook '/home/amejiyo/yolobot/install/interfaces/share/interfaces/hook/cmake_prefix_path.sh'
[0.757s] Level 1:colcon.colcon_core.environment:checking '/home/amejiyo/yolobot/install/interfaces/lib'
[0.757s] Level 1:colcon.colcon_core.shell:create_environment_hook('interfaces', 'ld_library_path_lib')
[0.757s] INFO:colcon.colcon_core.shell:Creating environment hook '/home/amejiyo/yolobot/install/interfaces/share/interfaces/hook/ld_library_path_lib.ps1'
[0.758s] INFO:colcon.colcon_core.shell:Creating environment descriptor '/home/amejiyo/yolobot/install/interfaces/share/interfaces/hook/ld_library_path_lib.dsv'
[0.758s] INFO:colcon.colcon_core.shell:Creating environment hook '/home/amejiyo/yolobot/install/interfaces/share/interfaces/hook/ld_library_path_lib.sh'
[0.758s] Level 1:colcon.colcon_core.environment:checking '/home/amejiyo/yolobot/install/interfaces/bin'
[0.758s] Level 1:colcon.colcon_core.environment:checking '/home/amejiyo/yolobot/install/interfaces/lib/pkgconfig/interfaces.pc'
[0.759s] Level 1:colcon.colcon_core.environment:checking '/home/amejiyo/yolobot/install/interfaces/lib/python3.8/site-packages'
[0.759s] Level 1:colcon.colcon_core.shell:create_environment_hook('interfaces', 'pythonpath')
[0.760s] INFO:colcon.colcon_core.shell:Creating environment hook '/home/amejiyo/yolobot/install/interfaces/share/interfaces/hook/pythonpath.ps1'
[0.760s] INFO:colcon.colcon_core.shell:Creating environment descriptor '/home/amejiyo/yolobot/install/interfaces/share/interfaces/hook/pythonpath.dsv'
[0.761s] INFO:colcon.colcon_core.shell:Creating environment hook '/home/amejiyo/yolobot/install/interfaces/share/interfaces/hook/pythonpath.sh'
[0.762s] INFO:colcon.colcon_core.shell:Creating package script '/home/amejiyo/yolobot/install/interfaces/share/interfaces/package.ps1'
[0.763s] INFO:colcon.colcon_core.shell:Creating package descriptor '/home/amejiyo/yolobot/install/interfaces/share/interfaces/package.dsv'
[0.764s] INFO:colcon.colcon_core.shell:Creating package script '/home/amejiyo/yolobot/install/interfaces/share/interfaces/package.sh'
[0.764s] INFO:colcon.colcon_core.shell:Creating package script '/home/amejiyo/yolobot/install/interfaces/share/interfaces/package.bash'
[0.764s] INFO:colcon.colcon_core.shell:Creating package script '/home/amejiyo/yolobot/install/interfaces/share/interfaces/package.zsh'
[0.765s] Level 1:colcon.colcon_core.environment:create_file_with_runtime_dependencies(/home/amejiyo/yolobot/install/interfaces/share/colcon-core/packages/interfaces)
[0.826s] Level 1:colcon.colcon_core.environment:create_environment_scripts_only(interfaces)
[0.827s] Level 1:colcon.colcon_core.environment:checking '/home/amejiyo/yolobot/install/interfaces' for CMake module files
[0.828s] Level 1:colcon.colcon_core.environment:checking '/home/amejiyo/yolobot/install/interfaces' for CMake config files
[0.828s] Level 1:colcon.colcon_core.shell:create_environment_hook('interfaces', 'cmake_prefix_path')
[0.829s] INFO:colcon.colcon_core.shell:Creating environment hook '/home/amejiyo/yolobot/install/interfaces/share/interfaces/hook/cmake_prefix_path.ps1'
[0.829s] INFO:colcon.colcon_core.shell:Creating environment descriptor '/home/amejiyo/yolobot/install/interfaces/share/interfaces/hook/cmake_prefix_path.dsv'
[0.830s] INFO:colcon.colcon_core.shell:Creating environment hook '/home/amejiyo/yolobot/install/interfaces/share/interfaces/hook/cmake_prefix_path.sh'
[0.830s] Level 1:colcon.colcon_core.environment:checking '/home/amejiyo/yolobot/install/interfaces/lib'
[0.830s] Level 1:colcon.colcon_core.shell:create_environment_hook('interfaces', 'ld_library_path_lib')
[0.831s] INFO:colcon.colcon_core.shell:Creating environment hook '/home/amejiyo/yolobot/install/interfaces/share/interfaces/hook/ld_library_path_lib.ps1'
[0.831s] INFO:colcon.colcon_core.shell:Creating environment descriptor '/home/amejiyo/yolobot/install/interfaces/share/interfaces/hook/ld_library_path_lib.dsv'
[0.832s] INFO:colcon.colcon_core.shell:Creating environment hook '/home/amejiyo/yolobot/install/interfaces/share/interfaces/hook/ld_library_path_lib.sh'
[0.832s] Level 1:colcon.colcon_core.environment:checking '/home/amejiyo/yolobot/install/interfaces/bin'
[0.832s] Level 1:colcon.colcon_core.environment:checking '/home/amejiyo/yolobot/install/interfaces/lib/pkgconfig/interfaces.pc'
[0.832s] Level 1:colcon.colcon_core.environment:checking '/home/amejiyo/yolobot/install/interfaces/lib/python3.8/site-packages'
[0.832s] Level 1:colcon.colcon_core.shell:create_environment_hook('interfaces', 'pythonpath')
[0.833s] INFO:colcon.colcon_core.shell:Creating environment hook '/home/amejiyo/yolobot/install/interfaces/share/interfaces/hook/pythonpath.ps1'
[0.834s] INFO:colcon.colcon_core.shell:Creating environment descriptor '/home/amejiyo/yolobot/install/interfaces/share/interfaces/hook/pythonpath.dsv'
[0.834s] INFO:colcon.colcon_core.shell:Creating environment hook '/home/amejiyo/yolobot/install/interfaces/share/interfaces/hook/pythonpath.sh'
[0.835s] INFO:colcon.colcon_core.shell:Creating package script '/home/amejiyo/yolobot/install/interfaces/share/interfaces/package.ps1'
[0.836s] INFO:colcon.colcon_core.shell:Creating package descriptor '/home/amejiyo/yolobot/install/interfaces/share/interfaces/package.dsv'
[0.836s] INFO:colcon.colcon_core.shell:Creating package script '/home/amejiyo/yolobot/install/interfaces/share/interfaces/package.sh'
[0.837s] INFO:colcon.colcon_core.shell:Creating package script '/home/amejiyo/yolobot/install/interfaces/share/interfaces/package.bash'
[0.837s] INFO:colcon.colcon_core.shell:Creating package script '/home/amejiyo/yolobot/install/interfaces/share/interfaces/package.zsh'
[0.838s] Level 1:colcon.colcon_core.environment:create_file_with_runtime_dependencies(/home/amejiyo/yolobot/install/interfaces/share/colcon-core/packages/interfaces)
[1.138s] DEBUG:colcon.colcon_core.event_handler.log_command:Invoked command in '/home/amejiyo/yolobot/build/yolobot_recognition' returned '2': CMAKE_PREFIX_PATH=${CMAKE_PREFIX_PATH}:/home/amejiyo/ros2_ws/install/py_pubsub:/home/amejiyo/ros2_ws/install/opencv_tests:/home/amejiyo/ros2_ws/install/detection:/opt/ros/foxy /usr/bin/cmake --build /home/amejiyo/yolobot/build/yolobot_recognition -- -j16 -l16
[1.165s] Level 1:colcon.colcon_core.environment:create_environment_scripts_only(yolobot_recognition)
[1.166s] Level 1:colcon.colcon_core.environment:checking '/home/amejiyo/yolobot/install/yolobot_recognition' for CMake module files
[1.166s] Level 1:colcon.colcon_core.environment:checking '/home/amejiyo/yolobot/install/yolobot_recognition' for CMake config files
[1.167s] Level 1:colcon.colcon_core.shell:create_environment_hook('yolobot_recognition', 'cmake_prefix_path')
[1.168s] INFO:colcon.colcon_core.shell:Creating environment hook '/home/amejiyo/yolobot/install/yolobot_recognition/share/yolobot_recognition/hook/cmake_prefix_path.ps1'
[1.168s] INFO:colcon.colcon_core.shell:Creating environment descriptor '/home/amejiyo/yolobot/install/yolobot_recognition/share/yolobot_recognition/hook/cmake_prefix_path.dsv'
[1.168s] INFO:colcon.colcon_core.shell:Creating environment hook '/home/amejiyo/yolobot/install/yolobot_recognition/share/yolobot_recognition/hook/cmake_prefix_path.sh'
[1.169s] Level 1:colcon.colcon_core.environment:checking '/home/amejiyo/yolobot/install/yolobot_recognition/lib'
[1.169s] Level 1:colcon.colcon_core.environment:checking '/home/amejiyo/yolobot/install/yolobot_recognition/bin'
[1.169s] Level 1:colcon.colcon_core.environment:checking '/home/amejiyo/yolobot/install/yolobot_recognition/lib/pkgconfig/yolobot_recognition.pc'
[1.169s] Level 1:colcon.colcon_core.environment:checking '/home/amejiyo/yolobot/install/yolobot_recognition/lib/python3.8/site-packages'
[1.170s] INFO:colcon.colcon_core.shell:Creating package script '/home/amejiyo/yolobot/install/yolobot_recognition/share/yolobot_recognition/package.ps1'
[1.170s] INFO:colcon.colcon_core.shell:Creating package descriptor '/home/amejiyo/yolobot/install/yolobot_recognition/share/yolobot_recognition/package.dsv'
[1.170s] INFO:colcon.colcon_core.shell:Creating package script '/home/amejiyo/yolobot/install/yolobot_recognition/share/yolobot_recognition/package.sh'
[1.171s] INFO:colcon.colcon_core.shell:Creating package script '/home/amejiyo/yolobot/install/yolobot_recognition/share/yolobot_recognition/package.bash'
[1.171s] INFO:colcon.colcon_core.shell:Creating package script '/home/amejiyo/yolobot/install/yolobot_recognition/share/yolobot_recognition/package.zsh'
[1.172s] Level 1:colcon.colcon_core.environment:create_file_with_runtime_dependencies(/home/amejiyo/yolobot/install/yolobot_recognition/share/colcon-core/packages/yolobot_recognition)
[1.182s] DEBUG:colcon.colcon_parallel_executor.executor.parallel:closing loop
[1.182s] DEBUG:colcon.colcon_parallel_executor.executor.parallel:loop closed
[1.183s] DEBUG:colcon.colcon_parallel_executor.executor.parallel:run_until_complete finished with '2'
[1.183s] DEBUG:colcon.colcon_core.event_reactor:joining thread
[1.195s] INFO:colcon.colcon_core.plugin_system:Skipping extension 'colcon_notification.desktop_notification.terminal_notifier': Not used on non-Darwin systems
[1.195s] INFO:colcon.colcon_core.plugin_system:Skipping extension 'colcon_notification.desktop_notification.win32': Not used on non-Windows systems
[1.195s] INFO:colcon.colcon_notification.desktop_notification:Sending desktop notification using 'notify2'
[1.214s] DEBUG:colcon.colcon_core.event_reactor:joined thread
[1.215s] INFO:colcon.colcon_core.shell:Creating prefix script '/home/amejiyo/yolobot/install/local_setup.ps1'
[1.217s] INFO:colcon.colcon_core.shell:Creating prefix util module '/home/amejiyo/yolobot/install/_local_setup_util_ps1.py'
[1.218s] INFO:colcon.colcon_core.shell:Creating prefix chain script '/home/amejiyo/yolobot/install/setup.ps1'
[1.220s] INFO:colcon.colcon_core.shell:Creating prefix script '/home/amejiyo/yolobot/install/local_setup.sh'
[1.220s] INFO:colcon.colcon_core.shell:Creating prefix util module '/home/amejiyo/yolobot/install/_local_setup_util_sh.py'
[1.221s] INFO:colcon.colcon_core.shell:Creating prefix chain script '/home/amejiyo/yolobot/install/setup.sh'
[1.222s] INFO:colcon.colcon_core.shell:Creating prefix script '/home/amejiyo/yolobot/install/local_setup.bash'
[1.223s] INFO:colcon.colcon_core.shell:Creating prefix chain script '/home/amejiyo/yolobot/install/setup.bash'
[1.224s] INFO:colcon.colcon_core.shell:Creating prefix script '/home/amejiyo/yolobot/install/local_setup.zsh'
[1.225s] INFO:colcon.colcon_core.shell:Creating prefix chain script '/home/amejiyo/yolobot/install/setup.zsh'
