[0.124s] DEBUG:colcon:Command line arguments: ['/usr/bin/colcon', 'build']
[0.124s] DEBUG:colcon:Parsed command line arguments: Namespace(allow_overriding=[], ament_cmake_args=None, base_paths=['.'], build_base='build', catkin_cmake_args=None, catkin_skip_building_tests=False, cmake_args=None, cmake_clean_cache=False, cmake_clean_first=False, cmake_force_configure=False, cmake_target=None, cmake_target_skip_unavailable=False, continue_on_error=False, event_handlers=None, executor='parallel', ignore_user_meta=False, install_base='install', log_base=None, log_level=None, main=<bound method BuildVerb.main of <colcon_core.verb.build.BuildVerb object at 0x7fa89a0af0a0>>, merge_install=False, metas=['./colcon.meta'], packages_above=None, packages_above_and_dependencies=None, packages_above_depth=None, packages_end=None, packages_ignore=None, packages_ignore_regex=None, packages_select=None, packages_select_build_failed=False, packages_select_by_dep=None, packages_select_regex=None, packages_select_test_failures=False, packages_skip=None, packages_skip_build_finished=False, packages_skip_by_dep=None, packages_skip_regex=None, packages_skip_test_passed=False, packages_skip_up_to=None, packages_start=None, packages_up_to=None, packages_up_to_regex=None, parallel_workers=16, paths=None, symlink_install=False, test_result_base=None, verb_extension=<colcon_core.verb.build.BuildVerb object at 0x7fa89a0af0a0>, verb_name='build', verb_parser=<colcon_defaults.argument_parser.defaults.DefaultArgumentsDecorator object at 0x7fa89a0af5e0>)
[0.128s] Level 1:colcon.colcon_core.package_discovery:discover_packages(colcon_meta) check parameters
[0.128s] Level 1:colcon.colcon_core.package_discovery:discover_packages(recursive) check parameters
[0.128s] Level 1:colcon.colcon_core.package_discovery:discover_packages(ignore) check parameters
[0.128s] Level 1:colcon.colcon_core.package_discovery:discover_packages(path) check parameters
[0.128s] Level 1:colcon.colcon_core.package_discovery:discover_packages(colcon_meta) discover
[0.128s] Level 1:colcon.colcon_core.package_discovery:discover_packages(recursive) discover
[0.128s] INFO:colcon.colcon_core.package_discovery:Crawling recursively for packages in '/home/amejiyo/ros2_ws'
[0.128s] Level 1:colcon.colcon_core.package_identification:_identify(.) by extensions ['ignore', 'ignore_ament_install']
[0.128s] Level 1:colcon.colcon_core.package_identification:_identify(.) by extension 'ignore'
[0.129s] Level 1:colcon.colcon_core.package_identification:_identify(.) by extension 'ignore_ament_install'
[0.129s] Level 1:colcon.colcon_core.package_identification:_identify(.) by extensions ['colcon_pkg']
[0.129s] Level 1:colcon.colcon_core.package_identification:_identify(.) by extension 'colcon_pkg'
[0.129s] Level 1:colcon.colcon_core.package_identification:_identify(.) by extensions ['colcon_meta']
[0.129s] Level 1:colcon.colcon_core.package_identification:_identify(.) by extension 'colcon_meta'
[0.129s] Level 1:colcon.colcon_core.package_identification:_identify(.) by extensions ['ros']
[0.129s] Level 1:colcon.colcon_core.package_identification:_identify(.) by extension 'ros'
[0.187s] Level 1:colcon.colcon_core.package_identification:_identify(.) by extensions ['cmake', 'python']
[0.188s] Level 1:colcon.colcon_core.package_identification:_identify(.) by extension 'cmake'
[0.188s] Level 1:colcon.colcon_core.package_identification:_identify(.) by extension 'python'
[0.188s] Level 1:colcon.colcon_core.package_identification:_identify(.) by extensions ['python_setup_py']
[0.188s] Level 1:colcon.colcon_core.package_identification:_identify(.) by extension 'python_setup_py'
[0.188s] Level 1:colcon.colcon_core.package_identification:_identify(build) by extensions ['ignore', 'ignore_ament_install']
[0.188s] Level 1:colcon.colcon_core.package_identification:_identify(build) by extension 'ignore'
[0.188s] Level 1:colcon.colcon_core.package_identification:_identify(build) ignored
[0.188s] Level 1:colcon.colcon_core.package_identification:_identify(install) by extensions ['ignore', 'ignore_ament_install']
[0.188s] Level 1:colcon.colcon_core.package_identification:_identify(install) by extension 'ignore'
[0.188s] Level 1:colcon.colcon_core.package_identification:_identify(install) ignored
[0.188s] Level 1:colcon.colcon_core.package_identification:_identify(log) by extensions ['ignore', 'ignore_ament_install']
[0.188s] Level 1:colcon.colcon_core.package_identification:_identify(log) by extension 'ignore'
[0.188s] Level 1:colcon.colcon_core.package_identification:_identify(log) ignored
[0.188s] Level 1:colcon.colcon_core.package_identification:_identify(src) by extensions ['ignore', 'ignore_ament_install']
[0.188s] Level 1:colcon.colcon_core.package_identification:_identify(src) by extension 'ignore'
[0.188s] Level 1:colcon.colcon_core.package_identification:_identify(src) by extension 'ignore_ament_install'
[0.188s] Level 1:colcon.colcon_core.package_identification:_identify(src) by extensions ['colcon_pkg']
[0.188s] Level 1:colcon.colcon_core.package_identification:_identify(src) by extension 'colcon_pkg'
[0.188s] Level 1:colcon.colcon_core.package_identification:_identify(src) by extensions ['colcon_meta']
[0.188s] Level 1:colcon.colcon_core.package_identification:_identify(src) by extension 'colcon_meta'
[0.188s] Level 1:colcon.colcon_core.package_identification:_identify(src) by extensions ['ros']
[0.189s] Level 1:colcon.colcon_core.package_identification:_identify(src) by extension 'ros'
[0.189s] Level 1:colcon.colcon_core.package_identification:_identify(src) by extensions ['cmake', 'python']
[0.189s] Level 1:colcon.colcon_core.package_identification:_identify(src) by extension 'cmake'
[0.189s] Level 1:colcon.colcon_core.package_identification:_identify(src) by extension 'python'
[0.189s] Level 1:colcon.colcon_core.package_identification:_identify(src) by extensions ['python_setup_py']
[0.189s] Level 1:colcon.colcon_core.package_identification:_identify(src) by extension 'python_setup_py'
[0.189s] Level 1:colcon.colcon_core.package_identification:_identify(src/detection) by extensions ['ignore', 'ignore_ament_install']
[0.189s] Level 1:colcon.colcon_core.package_identification:_identify(src/detection) by extension 'ignore'
[0.189s] Level 1:colcon.colcon_core.package_identification:_identify(src/detection) by extension 'ignore_ament_install'
[0.189s] Level 1:colcon.colcon_core.package_identification:_identify(src/detection) by extensions ['colcon_pkg']
[0.189s] Level 1:colcon.colcon_core.package_identification:_identify(src/detection) by extension 'colcon_pkg'
[0.189s] Level 1:colcon.colcon_core.package_identification:_identify(src/detection) by extensions ['colcon_meta']
[0.189s] Level 1:colcon.colcon_core.package_identification:_identify(src/detection) by extension 'colcon_meta'
[0.189s] Level 1:colcon.colcon_core.package_identification:_identify(src/detection) by extensions ['ros']
[0.189s] Level 1:colcon.colcon_core.package_identification:_identify(src/detection) by extension 'ros'
[0.191s] DEBUG:colcon.colcon_core.package_identification:Package 'src/detection' with type 'ros.ament_python' and name 'detection'
[0.191s] Level 1:colcon.colcon_core.package_identification:_identify(src/detection_lib) by extensions ['ignore', 'ignore_ament_install']
[0.191s] Level 1:colcon.colcon_core.package_identification:_identify(src/detection_lib) by extension 'ignore'
[0.191s] Level 1:colcon.colcon_core.package_identification:_identify(src/detection_lib) by extension 'ignore_ament_install'
[0.191s] Level 1:colcon.colcon_core.package_identification:_identify(src/detection_lib) by extensions ['colcon_pkg']
[0.191s] Level 1:colcon.colcon_core.package_identification:_identify(src/detection_lib) by extension 'colcon_pkg'
[0.191s] Level 1:colcon.colcon_core.package_identification:_identify(src/detection_lib) by extensions ['colcon_meta']
[0.191s] Level 1:colcon.colcon_core.package_identification:_identify(src/detection_lib) by extension 'colcon_meta'
[0.191s] Level 1:colcon.colcon_core.package_identification:_identify(src/detection_lib) by extensions ['ros']
[0.191s] Level 1:colcon.colcon_core.package_identification:_identify(src/detection_lib) by extension 'ros'
[0.191s] Level 1:colcon.colcon_core.package_identification:_identify(src/detection_lib) by extensions ['cmake', 'python']
[0.191s] Level 1:colcon.colcon_core.package_identification:_identify(src/detection_lib) by extension 'cmake'
[0.191s] Level 1:colcon.colcon_core.package_identification:_identify(src/detection_lib) by extension 'python'
[0.191s] Level 1:colcon.colcon_core.package_identification:_identify(src/detection_lib) by extensions ['python_setup_py']
[0.191s] Level 1:colcon.colcon_core.package_identification:_identify(src/detection_lib) by extension 'python_setup_py'
[0.191s] Level 1:colcon.colcon_core.package_identification:_identify(src/detection_lib/Documents) by extensions ['ignore', 'ignore_ament_install']
[0.192s] Level 1:colcon.colcon_core.package_identification:_identify(src/detection_lib/Documents) by extension 'ignore'
[0.192s] Level 1:colcon.colcon_core.package_identification:_identify(src/detection_lib/Documents) by extension 'ignore_ament_install'
[0.192s] Level 1:colcon.colcon_core.package_identification:_identify(src/detection_lib/Documents) by extensions ['colcon_pkg']
[0.192s] Level 1:colcon.colcon_core.package_identification:_identify(src/detection_lib/Documents) by extension 'colcon_pkg'
[0.192s] Level 1:colcon.colcon_core.package_identification:_identify(src/detection_lib/Documents) by extensions ['colcon_meta']
[0.192s] Level 1:colcon.colcon_core.package_identification:_identify(src/detection_lib/Documents) by extension 'colcon_meta'
[0.192s] Level 1:colcon.colcon_core.package_identification:_identify(src/detection_lib/Documents) by extensions ['ros']
[0.192s] Level 1:colcon.colcon_core.package_identification:_identify(src/detection_lib/Documents) by extension 'ros'
[0.192s] Level 1:colcon.colcon_core.package_identification:_identify(src/detection_lib/Documents) by extensions ['cmake', 'python']
[0.192s] Level 1:colcon.colcon_core.package_identification:_identify(src/detection_lib/Documents) by extension 'cmake'
[0.192s] Level 1:colcon.colcon_core.package_identification:_identify(src/detection_lib/Documents) by extension 'python'
[0.192s] Level 1:colcon.colcon_core.package_identification:_identify(src/detection_lib/Documents) by extensions ['python_setup_py']
[0.192s] Level 1:colcon.colcon_core.package_identification:_identify(src/detection_lib/Documents) by extension 'python_setup_py'
[0.192s] Level 1:colcon.colcon_core.package_identification:_identify(src/detection_lib/Documents/MATLAB) by extensions ['ignore', 'ignore_ament_install']
[0.192s] Level 1:colcon.colcon_core.package_identification:_identify(src/detection_lib/Documents/MATLAB) by extension 'ignore'
[0.192s] Level 1:colcon.colcon_core.package_identification:_identify(src/detection_lib/Documents/MATLAB) by extension 'ignore_ament_install'
[0.192s] Level 1:colcon.colcon_core.package_identification:_identify(src/detection_lib/Documents/MATLAB) by extensions ['colcon_pkg']
[0.192s] Level 1:colcon.colcon_core.package_identification:_identify(src/detection_lib/Documents/MATLAB) by extension 'colcon_pkg'
[0.192s] Level 1:colcon.colcon_core.package_identification:_identify(src/detection_lib/Documents/MATLAB) by extensions ['colcon_meta']
[0.192s] Level 1:colcon.colcon_core.package_identification:_identify(src/detection_lib/Documents/MATLAB) by extension 'colcon_meta'
[0.192s] Level 1:colcon.colcon_core.package_identification:_identify(src/detection_lib/Documents/MATLAB) by extensions ['ros']
[0.192s] Level 1:colcon.colcon_core.package_identification:_identify(src/detection_lib/Documents/MATLAB) by extension 'ros'
[0.192s] Level 1:colcon.colcon_core.package_identification:_identify(src/detection_lib/Documents/MATLAB) by extensions ['cmake', 'python']
[0.192s] Level 1:colcon.colcon_core.package_identification:_identify(src/detection_lib/Documents/MATLAB) by extension 'cmake'
[0.192s] Level 1:colcon.colcon_core.package_identification:_identify(src/detection_lib/Documents/MATLAB) by extension 'python'
[0.192s] Level 1:colcon.colcon_core.package_identification:_identify(src/detection_lib/Documents/MATLAB) by extensions ['python_setup_py']
[0.192s] Level 1:colcon.colcon_core.package_identification:_identify(src/detection_lib/Documents/MATLAB) by extension 'python_setup_py'
[0.193s] Level 1:colcon.colcon_core.package_identification:_identify(src/detection_lib/build) by extensions ['ignore', 'ignore_ament_install']
[0.193s] Level 1:colcon.colcon_core.package_identification:_identify(src/detection_lib/build) by extension 'ignore'
[0.193s] Level 1:colcon.colcon_core.package_identification:_identify(src/detection_lib/build) ignored
[0.193s] Level 1:colcon.colcon_core.package_identification:_identify(src/detection_lib/data) by extensions ['ignore', 'ignore_ament_install']
[0.193s] Level 1:colcon.colcon_core.package_identification:_identify(src/detection_lib/data) by extension 'ignore'
[0.193s] Level 1:colcon.colcon_core.package_identification:_identify(src/detection_lib/data) by extension 'ignore_ament_install'
[0.193s] Level 1:colcon.colcon_core.package_identification:_identify(src/detection_lib/data) by extensions ['colcon_pkg']
[0.193s] Level 1:colcon.colcon_core.package_identification:_identify(src/detection_lib/data) by extension 'colcon_pkg'
[0.193s] Level 1:colcon.colcon_core.package_identification:_identify(src/detection_lib/data) by extensions ['colcon_meta']
[0.193s] Level 1:colcon.colcon_core.package_identification:_identify(src/detection_lib/data) by extension 'colcon_meta'
[0.193s] Level 1:colcon.colcon_core.package_identification:_identify(src/detection_lib/data) by extensions ['ros']
[0.193s] Level 1:colcon.colcon_core.package_identification:_identify(src/detection_lib/data) by extension 'ros'
[0.193s] Level 1:colcon.colcon_core.package_identification:_identify(src/detection_lib/data) by extensions ['cmake', 'python']
[0.193s] Level 1:colcon.colcon_core.package_identification:_identify(src/detection_lib/data) by extension 'cmake'
[0.193s] Level 1:colcon.colcon_core.package_identification:_identify(src/detection_lib/data) by extension 'python'
[0.193s] Level 1:colcon.colcon_core.package_identification:_identify(src/detection_lib/data) by extensions ['python_setup_py']
[0.193s] Level 1:colcon.colcon_core.package_identification:_identify(src/detection_lib/data) by extension 'python_setup_py'
[0.193s] Level 1:colcon.colcon_core.package_identification:_identify(src/detection_lib/data/images) by extensions ['ignore', 'ignore_ament_install']
[0.193s] Level 1:colcon.colcon_core.package_identification:_identify(src/detection_lib/data/images) by extension 'ignore'
[0.193s] Level 1:colcon.colcon_core.package_identification:_identify(src/detection_lib/data/images) by extension 'ignore_ament_install'
[0.193s] Level 1:colcon.colcon_core.package_identification:_identify(src/detection_lib/data/images) by extensions ['colcon_pkg']
[0.194s] Level 1:colcon.colcon_core.package_identification:_identify(src/detection_lib/data/images) by extension 'colcon_pkg'
[0.194s] Level 1:colcon.colcon_core.package_identification:_identify(src/detection_lib/data/images) by extensions ['colcon_meta']
[0.194s] Level 1:colcon.colcon_core.package_identification:_identify(src/detection_lib/data/images) by extension 'colcon_meta'
[0.194s] Level 1:colcon.colcon_core.package_identification:_identify(src/detection_lib/data/images) by extensions ['ros']
[0.194s] Level 1:colcon.colcon_core.package_identification:_identify(src/detection_lib/data/images) by extension 'ros'
[0.194s] Level 1:colcon.colcon_core.package_identification:_identify(src/detection_lib/data/images) by extensions ['cmake', 'python']
[0.194s] Level 1:colcon.colcon_core.package_identification:_identify(src/detection_lib/data/images) by extension 'cmake'
[0.194s] Level 1:colcon.colcon_core.package_identification:_identify(src/detection_lib/data/images) by extension 'python'
[0.194s] Level 1:colcon.colcon_core.package_identification:_identify(src/detection_lib/data/images) by extensions ['python_setup_py']
[0.194s] Level 1:colcon.colcon_core.package_identification:_identify(src/detection_lib/data/images) by extension 'python_setup_py'
[0.194s] Level 1:colcon.colcon_core.package_identification:_identify(src/detection_lib/data/scripts) by extensions ['ignore', 'ignore_ament_install']
[0.194s] Level 1:colcon.colcon_core.package_identification:_identify(src/detection_lib/data/scripts) by extension 'ignore'
[0.194s] Level 1:colcon.colcon_core.package_identification:_identify(src/detection_lib/data/scripts) by extension 'ignore_ament_install'
[0.194s] Level 1:colcon.colcon_core.package_identification:_identify(src/detection_lib/data/scripts) by extensions ['colcon_pkg']
[0.194s] Level 1:colcon.colcon_core.package_identification:_identify(src/detection_lib/data/scripts) by extension 'colcon_pkg'
[0.194s] Level 1:colcon.colcon_core.package_identification:_identify(src/detection_lib/data/scripts) by extensions ['colcon_meta']
[0.194s] Level 1:colcon.colcon_core.package_identification:_identify(src/detection_lib/data/scripts) by extension 'colcon_meta'
[0.194s] Level 1:colcon.colcon_core.package_identification:_identify(src/detection_lib/data/scripts) by extensions ['ros']
[0.194s] Level 1:colcon.colcon_core.package_identification:_identify(src/detection_lib/data/scripts) by extension 'ros'
[0.194s] Level 1:colcon.colcon_core.package_identification:_identify(src/detection_lib/data/scripts) by extensions ['cmake', 'python']
[0.194s] Level 1:colcon.colcon_core.package_identification:_identify(src/detection_lib/data/scripts) by extension 'cmake'
[0.194s] Level 1:colcon.colcon_core.package_identification:_identify(src/detection_lib/data/scripts) by extension 'python'
[0.194s] Level 1:colcon.colcon_core.package_identification:_identify(src/detection_lib/data/scripts) by extensions ['python_setup_py']
[0.194s] Level 1:colcon.colcon_core.package_identification:_identify(src/detection_lib/data/scripts) by extension 'python_setup_py'
[0.194s] Level 1:colcon.colcon_core.package_identification:_identify(src/detection_lib/install) by extensions ['ignore', 'ignore_ament_install']
[0.194s] Level 1:colcon.colcon_core.package_identification:_identify(src/detection_lib/install) by extension 'ignore'
[0.194s] Level 1:colcon.colcon_core.package_identification:_identify(src/detection_lib/install) ignored
[0.194s] Level 1:colcon.colcon_core.package_identification:_identify(src/detection_lib/log) by extensions ['ignore', 'ignore_ament_install']
[0.195s] Level 1:colcon.colcon_core.package_identification:_identify(src/detection_lib/log) by extension 'ignore'
[0.195s] Level 1:colcon.colcon_core.package_identification:_identify(src/detection_lib/log) ignored
[0.195s] Level 1:colcon.colcon_core.package_identification:_identify(src/detection_lib/models) by extensions ['ignore', 'ignore_ament_install']
[0.195s] Level 1:colcon.colcon_core.package_identification:_identify(src/detection_lib/models) by extension 'ignore'
[0.195s] Level 1:colcon.colcon_core.package_identification:_identify(src/detection_lib/models) by extension 'ignore_ament_install'
[0.195s] Level 1:colcon.colcon_core.package_identification:_identify(src/detection_lib/models) by extensions ['colcon_pkg']
[0.195s] Level 1:colcon.colcon_core.package_identification:_identify(src/detection_lib/models) by extension 'colcon_pkg'
[0.195s] Level 1:colcon.colcon_core.package_identification:_identify(src/detection_lib/models) by extensions ['colcon_meta']
[0.195s] Level 1:colcon.colcon_core.package_identification:_identify(src/detection_lib/models) by extension 'colcon_meta'
[0.195s] Level 1:colcon.colcon_core.package_identification:_identify(src/detection_lib/models) by extensions ['ros']
[0.195s] Level 1:colcon.colcon_core.package_identification:_identify(src/detection_lib/models) by extension 'ros'
[0.195s] Level 1:colcon.colcon_core.package_identification:_identify(src/detection_lib/models) by extensions ['cmake', 'python']
[0.195s] Level 1:colcon.colcon_core.package_identification:_identify(src/detection_lib/models) by extension 'cmake'
[0.195s] Level 1:colcon.colcon_core.package_identification:_identify(src/detection_lib/models) by extension 'python'
[0.195s] Level 1:colcon.colcon_core.package_identification:_identify(src/detection_lib/models) by extensions ['python_setup_py']
[0.195s] Level 1:colcon.colcon_core.package_identification:_identify(src/detection_lib/models) by extension 'python_setup_py'
[0.195s] Level 1:colcon.colcon_core.package_identification:_identify(src/detection_lib/models/hub) by extensions ['ignore', 'ignore_ament_install']
[0.195s] Level 1:colcon.colcon_core.package_identification:_identify(src/detection_lib/models/hub) by extension 'ignore'
[0.195s] Level 1:colcon.colcon_core.package_identification:_identify(src/detection_lib/models/hub) by extension 'ignore_ament_install'
[0.195s] Level 1:colcon.colcon_core.package_identification:_identify(src/detection_lib/models/hub) by extensions ['colcon_pkg']
[0.195s] Level 1:colcon.colcon_core.package_identification:_identify(src/detection_lib/models/hub) by extension 'colcon_pkg'
[0.195s] Level 1:colcon.colcon_core.package_identification:_identify(src/detection_lib/models/hub) by extensions ['colcon_meta']
[0.195s] Level 1:colcon.colcon_core.package_identification:_identify(src/detection_lib/models/hub) by extension 'colcon_meta'
[0.196s] Level 1:colcon.colcon_core.package_identification:_identify(src/detection_lib/models/hub) by extensions ['ros']
[0.196s] Level 1:colcon.colcon_core.package_identification:_identify(src/detection_lib/models/hub) by extension 'ros'
[0.196s] Level 1:colcon.colcon_core.package_identification:_identify(src/detection_lib/models/hub) by extensions ['cmake', 'python']
[0.196s] Level 1:colcon.colcon_core.package_identification:_identify(src/detection_lib/models/hub) by extension 'cmake'
[0.196s] Level 1:colcon.colcon_core.package_identification:_identify(src/detection_lib/models/hub) by extension 'python'
[0.196s] Level 1:colcon.colcon_core.package_identification:_identify(src/detection_lib/models/hub) by extensions ['python_setup_py']
[0.196s] Level 1:colcon.colcon_core.package_identification:_identify(src/detection_lib/models/hub) by extension 'python_setup_py'
[0.196s] Level 1:colcon.colcon_core.package_identification:_identify(src/detection_lib/runs) by extensions ['ignore', 'ignore_ament_install']
[0.196s] Level 1:colcon.colcon_core.package_identification:_identify(src/detection_lib/runs) by extension 'ignore'
[0.196s] Level 1:colcon.colcon_core.package_identification:_identify(src/detection_lib/runs) by extension 'ignore_ament_install'
[0.196s] Level 1:colcon.colcon_core.package_identification:_identify(src/detection_lib/runs) by extensions ['colcon_pkg']
[0.196s] Level 1:colcon.colcon_core.package_identification:_identify(src/detection_lib/runs) by extension 'colcon_pkg'
[0.196s] Level 1:colcon.colcon_core.package_identification:_identify(src/detection_lib/runs) by extensions ['colcon_meta']
[0.196s] Level 1:colcon.colcon_core.package_identification:_identify(src/detection_lib/runs) by extension 'colcon_meta'
[0.196s] Level 1:colcon.colcon_core.package_identification:_identify(src/detection_lib/runs) by extensions ['ros']
[0.196s] Level 1:colcon.colcon_core.package_identification:_identify(src/detection_lib/runs) by extension 'ros'
[0.196s] Level 1:colcon.colcon_core.package_identification:_identify(src/detection_lib/runs) by extensions ['cmake', 'python']
[0.196s] Level 1:colcon.colcon_core.package_identification:_identify(src/detection_lib/runs) by extension 'cmake'
[0.196s] Level 1:colcon.colcon_core.package_identification:_identify(src/detection_lib/runs) by extension 'python'
[0.196s] Level 1:colcon.colcon_core.package_identification:_identify(src/detection_lib/runs) by extensions ['python_setup_py']
[0.196s] Level 1:colcon.colcon_core.package_identification:_identify(src/detection_lib/runs) by extension 'python_setup_py'
[0.196s] Level 1:colcon.colcon_core.package_identification:_identify(src/detection_lib/runs/detect) by extensions ['ignore', 'ignore_ament_install']
[0.196s] Level 1:colcon.colcon_core.package_identification:_identify(src/detection_lib/runs/detect) by extension 'ignore'
[0.196s] Level 1:colcon.colcon_core.package_identification:_identify(src/detection_lib/runs/detect) by extension 'ignore_ament_install'
[0.196s] Level 1:colcon.colcon_core.package_identification:_identify(src/detection_lib/runs/detect) by extensions ['colcon_pkg']
[0.196s] Level 1:colcon.colcon_core.package_identification:_identify(src/detection_lib/runs/detect) by extension 'colcon_pkg'
[0.196s] Level 1:colcon.colcon_core.package_identification:_identify(src/detection_lib/runs/detect) by extensions ['colcon_meta']
[0.196s] Level 1:colcon.colcon_core.package_identification:_identify(src/detection_lib/runs/detect) by extension 'colcon_meta'
[0.197s] Level 1:colcon.colcon_core.package_identification:_identify(src/detection_lib/runs/detect) by extensions ['ros']
[0.197s] Level 1:colcon.colcon_core.package_identification:_identify(src/detection_lib/runs/detect) by extension 'ros'
[0.197s] Level 1:colcon.colcon_core.package_identification:_identify(src/detection_lib/runs/detect) by extensions ['cmake', 'python']
[0.197s] Level 1:colcon.colcon_core.package_identification:_identify(src/detection_lib/runs/detect) by extension 'cmake'
[0.197s] Level 1:colcon.colcon_core.package_identification:_identify(src/detection_lib/runs/detect) by extension 'python'
[0.197s] Level 1:colcon.colcon_core.package_identification:_identify(src/detection_lib/runs/detect) by extensions ['python_setup_py']
[0.197s] Level 1:colcon.colcon_core.package_identification:_identify(src/detection_lib/runs/detect) by extension 'python_setup_py'
[0.197s] Level 1:colcon.colcon_core.package_identification:_identify(src/detection_lib/runs/detect/exp2) by extensions ['ignore', 'ignore_ament_install']
[0.197s] Level 1:colcon.colcon_core.package_identification:_identify(src/detection_lib/runs/detect/exp2) by extension 'ignore'
[0.197s] Level 1:colcon.colcon_core.package_identification:_identify(src/detection_lib/runs/detect/exp2) by extension 'ignore_ament_install'
[0.197s] Level 1:colcon.colcon_core.package_identification:_identify(src/detection_lib/runs/detect/exp2) by extensions ['colcon_pkg']
[0.197s] Level 1:colcon.colcon_core.package_identification:_identify(src/detection_lib/runs/detect/exp2) by extension 'colcon_pkg'
[0.197s] Level 1:colcon.colcon_core.package_identification:_identify(src/detection_lib/runs/detect/exp2) by extensions ['colcon_meta']
[0.197s] Level 1:colcon.colcon_core.package_identification:_identify(src/detection_lib/runs/detect/exp2) by extension 'colcon_meta'
[0.197s] Level 1:colcon.colcon_core.package_identification:_identify(src/detection_lib/runs/detect/exp2) by extensions ['ros']
[0.197s] Level 1:colcon.colcon_core.package_identification:_identify(src/detection_lib/runs/detect/exp2) by extension 'ros'
[0.197s] Level 1:colcon.colcon_core.package_identification:_identify(src/detection_lib/runs/detect/exp2) by extensions ['cmake', 'python']
[0.197s] Level 1:colcon.colcon_core.package_identification:_identify(src/detection_lib/runs/detect/exp2) by extension 'cmake'
[0.197s] Level 1:colcon.colcon_core.package_identification:_identify(src/detection_lib/runs/detect/exp2) by extension 'python'
[0.197s] Level 1:colcon.colcon_core.package_identification:_identify(src/detection_lib/runs/detect/exp2) by extensions ['python_setup_py']
[0.197s] Level 1:colcon.colcon_core.package_identification:_identify(src/detection_lib/runs/detect/exp2) by extension 'python_setup_py'
[0.197s] Level 1:colcon.colcon_core.package_identification:_identify(src/detection_lib/utils) by extensions ['ignore', 'ignore_ament_install']
[0.197s] Level 1:colcon.colcon_core.package_identification:_identify(src/detection_lib/utils) by extension 'ignore'
[0.197s] Level 1:colcon.colcon_core.package_identification:_identify(src/detection_lib/utils) by extension 'ignore_ament_install'
[0.197s] Level 1:colcon.colcon_core.package_identification:_identify(src/detection_lib/utils) by extensions ['colcon_pkg']
[0.198s] Level 1:colcon.colcon_core.package_identification:_identify(src/detection_lib/utils) by extension 'colcon_pkg'
[0.198s] Level 1:colcon.colcon_core.package_identification:_identify(src/detection_lib/utils) by extensions ['colcon_meta']
[0.198s] Level 1:colcon.colcon_core.package_identification:_identify(src/detection_lib/utils) by extension 'colcon_meta'
[0.198s] Level 1:colcon.colcon_core.package_identification:_identify(src/detection_lib/utils) by extensions ['ros']
[0.198s] Level 1:colcon.colcon_core.package_identification:_identify(src/detection_lib/utils) by extension 'ros'
[0.198s] Level 1:colcon.colcon_core.package_identification:_identify(src/detection_lib/utils) by extensions ['cmake', 'python']
[0.198s] Level 1:colcon.colcon_core.package_identification:_identify(src/detection_lib/utils) by extension 'cmake'
[0.198s] Level 1:colcon.colcon_core.package_identification:_identify(src/detection_lib/utils) by extension 'python'
[0.198s] Level 1:colcon.colcon_core.package_identification:_identify(src/detection_lib/utils) by extensions ['python_setup_py']
[0.198s] Level 1:colcon.colcon_core.package_identification:_identify(src/detection_lib/utils) by extension 'python_setup_py'
[0.198s] Level 1:colcon.colcon_core.package_identification:_identify(src/detection_lib/utils/aws) by extensions ['ignore', 'ignore_ament_install']
[0.198s] Level 1:colcon.colcon_core.package_identification:_identify(src/detection_lib/utils/aws) by extension 'ignore'
[0.198s] Level 1:colcon.colcon_core.package_identification:_identify(src/detection_lib/utils/aws) by extension 'ignore_ament_install'
[0.198s] Level 1:colcon.colcon_core.package_identification:_identify(src/detection_lib/utils/aws) by extensions ['colcon_pkg']
[0.198s] Level 1:colcon.colcon_core.package_identification:_identify(src/detection_lib/utils/aws) by extension 'colcon_pkg'
[0.198s] Level 1:colcon.colcon_core.package_identification:_identify(src/detection_lib/utils/aws) by extensions ['colcon_meta']
[0.198s] Level 1:colcon.colcon_core.package_identification:_identify(src/detection_lib/utils/aws) by extension 'colcon_meta'
[0.198s] Level 1:colcon.colcon_core.package_identification:_identify(src/detection_lib/utils/aws) by extensions ['ros']
[0.198s] Level 1:colcon.colcon_core.package_identification:_identify(src/detection_lib/utils/aws) by extension 'ros'
[0.198s] Level 1:colcon.colcon_core.package_identification:_identify(src/detection_lib/utils/aws) by extensions ['cmake', 'python']
[0.198s] Level 1:colcon.colcon_core.package_identification:_identify(src/detection_lib/utils/aws) by extension 'cmake'
[0.198s] Level 1:colcon.colcon_core.package_identification:_identify(src/detection_lib/utils/aws) by extension 'python'
[0.198s] Level 1:colcon.colcon_core.package_identification:_identify(src/detection_lib/utils/aws) by extensions ['python_setup_py']
[0.198s] Level 1:colcon.colcon_core.package_identification:_identify(src/detection_lib/utils/aws) by extension 'python_setup_py'
[0.199s] Level 1:colcon.colcon_core.package_identification:_identify(src/detection_lib/weights) by extensions ['ignore', 'ignore_ament_install']
[0.199s] Level 1:colcon.colcon_core.package_identification:_identify(src/detection_lib/weights) by extension 'ignore'
[0.199s] Level 1:colcon.colcon_core.package_identification:_identify(src/detection_lib/weights) by extension 'ignore_ament_install'
[0.199s] Level 1:colcon.colcon_core.package_identification:_identify(src/detection_lib/weights) by extensions ['colcon_pkg']
[0.199s] Level 1:colcon.colcon_core.package_identification:_identify(src/detection_lib/weights) by extension 'colcon_pkg'
[0.199s] Level 1:colcon.colcon_core.package_identification:_identify(src/detection_lib/weights) by extensions ['colcon_meta']
[0.199s] Level 1:colcon.colcon_core.package_identification:_identify(src/detection_lib/weights) by extension 'colcon_meta'
[0.199s] Level 1:colcon.colcon_core.package_identification:_identify(src/detection_lib/weights) by extensions ['ros']
[0.199s] Level 1:colcon.colcon_core.package_identification:_identify(src/detection_lib/weights) by extension 'ros'
[0.199s] Level 1:colcon.colcon_core.package_identification:_identify(src/detection_lib/weights) by extensions ['cmake', 'python']
[0.199s] Level 1:colcon.colcon_core.package_identification:_identify(src/detection_lib/weights) by extension 'cmake'
[0.199s] Level 1:colcon.colcon_core.package_identification:_identify(src/detection_lib/weights) by extension 'python'
[0.199s] Level 1:colcon.colcon_core.package_identification:_identify(src/detection_lib/weights) by extensions ['python_setup_py']
[0.199s] Level 1:colcon.colcon_core.package_identification:_identify(src/detection_lib/weights) by extension 'python_setup_py'
[0.199s] Level 1:colcon.colcon_core.package_identification:_identify(src/py_pubsub) by extensions ['ignore', 'ignore_ament_install']
[0.199s] Level 1:colcon.colcon_core.package_identification:_identify(src/py_pubsub) by extension 'ignore'
[0.199s] Level 1:colcon.colcon_core.package_identification:_identify(src/py_pubsub) by extension 'ignore_ament_install'
[0.199s] Level 1:colcon.colcon_core.package_identification:_identify(src/py_pubsub) by extensions ['colcon_pkg']
[0.199s] Level 1:colcon.colcon_core.package_identification:_identify(src/py_pubsub) by extension 'colcon_pkg'
[0.199s] Level 1:colcon.colcon_core.package_identification:_identify(src/py_pubsub) by extensions ['colcon_meta']
[0.199s] Level 1:colcon.colcon_core.package_identification:_identify(src/py_pubsub) by extension 'colcon_meta'
[0.199s] Level 1:colcon.colcon_core.package_identification:_identify(src/py_pubsub) by extensions ['ros']
[0.199s] Level 1:colcon.colcon_core.package_identification:_identify(src/py_pubsub) by extension 'ros'
[0.200s] DEBUG:colcon.colcon_core.package_identification:Package 'src/py_pubsub' with type 'ros.ament_python' and name 'py_pubsub'
[0.200s] Level 1:colcon.colcon_core.package_discovery:discover_packages(recursive) using defaults
[0.200s] Level 1:colcon.colcon_core.package_discovery:discover_packages(ignore) discover
[0.200s] Level 1:colcon.colcon_core.package_discovery:discover_packages(ignore) using defaults
[0.200s] Level 1:colcon.colcon_core.package_discovery:discover_packages(path) discover
[0.200s] Level 1:colcon.colcon_core.package_discovery:discover_packages(path) using defaults
[0.214s] Level 5:colcon.colcon_core.verb:set package 'detection' build argument 'cmake_args' from command line to 'None'
[0.214s] Level 5:colcon.colcon_core.verb:set package 'detection' build argument 'cmake_target' from command line to 'None'
[0.214s] Level 5:colcon.colcon_core.verb:set package 'detection' build argument 'cmake_target_skip_unavailable' from command line to 'False'
[0.214s] Level 5:colcon.colcon_core.verb:set package 'detection' build argument 'cmake_clean_cache' from command line to 'False'
[0.214s] Level 5:colcon.colcon_core.verb:set package 'detection' build argument 'cmake_clean_first' from command line to 'False'
[0.214s] Level 5:colcon.colcon_core.verb:set package 'detection' build argument 'cmake_force_configure' from command line to 'False'
[0.214s] Level 5:colcon.colcon_core.verb:set package 'detection' build argument 'ament_cmake_args' from command line to 'None'
[0.214s] Level 5:colcon.colcon_core.verb:set package 'detection' build argument 'catkin_cmake_args' from command line to 'None'
[0.214s] Level 5:colcon.colcon_core.verb:set package 'detection' build argument 'catkin_skip_building_tests' from command line to 'False'
[0.214s] DEBUG:colcon.colcon_core.verb:Building package 'detection' with the following arguments: {'ament_cmake_args': None, 'build_base': '/home/amejiyo/ros2_ws/build/detection', 'catkin_cmake_args': None, 'catkin_skip_building_tests': False, 'cmake_args': None, 'cmake_clean_cache': False, 'cmake_clean_first': False, 'cmake_force_configure': False, 'cmake_target': None, 'cmake_target_skip_unavailable': False, 'install_base': '/home/amejiyo/ros2_ws/install/detection', 'merge_install': False, 'path': '/home/amejiyo/ros2_ws/src/detection', 'symlink_install': False, 'test_result_base': None}
[0.215s] Level 5:colcon.colcon_core.verb:set package 'py_pubsub' build argument 'cmake_args' from command line to 'None'
[0.215s] Level 5:colcon.colcon_core.verb:set package 'py_pubsub' build argument 'cmake_target' from command line to 'None'
[0.215s] Level 5:colcon.colcon_core.verb:set package 'py_pubsub' build argument 'cmake_target_skip_unavailable' from command line to 'False'
[0.215s] Level 5:colcon.colcon_core.verb:set package 'py_pubsub' build argument 'cmake_clean_cache' from command line to 'False'
[0.215s] Level 5:colcon.colcon_core.verb:set package 'py_pubsub' build argument 'cmake_clean_first' from command line to 'False'
[0.215s] Level 5:colcon.colcon_core.verb:set package 'py_pubsub' build argument 'cmake_force_configure' from command line to 'False'
[0.215s] Level 5:colcon.colcon_core.verb:set package 'py_pubsub' build argument 'ament_cmake_args' from command line to 'None'
[0.215s] Level 5:colcon.colcon_core.verb:set package 'py_pubsub' build argument 'catkin_cmake_args' from command line to 'None'
[0.215s] Level 5:colcon.colcon_core.verb:set package 'py_pubsub' build argument 'catkin_skip_building_tests' from command line to 'False'
[0.215s] DEBUG:colcon.colcon_core.verb:Building package 'py_pubsub' with the following arguments: {'ament_cmake_args': None, 'build_base': '/home/amejiyo/ros2_ws/build/py_pubsub', 'catkin_cmake_args': None, 'catkin_skip_building_tests': False, 'cmake_args': None, 'cmake_clean_cache': False, 'cmake_clean_first': False, 'cmake_force_configure': False, 'cmake_target': None, 'cmake_target_skip_unavailable': False, 'install_base': '/home/amejiyo/ros2_ws/install/py_pubsub', 'merge_install': False, 'path': '/home/amejiyo/ros2_ws/src/py_pubsub', 'symlink_install': False, 'test_result_base': None}
[0.218s] WARNING:colcon.colcon_core.verb:Some selected packages are already built in one or more underlay workspaces:
	'detection' is in: /home/amejiyo/ros2_ws/install/detection
	'py_pubsub' is in: /home/amejiyo/ros2_ws/install/py_pubsub
If a package in a merged underlay workspace is overridden and it installs headers, then all packages in the overlay must sort their include directories by workspace order. Failure to do so may result in build failures or undefined behavior at run time.
If the overridden package is used by another package in any underlay, then the overriding package in the overlay must be API and ABI compatible or undefined behavior at run time may occur.

If you understand the risks and want to override a package anyways, add the following to the command line:
	--allow-overriding detection py_pubsub

This may be promoted to an error in a future release of colcon-core.
[0.219s] INFO:colcon.colcon_core.executor:Executing jobs using 'parallel' executor
[0.221s] DEBUG:colcon.colcon_parallel_executor.executor.parallel:run_until_complete
[0.221s] INFO:colcon.colcon_ros.task.ament_python.build:Building ROS package in '/home/amejiyo/ros2_ws/src/detection' with build type 'ament_python'
[0.221s] Level 1:colcon.colcon_core.shell:create_environment_hook('detection', 'ament_prefix_path')
[0.225s] INFO:colcon.colcon_core.plugin_system:Skipping extension 'colcon_core.shell.bat': Not used on non-Windows systems
[0.225s] INFO:colcon.colcon_core.shell:Creating environment hook '/home/amejiyo/ros2_ws/install/detection/share/detection/hook/ament_prefix_path.ps1'
[0.225s] INFO:colcon.colcon_core.shell:Creating environment descriptor '/home/amejiyo/ros2_ws/install/detection/share/detection/hook/ament_prefix_path.dsv'
[0.225s] INFO:colcon.colcon_core.shell:Creating environment hook '/home/amejiyo/ros2_ws/install/detection/share/detection/hook/ament_prefix_path.sh'
[0.226s] INFO:colcon.colcon_core.shell:Skip shell extension 'powershell' for command environment: Not usable outside of PowerShell
[0.226s] DEBUG:colcon.colcon_core.shell:Skip shell extension 'dsv' for command environment
[0.232s] INFO:colcon.colcon_ros.task.ament_python.build:Building ROS package in '/home/amejiyo/ros2_ws/src/py_pubsub' with build type 'ament_python'
[0.233s] Level 1:colcon.colcon_core.shell:create_environment_hook('py_pubsub', 'ament_prefix_path')
[0.234s] INFO:colcon.colcon_core.shell:Creating environment hook '/home/amejiyo/ros2_ws/install/py_pubsub/share/py_pubsub/hook/ament_prefix_path.ps1'
[0.235s] INFO:colcon.colcon_core.shell:Creating environment descriptor '/home/amejiyo/ros2_ws/install/py_pubsub/share/py_pubsub/hook/ament_prefix_path.dsv'
[0.235s] INFO:colcon.colcon_core.shell:Creating environment hook '/home/amejiyo/ros2_ws/install/py_pubsub/share/py_pubsub/hook/ament_prefix_path.sh'
[0.236s] INFO:colcon.colcon_core.shell:Skip shell extension 'powershell' for command environment: Not usable outside of PowerShell
[0.236s] DEBUG:colcon.colcon_core.shell:Skip shell extension 'dsv' for command environment
[0.495s] INFO:colcon.colcon_core.task.python.build:Building Python package in '/home/amejiyo/ros2_ws/src/detection'
[0.497s] INFO:colcon.colcon_core.shell:Skip shell extension 'powershell' for command environment: Not usable outside of PowerShell
[0.497s] DEBUG:colcon.colcon_core.shell:Skip shell extension 'dsv' for command environment
[0.745s] INFO:colcon.colcon_core.task.python.build:Building Python package in '/home/amejiyo/ros2_ws/src/py_pubsub'
[0.745s] INFO:colcon.colcon_core.shell:Skip shell extension 'powershell' for command environment: Not usable outside of PowerShell
[0.745s] DEBUG:colcon.colcon_core.shell:Skip shell extension 'dsv' for command environment
[1.178s] DEBUG:colcon.colcon_core.event_handler.log_command:Invoking command in '/home/amejiyo/ros2_ws/src/py_pubsub': PYTHONPATH=/home/amejiyo/ros2_ws/install/py_pubsub/lib/python3.8/site-packages:${PYTHONPATH} /usr/bin/python3 setup.py egg_info --egg-base ../../build/py_pubsub build --build-base /home/amejiyo/ros2_ws/build/py_pubsub/build install --prefix /home/amejiyo/ros2_ws/install/py_pubsub --record /home/amejiyo/ros2_ws/build/py_pubsub/install.log --single-version-externally-managed
[1.207s] DEBUG:colcon.colcon_core.event_handler.log_command:Invoking command in '/home/amejiyo/ros2_ws/src/detection': PYTHONPATH=/home/amejiyo/ros2_ws/install/detection/lib/python3.8/site-packages:${PYTHONPATH} /usr/bin/python3 setup.py egg_info --egg-base ../../build/detection build --build-base /home/amejiyo/ros2_ws/build/detection/build install --prefix /home/amejiyo/ros2_ws/install/detection --record /home/amejiyo/ros2_ws/build/detection/install.log --single-version-externally-managed
[1.497s] DEBUG:colcon.colcon_core.event_handler.log_command:Invoked command in '/home/amejiyo/ros2_ws/src/py_pubsub' returned '0': PYTHONPATH=/home/amejiyo/ros2_ws/install/py_pubsub/lib/python3.8/site-packages:${PYTHONPATH} /usr/bin/python3 setup.py egg_info --egg-base ../../build/py_pubsub build --build-base /home/amejiyo/ros2_ws/build/py_pubsub/build install --prefix /home/amejiyo/ros2_ws/install/py_pubsub --record /home/amejiyo/ros2_ws/build/py_pubsub/install.log --single-version-externally-managed
[1.505s] Level 1:colcon.colcon_core.environment:checking '/home/amejiyo/ros2_ws/install/py_pubsub' for CMake module files
[1.505s] Level 1:colcon.colcon_core.environment:checking '/home/amejiyo/ros2_ws/install/py_pubsub' for CMake config files
[1.506s] Level 1:colcon.colcon_core.environment:checking '/home/amejiyo/ros2_ws/install/py_pubsub/lib'
[1.506s] Level 1:colcon.colcon_core.environment:checking '/home/amejiyo/ros2_ws/install/py_pubsub/bin'
[1.506s] Level 1:colcon.colcon_core.environment:checking '/home/amejiyo/ros2_ws/install/py_pubsub/lib/pkgconfig/py_pubsub.pc'
[1.506s] Level 1:colcon.colcon_core.environment:checking '/home/amejiyo/ros2_ws/install/py_pubsub/lib/python3.8/site-packages'
[1.506s] Level 1:colcon.colcon_core.shell:create_environment_hook('py_pubsub', 'pythonpath')
[1.507s] INFO:colcon.colcon_core.shell:Creating environment hook '/home/amejiyo/ros2_ws/install/py_pubsub/share/py_pubsub/hook/pythonpath.ps1'
[1.507s] INFO:colcon.colcon_core.shell:Creating environment descriptor '/home/amejiyo/ros2_ws/install/py_pubsub/share/py_pubsub/hook/pythonpath.dsv'
[1.508s] INFO:colcon.colcon_core.shell:Creating environment hook '/home/amejiyo/ros2_ws/install/py_pubsub/share/py_pubsub/hook/pythonpath.sh'
[1.509s] Level 1:colcon.colcon_core.environment:create_environment_scripts_only(py_pubsub)
[1.509s] INFO:colcon.colcon_core.shell:Creating package script '/home/amejiyo/ros2_ws/install/py_pubsub/share/py_pubsub/package.ps1'
[1.510s] INFO:colcon.colcon_core.shell:Creating package descriptor '/home/amejiyo/ros2_ws/install/py_pubsub/share/py_pubsub/package.dsv'
[1.510s] INFO:colcon.colcon_core.shell:Creating package script '/home/amejiyo/ros2_ws/install/py_pubsub/share/py_pubsub/package.sh'
[1.511s] INFO:colcon.colcon_core.shell:Creating package script '/home/amejiyo/ros2_ws/install/py_pubsub/share/py_pubsub/package.bash'
[1.511s] INFO:colcon.colcon_core.shell:Creating package script '/home/amejiyo/ros2_ws/install/py_pubsub/share/py_pubsub/package.zsh'
[1.512s] Level 1:colcon.colcon_core.environment:create_file_with_runtime_dependencies(/home/amejiyo/ros2_ws/install/py_pubsub/share/colcon-core/packages/py_pubsub)
[1.531s] Level 1:colcon.colcon_core.environment:checking '/home/amejiyo/ros2_ws/install/detection' for CMake module files
[1.532s] DEBUG:colcon.colcon_core.event_handler.log_command:Invoked command in '/home/amejiyo/ros2_ws/src/detection' returned '0': PYTHONPATH=/home/amejiyo/ros2_ws/install/detection/lib/python3.8/site-packages:${PYTHONPATH} /usr/bin/python3 setup.py egg_info --egg-base ../../build/detection build --build-base /home/amejiyo/ros2_ws/build/detection/build install --prefix /home/amejiyo/ros2_ws/install/detection --record /home/amejiyo/ros2_ws/build/detection/install.log --single-version-externally-managed
[1.533s] Level 1:colcon.colcon_core.environment:checking '/home/amejiyo/ros2_ws/install/detection' for CMake config files
[1.533s] Level 1:colcon.colcon_core.environment:checking '/home/amejiyo/ros2_ws/install/detection/lib'
[1.533s] Level 1:colcon.colcon_core.environment:checking '/home/amejiyo/ros2_ws/install/detection/bin'
[1.533s] Level 1:colcon.colcon_core.environment:checking '/home/amejiyo/ros2_ws/install/detection/lib/pkgconfig/detection.pc'
[1.533s] Level 1:colcon.colcon_core.environment:checking '/home/amejiyo/ros2_ws/install/detection/lib/python3.8/site-packages'
[1.533s] Level 1:colcon.colcon_core.shell:create_environment_hook('detection', 'pythonpath')
[1.534s] INFO:colcon.colcon_core.shell:Creating environment hook '/home/amejiyo/ros2_ws/install/detection/share/detection/hook/pythonpath.ps1'
[1.534s] INFO:colcon.colcon_core.shell:Creating environment descriptor '/home/amejiyo/ros2_ws/install/detection/share/detection/hook/pythonpath.dsv'
[1.534s] INFO:colcon.colcon_core.shell:Creating environment hook '/home/amejiyo/ros2_ws/install/detection/share/detection/hook/pythonpath.sh'
[1.535s] Level 1:colcon.colcon_core.environment:create_environment_scripts_only(detection)
[1.535s] INFO:colcon.colcon_core.shell:Creating package script '/home/amejiyo/ros2_ws/install/detection/share/detection/package.ps1'
[1.536s] INFO:colcon.colcon_core.shell:Creating package descriptor '/home/amejiyo/ros2_ws/install/detection/share/detection/package.dsv'
[1.537s] INFO:colcon.colcon_core.shell:Creating package script '/home/amejiyo/ros2_ws/install/detection/share/detection/package.sh'
[1.537s] INFO:colcon.colcon_core.shell:Creating package script '/home/amejiyo/ros2_ws/install/detection/share/detection/package.bash'
[1.537s] INFO:colcon.colcon_core.shell:Creating package script '/home/amejiyo/ros2_ws/install/detection/share/detection/package.zsh'
[1.538s] Level 1:colcon.colcon_core.environment:create_file_with_runtime_dependencies(/home/amejiyo/ros2_ws/install/detection/share/colcon-core/packages/detection)
[1.538s] DEBUG:colcon.colcon_parallel_executor.executor.parallel:closing loop
[1.538s] DEBUG:colcon.colcon_parallel_executor.executor.parallel:loop closed
[1.538s] DEBUG:colcon.colcon_parallel_executor.executor.parallel:run_until_complete finished with '0'
[1.538s] DEBUG:colcon.colcon_core.event_reactor:joining thread
[1.546s] INFO:colcon.colcon_core.plugin_system:Skipping extension 'colcon_notification.desktop_notification.terminal_notifier': Not used on non-Darwin systems
[1.546s] INFO:colcon.colcon_core.plugin_system:Skipping extension 'colcon_notification.desktop_notification.win32': Not used on non-Windows systems
[1.546s] INFO:colcon.colcon_notification.desktop_notification:Sending desktop notification using 'notify2'
[1.569s] DEBUG:colcon.colcon_core.event_reactor:joined thread
[1.570s] INFO:colcon.colcon_core.shell:Creating prefix script '/home/amejiyo/ros2_ws/install/local_setup.ps1'
[1.572s] INFO:colcon.colcon_core.shell:Creating prefix util module '/home/amejiyo/ros2_ws/install/_local_setup_util_ps1.py'
[1.574s] INFO:colcon.colcon_core.shell:Creating prefix chain script '/home/amejiyo/ros2_ws/install/setup.ps1'
[1.577s] INFO:colcon.colcon_core.shell:Creating prefix script '/home/amejiyo/ros2_ws/install/local_setup.sh'
[1.578s] INFO:colcon.colcon_core.shell:Creating prefix util module '/home/amejiyo/ros2_ws/install/_local_setup_util_sh.py'
[1.579s] INFO:colcon.colcon_core.shell:Creating prefix chain script '/home/amejiyo/ros2_ws/install/setup.sh'
[1.581s] INFO:colcon.colcon_core.shell:Creating prefix script '/home/amejiyo/ros2_ws/install/local_setup.bash'
[1.582s] INFO:colcon.colcon_core.shell:Creating prefix chain script '/home/amejiyo/ros2_ws/install/setup.bash'
[1.584s] INFO:colcon.colcon_core.shell:Creating prefix script '/home/amejiyo/ros2_ws/install/local_setup.zsh'
[1.585s] INFO:colcon.colcon_core.shell:Creating prefix chain script '/home/amejiyo/ros2_ws/install/setup.zsh'
