[0.083s] Invoking command in '/home/amejiyo/GitHub/502/detection/build/yolobot_description': CMAKE_PREFIX_PATH=/home/amejiyo/GitHub/502/detection/install/yolobot_recognition:/home/amejiyo/GitHub/502/detection/install/yolobot_gazebo:/home/amejiyo/GitHub/502/detection/install/yolobot_description:/home/amejiyo/GitHub/502/detection/install/yolobot_control:/home/amejiyo/GitHub/502/detection/install/yolobot_detection:/opt/ros/foxy:/home/amejiyo/GitHub/502/detection/install/realsense_gazebo_plugin:/home/amejiyo/GitHub/502/detection/install/interfaces /usr/bin/cmake --build /home/amejiyo/GitHub/502/detection/build/yolobot_description -- -j16 -l16
[0.444s] Invoked command in '/home/amejiyo/GitHub/502/detection/build/yolobot_description' returned '0': CMAKE_PREFIX_PATH=/home/amejiyo/GitHub/502/detection/install/yolobot_recognition:/home/amejiyo/GitHub/502/detection/install/yolobot_gazebo:/home/amejiyo/GitHub/502/detection/install/yolobot_description:/home/amejiyo/GitHub/502/detection/install/yolobot_control:/home/amejiyo/GitHub/502/detection/install/yolobot_detection:/opt/ros/foxy:/home/amejiyo/GitHub/502/detection/install/realsense_gazebo_plugin:/home/amejiyo/GitHub/502/detection/install/interfaces /usr/bin/cmake --build /home/amejiyo/GitHub/502/detection/build/yolobot_description -- -j16 -l16
[0.503s] Invoking command in '/home/amejiyo/GitHub/502/detection/build/yolobot_description': CMAKE_PREFIX_PATH=/home/amejiyo/GitHub/502/detection/install/yolobot_recognition:/home/amejiyo/GitHub/502/detection/install/yolobot_gazebo:/home/amejiyo/GitHub/502/detection/install/yolobot_description:/home/amejiyo/GitHub/502/detection/install/yolobot_control:/home/amejiyo/GitHub/502/detection/install/yolobot_detection:/opt/ros/foxy:/home/amejiyo/GitHub/502/detection/install/realsense_gazebo_plugin:/home/amejiyo/GitHub/502/detection/install/interfaces /usr/bin/cmake --install /home/amejiyo/GitHub/502/detection/build/yolobot_description
[0.521s] -- Install configuration: ""
[0.522s] -- Up-to-date: /home/amejiyo/GitHub/502/detection/install/yolobot_description/share/yolobot_description//launch
[0.522s] -- Up-to-date: /home/amejiyo/GitHub/502/detection/install/yolobot_description/share/yolobot_description//launch/spawn_yolobot.py
[0.523s] -- Up-to-date: /home/amejiyo/GitHub/502/detection/install/yolobot_description/share/yolobot_description//launch/spawn_yolobot_launch.launch.py
[0.523s] -- Up-to-date: /home/amejiyo/GitHub/502/detection/install/yolobot_description/share/yolobot_description//robot
[0.523s] -- Installing: /home/amejiyo/GitHub/502/detection/install/yolobot_description/share/yolobot_description//robot/yolobot.urdf
[0.523s] -- Up-to-date: /home/amejiyo/GitHub/502/detection/install/yolobot_description/lib/yolobot_description/spawn_yolobot.py
[0.525s] -- Up-to-date: /home/amejiyo/GitHub/502/detection/install/yolobot_description/share/ament_index/resource_index/package_run_dependencies/yolobot_description
[0.525s] -- Up-to-date: /home/amejiyo/GitHub/502/detection/install/yolobot_description/share/ament_index/resource_index/parent_prefix_path/yolobot_description
[0.525s] -- Up-to-date: /home/amejiyo/GitHub/502/detection/install/yolobot_description/share/yolobot_description/environment/ament_prefix_path.sh
[0.526s] -- Up-to-date: /home/amejiyo/GitHub/502/detection/install/yolobot_description/share/yolobot_description/environment/ament_prefix_path.dsv
[0.526s] -- Up-to-date: /home/amejiyo/GitHub/502/detection/install/yolobot_description/share/yolobot_description/environment/path.sh
[0.526s] -- Up-to-date: /home/amejiyo/GitHub/502/detection/install/yolobot_description/share/yolobot_description/environment/path.dsv
[0.526s] -- Up-to-date: /home/amejiyo/GitHub/502/detection/install/yolobot_description/share/yolobot_description/local_setup.bash
[0.526s] -- Up-to-date: /home/amejiyo/GitHub/502/detection/install/yolobot_description/share/yolobot_description/local_setup.sh
[0.526s] -- Up-to-date: /home/amejiyo/GitHub/502/detection/install/yolobot_description/share/yolobot_description/local_setup.zsh
[0.527s] -- Up-to-date: /home/amejiyo/GitHub/502/detection/install/yolobot_description/share/yolobot_description/local_setup.dsv
[0.527s] -- Installing: /home/amejiyo/GitHub/502/detection/install/yolobot_description/share/yolobot_description/package.dsv
[0.527s] -- Up-to-date: /home/amejiyo/GitHub/502/detection/install/yolobot_description/share/ament_index/resource_index/packages/yolobot_description
[0.527s] -- Up-to-date: /home/amejiyo/GitHub/502/detection/install/yolobot_description/share/yolobot_description/cmake/yolobot_descriptionConfig.cmake
[0.528s] -- Up-to-date: /home/amejiyo/GitHub/502/detection/install/yolobot_description/share/yolobot_description/cmake/yolobot_descriptionConfig-version.cmake
[0.529s] -- Up-to-date: /home/amejiyo/GitHub/502/detection/install/yolobot_description/share/yolobot_description/package.xml
[0.575s] Invoked command in '/home/amejiyo/GitHub/502/detection/build/yolobot_description' returned '0': CMAKE_PREFIX_PATH=/home/amejiyo/GitHub/502/detection/install/yolobot_recognition:/home/amejiyo/GitHub/502/detection/install/yolobot_gazebo:/home/amejiyo/GitHub/502/detection/install/yolobot_description:/home/amejiyo/GitHub/502/detection/install/yolobot_control:/home/amejiyo/GitHub/502/detection/install/yolobot_detection:/opt/ros/foxy:/home/amejiyo/GitHub/502/detection/install/realsense_gazebo_plugin:/home/amejiyo/GitHub/502/detection/install/interfaces /usr/bin/cmake --install /home/amejiyo/GitHub/502/detection/build/yolobot_description
