[0.104s] Invoking command in '/home/amejiyo/GitHub/502/detection/build/realsense_gazebo_plugin': /usr/bin/cmake --build /home/amejiyo/GitHub/502/detection/build/realsense_gazebo_plugin -- -j16 -l16
[0.476s] [100%] Built target realsense_gazebo_plugin
[0.478s] Invoked command in '/home/amejiyo/GitHub/502/detection/build/realsense_gazebo_plugin' returned '0': /usr/bin/cmake --build /home/amejiyo/GitHub/502/detection/build/realsense_gazebo_plugin -- -j16 -l16
[0.644s] Invoking command in '/home/amejiyo/GitHub/502/detection/build/realsense_gazebo_plugin': /usr/bin/cmake --install /home/amejiyo/GitHub/502/detection/build/realsense_gazebo_plugin
[0.660s] -- Install configuration: ""
[0.660s] -- Up-to-date: /home/amejiyo/GitHub/502/detection/install/realsense_gazebo_plugin/lib/librealsense_gazebo_plugin.so
[0.660s] -- Up-to-date: /home/amejiyo/GitHub/502/detection/install/realsense_gazebo_plugin/include/
[0.661s] -- Up-to-date: /home/amejiyo/GitHub/502/detection/install/realsense_gazebo_plugin/include//realsense_gazebo_plugin
[0.661s] -- Up-to-date: /home/amejiyo/GitHub/502/detection/install/realsense_gazebo_plugin/include//realsense_gazebo_plugin/gazebo_ros_realsense.h
[0.661s] -- Up-to-date: /home/amejiyo/GitHub/502/detection/install/realsense_gazebo_plugin/include//realsense_gazebo_plugin/RealSensePlugin.h
[0.661s] -- Up-to-date: /home/amejiyo/GitHub/502/detection/install/realsense_gazebo_plugin/share/realsense_gazebo_plugin/environment/library_path.sh
[0.661s] -- Up-to-date: /home/amejiyo/GitHub/502/detection/install/realsense_gazebo_plugin/share/realsense_gazebo_plugin/environment/library_path.dsv
[0.661s] -- Up-to-date: /home/amejiyo/GitHub/502/detection/install/realsense_gazebo_plugin/share/ament_index/resource_index/package_run_dependencies/realsense_gazebo_plugin
[0.662s] -- Up-to-date: /home/amejiyo/GitHub/502/detection/install/realsense_gazebo_plugin/share/ament_index/resource_index/parent_prefix_path/realsense_gazebo_plugin
[0.663s] -- Up-to-date: /home/amejiyo/GitHub/502/detection/install/realsense_gazebo_plugin/share/realsense_gazebo_plugin/environment/ament_prefix_path.sh
[0.663s] -- Up-to-date: /home/amejiyo/GitHub/502/detection/install/realsense_gazebo_plugin/share/realsense_gazebo_plugin/environment/ament_prefix_path.dsv
[0.663s] -- Up-to-date: /home/amejiyo/GitHub/502/detection/install/realsense_gazebo_plugin/share/realsense_gazebo_plugin/environment/path.sh
[0.663s] -- Up-to-date: /home/amejiyo/GitHub/502/detection/install/realsense_gazebo_plugin/share/realsense_gazebo_plugin/environment/path.dsv
[0.663s] -- Up-to-date: /home/amejiyo/GitHub/502/detection/install/realsense_gazebo_plugin/share/realsense_gazebo_plugin/local_setup.bash
[0.664s] -- Up-to-date: /home/amejiyo/GitHub/502/detection/install/realsense_gazebo_plugin/share/realsense_gazebo_plugin/local_setup.sh
[0.664s] -- Up-to-date: /home/amejiyo/GitHub/502/detection/install/realsense_gazebo_plugin/share/realsense_gazebo_plugin/local_setup.zsh
[0.665s] -- Up-to-date: /home/amejiyo/GitHub/502/detection/install/realsense_gazebo_plugin/share/realsense_gazebo_plugin/local_setup.dsv
[0.665s] -- Installing: /home/amejiyo/GitHub/502/detection/install/realsense_gazebo_plugin/share/realsense_gazebo_plugin/package.dsv
[0.665s] -- Up-to-date: /home/amejiyo/GitHub/502/detection/install/realsense_gazebo_plugin/share/ament_index/resource_index/packages/realsense_gazebo_plugin
[0.666s] -- Up-to-date: /home/amejiyo/GitHub/502/detection/install/realsense_gazebo_plugin/share/realsense_gazebo_plugin/cmake/ament_cmake_export_include_directories-extras.cmake
[0.666s] -- Up-to-date: /home/amejiyo/GitHub/502/detection/install/realsense_gazebo_plugin/share/realsense_gazebo_plugin/cmake/ament_cmake_export_libraries-extras.cmake
[0.666s] -- Up-to-date: /home/amejiyo/GitHub/502/detection/install/realsense_gazebo_plugin/share/realsense_gazebo_plugin/cmake/realsense_gazebo_pluginConfig.cmake
[0.666s] -- Up-to-date: /home/amejiyo/GitHub/502/detection/install/realsense_gazebo_plugin/share/realsense_gazebo_plugin/cmake/realsense_gazebo_pluginConfig-version.cmake
[0.666s] -- Up-to-date: /home/amejiyo/GitHub/502/detection/install/realsense_gazebo_plugin/share/realsense_gazebo_plugin/package.xml
[0.691s] Invoked command in '/home/amejiyo/GitHub/502/detection/build/realsense_gazebo_plugin' returned '0': /usr/bin/cmake --install /home/amejiyo/GitHub/502/detection/build/realsense_gazebo_plugin
