[0.594s] Invoking command in '/home/amejiyo/yolobot/src/yolobot_detection': PYTHONPATH=/home/amejiyo/yolobot/install/yolobot_detection/lib/python3.8/site-packages:${PYTHONPATH} /usr/bin/python3 setup.py egg_info --egg-base ../../build/yolobot_detection build --build-base /home/amejiyo/yolobot/build/yolobot_detection/build install --prefix /home/amejiyo/yolobot/install/yolobot_detection --record /home/amejiyo/yolobot/build/yolobot_detection/install.log --single-version-externally-managed
[0.777s] running egg_info
[0.778s] writing ../../build/yolobot_detection/yolobot_detection.egg-info/PKG-INFO
[0.779s] writing dependency_links to ../../build/yolobot_detection/yolobot_detection.egg-info/dependency_links.txt
[0.779s] writing entry points to ../../build/yolobot_detection/yolobot_detection.egg-info/entry_points.txt
[0.779s] writing requirements to ../../build/yolobot_detection/yolobot_detection.egg-info/requires.txt
[0.779s] writing top-level names to ../../build/yolobot_detection/yolobot_detection.egg-info/top_level.txt
[0.805s] reading manifest file '../../build/yolobot_detection/yolobot_detection.egg-info/SOURCES.txt'
[0.806s] writing manifest file '../../build/yolobot_detection/yolobot_detection.egg-info/SOURCES.txt'
[0.807s] running build
[0.807s] running build_py
[0.807s] copying yolobot_detection/detect.py -> /home/amejiyo/yolobot/build/yolobot_detection/build/lib/yolobot_detection
[0.807s] running install
[0.807s] running install_lib
[0.808s] copying /home/amejiyo/yolobot/build/yolobot_detection/build/lib/yolobot_detection/detect.py -> /home/amejiyo/yolobot/install/yolobot_detection/lib/python3.8/site-packages/yolobot_detection
[0.809s] byte-compiling /home/amejiyo/yolobot/install/yolobot_detection/lib/python3.8/site-packages/yolobot_detection/detect.py to detect.cpython-38.pyc
[0.811s] running install_data
[0.812s] running install_egg_info
[0.813s] removing '/home/amejiyo/yolobot/install/yolobot_detection/lib/python3.8/site-packages/yolobot_detection-0.0.0-py3.8.egg-info' (and everything under it)
[0.813s] Copying ../../build/yolobot_detection/yolobot_detection.egg-info to /home/amejiyo/yolobot/install/yolobot_detection/lib/python3.8/site-packages/yolobot_detection-0.0.0-py3.8.egg-info
[0.814s] running install_scripts
[0.826s] Installing detect_talker script to /home/amejiyo/yolobot/install/yolobot_detection/lib/yoloDetection
[0.827s] writing list of installed files to '/home/amejiyo/yolobot/build/yolobot_detection/install.log'
[0.852s] Invoked command in '/home/amejiyo/yolobot/src/yolobot_detection' returned '0': PYTHONPATH=/home/amejiyo/yolobot/install/yolobot_detection/lib/python3.8/site-packages:${PYTHONPATH} /usr/bin/python3 setup.py egg_info --egg-base ../../build/yolobot_detection build --build-base /home/amejiyo/yolobot/build/yolobot_detection/build install --prefix /home/amejiyo/yolobot/install/yolobot_detection --record /home/amejiyo/yolobot/build/yolobot_detection/install.log --single-version-externally-managed
