[0.734s] Invoking command in '/home/amejiyo/yolobot/src/yolobot_detection': PYTHONPATH=/home/amejiyo/yolobot/install/yolobot_detection/lib/python3.8/site-packages:${PYTHONPATH} /usr/bin/python3 setup.py egg_info --egg-base ../../build/yolobot_detection build --build-base /home/amejiyo/yolobot/build/yolobot_detection/build install --prefix /home/amejiyo/yolobot/install/yolobot_detection --record /home/amejiyo/yolobot/build/yolobot_detection/install.log --single-version-externally-managed
[0.928s] running egg_info
[0.928s] writing ../../build/yolobot_detection/yolobot_detection.egg-info/PKG-INFO
[0.929s] writing dependency_links to ../../build/yolobot_detection/yolobot_detection.egg-info/dependency_links.txt
[0.929s] writing entry points to ../../build/yolobot_detection/yolobot_detection.egg-info/entry_points.txt
[0.929s] writing requirements to ../../build/yolobot_detection/yolobot_detection.egg-info/requires.txt
[0.930s] writing top-level names to ../../build/yolobot_detection/yolobot_detection.egg-info/top_level.txt
[0.957s] reading manifest file '../../build/yolobot_detection/yolobot_detection.egg-info/SOURCES.txt'
[0.958s] writing manifest file '../../build/yolobot_detection/yolobot_detection.egg-info/SOURCES.txt'
[0.959s] running build
[0.959s] running build_py
[0.959s] running install
[0.960s] running install_lib
[0.961s] running install_data
[0.962s] running install_egg_info
[0.964s] removing '/home/amejiyo/yolobot/install/yolobot_detection/lib/python3.8/site-packages/yolobot_detection-0.0.0-py3.8.egg-info' (and everything under it)
[0.964s] Copying ../../build/yolobot_detection/yolobot_detection.egg-info to /home/amejiyo/yolobot/install/yolobot_detection/lib/python3.8/site-packages/yolobot_detection-0.0.0-py3.8.egg-info
[0.964s] running install_scripts
[0.978s] Installing detect_talker script to /home/amejiyo/yolobot/install/yolobot_detection/lib/yolobot_detection
[0.979s] writing list of installed files to '/home/amejiyo/yolobot/build/yolobot_detection/install.log'
[1.006s] Invoked command in '/home/amejiyo/yolobot/src/yolobot_detection' returned '0': PYTHONPATH=/home/amejiyo/yolobot/install/yolobot_detection/lib/python3.8/site-packages:${PYTHONPATH} /usr/bin/python3 setup.py egg_info --egg-base ../../build/yolobot_detection build --build-base /home/amejiyo/yolobot/build/yolobot_detection/build install --prefix /home/amejiyo/yolobot/install/yolobot_detection --record /home/amejiyo/yolobot/build/yolobot_detection/install.log --single-version-externally-managed
