[0.293s] Invoking command in '/home/amejiyo/ros2_ws/build/detection_interfaces': CMAKE_PREFIX_PATH=${CMAKE_PREFIX_PATH}:/home/amejiyo/ros2_ws/install/py_pubsub:/home/amejiyo/ros2_ws/install/detection:/home/amejiyo/long_ws/install/pub_pkg:/opt/ros/foxy /usr/bin/cmake --build /home/amejiyo/ros2_ws/build/detection_interfaces -- -j16 -l16
[0.324s] -- Found ament_cmake: 0.9.9 (/opt/ros/foxy/share/ament_cmake/cmake)
[0.349s] -- Found PythonInterp: /usr/bin/python3 (found suitable version "3.8.10", minimum required is "3") 
[0.349s] -- Using PYTHON_EXECUTABLE: /usr/bin/python3
[0.556s] -- Found ament_lint_auto: 0.9.6 (/opt/ros/foxy/share/ament_lint_auto/cmake)
[0.676s] -- Found rosidl_default_generators: 1.0.1 (/opt/ros/foxy/share/rosidl_default_generators/cmake)
[0.680s] -- Using all available rosidl_typesupport_c: rosidl_typesupport_fastrtps_c;rosidl_typesupport_introspection_c
[0.685s] -- Found rosidl_adapter: 1.2.1 (/opt/ros/foxy/share/rosidl_adapter/cmake)
[0.831s] -- Using all available rosidl_typesupport_cpp: rosidl_typesupport_fastrtps_cpp;rosidl_typesupport_introspection_cpp
[0.882s] -- Found PythonInterp: /usr/bin/python3 (found version "3.8.10") 
[0.956s] -- Found ament_cmake_ros: 0.9.2 (/opt/ros/foxy/share/ament_cmake_ros/cmake)
[1.052s] -- Using all available rosidl_typesupport_c: rosidl_typesupport_fastrtps_c;rosidl_typesupport_introspection_c
[1.059s] -- Using all available rosidl_typesupport_cpp: rosidl_typesupport_fastrtps_cpp;rosidl_typesupport_introspection_cpp
[1.091s] -- Found PythonInterp: /usr/bin/python3 (found suitable version "3.8.10", minimum required is "3.5") 
[1.091s] -- Found python_cmake_module: 0.8.1 (/opt/ros/foxy/share/python_cmake_module/cmake)
[1.116s] -- Using PYTHON_EXECUTABLE: /usr/bin/python3
[1.116s] -- Using PYTHON_INCLUDE_DIRS: /usr/include/python3.8
[1.117s] -- Using PYTHON_LIBRARIES: /usr/lib/x86_64-linux-gnu/libpython3.8.so
[1.134s] -- Added test 'copyright' to check source files copyright and LICENSE
[1.136s] -- Added test 'lint_cmake' to check CMake code style
[1.137s] -- Added test 'xmllint' to check XML markup files
[1.145s] -- Configuring done
[1.185s] -- Generating done
[1.190s] -- Build files have been written to: /home/amejiyo/ros2_ws/build/detection_interfaces
[1.221s] [  3%] [34m[1mGenerating C code for ROS interfaces[0m
[1.234s] [  6%] [34m[1mGenerating C++ code for ROS interfaces[0m
[1.481s] [35m[1mScanning dependencies of target detection_interfaces__rosidl_generator_c[0m
[1.493s] [  9%] [32mBuilding C object CMakeFiles/detection_interfaces__rosidl_generator_c.dir/rosidl_generator_c/detection_interfaces/msg/detail/dect__functions.c.o[0m
[1.506s] [  9%] Built target detection_interfaces__cpp
[1.517s] [ 16%] [34m[1mGenerating C++ type support dispatch for ROS interfaces[0m
[1.517s] [ 16%] [34m[1mGenerating C++ type support for eProsima Fast-RTPS[0m
[1.517s] [ 19%] [34m[1mGenerating C++ introspection for ROS interfaces[0m
[1.532s] [ 22%] [32m[1mLinking C shared library libdetection_interfaces__rosidl_generator_c.so[0m
[1.577s] [ 22%] Built target detection_interfaces__rosidl_generator_c
[1.589s] [ 25%] [34m[1mGenerating C introspection for ROS interfaces[0m
[1.589s] [ 29%] [34m[1mGenerating C type support dispatch for ROS interfaces[0m
[1.763s] [35m[1mScanning dependencies of target detection_interfaces__rosidl_typesupport_cpp[0m
[1.763s] [35m[1mScanning dependencies of target detection_interfaces__rosidl_typesupport_introspection_cpp[0m
[1.773s] [ 35%] [32mBuilding CXX object CMakeFiles/detection_interfaces__rosidl_typesupport_cpp.dir/rosidl_typesupport_cpp/detection_interfaces/msg/dect__type_support.cpp.o[0m
[1.774s] [ 35%] [32mBuilding CXX object CMakeFiles/detection_interfaces__rosidl_typesupport_introspection_cpp.dir/rosidl_typesupport_introspection_cpp/detection_interfaces/msg/detail/dect__type_support.cpp.o[0m
[1.781s] [35m[1mScanning dependencies of target detection_interfaces__rosidl_typesupport_fastrtps_cpp[0m
[1.793s] [ 38%] [32mBuilding CXX object CMakeFiles/detection_interfaces__rosidl_typesupport_fastrtps_cpp.dir/rosidl_typesupport_fastrtps_cpp/detection_interfaces/msg/detail/dds_fastrtps/dect__type_support.cpp.o[0m
[1.843s] [35m[1mScanning dependencies of target detection_interfaces__rosidl_typesupport_c[0m
[1.848s] [35m[1mScanning dependencies of target detection_interfaces__rosidl_typesupport_introspection_c[0m
[1.855s] [ 41%] [32mBuilding CXX object CMakeFiles/detection_interfaces__rosidl_typesupport_c.dir/rosidl_typesupport_c/detection_interfaces/msg/dect__type_support.cpp.o[0m
[1.861s] [ 45%] [32mBuilding C object CMakeFiles/detection_interfaces__rosidl_typesupport_introspection_c.dir/rosidl_typesupport_introspection_c/detection_interfaces/msg/detail/dect__type_support.c.o[0m
[1.885s] [ 48%] [32m[1mLinking CXX shared library libdetection_interfaces__rosidl_typesupport_c.so[0m
[1.894s] [ 51%] [32m[1mLinking C shared library libdetection_interfaces__rosidl_typesupport_introspection_c.so[0m
[1.925s] [ 51%] Built target detection_interfaces__rosidl_typesupport_introspection_c
[1.928s] [ 51%] Built target detection_interfaces__rosidl_typesupport_c
[2.000s] [ 54%] [32m[1mLinking CXX shared library libdetection_interfaces__rosidl_typesupport_introspection_cpp.so[0m
[2.021s] [ 58%] [32m[1mLinking CXX shared library libdetection_interfaces__rosidl_typesupport_cpp.so[0m
[2.046s] [ 58%] Built target detection_interfaces__rosidl_typesupport_introspection_cpp
[2.065s] [ 58%] Built target detection_interfaces__rosidl_typesupport_cpp
[2.116s] [ 61%] [32m[1mLinking CXX shared library libdetection_interfaces__rosidl_typesupport_fastrtps_cpp.so[0m
[2.222s] [ 61%] Built target detection_interfaces__rosidl_typesupport_fastrtps_cpp
[2.233s] [ 64%] [34m[1mGenerating C type support for eProsima Fast-RTPS[0m
[2.474s] [35m[1mScanning dependencies of target detection_interfaces__rosidl_typesupport_fastrtps_c[0m
[2.488s] [ 67%] [32mBuilding CXX object CMakeFiles/detection_interfaces__rosidl_typesupport_fastrtps_c.dir/rosidl_typesupport_fastrtps_c/detection_interfaces/msg/detail/dect__type_support_c.cpp.o[0m
[2.742s] [ 70%] [32m[1mLinking CXX shared library libdetection_interfaces__rosidl_typesupport_fastrtps_c.so[0m
[2.852s] [ 70%] Built target detection_interfaces__rosidl_typesupport_fastrtps_c
[2.876s] [ 70%] Built target detection_interfaces
[2.904s] [ 74%] [34m[1mGenerating Python code for ROS interfaces[0m
[3.274s] [ 74%] Built target detection_interfaces__py
[3.287s] [35m[1mScanning dependencies of target detection_interfaces__python[0m
[3.302s] [ 77%] [32mBuilding C object CMakeFiles/detection_interfaces__python.dir/rosidl_generator_py/detection_interfaces/msg/_dect_s.c.o[0m
[3.378s] [ 80%] [32m[1mLinking C shared library rosidl_generator_py/detection_interfaces/libdetection_interfaces__python.so[0m
[3.419s] [ 80%] Built target detection_interfaces__python
[3.431s] [35m[1mScanning dependencies of target detection_interfaces__rosidl_typesupport_fastrtps_c__pyext[0m
[3.432s] [35m[1mScanning dependencies of target detection_interfaces__rosidl_typesupport_c__pyext[0m
[3.434s] [35m[1mScanning dependencies of target detection_interfaces__rosidl_typesupport_introspection_c__pyext[0m
[3.448s] [ 83%] [32mBuilding C object CMakeFiles/detection_interfaces__rosidl_typesupport_c__pyext.dir/rosidl_generator_py/detection_interfaces/_detection_interfaces_s.ep.rosidl_typesupport_c.c.o[0m
[3.449s] [ 90%] [32mBuilding C object CMakeFiles/detection_interfaces__rosidl_typesupport_introspection_c__pyext.dir/rosidl_generator_py/detection_interfaces/_detection_interfaces_s.ep.rosidl_typesupport_introspection_c.c.o[0m
[3.449s] [ 90%] [32mBuilding C object CMakeFiles/detection_interfaces__rosidl_typesupport_fastrtps_c__pyext.dir/rosidl_generator_py/detection_interfaces/_detection_interfaces_s.ep.rosidl_typesupport_fastrtps_c.c.o[0m
[3.510s] [ 96%] [32m[1mLinking C shared library rosidl_generator_py/detection_interfaces/detection_interfaces_s__rosidl_typesupport_c.cpython-38-x86_64-linux-gnu.so[0m
[3.510s] [ 96%] [32m[1mLinking C shared library rosidl_generator_py/detection_interfaces/detection_interfaces_s__rosidl_typesupport_introspection_c.cpython-38-x86_64-linux-gnu.so[0m
[3.516s] [100%] [32m[1mLinking CXX shared library rosidl_generator_py/detection_interfaces/detection_interfaces_s__rosidl_typesupport_fastrtps_c.cpython-38-x86_64-linux-gnu.so[0m
[3.548s] [100%] Built target detection_interfaces__rosidl_typesupport_introspection_c__pyext
[3.550s] [100%] Built target detection_interfaces__rosidl_typesupport_c__pyext
[3.591s] [100%] Built target detection_interfaces__rosidl_typesupport_fastrtps_c__pyext
[3.606s] Invoked command in '/home/amejiyo/ros2_ws/build/detection_interfaces' returned '0': CMAKE_PREFIX_PATH=${CMAKE_PREFIX_PATH}:/home/amejiyo/ros2_ws/install/py_pubsub:/home/amejiyo/ros2_ws/install/detection:/home/amejiyo/long_ws/install/pub_pkg:/opt/ros/foxy /usr/bin/cmake --build /home/amejiyo/ros2_ws/build/detection_interfaces -- -j16 -l16
[3.677s] Invoking command in '/home/amejiyo/ros2_ws/build/detection_interfaces': CMAKE_PREFIX_PATH=${CMAKE_PREFIX_PATH}:/home/amejiyo/ros2_ws/install/py_pubsub:/home/amejiyo/ros2_ws/install/detection:/home/amejiyo/long_ws/install/pub_pkg:/opt/ros/foxy /usr/bin/cmake --install /home/amejiyo/ros2_ws/build/detection_interfaces
[3.685s] -- Install configuration: ""
[3.686s] -- Up-to-date: /home/amejiyo/ros2_ws/install/detection_interfaces/share/ament_index/resource_index/rosidl_interfaces/detection_interfaces
[3.686s] -- Up-to-date: /home/amejiyo/ros2_ws/install/detection_interfaces/include/detection_interfaces
[3.686s] -- Up-to-date: /home/amejiyo/ros2_ws/install/detection_interfaces/include/detection_interfaces/msg
[3.686s] -- Up-to-date: /home/amejiyo/ros2_ws/install/detection_interfaces/include/detection_interfaces/msg/rosidl_generator_c__visibility_control.h
[3.686s] -- Up-to-date: /home/amejiyo/ros2_ws/install/detection_interfaces/include/detection_interfaces/msg/dectt.h
[3.686s] -- Up-to-date: /home/amejiyo/ros2_ws/install/detection_interfaces/include/detection_interfaces/msg/detail
[3.687s] -- Up-to-date: /home/amejiyo/ros2_ws/install/detection_interfaces/include/detection_interfaces/msg/detail/dectt__struct.h
[3.687s] -- Up-to-date: /home/amejiyo/ros2_ws/install/detection_interfaces/include/detection_interfaces/msg/detail/dectt__functions.h
[3.687s] -- Up-to-date: /home/amejiyo/ros2_ws/install/detection_interfaces/include/detection_interfaces/msg/detail/dectt__type_support.h
[3.687s] -- Installing: /home/amejiyo/ros2_ws/install/detection_interfaces/include/detection_interfaces/msg/detail/dect__functions.c
[3.687s] -- Installing: /home/amejiyo/ros2_ws/install/detection_interfaces/include/detection_interfaces/msg/detail/dect__type_support.h
[3.687s] -- Installing: /home/amejiyo/ros2_ws/install/detection_interfaces/include/detection_interfaces/msg/detail/dect__struct.h
[3.688s] -- Installing: /home/amejiyo/ros2_ws/install/detection_interfaces/include/detection_interfaces/msg/detail/dect__functions.h
[3.688s] -- Up-to-date: /home/amejiyo/ros2_ws/install/detection_interfaces/include/detection_interfaces/msg/detail/dectt__functions.c
[3.688s] -- Installing: /home/amejiyo/ros2_ws/install/detection_interfaces/include/detection_interfaces/msg/dect.h
[3.688s] -- Up-to-date: /home/amejiyo/ros2_ws/install/detection_interfaces/share/detection_interfaces/environment/library_path.sh
[3.688s] -- Installing: /home/amejiyo/ros2_ws/install/detection_interfaces/share/detection_interfaces/environment/library_path.dsv
[3.688s] -- Installing: /home/amejiyo/ros2_ws/install/detection_interfaces/lib/libdetection_interfaces__rosidl_generator_c.so
[3.688s] -- Set runtime path of "/home/amejiyo/ros2_ws/install/detection_interfaces/lib/libdetection_interfaces__rosidl_generator_c.so" to ""
[3.688s] -- Up-to-date: /home/amejiyo/ros2_ws/install/detection_interfaces/include/detection_interfaces
[3.688s] -- Up-to-date: /home/amejiyo/ros2_ws/install/detection_interfaces/include/detection_interfaces/msg
[3.688s] -- Up-to-date: /home/amejiyo/ros2_ws/install/detection_interfaces/include/detection_interfaces/msg/detail
[3.688s] -- Installing: /home/amejiyo/ros2_ws/install/detection_interfaces/include/detection_interfaces/msg/detail/dect__rosidl_typesupport_fastrtps_c.h
[3.688s] -- Up-to-date: /home/amejiyo/ros2_ws/install/detection_interfaces/include/detection_interfaces/msg/detail/dectt__rosidl_typesupport_fastrtps_c.h
[3.688s] -- Up-to-date: /home/amejiyo/ros2_ws/install/detection_interfaces/include/detection_interfaces/msg/rosidl_typesupport_fastrtps_c__visibility_control.h
[3.688s] -- Installing: /home/amejiyo/ros2_ws/install/detection_interfaces/lib/libdetection_interfaces__rosidl_typesupport_fastrtps_c.so
[3.689s] -- Set runtime path of "/home/amejiyo/ros2_ws/install/detection_interfaces/lib/libdetection_interfaces__rosidl_typesupport_fastrtps_c.so" to ""
[3.689s] -- Up-to-date: /home/amejiyo/ros2_ws/install/detection_interfaces/include/detection_interfaces
[3.689s] -- Up-to-date: /home/amejiyo/ros2_ws/install/detection_interfaces/include/detection_interfaces/msg
[3.689s] -- Up-to-date: /home/amejiyo/ros2_ws/install/detection_interfaces/include/detection_interfaces/msg/detail
[3.689s] -- Up-to-date: /home/amejiyo/ros2_ws/install/detection_interfaces/include/detection_interfaces/msg/detail/dds_fastrtps
[3.689s] -- Up-to-date: /home/amejiyo/ros2_ws/install/detection_interfaces/include/detection_interfaces/msg/detail/dectt__rosidl_typesupport_fastrtps_cpp.hpp
[3.689s] -- Installing: /home/amejiyo/ros2_ws/install/detection_interfaces/include/detection_interfaces/msg/detail/dect__rosidl_typesupport_fastrtps_cpp.hpp
[3.689s] -- Up-to-date: /home/amejiyo/ros2_ws/install/detection_interfaces/include/detection_interfaces/msg/rosidl_typesupport_fastrtps_cpp__visibility_control.h
[3.689s] -- Installing: /home/amejiyo/ros2_ws/install/detection_interfaces/lib/libdetection_interfaces__rosidl_typesupport_fastrtps_cpp.so
[3.689s] -- Set runtime path of "/home/amejiyo/ros2_ws/install/detection_interfaces/lib/libdetection_interfaces__rosidl_typesupport_fastrtps_cpp.so" to ""
[3.689s] -- Up-to-date: /home/amejiyo/ros2_ws/install/detection_interfaces/include/detection_interfaces
[3.689s] -- Up-to-date: /home/amejiyo/ros2_ws/install/detection_interfaces/include/detection_interfaces/msg
[3.689s] -- Up-to-date: /home/amejiyo/ros2_ws/install/detection_interfaces/include/detection_interfaces/msg/detail
[3.689s] -- Installing: /home/amejiyo/ros2_ws/install/detection_interfaces/include/detection_interfaces/msg/detail/dect__rosidl_typesupport_introspection_c.h
[3.689s] -- Up-to-date: /home/amejiyo/ros2_ws/install/detection_interfaces/include/detection_interfaces/msg/detail/dectt__rosidl_typesupport_introspection_c.h
[3.689s] -- Up-to-date: /home/amejiyo/ros2_ws/install/detection_interfaces/include/detection_interfaces/msg/detail/dectt__type_support.c
[3.689s] -- Installing: /home/amejiyo/ros2_ws/install/detection_interfaces/include/detection_interfaces/msg/detail/dect__type_support.c
[3.690s] -- Up-to-date: /home/amejiyo/ros2_ws/install/detection_interfaces/include/detection_interfaces/msg/rosidl_typesupport_introspection_c__visibility_control.h
[3.690s] -- Installing: /home/amejiyo/ros2_ws/install/detection_interfaces/lib/libdetection_interfaces__rosidl_typesupport_introspection_c.so
[3.690s] -- Set runtime path of "/home/amejiyo/ros2_ws/install/detection_interfaces/lib/libdetection_interfaces__rosidl_typesupport_introspection_c.so" to ""
[3.690s] -- Installing: /home/amejiyo/ros2_ws/install/detection_interfaces/lib/libdetection_interfaces__rosidl_typesupport_c.so
[3.690s] -- Set runtime path of "/home/amejiyo/ros2_ws/install/detection_interfaces/lib/libdetection_interfaces__rosidl_typesupport_c.so" to ""
[3.690s] -- Up-to-date: /home/amejiyo/ros2_ws/install/detection_interfaces/include/detection_interfaces
[3.690s] -- Up-to-date: /home/amejiyo/ros2_ws/install/detection_interfaces/include/detection_interfaces/msg
[3.690s] -- Up-to-date: /home/amejiyo/ros2_ws/install/detection_interfaces/include/detection_interfaces/msg/detail
[3.690s] -- Up-to-date: /home/amejiyo/ros2_ws/install/detection_interfaces/include/detection_interfaces/msg/detail/dectt__struct.hpp
[3.690s] -- Installing: /home/amejiyo/ros2_ws/install/detection_interfaces/include/detection_interfaces/msg/detail/dect__struct.hpp
[3.690s] -- Installing: /home/amejiyo/ros2_ws/install/detection_interfaces/include/detection_interfaces/msg/detail/dect__traits.hpp
[3.690s] -- Up-to-date: /home/amejiyo/ros2_ws/install/detection_interfaces/include/detection_interfaces/msg/detail/dectt__traits.hpp
[3.690s] -- Up-to-date: /home/amejiyo/ros2_ws/install/detection_interfaces/include/detection_interfaces/msg/detail/dectt__builder.hpp
[3.690s] -- Installing: /home/amejiyo/ros2_ws/install/detection_interfaces/include/detection_interfaces/msg/detail/dect__builder.hpp
[3.690s] -- Up-to-date: /home/amejiyo/ros2_ws/install/detection_interfaces/include/detection_interfaces/msg/dectt.hpp
[3.691s] -- Installing: /home/amejiyo/ros2_ws/install/detection_interfaces/include/detection_interfaces/msg/dect.hpp
[3.691s] -- Up-to-date: /home/amejiyo/ros2_ws/install/detection_interfaces/include/detection_interfaces
[3.691s] -- Up-to-date: /home/amejiyo/ros2_ws/install/detection_interfaces/include/detection_interfaces/msg
[3.691s] -- Up-to-date: /home/amejiyo/ros2_ws/install/detection_interfaces/include/detection_interfaces/msg/detail
[3.691s] -- Installing: /home/amejiyo/ros2_ws/install/detection_interfaces/include/detection_interfaces/msg/detail/dect__rosidl_typesupport_introspection_cpp.hpp
[3.691s] -- Installing: /home/amejiyo/ros2_ws/install/detection_interfaces/include/detection_interfaces/msg/detail/dect__type_support.cpp
[3.691s] -- Up-to-date: /home/amejiyo/ros2_ws/install/detection_interfaces/include/detection_interfaces/msg/detail/dectt__rosidl_typesupport_introspection_cpp.hpp
[3.691s] -- Up-to-date: /home/amejiyo/ros2_ws/install/detection_interfaces/include/detection_interfaces/msg/detail/dectt__type_support.cpp
[3.691s] -- Installing: /home/amejiyo/ros2_ws/install/detection_interfaces/lib/libdetection_interfaces__rosidl_typesupport_introspection_cpp.so
[3.691s] -- Set runtime path of "/home/amejiyo/ros2_ws/install/detection_interfaces/lib/libdetection_interfaces__rosidl_typesupport_introspection_cpp.so" to ""
[3.691s] -- Installing: /home/amejiyo/ros2_ws/install/detection_interfaces/lib/libdetection_interfaces__rosidl_typesupport_cpp.so
[3.691s] -- Set runtime path of "/home/amejiyo/ros2_ws/install/detection_interfaces/lib/libdetection_interfaces__rosidl_typesupport_cpp.so" to ""
[3.691s] -- Up-to-date: /home/amejiyo/ros2_ws/install/detection_interfaces/share/detection_interfaces/environment/pythonpath.sh
[3.691s] -- Installing: /home/amejiyo/ros2_ws/install/detection_interfaces/share/detection_interfaces/environment/pythonpath.dsv
[3.691s] -- Installing: /home/amejiyo/ros2_ws/install/detection_interfaces/lib/python3.8/site-packages/detection_interfaces/__init__.py
[3.727s] Compiling '/home/amejiyo/ros2_ws/install/detection_interfaces/lib/python3.8/site-packages/detection_interfaces/__init__.py'...
[3.733s] -- Up-to-date: /home/amejiyo/ros2_ws/install/detection_interfaces/lib/python3.8/site-packages/detection_interfaces/msg
[3.733s] -- Installing: /home/amejiyo/ros2_ws/install/detection_interfaces/lib/python3.8/site-packages/detection_interfaces/msg/_dect_s.c
[3.734s] -- Up-to-date: /home/amejiyo/ros2_ws/install/detection_interfaces/lib/python3.8/site-packages/detection_interfaces/msg/_dectt.py
[3.734s] -- Up-to-date: /home/amejiyo/ros2_ws/install/detection_interfaces/lib/python3.8/site-packages/detection_interfaces/msg/_dectt_s.c
[3.734s] -- Installing: /home/amejiyo/ros2_ws/install/detection_interfaces/lib/python3.8/site-packages/detection_interfaces/msg/__init__.py
[3.734s] -- Installing: /home/amejiyo/ros2_ws/install/detection_interfaces/lib/python3.8/site-packages/detection_interfaces/msg/_dect.py
[3.734s] -- Installing: /home/amejiyo/ros2_ws/install/detection_interfaces/lib/python3.8/site-packages/detection_interfaces/detection_interfaces_s__rosidl_typesupport_fastrtps_c.cpython-38-x86_64-linux-gnu.so
[3.735s] -- Set runtime path of "/home/amejiyo/ros2_ws/install/detection_interfaces/lib/python3.8/site-packages/detection_interfaces/detection_interfaces_s__rosidl_typesupport_fastrtps_c.cpython-38-x86_64-linux-gnu.so" to ""
[3.736s] -- Installing: /home/amejiyo/ros2_ws/install/detection_interfaces/lib/python3.8/site-packages/detection_interfaces/detection_interfaces_s__rosidl_typesupport_introspection_c.cpython-38-x86_64-linux-gnu.so
[3.737s] -- Set runtime path of "/home/amejiyo/ros2_ws/install/detection_interfaces/lib/python3.8/site-packages/detection_interfaces/detection_interfaces_s__rosidl_typesupport_introspection_c.cpython-38-x86_64-linux-gnu.so" to ""
[3.737s] -- Installing: /home/amejiyo/ros2_ws/install/detection_interfaces/lib/python3.8/site-packages/detection_interfaces/detection_interfaces_s__rosidl_typesupport_c.cpython-38-x86_64-linux-gnu.so
[3.738s] -- Set runtime path of "/home/amejiyo/ros2_ws/install/detection_interfaces/lib/python3.8/site-packages/detection_interfaces/detection_interfaces_s__rosidl_typesupport_c.cpython-38-x86_64-linux-gnu.so" to ""
[3.738s] -- Installing: /home/amejiyo/ros2_ws/install/detection_interfaces/lib/libdetection_interfaces__python.so
[3.739s] -- Set runtime path of "/home/amejiyo/ros2_ws/install/detection_interfaces/lib/libdetection_interfaces__python.so" to ""
[3.739s] -- Installing: /home/amejiyo/ros2_ws/install/detection_interfaces/share/detection_interfaces/msg/Dect.idl
[3.740s] -- Installing: /home/amejiyo/ros2_ws/install/detection_interfaces/share/detection_interfaces/msg/Dect.msg
[3.740s] -- Up-to-date: /home/amejiyo/ros2_ws/install/detection_interfaces/share/ament_index/resource_index/package_run_dependencies/detection_interfaces
[3.740s] -- Up-to-date: /home/amejiyo/ros2_ws/install/detection_interfaces/share/ament_index/resource_index/parent_prefix_path/detection_interfaces
[3.740s] -- Up-to-date: /home/amejiyo/ros2_ws/install/detection_interfaces/share/detection_interfaces/environment/ament_prefix_path.sh
[3.740s] -- Installing: /home/amejiyo/ros2_ws/install/detection_interfaces/share/detection_interfaces/environment/ament_prefix_path.dsv
[3.740s] -- Up-to-date: /home/amejiyo/ros2_ws/install/detection_interfaces/share/detection_interfaces/environment/path.sh
[3.740s] -- Installing: /home/amejiyo/ros2_ws/install/detection_interfaces/share/detection_interfaces/environment/path.dsv
[3.740s] -- Up-to-date: /home/amejiyo/ros2_ws/install/detection_interfaces/share/detection_interfaces/local_setup.bash
[3.740s] -- Up-to-date: /home/amejiyo/ros2_ws/install/detection_interfaces/share/detection_interfaces/local_setup.sh
[3.740s] -- Up-to-date: /home/amejiyo/ros2_ws/install/detection_interfaces/share/detection_interfaces/local_setup.zsh
[3.740s] -- Installing: /home/amejiyo/ros2_ws/install/detection_interfaces/share/detection_interfaces/local_setup.dsv
[3.741s] -- Installing: /home/amejiyo/ros2_ws/install/detection_interfaces/share/detection_interfaces/package.dsv
[3.741s] -- Up-to-date: /home/amejiyo/ros2_ws/install/detection_interfaces/share/ament_index/resource_index/packages/detection_interfaces
[3.741s] -- Up-to-date: /home/amejiyo/ros2_ws/install/detection_interfaces/share/detection_interfaces/cmake/detection_interfaces__rosidl_generator_cExport.cmake
[3.741s] -- Installing: /home/amejiyo/ros2_ws/install/detection_interfaces/share/detection_interfaces/cmake/detection_interfaces__rosidl_generator_cExport-noconfig.cmake
[3.741s] -- Up-to-date: /home/amejiyo/ros2_ws/install/detection_interfaces/share/detection_interfaces/cmake/detection_interfaces__rosidl_typesupport_introspection_cExport.cmake
[3.741s] -- Installing: /home/amejiyo/ros2_ws/install/detection_interfaces/share/detection_interfaces/cmake/detection_interfaces__rosidl_typesupport_introspection_cExport-noconfig.cmake
[3.741s] -- Up-to-date: /home/amejiyo/ros2_ws/install/detection_interfaces/share/detection_interfaces/cmake/detection_interfaces__rosidl_typesupport_cExport.cmake
[3.741s] -- Installing: /home/amejiyo/ros2_ws/install/detection_interfaces/share/detection_interfaces/cmake/detection_interfaces__rosidl_typesupport_cExport-noconfig.cmake
[3.742s] -- Up-to-date: /home/amejiyo/ros2_ws/install/detection_interfaces/share/detection_interfaces/cmake/detection_interfaces__rosidl_generator_cppExport.cmake
[3.742s] -- Up-to-date: /home/amejiyo/ros2_ws/install/detection_interfaces/share/detection_interfaces/cmake/detection_interfaces__rosidl_typesupport_introspection_cppExport.cmake
[3.742s] -- Installing: /home/amejiyo/ros2_ws/install/detection_interfaces/share/detection_interfaces/cmake/detection_interfaces__rosidl_typesupport_introspection_cppExport-noconfig.cmake
[3.743s] -- Up-to-date: /home/amejiyo/ros2_ws/install/detection_interfaces/share/detection_interfaces/cmake/detection_interfaces__rosidl_typesupport_cppExport.cmake
[3.743s] -- Installing: /home/amejiyo/ros2_ws/install/detection_interfaces/share/detection_interfaces/cmake/detection_interfaces__rosidl_typesupport_cppExport-noconfig.cmake
[3.743s] -- Up-to-date: /home/amejiyo/ros2_ws/install/detection_interfaces/share/detection_interfaces/cmake/rosidl_cmake-extras.cmake
[3.743s] -- Up-to-date: /home/amejiyo/ros2_ws/install/detection_interfaces/share/detection_interfaces/cmake/ament_cmake_export_dependencies-extras.cmake
[3.743s] -- Up-to-date: /home/amejiyo/ros2_ws/install/detection_interfaces/share/detection_interfaces/cmake/ament_cmake_export_libraries-extras.cmake
[3.743s] -- Up-to-date: /home/amejiyo/ros2_ws/install/detection_interfaces/share/detection_interfaces/cmake/ament_cmake_export_targets-extras.cmake
[3.743s] -- Up-to-date: /home/amejiyo/ros2_ws/install/detection_interfaces/share/detection_interfaces/cmake/ament_cmake_export_include_directories-extras.cmake
[3.743s] -- Up-to-date: /home/amejiyo/ros2_ws/install/detection_interfaces/share/detection_interfaces/cmake/rosidl_cmake_export_typesupport_libraries-extras.cmake
[3.743s] -- Up-to-date: /home/amejiyo/ros2_ws/install/detection_interfaces/share/detection_interfaces/cmake/rosidl_cmake_export_typesupport_targets-extras.cmake
[3.743s] -- Up-to-date: /home/amejiyo/ros2_ws/install/detection_interfaces/share/detection_interfaces/cmake/detection_interfacesConfig.cmake
[3.743s] -- Up-to-date: /home/amejiyo/ros2_ws/install/detection_interfaces/share/detection_interfaces/cmake/detection_interfacesConfig-version.cmake
[3.743s] -- Up-to-date: /home/amejiyo/ros2_ws/install/detection_interfaces/share/detection_interfaces/package.xml
[3.748s] Invoked command in '/home/amejiyo/ros2_ws/build/detection_interfaces' returned '0': CMAKE_PREFIX_PATH=${CMAKE_PREFIX_PATH}:/home/amejiyo/ros2_ws/install/py_pubsub:/home/amejiyo/ros2_ws/install/detection:/home/amejiyo/long_ws/install/pub_pkg:/opt/ros/foxy /usr/bin/cmake --install /home/amejiyo/ros2_ws/build/detection_interfaces
