[0.587s] Invoking command in '/home/amejiyo/yolobot/src/yolobot_detection': PYTHONPATH=/home/amejiyo/yolobot/install/yolobot_detection/lib/python3.8/site-packages:${PYTHONPATH} /usr/bin/python3 setup.py egg_info --egg-base ../../build/yolobot_detection build --build-base /home/amejiyo/yolobot/build/yolobot_detection/build install --prefix /home/amejiyo/yolobot/install/yolobot_detection --record /home/amejiyo/yolobot/build/yolobot_detection/install.log --single-version-externally-managed
[0.768s] running egg_info
[0.769s] writing ../../build/yolobot_detection/yolobot_detection.egg-info/PKG-INFO
[0.769s] writing dependency_links to ../../build/yolobot_detection/yolobot_detection.egg-info/dependency_links.txt
[0.769s] writing entry points to ../../build/yolobot_detection/yolobot_detection.egg-info/entry_points.txt
[0.770s] writing requirements to ../../build/yolobot_detection/yolobot_detection.egg-info/requires.txt
[0.770s] writing top-level names to ../../build/yolobot_detection/yolobot_detection.egg-info/top_level.txt
[0.797s] reading manifest file '../../build/yolobot_detection/yolobot_detection.egg-info/SOURCES.txt'
[0.799s] writing manifest file '../../build/yolobot_detection/yolobot_detection.egg-info/SOURCES.txt'
[0.799s] running build
[0.799s] running build_py
[0.799s] copying yolobot_detection/detect.py -> /home/amejiyo/yolobot/build/yolobot_detection/build/lib/yolobot_detection
[0.799s] running install
[0.800s] running install_lib
[0.801s] copying /home/amejiyo/yolobot/build/yolobot_detection/build/lib/yolobot_detection/detect.py -> /home/amejiyo/yolobot/install/yolobot_detection/lib/python3.8/site-packages/yolobot_detection
[0.801s] byte-compiling /home/amejiyo/yolobot/install/yolobot_detection/lib/python3.8/site-packages/yolobot_detection/detect.py to detect.cpython-38.pyc
[0.803s] running install_data
[0.804s] running install_egg_info
[0.805s] removing '/home/amejiyo/yolobot/install/yolobot_detection/lib/python3.8/site-packages/yolobot_detection-0.0.0-py3.8.egg-info' (and everything under it)
[0.806s] Copying ../../build/yolobot_detection/yolobot_detection.egg-info to /home/amejiyo/yolobot/install/yolobot_detection/lib/python3.8/site-packages/yolobot_detection-0.0.0-py3.8.egg-info
[0.806s] running install_scripts
[0.819s] Installing detect_talker script to /home/amejiyo/yolobot/install/yolobot_detection/lib/yolobot_detection
[0.820s] writing list of installed files to '/home/amejiyo/yolobot/build/yolobot_detection/install.log'
[0.844s] Invoked command in '/home/amejiyo/yolobot/src/yolobot_detection' returned '0': PYTHONPATH=/home/amejiyo/yolobot/install/yolobot_detection/lib/python3.8/site-packages:${PYTHONPATH} /usr/bin/python3 setup.py egg_info --egg-base ../../build/yolobot_detection build --build-base /home/amejiyo/yolobot/build/yolobot_detection/build install --prefix /home/amejiyo/yolobot/install/yolobot_detection --record /home/amejiyo/yolobot/build/yolobot_detection/install.log --single-version-externally-managed
