[0.055s] Invoking command in '/home/amejiyo/yolobot/build/interfaces': CMAKE_PREFIX_PATH=${CMAKE_PREFIX_PATH}:/home/amejiyo/ros2_ws/install/py_pubsub:/home/amejiyo/ros2_ws/install/opencv_tests:/home/amejiyo/ros2_ws/install/detection:/home/amejiyo/yolobot/install/yolobot_recognition:/opt/ros/foxy /usr/bin/cmake --build /home/amejiyo/yolobot/build/interfaces -- -j16 -l16
[0.379s] [ 12%] Built target interfaces__rosidl_generator_c
[0.379s] [  9%] Built target interfaces__cpp
[0.379s] [ 22%] Built target interfaces__rosidl_typesupport_cpp
[0.383s] [ 32%] Built target interfaces__rosidl_typesupport_c
[0.383s] [ 41%] Built target interfaces__rosidl_typesupport_introspection_c
[0.383s] [ 51%] Built target interfaces__rosidl_typesupport_introspection_cpp
[0.384s] [ 61%] Built target interfaces__rosidl_typesupport_fastrtps_cpp
[0.384s] [ 70%] Built target interfaces__rosidl_typesupport_fastrtps_c
[0.384s] [ 70%] Built target interfaces
[0.384s] [ 74%] Built target interfaces__py
[0.384s] [ 80%] Built target interfaces__python
[0.384s] [ 87%] Built target interfaces__rosidl_typesupport_introspection_c__pyext
[0.384s] [ 93%] Built target interfaces__rosidl_typesupport_c__pyext
[0.386s] [100%] Built target interfaces__rosidl_typesupport_fastrtps_c__pyext
[0.398s] Invoked command in '/home/amejiyo/yolobot/build/interfaces' returned '0': CMAKE_PREFIX_PATH=${CMAKE_PREFIX_PATH}:/home/amejiyo/ros2_ws/install/py_pubsub:/home/amejiyo/ros2_ws/install/opencv_tests:/home/amejiyo/ros2_ws/install/detection:/home/amejiyo/yolobot/install/yolobot_recognition:/opt/ros/foxy /usr/bin/cmake --build /home/amejiyo/yolobot/build/interfaces -- -j16 -l16
[0.479s] Invoking command in '/home/amejiyo/yolobot/build/interfaces': CMAKE_PREFIX_PATH=${CMAKE_PREFIX_PATH}:/home/amejiyo/ros2_ws/install/py_pubsub:/home/amejiyo/ros2_ws/install/opencv_tests:/home/amejiyo/ros2_ws/install/detection:/home/amejiyo/yolobot/install/yolobot_recognition:/opt/ros/foxy /usr/bin/cmake --install /home/amejiyo/yolobot/build/interfaces
[0.488s] -- Install configuration: ""
[0.489s] -- Up-to-date: /home/amejiyo/yolobot/install/interfaces/share/ament_index/resource_index/rosidl_interfaces/interfaces
[0.489s] -- Up-to-date: /home/amejiyo/yolobot/install/interfaces/include/interfaces
[0.489s] -- Up-to-date: /home/amejiyo/yolobot/install/interfaces/include/interfaces/msg
[0.490s] -- Up-to-date: /home/amejiyo/yolobot/install/interfaces/include/interfaces/msg/rosidl_generator_c__visibility_control.h
[0.490s] -- Up-to-date: /home/amejiyo/yolobot/install/interfaces/include/interfaces/msg/detail
[0.491s] -- Up-to-date: /home/amejiyo/yolobot/install/interfaces/include/interfaces/msg/detail/dect__functions.c
[0.491s] -- Up-to-date: /home/amejiyo/yolobot/install/interfaces/include/interfaces/msg/detail/dect__type_support.h
[0.491s] -- Up-to-date: /home/amejiyo/yolobot/install/interfaces/include/interfaces/msg/detail/dect__struct.h
[0.491s] -- Up-to-date: /home/amejiyo/yolobot/install/interfaces/include/interfaces/msg/detail/dect__functions.h
[0.492s] -- Up-to-date: /home/amejiyo/yolobot/install/interfaces/include/interfaces/msg/dect.h
[0.492s] -- Up-to-date: /home/amejiyo/yolobot/install/interfaces/share/interfaces/environment/library_path.sh
[0.492s] -- Up-to-date: /home/amejiyo/yolobot/install/interfaces/share/interfaces/environment/library_path.dsv
[0.493s] -- Up-to-date: /home/amejiyo/yolobot/install/interfaces/lib/libinterfaces__rosidl_generator_c.so
[0.493s] -- Up-to-date: /home/amejiyo/yolobot/install/interfaces/include/interfaces
[0.494s] -- Up-to-date: /home/amejiyo/yolobot/install/interfaces/include/interfaces/msg
[0.494s] -- Up-to-date: /home/amejiyo/yolobot/install/interfaces/include/interfaces/msg/detail
[0.494s] -- Up-to-date: /home/amejiyo/yolobot/install/interfaces/include/interfaces/msg/detail/dect__rosidl_typesupport_fastrtps_c.h
[0.495s] -- Up-to-date: /home/amejiyo/yolobot/install/interfaces/include/interfaces/msg/rosidl_typesupport_fastrtps_c__visibility_control.h
[0.495s] -- Up-to-date: /home/amejiyo/yolobot/install/interfaces/lib/libinterfaces__rosidl_typesupport_fastrtps_c.so
[0.495s] -- Up-to-date: /home/amejiyo/yolobot/install/interfaces/include/interfaces
[0.495s] -- Up-to-date: /home/amejiyo/yolobot/install/interfaces/include/interfaces/msg
[0.496s] -- Up-to-date: /home/amejiyo/yolobot/install/interfaces/include/interfaces/msg/detail
[0.496s] -- Up-to-date: /home/amejiyo/yolobot/install/interfaces/include/interfaces/msg/detail/dds_fastrtps
[0.498s] -- Up-to-date: /home/amejiyo/yolobot/install/interfaces/include/interfaces/msg/detail/dect__rosidl_typesupport_fastrtps_cpp.hpp
[0.498s] -- Up-to-date: /home/amejiyo/yolobot/install/interfaces/include/interfaces/msg/rosidl_typesupport_fastrtps_cpp__visibility_control.h
[0.498s] -- Up-to-date: /home/amejiyo/yolobot/install/interfaces/lib/libinterfaces__rosidl_typesupport_fastrtps_cpp.so
[0.498s] -- Up-to-date: /home/amejiyo/yolobot/install/interfaces/include/interfaces
[0.498s] -- Up-to-date: /home/amejiyo/yolobot/install/interfaces/include/interfaces/msg
[0.498s] -- Up-to-date: /home/amejiyo/yolobot/install/interfaces/include/interfaces/msg/detail
[0.498s] -- Up-to-date: /home/amejiyo/yolobot/install/interfaces/include/interfaces/msg/detail/dect__rosidl_typesupport_introspection_c.h
[0.498s] -- Up-to-date: /home/amejiyo/yolobot/install/interfaces/include/interfaces/msg/detail/dect__type_support.c
[0.499s] -- Up-to-date: /home/amejiyo/yolobot/install/interfaces/include/interfaces/msg/rosidl_typesupport_introspection_c__visibility_control.h
[0.499s] -- Up-to-date: /home/amejiyo/yolobot/install/interfaces/lib/libinterfaces__rosidl_typesupport_introspection_c.so
[0.499s] -- Up-to-date: /home/amejiyo/yolobot/install/interfaces/lib/libinterfaces__rosidl_typesupport_c.so
[0.499s] -- Up-to-date: /home/amejiyo/yolobot/install/interfaces/include/interfaces
[0.499s] -- Up-to-date: /home/amejiyo/yolobot/install/interfaces/include/interfaces/msg
[0.499s] -- Up-to-date: /home/amejiyo/yolobot/install/interfaces/include/interfaces/msg/detail
[0.499s] -- Up-to-date: /home/amejiyo/yolobot/install/interfaces/include/interfaces/msg/detail/dect__struct.hpp
[0.499s] -- Up-to-date: /home/amejiyo/yolobot/install/interfaces/include/interfaces/msg/detail/dect__traits.hpp
[0.499s] -- Up-to-date: /home/amejiyo/yolobot/install/interfaces/include/interfaces/msg/detail/dect__builder.hpp
[0.499s] -- Up-to-date: /home/amejiyo/yolobot/install/interfaces/include/interfaces/msg/dect.hpp
[0.499s] -- Up-to-date: /home/amejiyo/yolobot/install/interfaces/include/interfaces
[0.499s] -- Up-to-date: /home/amejiyo/yolobot/install/interfaces/include/interfaces/msg
[0.499s] -- Up-to-date: /home/amejiyo/yolobot/install/interfaces/include/interfaces/msg/detail
[0.499s] -- Up-to-date: /home/amejiyo/yolobot/install/interfaces/include/interfaces/msg/detail/dect__rosidl_typesupport_introspection_cpp.hpp
[0.500s] -- Up-to-date: /home/amejiyo/yolobot/install/interfaces/include/interfaces/msg/detail/dect__type_support.cpp
[0.500s] -- Up-to-date: /home/amejiyo/yolobot/install/interfaces/lib/libinterfaces__rosidl_typesupport_introspection_cpp.so
[0.500s] -- Up-to-date: /home/amejiyo/yolobot/install/interfaces/lib/libinterfaces__rosidl_typesupport_cpp.so
[0.500s] -- Up-to-date: /home/amejiyo/yolobot/install/interfaces/share/interfaces/environment/pythonpath.sh
[0.500s] -- Up-to-date: /home/amejiyo/yolobot/install/interfaces/share/interfaces/environment/pythonpath.dsv
[0.500s] -- Up-to-date: /home/amejiyo/yolobot/install/interfaces/lib/python3.8/site-packages/interfaces/__init__.py
[0.538s] -- Up-to-date: /home/amejiyo/yolobot/install/interfaces/lib/python3.8/site-packages/interfaces/msg
[0.538s] -- Up-to-date: /home/amejiyo/yolobot/install/interfaces/lib/python3.8/site-packages/interfaces/msg/_dect_s.c
[0.538s] -- Up-to-date: /home/amejiyo/yolobot/install/interfaces/lib/python3.8/site-packages/interfaces/msg/__init__.py
[0.538s] -- Up-to-date: /home/amejiyo/yolobot/install/interfaces/lib/python3.8/site-packages/interfaces/msg/_dect.py
[0.539s] -- Up-to-date: /home/amejiyo/yolobot/install/interfaces/lib/python3.8/site-packages/interfaces/interfaces_s__rosidl_typesupport_fastrtps_c.cpython-38-x86_64-linux-gnu.so
[0.539s] -- Up-to-date: /home/amejiyo/yolobot/install/interfaces/lib/python3.8/site-packages/interfaces/interfaces_s__rosidl_typesupport_introspection_c.cpython-38-x86_64-linux-gnu.so
[0.541s] -- Up-to-date: /home/amejiyo/yolobot/install/interfaces/lib/python3.8/site-packages/interfaces/interfaces_s__rosidl_typesupport_c.cpython-38-x86_64-linux-gnu.so
[0.541s] -- Up-to-date: /home/amejiyo/yolobot/install/interfaces/lib/libinterfaces__python.so
[0.541s] -- Up-to-date: /home/amejiyo/yolobot/install/interfaces/share/interfaces/msg/Dect.idl
[0.541s] -- Up-to-date: /home/amejiyo/yolobot/install/interfaces/share/interfaces/msg/Dect.msg
[0.542s] -- Up-to-date: /home/amejiyo/yolobot/install/interfaces/share/ament_index/resource_index/package_run_dependencies/interfaces
[0.542s] -- Up-to-date: /home/amejiyo/yolobot/install/interfaces/share/ament_index/resource_index/parent_prefix_path/interfaces
[0.542s] -- Up-to-date: /home/amejiyo/yolobot/install/interfaces/share/interfaces/environment/ament_prefix_path.sh
[0.542s] -- Up-to-date: /home/amejiyo/yolobot/install/interfaces/share/interfaces/environment/ament_prefix_path.dsv
[0.542s] -- Up-to-date: /home/amejiyo/yolobot/install/interfaces/share/interfaces/environment/path.sh
[0.543s] -- Up-to-date: /home/amejiyo/yolobot/install/interfaces/share/interfaces/environment/path.dsv
[0.543s] -- Up-to-date: /home/amejiyo/yolobot/install/interfaces/share/interfaces/local_setup.bash
[0.543s] -- Up-to-date: /home/amejiyo/yolobot/install/interfaces/share/interfaces/local_setup.sh
[0.543s] -- Up-to-date: /home/amejiyo/yolobot/install/interfaces/share/interfaces/local_setup.zsh
[0.543s] -- Up-to-date: /home/amejiyo/yolobot/install/interfaces/share/interfaces/local_setup.dsv
[0.543s] -- Installing: /home/amejiyo/yolobot/install/interfaces/share/interfaces/package.dsv
[0.544s] -- Up-to-date: /home/amejiyo/yolobot/install/interfaces/share/ament_index/resource_index/packages/interfaces
[0.545s] -- Up-to-date: /home/amejiyo/yolobot/install/interfaces/share/interfaces/cmake/interfaces__rosidl_generator_cExport.cmake
[0.545s] -- Up-to-date: /home/amejiyo/yolobot/install/interfaces/share/interfaces/cmake/interfaces__rosidl_generator_cExport-noconfig.cmake
[0.546s] -- Up-to-date: /home/amejiyo/yolobot/install/interfaces/share/interfaces/cmake/interfaces__rosidl_typesupport_introspection_cExport.cmake
[0.546s] -- Up-to-date: /home/amejiyo/yolobot/install/interfaces/share/interfaces/cmake/interfaces__rosidl_typesupport_introspection_cExport-noconfig.cmake
[0.546s] -- Up-to-date: /home/amejiyo/yolobot/install/interfaces/share/interfaces/cmake/interfaces__rosidl_typesupport_cExport.cmake
[0.546s] -- Up-to-date: /home/amejiyo/yolobot/install/interfaces/share/interfaces/cmake/interfaces__rosidl_typesupport_cExport-noconfig.cmake
[0.546s] -- Up-to-date: /home/amejiyo/yolobot/install/interfaces/share/interfaces/cmake/interfaces__rosidl_generator_cppExport.cmake
[0.546s] -- Up-to-date: /home/amejiyo/yolobot/install/interfaces/share/interfaces/cmake/interfaces__rosidl_typesupport_introspection_cppExport.cmake
[0.546s] -- Up-to-date: /home/amejiyo/yolobot/install/interfaces/share/interfaces/cmake/interfaces__rosidl_typesupport_introspection_cppExport-noconfig.cmake
[0.547s] -- Up-to-date: /home/amejiyo/yolobot/install/interfaces/share/interfaces/cmake/interfaces__rosidl_typesupport_cppExport.cmake
[0.547s] -- Up-to-date: /home/amejiyo/yolobot/install/interfaces/share/interfaces/cmake/interfaces__rosidl_typesupport_cppExport-noconfig.cmake
[0.547s] -- Up-to-date: /home/amejiyo/yolobot/install/interfaces/share/interfaces/cmake/rosidl_cmake-extras.cmake
[0.547s] -- Up-to-date: /home/amejiyo/yolobot/install/interfaces/share/interfaces/cmake/ament_cmake_export_dependencies-extras.cmake
[0.547s] -- Up-to-date: /home/amejiyo/yolobot/install/interfaces/share/interfaces/cmake/ament_cmake_export_libraries-extras.cmake
[0.548s] -- Up-to-date: /home/amejiyo/yolobot/install/interfaces/share/interfaces/cmake/ament_cmake_export_targets-extras.cmake
[0.548s] -- Up-to-date: /home/amejiyo/yolobot/install/interfaces/share/interfaces/cmake/ament_cmake_export_include_directories-extras.cmake
[0.548s] -- Up-to-date: /home/amejiyo/yolobot/install/interfaces/share/interfaces/cmake/rosidl_cmake_export_typesupport_libraries-extras.cmake
[0.548s] -- Up-to-date: /home/amejiyo/yolobot/install/interfaces/share/interfaces/cmake/rosidl_cmake_export_typesupport_targets-extras.cmake
[0.548s] -- Up-to-date: /home/amejiyo/yolobot/install/interfaces/share/interfaces/cmake/interfacesConfig.cmake
[0.549s] -- Up-to-date: /home/amejiyo/yolobot/install/interfaces/share/interfaces/cmake/interfacesConfig-version.cmake
[0.549s] -- Up-to-date: /home/amejiyo/yolobot/install/interfaces/share/interfaces/package.xml
[0.551s] Invoked command in '/home/amejiyo/yolobot/build/interfaces' returned '0': CMAKE_PREFIX_PATH=${CMAKE_PREFIX_PATH}:/home/amejiyo/ros2_ws/install/py_pubsub:/home/amejiyo/ros2_ws/install/opencv_tests:/home/amejiyo/ros2_ws/install/detection:/home/amejiyo/yolobot/install/yolobot_recognition:/opt/ros/foxy /usr/bin/cmake --install /home/amejiyo/yolobot/build/interfaces
