[0.320s] Invoking command in '/home/amejiyo/yolobot/build/yolobot_recognition': CMAKE_PREFIX_PATH=/home/amejiyo/yolobot/install/yolobot_detection:/home/amejiyo/yolobot/install/yoloDetection:/home/amejiyo/GitHub/502/detection/install/yolobot_detection:/opt/ros/foxy:${CMAKE_PREFIX_PATH} /usr/bin/cmake --build /home/amejiyo/yolobot/build/yolobot_recognition -- -j16 -l16
[0.399s] Invoked command in '/home/amejiyo/yolobot/build/yolobot_recognition' returned '0': CMAKE_PREFIX_PATH=/home/amejiyo/yolobot/install/yolobot_detection:/home/amejiyo/yolobot/install/yoloDetection:/home/amejiyo/GitHub/502/detection/install/yolobot_detection:/opt/ros/foxy:${CMAKE_PREFIX_PATH} /usr/bin/cmake --build /home/amejiyo/yolobot/build/yolobot_recognition -- -j16 -l16
[0.439s] Invoking command in '/home/amejiyo/yolobot/build/yolobot_recognition': CMAKE_PREFIX_PATH=/home/amejiyo/yolobot/install/yolobot_detection:/home/amejiyo/yolobot/install/yoloDetection:/home/amejiyo/GitHub/502/detection/install/yolobot_detection:/opt/ros/foxy:${CMAKE_PREFIX_PATH} /usr/bin/cmake --install /home/amejiyo/yolobot/build/yolobot_recognition
[0.467s] -- Install configuration: ""
[0.467s] -- Up-to-date: /home/amejiyo/yolobot/install/yolobot_recognition/share/ament_index/resource_index/package_run_dependencies/yolobot_recognition
[0.468s] -- Up-to-date: /home/amejiyo/yolobot/install/yolobot_recognition/share/ament_index/resource_index/parent_prefix_path/yolobot_recognition
[0.468s] -- Up-to-date: /home/amejiyo/yolobot/install/yolobot_recognition/share/yolobot_recognition/environment/ament_prefix_path.sh
[0.469s] -- Up-to-date: /home/amejiyo/yolobot/install/yolobot_recognition/share/yolobot_recognition/environment/ament_prefix_path.dsv
[0.470s] -- Up-to-date: /home/amejiyo/yolobot/install/yolobot_recognition/share/yolobot_recognition/environment/path.sh
[0.470s] -- Up-to-date: /home/amejiyo/yolobot/install/yolobot_recognition/share/yolobot_recognition/environment/path.dsv
[0.470s] -- Up-to-date: /home/amejiyo/yolobot/install/yolobot_recognition/share/yolobot_recognition/local_setup.bash
[0.470s] -- Up-to-date: /home/amejiyo/yolobot/install/yolobot_recognition/share/yolobot_recognition/local_setup.sh
[0.470s] -- Up-to-date: /home/amejiyo/yolobot/install/yolobot_recognition/share/yolobot_recognition/local_setup.zsh
[0.470s] -- Up-to-date: /home/amejiyo/yolobot/install/yolobot_recognition/share/yolobot_recognition/local_setup.dsv
[0.470s] -- Installing: /home/amejiyo/yolobot/install/yolobot_recognition/share/yolobot_recognition/package.dsv
[0.471s] -- Up-to-date: /home/amejiyo/yolobot/install/yolobot_recognition/share/ament_index/resource_index/packages/yolobot_recognition
[0.471s] -- Up-to-date: /home/amejiyo/yolobot/install/yolobot_recognition/share/yolobot_recognition/cmake/yolobot_recognitionConfig.cmake
[0.472s] -- Up-to-date: /home/amejiyo/yolobot/install/yolobot_recognition/share/yolobot_recognition/cmake/yolobot_recognitionConfig-version.cmake
[0.472s] -- Up-to-date: /home/amejiyo/yolobot/install/yolobot_recognition/share/yolobot_recognition/package.xml
[0.472s] Invoked command in '/home/amejiyo/yolobot/build/yolobot_recognition' returned '0': CMAKE_PREFIX_PATH=/home/amejiyo/yolobot/install/yolobot_detection:/home/amejiyo/yolobot/install/yoloDetection:/home/amejiyo/GitHub/502/detection/install/yolobot_detection:/opt/ros/foxy:${CMAKE_PREFIX_PATH} /usr/bin/cmake --install /home/amejiyo/yolobot/build/yolobot_recognition
