[0.759s] Invoking command in '/home/amejiyo/yolobot/src/yolobot_detection': PYTHONPATH=/home/amejiyo/yolobot/install/yolobot_detection/lib/python3.8/site-packages:${PYTHONPATH} /usr/bin/python3 setup.py egg_info --egg-base ../../build/yolobot_detection build --build-base /home/amejiyo/yolobot/build/yolobot_detection/build install --prefix /home/amejiyo/yolobot/install/yolobot_detection --record /home/amejiyo/yolobot/build/yolobot_detection/install.log --single-version-externally-managed
[0.959s] running egg_info
[0.959s] writing ../../build/yolobot_detection/yolobot_detection.egg-info/PKG-INFO
[0.960s] writing dependency_links to ../../build/yolobot_detection/yolobot_detection.egg-info/dependency_links.txt
[0.960s] writing entry points to ../../build/yolobot_detection/yolobot_detection.egg-info/entry_points.txt
[0.960s] writing requirements to ../../build/yolobot_detection/yolobot_detection.egg-info/requires.txt
[0.960s] writing top-level names to ../../build/yolobot_detection/yolobot_detection.egg-info/top_level.txt
[0.988s] reading manifest file '../../build/yolobot_detection/yolobot_detection.egg-info/SOURCES.txt'
[0.988s] writing manifest file '../../build/yolobot_detection/yolobot_detection.egg-info/SOURCES.txt'
[0.989s] running build
[0.989s] running build_py
[0.989s] running install
[0.990s] running install_lib
[0.991s] running install_data
[0.992s] running install_egg_info
[0.994s] removing '/home/amejiyo/yolobot/install/yolobot_detection/lib/python3.8/site-packages/yolobot_detection-0.0.0-py3.8.egg-info' (and everything under it)
[0.994s] Copying ../../build/yolobot_detection/yolobot_detection.egg-info to /home/amejiyo/yolobot/install/yolobot_detection/lib/python3.8/site-packages/yolobot_detection-0.0.0-py3.8.egg-info
[0.995s] running install_scripts
[1.009s] Installing detect_talker script to /home/amejiyo/yolobot/install/yolobot_detection/lib/yolobot_detection
[1.010s] writing list of installed files to '/home/amejiyo/yolobot/build/yolobot_detection/install.log'
[1.037s] Invoked command in '/home/amejiyo/yolobot/src/yolobot_detection' returned '0': PYTHONPATH=/home/amejiyo/yolobot/install/yolobot_detection/lib/python3.8/site-packages:${PYTHONPATH} /usr/bin/python3 setup.py egg_info --egg-base ../../build/yolobot_detection build --build-base /home/amejiyo/yolobot/build/yolobot_detection/build install --prefix /home/amejiyo/yolobot/install/yolobot_detection --record /home/amejiyo/yolobot/build/yolobot_detection/install.log --single-version-externally-managed
