[1.012s] Invoking command in '/home/amejiyo/GitHub/502/detection/src/yolobot_detection': PYTHONPATH=/home/amejiyo/GitHub/502/detection/install/yolobot_detection/lib/python3.8/site-packages:${PYTHONPATH} /usr/bin/python3 setup.py egg_info --egg-base ../../build/yolobot_detection build --build-base /home/amejiyo/GitHub/502/detection/build/yolobot_detection/build install --prefix /home/amejiyo/GitHub/502/detection/install/yolobot_detection --record /home/amejiyo/GitHub/502/detection/build/yolobot_detection/install.log --single-version-externally-managed
[1.247s] running egg_info
[1.247s] writing ../../build/yolobot_detection/yolobot_detection.egg-info/PKG-INFO
[1.250s] writing dependency_links to ../../build/yolobot_detection/yolobot_detection.egg-info/dependency_links.txt
[1.250s] writing entry points to ../../build/yolobot_detection/yolobot_detection.egg-info/entry_points.txt
[1.251s] writing requirements to ../../build/yolobot_detection/yolobot_detection.egg-info/requires.txt
[1.251s] writing top-level names to ../../build/yolobot_detection/yolobot_detection.egg-info/top_level.txt
[1.282s] reading manifest file '../../build/yolobot_detection/yolobot_detection.egg-info/SOURCES.txt'
[1.283s] writing manifest file '../../build/yolobot_detection/yolobot_detection.egg-info/SOURCES.txt'
[1.284s] running build
[1.284s] running build_py
[1.285s] running install
[1.286s] running install_lib
[1.289s] running install_data
[1.291s] running install_egg_info
[1.294s] removing '/home/amejiyo/GitHub/502/detection/install/yolobot_detection/lib/python3.8/site-packages/yolobot_detection-0.0.0-py3.8.egg-info' (and everything under it)
[1.295s] Copying ../../build/yolobot_detection/yolobot_detection.egg-info to /home/amejiyo/GitHub/502/detection/install/yolobot_detection/lib/python3.8/site-packages/yolobot_detection-0.0.0-py3.8.egg-info
[1.296s] running install_scripts
[1.313s] Installing detect_talker script to /home/amejiyo/GitHub/502/detection/install/yolobot_detection/lib/yolobot_detection
[1.314s] writing list of installed files to '/home/amejiyo/GitHub/502/detection/build/yolobot_detection/install.log'
[1.354s] Invoked command in '/home/amejiyo/GitHub/502/detection/src/yolobot_detection' returned '0': PYTHONPATH=/home/amejiyo/GitHub/502/detection/install/yolobot_detection/lib/python3.8/site-packages:${PYTHONPATH} /usr/bin/python3 setup.py egg_info --egg-base ../../build/yolobot_detection build --build-base /home/amejiyo/GitHub/502/detection/build/yolobot_detection/build install --prefix /home/amejiyo/GitHub/502/detection/install/yolobot_detection --record /home/amejiyo/GitHub/502/detection/build/yolobot_detection/install.log --single-version-externally-managed
