[0.074s] Invoking command in '/home/amejiyo/yolobot/build/realsense_gazebo_plugin': /usr/bin/cmake --build /home/amejiyo/yolobot/build/realsense_gazebo_plugin -- -j16 -l16
[0.347s] [100%] Built target realsense_gazebo_plugin
[0.350s] Invoked command in '/home/amejiyo/yolobot/build/realsense_gazebo_plugin' returned '0': /usr/bin/cmake --build /home/amejiyo/yolobot/build/realsense_gazebo_plugin -- -j16 -l16
[0.432s] Invoking command in '/home/amejiyo/yolobot/build/realsense_gazebo_plugin': /usr/bin/cmake --install /home/amejiyo/yolobot/build/realsense_gazebo_plugin
[0.444s] -- Install configuration: ""
[0.445s] -- Up-to-date: /home/amejiyo/yolobot/install/realsense_gazebo_plugin/lib/librealsense_gazebo_plugin.so
[0.446s] -- Up-to-date: /home/amejiyo/yolobot/install/realsense_gazebo_plugin/include/
[0.446s] -- Up-to-date: /home/amejiyo/yolobot/install/realsense_gazebo_plugin/include//realsense_gazebo_plugin
[0.446s] -- Up-to-date: /home/amejiyo/yolobot/install/realsense_gazebo_plugin/include//realsense_gazebo_plugin/gazebo_ros_realsense.h
[0.446s] -- Up-to-date: /home/amejiyo/yolobot/install/realsense_gazebo_plugin/include//realsense_gazebo_plugin/RealSensePlugin.h
[0.447s] -- Up-to-date: /home/amejiyo/yolobot/install/realsense_gazebo_plugin/share/realsense_gazebo_plugin/environment/library_path.sh
[0.447s] -- Up-to-date: /home/amejiyo/yolobot/install/realsense_gazebo_plugin/share/realsense_gazebo_plugin/environment/library_path.dsv
[0.447s] -- Up-to-date: /home/amejiyo/yolobot/install/realsense_gazebo_plugin/share/ament_index/resource_index/package_run_dependencies/realsense_gazebo_plugin
[0.447s] -- Up-to-date: /home/amejiyo/yolobot/install/realsense_gazebo_plugin/share/ament_index/resource_index/parent_prefix_path/realsense_gazebo_plugin
[0.447s] -- Up-to-date: /home/amejiyo/yolobot/install/realsense_gazebo_plugin/share/realsense_gazebo_plugin/environment/ament_prefix_path.sh
[0.448s] -- Up-to-date: /home/amejiyo/yolobot/install/realsense_gazebo_plugin/share/realsense_gazebo_plugin/environment/ament_prefix_path.dsv
[0.448s] -- Up-to-date: /home/amejiyo/yolobot/install/realsense_gazebo_plugin/share/realsense_gazebo_plugin/environment/path.sh
[0.448s] -- Up-to-date: /home/amejiyo/yolobot/install/realsense_gazebo_plugin/share/realsense_gazebo_plugin/environment/path.dsv
[0.448s] -- Up-to-date: /home/amejiyo/yolobot/install/realsense_gazebo_plugin/share/realsense_gazebo_plugin/local_setup.bash
[0.449s] -- Up-to-date: /home/amejiyo/yolobot/install/realsense_gazebo_plugin/share/realsense_gazebo_plugin/local_setup.sh
[0.449s] -- Up-to-date: /home/amejiyo/yolobot/install/realsense_gazebo_plugin/share/realsense_gazebo_plugin/local_setup.zsh
[0.449s] -- Up-to-date: /home/amejiyo/yolobot/install/realsense_gazebo_plugin/share/realsense_gazebo_plugin/local_setup.dsv
[0.449s] -- Installing: /home/amejiyo/yolobot/install/realsense_gazebo_plugin/share/realsense_gazebo_plugin/package.dsv
[0.450s] -- Up-to-date: /home/amejiyo/yolobot/install/realsense_gazebo_plugin/share/ament_index/resource_index/packages/realsense_gazebo_plugin
[0.450s] -- Up-to-date: /home/amejiyo/yolobot/install/realsense_gazebo_plugin/share/realsense_gazebo_plugin/cmake/ament_cmake_export_include_directories-extras.cmake
[0.451s] -- Up-to-date: /home/amejiyo/yolobot/install/realsense_gazebo_plugin/share/realsense_gazebo_plugin/cmake/ament_cmake_export_libraries-extras.cmake
[0.451s] -- Up-to-date: /home/amejiyo/yolobot/install/realsense_gazebo_plugin/share/realsense_gazebo_plugin/cmake/realsense_gazebo_pluginConfig.cmake
[0.451s] -- Up-to-date: /home/amejiyo/yolobot/install/realsense_gazebo_plugin/share/realsense_gazebo_plugin/cmake/realsense_gazebo_pluginConfig-version.cmake
[0.451s] -- Up-to-date: /home/amejiyo/yolobot/install/realsense_gazebo_plugin/share/realsense_gazebo_plugin/package.xml
[0.484s] Invoked command in '/home/amejiyo/yolobot/build/realsense_gazebo_plugin' returned '0': /usr/bin/cmake --install /home/amejiyo/yolobot/build/realsense_gazebo_plugin
