[0.780s] Invoking command in '/home/amejiyo/GitHub/502/detection/src/yolobot_detection': PYTHONPATH=/home/amejiyo/GitHub/502/detection/install/yolobot_detection/lib/python3.8/site-packages:${PYTHONPATH} /usr/bin/python3 setup.py egg_info --egg-base ../../build/yolobot_detection build --build-base /home/amejiyo/GitHub/502/detection/build/yolobot_detection/build install --prefix /home/amejiyo/GitHub/502/detection/install/yolobot_detection --record /home/amejiyo/GitHub/502/detection/build/yolobot_detection/install.log --single-version-externally-managed
[0.981s] running egg_info
[0.982s] writing ../../build/yolobot_detection/yolobot_detection.egg-info/PKG-INFO
[0.982s] writing dependency_links to ../../build/yolobot_detection/yolobot_detection.egg-info/dependency_links.txt
[0.982s] writing entry points to ../../build/yolobot_detection/yolobot_detection.egg-info/entry_points.txt
[0.983s] writing requirements to ../../build/yolobot_detection/yolobot_detection.egg-info/requires.txt
[0.983s] writing top-level names to ../../build/yolobot_detection/yolobot_detection.egg-info/top_level.txt
[1.012s] reading manifest file '../../build/yolobot_detection/yolobot_detection.egg-info/SOURCES.txt'
[1.013s] writing manifest file '../../build/yolobot_detection/yolobot_detection.egg-info/SOURCES.txt'
[1.013s] running build
[1.014s] running build_py
[1.014s] copying yolobot_detection/detect.py -> /home/amejiyo/GitHub/502/detection/build/yolobot_detection/build/lib/yolobot_detection
[1.014s] running install
[1.015s] running install_lib
[1.015s] copying /home/amejiyo/GitHub/502/detection/build/yolobot_detection/build/lib/yolobot_detection/detect.py -> /home/amejiyo/GitHub/502/detection/install/yolobot_detection/lib/python3.8/site-packages/yolobot_detection
[1.016s] byte-compiling /home/amejiyo/GitHub/502/detection/install/yolobot_detection/lib/python3.8/site-packages/yolobot_detection/detect.py to detect.cpython-38.pyc
[1.019s] running install_data
[1.019s] running install_egg_info
[1.020s] removing '/home/amejiyo/GitHub/502/detection/install/yolobot_detection/lib/python3.8/site-packages/yolobot_detection-0.0.0-py3.8.egg-info' (and everything under it)
[1.021s] Copying ../../build/yolobot_detection/yolobot_detection.egg-info to /home/amejiyo/GitHub/502/detection/install/yolobot_detection/lib/python3.8/site-packages/yolobot_detection-0.0.0-py3.8.egg-info
[1.021s] running install_scripts
[1.037s] Installing detect_talker script to /home/amejiyo/GitHub/502/detection/install/yolobot_detection/lib/yolobot_detection
[1.038s] writing list of installed files to '/home/amejiyo/GitHub/502/detection/build/yolobot_detection/install.log'
[1.068s] Invoked command in '/home/amejiyo/GitHub/502/detection/src/yolobot_detection' returned '0': PYTHONPATH=/home/amejiyo/GitHub/502/detection/install/yolobot_detection/lib/python3.8/site-packages:${PYTHONPATH} /usr/bin/python3 setup.py egg_info --egg-base ../../build/yolobot_detection build --build-base /home/amejiyo/GitHub/502/detection/build/yolobot_detection/build install --prefix /home/amejiyo/GitHub/502/detection/install/yolobot_detection --record /home/amejiyo/GitHub/502/detection/build/yolobot_detection/install.log --single-version-externally-managed
