[0.061s] Invoking command in '/home/amejiyo/yolobot/build/yolobot_control': CMAKE_PREFIX_PATH=/home/amejiyo/yolobot/install/yolobot_recognition:/home/amejiyo/yolobot/install/yolobot_gazebo:/home/amejiyo/yolobot/install/yolobot_description:/home/amejiyo/yolobot/install/yolobot_control:/home/amejiyo/yolobot/install/yolobot_detection:/home/amejiyo/GitHub/502/detection/install/yolobot_detection:/opt/ros/foxy:/home/amejiyo/yolobot/install/realsense_gazebo_plugin:/home/amejiyo/yolobot/install/interfaces:/home/amejiyo/GitHub/502/detection/install/yolobot_recognition:/home/amejiyo/GitHub/502/detection/install/yolobot_gazebo:/home/amejiyo/GitHub/502/detection/install/yolobot_description:/home/amejiyo/GitHub/502/detection/install/yolobot_control:/home/amejiyo/GitHub/502/detection/install/interfaces /usr/bin/cmake --build /home/amejiyo/yolobot/build/yolobot_control -- -j16 -l16
[0.321s] Invoked command in '/home/amejiyo/yolobot/build/yolobot_control' returned '0': CMAKE_PREFIX_PATH=/home/amejiyo/yolobot/install/yolobot_recognition:/home/amejiyo/yolobot/install/yolobot_gazebo:/home/amejiyo/yolobot/install/yolobot_description:/home/amejiyo/yolobot/install/yolobot_control:/home/amejiyo/yolobot/install/yolobot_detection:/home/amejiyo/GitHub/502/detection/install/yolobot_detection:/opt/ros/foxy:/home/amejiyo/yolobot/install/realsense_gazebo_plugin:/home/amejiyo/yolobot/install/interfaces:/home/amejiyo/GitHub/502/detection/install/yolobot_recognition:/home/amejiyo/GitHub/502/detection/install/yolobot_gazebo:/home/amejiyo/GitHub/502/detection/install/yolobot_description:/home/amejiyo/GitHub/502/detection/install/yolobot_control:/home/amejiyo/GitHub/502/detection/install/interfaces /usr/bin/cmake --build /home/amejiyo/yolobot/build/yolobot_control -- -j16 -l16
[0.358s] Invoking command in '/home/amejiyo/yolobot/build/yolobot_control': CMAKE_PREFIX_PATH=/home/amejiyo/yolobot/install/yolobot_recognition:/home/amejiyo/yolobot/install/yolobot_gazebo:/home/amejiyo/yolobot/install/yolobot_description:/home/amejiyo/yolobot/install/yolobot_control:/home/amejiyo/yolobot/install/yolobot_detection:/home/amejiyo/GitHub/502/detection/install/yolobot_detection:/opt/ros/foxy:/home/amejiyo/yolobot/install/realsense_gazebo_plugin:/home/amejiyo/yolobot/install/interfaces:/home/amejiyo/GitHub/502/detection/install/yolobot_recognition:/home/amejiyo/GitHub/502/detection/install/yolobot_gazebo:/home/amejiyo/GitHub/502/detection/install/yolobot_description:/home/amejiyo/GitHub/502/detection/install/yolobot_control:/home/amejiyo/GitHub/502/detection/install/interfaces /usr/bin/cmake --install /home/amejiyo/yolobot/build/yolobot_control
[0.367s] -- Install configuration: ""
[0.367s] -- Up-to-date: /home/amejiyo/yolobot/install/yolobot_control/share/yolobot_control//scripts
[0.368s] -- Up-to-date: /home/amejiyo/yolobot/install/yolobot_control/share/yolobot_control//scripts/robot_control.py
[0.368s] -- Up-to-date: /home/amejiyo/yolobot/install/yolobot_control/share/yolobot_control//launch
[0.368s] -- Up-to-date: /home/amejiyo/yolobot/install/yolobot_control/share/yolobot_control//launch/yolobot_control.launch.py
[0.369s] -- Up-to-date: /home/amejiyo/yolobot/install/yolobot_control/lib/yolobot_control/robot_control.py
[0.370s] -- Up-to-date: /home/amejiyo/yolobot/install/yolobot_control/lib/yolobot_control/yolobot_control.launch.py
[0.371s] -- Up-to-date: /home/amejiyo/yolobot/install/yolobot_control/share/ament_index/resource_index/package_run_dependencies/yolobot_control
[0.371s] -- Up-to-date: /home/amejiyo/yolobot/install/yolobot_control/share/ament_index/resource_index/parent_prefix_path/yolobot_control
[0.371s] -- Up-to-date: /home/amejiyo/yolobot/install/yolobot_control/share/yolobot_control/environment/ament_prefix_path.sh
[0.371s] -- Up-to-date: /home/amejiyo/yolobot/install/yolobot_control/share/yolobot_control/environment/ament_prefix_path.dsv
[0.371s] -- Up-to-date: /home/amejiyo/yolobot/install/yolobot_control/share/yolobot_control/environment/path.sh
[0.371s] -- Up-to-date: /home/amejiyo/yolobot/install/yolobot_control/share/yolobot_control/environment/path.dsv
[0.371s] -- Up-to-date: /home/amejiyo/yolobot/install/yolobot_control/share/yolobot_control/local_setup.bash
[0.371s] -- Up-to-date: /home/amejiyo/yolobot/install/yolobot_control/share/yolobot_control/local_setup.sh
[0.371s] -- Up-to-date: /home/amejiyo/yolobot/install/yolobot_control/share/yolobot_control/local_setup.zsh
[0.371s] -- Up-to-date: /home/amejiyo/yolobot/install/yolobot_control/share/yolobot_control/local_setup.dsv
[0.371s] -- Installing: /home/amejiyo/yolobot/install/yolobot_control/share/yolobot_control/package.dsv
[0.371s] -- Up-to-date: /home/amejiyo/yolobot/install/yolobot_control/share/ament_index/resource_index/packages/yolobot_control
[0.372s] -- Up-to-date: /home/amejiyo/yolobot/install/yolobot_control/share/yolobot_control/cmake/yolobot_controlConfig.cmake
[0.372s] -- Up-to-date: /home/amejiyo/yolobot/install/yolobot_control/share/yolobot_control/cmake/yolobot_controlConfig-version.cmake
[0.374s] -- Up-to-date: /home/amejiyo/yolobot/install/yolobot_control/share/yolobot_control/package.xml
[0.384s] Invoked command in '/home/amejiyo/yolobot/build/yolobot_control' returned '0': CMAKE_PREFIX_PATH=/home/amejiyo/yolobot/install/yolobot_recognition:/home/amejiyo/yolobot/install/yolobot_gazebo:/home/amejiyo/yolobot/install/yolobot_description:/home/amejiyo/yolobot/install/yolobot_control:/home/amejiyo/yolobot/install/yolobot_detection:/home/amejiyo/GitHub/502/detection/install/yolobot_detection:/opt/ros/foxy:/home/amejiyo/yolobot/install/realsense_gazebo_plugin:/home/amejiyo/yolobot/install/interfaces:/home/amejiyo/GitHub/502/detection/install/yolobot_recognition:/home/amejiyo/GitHub/502/detection/install/yolobot_gazebo:/home/amejiyo/GitHub/502/detection/install/yolobot_description:/home/amejiyo/GitHub/502/detection/install/yolobot_control:/home/amejiyo/GitHub/502/detection/install/interfaces /usr/bin/cmake --install /home/amejiyo/yolobot/build/yolobot_control
