[0.319s] Invoking command in '/home/amejiyo/GitHub/502/detection/build/yolobot_gazebo': CMAKE_PREFIX_PATH=/home/amejiyo/yolobot/install/yolobot_recognition:/home/amejiyo/yolobot/install/yolobot_gazebo:/home/amejiyo/yolobot/install/yolobot_description:/home/amejiyo/yolobot/install/yolobot_control:/home/amejiyo/yolobot/install/yolobot_detection:/home/amejiyo/GitHub/502/detection/install/yolobot_detection:/opt/ros/foxy:/home/amejiyo/yolobot/install/realsense_gazebo_plugin:/home/amejiyo/yolobot/install/interfaces:/home/amejiyo/GitHub/502/detection/install/yolobot_recognition:/home/amejiyo/GitHub/502/detection/install/yolobot_gazebo:/home/amejiyo/GitHub/502/detection/install/yolobot_description:/home/amejiyo/GitHub/502/detection/install/yolobot_control:/home/amejiyo/GitHub/502/detection/install/realsense_gazebo_plugin:/home/amejiyo/GitHub/502/detection/install/interfaces /usr/bin/cmake --build /home/amejiyo/GitHub/502/detection/build/yolobot_gazebo -- -j16 -l16
[0.324s] CMake Error: The current CMakeCache.txt directory /home/amejiyo/GitHub/502/detection/build/yolobot_gazebo/CMakeCache.txt is different than the directory /home/amejiyo/yolobot/build/yolobot_gazebo where CMakeCache.txt was created. This may result in binaries being created in the wrong place. If you are not sure, reedit the CMakeCache.txt
[0.361s] Invoked command in '/home/amejiyo/GitHub/502/detection/build/yolobot_gazebo' returned '0': CMAKE_PREFIX_PATH=/home/amejiyo/yolobot/install/yolobot_recognition:/home/amejiyo/yolobot/install/yolobot_gazebo:/home/amejiyo/yolobot/install/yolobot_description:/home/amejiyo/yolobot/install/yolobot_control:/home/amejiyo/yolobot/install/yolobot_detection:/home/amejiyo/GitHub/502/detection/install/yolobot_detection:/opt/ros/foxy:/home/amejiyo/yolobot/install/realsense_gazebo_plugin:/home/amejiyo/yolobot/install/interfaces:/home/amejiyo/GitHub/502/detection/install/yolobot_recognition:/home/amejiyo/GitHub/502/detection/install/yolobot_gazebo:/home/amejiyo/GitHub/502/detection/install/yolobot_description:/home/amejiyo/GitHub/502/detection/install/yolobot_control:/home/amejiyo/GitHub/502/detection/install/realsense_gazebo_plugin:/home/amejiyo/GitHub/502/detection/install/interfaces /usr/bin/cmake --build /home/amejiyo/GitHub/502/detection/build/yolobot_gazebo -- -j16 -l16
[0.403s] Invoking command in '/home/amejiyo/GitHub/502/detection/build/yolobot_gazebo': CMAKE_PREFIX_PATH=/home/amejiyo/yolobot/install/yolobot_recognition:/home/amejiyo/yolobot/install/yolobot_gazebo:/home/amejiyo/yolobot/install/yolobot_description:/home/amejiyo/yolobot/install/yolobot_control:/home/amejiyo/yolobot/install/yolobot_detection:/home/amejiyo/GitHub/502/detection/install/yolobot_detection:/opt/ros/foxy:/home/amejiyo/yolobot/install/realsense_gazebo_plugin:/home/amejiyo/yolobot/install/interfaces:/home/amejiyo/GitHub/502/detection/install/yolobot_recognition:/home/amejiyo/GitHub/502/detection/install/yolobot_gazebo:/home/amejiyo/GitHub/502/detection/install/yolobot_description:/home/amejiyo/GitHub/502/detection/install/yolobot_control:/home/amejiyo/GitHub/502/detection/install/realsense_gazebo_plugin:/home/amejiyo/GitHub/502/detection/install/interfaces /usr/bin/cmake --install /home/amejiyo/GitHub/502/detection/build/yolobot_gazebo
[0.414s] -- Install configuration: ""
[0.415s] -- Up-to-date: /home/amejiyo/yolobot/install/yolobot_gazebo/share/yolobot_gazebo//launch
[0.415s] -- Up-to-date: /home/amejiyo/yolobot/install/yolobot_gazebo/share/yolobot_gazebo//launch/start_world_launch.py
[0.415s] -- Up-to-date: /home/amejiyo/yolobot/install/yolobot_gazebo/share/yolobot_gazebo//launch/yolobot_launch.py
[0.415s] -- Up-to-date: /home/amejiyo/yolobot/install/yolobot_gazebo/share/yolobot_gazebo//worlds
[0.415s] -- Up-to-date: /home/amejiyo/yolobot/install/yolobot_gazebo/share/yolobot_gazebo//worlds/yolo_test.world
[0.415s] -- Up-to-date: /home/amejiyo/yolobot/install/yolobot_gazebo/share/ament_index/resource_index/package_run_dependencies/yolobot_gazebo
[0.415s] -- Up-to-date: /home/amejiyo/yolobot/install/yolobot_gazebo/share/ament_index/resource_index/parent_prefix_path/yolobot_gazebo
[0.415s] -- Up-to-date: /home/amejiyo/yolobot/install/yolobot_gazebo/share/yolobot_gazebo/environment/ament_prefix_path.sh
[0.416s] -- Up-to-date: /home/amejiyo/yolobot/install/yolobot_gazebo/share/yolobot_gazebo/environment/ament_prefix_path.dsv
[0.416s] -- Up-to-date: /home/amejiyo/yolobot/install/yolobot_gazebo/share/yolobot_gazebo/environment/path.sh
[0.416s] -- Up-to-date: /home/amejiyo/yolobot/install/yolobot_gazebo/share/yolobot_gazebo/environment/path.dsv
[0.416s] -- Up-to-date: /home/amejiyo/yolobot/install/yolobot_gazebo/share/yolobot_gazebo/local_setup.bash
[0.416s] -- Up-to-date: /home/amejiyo/yolobot/install/yolobot_gazebo/share/yolobot_gazebo/local_setup.sh
[0.416s] -- Up-to-date: /home/amejiyo/yolobot/install/yolobot_gazebo/share/yolobot_gazebo/local_setup.zsh
[0.416s] -- Up-to-date: /home/amejiyo/yolobot/install/yolobot_gazebo/share/yolobot_gazebo/local_setup.dsv
[0.416s] -- Installing: /home/amejiyo/yolobot/install/yolobot_gazebo/share/yolobot_gazebo/package.dsv
[0.416s] -- Up-to-date: /home/amejiyo/yolobot/install/yolobot_gazebo/share/ament_index/resource_index/packages/yolobot_gazebo
[0.416s] -- Up-to-date: /home/amejiyo/yolobot/install/yolobot_gazebo/share/yolobot_gazebo/cmake/yolobot_gazeboConfig.cmake
[0.416s] -- Up-to-date: /home/amejiyo/yolobot/install/yolobot_gazebo/share/yolobot_gazebo/cmake/yolobot_gazeboConfig-version.cmake
[0.416s] -- Up-to-date: /home/amejiyo/yolobot/install/yolobot_gazebo/share/yolobot_gazebo/package.xml
[0.464s] Invoked command in '/home/amejiyo/GitHub/502/detection/build/yolobot_gazebo' returned '0': CMAKE_PREFIX_PATH=/home/amejiyo/yolobot/install/yolobot_recognition:/home/amejiyo/yolobot/install/yolobot_gazebo:/home/amejiyo/yolobot/install/yolobot_description:/home/amejiyo/yolobot/install/yolobot_control:/home/amejiyo/yolobot/install/yolobot_detection:/home/amejiyo/GitHub/502/detection/install/yolobot_detection:/opt/ros/foxy:/home/amejiyo/yolobot/install/realsense_gazebo_plugin:/home/amejiyo/yolobot/install/interfaces:/home/amejiyo/GitHub/502/detection/install/yolobot_recognition:/home/amejiyo/GitHub/502/detection/install/yolobot_gazebo:/home/amejiyo/GitHub/502/detection/install/yolobot_description:/home/amejiyo/GitHub/502/detection/install/yolobot_control:/home/amejiyo/GitHub/502/detection/install/realsense_gazebo_plugin:/home/amejiyo/GitHub/502/detection/install/interfaces /usr/bin/cmake --install /home/amejiyo/GitHub/502/detection/build/yolobot_gazebo
