[0.357s] Invoking command in '/home/amejiyo/GitHub/502/detection/build/yolobot_recognition': CMAKE_PREFIX_PATH=/opt/ros/foxy /usr/bin/cmake --build /home/amejiyo/GitHub/502/detection/build/yolobot_recognition -- -j16 -l16
[0.377s] CMake Error: The current CMakeCache.txt directory /home/amejiyo/GitHub/502/detection/build/yolobot_recognition/CMakeCache.txt is different than the directory /home/amejiyo/yolobot/build/yolobot_recognition where CMakeCache.txt was created. This may result in binaries being created in the wrong place. If you are not sure, reedit the CMakeCache.txt
[0.459s] Invoked command in '/home/amejiyo/GitHub/502/detection/build/yolobot_recognition' returned '0': CMAKE_PREFIX_PATH=/opt/ros/foxy /usr/bin/cmake --build /home/amejiyo/GitHub/502/detection/build/yolobot_recognition -- -j16 -l16
[0.537s] Invoking command in '/home/amejiyo/GitHub/502/detection/build/yolobot_recognition': CMAKE_PREFIX_PATH=/opt/ros/foxy /usr/bin/cmake --install /home/amejiyo/GitHub/502/detection/build/yolobot_recognition
[0.549s] -- Install configuration: ""
[0.550s] -- Up-to-date: /home/amejiyo/yolobot/install/yolobot_recognition/share/ament_index/resource_index/package_run_dependencies/yolobot_recognition
[0.550s] -- Up-to-date: /home/amejiyo/yolobot/install/yolobot_recognition/share/ament_index/resource_index/parent_prefix_path/yolobot_recognition
[0.550s] -- Up-to-date: /home/amejiyo/yolobot/install/yolobot_recognition/share/yolobot_recognition/environment/ament_prefix_path.sh
[0.551s] -- Up-to-date: /home/amejiyo/yolobot/install/yolobot_recognition/share/yolobot_recognition/environment/ament_prefix_path.dsv
[0.552s] -- Up-to-date: /home/amejiyo/yolobot/install/yolobot_recognition/share/yolobot_recognition/environment/path.sh
[0.552s] -- Up-to-date: /home/amejiyo/yolobot/install/yolobot_recognition/share/yolobot_recognition/environment/path.dsv
[0.553s] -- Up-to-date: /home/amejiyo/yolobot/install/yolobot_recognition/share/yolobot_recognition/local_setup.bash
[0.553s] -- Up-to-date: /home/amejiyo/yolobot/install/yolobot_recognition/share/yolobot_recognition/local_setup.sh
[0.553s] -- Up-to-date: /home/amejiyo/yolobot/install/yolobot_recognition/share/yolobot_recognition/local_setup.zsh
[0.553s] -- Up-to-date: /home/amejiyo/yolobot/install/yolobot_recognition/share/yolobot_recognition/local_setup.dsv
[0.553s] -- Up-to-date: /home/amejiyo/yolobot/install/yolobot_recognition/share/yolobot_recognition/package.dsv
[0.553s] -- Up-to-date: /home/amejiyo/yolobot/install/yolobot_recognition/share/ament_index/resource_index/packages/yolobot_recognition
[0.553s] -- Up-to-date: /home/amejiyo/yolobot/install/yolobot_recognition/share/yolobot_recognition/cmake/yolobot_recognitionConfig.cmake
[0.553s] -- Up-to-date: /home/amejiyo/yolobot/install/yolobot_recognition/share/yolobot_recognition/cmake/yolobot_recognitionConfig-version.cmake
[0.553s] -- Up-to-date: /home/amejiyo/yolobot/install/yolobot_recognition/share/yolobot_recognition/package.xml
[0.597s] Invoked command in '/home/amejiyo/GitHub/502/detection/build/yolobot_recognition' returned '0': CMAKE_PREFIX_PATH=/opt/ros/foxy /usr/bin/cmake --install /home/amejiyo/GitHub/502/detection/build/yolobot_recognition
