[0.016s] Invoking command in '/home/amejiyo/yolobot/src/interfaces/build/interfaces': CMAKE_PREFIX_PATH=${CMAKE_PREFIX_PATH}:/home/amejiyo/ros2_ws/install/py_pubsub:/home/amejiyo/ros2_ws/install/opencv_tests:/home/amejiyo/ros2_ws/install/detection:/opt/ros/foxy /usr/bin/cmake /home/amejiyo/yolobot/src/interfaces -DCMAKE_INSTALL_PREFIX=/home/amejiyo/yolobot/src/interfaces/install/interfaces
[0.030s] -- Found ament_cmake: 0.9.9 (/opt/ros/foxy/share/ament_cmake/cmake)
[0.059s] -- Found PythonInterp: /usr/bin/python3 (found suitable version "3.8.10", minimum required is "3") 
[0.059s] -- Using PYTHON_EXECUTABLE: /usr/bin/python3
[0.254s] -- Found ament_lint_auto: 0.9.6 (/opt/ros/foxy/share/ament_lint_auto/cmake)
[0.364s] -- Found rosidl_default_generators: 1.0.1 (/opt/ros/foxy/share/rosidl_default_generators/cmake)
[0.369s] -- Using all available rosidl_typesupport_c: rosidl_typesupport_fastrtps_c;rosidl_typesupport_introspection_c
[0.372s] -- Found rosidl_adapter: 1.2.1 (/opt/ros/foxy/share/rosidl_adapter/cmake)
[0.518s] -- Using all available rosidl_typesupport_cpp: rosidl_typesupport_fastrtps_cpp;rosidl_typesupport_introspection_cpp
[0.568s] -- Found PythonInterp: /usr/bin/python3 (found version "3.8.10") 
[0.636s] -- Found ament_cmake_ros: 0.9.2 (/opt/ros/foxy/share/ament_cmake_ros/cmake)
[0.750s] -- Using all available rosidl_typesupport_c: rosidl_typesupport_fastrtps_c;rosidl_typesupport_introspection_c
[0.757s] -- Using all available rosidl_typesupport_cpp: rosidl_typesupport_fastrtps_cpp;rosidl_typesupport_introspection_cpp
[0.789s] -- Found PythonInterp: /usr/bin/python3 (found suitable version "3.8.10", minimum required is "3.5") 
[0.794s] -- Found python_cmake_module: 0.8.1 (/opt/ros/foxy/share/python_cmake_module/cmake)
[0.833s] -- Found PythonLibs: /usr/lib/x86_64-linux-gnu/libpython3.8.so (found suitable version "3.8.10", minimum required is "3.5") 
[0.833s] -- Using PYTHON_EXECUTABLE: /usr/bin/python3
[0.833s] -- Using PYTHON_INCLUDE_DIRS: /usr/include/python3.8
[0.833s] -- Using PYTHON_LIBRARIES: /usr/lib/x86_64-linux-gnu/libpython3.8.so
[0.866s] -- Found PythonExtra: .so  
[0.914s] -- Added test 'copyright' to check source files copyright and LICENSE
[0.920s] -- Added test 'cppcheck' to perform static code analysis on C / C++ code
[0.922s] -- Configured cppcheck include dirs: $<BUILD_INTERFACE:/home/amejiyo/yolobot/src/interfaces/build/interfaces/rosidl_generator_c>;/home/amejiyo/yolobot/src/interfaces/build/interfaces/rosidl_generator_c;/home/amejiyo/yolobot/src/interfaces/build/interfaces/rosidl_generator_cpp;/home/amejiyo/yolobot/src/interfaces/build/interfaces/rosidl_typesupport_fastrtps_c;/home/amejiyo/yolobot/src/interfaces/build/interfaces/rosidl_typesupport_fastrtps_cpp;$<BUILD_INTERFACE:/home/amejiyo/yolobot/src/interfaces/build/interfaces/rosidl_typesupport_introspection_c>;$<BUILD_INTERFACE:/home/amejiyo/yolobot/src/interfaces/build/interfaces/rosidl_typesupport_c>;$<BUILD_INTERFACE:/home/amejiyo/yolobot/src/interfaces/build/interfaces/rosidl_generator_cpp>;/home/amejiyo/yolobot/src/interfaces/build/interfaces/rosidl_generator_py
[0.922s] -- Configured cppcheck exclude dirs and/or files: 
[0.928s] -- Added test 'cpplint' to check C / C++ code against the Google style
[0.928s] -- Configured cpplint exclude dirs and/or files: 
[0.929s] -- Added test 'flake8' to check Python code syntax and style conventions
[0.931s] -- Added test 'lint_cmake' to check CMake code style
[0.933s] -- Added test 'pep257' to check Python code against some of the style conventions in PEP 257
[0.938s] -- Added test 'uncrustify' to check C / C++ code style
[0.938s] -- Configured uncrustify additional arguments: 
[0.940s] -- Added test 'xmllint' to check XML markup files
[0.945s] -- Configuring done
[0.970s] -- Generating done
[0.973s] -- Build files have been written to: /home/amejiyo/yolobot/src/interfaces/build/interfaces
[0.982s] Invoked command in '/home/amejiyo/yolobot/src/interfaces/build/interfaces' returned '0': CMAKE_PREFIX_PATH=${CMAKE_PREFIX_PATH}:/home/amejiyo/ros2_ws/install/py_pubsub:/home/amejiyo/ros2_ws/install/opencv_tests:/home/amejiyo/ros2_ws/install/detection:/opt/ros/foxy /usr/bin/cmake /home/amejiyo/yolobot/src/interfaces -DCMAKE_INSTALL_PREFIX=/home/amejiyo/yolobot/src/interfaces/install/interfaces
[0.986s] Invoking command in '/home/amejiyo/yolobot/src/interfaces/build/interfaces': CMAKE_PREFIX_PATH=${CMAKE_PREFIX_PATH}:/home/amejiyo/ros2_ws/install/py_pubsub:/home/amejiyo/ros2_ws/install/opencv_tests:/home/amejiyo/ros2_ws/install/detection:/opt/ros/foxy /usr/bin/cmake --build /home/amejiyo/yolobot/src/interfaces/build/interfaces -- -j16 -l16
[1.028s] [  3%] [34m[1mGenerating C code for ROS interfaces[0m
[1.028s] [35m[1mScanning dependencies of target interfaces__cpp[0m
[1.039s] [  6%] [34m[1mGenerating C++ code for ROS interfaces[0m
[1.269s] [35m[1mScanning dependencies of target interfaces__rosidl_generator_c[0m
[1.271s] [  6%] Built target interfaces__cpp
[1.282s] [ 19%] [34m[1mGenerating C++ type support dispatch for ROS interfaces[0m
[1.282s] [ 19%] [34m[1mGenerating C++ type support for eProsima Fast-RTPS[0m
[1.282s] [ 19%] [32mBuilding C object CMakeFiles/interfaces__rosidl_generator_c.dir/rosidl_generator_c/interfaces/msg/detail/dect__functions.c.o[0m
[1.282s] [ 19%] [34m[1mGenerating C++ introspection for ROS interfaces[0m
[1.318s] [ 22%] [32m[1mLinking C shared library libinterfaces__rosidl_generator_c.so[0m
[1.357s] [ 22%] Built target interfaces__rosidl_generator_c
[1.368s] [ 29%] [34m[1mGenerating C introspection for ROS interfaces[0m
[1.368s] [ 29%] [34m[1mGenerating C type support dispatch for ROS interfaces[0m
[1.512s] [35m[1mScanning dependencies of target interfaces__rosidl_typesupport_cpp[0m
[1.526s] [ 32%] [32mBuilding CXX object CMakeFiles/interfaces__rosidl_typesupport_cpp.dir/rosidl_typesupport_cpp/interfaces/msg/dect__type_support.cpp.o[0m
[1.529s] [35m[1mScanning dependencies of target interfaces__rosidl_typesupport_introspection_cpp[0m
[1.536s] [35m[1mScanning dependencies of target interfaces__rosidl_typesupport_fastrtps_cpp[0m
[1.541s] [ 35%] [32mBuilding CXX object CMakeFiles/interfaces__rosidl_typesupport_introspection_cpp.dir/rosidl_typesupport_introspection_cpp/interfaces/msg/detail/dect__type_support.cpp.o[0m
[1.550s] [ 38%] [32mBuilding CXX object CMakeFiles/interfaces__rosidl_typesupport_fastrtps_cpp.dir/rosidl_typesupport_fastrtps_cpp/interfaces/msg/detail/dds_fastrtps/dect__type_support.cpp.o[0m
[1.608s] [35m[1mScanning dependencies of target interfaces__rosidl_typesupport_c[0m
[1.614s] [35m[1mScanning dependencies of target interfaces__rosidl_typesupport_introspection_c[0m
[1.622s] [ 41%] [32mBuilding CXX object CMakeFiles/interfaces__rosidl_typesupport_c.dir/rosidl_typesupport_c/interfaces/msg/dect__type_support.cpp.o[0m
[1.629s] [ 45%] [32mBuilding C object CMakeFiles/interfaces__rosidl_typesupport_introspection_c.dir/rosidl_typesupport_introspection_c/interfaces/msg/detail/dect__type_support.c.o[0m
[1.652s] [ 48%] [32m[1mLinking CXX shared library libinterfaces__rosidl_typesupport_c.so[0m
[1.661s] [ 51%] [32m[1mLinking C shared library libinterfaces__rosidl_typesupport_introspection_c.so[0m
[1.692s] [ 51%] Built target interfaces__rosidl_typesupport_introspection_c
[1.692s] [ 51%] Built target interfaces__rosidl_typesupport_c
[1.744s] [ 54%] [32m[1mLinking CXX shared library libinterfaces__rosidl_typesupport_cpp.so[0m
[1.762s] [ 58%] [32m[1mLinking CXX shared library libinterfaces__rosidl_typesupport_introspection_cpp.so[0m
[1.783s] [ 58%] Built target interfaces__rosidl_typesupport_cpp
[1.840s] [ 58%] Built target interfaces__rosidl_typesupport_introspection_cpp
[1.886s] [ 61%] [32m[1mLinking CXX shared library libinterfaces__rosidl_typesupport_fastrtps_cpp.so[0m
[1.982s] [ 61%] Built target interfaces__rosidl_typesupport_fastrtps_cpp
[1.994s] [ 64%] [34m[1mGenerating C type support for eProsima Fast-RTPS[0m
[2.207s] [35m[1mScanning dependencies of target interfaces__rosidl_typesupport_fastrtps_c[0m
[2.221s] [ 67%] [32mBuilding CXX object CMakeFiles/interfaces__rosidl_typesupport_fastrtps_c.dir/rosidl_typesupport_fastrtps_c/interfaces/msg/detail/dect__type_support_c.cpp.o[0m
[2.448s] [ 70%] [32m[1mLinking CXX shared library libinterfaces__rosidl_typesupport_fastrtps_c.so[0m
[2.555s] [ 70%] Built target interfaces__rosidl_typesupport_fastrtps_c
[2.566s] [35m[1mScanning dependencies of target interfaces[0m
[2.577s] [ 70%] Built target interfaces
[2.588s] [35m[1mScanning dependencies of target interfaces__py[0m
[2.600s] [ 74%] [34m[1mGenerating Python code for ROS interfaces[0m
[2.949s] [ 74%] Built target interfaces__py
[2.959s] [35m[1mScanning dependencies of target interfaces__python[0m
[2.977s] [ 77%] [32mBuilding C object CMakeFiles/interfaces__python.dir/rosidl_generator_py/interfaces/msg/_dect_s.c.o[0m
[3.058s] [ 80%] [32m[1mLinking C shared library rosidl_generator_py/interfaces/libinterfaces__python.so[0m
[3.102s] [ 80%] Built target interfaces__python
[3.113s] [35m[1mScanning dependencies of target interfaces__rosidl_typesupport_introspection_c__pyext[0m
[3.116s] [35m[1mScanning dependencies of target interfaces__rosidl_typesupport_c__pyext[0m
[3.117s] [35m[1mScanning dependencies of target interfaces__rosidl_typesupport_fastrtps_c__pyext[0m
[3.130s] [ 83%] [32mBuilding C object CMakeFiles/interfaces__rosidl_typesupport_introspection_c__pyext.dir/rosidl_generator_py/interfaces/_interfaces_s.ep.rosidl_typesupport_introspection_c.c.o[0m
[3.133s] [ 87%] [32mBuilding C object CMakeFiles/interfaces__rosidl_typesupport_fastrtps_c__pyext.dir/rosidl_generator_py/interfaces/_interfaces_s.ep.rosidl_typesupport_fastrtps_c.c.o[0m
[3.135s] [ 90%] [32mBuilding C object CMakeFiles/interfaces__rosidl_typesupport_c__pyext.dir/rosidl_generator_py/interfaces/_interfaces_s.ep.rosidl_typesupport_c.c.o[0m
[3.197s] [ 93%] [32m[1mLinking C shared library rosidl_generator_py/interfaces/interfaces_s__rosidl_typesupport_introspection_c.cpython-38-x86_64-linux-gnu.so[0m
[3.197s] [100%] [32m[1mLinking C shared library rosidl_generator_py/interfaces/interfaces_s__rosidl_typesupport_c.cpython-38-x86_64-linux-gnu.so[0m
[3.198s] [100%] [32m[1mLinking CXX shared library rosidl_generator_py/interfaces/interfaces_s__rosidl_typesupport_fastrtps_c.cpython-38-x86_64-linux-gnu.so[0m
[3.235s] [100%] Built target interfaces__rosidl_typesupport_introspection_c__pyext
[3.236s] [100%] Built target interfaces__rosidl_typesupport_c__pyext
[3.258s] [100%] Built target interfaces__rosidl_typesupport_fastrtps_c__pyext
[3.274s] Invoked command in '/home/amejiyo/yolobot/src/interfaces/build/interfaces' returned '0': CMAKE_PREFIX_PATH=${CMAKE_PREFIX_PATH}:/home/amejiyo/ros2_ws/install/py_pubsub:/home/amejiyo/ros2_ws/install/opencv_tests:/home/amejiyo/ros2_ws/install/detection:/opt/ros/foxy /usr/bin/cmake --build /home/amejiyo/yolobot/src/interfaces/build/interfaces -- -j16 -l16
[3.346s] Invoking command in '/home/amejiyo/yolobot/src/interfaces/build/interfaces': CMAKE_PREFIX_PATH=${CMAKE_PREFIX_PATH}:/home/amejiyo/ros2_ws/install/py_pubsub:/home/amejiyo/ros2_ws/install/opencv_tests:/home/amejiyo/ros2_ws/install/detection:/opt/ros/foxy /usr/bin/cmake --install /home/amejiyo/yolobot/src/interfaces/build/interfaces
[3.356s] -- Install configuration: ""
[3.357s] -- Installing: /home/amejiyo/yolobot/src/interfaces/install/interfaces/share/ament_index/resource_index/rosidl_interfaces/interfaces
[3.357s] -- Installing: /home/amejiyo/yolobot/src/interfaces/install/interfaces/include/interfaces
[3.357s] -- Installing: /home/amejiyo/yolobot/src/interfaces/install/interfaces/include/interfaces/msg
[3.357s] -- Installing: /home/amejiyo/yolobot/src/interfaces/install/interfaces/include/interfaces/msg/rosidl_generator_c__visibility_control.h
[3.357s] -- Installing: /home/amejiyo/yolobot/src/interfaces/install/interfaces/include/interfaces/msg/detail
[3.357s] -- Installing: /home/amejiyo/yolobot/src/interfaces/install/interfaces/include/interfaces/msg/detail/dect__functions.c
[3.357s] -- Installing: /home/amejiyo/yolobot/src/interfaces/install/interfaces/include/interfaces/msg/detail/dect__type_support.h
[3.357s] -- Installing: /home/amejiyo/yolobot/src/interfaces/install/interfaces/include/interfaces/msg/detail/dect__struct.h
[3.357s] -- Installing: /home/amejiyo/yolobot/src/interfaces/install/interfaces/include/interfaces/msg/detail/dect__functions.h
[3.358s] -- Installing: /home/amejiyo/yolobot/src/interfaces/install/interfaces/include/interfaces/msg/dect.h
[3.358s] -- Installing: /home/amejiyo/yolobot/src/interfaces/install/interfaces/share/interfaces/environment/library_path.sh
[3.358s] -- Installing: /home/amejiyo/yolobot/src/interfaces/install/interfaces/share/interfaces/environment/library_path.dsv
[3.358s] -- Installing: /home/amejiyo/yolobot/src/interfaces/install/interfaces/lib/libinterfaces__rosidl_generator_c.so
[3.358s] -- Set runtime path of "/home/amejiyo/yolobot/src/interfaces/install/interfaces/lib/libinterfaces__rosidl_generator_c.so" to ""
[3.358s] -- Up-to-date: /home/amejiyo/yolobot/src/interfaces/install/interfaces/include/interfaces
[3.358s] -- Up-to-date: /home/amejiyo/yolobot/src/interfaces/install/interfaces/include/interfaces/msg
[3.358s] -- Up-to-date: /home/amejiyo/yolobot/src/interfaces/install/interfaces/include/interfaces/msg/detail
[3.358s] -- Installing: /home/amejiyo/yolobot/src/interfaces/install/interfaces/include/interfaces/msg/detail/dect__rosidl_typesupport_fastrtps_c.h
[3.359s] -- Installing: /home/amejiyo/yolobot/src/interfaces/install/interfaces/include/interfaces/msg/rosidl_typesupport_fastrtps_c__visibility_control.h
[3.359s] -- Installing: /home/amejiyo/yolobot/src/interfaces/install/interfaces/lib/libinterfaces__rosidl_typesupport_fastrtps_c.so
[3.359s] -- Set runtime path of "/home/amejiyo/yolobot/src/interfaces/install/interfaces/lib/libinterfaces__rosidl_typesupport_fastrtps_c.so" to ""
[3.359s] -- Up-to-date: /home/amejiyo/yolobot/src/interfaces/install/interfaces/include/interfaces
[3.359s] -- Up-to-date: /home/amejiyo/yolobot/src/interfaces/install/interfaces/include/interfaces/msg
[3.359s] -- Up-to-date: /home/amejiyo/yolobot/src/interfaces/install/interfaces/include/interfaces/msg/detail
[3.359s] -- Installing: /home/amejiyo/yolobot/src/interfaces/install/interfaces/include/interfaces/msg/detail/dds_fastrtps
[3.359s] -- Installing: /home/amejiyo/yolobot/src/interfaces/install/interfaces/include/interfaces/msg/detail/dect__rosidl_typesupport_fastrtps_cpp.hpp
[3.359s] -- Installing: /home/amejiyo/yolobot/src/interfaces/install/interfaces/include/interfaces/msg/rosidl_typesupport_fastrtps_cpp__visibility_control.h
[3.360s] -- Installing: /home/amejiyo/yolobot/src/interfaces/install/interfaces/lib/libinterfaces__rosidl_typesupport_fastrtps_cpp.so
[3.360s] -- Set runtime path of "/home/amejiyo/yolobot/src/interfaces/install/interfaces/lib/libinterfaces__rosidl_typesupport_fastrtps_cpp.so" to ""
[3.360s] -- Up-to-date: /home/amejiyo/yolobot/src/interfaces/install/interfaces/include/interfaces
[3.360s] -- Up-to-date: /home/amejiyo/yolobot/src/interfaces/install/interfaces/include/interfaces/msg
[3.360s] -- Up-to-date: /home/amejiyo/yolobot/src/interfaces/install/interfaces/include/interfaces/msg/detail
[3.360s] -- Installing: /home/amejiyo/yolobot/src/interfaces/install/interfaces/include/interfaces/msg/detail/dect__rosidl_typesupport_introspection_c.h
[3.360s] -- Installing: /home/amejiyo/yolobot/src/interfaces/install/interfaces/include/interfaces/msg/detail/dect__type_support.c
[3.360s] -- Installing: /home/amejiyo/yolobot/src/interfaces/install/interfaces/include/interfaces/msg/rosidl_typesupport_introspection_c__visibility_control.h
[3.360s] -- Installing: /home/amejiyo/yolobot/src/interfaces/install/interfaces/lib/libinterfaces__rosidl_typesupport_introspection_c.so
[3.360s] -- Set runtime path of "/home/amejiyo/yolobot/src/interfaces/install/interfaces/lib/libinterfaces__rosidl_typesupport_introspection_c.so" to ""
[3.361s] -- Installing: /home/amejiyo/yolobot/src/interfaces/install/interfaces/lib/libinterfaces__rosidl_typesupport_c.so
[3.361s] -- Set runtime path of "/home/amejiyo/yolobot/src/interfaces/install/interfaces/lib/libinterfaces__rosidl_typesupport_c.so" to ""
[3.361s] -- Up-to-date: /home/amejiyo/yolobot/src/interfaces/install/interfaces/include/interfaces
[3.361s] -- Up-to-date: /home/amejiyo/yolobot/src/interfaces/install/interfaces/include/interfaces/msg
[3.361s] -- Up-to-date: /home/amejiyo/yolobot/src/interfaces/install/interfaces/include/interfaces/msg/detail
[3.361s] -- Installing: /home/amejiyo/yolobot/src/interfaces/install/interfaces/include/interfaces/msg/detail/dect__struct.hpp
[3.361s] -- Installing: /home/amejiyo/yolobot/src/interfaces/install/interfaces/include/interfaces/msg/detail/dect__traits.hpp
[3.361s] -- Installing: /home/amejiyo/yolobot/src/interfaces/install/interfaces/include/interfaces/msg/detail/dect__builder.hpp
[3.361s] -- Installing: /home/amejiyo/yolobot/src/interfaces/install/interfaces/include/interfaces/msg/dect.hpp
[3.361s] -- Up-to-date: /home/amejiyo/yolobot/src/interfaces/install/interfaces/include/interfaces
[3.361s] -- Up-to-date: /home/amejiyo/yolobot/src/interfaces/install/interfaces/include/interfaces/msg
[3.362s] -- Up-to-date: /home/amejiyo/yolobot/src/interfaces/install/interfaces/include/interfaces/msg/detail
[3.362s] -- Installing: /home/amejiyo/yolobot/src/interfaces/install/interfaces/include/interfaces/msg/detail/dect__rosidl_typesupport_introspection_cpp.hpp
[3.362s] -- Installing: /home/amejiyo/yolobot/src/interfaces/install/interfaces/include/interfaces/msg/detail/dect__type_support.cpp
[3.362s] -- Installing: /home/amejiyo/yolobot/src/interfaces/install/interfaces/lib/libinterfaces__rosidl_typesupport_introspection_cpp.so
[3.362s] -- Set runtime path of "/home/amejiyo/yolobot/src/interfaces/install/interfaces/lib/libinterfaces__rosidl_typesupport_introspection_cpp.so" to ""
[3.362s] -- Installing: /home/amejiyo/yolobot/src/interfaces/install/interfaces/lib/libinterfaces__rosidl_typesupport_cpp.so
[3.362s] -- Set runtime path of "/home/amejiyo/yolobot/src/interfaces/install/interfaces/lib/libinterfaces__rosidl_typesupport_cpp.so" to ""
[3.362s] -- Installing: /home/amejiyo/yolobot/src/interfaces/install/interfaces/share/interfaces/environment/pythonpath.sh
[3.362s] -- Installing: /home/amejiyo/yolobot/src/interfaces/install/interfaces/share/interfaces/environment/pythonpath.dsv
[3.362s] -- Installing: /home/amejiyo/yolobot/src/interfaces/install/interfaces/lib/python3.8/site-packages/interfaces/__init__.py
[3.394s] Compiling '/home/amejiyo/yolobot/src/interfaces/install/interfaces/lib/python3.8/site-packages/interfaces/__init__.py'...
[3.399s] -- Installing: /home/amejiyo/yolobot/src/interfaces/install/interfaces/lib/python3.8/site-packages/interfaces/msg
[3.399s] -- Installing: /home/amejiyo/yolobot/src/interfaces/install/interfaces/lib/python3.8/site-packages/interfaces/msg/_dect_s.c
[3.399s] -- Installing: /home/amejiyo/yolobot/src/interfaces/install/interfaces/lib/python3.8/site-packages/interfaces/msg/__init__.py
[3.399s] -- Installing: /home/amejiyo/yolobot/src/interfaces/install/interfaces/lib/python3.8/site-packages/interfaces/msg/_dect.py
[3.400s] -- Installing: /home/amejiyo/yolobot/src/interfaces/install/interfaces/lib/python3.8/site-packages/interfaces/interfaces_s__rosidl_typesupport_fastrtps_c.cpython-38-x86_64-linux-gnu.so
[3.400s] -- Set runtime path of "/home/amejiyo/yolobot/src/interfaces/install/interfaces/lib/python3.8/site-packages/interfaces/interfaces_s__rosidl_typesupport_fastrtps_c.cpython-38-x86_64-linux-gnu.so" to ""
[3.401s] -- Installing: /home/amejiyo/yolobot/src/interfaces/install/interfaces/lib/python3.8/site-packages/interfaces/interfaces_s__rosidl_typesupport_introspection_c.cpython-38-x86_64-linux-gnu.so
[3.401s] -- Set runtime path of "/home/amejiyo/yolobot/src/interfaces/install/interfaces/lib/python3.8/site-packages/interfaces/interfaces_s__rosidl_typesupport_introspection_c.cpython-38-x86_64-linux-gnu.so" to ""
[3.402s] -- Installing: /home/amejiyo/yolobot/src/interfaces/install/interfaces/lib/python3.8/site-packages/interfaces/interfaces_s__rosidl_typesupport_c.cpython-38-x86_64-linux-gnu.so
[3.402s] -- Set runtime path of "/home/amejiyo/yolobot/src/interfaces/install/interfaces/lib/python3.8/site-packages/interfaces/interfaces_s__rosidl_typesupport_c.cpython-38-x86_64-linux-gnu.so" to ""
[3.403s] -- Installing: /home/amejiyo/yolobot/src/interfaces/install/interfaces/lib/libinterfaces__python.so
[3.403s] -- Set runtime path of "/home/amejiyo/yolobot/src/interfaces/install/interfaces/lib/libinterfaces__python.so" to ""
[3.403s] -- Installing: /home/amejiyo/yolobot/src/interfaces/install/interfaces/share/interfaces/msg/Dect.idl
[3.404s] -- Installing: /home/amejiyo/yolobot/src/interfaces/install/interfaces/share/interfaces/msg/Dect.msg
[3.404s] -- Installing: /home/amejiyo/yolobot/src/interfaces/install/interfaces/share/ament_index/resource_index/package_run_dependencies/interfaces
[3.404s] -- Installing: /home/amejiyo/yolobot/src/interfaces/install/interfaces/share/ament_index/resource_index/parent_prefix_path/interfaces
[3.404s] -- Installing: /home/amejiyo/yolobot/src/interfaces/install/interfaces/share/interfaces/environment/ament_prefix_path.sh
[3.405s] -- Installing: /home/amejiyo/yolobot/src/interfaces/install/interfaces/share/interfaces/environment/ament_prefix_path.dsv
[3.405s] -- Installing: /home/amejiyo/yolobot/src/interfaces/install/interfaces/share/interfaces/environment/path.sh
[3.405s] -- Installing: /home/amejiyo/yolobot/src/interfaces/install/interfaces/share/interfaces/environment/path.dsv
[3.405s] -- Installing: /home/amejiyo/yolobot/src/interfaces/install/interfaces/share/interfaces/local_setup.bash
[3.405s] -- Installing: /home/amejiyo/yolobot/src/interfaces/install/interfaces/share/interfaces/local_setup.sh
[3.405s] -- Installing: /home/amejiyo/yolobot/src/interfaces/install/interfaces/share/interfaces/local_setup.zsh
[3.405s] -- Installing: /home/amejiyo/yolobot/src/interfaces/install/interfaces/share/interfaces/local_setup.dsv
[3.405s] -- Installing: /home/amejiyo/yolobot/src/interfaces/install/interfaces/share/interfaces/package.dsv
[3.406s] -- Installing: /home/amejiyo/yolobot/src/interfaces/install/interfaces/share/ament_index/resource_index/packages/interfaces
[3.406s] -- Installing: /home/amejiyo/yolobot/src/interfaces/install/interfaces/share/interfaces/cmake/interfaces__rosidl_generator_cExport.cmake
[3.406s] -- Installing: /home/amejiyo/yolobot/src/interfaces/install/interfaces/share/interfaces/cmake/interfaces__rosidl_generator_cExport-noconfig.cmake
[3.407s] -- Installing: /home/amejiyo/yolobot/src/interfaces/install/interfaces/share/interfaces/cmake/interfaces__rosidl_typesupport_introspection_cExport.cmake
[3.407s] -- Installing: /home/amejiyo/yolobot/src/interfaces/install/interfaces/share/interfaces/cmake/interfaces__rosidl_typesupport_introspection_cExport-noconfig.cmake
[3.407s] -- Installing: /home/amejiyo/yolobot/src/interfaces/install/interfaces/share/interfaces/cmake/interfaces__rosidl_typesupport_cExport.cmake
[3.408s] -- Installing: /home/amejiyo/yolobot/src/interfaces/install/interfaces/share/interfaces/cmake/interfaces__rosidl_typesupport_cExport-noconfig.cmake
[3.408s] -- Installing: /home/amejiyo/yolobot/src/interfaces/install/interfaces/share/interfaces/cmake/interfaces__rosidl_generator_cppExport.cmake
[3.408s] -- Installing: /home/amejiyo/yolobot/src/interfaces/install/interfaces/share/interfaces/cmake/interfaces__rosidl_typesupport_introspection_cppExport.cmake
[3.408s] -- Installing: /home/amejiyo/yolobot/src/interfaces/install/interfaces/share/interfaces/cmake/interfaces__rosidl_typesupport_introspection_cppExport-noconfig.cmake
[3.408s] -- Installing: /home/amejiyo/yolobot/src/interfaces/install/interfaces/share/interfaces/cmake/interfaces__rosidl_typesupport_cppExport.cmake
[3.408s] -- Installing: /home/amejiyo/yolobot/src/interfaces/install/interfaces/share/interfaces/cmake/interfaces__rosidl_typesupport_cppExport-noconfig.cmake
[3.408s] -- Installing: /home/amejiyo/yolobot/src/interfaces/install/interfaces/share/interfaces/cmake/rosidl_cmake-extras.cmake
[3.409s] -- Installing: /home/amejiyo/yolobot/src/interfaces/install/interfaces/share/interfaces/cmake/ament_cmake_export_dependencies-extras.cmake
[3.409s] -- Installing: /home/amejiyo/yolobot/src/interfaces/install/interfaces/share/interfaces/cmake/ament_cmake_export_libraries-extras.cmake
[3.409s] -- Installing: /home/amejiyo/yolobot/src/interfaces/install/interfaces/share/interfaces/cmake/ament_cmake_export_targets-extras.cmake
[3.409s] -- Installing: /home/amejiyo/yolobot/src/interfaces/install/interfaces/share/interfaces/cmake/ament_cmake_export_include_directories-extras.cmake
[3.409s] -- Installing: /home/amejiyo/yolobot/src/interfaces/install/interfaces/share/interfaces/cmake/rosidl_cmake_export_typesupport_libraries-extras.cmake
[3.409s] -- Installing: /home/amejiyo/yolobot/src/interfaces/install/interfaces/share/interfaces/cmake/rosidl_cmake_export_typesupport_targets-extras.cmake
[3.409s] -- Installing: /home/amejiyo/yolobot/src/interfaces/install/interfaces/share/interfaces/cmake/interfacesConfig.cmake
[3.409s] -- Installing: /home/amejiyo/yolobot/src/interfaces/install/interfaces/share/interfaces/cmake/interfacesConfig-version.cmake
[3.409s] -- Installing: /home/amejiyo/yolobot/src/interfaces/install/interfaces/share/interfaces/package.xml
[3.412s] Invoked command in '/home/amejiyo/yolobot/src/interfaces/build/interfaces' returned '0': CMAKE_PREFIX_PATH=${CMAKE_PREFIX_PATH}:/home/amejiyo/ros2_ws/install/py_pubsub:/home/amejiyo/ros2_ws/install/opencv_tests:/home/amejiyo/ros2_ws/install/detection:/opt/ros/foxy /usr/bin/cmake --install /home/amejiyo/yolobot/src/interfaces/build/interfaces
