[0.105s] DEBUG:colcon:Command line arguments: ['/usr/bin/colcon', 'build']
[0.105s] DEBUG:colcon:Parsed command line arguments: Namespace(allow_overriding=[], ament_cmake_args=None, base_paths=['.'], build_base='build', catkin_cmake_args=None, catkin_skip_building_tests=False, cmake_args=None, cmake_clean_cache=False, cmake_clean_first=False, cmake_force_configure=False, cmake_target=None, cmake_target_skip_unavailable=False, continue_on_error=False, event_handlers=None, executor='parallel', ignore_user_meta=False, install_base='install', log_base=None, log_level=None, main=<bound method BuildVerb.main of <colcon_core.verb.build.BuildVerb object at 0x7fcbba908a30>>, merge_install=False, metas=['./colcon.meta'], packages_above=None, packages_above_and_dependencies=None, packages_above_depth=None, packages_end=None, packages_ignore=None, packages_ignore_regex=None, packages_select=None, packages_select_build_failed=False, packages_select_by_dep=None, packages_select_regex=None, packages_select_test_failures=False, packages_skip=None, packages_skip_build_finished=False, packages_skip_by_dep=None, packages_skip_regex=None, packages_skip_test_passed=False, packages_skip_up_to=None, packages_start=None, packages_up_to=None, packages_up_to_regex=None, parallel_workers=16, paths=None, symlink_install=False, test_result_base=None, verb_extension=<colcon_core.verb.build.BuildVerb object at 0x7fcbba908a30>, verb_name='build', verb_parser=<colcon_defaults.argument_parser.defaults.DefaultArgumentsDecorator object at 0x7fcbba908fa0>)
[0.122s] Level 1:colcon.colcon_core.package_discovery:discover_packages(colcon_meta) check parameters
[0.122s] Level 1:colcon.colcon_core.package_discovery:discover_packages(recursive) check parameters
[0.122s] Level 1:colcon.colcon_core.package_discovery:discover_packages(ignore) check parameters
[0.122s] Level 1:colcon.colcon_core.package_discovery:discover_packages(path) check parameters
[0.122s] Level 1:colcon.colcon_core.package_discovery:discover_packages(colcon_meta) discover
[0.122s] Level 1:colcon.colcon_core.package_discovery:discover_packages(recursive) discover
[0.122s] INFO:colcon.colcon_core.package_discovery:Crawling recursively for packages in '/home/amejiyo/GitHub/502/detection'
[0.123s] Level 1:colcon.colcon_core.package_identification:_identify(.) by extensions ['ignore', 'ignore_ament_install']
[0.123s] Level 1:colcon.colcon_core.package_identification:_identify(.) by extension 'ignore'
[0.123s] Level 1:colcon.colcon_core.package_identification:_identify(.) by extension 'ignore_ament_install'
[0.123s] Level 1:colcon.colcon_core.package_identification:_identify(.) by extensions ['colcon_pkg']
[0.123s] Level 1:colcon.colcon_core.package_identification:_identify(.) by extension 'colcon_pkg'
[0.123s] Level 1:colcon.colcon_core.package_identification:_identify(.) by extensions ['colcon_meta']
[0.123s] Level 1:colcon.colcon_core.package_identification:_identify(.) by extension 'colcon_meta'
[0.123s] Level 1:colcon.colcon_core.package_identification:_identify(.) by extensions ['ros']
[0.123s] Level 1:colcon.colcon_core.package_identification:_identify(.) by extension 'ros'
[0.179s] Level 1:colcon.colcon_core.package_identification:_identify(.) by extensions ['cmake', 'python']
[0.179s] Level 1:colcon.colcon_core.package_identification:_identify(.) by extension 'cmake'
[0.180s] Level 1:colcon.colcon_core.package_identification:_identify(.) by extension 'python'
[0.180s] Level 1:colcon.colcon_core.package_identification:_identify(.) by extensions ['python_setup_py']
[0.180s] Level 1:colcon.colcon_core.package_identification:_identify(.) by extension 'python_setup_py'
[0.180s] Level 1:colcon.colcon_core.package_identification:_identify(build) by extensions ['ignore', 'ignore_ament_install']
[0.180s] Level 1:colcon.colcon_core.package_identification:_identify(build) by extension 'ignore'
[0.180s] Level 1:colcon.colcon_core.package_identification:_identify(build) ignored
[0.180s] Level 1:colcon.colcon_core.package_identification:_identify(install) by extensions ['ignore', 'ignore_ament_install']
[0.180s] Level 1:colcon.colcon_core.package_identification:_identify(install) by extension 'ignore'
[0.180s] Level 1:colcon.colcon_core.package_identification:_identify(install) ignored
[0.180s] Level 1:colcon.colcon_core.package_identification:_identify(log) by extensions ['ignore', 'ignore_ament_install']
[0.181s] Level 1:colcon.colcon_core.package_identification:_identify(log) by extension 'ignore'
[0.181s] Level 1:colcon.colcon_core.package_identification:_identify(log) ignored
[0.181s] Level 1:colcon.colcon_core.package_identification:_identify(src) by extensions ['ignore', 'ignore_ament_install']
[0.181s] Level 1:colcon.colcon_core.package_identification:_identify(src) by extension 'ignore'
[0.181s] Level 1:colcon.colcon_core.package_identification:_identify(src) by extension 'ignore_ament_install'
[0.181s] Level 1:colcon.colcon_core.package_identification:_identify(src) by extensions ['colcon_pkg']
[0.181s] Level 1:colcon.colcon_core.package_identification:_identify(src) by extension 'colcon_pkg'
[0.181s] Level 1:colcon.colcon_core.package_identification:_identify(src) by extensions ['colcon_meta']
[0.181s] Level 1:colcon.colcon_core.package_identification:_identify(src) by extension 'colcon_meta'
[0.181s] Level 1:colcon.colcon_core.package_identification:_identify(src) by extensions ['ros']
[0.181s] Level 1:colcon.colcon_core.package_identification:_identify(src) by extension 'ros'
[0.181s] Level 1:colcon.colcon_core.package_identification:_identify(src) by extensions ['cmake', 'python']
[0.181s] Level 1:colcon.colcon_core.package_identification:_identify(src) by extension 'cmake'
[0.182s] Level 1:colcon.colcon_core.package_identification:_identify(src) by extension 'python'
[0.182s] Level 1:colcon.colcon_core.package_identification:_identify(src) by extensions ['python_setup_py']
[0.182s] Level 1:colcon.colcon_core.package_identification:_identify(src) by extension 'python_setup_py'
[0.182s] Level 1:colcon.colcon_core.package_identification:_identify(src/interfaces) by extensions ['ignore', 'ignore_ament_install']
[0.182s] Level 1:colcon.colcon_core.package_identification:_identify(src/interfaces) by extension 'ignore'
[0.182s] Level 1:colcon.colcon_core.package_identification:_identify(src/interfaces) by extension 'ignore_ament_install'
[0.182s] Level 1:colcon.colcon_core.package_identification:_identify(src/interfaces) by extensions ['colcon_pkg']
[0.182s] Level 1:colcon.colcon_core.package_identification:_identify(src/interfaces) by extension 'colcon_pkg'
[0.182s] Level 1:colcon.colcon_core.package_identification:_identify(src/interfaces) by extensions ['colcon_meta']
[0.182s] Level 1:colcon.colcon_core.package_identification:_identify(src/interfaces) by extension 'colcon_meta'
[0.182s] Level 1:colcon.colcon_core.package_identification:_identify(src/interfaces) by extensions ['ros']
[0.182s] Level 1:colcon.colcon_core.package_identification:_identify(src/interfaces) by extension 'ros'
[0.184s] DEBUG:colcon.colcon_core.package_identification:Package 'src/interfaces' with type 'ros.ament_cmake' and name 'interfaces'
[0.184s] Level 1:colcon.colcon_core.package_identification:_identify(src/realsense_gazebo_plugin) by extensions ['ignore', 'ignore_ament_install']
[0.184s] Level 1:colcon.colcon_core.package_identification:_identify(src/realsense_gazebo_plugin) by extension 'ignore'
[0.184s] Level 1:colcon.colcon_core.package_identification:_identify(src/realsense_gazebo_plugin) by extension 'ignore_ament_install'
[0.184s] Level 1:colcon.colcon_core.package_identification:_identify(src/realsense_gazebo_plugin) by extensions ['colcon_pkg']
[0.184s] Level 1:colcon.colcon_core.package_identification:_identify(src/realsense_gazebo_plugin) by extension 'colcon_pkg'
[0.184s] Level 1:colcon.colcon_core.package_identification:_identify(src/realsense_gazebo_plugin) by extensions ['colcon_meta']
[0.184s] Level 1:colcon.colcon_core.package_identification:_identify(src/realsense_gazebo_plugin) by extension 'colcon_meta'
[0.184s] Level 1:colcon.colcon_core.package_identification:_identify(src/realsense_gazebo_plugin) by extensions ['ros']
[0.184s] Level 1:colcon.colcon_core.package_identification:_identify(src/realsense_gazebo_plugin) by extension 'ros'
[0.185s] DEBUG:colcon.colcon_core.package_identification:Package 'src/realsense_gazebo_plugin' with type 'ros.catkin' and name 'realsense_gazebo_plugin'
[0.186s] Level 1:colcon.colcon_core.package_identification:_identify(src/yolobot_control) by extensions ['ignore', 'ignore_ament_install']
[0.186s] Level 1:colcon.colcon_core.package_identification:_identify(src/yolobot_control) by extension 'ignore'
[0.186s] Level 1:colcon.colcon_core.package_identification:_identify(src/yolobot_control) by extension 'ignore_ament_install'
[0.186s] Level 1:colcon.colcon_core.package_identification:_identify(src/yolobot_control) by extensions ['colcon_pkg']
[0.186s] Level 1:colcon.colcon_core.package_identification:_identify(src/yolobot_control) by extension 'colcon_pkg'
[0.186s] Level 1:colcon.colcon_core.package_identification:_identify(src/yolobot_control) by extensions ['colcon_meta']
[0.186s] Level 1:colcon.colcon_core.package_identification:_identify(src/yolobot_control) by extension 'colcon_meta'
[0.186s] Level 1:colcon.colcon_core.package_identification:_identify(src/yolobot_control) by extensions ['ros']
[0.186s] Level 1:colcon.colcon_core.package_identification:_identify(src/yolobot_control) by extension 'ros'
[0.187s] DEBUG:colcon.colcon_core.package_identification:Package 'src/yolobot_control' with type 'ros.ament_cmake' and name 'yolobot_control'
[0.187s] Level 1:colcon.colcon_core.package_identification:_identify(src/yolobot_description) by extensions ['ignore', 'ignore_ament_install']
[0.187s] Level 1:colcon.colcon_core.package_identification:_identify(src/yolobot_description) by extension 'ignore'
[0.187s] Level 1:colcon.colcon_core.package_identification:_identify(src/yolobot_description) by extension 'ignore_ament_install'
[0.187s] Level 1:colcon.colcon_core.package_identification:_identify(src/yolobot_description) by extensions ['colcon_pkg']
[0.187s] Level 1:colcon.colcon_core.package_identification:_identify(src/yolobot_description) by extension 'colcon_pkg'
[0.187s] Level 1:colcon.colcon_core.package_identification:_identify(src/yolobot_description) by extensions ['colcon_meta']
[0.187s] Level 1:colcon.colcon_core.package_identification:_identify(src/yolobot_description) by extension 'colcon_meta'
[0.187s] Level 1:colcon.colcon_core.package_identification:_identify(src/yolobot_description) by extensions ['ros']
[0.188s] Level 1:colcon.colcon_core.package_identification:_identify(src/yolobot_description) by extension 'ros'
[0.188s] DEBUG:colcon.colcon_core.package_identification:Package 'src/yolobot_description' with type 'ros.ament_cmake' and name 'yolobot_description'
[0.188s] Level 1:colcon.colcon_core.package_identification:_identify(src/yolobot_detection) by extensions ['ignore', 'ignore_ament_install']
[0.188s] Level 1:colcon.colcon_core.package_identification:_identify(src/yolobot_detection) by extension 'ignore'
[0.188s] Level 1:colcon.colcon_core.package_identification:_identify(src/yolobot_detection) by extension 'ignore_ament_install'
[0.188s] Level 1:colcon.colcon_core.package_identification:_identify(src/yolobot_detection) by extensions ['colcon_pkg']
[0.188s] Level 1:colcon.colcon_core.package_identification:_identify(src/yolobot_detection) by extension 'colcon_pkg'
[0.188s] Level 1:colcon.colcon_core.package_identification:_identify(src/yolobot_detection) by extensions ['colcon_meta']
[0.188s] Level 1:colcon.colcon_core.package_identification:_identify(src/yolobot_detection) by extension 'colcon_meta'
[0.188s] Level 1:colcon.colcon_core.package_identification:_identify(src/yolobot_detection) by extensions ['ros']
[0.188s] Level 1:colcon.colcon_core.package_identification:_identify(src/yolobot_detection) by extension 'ros'
[0.189s] DEBUG:colcon.colcon_core.package_identification:Package 'src/yolobot_detection' with type 'ros.ament_python' and name 'yolobot_detection'
[0.189s] Level 1:colcon.colcon_core.package_identification:_identify(src/yolobot_gazebo) by extensions ['ignore', 'ignore_ament_install']
[0.189s] Level 1:colcon.colcon_core.package_identification:_identify(src/yolobot_gazebo) by extension 'ignore'
[0.189s] Level 1:colcon.colcon_core.package_identification:_identify(src/yolobot_gazebo) by extension 'ignore_ament_install'
[0.189s] Level 1:colcon.colcon_core.package_identification:_identify(src/yolobot_gazebo) by extensions ['colcon_pkg']
[0.189s] Level 1:colcon.colcon_core.package_identification:_identify(src/yolobot_gazebo) by extension 'colcon_pkg'
[0.189s] Level 1:colcon.colcon_core.package_identification:_identify(src/yolobot_gazebo) by extensions ['colcon_meta']
[0.189s] Level 1:colcon.colcon_core.package_identification:_identify(src/yolobot_gazebo) by extension 'colcon_meta'
[0.189s] Level 1:colcon.colcon_core.package_identification:_identify(src/yolobot_gazebo) by extensions ['ros']
[0.189s] Level 1:colcon.colcon_core.package_identification:_identify(src/yolobot_gazebo) by extension 'ros'
[0.190s] DEBUG:colcon.colcon_core.package_identification:Package 'src/yolobot_gazebo' with type 'ros.ament_cmake' and name 'yolobot_gazebo'
[0.190s] Level 1:colcon.colcon_core.package_identification:_identify(src/yolobot_recognition) by extensions ['ignore', 'ignore_ament_install']
[0.190s] Level 1:colcon.colcon_core.package_identification:_identify(src/yolobot_recognition) by extension 'ignore'
[0.190s] Level 1:colcon.colcon_core.package_identification:_identify(src/yolobot_recognition) by extension 'ignore_ament_install'
[0.190s] Level 1:colcon.colcon_core.package_identification:_identify(src/yolobot_recognition) by extensions ['colcon_pkg']
[0.190s] Level 1:colcon.colcon_core.package_identification:_identify(src/yolobot_recognition) by extension 'colcon_pkg'
[0.190s] Level 1:colcon.colcon_core.package_identification:_identify(src/yolobot_recognition) by extensions ['colcon_meta']
[0.190s] Level 1:colcon.colcon_core.package_identification:_identify(src/yolobot_recognition) by extension 'colcon_meta'
[0.190s] Level 1:colcon.colcon_core.package_identification:_identify(src/yolobot_recognition) by extensions ['ros']
[0.190s] Level 1:colcon.colcon_core.package_identification:_identify(src/yolobot_recognition) by extension 'ros'
[0.191s] DEBUG:colcon.colcon_core.package_identification:Package 'src/yolobot_recognition' with type 'ros.ament_cmake' and name 'yolobot_recognition'
[0.191s] Level 1:colcon.colcon_core.package_discovery:discover_packages(recursive) using defaults
[0.191s] Level 1:colcon.colcon_core.package_discovery:discover_packages(ignore) discover
[0.191s] Level 1:colcon.colcon_core.package_discovery:discover_packages(ignore) using defaults
[0.191s] Level 1:colcon.colcon_core.package_discovery:discover_packages(path) discover
[0.191s] Level 1:colcon.colcon_core.package_discovery:discover_packages(path) using defaults
[0.204s] Level 1:colcon.colcon_core.package_discovery:discover_packages(prefix_path) check parameters
[0.204s] Level 1:colcon.colcon_core.package_discovery:discover_packages(prefix_path) discover
[0.207s] DEBUG:colcon.colcon_installed_package_information.package_discovery:Found 7 installed packages in /home/amejiyo/GitHub/502/detection/install
[0.208s] DEBUG:colcon.colcon_installed_package_information.package_discovery:Found 270 installed packages in /opt/ros/foxy
[0.209s] Level 1:colcon.colcon_core.package_discovery:discover_packages(prefix_path) using defaults
[0.259s] Level 5:colcon.colcon_core.verb:set package 'interfaces' build argument 'cmake_args' from command line to 'None'
[0.259s] Level 5:colcon.colcon_core.verb:set package 'interfaces' build argument 'cmake_target' from command line to 'None'
[0.259s] Level 5:colcon.colcon_core.verb:set package 'interfaces' build argument 'cmake_target_skip_unavailable' from command line to 'False'
[0.259s] Level 5:colcon.colcon_core.verb:set package 'interfaces' build argument 'cmake_clean_cache' from command line to 'False'
[0.259s] Level 5:colcon.colcon_core.verb:set package 'interfaces' build argument 'cmake_clean_first' from command line to 'False'
[0.259s] Level 5:colcon.colcon_core.verb:set package 'interfaces' build argument 'cmake_force_configure' from command line to 'False'
[0.259s] Level 5:colcon.colcon_core.verb:set package 'interfaces' build argument 'ament_cmake_args' from command line to 'None'
[0.259s] Level 5:colcon.colcon_core.verb:set package 'interfaces' build argument 'catkin_cmake_args' from command line to 'None'
[0.259s] Level 5:colcon.colcon_core.verb:set package 'interfaces' build argument 'catkin_skip_building_tests' from command line to 'False'
[0.259s] DEBUG:colcon.colcon_core.verb:Building package 'interfaces' with the following arguments: {'ament_cmake_args': None, 'build_base': '/home/amejiyo/GitHub/502/detection/build/interfaces', 'catkin_cmake_args': None, 'catkin_skip_building_tests': False, 'cmake_args': None, 'cmake_clean_cache': False, 'cmake_clean_first': False, 'cmake_force_configure': False, 'cmake_target': None, 'cmake_target_skip_unavailable': False, 'install_base': '/home/amejiyo/GitHub/502/detection/install/interfaces', 'merge_install': False, 'path': '/home/amejiyo/GitHub/502/detection/src/interfaces', 'symlink_install': False, 'test_result_base': None}
[0.260s] Level 5:colcon.colcon_core.verb:set package 'realsense_gazebo_plugin' build argument 'cmake_args' from command line to 'None'
[0.260s] Level 5:colcon.colcon_core.verb:set package 'realsense_gazebo_plugin' build argument 'cmake_target' from command line to 'None'
[0.260s] Level 5:colcon.colcon_core.verb:set package 'realsense_gazebo_plugin' build argument 'cmake_target_skip_unavailable' from command line to 'False'
[0.260s] Level 5:colcon.colcon_core.verb:set package 'realsense_gazebo_plugin' build argument 'cmake_clean_cache' from command line to 'False'
[0.260s] Level 5:colcon.colcon_core.verb:set package 'realsense_gazebo_plugin' build argument 'cmake_clean_first' from command line to 'False'
[0.260s] Level 5:colcon.colcon_core.verb:set package 'realsense_gazebo_plugin' build argument 'cmake_force_configure' from command line to 'False'
[0.260s] Level 5:colcon.colcon_core.verb:set package 'realsense_gazebo_plugin' build argument 'ament_cmake_args' from command line to 'None'
[0.260s] Level 5:colcon.colcon_core.verb:set package 'realsense_gazebo_plugin' build argument 'catkin_cmake_args' from command line to 'None'
[0.260s] Level 5:colcon.colcon_core.verb:set package 'realsense_gazebo_plugin' build argument 'catkin_skip_building_tests' from command line to 'False'
[0.260s] DEBUG:colcon.colcon_core.verb:Building package 'realsense_gazebo_plugin' with the following arguments: {'ament_cmake_args': None, 'build_base': '/home/amejiyo/GitHub/502/detection/build/realsense_gazebo_plugin', 'catkin_cmake_args': None, 'catkin_skip_building_tests': False, 'cmake_args': None, 'cmake_clean_cache': False, 'cmake_clean_first': False, 'cmake_force_configure': False, 'cmake_target': None, 'cmake_target_skip_unavailable': False, 'install_base': '/home/amejiyo/GitHub/502/detection/install/realsense_gazebo_plugin', 'merge_install': False, 'path': '/home/amejiyo/GitHub/502/detection/src/realsense_gazebo_plugin', 'symlink_install': False, 'test_result_base': None}
[0.261s] Level 5:colcon.colcon_core.verb:set package 'yolobot_control' build argument 'cmake_args' from command line to 'None'
[0.261s] Level 5:colcon.colcon_core.verb:set package 'yolobot_control' build argument 'cmake_target' from command line to 'None'
[0.261s] Level 5:colcon.colcon_core.verb:set package 'yolobot_control' build argument 'cmake_target_skip_unavailable' from command line to 'False'
[0.261s] Level 5:colcon.colcon_core.verb:set package 'yolobot_control' build argument 'cmake_clean_cache' from command line to 'False'
[0.261s] Level 5:colcon.colcon_core.verb:set package 'yolobot_control' build argument 'cmake_clean_first' from command line to 'False'
[0.261s] Level 5:colcon.colcon_core.verb:set package 'yolobot_control' build argument 'cmake_force_configure' from command line to 'False'
[0.261s] Level 5:colcon.colcon_core.verb:set package 'yolobot_control' build argument 'ament_cmake_args' from command line to 'None'
[0.261s] Level 5:colcon.colcon_core.verb:set package 'yolobot_control' build argument 'catkin_cmake_args' from command line to 'None'
[0.261s] Level 5:colcon.colcon_core.verb:set package 'yolobot_control' build argument 'catkin_skip_building_tests' from command line to 'False'
[0.261s] DEBUG:colcon.colcon_core.verb:Building package 'yolobot_control' with the following arguments: {'ament_cmake_args': None, 'build_base': '/home/amejiyo/GitHub/502/detection/build/yolobot_control', 'catkin_cmake_args': None, 'catkin_skip_building_tests': False, 'cmake_args': None, 'cmake_clean_cache': False, 'cmake_clean_first': False, 'cmake_force_configure': False, 'cmake_target': None, 'cmake_target_skip_unavailable': False, 'install_base': '/home/amejiyo/GitHub/502/detection/install/yolobot_control', 'merge_install': False, 'path': '/home/amejiyo/GitHub/502/detection/src/yolobot_control', 'symlink_install': False, 'test_result_base': None}
[0.262s] Level 5:colcon.colcon_core.verb:set package 'yolobot_description' build argument 'cmake_args' from command line to 'None'
[0.262s] Level 5:colcon.colcon_core.verb:set package 'yolobot_description' build argument 'cmake_target' from command line to 'None'
[0.262s] Level 5:colcon.colcon_core.verb:set package 'yolobot_description' build argument 'cmake_target_skip_unavailable' from command line to 'False'
[0.262s] Level 5:colcon.colcon_core.verb:set package 'yolobot_description' build argument 'cmake_clean_cache' from command line to 'False'
[0.262s] Level 5:colcon.colcon_core.verb:set package 'yolobot_description' build argument 'cmake_clean_first' from command line to 'False'
[0.263s] Level 5:colcon.colcon_core.verb:set package 'yolobot_description' build argument 'cmake_force_configure' from command line to 'False'
[0.263s] Level 5:colcon.colcon_core.verb:set package 'yolobot_description' build argument 'ament_cmake_args' from command line to 'None'
[0.263s] Level 5:colcon.colcon_core.verb:set package 'yolobot_description' build argument 'catkin_cmake_args' from command line to 'None'
[0.263s] Level 5:colcon.colcon_core.verb:set package 'yolobot_description' build argument 'catkin_skip_building_tests' from command line to 'False'
[0.263s] DEBUG:colcon.colcon_core.verb:Building package 'yolobot_description' with the following arguments: {'ament_cmake_args': None, 'build_base': '/home/amejiyo/GitHub/502/detection/build/yolobot_description', 'catkin_cmake_args': None, 'catkin_skip_building_tests': False, 'cmake_args': None, 'cmake_clean_cache': False, 'cmake_clean_first': False, 'cmake_force_configure': False, 'cmake_target': None, 'cmake_target_skip_unavailable': False, 'install_base': '/home/amejiyo/GitHub/502/detection/install/yolobot_description', 'merge_install': False, 'path': '/home/amejiyo/GitHub/502/detection/src/yolobot_description', 'symlink_install': False, 'test_result_base': None}
[0.263s] Level 5:colcon.colcon_core.verb:set package 'yolobot_detection' build argument 'cmake_args' from command line to 'None'
[0.264s] Level 5:colcon.colcon_core.verb:set package 'yolobot_detection' build argument 'cmake_target' from command line to 'None'
[0.264s] Level 5:colcon.colcon_core.verb:set package 'yolobot_detection' build argument 'cmake_target_skip_unavailable' from command line to 'False'
[0.264s] Level 5:colcon.colcon_core.verb:set package 'yolobot_detection' build argument 'cmake_clean_cache' from command line to 'False'
[0.264s] Level 5:colcon.colcon_core.verb:set package 'yolobot_detection' build argument 'cmake_clean_first' from command line to 'False'
[0.264s] Level 5:colcon.colcon_core.verb:set package 'yolobot_detection' build argument 'cmake_force_configure' from command line to 'False'
[0.264s] Level 5:colcon.colcon_core.verb:set package 'yolobot_detection' build argument 'ament_cmake_args' from command line to 'None'
[0.264s] Level 5:colcon.colcon_core.verb:set package 'yolobot_detection' build argument 'catkin_cmake_args' from command line to 'None'
[0.264s] Level 5:colcon.colcon_core.verb:set package 'yolobot_detection' build argument 'catkin_skip_building_tests' from command line to 'False'
[0.264s] DEBUG:colcon.colcon_core.verb:Building package 'yolobot_detection' with the following arguments: {'ament_cmake_args': None, 'build_base': '/home/amejiyo/GitHub/502/detection/build/yolobot_detection', 'catkin_cmake_args': None, 'catkin_skip_building_tests': False, 'cmake_args': None, 'cmake_clean_cache': False, 'cmake_clean_first': False, 'cmake_force_configure': False, 'cmake_target': None, 'cmake_target_skip_unavailable': False, 'install_base': '/home/amejiyo/GitHub/502/detection/install/yolobot_detection', 'merge_install': False, 'path': '/home/amejiyo/GitHub/502/detection/src/yolobot_detection', 'symlink_install': False, 'test_result_base': None}
[0.265s] Level 5:colcon.colcon_core.verb:set package 'yolobot_gazebo' build argument 'cmake_args' from command line to 'None'
[0.265s] Level 5:colcon.colcon_core.verb:set package 'yolobot_gazebo' build argument 'cmake_target' from command line to 'None'
[0.265s] Level 5:colcon.colcon_core.verb:set package 'yolobot_gazebo' build argument 'cmake_target_skip_unavailable' from command line to 'False'
[0.265s] Level 5:colcon.colcon_core.verb:set package 'yolobot_gazebo' build argument 'cmake_clean_cache' from command line to 'False'
[0.265s] Level 5:colcon.colcon_core.verb:set package 'yolobot_gazebo' build argument 'cmake_clean_first' from command line to 'False'
[0.265s] Level 5:colcon.colcon_core.verb:set package 'yolobot_gazebo' build argument 'cmake_force_configure' from command line to 'False'
[0.265s] Level 5:colcon.colcon_core.verb:set package 'yolobot_gazebo' build argument 'ament_cmake_args' from command line to 'None'
[0.265s] Level 5:colcon.colcon_core.verb:set package 'yolobot_gazebo' build argument 'catkin_cmake_args' from command line to 'None'
[0.265s] Level 5:colcon.colcon_core.verb:set package 'yolobot_gazebo' build argument 'catkin_skip_building_tests' from command line to 'False'
[0.265s] DEBUG:colcon.colcon_core.verb:Building package 'yolobot_gazebo' with the following arguments: {'ament_cmake_args': None, 'build_base': '/home/amejiyo/GitHub/502/detection/build/yolobot_gazebo', 'catkin_cmake_args': None, 'catkin_skip_building_tests': False, 'cmake_args': None, 'cmake_clean_cache': False, 'cmake_clean_first': False, 'cmake_force_configure': False, 'cmake_target': None, 'cmake_target_skip_unavailable': False, 'install_base': '/home/amejiyo/GitHub/502/detection/install/yolobot_gazebo', 'merge_install': False, 'path': '/home/amejiyo/GitHub/502/detection/src/yolobot_gazebo', 'symlink_install': False, 'test_result_base': None}
[0.266s] Level 5:colcon.colcon_core.verb:set package 'yolobot_recognition' build argument 'cmake_args' from command line to 'None'
[0.266s] Level 5:colcon.colcon_core.verb:set package 'yolobot_recognition' build argument 'cmake_target' from command line to 'None'
[0.266s] Level 5:colcon.colcon_core.verb:set package 'yolobot_recognition' build argument 'cmake_target_skip_unavailable' from command line to 'False'
[0.266s] Level 5:colcon.colcon_core.verb:set package 'yolobot_recognition' build argument 'cmake_clean_cache' from command line to 'False'
[0.266s] Level 5:colcon.colcon_core.verb:set package 'yolobot_recognition' build argument 'cmake_clean_first' from command line to 'False'
[0.266s] Level 5:colcon.colcon_core.verb:set package 'yolobot_recognition' build argument 'cmake_force_configure' from command line to 'False'
[0.266s] Level 5:colcon.colcon_core.verb:set package 'yolobot_recognition' build argument 'ament_cmake_args' from command line to 'None'
[0.266s] Level 5:colcon.colcon_core.verb:set package 'yolobot_recognition' build argument 'catkin_cmake_args' from command line to 'None'
[0.266s] Level 5:colcon.colcon_core.verb:set package 'yolobot_recognition' build argument 'catkin_skip_building_tests' from command line to 'False'
[0.266s] DEBUG:colcon.colcon_core.verb:Building package 'yolobot_recognition' with the following arguments: {'ament_cmake_args': None, 'build_base': '/home/amejiyo/GitHub/502/detection/build/yolobot_recognition', 'catkin_cmake_args': None, 'catkin_skip_building_tests': False, 'cmake_args': None, 'cmake_clean_cache': False, 'cmake_clean_first': False, 'cmake_force_configure': False, 'cmake_target': None, 'cmake_target_skip_unavailable': False, 'install_base': '/home/amejiyo/GitHub/502/detection/install/yolobot_recognition', 'merge_install': False, 'path': '/home/amejiyo/GitHub/502/detection/src/yolobot_recognition', 'symlink_install': False, 'test_result_base': None}
[0.266s] INFO:colcon.colcon_core.executor:Executing jobs using 'parallel' executor
[0.268s] DEBUG:colcon.colcon_parallel_executor.executor.parallel:run_until_complete
[0.269s] INFO:colcon.colcon_ros.task.ament_cmake.build:Building ROS package in '/home/amejiyo/GitHub/502/detection/src/interfaces' with build type 'ament_cmake'
[0.269s] INFO:colcon.colcon_cmake.task.cmake.build:Building CMake package in '/home/amejiyo/GitHub/502/detection/src/interfaces'
[0.273s] INFO:colcon.colcon_core.plugin_system:Skipping extension 'colcon_core.shell.bat': Not used on non-Windows systems
[0.274s] INFO:colcon.colcon_core.shell:Skip shell extension 'powershell' for command environment: Not usable outside of PowerShell
[0.274s] DEBUG:colcon.colcon_core.shell:Skip shell extension 'dsv' for command environment
[0.279s] INFO:colcon.colcon_ros.task.catkin.build:Building ROS package in '/home/amejiyo/GitHub/502/detection/src/realsense_gazebo_plugin' with build type 'catkin'
[0.279s] INFO:colcon.colcon_cmake.task.cmake.build:Building CMake package in '/home/amejiyo/GitHub/502/detection/src/realsense_gazebo_plugin'
[0.280s] INFO:colcon.colcon_core.shell:Skip shell extension 'powershell' for command environment: Not usable outside of PowerShell
[0.280s] DEBUG:colcon.colcon_core.shell:Skip shell extension 'dsv' for command environment
[0.287s] INFO:colcon.colcon_ros.task.ament_cmake.build:Building ROS package in '/home/amejiyo/GitHub/502/detection/src/yolobot_control' with build type 'ament_cmake'
[0.288s] INFO:colcon.colcon_cmake.task.cmake.build:Building CMake package in '/home/amejiyo/GitHub/502/detection/src/yolobot_control'
[0.289s] INFO:colcon.colcon_core.shell:Skip shell extension 'powershell' for command environment: Not usable outside of PowerShell
[0.289s] DEBUG:colcon.colcon_core.shell:Skip shell extension 'dsv' for command environment
[0.296s] INFO:colcon.colcon_ros.task.ament_cmake.build:Building ROS package in '/home/amejiyo/GitHub/502/detection/src/yolobot_description' with build type 'ament_cmake'
[0.296s] INFO:colcon.colcon_cmake.task.cmake.build:Building CMake package in '/home/amejiyo/GitHub/502/detection/src/yolobot_description'
[0.297s] INFO:colcon.colcon_core.shell:Skip shell extension 'powershell' for command environment: Not usable outside of PowerShell
[0.297s] DEBUG:colcon.colcon_core.shell:Skip shell extension 'dsv' for command environment
[0.304s] INFO:colcon.colcon_ros.task.ament_python.build:Building ROS package in '/home/amejiyo/GitHub/502/detection/src/yolobot_detection' with build type 'ament_python'
[0.304s] Level 1:colcon.colcon_core.shell:create_environment_hook('yolobot_detection', 'ament_prefix_path')
[0.305s] INFO:colcon.colcon_core.shell:Creating environment hook '/home/amejiyo/GitHub/502/detection/install/yolobot_detection/share/yolobot_detection/hook/ament_prefix_path.ps1'
[0.306s] INFO:colcon.colcon_core.shell:Creating environment descriptor '/home/amejiyo/GitHub/502/detection/install/yolobot_detection/share/yolobot_detection/hook/ament_prefix_path.dsv'
[0.307s] INFO:colcon.colcon_core.shell:Creating environment hook '/home/amejiyo/GitHub/502/detection/install/yolobot_detection/share/yolobot_detection/hook/ament_prefix_path.sh'
[0.308s] INFO:colcon.colcon_core.shell:Skip shell extension 'powershell' for command environment: Not usable outside of PowerShell
[0.308s] DEBUG:colcon.colcon_core.shell:Skip shell extension 'dsv' for command environment
[0.312s] INFO:colcon.colcon_ros.task.ament_cmake.build:Building ROS package in '/home/amejiyo/GitHub/502/detection/src/yolobot_gazebo' with build type 'ament_cmake'
[0.313s] INFO:colcon.colcon_cmake.task.cmake.build:Building CMake package in '/home/amejiyo/GitHub/502/detection/src/yolobot_gazebo'
[0.313s] INFO:colcon.colcon_core.shell:Skip shell extension 'powershell' for command environment: Not usable outside of PowerShell
[0.314s] DEBUG:colcon.colcon_core.shell:Skip shell extension 'dsv' for command environment
[0.320s] INFO:colcon.colcon_ros.task.ament_cmake.build:Building ROS package in '/home/amejiyo/GitHub/502/detection/src/yolobot_recognition' with build type 'ament_cmake'
[0.320s] INFO:colcon.colcon_cmake.task.cmake.build:Building CMake package in '/home/amejiyo/GitHub/502/detection/src/yolobot_recognition'
[0.321s] INFO:colcon.colcon_core.shell:Skip shell extension 'powershell' for command environment: Not usable outside of PowerShell
[0.321s] DEBUG:colcon.colcon_core.shell:Skip shell extension 'dsv' for command environment
[0.331s] DEBUG:colcon.colcon_core.event_handler.log_command:Invoking command in '/home/amejiyo/GitHub/502/detection/build/interfaces': CMAKE_PREFIX_PATH=/home/amejiyo/GitHub/502/detection/install/yolobot_recognition:/home/amejiyo/GitHub/502/detection/install/yolobot_gazebo:/home/amejiyo/GitHub/502/detection/install/yolobot_description:/home/amejiyo/GitHub/502/detection/install/yolobot_control:/home/amejiyo/GitHub/502/detection/install/yolobot_detection:/opt/ros/foxy:/home/amejiyo/GitHub/502/detection/install/realsense_gazebo_plugin:/home/amejiyo/GitHub/502/detection/install/interfaces /usr/bin/cmake --build /home/amejiyo/GitHub/502/detection/build/interfaces -- -j16 -l16
[0.342s] DEBUG:colcon.colcon_core.event_handler.log_command:Invoking command in '/home/amejiyo/GitHub/502/detection/build/realsense_gazebo_plugin': /usr/bin/cmake --build /home/amejiyo/GitHub/502/detection/build/realsense_gazebo_plugin -- -j16 -l16
[0.347s] DEBUG:colcon.colcon_core.event_handler.log_command:Invoking command in '/home/amejiyo/GitHub/502/detection/build/yolobot_control': CMAKE_PREFIX_PATH=/home/amejiyo/GitHub/502/detection/install/yolobot_recognition:/home/amejiyo/GitHub/502/detection/install/yolobot_gazebo:/home/amejiyo/GitHub/502/detection/install/yolobot_description:/home/amejiyo/GitHub/502/detection/install/yolobot_control:/home/amejiyo/GitHub/502/detection/install/yolobot_detection:/opt/ros/foxy:/home/amejiyo/GitHub/502/detection/install/realsense_gazebo_plugin:/home/amejiyo/GitHub/502/detection/install/interfaces /usr/bin/cmake --build /home/amejiyo/GitHub/502/detection/build/yolobot_control -- -j16 -l16
[0.355s] DEBUG:colcon.colcon_core.event_handler.log_command:Invoking command in '/home/amejiyo/GitHub/502/detection/build/yolobot_description': CMAKE_PREFIX_PATH=/home/amejiyo/GitHub/502/detection/install/yolobot_recognition:/home/amejiyo/GitHub/502/detection/install/yolobot_gazebo:/home/amejiyo/GitHub/502/detection/install/yolobot_description:/home/amejiyo/GitHub/502/detection/install/yolobot_control:/home/amejiyo/GitHub/502/detection/install/yolobot_detection:/opt/ros/foxy:/home/amejiyo/GitHub/502/detection/install/realsense_gazebo_plugin:/home/amejiyo/GitHub/502/detection/install/interfaces /usr/bin/cmake --build /home/amejiyo/GitHub/502/detection/build/yolobot_description -- -j16 -l16
[0.588s] INFO:colcon.colcon_core.task.python.build:Building Python package in '/home/amejiyo/GitHub/502/detection/src/yolobot_detection'
[0.589s] INFO:colcon.colcon_core.shell:Skip shell extension 'powershell' for command environment: Not usable outside of PowerShell
[0.589s] DEBUG:colcon.colcon_core.shell:Skip shell extension 'dsv' for command environment
[0.607s] DEBUG:colcon.colcon_core.event_handler.log_command:Invoking command in '/home/amejiyo/GitHub/502/detection/build/yolobot_gazebo': CMAKE_PREFIX_PATH=/home/amejiyo/GitHub/502/detection/install/yolobot_recognition:/home/amejiyo/GitHub/502/detection/install/yolobot_gazebo:/home/amejiyo/GitHub/502/detection/install/yolobot_description:/home/amejiyo/GitHub/502/detection/install/yolobot_control:/home/amejiyo/GitHub/502/detection/install/yolobot_detection:/opt/ros/foxy:/home/amejiyo/GitHub/502/detection/install/realsense_gazebo_plugin:/home/amejiyo/GitHub/502/detection/install/interfaces /usr/bin/cmake --build /home/amejiyo/GitHub/502/detection/build/yolobot_gazebo -- -j16 -l16
[0.619s] DEBUG:colcon.colcon_core.event_handler.log_command:Invoked command in '/home/amejiyo/GitHub/502/detection/build/interfaces' returned '0': CMAKE_PREFIX_PATH=/home/amejiyo/GitHub/502/detection/install/yolobot_recognition:/home/amejiyo/GitHub/502/detection/install/yolobot_gazebo:/home/amejiyo/GitHub/502/detection/install/yolobot_description:/home/amejiyo/GitHub/502/detection/install/yolobot_control:/home/amejiyo/GitHub/502/detection/install/yolobot_detection:/opt/ros/foxy:/home/amejiyo/GitHub/502/detection/install/realsense_gazebo_plugin:/home/amejiyo/GitHub/502/detection/install/interfaces /usr/bin/cmake --build /home/amejiyo/GitHub/502/detection/build/interfaces -- -j16 -l16
[0.620s] DEBUG:colcon.colcon_core.event_handler.log_command:Invoked command in '/home/amejiyo/GitHub/502/detection/build/realsense_gazebo_plugin' returned '0': /usr/bin/cmake --build /home/amejiyo/GitHub/502/detection/build/realsense_gazebo_plugin -- -j16 -l16
[0.629s] DEBUG:colcon.colcon_core.event_handler.log_command:Invoking command in '/home/amejiyo/GitHub/502/detection/build/yolobot_recognition': CMAKE_PREFIX_PATH=/home/amejiyo/GitHub/502/detection/install/yolobot_recognition:/home/amejiyo/GitHub/502/detection/install/yolobot_gazebo:/home/amejiyo/GitHub/502/detection/install/yolobot_description:/home/amejiyo/GitHub/502/detection/install/yolobot_control:/home/amejiyo/GitHub/502/detection/install/yolobot_detection:/opt/ros/foxy:/home/amejiyo/GitHub/502/detection/install/realsense_gazebo_plugin:/home/amejiyo/GitHub/502/detection/install/interfaces /usr/bin/cmake --build /home/amejiyo/GitHub/502/detection/build/yolobot_recognition -- -j16 -l16
[0.630s] DEBUG:colcon.colcon_core.event_handler.log_command:Invoked command in '/home/amejiyo/GitHub/502/detection/build/yolobot_control' returned '0': CMAKE_PREFIX_PATH=/home/amejiyo/GitHub/502/detection/install/yolobot_recognition:/home/amejiyo/GitHub/502/detection/install/yolobot_gazebo:/home/amejiyo/GitHub/502/detection/install/yolobot_description:/home/amejiyo/GitHub/502/detection/install/yolobot_control:/home/amejiyo/GitHub/502/detection/install/yolobot_detection:/opt/ros/foxy:/home/amejiyo/GitHub/502/detection/install/realsense_gazebo_plugin:/home/amejiyo/GitHub/502/detection/install/interfaces /usr/bin/cmake --build /home/amejiyo/GitHub/502/detection/build/yolobot_control -- -j16 -l16
[0.634s] DEBUG:colcon.colcon_core.event_handler.log_command:Invoked command in '/home/amejiyo/GitHub/502/detection/build/yolobot_description' returned '0': CMAKE_PREFIX_PATH=/home/amejiyo/GitHub/502/detection/install/yolobot_recognition:/home/amejiyo/GitHub/502/detection/install/yolobot_gazebo:/home/amejiyo/GitHub/502/detection/install/yolobot_description:/home/amejiyo/GitHub/502/detection/install/yolobot_control:/home/amejiyo/GitHub/502/detection/install/yolobot_detection:/opt/ros/foxy:/home/amejiyo/GitHub/502/detection/install/realsense_gazebo_plugin:/home/amejiyo/GitHub/502/detection/install/interfaces /usr/bin/cmake --build /home/amejiyo/GitHub/502/detection/build/yolobot_description -- -j16 -l16
[0.650s] DEBUG:colcon.colcon_core.event_handler.log_command:Invoked command in '/home/amejiyo/GitHub/502/detection/build/yolobot_gazebo' returned '0': CMAKE_PREFIX_PATH=/home/amejiyo/GitHub/502/detection/install/yolobot_recognition:/home/amejiyo/GitHub/502/detection/install/yolobot_gazebo:/home/amejiyo/GitHub/502/detection/install/yolobot_description:/home/amejiyo/GitHub/502/detection/install/yolobot_control:/home/amejiyo/GitHub/502/detection/install/yolobot_detection:/opt/ros/foxy:/home/amejiyo/GitHub/502/detection/install/realsense_gazebo_plugin:/home/amejiyo/GitHub/502/detection/install/interfaces /usr/bin/cmake --build /home/amejiyo/GitHub/502/detection/build/yolobot_gazebo -- -j16 -l16
[0.674s] DEBUG:colcon.colcon_core.event_handler.log_command:Invoking command in '/home/amejiyo/GitHub/502/detection/build/yolobot_control': CMAKE_PREFIX_PATH=/home/amejiyo/GitHub/502/detection/install/yolobot_recognition:/home/amejiyo/GitHub/502/detection/install/yolobot_gazebo:/home/amejiyo/GitHub/502/detection/install/yolobot_description:/home/amejiyo/GitHub/502/detection/install/yolobot_control:/home/amejiyo/GitHub/502/detection/install/yolobot_detection:/opt/ros/foxy:/home/amejiyo/GitHub/502/detection/install/realsense_gazebo_plugin:/home/amejiyo/GitHub/502/detection/install/interfaces /usr/bin/cmake --install /home/amejiyo/GitHub/502/detection/build/yolobot_control
[0.679s] DEBUG:colcon.colcon_core.event_handler.log_command:Invoking command in '/home/amejiyo/GitHub/502/detection/build/yolobot_description': CMAKE_PREFIX_PATH=/home/amejiyo/GitHub/502/detection/install/yolobot_recognition:/home/amejiyo/GitHub/502/detection/install/yolobot_gazebo:/home/amejiyo/GitHub/502/detection/install/yolobot_description:/home/amejiyo/GitHub/502/detection/install/yolobot_control:/home/amejiyo/GitHub/502/detection/install/yolobot_detection:/opt/ros/foxy:/home/amejiyo/GitHub/502/detection/install/realsense_gazebo_plugin:/home/amejiyo/GitHub/502/detection/install/interfaces /usr/bin/cmake --install /home/amejiyo/GitHub/502/detection/build/yolobot_description
[0.681s] DEBUG:colcon.colcon_core.event_handler.log_command:Invoked command in '/home/amejiyo/GitHub/502/detection/build/yolobot_recognition' returned '0': CMAKE_PREFIX_PATH=/home/amejiyo/GitHub/502/detection/install/yolobot_recognition:/home/amejiyo/GitHub/502/detection/install/yolobot_gazebo:/home/amejiyo/GitHub/502/detection/install/yolobot_description:/home/amejiyo/GitHub/502/detection/install/yolobot_control:/home/amejiyo/GitHub/502/detection/install/yolobot_detection:/opt/ros/foxy:/home/amejiyo/GitHub/502/detection/install/realsense_gazebo_plugin:/home/amejiyo/GitHub/502/detection/install/interfaces /usr/bin/cmake --build /home/amejiyo/GitHub/502/detection/build/yolobot_recognition -- -j16 -l16
[0.695s] Level 1:colcon.colcon_core.environment:create_environment_scripts_only(yolobot_control)
[0.698s] DEBUG:colcon.colcon_core.event_handler.log_command:Invoking command in '/home/amejiyo/GitHub/502/detection/build/interfaces': CMAKE_PREFIX_PATH=/home/amejiyo/GitHub/502/detection/install/yolobot_recognition:/home/amejiyo/GitHub/502/detection/install/yolobot_gazebo:/home/amejiyo/GitHub/502/detection/install/yolobot_description:/home/amejiyo/GitHub/502/detection/install/yolobot_control:/home/amejiyo/GitHub/502/detection/install/yolobot_detection:/opt/ros/foxy:/home/amejiyo/GitHub/502/detection/install/realsense_gazebo_plugin:/home/amejiyo/GitHub/502/detection/install/interfaces /usr/bin/cmake --install /home/amejiyo/GitHub/502/detection/build/interfaces
[0.703s] DEBUG:colcon.colcon_core.event_handler.log_command:Invoking command in '/home/amejiyo/GitHub/502/detection/build/yolobot_gazebo': CMAKE_PREFIX_PATH=/home/amejiyo/GitHub/502/detection/install/yolobot_recognition:/home/amejiyo/GitHub/502/detection/install/yolobot_gazebo:/home/amejiyo/GitHub/502/detection/install/yolobot_description:/home/amejiyo/GitHub/502/detection/install/yolobot_control:/home/amejiyo/GitHub/502/detection/install/yolobot_detection:/opt/ros/foxy:/home/amejiyo/GitHub/502/detection/install/realsense_gazebo_plugin:/home/amejiyo/GitHub/502/detection/install/interfaces /usr/bin/cmake --install /home/amejiyo/GitHub/502/detection/build/yolobot_gazebo
[0.704s] DEBUG:colcon.colcon_core.event_handler.log_command:Invoked command in '/home/amejiyo/GitHub/502/detection/build/yolobot_control' returned '0': CMAKE_PREFIX_PATH=/home/amejiyo/GitHub/502/detection/install/yolobot_recognition:/home/amejiyo/GitHub/502/detection/install/yolobot_gazebo:/home/amejiyo/GitHub/502/detection/install/yolobot_description:/home/amejiyo/GitHub/502/detection/install/yolobot_control:/home/amejiyo/GitHub/502/detection/install/yolobot_detection:/opt/ros/foxy:/home/amejiyo/GitHub/502/detection/install/realsense_gazebo_plugin:/home/amejiyo/GitHub/502/detection/install/interfaces /usr/bin/cmake --install /home/amejiyo/GitHub/502/detection/build/yolobot_control
[0.705s] Level 1:colcon.colcon_core.environment:checking '/home/amejiyo/GitHub/502/detection/install/yolobot_control' for CMake module files
[0.706s] Level 1:colcon.colcon_core.environment:checking '/home/amejiyo/GitHub/502/detection/install/yolobot_control' for CMake config files
[0.707s] Level 1:colcon.colcon_core.shell:create_environment_hook('yolobot_control', 'cmake_prefix_path')
[0.707s] INFO:colcon.colcon_core.shell:Creating environment hook '/home/amejiyo/GitHub/502/detection/install/yolobot_control/share/yolobot_control/hook/cmake_prefix_path.ps1'
[0.708s] INFO:colcon.colcon_core.shell:Creating environment descriptor '/home/amejiyo/GitHub/502/detection/install/yolobot_control/share/yolobot_control/hook/cmake_prefix_path.dsv'
[0.708s] INFO:colcon.colcon_core.shell:Creating environment hook '/home/amejiyo/GitHub/502/detection/install/yolobot_control/share/yolobot_control/hook/cmake_prefix_path.sh'
[0.710s] Level 1:colcon.colcon_core.environment:checking '/home/amejiyo/GitHub/502/detection/install/yolobot_control/lib'
[0.710s] Level 1:colcon.colcon_core.environment:checking '/home/amejiyo/GitHub/502/detection/install/yolobot_control/bin'
[0.710s] Level 1:colcon.colcon_core.environment:checking '/home/amejiyo/GitHub/502/detection/install/yolobot_control/lib/pkgconfig/yolobot_control.pc'
[0.710s] Level 1:colcon.colcon_core.environment:checking '/home/amejiyo/GitHub/502/detection/install/yolobot_control/lib/python3.8/site-packages'
[0.710s] Level 1:colcon.colcon_core.environment:checking '/home/amejiyo/GitHub/502/detection/install/yolobot_control/bin'
[0.711s] INFO:colcon.colcon_core.shell:Creating package script '/home/amejiyo/GitHub/502/detection/install/yolobot_control/share/yolobot_control/package.ps1'
[0.712s] INFO:colcon.colcon_core.shell:Creating package descriptor '/home/amejiyo/GitHub/502/detection/install/yolobot_control/share/yolobot_control/package.dsv'
[0.713s] INFO:colcon.colcon_core.shell:Creating package script '/home/amejiyo/GitHub/502/detection/install/yolobot_control/share/yolobot_control/package.sh'
[0.714s] INFO:colcon.colcon_core.shell:Creating package script '/home/amejiyo/GitHub/502/detection/install/yolobot_control/share/yolobot_control/package.bash'
[0.715s] INFO:colcon.colcon_core.shell:Creating package script '/home/amejiyo/GitHub/502/detection/install/yolobot_control/share/yolobot_control/package.zsh'
[0.715s] Level 1:colcon.colcon_core.environment:create_file_with_runtime_dependencies(/home/amejiyo/GitHub/502/detection/install/yolobot_control/share/colcon-core/packages/yolobot_control)
[0.723s] Level 1:colcon.colcon_core.environment:create_environment_scripts_only(yolobot_description)
[0.724s] Level 1:colcon.colcon_core.environment:checking '/home/amejiyo/GitHub/502/detection/install/yolobot_description' for CMake module files
[0.726s] DEBUG:colcon.colcon_core.event_handler.log_command:Invoking command in '/home/amejiyo/GitHub/502/detection/build/realsense_gazebo_plugin': /usr/bin/cmake --install /home/amejiyo/GitHub/502/detection/build/realsense_gazebo_plugin
[0.726s] DEBUG:colcon.colcon_core.event_handler.log_command:Invoked command in '/home/amejiyo/GitHub/502/detection/build/yolobot_description' returned '0': CMAKE_PREFIX_PATH=/home/amejiyo/GitHub/502/detection/install/yolobot_recognition:/home/amejiyo/GitHub/502/detection/install/yolobot_gazebo:/home/amejiyo/GitHub/502/detection/install/yolobot_description:/home/amejiyo/GitHub/502/detection/install/yolobot_control:/home/amejiyo/GitHub/502/detection/install/yolobot_detection:/opt/ros/foxy:/home/amejiyo/GitHub/502/detection/install/realsense_gazebo_plugin:/home/amejiyo/GitHub/502/detection/install/interfaces /usr/bin/cmake --install /home/amejiyo/GitHub/502/detection/build/yolobot_description
[0.726s] Level 1:colcon.colcon_core.environment:checking '/home/amejiyo/GitHub/502/detection/install/yolobot_description' for CMake config files
[0.727s] Level 1:colcon.colcon_core.shell:create_environment_hook('yolobot_description', 'cmake_prefix_path')
[0.727s] INFO:colcon.colcon_core.shell:Creating environment hook '/home/amejiyo/GitHub/502/detection/install/yolobot_description/share/yolobot_description/hook/cmake_prefix_path.ps1'
[0.728s] INFO:colcon.colcon_core.shell:Creating environment descriptor '/home/amejiyo/GitHub/502/detection/install/yolobot_description/share/yolobot_description/hook/cmake_prefix_path.dsv'
[0.728s] INFO:colcon.colcon_core.shell:Creating environment hook '/home/amejiyo/GitHub/502/detection/install/yolobot_description/share/yolobot_description/hook/cmake_prefix_path.sh'
[0.729s] Level 1:colcon.colcon_core.environment:checking '/home/amejiyo/GitHub/502/detection/install/yolobot_description/lib'
[0.729s] Level 1:colcon.colcon_core.environment:checking '/home/amejiyo/GitHub/502/detection/install/yolobot_description/bin'
[0.729s] Level 1:colcon.colcon_core.environment:checking '/home/amejiyo/GitHub/502/detection/install/yolobot_description/lib/pkgconfig/yolobot_description.pc'
[0.729s] Level 1:colcon.colcon_core.environment:checking '/home/amejiyo/GitHub/502/detection/install/yolobot_description/lib/python3.8/site-packages'
[0.729s] Level 1:colcon.colcon_core.environment:checking '/home/amejiyo/GitHub/502/detection/install/yolobot_description/bin'
[0.730s] INFO:colcon.colcon_core.shell:Creating package script '/home/amejiyo/GitHub/502/detection/install/yolobot_description/share/yolobot_description/package.ps1'
[0.731s] INFO:colcon.colcon_core.shell:Creating package descriptor '/home/amejiyo/GitHub/502/detection/install/yolobot_description/share/yolobot_description/package.dsv'
[0.731s] INFO:colcon.colcon_core.shell:Creating package script '/home/amejiyo/GitHub/502/detection/install/yolobot_description/share/yolobot_description/package.sh'
[0.732s] INFO:colcon.colcon_core.shell:Creating package script '/home/amejiyo/GitHub/502/detection/install/yolobot_description/share/yolobot_description/package.bash'
[0.732s] INFO:colcon.colcon_core.shell:Creating package script '/home/amejiyo/GitHub/502/detection/install/yolobot_description/share/yolobot_description/package.zsh'
[0.732s] Level 1:colcon.colcon_core.environment:create_file_with_runtime_dependencies(/home/amejiyo/GitHub/502/detection/install/yolobot_description/share/colcon-core/packages/yolobot_description)
[0.739s] Level 1:colcon.colcon_core.environment:create_environment_scripts_only(yolobot_gazebo)
[0.740s] Level 1:colcon.colcon_core.environment:checking '/home/amejiyo/GitHub/502/detection/install/yolobot_gazebo' for CMake module files
[0.741s] Level 1:colcon.colcon_core.environment:checking '/home/amejiyo/GitHub/502/detection/install/yolobot_gazebo' for CMake config files
[0.743s] Level 1:colcon.colcon_core.shell:create_environment_hook('yolobot_gazebo', 'cmake_prefix_path')
[0.743s] INFO:colcon.colcon_core.shell:Creating environment hook '/home/amejiyo/GitHub/502/detection/install/yolobot_gazebo/share/yolobot_gazebo/hook/cmake_prefix_path.ps1'
[0.744s] INFO:colcon.colcon_core.shell:Creating environment descriptor '/home/amejiyo/GitHub/502/detection/install/yolobot_gazebo/share/yolobot_gazebo/hook/cmake_prefix_path.dsv'
[0.745s] INFO:colcon.colcon_core.shell:Creating environment hook '/home/amejiyo/GitHub/502/detection/install/yolobot_gazebo/share/yolobot_gazebo/hook/cmake_prefix_path.sh'
[0.746s] Level 1:colcon.colcon_core.environment:checking '/home/amejiyo/GitHub/502/detection/install/yolobot_gazebo/bin'
[0.746s] Level 1:colcon.colcon_core.environment:checking '/home/amejiyo/GitHub/502/detection/install/yolobot_gazebo/lib/pkgconfig/yolobot_gazebo.pc'
[0.746s] Level 1:colcon.colcon_core.environment:checking '/home/amejiyo/GitHub/502/detection/install/yolobot_gazebo/lib/python3.8/site-packages'
[0.746s] Level 1:colcon.colcon_core.environment:checking '/home/amejiyo/GitHub/502/detection/install/yolobot_gazebo/bin'
[0.747s] INFO:colcon.colcon_core.shell:Creating package script '/home/amejiyo/GitHub/502/detection/install/yolobot_gazebo/share/yolobot_gazebo/package.ps1'
[0.748s] INFO:colcon.colcon_core.shell:Creating package descriptor '/home/amejiyo/GitHub/502/detection/install/yolobot_gazebo/share/yolobot_gazebo/package.dsv'
[0.748s] INFO:colcon.colcon_core.shell:Creating package script '/home/amejiyo/GitHub/502/detection/install/yolobot_gazebo/share/yolobot_gazebo/package.sh'
[0.749s] INFO:colcon.colcon_core.shell:Creating package script '/home/amejiyo/GitHub/502/detection/install/yolobot_gazebo/share/yolobot_gazebo/package.bash'
[0.749s] INFO:colcon.colcon_core.shell:Creating package script '/home/amejiyo/GitHub/502/detection/install/yolobot_gazebo/share/yolobot_gazebo/package.zsh'
[0.750s] Level 1:colcon.colcon_core.environment:create_file_with_runtime_dependencies(/home/amejiyo/GitHub/502/detection/install/yolobot_gazebo/share/colcon-core/packages/yolobot_gazebo)
[0.753s] DEBUG:colcon.colcon_core.event_handler.log_command:Invoked command in '/home/amejiyo/GitHub/502/detection/build/yolobot_gazebo' returned '0': CMAKE_PREFIX_PATH=/home/amejiyo/GitHub/502/detection/install/yolobot_recognition:/home/amejiyo/GitHub/502/detection/install/yolobot_gazebo:/home/amejiyo/GitHub/502/detection/install/yolobot_description:/home/amejiyo/GitHub/502/detection/install/yolobot_control:/home/amejiyo/GitHub/502/detection/install/yolobot_detection:/opt/ros/foxy:/home/amejiyo/GitHub/502/detection/install/realsense_gazebo_plugin:/home/amejiyo/GitHub/502/detection/install/interfaces /usr/bin/cmake --install /home/amejiyo/GitHub/502/detection/build/yolobot_gazebo
[0.756s] DEBUG:colcon.colcon_core.event_handler.log_command:Invoking command in '/home/amejiyo/GitHub/502/detection/build/yolobot_recognition': CMAKE_PREFIX_PATH=/home/amejiyo/GitHub/502/detection/install/yolobot_recognition:/home/amejiyo/GitHub/502/detection/install/yolobot_gazebo:/home/amejiyo/GitHub/502/detection/install/yolobot_description:/home/amejiyo/GitHub/502/detection/install/yolobot_control:/home/amejiyo/GitHub/502/detection/install/yolobot_detection:/opt/ros/foxy:/home/amejiyo/GitHub/502/detection/install/realsense_gazebo_plugin:/home/amejiyo/GitHub/502/detection/install/interfaces /usr/bin/cmake --install /home/amejiyo/GitHub/502/detection/build/yolobot_recognition
[0.762s] DEBUG:colcon.colcon_core.event_handler.log_command:Invoked command in '/home/amejiyo/GitHub/502/detection/build/realsense_gazebo_plugin' returned '0': /usr/bin/cmake --install /home/amejiyo/GitHub/502/detection/build/realsense_gazebo_plugin
[0.763s] Level 1:colcon.colcon_core.environment:create_environment_scripts_only(interfaces)
[0.764s] Level 1:colcon.colcon_core.environment:checking '/home/amejiyo/GitHub/502/detection/install/interfaces' for CMake module files
[0.765s] DEBUG:colcon.colcon_core.event_handler.log_command:Invoked command in '/home/amejiyo/GitHub/502/detection/build/interfaces' returned '0': CMAKE_PREFIX_PATH=/home/amejiyo/GitHub/502/detection/install/yolobot_recognition:/home/amejiyo/GitHub/502/detection/install/yolobot_gazebo:/home/amejiyo/GitHub/502/detection/install/yolobot_description:/home/amejiyo/GitHub/502/detection/install/yolobot_control:/home/amejiyo/GitHub/502/detection/install/yolobot_detection:/opt/ros/foxy:/home/amejiyo/GitHub/502/detection/install/realsense_gazebo_plugin:/home/amejiyo/GitHub/502/detection/install/interfaces /usr/bin/cmake --install /home/amejiyo/GitHub/502/detection/build/interfaces
[0.768s] Level 1:colcon.colcon_core.environment:checking '/home/amejiyo/GitHub/502/detection/install/interfaces' for CMake config files
[0.768s] Level 1:colcon.colcon_core.shell:create_environment_hook('interfaces', 'cmake_prefix_path')
[0.769s] INFO:colcon.colcon_core.shell:Creating environment hook '/home/amejiyo/GitHub/502/detection/install/interfaces/share/interfaces/hook/cmake_prefix_path.ps1'
[0.770s] INFO:colcon.colcon_core.shell:Creating environment descriptor '/home/amejiyo/GitHub/502/detection/install/interfaces/share/interfaces/hook/cmake_prefix_path.dsv'
[0.770s] INFO:colcon.colcon_core.shell:Creating environment hook '/home/amejiyo/GitHub/502/detection/install/interfaces/share/interfaces/hook/cmake_prefix_path.sh'
[0.771s] Level 1:colcon.colcon_core.environment:checking '/home/amejiyo/GitHub/502/detection/install/interfaces/lib'
[0.771s] Level 1:colcon.colcon_core.shell:create_environment_hook('interfaces', 'ld_library_path_lib')
[0.772s] INFO:colcon.colcon_core.shell:Creating environment hook '/home/amejiyo/GitHub/502/detection/install/interfaces/share/interfaces/hook/ld_library_path_lib.ps1'
[0.772s] INFO:colcon.colcon_core.shell:Creating environment descriptor '/home/amejiyo/GitHub/502/detection/install/interfaces/share/interfaces/hook/ld_library_path_lib.dsv'
[0.773s] INFO:colcon.colcon_core.shell:Creating environment hook '/home/amejiyo/GitHub/502/detection/install/interfaces/share/interfaces/hook/ld_library_path_lib.sh'
[0.773s] Level 1:colcon.colcon_core.environment:checking '/home/amejiyo/GitHub/502/detection/install/interfaces/bin'
[0.773s] Level 1:colcon.colcon_core.environment:checking '/home/amejiyo/GitHub/502/detection/install/interfaces/lib/pkgconfig/interfaces.pc'
[0.774s] Level 1:colcon.colcon_core.environment:checking '/home/amejiyo/GitHub/502/detection/install/interfaces/lib/python3.8/site-packages'
[0.774s] Level 1:colcon.colcon_core.shell:create_environment_hook('interfaces', 'pythonpath')
[0.774s] INFO:colcon.colcon_core.shell:Creating environment hook '/home/amejiyo/GitHub/502/detection/install/interfaces/share/interfaces/hook/pythonpath.ps1'
[0.775s] INFO:colcon.colcon_core.shell:Creating environment descriptor '/home/amejiyo/GitHub/502/detection/install/interfaces/share/interfaces/hook/pythonpath.dsv'
[0.775s] INFO:colcon.colcon_core.shell:Creating environment hook '/home/amejiyo/GitHub/502/detection/install/interfaces/share/interfaces/hook/pythonpath.sh'
[0.775s] Level 1:colcon.colcon_core.environment:checking '/home/amejiyo/GitHub/502/detection/install/interfaces/bin'
[0.776s] INFO:colcon.colcon_core.shell:Creating package script '/home/amejiyo/GitHub/502/detection/install/interfaces/share/interfaces/package.ps1'
[0.776s] INFO:colcon.colcon_core.shell:Creating package descriptor '/home/amejiyo/GitHub/502/detection/install/interfaces/share/interfaces/package.dsv'
[0.777s] INFO:colcon.colcon_core.shell:Creating package script '/home/amejiyo/GitHub/502/detection/install/interfaces/share/interfaces/package.sh'
[0.778s] INFO:colcon.colcon_core.shell:Creating package script '/home/amejiyo/GitHub/502/detection/install/interfaces/share/interfaces/package.bash'
[0.778s] INFO:colcon.colcon_core.shell:Creating package script '/home/amejiyo/GitHub/502/detection/install/interfaces/share/interfaces/package.zsh'
[0.779s] Level 1:colcon.colcon_core.environment:create_file_with_runtime_dependencies(/home/amejiyo/GitHub/502/detection/install/interfaces/share/colcon-core/packages/interfaces)
[0.782s] Level 1:colcon.colcon_core.environment:create_environment_scripts_only(yolobot_control)
[0.783s] Level 1:colcon.colcon_core.environment:checking '/home/amejiyo/GitHub/502/detection/install/yolobot_control' for CMake module files
[0.784s] Level 1:colcon.colcon_core.environment:checking '/home/amejiyo/GitHub/502/detection/install/yolobot_control' for CMake config files
[0.784s] Level 1:colcon.colcon_core.shell:create_environment_hook('yolobot_control', 'cmake_prefix_path')
[0.784s] INFO:colcon.colcon_core.shell:Creating environment hook '/home/amejiyo/GitHub/502/detection/install/yolobot_control/share/yolobot_control/hook/cmake_prefix_path.ps1'
[0.785s] INFO:colcon.colcon_core.shell:Creating environment descriptor '/home/amejiyo/GitHub/502/detection/install/yolobot_control/share/yolobot_control/hook/cmake_prefix_path.dsv'
[0.786s] INFO:colcon.colcon_core.shell:Creating environment hook '/home/amejiyo/GitHub/502/detection/install/yolobot_control/share/yolobot_control/hook/cmake_prefix_path.sh'
[0.786s] Level 1:colcon.colcon_core.environment:checking '/home/amejiyo/GitHub/502/detection/install/yolobot_control/lib'
[0.787s] Level 1:colcon.colcon_core.environment:checking '/home/amejiyo/GitHub/502/detection/install/yolobot_control/bin'
[0.787s] Level 1:colcon.colcon_core.environment:checking '/home/amejiyo/GitHub/502/detection/install/yolobot_control/lib/pkgconfig/yolobot_control.pc'
[0.787s] Level 1:colcon.colcon_core.environment:checking '/home/amejiyo/GitHub/502/detection/install/yolobot_control/lib/python3.8/site-packages'
[0.787s] Level 1:colcon.colcon_core.environment:checking '/home/amejiyo/GitHub/502/detection/install/yolobot_control/bin'
[0.787s] INFO:colcon.colcon_core.shell:Creating package script '/home/amejiyo/GitHub/502/detection/install/yolobot_control/share/yolobot_control/package.ps1'
[0.788s] INFO:colcon.colcon_core.shell:Creating package descriptor '/home/amejiyo/GitHub/502/detection/install/yolobot_control/share/yolobot_control/package.dsv'
[0.788s] INFO:colcon.colcon_core.shell:Creating package script '/home/amejiyo/GitHub/502/detection/install/yolobot_control/share/yolobot_control/package.sh'
[0.789s] INFO:colcon.colcon_core.shell:Creating package script '/home/amejiyo/GitHub/502/detection/install/yolobot_control/share/yolobot_control/package.bash'
[0.790s] INFO:colcon.colcon_core.shell:Creating package script '/home/amejiyo/GitHub/502/detection/install/yolobot_control/share/yolobot_control/package.zsh'
[0.791s] Level 1:colcon.colcon_core.environment:create_file_with_runtime_dependencies(/home/amejiyo/GitHub/502/detection/install/yolobot_control/share/colcon-core/packages/yolobot_control)
[0.792s] Level 1:colcon.colcon_core.environment:create_environment_scripts_only(yolobot_description)
[0.792s] Level 1:colcon.colcon_core.environment:checking '/home/amejiyo/GitHub/502/detection/install/yolobot_description' for CMake module files
[0.793s] Level 1:colcon.colcon_core.environment:checking '/home/amejiyo/GitHub/502/detection/install/yolobot_description' for CMake config files
[0.794s] Level 1:colcon.colcon_core.shell:create_environment_hook('yolobot_description', 'cmake_prefix_path')
[0.794s] INFO:colcon.colcon_core.shell:Creating environment hook '/home/amejiyo/GitHub/502/detection/install/yolobot_description/share/yolobot_description/hook/cmake_prefix_path.ps1'
[0.795s] INFO:colcon.colcon_core.shell:Creating environment descriptor '/home/amejiyo/GitHub/502/detection/install/yolobot_description/share/yolobot_description/hook/cmake_prefix_path.dsv'
[0.795s] INFO:colcon.colcon_core.shell:Creating environment hook '/home/amejiyo/GitHub/502/detection/install/yolobot_description/share/yolobot_description/hook/cmake_prefix_path.sh'
[0.796s] Level 1:colcon.colcon_core.environment:checking '/home/amejiyo/GitHub/502/detection/install/yolobot_description/lib'
[0.796s] Level 1:colcon.colcon_core.environment:checking '/home/amejiyo/GitHub/502/detection/install/yolobot_description/bin'
[0.796s] Level 1:colcon.colcon_core.environment:checking '/home/amejiyo/GitHub/502/detection/install/yolobot_description/lib/pkgconfig/yolobot_description.pc'
[0.796s] Level 1:colcon.colcon_core.environment:checking '/home/amejiyo/GitHub/502/detection/install/yolobot_description/lib/python3.8/site-packages'
[0.796s] Level 1:colcon.colcon_core.environment:checking '/home/amejiyo/GitHub/502/detection/install/yolobot_description/bin'
[0.797s] INFO:colcon.colcon_core.shell:Creating package script '/home/amejiyo/GitHub/502/detection/install/yolobot_description/share/yolobot_description/package.ps1'
[0.798s] INFO:colcon.colcon_core.shell:Creating package descriptor '/home/amejiyo/GitHub/502/detection/install/yolobot_description/share/yolobot_description/package.dsv'
[0.799s] INFO:colcon.colcon_core.shell:Creating package script '/home/amejiyo/GitHub/502/detection/install/yolobot_description/share/yolobot_description/package.sh'
[0.799s] INFO:colcon.colcon_core.shell:Creating package script '/home/amejiyo/GitHub/502/detection/install/yolobot_description/share/yolobot_description/package.bash'
[0.800s] INFO:colcon.colcon_core.shell:Creating package script '/home/amejiyo/GitHub/502/detection/install/yolobot_description/share/yolobot_description/package.zsh'
[0.800s] Level 1:colcon.colcon_core.environment:create_file_with_runtime_dependencies(/home/amejiyo/GitHub/502/detection/install/yolobot_description/share/colcon-core/packages/yolobot_description)
[0.803s] Level 1:colcon.colcon_core.environment:create_environment_scripts_only(yolobot_gazebo)
[0.804s] Level 1:colcon.colcon_core.environment:checking '/home/amejiyo/GitHub/502/detection/install/yolobot_gazebo' for CMake module files
[0.804s] Level 1:colcon.colcon_core.environment:checking '/home/amejiyo/GitHub/502/detection/install/yolobot_gazebo' for CMake config files
[0.805s] Level 1:colcon.colcon_core.shell:create_environment_hook('yolobot_gazebo', 'cmake_prefix_path')
[0.805s] INFO:colcon.colcon_core.shell:Creating environment hook '/home/amejiyo/GitHub/502/detection/install/yolobot_gazebo/share/yolobot_gazebo/hook/cmake_prefix_path.ps1'
[0.806s] INFO:colcon.colcon_core.shell:Creating environment descriptor '/home/amejiyo/GitHub/502/detection/install/yolobot_gazebo/share/yolobot_gazebo/hook/cmake_prefix_path.dsv'
[0.806s] INFO:colcon.colcon_core.shell:Creating environment hook '/home/amejiyo/GitHub/502/detection/install/yolobot_gazebo/share/yolobot_gazebo/hook/cmake_prefix_path.sh'
[0.807s] Level 1:colcon.colcon_core.environment:checking '/home/amejiyo/GitHub/502/detection/install/yolobot_gazebo/bin'
[0.807s] Level 1:colcon.colcon_core.environment:checking '/home/amejiyo/GitHub/502/detection/install/yolobot_gazebo/lib/pkgconfig/yolobot_gazebo.pc'
[0.807s] Level 1:colcon.colcon_core.environment:checking '/home/amejiyo/GitHub/502/detection/install/yolobot_gazebo/lib/python3.8/site-packages'
[0.807s] Level 1:colcon.colcon_core.environment:checking '/home/amejiyo/GitHub/502/detection/install/yolobot_gazebo/bin'
[0.808s] INFO:colcon.colcon_core.shell:Creating package script '/home/amejiyo/GitHub/502/detection/install/yolobot_gazebo/share/yolobot_gazebo/package.ps1'
[0.808s] INFO:colcon.colcon_core.shell:Creating package descriptor '/home/amejiyo/GitHub/502/detection/install/yolobot_gazebo/share/yolobot_gazebo/package.dsv'
[0.809s] INFO:colcon.colcon_core.shell:Creating package script '/home/amejiyo/GitHub/502/detection/install/yolobot_gazebo/share/yolobot_gazebo/package.sh'
[0.810s] INFO:colcon.colcon_core.shell:Creating package script '/home/amejiyo/GitHub/502/detection/install/yolobot_gazebo/share/yolobot_gazebo/package.bash'
[0.811s] INFO:colcon.colcon_core.shell:Creating package script '/home/amejiyo/GitHub/502/detection/install/yolobot_gazebo/share/yolobot_gazebo/package.zsh'
[0.811s] Level 1:colcon.colcon_core.environment:create_file_with_runtime_dependencies(/home/amejiyo/GitHub/502/detection/install/yolobot_gazebo/share/colcon-core/packages/yolobot_gazebo)
[0.811s] Level 1:colcon.colcon_core.shell:create_environment_hook('realsense_gazebo_plugin', 'ros_package_path')
[0.812s] INFO:colcon.colcon_core.shell:Creating environment hook '/home/amejiyo/GitHub/502/detection/install/realsense_gazebo_plugin/share/realsense_gazebo_plugin/hook/ros_package_path.ps1'
[0.812s] INFO:colcon.colcon_core.shell:Creating environment descriptor '/home/amejiyo/GitHub/502/detection/install/realsense_gazebo_plugin/share/realsense_gazebo_plugin/hook/ros_package_path.dsv'
[0.813s] INFO:colcon.colcon_core.shell:Creating environment hook '/home/amejiyo/GitHub/502/detection/install/realsense_gazebo_plugin/share/realsense_gazebo_plugin/hook/ros_package_path.sh'
[0.814s] Level 1:colcon.colcon_core.shell:create_environment_hook('realsense_gazebo_plugin', 'pkg_config_path')
[0.814s] INFO:colcon.colcon_core.shell:Creating environment hook '/home/amejiyo/GitHub/502/detection/install/realsense_gazebo_plugin/share/realsense_gazebo_plugin/hook/pkg_config_path.ps1'
[0.815s] INFO:colcon.colcon_core.shell:Creating environment descriptor '/home/amejiyo/GitHub/502/detection/install/realsense_gazebo_plugin/share/realsense_gazebo_plugin/hook/pkg_config_path.dsv'
[0.815s] INFO:colcon.colcon_core.shell:Creating environment hook '/home/amejiyo/GitHub/502/detection/install/realsense_gazebo_plugin/share/realsense_gazebo_plugin/hook/pkg_config_path.sh'
[0.819s] Level 1:colcon.colcon_core.shell:create_environment_hook('realsense_gazebo_plugin', 'pkg_config_path_multiarch')
[0.820s] INFO:colcon.colcon_core.shell:Creating environment hook '/home/amejiyo/GitHub/502/detection/install/realsense_gazebo_plugin/share/realsense_gazebo_plugin/hook/pkg_config_path_multiarch.ps1'
[0.820s] INFO:colcon.colcon_core.shell:Creating environment descriptor '/home/amejiyo/GitHub/502/detection/install/realsense_gazebo_plugin/share/realsense_gazebo_plugin/hook/pkg_config_path_multiarch.dsv'
[0.821s] INFO:colcon.colcon_core.shell:Creating environment hook '/home/amejiyo/GitHub/502/detection/install/realsense_gazebo_plugin/share/realsense_gazebo_plugin/hook/pkg_config_path_multiarch.sh'
[0.823s] Level 1:colcon.colcon_core.environment:create_environment_scripts_only(realsense_gazebo_plugin)
[0.823s] Level 1:colcon.colcon_core.environment:checking '/home/amejiyo/GitHub/502/detection/install/realsense_gazebo_plugin' for CMake module files
[0.824s] Level 1:colcon.colcon_core.environment:checking '/home/amejiyo/GitHub/502/detection/install/realsense_gazebo_plugin' for CMake config files
[0.824s] Level 1:colcon.colcon_core.shell:create_environment_hook('realsense_gazebo_plugin', 'cmake_prefix_path')
[0.824s] INFO:colcon.colcon_core.shell:Creating environment hook '/home/amejiyo/GitHub/502/detection/install/realsense_gazebo_plugin/share/realsense_gazebo_plugin/hook/cmake_prefix_path.ps1'
[0.824s] INFO:colcon.colcon_core.shell:Creating environment descriptor '/home/amejiyo/GitHub/502/detection/install/realsense_gazebo_plugin/share/realsense_gazebo_plugin/hook/cmake_prefix_path.dsv'
[0.825s] INFO:colcon.colcon_core.shell:Creating environment hook '/home/amejiyo/GitHub/502/detection/install/realsense_gazebo_plugin/share/realsense_gazebo_plugin/hook/cmake_prefix_path.sh'
[0.826s] Level 1:colcon.colcon_core.environment:checking '/home/amejiyo/GitHub/502/detection/install/realsense_gazebo_plugin/lib'
[0.826s] Level 1:colcon.colcon_core.shell:create_environment_hook('realsense_gazebo_plugin', 'ld_library_path_lib')
[0.827s] INFO:colcon.colcon_core.shell:Creating environment hook '/home/amejiyo/GitHub/502/detection/install/realsense_gazebo_plugin/share/realsense_gazebo_plugin/hook/ld_library_path_lib.ps1'
[0.827s] INFO:colcon.colcon_core.shell:Creating environment descriptor '/home/amejiyo/GitHub/502/detection/install/realsense_gazebo_plugin/share/realsense_gazebo_plugin/hook/ld_library_path_lib.dsv'
[0.828s] INFO:colcon.colcon_core.shell:Creating environment hook '/home/amejiyo/GitHub/502/detection/install/realsense_gazebo_plugin/share/realsense_gazebo_plugin/hook/ld_library_path_lib.sh'
[0.828s] Level 1:colcon.colcon_core.environment:checking '/home/amejiyo/GitHub/502/detection/install/realsense_gazebo_plugin/bin'
[0.828s] Level 1:colcon.colcon_core.environment:checking '/home/amejiyo/GitHub/502/detection/install/realsense_gazebo_plugin/lib/pkgconfig/realsense_gazebo_plugin.pc'
[0.829s] Level 1:colcon.colcon_core.environment:checking '/home/amejiyo/GitHub/502/detection/install/realsense_gazebo_plugin/lib/python3.8/site-packages'
[0.829s] Level 1:colcon.colcon_core.environment:checking '/home/amejiyo/GitHub/502/detection/install/realsense_gazebo_plugin/bin'
[0.830s] INFO:colcon.colcon_core.shell:Creating package script '/home/amejiyo/GitHub/502/detection/install/realsense_gazebo_plugin/share/realsense_gazebo_plugin/package.ps1'
[0.831s] INFO:colcon.colcon_core.shell:Creating package descriptor '/home/amejiyo/GitHub/502/detection/install/realsense_gazebo_plugin/share/realsense_gazebo_plugin/package.dsv'
[0.831s] INFO:colcon.colcon_core.shell:Creating package script '/home/amejiyo/GitHub/502/detection/install/realsense_gazebo_plugin/share/realsense_gazebo_plugin/package.sh'
[0.832s] INFO:colcon.colcon_core.shell:Creating package script '/home/amejiyo/GitHub/502/detection/install/realsense_gazebo_plugin/share/realsense_gazebo_plugin/package.bash'
[0.833s] INFO:colcon.colcon_core.shell:Creating package script '/home/amejiyo/GitHub/502/detection/install/realsense_gazebo_plugin/share/realsense_gazebo_plugin/package.zsh'
[0.833s] Level 1:colcon.colcon_core.environment:create_file_with_runtime_dependencies(/home/amejiyo/GitHub/502/detection/install/realsense_gazebo_plugin/share/colcon-core/packages/realsense_gazebo_plugin)
[0.834s] Level 1:colcon.colcon_core.environment:create_environment_scripts_only(yolobot_recognition)
[0.835s] Level 1:colcon.colcon_core.environment:checking '/home/amejiyo/GitHub/502/detection/install/yolobot_recognition' for CMake module files
[0.836s] Level 1:colcon.colcon_core.environment:checking '/home/amejiyo/GitHub/502/detection/install/yolobot_recognition' for CMake config files
[0.836s] DEBUG:colcon.colcon_core.event_handler.log_command:Invoked command in '/home/amejiyo/GitHub/502/detection/build/yolobot_recognition' returned '0': CMAKE_PREFIX_PATH=/home/amejiyo/GitHub/502/detection/install/yolobot_recognition:/home/amejiyo/GitHub/502/detection/install/yolobot_gazebo:/home/amejiyo/GitHub/502/detection/install/yolobot_description:/home/amejiyo/GitHub/502/detection/install/yolobot_control:/home/amejiyo/GitHub/502/detection/install/yolobot_detection:/opt/ros/foxy:/home/amejiyo/GitHub/502/detection/install/realsense_gazebo_plugin:/home/amejiyo/GitHub/502/detection/install/interfaces /usr/bin/cmake --install /home/amejiyo/GitHub/502/detection/build/yolobot_recognition
[0.836s] Level 1:colcon.colcon_core.shell:create_environment_hook('yolobot_recognition', 'cmake_prefix_path')
[0.836s] INFO:colcon.colcon_core.shell:Creating environment hook '/home/amejiyo/GitHub/502/detection/install/yolobot_recognition/share/yolobot_recognition/hook/cmake_prefix_path.ps1'
[0.837s] INFO:colcon.colcon_core.shell:Creating environment descriptor '/home/amejiyo/GitHub/502/detection/install/yolobot_recognition/share/yolobot_recognition/hook/cmake_prefix_path.dsv'
[0.838s] INFO:colcon.colcon_core.shell:Creating environment hook '/home/amejiyo/GitHub/502/detection/install/yolobot_recognition/share/yolobot_recognition/hook/cmake_prefix_path.sh'
[0.838s] Level 1:colcon.colcon_core.environment:checking '/home/amejiyo/GitHub/502/detection/install/yolobot_recognition/bin'
[0.838s] Level 1:colcon.colcon_core.environment:checking '/home/amejiyo/GitHub/502/detection/install/yolobot_recognition/lib/pkgconfig/yolobot_recognition.pc'
[0.839s] Level 1:colcon.colcon_core.environment:checking '/home/amejiyo/GitHub/502/detection/install/yolobot_recognition/lib/python3.8/site-packages'
[0.839s] Level 1:colcon.colcon_core.environment:checking '/home/amejiyo/GitHub/502/detection/install/yolobot_recognition/bin'
[0.839s] INFO:colcon.colcon_core.shell:Creating package script '/home/amejiyo/GitHub/502/detection/install/yolobot_recognition/share/yolobot_recognition/package.ps1'
[0.840s] INFO:colcon.colcon_core.shell:Creating package descriptor '/home/amejiyo/GitHub/502/detection/install/yolobot_recognition/share/yolobot_recognition/package.dsv'
[0.840s] INFO:colcon.colcon_core.shell:Creating package script '/home/amejiyo/GitHub/502/detection/install/yolobot_recognition/share/yolobot_recognition/package.sh'
[0.841s] INFO:colcon.colcon_core.shell:Creating package script '/home/amejiyo/GitHub/502/detection/install/yolobot_recognition/share/yolobot_recognition/package.bash'
[0.841s] INFO:colcon.colcon_core.shell:Creating package script '/home/amejiyo/GitHub/502/detection/install/yolobot_recognition/share/yolobot_recognition/package.zsh'
[0.842s] Level 1:colcon.colcon_core.environment:create_file_with_runtime_dependencies(/home/amejiyo/GitHub/502/detection/install/yolobot_recognition/share/colcon-core/packages/yolobot_recognition)
[0.846s] Level 1:colcon.colcon_core.environment:create_environment_scripts_only(interfaces)
[0.846s] Level 1:colcon.colcon_core.environment:checking '/home/amejiyo/GitHub/502/detection/install/interfaces' for CMake module files
[0.847s] Level 1:colcon.colcon_core.environment:checking '/home/amejiyo/GitHub/502/detection/install/interfaces' for CMake config files
[0.847s] Level 1:colcon.colcon_core.shell:create_environment_hook('interfaces', 'cmake_prefix_path')
[0.848s] INFO:colcon.colcon_core.shell:Creating environment hook '/home/amejiyo/GitHub/502/detection/install/interfaces/share/interfaces/hook/cmake_prefix_path.ps1'
[0.848s] INFO:colcon.colcon_core.shell:Creating environment descriptor '/home/amejiyo/GitHub/502/detection/install/interfaces/share/interfaces/hook/cmake_prefix_path.dsv'
[0.849s] INFO:colcon.colcon_core.shell:Creating environment hook '/home/amejiyo/GitHub/502/detection/install/interfaces/share/interfaces/hook/cmake_prefix_path.sh'
[0.849s] Level 1:colcon.colcon_core.environment:checking '/home/amejiyo/GitHub/502/detection/install/interfaces/lib'
[0.849s] Level 1:colcon.colcon_core.shell:create_environment_hook('interfaces', 'ld_library_path_lib')
[0.850s] INFO:colcon.colcon_core.shell:Creating environment hook '/home/amejiyo/GitHub/502/detection/install/interfaces/share/interfaces/hook/ld_library_path_lib.ps1'
[0.851s] INFO:colcon.colcon_core.shell:Creating environment descriptor '/home/amejiyo/GitHub/502/detection/install/interfaces/share/interfaces/hook/ld_library_path_lib.dsv'
[0.852s] INFO:colcon.colcon_core.shell:Creating environment hook '/home/amejiyo/GitHub/502/detection/install/interfaces/share/interfaces/hook/ld_library_path_lib.sh'
[0.852s] Level 1:colcon.colcon_core.environment:checking '/home/amejiyo/GitHub/502/detection/install/interfaces/bin'
[0.852s] Level 1:colcon.colcon_core.environment:checking '/home/amejiyo/GitHub/502/detection/install/interfaces/lib/pkgconfig/interfaces.pc'
[0.853s] Level 1:colcon.colcon_core.environment:checking '/home/amejiyo/GitHub/502/detection/install/interfaces/lib/python3.8/site-packages'
[0.853s] Level 1:colcon.colcon_core.shell:create_environment_hook('interfaces', 'pythonpath')
[0.853s] INFO:colcon.colcon_core.shell:Creating environment hook '/home/amejiyo/GitHub/502/detection/install/interfaces/share/interfaces/hook/pythonpath.ps1'
[0.854s] INFO:colcon.colcon_core.shell:Creating environment descriptor '/home/amejiyo/GitHub/502/detection/install/interfaces/share/interfaces/hook/pythonpath.dsv'
[0.854s] INFO:colcon.colcon_core.shell:Creating environment hook '/home/amejiyo/GitHub/502/detection/install/interfaces/share/interfaces/hook/pythonpath.sh'
[0.855s] Level 1:colcon.colcon_core.environment:checking '/home/amejiyo/GitHub/502/detection/install/interfaces/bin'
[0.856s] INFO:colcon.colcon_core.shell:Creating package script '/home/amejiyo/GitHub/502/detection/install/interfaces/share/interfaces/package.ps1'
[0.856s] INFO:colcon.colcon_core.shell:Creating package descriptor '/home/amejiyo/GitHub/502/detection/install/interfaces/share/interfaces/package.dsv'
[0.857s] INFO:colcon.colcon_core.shell:Creating package script '/home/amejiyo/GitHub/502/detection/install/interfaces/share/interfaces/package.sh'
[0.858s] INFO:colcon.colcon_core.shell:Creating package script '/home/amejiyo/GitHub/502/detection/install/interfaces/share/interfaces/package.bash'
[0.858s] INFO:colcon.colcon_core.shell:Creating package script '/home/amejiyo/GitHub/502/detection/install/interfaces/share/interfaces/package.zsh'
[0.859s] Level 1:colcon.colcon_core.environment:create_file_with_runtime_dependencies(/home/amejiyo/GitHub/502/detection/install/interfaces/share/colcon-core/packages/interfaces)
[0.869s] Level 1:colcon.colcon_core.environment:create_environment_scripts_only(yolobot_recognition)
[0.870s] Level 1:colcon.colcon_core.environment:checking '/home/amejiyo/GitHub/502/detection/install/yolobot_recognition' for CMake module files
[0.871s] Level 1:colcon.colcon_core.environment:checking '/home/amejiyo/GitHub/502/detection/install/yolobot_recognition' for CMake config files
[0.871s] Level 1:colcon.colcon_core.shell:create_environment_hook('yolobot_recognition', 'cmake_prefix_path')
[0.872s] INFO:colcon.colcon_core.shell:Creating environment hook '/home/amejiyo/GitHub/502/detection/install/yolobot_recognition/share/yolobot_recognition/hook/cmake_prefix_path.ps1'
[0.872s] INFO:colcon.colcon_core.shell:Creating environment descriptor '/home/amejiyo/GitHub/502/detection/install/yolobot_recognition/share/yolobot_recognition/hook/cmake_prefix_path.dsv'
[0.873s] INFO:colcon.colcon_core.shell:Creating environment hook '/home/amejiyo/GitHub/502/detection/install/yolobot_recognition/share/yolobot_recognition/hook/cmake_prefix_path.sh'
[0.874s] Level 1:colcon.colcon_core.environment:checking '/home/amejiyo/GitHub/502/detection/install/yolobot_recognition/bin'
[0.874s] Level 1:colcon.colcon_core.environment:checking '/home/amejiyo/GitHub/502/detection/install/yolobot_recognition/lib/pkgconfig/yolobot_recognition.pc'
[0.874s] Level 1:colcon.colcon_core.environment:checking '/home/amejiyo/GitHub/502/detection/install/yolobot_recognition/lib/python3.8/site-packages'
[0.874s] Level 1:colcon.colcon_core.environment:checking '/home/amejiyo/GitHub/502/detection/install/yolobot_recognition/bin'
[0.875s] INFO:colcon.colcon_core.shell:Creating package script '/home/amejiyo/GitHub/502/detection/install/yolobot_recognition/share/yolobot_recognition/package.ps1'
[0.875s] INFO:colcon.colcon_core.shell:Creating package descriptor '/home/amejiyo/GitHub/502/detection/install/yolobot_recognition/share/yolobot_recognition/package.dsv'
[0.876s] INFO:colcon.colcon_core.shell:Creating package script '/home/amejiyo/GitHub/502/detection/install/yolobot_recognition/share/yolobot_recognition/package.sh'
[0.876s] INFO:colcon.colcon_core.shell:Creating package script '/home/amejiyo/GitHub/502/detection/install/yolobot_recognition/share/yolobot_recognition/package.bash'
[0.877s] INFO:colcon.colcon_core.shell:Creating package script '/home/amejiyo/GitHub/502/detection/install/yolobot_recognition/share/yolobot_recognition/package.zsh'
[0.877s] Level 1:colcon.colcon_core.environment:create_file_with_runtime_dependencies(/home/amejiyo/GitHub/502/detection/install/yolobot_recognition/share/colcon-core/packages/yolobot_recognition)
[1.044s] DEBUG:colcon.colcon_core.event_handler.log_command:Invoking command in '/home/amejiyo/GitHub/502/detection/src/yolobot_detection': PYTHONPATH=/home/amejiyo/GitHub/502/detection/install/yolobot_detection/lib/python3.8/site-packages:${PYTHONPATH} /usr/bin/python3 setup.py egg_info --egg-base ../../build/yolobot_detection build --build-base /home/amejiyo/GitHub/502/detection/build/yolobot_detection/build install --prefix /home/amejiyo/GitHub/502/detection/install/yolobot_detection --record /home/amejiyo/GitHub/502/detection/build/yolobot_detection/install.log --single-version-externally-managed
[1.318s] Level 1:colcon.colcon_core.environment:checking '/home/amejiyo/GitHub/502/detection/install/yolobot_detection' for CMake module files
[1.319s] DEBUG:colcon.colcon_core.event_handler.log_command:Invoked command in '/home/amejiyo/GitHub/502/detection/src/yolobot_detection' returned '0': PYTHONPATH=/home/amejiyo/GitHub/502/detection/install/yolobot_detection/lib/python3.8/site-packages:${PYTHONPATH} /usr/bin/python3 setup.py egg_info --egg-base ../../build/yolobot_detection build --build-base /home/amejiyo/GitHub/502/detection/build/yolobot_detection/build install --prefix /home/amejiyo/GitHub/502/detection/install/yolobot_detection --record /home/amejiyo/GitHub/502/detection/build/yolobot_detection/install.log --single-version-externally-managed
[1.320s] Level 1:colcon.colcon_core.environment:checking '/home/amejiyo/GitHub/502/detection/install/yolobot_detection' for CMake config files
[1.320s] Level 1:colcon.colcon_core.environment:checking '/home/amejiyo/GitHub/502/detection/install/yolobot_detection/lib'
[1.320s] Level 1:colcon.colcon_core.environment:checking '/home/amejiyo/GitHub/502/detection/install/yolobot_detection/bin'
[1.320s] Level 1:colcon.colcon_core.environment:checking '/home/amejiyo/GitHub/502/detection/install/yolobot_detection/lib/pkgconfig/yolobot_detection.pc'
[1.321s] Level 1:colcon.colcon_core.environment:checking '/home/amejiyo/GitHub/502/detection/install/yolobot_detection/lib/python3.8/site-packages'
[1.321s] Level 1:colcon.colcon_core.shell:create_environment_hook('yolobot_detection', 'pythonpath')
[1.321s] INFO:colcon.colcon_core.shell:Creating environment hook '/home/amejiyo/GitHub/502/detection/install/yolobot_detection/share/yolobot_detection/hook/pythonpath.ps1'
[1.322s] INFO:colcon.colcon_core.shell:Creating environment descriptor '/home/amejiyo/GitHub/502/detection/install/yolobot_detection/share/yolobot_detection/hook/pythonpath.dsv'
[1.322s] INFO:colcon.colcon_core.shell:Creating environment hook '/home/amejiyo/GitHub/502/detection/install/yolobot_detection/share/yolobot_detection/hook/pythonpath.sh'
[1.323s] Level 1:colcon.colcon_core.environment:checking '/home/amejiyo/GitHub/502/detection/install/yolobot_detection/bin'
[1.323s] Level 1:colcon.colcon_core.environment:create_environment_scripts_only(yolobot_detection)
[1.324s] INFO:colcon.colcon_core.shell:Creating package script '/home/amejiyo/GitHub/502/detection/install/yolobot_detection/share/yolobot_detection/package.ps1'
[1.325s] INFO:colcon.colcon_core.shell:Creating package descriptor '/home/amejiyo/GitHub/502/detection/install/yolobot_detection/share/yolobot_detection/package.dsv'
[1.325s] INFO:colcon.colcon_core.shell:Creating package script '/home/amejiyo/GitHub/502/detection/install/yolobot_detection/share/yolobot_detection/package.sh'
[1.326s] INFO:colcon.colcon_core.shell:Creating package script '/home/amejiyo/GitHub/502/detection/install/yolobot_detection/share/yolobot_detection/package.bash'
[1.326s] INFO:colcon.colcon_core.shell:Creating package script '/home/amejiyo/GitHub/502/detection/install/yolobot_detection/share/yolobot_detection/package.zsh'
[1.327s] Level 1:colcon.colcon_core.environment:create_file_with_runtime_dependencies(/home/amejiyo/GitHub/502/detection/install/yolobot_detection/share/colcon-core/packages/yolobot_detection)
[1.327s] DEBUG:colcon.colcon_parallel_executor.executor.parallel:closing loop
[1.328s] DEBUG:colcon.colcon_parallel_executor.executor.parallel:loop closed
[1.328s] DEBUG:colcon.colcon_parallel_executor.executor.parallel:run_until_complete finished with '0'
[1.328s] DEBUG:colcon.colcon_core.event_reactor:joining thread
[1.335s] INFO:colcon.colcon_core.plugin_system:Skipping extension 'colcon_notification.desktop_notification.terminal_notifier': Not used on non-Darwin systems
[1.335s] INFO:colcon.colcon_core.plugin_system:Skipping extension 'colcon_notification.desktop_notification.win32': Not used on non-Windows systems
[1.335s] INFO:colcon.colcon_notification.desktop_notification:Sending desktop notification using 'notify2'
[1.346s] DEBUG:colcon.colcon_core.event_reactor:joined thread
[1.347s] INFO:colcon.colcon_core.shell:Creating prefix script '/home/amejiyo/GitHub/502/detection/install/local_setup.ps1'
[1.349s] INFO:colcon.colcon_core.shell:Creating prefix util module '/home/amejiyo/GitHub/502/detection/install/_local_setup_util_ps1.py'
[1.350s] INFO:colcon.colcon_core.shell:Creating prefix chain script '/home/amejiyo/GitHub/502/detection/install/setup.ps1'
[1.352s] INFO:colcon.colcon_core.shell:Creating prefix script '/home/amejiyo/GitHub/502/detection/install/local_setup.sh'
[1.352s] INFO:colcon.colcon_core.shell:Creating prefix util module '/home/amejiyo/GitHub/502/detection/install/_local_setup_util_sh.py'
[1.353s] INFO:colcon.colcon_core.shell:Creating prefix chain script '/home/amejiyo/GitHub/502/detection/install/setup.sh'
[1.354s] INFO:colcon.colcon_core.shell:Creating prefix script '/home/amejiyo/GitHub/502/detection/install/local_setup.bash'
[1.355s] INFO:colcon.colcon_core.shell:Creating prefix chain script '/home/amejiyo/GitHub/502/detection/install/setup.bash'
[1.356s] INFO:colcon.colcon_core.shell:Creating prefix script '/home/amejiyo/GitHub/502/detection/install/local_setup.zsh'
[1.356s] INFO:colcon.colcon_core.shell:Creating prefix chain script '/home/amejiyo/GitHub/502/detection/install/setup.zsh'
