[0.092s] Invoking command in '/home/amejiyo/GitHub/502/detection/build/interfaces': CMAKE_PREFIX_PATH=/home/amejiyo/GitHub/502/detection/install/yolobot_recognition:/home/amejiyo/GitHub/502/detection/install/yolobot_gazebo:/home/amejiyo/GitHub/502/detection/install/yolobot_description:/home/amejiyo/GitHub/502/detection/install/yolobot_control:/home/amejiyo/GitHub/502/detection/install/yolobot_detection:/opt/ros/foxy:/home/amejiyo/GitHub/502/detection/install/realsense_gazebo_plugin:/home/amejiyo/GitHub/502/detection/install/interfaces /usr/bin/cmake --build /home/amejiyo/GitHub/502/detection/build/interfaces -- -j16 -l16
[0.459s] [  2%] Built target interfaces__cpp
[0.459s] [ 12%] Built target interfaces__rosidl_generator_c
[0.460s] [ 23%] Built target interfaces__rosidl_typesupport_introspection_cpp
[0.460s] [ 33%] Built target interfaces__rosidl_typesupport_cpp
[0.460s] [ 43%] Built target interfaces__rosidl_typesupport_fastrtps_cpp
[0.460s] [ 53%] Built target interfaces__rosidl_typesupport_introspection_c
[0.461s] [ 64%] Built target interfaces__rosidl_typesupport_c
[0.461s] [ 74%] Built target interfaces__rosidl_typesupport_fastrtps_c
[0.461s] [ 74%] Built target interfaces
[0.461s] [ 76%] Built target interfaces__py
[0.461s] [ 84%] Built target interfaces__python
[0.461s] [ 89%] Built target interfaces__rosidl_typesupport_introspection_c__pyext
[0.462s] [ 94%] Built target interfaces__rosidl_typesupport_c__pyext
[0.464s] [100%] Built target interfaces__rosidl_typesupport_fastrtps_c__pyext
[0.471s] Invoked command in '/home/amejiyo/GitHub/502/detection/build/interfaces' returned '0': CMAKE_PREFIX_PATH=/home/amejiyo/GitHub/502/detection/install/yolobot_recognition:/home/amejiyo/GitHub/502/detection/install/yolobot_gazebo:/home/amejiyo/GitHub/502/detection/install/yolobot_description:/home/amejiyo/GitHub/502/detection/install/yolobot_control:/home/amejiyo/GitHub/502/detection/install/yolobot_detection:/opt/ros/foxy:/home/amejiyo/GitHub/502/detection/install/realsense_gazebo_plugin:/home/amejiyo/GitHub/502/detection/install/interfaces /usr/bin/cmake --build /home/amejiyo/GitHub/502/detection/build/interfaces -- -j16 -l16
[0.593s] Invoking command in '/home/amejiyo/GitHub/502/detection/build/interfaces': CMAKE_PREFIX_PATH=/home/amejiyo/GitHub/502/detection/install/yolobot_recognition:/home/amejiyo/GitHub/502/detection/install/yolobot_gazebo:/home/amejiyo/GitHub/502/detection/install/yolobot_description:/home/amejiyo/GitHub/502/detection/install/yolobot_control:/home/amejiyo/GitHub/502/detection/install/yolobot_detection:/opt/ros/foxy:/home/amejiyo/GitHub/502/detection/install/realsense_gazebo_plugin:/home/amejiyo/GitHub/502/detection/install/interfaces /usr/bin/cmake --install /home/amejiyo/GitHub/502/detection/build/interfaces
[0.619s] -- Install configuration: ""
[0.619s] -- Up-to-date: /home/amejiyo/GitHub/502/detection/install/interfaces/share/ament_index/resource_index/rosidl_interfaces/interfaces
[0.619s] -- Up-to-date: /home/amejiyo/GitHub/502/detection/install/interfaces/include/interfaces
[0.620s] -- Up-to-date: /home/amejiyo/GitHub/502/detection/install/interfaces/include/interfaces/msg
[0.620s] -- Up-to-date: /home/amejiyo/GitHub/502/detection/install/interfaces/include/interfaces/msg/rosidl_generator_c__visibility_control.h
[0.620s] -- Up-to-date: /home/amejiyo/GitHub/502/detection/install/interfaces/include/interfaces/msg/detail
[0.620s] -- Up-to-date: /home/amejiyo/GitHub/502/detection/install/interfaces/include/interfaces/msg/detail/dect2__struct.h
[0.620s] -- Up-to-date: /home/amejiyo/GitHub/502/detection/install/interfaces/include/interfaces/msg/detail/dect__functions.c
[0.620s] -- Up-to-date: /home/amejiyo/GitHub/502/detection/install/interfaces/include/interfaces/msg/detail/dect2__type_support.h
[0.620s] -- Up-to-date: /home/amejiyo/GitHub/502/detection/install/interfaces/include/interfaces/msg/detail/dect__type_support.h
[0.621s] -- Up-to-date: /home/amejiyo/GitHub/502/detection/install/interfaces/include/interfaces/msg/detail/dect__struct.h
[0.621s] -- Up-to-date: /home/amejiyo/GitHub/502/detection/install/interfaces/include/interfaces/msg/detail/dect__functions.h
[0.621s] -- Up-to-date: /home/amejiyo/GitHub/502/detection/install/interfaces/include/interfaces/msg/detail/dect2__functions.h
[0.621s] -- Up-to-date: /home/amejiyo/GitHub/502/detection/install/interfaces/include/interfaces/msg/detail/dect2__functions.c
[0.621s] -- Up-to-date: /home/amejiyo/GitHub/502/detection/install/interfaces/include/interfaces/msg/dect.h
[0.621s] -- Up-to-date: /home/amejiyo/GitHub/502/detection/install/interfaces/include/interfaces/msg/dect2.h
[0.621s] -- Up-to-date: /home/amejiyo/GitHub/502/detection/install/interfaces/share/interfaces/environment/library_path.sh
[0.622s] -- Up-to-date: /home/amejiyo/GitHub/502/detection/install/interfaces/share/interfaces/environment/library_path.dsv
[0.622s] -- Up-to-date: /home/amejiyo/GitHub/502/detection/install/interfaces/lib/libinterfaces__rosidl_generator_c.so
[0.622s] -- Up-to-date: /home/amejiyo/GitHub/502/detection/install/interfaces/include/interfaces
[0.622s] -- Up-to-date: /home/amejiyo/GitHub/502/detection/install/interfaces/include/interfaces/msg
[0.622s] -- Up-to-date: /home/amejiyo/GitHub/502/detection/install/interfaces/include/interfaces/msg/detail
[0.622s] -- Up-to-date: /home/amejiyo/GitHub/502/detection/install/interfaces/include/interfaces/msg/detail/dect2__rosidl_typesupport_fastrtps_c.h
[0.622s] -- Up-to-date: /home/amejiyo/GitHub/502/detection/install/interfaces/include/interfaces/msg/detail/dect__rosidl_typesupport_fastrtps_c.h
[0.622s] -- Up-to-date: /home/amejiyo/GitHub/502/detection/install/interfaces/include/interfaces/msg/rosidl_typesupport_fastrtps_c__visibility_control.h
[0.623s] -- Up-to-date: /home/amejiyo/GitHub/502/detection/install/interfaces/lib/libinterfaces__rosidl_typesupport_fastrtps_c.so
[0.624s] -- Up-to-date: /home/amejiyo/GitHub/502/detection/install/interfaces/include/interfaces
[0.625s] -- Up-to-date: /home/amejiyo/GitHub/502/detection/install/interfaces/include/interfaces/msg
[0.625s] -- Up-to-date: /home/amejiyo/GitHub/502/detection/install/interfaces/include/interfaces/msg/detail
[0.625s] -- Up-to-date: /home/amejiyo/GitHub/502/detection/install/interfaces/include/interfaces/msg/detail/dds_fastrtps
[0.625s] -- Up-to-date: /home/amejiyo/GitHub/502/detection/install/interfaces/include/interfaces/msg/detail/dect__rosidl_typesupport_fastrtps_cpp.hpp
[0.626s] -- Up-to-date: /home/amejiyo/GitHub/502/detection/install/interfaces/include/interfaces/msg/detail/dect2__rosidl_typesupport_fastrtps_cpp.hpp
[0.626s] -- Up-to-date: /home/amejiyo/GitHub/502/detection/install/interfaces/include/interfaces/msg/rosidl_typesupport_fastrtps_cpp__visibility_control.h
[0.627s] -- Up-to-date: /home/amejiyo/GitHub/502/detection/install/interfaces/lib/libinterfaces__rosidl_typesupport_fastrtps_cpp.so
[0.627s] -- Up-to-date: /home/amejiyo/GitHub/502/detection/install/interfaces/include/interfaces
[0.627s] -- Up-to-date: /home/amejiyo/GitHub/502/detection/install/interfaces/include/interfaces/msg
[0.627s] -- Up-to-date: /home/amejiyo/GitHub/502/detection/install/interfaces/include/interfaces/msg/detail
[0.628s] -- Up-to-date: /home/amejiyo/GitHub/502/detection/install/interfaces/include/interfaces/msg/detail/dect2__rosidl_typesupport_introspection_c.h
[0.629s] -- Up-to-date: /home/amejiyo/GitHub/502/detection/install/interfaces/include/interfaces/msg/detail/dect__rosidl_typesupport_introspection_c.h
[0.630s] -- Up-to-date: /home/amejiyo/GitHub/502/detection/install/interfaces/include/interfaces/msg/detail/dect2__type_support.c
[0.630s] -- Up-to-date: /home/amejiyo/GitHub/502/detection/install/interfaces/include/interfaces/msg/detail/dect__type_support.c
[0.631s] -- Up-to-date: /home/amejiyo/GitHub/502/detection/install/interfaces/include/interfaces/msg/rosidl_typesupport_introspection_c__visibility_control.h
[0.631s] -- Up-to-date: /home/amejiyo/GitHub/502/detection/install/interfaces/lib/libinterfaces__rosidl_typesupport_introspection_c.so
[0.631s] -- Up-to-date: /home/amejiyo/GitHub/502/detection/install/interfaces/lib/libinterfaces__rosidl_typesupport_c.so
[0.631s] -- Up-to-date: /home/amejiyo/GitHub/502/detection/install/interfaces/include/interfaces
[0.631s] -- Up-to-date: /home/amejiyo/GitHub/502/detection/install/interfaces/include/interfaces/msg
[0.631s] -- Up-to-date: /home/amejiyo/GitHub/502/detection/install/interfaces/include/interfaces/msg/detail
[0.632s] -- Up-to-date: /home/amejiyo/GitHub/502/detection/install/interfaces/include/interfaces/msg/detail/dect__struct.hpp
[0.632s] -- Up-to-date: /home/amejiyo/GitHub/502/detection/install/interfaces/include/interfaces/msg/detail/dect__traits.hpp
[0.632s] -- Up-to-date: /home/amejiyo/GitHub/502/detection/install/interfaces/include/interfaces/msg/detail/dect2__traits.hpp
[0.632s] -- Up-to-date: /home/amejiyo/GitHub/502/detection/install/interfaces/include/interfaces/msg/detail/dect2__struct.hpp
[0.632s] -- Up-to-date: /home/amejiyo/GitHub/502/detection/install/interfaces/include/interfaces/msg/detail/dect2__builder.hpp
[0.633s] -- Up-to-date: /home/amejiyo/GitHub/502/detection/install/interfaces/include/interfaces/msg/detail/dect__builder.hpp
[0.633s] -- Up-to-date: /home/amejiyo/GitHub/502/detection/install/interfaces/include/interfaces/msg/dect.hpp
[0.633s] -- Up-to-date: /home/amejiyo/GitHub/502/detection/install/interfaces/include/interfaces/msg/dect2.hpp
[0.633s] -- Up-to-date: /home/amejiyo/GitHub/502/detection/install/interfaces/include/interfaces
[0.634s] -- Up-to-date: /home/amejiyo/GitHub/502/detection/install/interfaces/include/interfaces/msg
[0.634s] -- Up-to-date: /home/amejiyo/GitHub/502/detection/install/interfaces/include/interfaces/msg/detail
[0.634s] -- Up-to-date: /home/amejiyo/GitHub/502/detection/install/interfaces/include/interfaces/msg/detail/dect2__type_support.cpp
[0.634s] -- Up-to-date: /home/amejiyo/GitHub/502/detection/install/interfaces/include/interfaces/msg/detail/dect__rosidl_typesupport_introspection_cpp.hpp
[0.634s] -- Up-to-date: /home/amejiyo/GitHub/502/detection/install/interfaces/include/interfaces/msg/detail/dect__type_support.cpp
[0.634s] -- Up-to-date: /home/amejiyo/GitHub/502/detection/install/interfaces/include/interfaces/msg/detail/dect2__rosidl_typesupport_introspection_cpp.hpp
[0.636s] -- Up-to-date: /home/amejiyo/GitHub/502/detection/install/interfaces/lib/libinterfaces__rosidl_typesupport_introspection_cpp.so
[0.637s] -- Up-to-date: /home/amejiyo/GitHub/502/detection/install/interfaces/lib/libinterfaces__rosidl_typesupport_cpp.so
[0.638s] -- Up-to-date: /home/amejiyo/GitHub/502/detection/install/interfaces/share/interfaces/environment/pythonpath.sh
[0.638s] -- Up-to-date: /home/amejiyo/GitHub/502/detection/install/interfaces/share/interfaces/environment/pythonpath.dsv
[0.638s] -- Up-to-date: /home/amejiyo/GitHub/502/detection/install/interfaces/lib/python3.8/site-packages/interfaces/__init__.py
[0.674s] -- Up-to-date: /home/amejiyo/GitHub/502/detection/install/interfaces/lib/python3.8/site-packages/interfaces/msg
[0.678s] -- Up-to-date: /home/amejiyo/GitHub/502/detection/install/interfaces/lib/python3.8/site-packages/interfaces/msg/_dect_s.c
[0.678s] -- Up-to-date: /home/amejiyo/GitHub/502/detection/install/interfaces/lib/python3.8/site-packages/interfaces/msg/_dect2_s.c
[0.678s] -- Up-to-date: /home/amejiyo/GitHub/502/detection/install/interfaces/lib/python3.8/site-packages/interfaces/msg/__init__.py
[0.678s] -- Up-to-date: /home/amejiyo/GitHub/502/detection/install/interfaces/lib/python3.8/site-packages/interfaces/msg/_dect2.py
[0.678s] -- Up-to-date: /home/amejiyo/GitHub/502/detection/install/interfaces/lib/python3.8/site-packages/interfaces/msg/_dect.py
[0.678s] -- Up-to-date: /home/amejiyo/GitHub/502/detection/install/interfaces/lib/python3.8/site-packages/interfaces/interfaces_s__rosidl_typesupport_fastrtps_c.cpython-38-x86_64-linux-gnu.so
[0.678s] -- Up-to-date: /home/amejiyo/GitHub/502/detection/install/interfaces/lib/python3.8/site-packages/interfaces/interfaces_s__rosidl_typesupport_introspection_c.cpython-38-x86_64-linux-gnu.so
[0.678s] -- Up-to-date: /home/amejiyo/GitHub/502/detection/install/interfaces/lib/python3.8/site-packages/interfaces/interfaces_s__rosidl_typesupport_c.cpython-38-x86_64-linux-gnu.so
[0.679s] -- Up-to-date: /home/amejiyo/GitHub/502/detection/install/interfaces/lib/libinterfaces__python.so
[0.679s] -- Up-to-date: /home/amejiyo/GitHub/502/detection/install/interfaces/share/interfaces/msg/Dect.idl
[0.679s] -- Up-to-date: /home/amejiyo/GitHub/502/detection/install/interfaces/share/interfaces/msg/Dect2.idl
[0.679s] -- Up-to-date: /home/amejiyo/GitHub/502/detection/install/interfaces/share/interfaces/msg/Dect.msg
[0.679s] -- Up-to-date: /home/amejiyo/GitHub/502/detection/install/interfaces/share/interfaces/msg/Dect2.msg
[0.680s] -- Up-to-date: /home/amejiyo/GitHub/502/detection/install/interfaces/share/ament_index/resource_index/package_run_dependencies/interfaces
[0.681s] -- Up-to-date: /home/amejiyo/GitHub/502/detection/install/interfaces/share/ament_index/resource_index/parent_prefix_path/interfaces
[0.681s] -- Up-to-date: /home/amejiyo/GitHub/502/detection/install/interfaces/share/interfaces/environment/ament_prefix_path.sh
[0.682s] -- Up-to-date: /home/amejiyo/GitHub/502/detection/install/interfaces/share/interfaces/environment/ament_prefix_path.dsv
[0.682s] -- Up-to-date: /home/amejiyo/GitHub/502/detection/install/interfaces/share/interfaces/environment/path.sh
[0.682s] -- Up-to-date: /home/amejiyo/GitHub/502/detection/install/interfaces/share/interfaces/environment/path.dsv
[0.682s] -- Up-to-date: /home/amejiyo/GitHub/502/detection/install/interfaces/share/interfaces/local_setup.bash
[0.682s] -- Up-to-date: /home/amejiyo/GitHub/502/detection/install/interfaces/share/interfaces/local_setup.sh
[0.682s] -- Up-to-date: /home/amejiyo/GitHub/502/detection/install/interfaces/share/interfaces/local_setup.zsh
[0.682s] -- Up-to-date: /home/amejiyo/GitHub/502/detection/install/interfaces/share/interfaces/local_setup.dsv
[0.683s] -- Installing: /home/amejiyo/GitHub/502/detection/install/interfaces/share/interfaces/package.dsv
[0.683s] -- Up-to-date: /home/amejiyo/GitHub/502/detection/install/interfaces/share/ament_index/resource_index/packages/interfaces
[0.683s] -- Up-to-date: /home/amejiyo/GitHub/502/detection/install/interfaces/share/interfaces/cmake/interfaces__rosidl_generator_cExport.cmake
[0.683s] -- Up-to-date: /home/amejiyo/GitHub/502/detection/install/interfaces/share/interfaces/cmake/interfaces__rosidl_generator_cExport-noconfig.cmake
[0.685s] -- Up-to-date: /home/amejiyo/GitHub/502/detection/install/interfaces/share/interfaces/cmake/interfaces__rosidl_typesupport_introspection_cExport.cmake
[0.686s] -- Up-to-date: /home/amejiyo/GitHub/502/detection/install/interfaces/share/interfaces/cmake/interfaces__rosidl_typesupport_introspection_cExport-noconfig.cmake
[0.686s] -- Up-to-date: /home/amejiyo/GitHub/502/detection/install/interfaces/share/interfaces/cmake/interfaces__rosidl_typesupport_cExport.cmake
[0.686s] -- Up-to-date: /home/amejiyo/GitHub/502/detection/install/interfaces/share/interfaces/cmake/interfaces__rosidl_typesupport_cExport-noconfig.cmake
[0.687s] -- Up-to-date: /home/amejiyo/GitHub/502/detection/install/interfaces/share/interfaces/cmake/interfaces__rosidl_generator_cppExport.cmake
[0.687s] -- Up-to-date: /home/amejiyo/GitHub/502/detection/install/interfaces/share/interfaces/cmake/interfaces__rosidl_typesupport_introspection_cppExport.cmake
[0.687s] -- Up-to-date: /home/amejiyo/GitHub/502/detection/install/interfaces/share/interfaces/cmake/interfaces__rosidl_typesupport_introspection_cppExport-noconfig.cmake
[0.688s] -- Up-to-date: /home/amejiyo/GitHub/502/detection/install/interfaces/share/interfaces/cmake/interfaces__rosidl_typesupport_cppExport.cmake
[0.688s] -- Up-to-date: /home/amejiyo/GitHub/502/detection/install/interfaces/share/interfaces/cmake/interfaces__rosidl_typesupport_cppExport-noconfig.cmake
[0.688s] -- Up-to-date: /home/amejiyo/GitHub/502/detection/install/interfaces/share/interfaces/cmake/rosidl_cmake-extras.cmake
[0.689s] -- Up-to-date: /home/amejiyo/GitHub/502/detection/install/interfaces/share/interfaces/cmake/ament_cmake_export_dependencies-extras.cmake
[0.689s] -- Up-to-date: /home/amejiyo/GitHub/502/detection/install/interfaces/share/interfaces/cmake/ament_cmake_export_libraries-extras.cmake
[0.689s] -- Up-to-date: /home/amejiyo/GitHub/502/detection/install/interfaces/share/interfaces/cmake/ament_cmake_export_targets-extras.cmake
[0.689s] -- Up-to-date: /home/amejiyo/GitHub/502/detection/install/interfaces/share/interfaces/cmake/ament_cmake_export_include_directories-extras.cmake
[0.690s] -- Up-to-date: /home/amejiyo/GitHub/502/detection/install/interfaces/share/interfaces/cmake/rosidl_cmake_export_typesupport_libraries-extras.cmake
[0.690s] -- Up-to-date: /home/amejiyo/GitHub/502/detection/install/interfaces/share/interfaces/cmake/rosidl_cmake_export_typesupport_targets-extras.cmake
[0.690s] -- Up-to-date: /home/amejiyo/GitHub/502/detection/install/interfaces/share/interfaces/cmake/interfacesConfig.cmake
[0.690s] -- Up-to-date: /home/amejiyo/GitHub/502/detection/install/interfaces/share/interfaces/cmake/interfacesConfig-version.cmake
[0.690s] -- Up-to-date: /home/amejiyo/GitHub/502/detection/install/interfaces/share/interfaces/package.xml
[0.713s] Invoked command in '/home/amejiyo/GitHub/502/detection/build/interfaces' returned '0': CMAKE_PREFIX_PATH=/home/amejiyo/GitHub/502/detection/install/yolobot_recognition:/home/amejiyo/GitHub/502/detection/install/yolobot_gazebo:/home/amejiyo/GitHub/502/detection/install/yolobot_description:/home/amejiyo/GitHub/502/detection/install/yolobot_control:/home/amejiyo/GitHub/502/detection/install/yolobot_detection:/opt/ros/foxy:/home/amejiyo/GitHub/502/detection/install/realsense_gazebo_plugin:/home/amejiyo/GitHub/502/detection/install/interfaces /usr/bin/cmake --install /home/amejiyo/GitHub/502/detection/build/interfaces
