[0.073s] Invoking command in '/home/amejiyo/GitHub/502/detection/build/interfaces': CMAKE_PREFIX_PATH=/home/amejiyo/GitHub/502/detection/install/yolobot_recognition:/home/amejiyo/GitHub/502/detection/install/yolobot_gazebo:/home/amejiyo/GitHub/502/detection/install/yolobot_description:/home/amejiyo/GitHub/502/detection/install/yolobot_control:/home/amejiyo/GitHub/502/detection/install/yolobot_detection:/opt/ros/foxy:/home/amejiyo/GitHub/502/detection/install/realsense_gazebo_plugin:/home/amejiyo/GitHub/502/detection/install/interfaces /usr/bin/cmake --build /home/amejiyo/GitHub/502/detection/build/interfaces -- -j16 -l16
[0.348s] -- Found ament_cmake: 0.9.9 (/opt/ros/foxy/share/ament_cmake/cmake)
[0.349s] -- Found PythonInterp: /usr/bin/python3 (found suitable version "3.8.10", minimum required is "3") 
[0.349s] -- Using PYTHON_EXECUTABLE: /usr/bin/python3
[0.349s] -- Found std_msgs: 2.0.5 (/opt/ros/foxy/share/std_msgs/cmake)
[0.349s] -- Using all available rosidl_typesupport_c: rosidl_typesupport_fastrtps_c;rosidl_typesupport_introspection_c
[0.350s] -- Found rosidl_adapter: 1.2.1 (/opt/ros/foxy/share/rosidl_adapter/cmake)
[0.463s] -- Using all available rosidl_typesupport_cpp: rosidl_typesupport_fastrtps_cpp;rosidl_typesupport_introspection_cpp
[0.513s] -- Found ament_lint_auto: 0.9.6 (/opt/ros/foxy/share/ament_lint_auto/cmake)
[0.622s] -- Found rosidl_default_generators: 1.0.1 (/opt/ros/foxy/share/rosidl_default_generators/cmake)
[0.659s] -- Found PythonInterp: /usr/bin/python3 (found version "3.8.10") 
[0.718s] -- Found ament_cmake_ros: 0.9.2 (/opt/ros/foxy/share/ament_cmake_ros/cmake)
[0.821s] -- Using all available rosidl_typesupport_c: rosidl_typesupport_fastrtps_c;rosidl_typesupport_introspection_c
[0.827s] -- Using all available rosidl_typesupport_cpp: rosidl_typesupport_fastrtps_cpp;rosidl_typesupport_introspection_cpp
[0.849s] -- Found PythonInterp: /usr/bin/python3 (found suitable version "3.8.10", minimum required is "3.5") 
[0.850s] -- Found python_cmake_module: 0.8.1 (/opt/ros/foxy/share/python_cmake_module/cmake)
[0.873s] -- Using PYTHON_EXECUTABLE: /usr/bin/python3
[0.873s] -- Using PYTHON_INCLUDE_DIRS: /usr/include/python3.8
[0.873s] -- Using PYTHON_LIBRARIES: /usr/lib/x86_64-linux-gnu/libpython3.8.so
[0.891s] -- Added test 'copyright' to check source files copyright and LICENSE
[0.892s] -- Added test 'lint_cmake' to check CMake code style
[0.893s] -- Added test 'xmllint' to check XML markup files
[0.898s] -- Configuring done
[0.926s] -- Generating done
[0.931s] -- Build files have been written to: /home/amejiyo/GitHub/502/detection/build/interfaces
[0.978s] [  9%] Built target interfaces__cpp
[0.978s] [ 12%] Built target interfaces__rosidl_generator_c
[1.001s] [ 38%] Built target interfaces__rosidl_typesupport_introspection_cpp
[1.001s] [ 38%] Built target interfaces__rosidl_typesupport_c
[1.001s] [ 41%] Built target interfaces__rosidl_typesupport_cpp
[1.004s] [ 51%] Built target interfaces__rosidl_typesupport_introspection_c
[1.004s] [ 61%] Built target interfaces__rosidl_typesupport_fastrtps_cpp
[1.039s] [ 70%] Built target interfaces__rosidl_typesupport_fastrtps_c
[1.062s] [ 70%] Built target interfaces
[1.089s] [ 74%] Built target interfaces__py
[1.126s] [ 80%] Built target interfaces__python
[1.152s] [ 87%] Built target interfaces__rosidl_typesupport_fastrtps_c__pyext
[1.158s] [ 96%] Built target interfaces__rosidl_typesupport_introspection_c__pyext
[1.158s] [100%] Built target interfaces__rosidl_typesupport_c__pyext
[1.170s] Invoked command in '/home/amejiyo/GitHub/502/detection/build/interfaces' returned '0': CMAKE_PREFIX_PATH=/home/amejiyo/GitHub/502/detection/install/yolobot_recognition:/home/amejiyo/GitHub/502/detection/install/yolobot_gazebo:/home/amejiyo/GitHub/502/detection/install/yolobot_description:/home/amejiyo/GitHub/502/detection/install/yolobot_control:/home/amejiyo/GitHub/502/detection/install/yolobot_detection:/opt/ros/foxy:/home/amejiyo/GitHub/502/detection/install/realsense_gazebo_plugin:/home/amejiyo/GitHub/502/detection/install/interfaces /usr/bin/cmake --build /home/amejiyo/GitHub/502/detection/build/interfaces -- -j16 -l16
[1.244s] Invoking command in '/home/amejiyo/GitHub/502/detection/build/interfaces': CMAKE_PREFIX_PATH=/home/amejiyo/GitHub/502/detection/install/yolobot_recognition:/home/amejiyo/GitHub/502/detection/install/yolobot_gazebo:/home/amejiyo/GitHub/502/detection/install/yolobot_description:/home/amejiyo/GitHub/502/detection/install/yolobot_control:/home/amejiyo/GitHub/502/detection/install/yolobot_detection:/opt/ros/foxy:/home/amejiyo/GitHub/502/detection/install/realsense_gazebo_plugin:/home/amejiyo/GitHub/502/detection/install/interfaces /usr/bin/cmake --install /home/amejiyo/GitHub/502/detection/build/interfaces
[1.253s] -- Install configuration: ""
[1.254s] -- Up-to-date: /home/amejiyo/GitHub/502/detection/install/interfaces/share/ament_index/resource_index/rosidl_interfaces/interfaces
[1.254s] -- Up-to-date: /home/amejiyo/GitHub/502/detection/install/interfaces/include/interfaces
[1.254s] -- Up-to-date: /home/amejiyo/GitHub/502/detection/install/interfaces/include/interfaces/msg
[1.255s] -- Up-to-date: /home/amejiyo/GitHub/502/detection/install/interfaces/include/interfaces/msg/rosidl_generator_c__visibility_control.h
[1.255s] -- Up-to-date: /home/amejiyo/GitHub/502/detection/install/interfaces/include/interfaces/msg/detail
[1.255s] -- Up-to-date: /home/amejiyo/GitHub/502/detection/install/interfaces/include/interfaces/msg/detail/dect2__struct.h
[1.255s] -- Up-to-date: /home/amejiyo/GitHub/502/detection/install/interfaces/include/interfaces/msg/detail/dect__functions.c
[1.255s] -- Up-to-date: /home/amejiyo/GitHub/502/detection/install/interfaces/include/interfaces/msg/detail/dect2__type_support.h
[1.255s] -- Up-to-date: /home/amejiyo/GitHub/502/detection/install/interfaces/include/interfaces/msg/detail/dect__type_support.h
[1.256s] -- Up-to-date: /home/amejiyo/GitHub/502/detection/install/interfaces/include/interfaces/msg/detail/dect__struct.h
[1.256s] -- Up-to-date: /home/amejiyo/GitHub/502/detection/install/interfaces/include/interfaces/msg/detail/dect__functions.h
[1.256s] -- Up-to-date: /home/amejiyo/GitHub/502/detection/install/interfaces/include/interfaces/msg/detail/dect2__functions.h
[1.256s] -- Up-to-date: /home/amejiyo/GitHub/502/detection/install/interfaces/include/interfaces/msg/detail/dect2__functions.c
[1.257s] -- Up-to-date: /home/amejiyo/GitHub/502/detection/install/interfaces/include/interfaces/msg/dect.h
[1.257s] -- Up-to-date: /home/amejiyo/GitHub/502/detection/install/interfaces/include/interfaces/msg/dect2.h
[1.257s] -- Up-to-date: /home/amejiyo/GitHub/502/detection/install/interfaces/share/interfaces/environment/library_path.sh
[1.257s] -- Installing: /home/amejiyo/GitHub/502/detection/install/interfaces/share/interfaces/environment/library_path.dsv
[1.257s] -- Up-to-date: /home/amejiyo/GitHub/502/detection/install/interfaces/lib/libinterfaces__rosidl_generator_c.so
[1.257s] -- Up-to-date: /home/amejiyo/GitHub/502/detection/install/interfaces/include/interfaces
[1.258s] -- Up-to-date: /home/amejiyo/GitHub/502/detection/install/interfaces/include/interfaces/msg
[1.258s] -- Up-to-date: /home/amejiyo/GitHub/502/detection/install/interfaces/include/interfaces/msg/detail
[1.258s] -- Up-to-date: /home/amejiyo/GitHub/502/detection/install/interfaces/include/interfaces/msg/detail/dect2__rosidl_typesupport_fastrtps_c.h
[1.258s] -- Up-to-date: /home/amejiyo/GitHub/502/detection/install/interfaces/include/interfaces/msg/detail/dect__rosidl_typesupport_fastrtps_c.h
[1.258s] -- Up-to-date: /home/amejiyo/GitHub/502/detection/install/interfaces/include/interfaces/msg/rosidl_typesupport_fastrtps_c__visibility_control.h
[1.258s] -- Up-to-date: /home/amejiyo/GitHub/502/detection/install/interfaces/lib/libinterfaces__rosidl_typesupport_fastrtps_c.so
[1.258s] -- Up-to-date: /home/amejiyo/GitHub/502/detection/install/interfaces/include/interfaces
[1.258s] -- Up-to-date: /home/amejiyo/GitHub/502/detection/install/interfaces/include/interfaces/msg
[1.259s] -- Up-to-date: /home/amejiyo/GitHub/502/detection/install/interfaces/include/interfaces/msg/detail
[1.259s] -- Up-to-date: /home/amejiyo/GitHub/502/detection/install/interfaces/include/interfaces/msg/detail/dds_fastrtps
[1.259s] -- Up-to-date: /home/amejiyo/GitHub/502/detection/install/interfaces/include/interfaces/msg/detail/dect__rosidl_typesupport_fastrtps_cpp.hpp
[1.259s] -- Up-to-date: /home/amejiyo/GitHub/502/detection/install/interfaces/include/interfaces/msg/detail/dect2__rosidl_typesupport_fastrtps_cpp.hpp
[1.259s] -- Up-to-date: /home/amejiyo/GitHub/502/detection/install/interfaces/include/interfaces/msg/rosidl_typesupport_fastrtps_cpp__visibility_control.h
[1.259s] -- Up-to-date: /home/amejiyo/GitHub/502/detection/install/interfaces/lib/libinterfaces__rosidl_typesupport_fastrtps_cpp.so
[1.259s] -- Up-to-date: /home/amejiyo/GitHub/502/detection/install/interfaces/include/interfaces
[1.260s] -- Up-to-date: /home/amejiyo/GitHub/502/detection/install/interfaces/include/interfaces/msg
[1.260s] -- Up-to-date: /home/amejiyo/GitHub/502/detection/install/interfaces/include/interfaces/msg/detail
[1.260s] -- Up-to-date: /home/amejiyo/GitHub/502/detection/install/interfaces/include/interfaces/msg/detail/dect2__rosidl_typesupport_introspection_c.h
[1.261s] -- Up-to-date: /home/amejiyo/GitHub/502/detection/install/interfaces/include/interfaces/msg/detail/dect__rosidl_typesupport_introspection_c.h
[1.261s] -- Up-to-date: /home/amejiyo/GitHub/502/detection/install/interfaces/include/interfaces/msg/detail/dect2__type_support.c
[1.261s] -- Up-to-date: /home/amejiyo/GitHub/502/detection/install/interfaces/include/interfaces/msg/detail/dect__type_support.c
[1.262s] -- Up-to-date: /home/amejiyo/GitHub/502/detection/install/interfaces/include/interfaces/msg/rosidl_typesupport_introspection_c__visibility_control.h
[1.262s] -- Up-to-date: /home/amejiyo/GitHub/502/detection/install/interfaces/lib/libinterfaces__rosidl_typesupport_introspection_c.so
[1.262s] -- Up-to-date: /home/amejiyo/GitHub/502/detection/install/interfaces/lib/libinterfaces__rosidl_typesupport_c.so
[1.262s] -- Up-to-date: /home/amejiyo/GitHub/502/detection/install/interfaces/include/interfaces
[1.262s] -- Up-to-date: /home/amejiyo/GitHub/502/detection/install/interfaces/include/interfaces/msg
[1.262s] -- Up-to-date: /home/amejiyo/GitHub/502/detection/install/interfaces/include/interfaces/msg/detail
[1.262s] -- Up-to-date: /home/amejiyo/GitHub/502/detection/install/interfaces/include/interfaces/msg/detail/dect__struct.hpp
[1.263s] -- Up-to-date: /home/amejiyo/GitHub/502/detection/install/interfaces/include/interfaces/msg/detail/dect__traits.hpp
[1.263s] -- Up-to-date: /home/amejiyo/GitHub/502/detection/install/interfaces/include/interfaces/msg/detail/dect2__traits.hpp
[1.263s] -- Up-to-date: /home/amejiyo/GitHub/502/detection/install/interfaces/include/interfaces/msg/detail/dect2__struct.hpp
[1.263s] -- Up-to-date: /home/amejiyo/GitHub/502/detection/install/interfaces/include/interfaces/msg/detail/dect2__builder.hpp
[1.263s] -- Up-to-date: /home/amejiyo/GitHub/502/detection/install/interfaces/include/interfaces/msg/detail/dect__builder.hpp
[1.263s] -- Up-to-date: /home/amejiyo/GitHub/502/detection/install/interfaces/include/interfaces/msg/dect.hpp
[1.263s] -- Up-to-date: /home/amejiyo/GitHub/502/detection/install/interfaces/include/interfaces/msg/dect2.hpp
[1.263s] -- Up-to-date: /home/amejiyo/GitHub/502/detection/install/interfaces/include/interfaces
[1.264s] -- Up-to-date: /home/amejiyo/GitHub/502/detection/install/interfaces/include/interfaces/msg
[1.264s] -- Up-to-date: /home/amejiyo/GitHub/502/detection/install/interfaces/include/interfaces/msg/detail
[1.264s] -- Up-to-date: /home/amejiyo/GitHub/502/detection/install/interfaces/include/interfaces/msg/detail/dect2__type_support.cpp
[1.264s] -- Up-to-date: /home/amejiyo/GitHub/502/detection/install/interfaces/include/interfaces/msg/detail/dect__rosidl_typesupport_introspection_cpp.hpp
[1.264s] -- Up-to-date: /home/amejiyo/GitHub/502/detection/install/interfaces/include/interfaces/msg/detail/dect__type_support.cpp
[1.264s] -- Up-to-date: /home/amejiyo/GitHub/502/detection/install/interfaces/include/interfaces/msg/detail/dect2__rosidl_typesupport_introspection_cpp.hpp
[1.264s] -- Up-to-date: /home/amejiyo/GitHub/502/detection/install/interfaces/lib/libinterfaces__rosidl_typesupport_introspection_cpp.so
[1.264s] -- Up-to-date: /home/amejiyo/GitHub/502/detection/install/interfaces/lib/libinterfaces__rosidl_typesupport_cpp.so
[1.264s] -- Up-to-date: /home/amejiyo/GitHub/502/detection/install/interfaces/share/interfaces/environment/pythonpath.sh
[1.264s] -- Installing: /home/amejiyo/GitHub/502/detection/install/interfaces/share/interfaces/environment/pythonpath.dsv
[1.264s] -- Installing: /home/amejiyo/GitHub/502/detection/install/interfaces/lib/python3.8/site-packages/interfaces/__init__.py
[1.284s] Compiling '/home/amejiyo/GitHub/502/detection/install/interfaces/lib/python3.8/site-packages/interfaces/__init__.py'...
[1.288s] -- Up-to-date: /home/amejiyo/GitHub/502/detection/install/interfaces/lib/python3.8/site-packages/interfaces/msg
[1.288s] -- Up-to-date: /home/amejiyo/GitHub/502/detection/install/interfaces/lib/python3.8/site-packages/interfaces/msg/_dect_s.c
[1.289s] -- Up-to-date: /home/amejiyo/GitHub/502/detection/install/interfaces/lib/python3.8/site-packages/interfaces/msg/_dect2_s.c
[1.289s] -- Up-to-date: /home/amejiyo/GitHub/502/detection/install/interfaces/lib/python3.8/site-packages/interfaces/msg/__init__.py
[1.289s] -- Up-to-date: /home/amejiyo/GitHub/502/detection/install/interfaces/lib/python3.8/site-packages/interfaces/msg/_dect2.py
[1.289s] -- Up-to-date: /home/amejiyo/GitHub/502/detection/install/interfaces/lib/python3.8/site-packages/interfaces/msg/_dect.py
[1.289s] -- Up-to-date: /home/amejiyo/GitHub/502/detection/install/interfaces/lib/python3.8/site-packages/interfaces/interfaces_s__rosidl_typesupport_fastrtps_c.cpython-38-x86_64-linux-gnu.so
[1.290s] -- Up-to-date: /home/amejiyo/GitHub/502/detection/install/interfaces/lib/python3.8/site-packages/interfaces/interfaces_s__rosidl_typesupport_introspection_c.cpython-38-x86_64-linux-gnu.so
[1.291s] -- Up-to-date: /home/amejiyo/GitHub/502/detection/install/interfaces/lib/python3.8/site-packages/interfaces/interfaces_s__rosidl_typesupport_c.cpython-38-x86_64-linux-gnu.so
[1.291s] -- Up-to-date: /home/amejiyo/GitHub/502/detection/install/interfaces/lib/libinterfaces__python.so
[1.291s] -- Up-to-date: /home/amejiyo/GitHub/502/detection/install/interfaces/share/interfaces/msg/Dect.idl
[1.291s] -- Up-to-date: /home/amejiyo/GitHub/502/detection/install/interfaces/share/interfaces/msg/Dect.msg
[1.292s] -- Up-to-date: /home/amejiyo/GitHub/502/detection/install/interfaces/share/ament_index/resource_index/package_run_dependencies/interfaces
[1.292s] -- Up-to-date: /home/amejiyo/GitHub/502/detection/install/interfaces/share/ament_index/resource_index/parent_prefix_path/interfaces
[1.292s] -- Up-to-date: /home/amejiyo/GitHub/502/detection/install/interfaces/share/interfaces/environment/ament_prefix_path.sh
[1.292s] -- Installing: /home/amejiyo/GitHub/502/detection/install/interfaces/share/interfaces/environment/ament_prefix_path.dsv
[1.292s] -- Up-to-date: /home/amejiyo/GitHub/502/detection/install/interfaces/share/interfaces/environment/path.sh
[1.293s] -- Installing: /home/amejiyo/GitHub/502/detection/install/interfaces/share/interfaces/environment/path.dsv
[1.293s] -- Up-to-date: /home/amejiyo/GitHub/502/detection/install/interfaces/share/interfaces/local_setup.bash
[1.293s] -- Up-to-date: /home/amejiyo/GitHub/502/detection/install/interfaces/share/interfaces/local_setup.sh
[1.293s] -- Up-to-date: /home/amejiyo/GitHub/502/detection/install/interfaces/share/interfaces/local_setup.zsh
[1.293s] -- Installing: /home/amejiyo/GitHub/502/detection/install/interfaces/share/interfaces/local_setup.dsv
[1.293s] -- Installing: /home/amejiyo/GitHub/502/detection/install/interfaces/share/interfaces/package.dsv
[1.293s] -- Up-to-date: /home/amejiyo/GitHub/502/detection/install/interfaces/share/ament_index/resource_index/packages/interfaces
[1.293s] -- Up-to-date: /home/amejiyo/GitHub/502/detection/install/interfaces/share/interfaces/cmake/interfaces__rosidl_generator_cExport.cmake
[1.293s] -- Installing: /home/amejiyo/GitHub/502/detection/install/interfaces/share/interfaces/cmake/interfaces__rosidl_generator_cExport-noconfig.cmake
[1.293s] -- Up-to-date: /home/amejiyo/GitHub/502/detection/install/interfaces/share/interfaces/cmake/interfaces__rosidl_typesupport_introspection_cExport.cmake
[1.293s] -- Installing: /home/amejiyo/GitHub/502/detection/install/interfaces/share/interfaces/cmake/interfaces__rosidl_typesupport_introspection_cExport-noconfig.cmake
[1.294s] -- Up-to-date: /home/amejiyo/GitHub/502/detection/install/interfaces/share/interfaces/cmake/interfaces__rosidl_typesupport_cExport.cmake
[1.294s] -- Installing: /home/amejiyo/GitHub/502/detection/install/interfaces/share/interfaces/cmake/interfaces__rosidl_typesupport_cExport-noconfig.cmake
[1.294s] -- Up-to-date: /home/amejiyo/GitHub/502/detection/install/interfaces/share/interfaces/cmake/interfaces__rosidl_generator_cppExport.cmake
[1.294s] -- Up-to-date: /home/amejiyo/GitHub/502/detection/install/interfaces/share/interfaces/cmake/interfaces__rosidl_typesupport_introspection_cppExport.cmake
[1.294s] -- Installing: /home/amejiyo/GitHub/502/detection/install/interfaces/share/interfaces/cmake/interfaces__rosidl_typesupport_introspection_cppExport-noconfig.cmake
[1.294s] -- Up-to-date: /home/amejiyo/GitHub/502/detection/install/interfaces/share/interfaces/cmake/interfaces__rosidl_typesupport_cppExport.cmake
[1.294s] -- Installing: /home/amejiyo/GitHub/502/detection/install/interfaces/share/interfaces/cmake/interfaces__rosidl_typesupport_cppExport-noconfig.cmake
[1.294s] -- Up-to-date: /home/amejiyo/GitHub/502/detection/install/interfaces/share/interfaces/cmake/rosidl_cmake-extras.cmake
[1.294s] -- Up-to-date: /home/amejiyo/GitHub/502/detection/install/interfaces/share/interfaces/cmake/ament_cmake_export_dependencies-extras.cmake
[1.294s] -- Up-to-date: /home/amejiyo/GitHub/502/detection/install/interfaces/share/interfaces/cmake/ament_cmake_export_libraries-extras.cmake
[1.294s] -- Up-to-date: /home/amejiyo/GitHub/502/detection/install/interfaces/share/interfaces/cmake/ament_cmake_export_targets-extras.cmake
[1.294s] -- Up-to-date: /home/amejiyo/GitHub/502/detection/install/interfaces/share/interfaces/cmake/ament_cmake_export_include_directories-extras.cmake
[1.295s] -- Up-to-date: /home/amejiyo/GitHub/502/detection/install/interfaces/share/interfaces/cmake/rosidl_cmake_export_typesupport_libraries-extras.cmake
[1.295s] -- Up-to-date: /home/amejiyo/GitHub/502/detection/install/interfaces/share/interfaces/cmake/rosidl_cmake_export_typesupport_targets-extras.cmake
[1.295s] -- Up-to-date: /home/amejiyo/GitHub/502/detection/install/interfaces/share/interfaces/cmake/interfacesConfig.cmake
[1.295s] -- Up-to-date: /home/amejiyo/GitHub/502/detection/install/interfaces/share/interfaces/cmake/interfacesConfig-version.cmake
[1.295s] -- Up-to-date: /home/amejiyo/GitHub/502/detection/install/interfaces/share/interfaces/package.xml
[1.297s] Invoked command in '/home/amejiyo/GitHub/502/detection/build/interfaces' returned '0': CMAKE_PREFIX_PATH=/home/amejiyo/GitHub/502/detection/install/yolobot_recognition:/home/amejiyo/GitHub/502/detection/install/yolobot_gazebo:/home/amejiyo/GitHub/502/detection/install/yolobot_description:/home/amejiyo/GitHub/502/detection/install/yolobot_control:/home/amejiyo/GitHub/502/detection/install/yolobot_detection:/opt/ros/foxy:/home/amejiyo/GitHub/502/detection/install/realsense_gazebo_plugin:/home/amejiyo/GitHub/502/detection/install/interfaces /usr/bin/cmake --install /home/amejiyo/GitHub/502/detection/build/interfaces
