[0.245s] Invoking command in '/home/amejiyo/ros2_ws/build/detection_interfaces': CMAKE_PREFIX_PATH=${CMAKE_PREFIX_PATH}:/home/amejiyo/ros2_ws/install/py_pubsub:/home/amejiyo/ros2_ws/install/detection:/home/amejiyo/long_ws/install/pub_pkg:/opt/ros/foxy /usr/bin/cmake --build /home/amejiyo/ros2_ws/build/detection_interfaces -- -j16 -l16
[0.276s] -- Found ament_cmake: 0.9.9 (/opt/ros/foxy/share/ament_cmake/cmake)
[0.302s] -- Found PythonInterp: /usr/bin/python3 (found suitable version "3.8.10", minimum required is "3") 
[0.303s] -- Using PYTHON_EXECUTABLE: /usr/bin/python3
[0.496s] -- Found ament_lint_auto: 0.9.6 (/opt/ros/foxy/share/ament_lint_auto/cmake)
[0.610s] -- Found rosidl_default_generators: 1.0.1 (/opt/ros/foxy/share/rosidl_default_generators/cmake)
[0.613s] -- Using all available rosidl_typesupport_c: rosidl_typesupport_fastrtps_c;rosidl_typesupport_introspection_c
[0.616s] -- Found rosidl_adapter: 1.2.1 (/opt/ros/foxy/share/rosidl_adapter/cmake)
[0.740s] -- Using all available rosidl_typesupport_cpp: rosidl_typesupport_fastrtps_cpp;rosidl_typesupport_introspection_cpp
[0.790s] -- Found PythonInterp: /usr/bin/python3 (found version "3.8.10") 
[0.870s] -- Found ament_cmake_ros: 0.9.2 (/opt/ros/foxy/share/ament_cmake_ros/cmake)
[0.968s] -- Using all available rosidl_typesupport_c: rosidl_typesupport_fastrtps_c;rosidl_typesupport_introspection_c
[0.975s] -- Using all available rosidl_typesupport_cpp: rosidl_typesupport_fastrtps_cpp;rosidl_typesupport_introspection_cpp
[1.007s] -- Found PythonInterp: /usr/bin/python3 (found suitable version "3.8.10", minimum required is "3.5") 
[1.008s] -- Found python_cmake_module: 0.8.1 (/opt/ros/foxy/share/python_cmake_module/cmake)
[1.038s] -- Using PYTHON_EXECUTABLE: /usr/bin/python3
[1.039s] -- Using PYTHON_INCLUDE_DIRS: /usr/include/python3.8
[1.039s] -- Using PYTHON_LIBRARIES: /usr/lib/x86_64-linux-gnu/libpython3.8.so
[1.053s] -- Added test 'copyright' to check source files copyright and LICENSE
[1.054s] -- Added test 'lint_cmake' to check CMake code style
[1.055s] -- Added test 'xmllint' to check XML markup files
[1.059s] -- Configuring done
[1.084s] -- Generating done
[1.088s] -- Build files have been written to: /home/amejiyo/ros2_ws/build/detection_interfaces
[1.115s] [  3%] [34m[1mGenerating C code for ROS interfaces[0m
[1.130s] [  6%] [34m[1mGenerating C++ code for ROS interfaces[0m
[1.358s] [35m[1mScanning dependencies of target detection_interfaces__rosidl_generator_c[0m
[1.370s] [  6%] Built target detection_interfaces__cpp
[1.370s] [  9%] [32mBuilding C object CMakeFiles/detection_interfaces__rosidl_generator_c.dir/rosidl_generator_c/detection_interfaces/msg/detail/dect__functions.c.o[0m
[1.380s] [ 12%] [34m[1mGenerating C++ type support for eProsima Fast-RTPS[0m
[1.381s] [ 16%] [34m[1mGenerating C++ introspection for ROS interfaces[0m
[1.381s] [ 19%] [34m[1mGenerating C++ type support dispatch for ROS interfaces[0m
[1.412s] [ 22%] [32m[1mLinking C shared library libdetection_interfaces__rosidl_generator_c.so[0m
[1.454s] [ 22%] Built target detection_interfaces__rosidl_generator_c
[1.465s] [ 25%] [34m[1mGenerating C introspection for ROS interfaces[0m
[1.465s] [ 29%] [34m[1mGenerating C type support dispatch for ROS interfaces[0m
[1.601s] [35m[1mScanning dependencies of target detection_interfaces__rosidl_typesupport_cpp[0m
[1.612s] [35m[1mScanning dependencies of target detection_interfaces__rosidl_typesupport_fastrtps_cpp[0m
[1.613s] [ 32%] [32mBuilding CXX object CMakeFiles/detection_interfaces__rosidl_typesupport_cpp.dir/rosidl_typesupport_cpp/detection_interfaces/msg/dect__type_support.cpp.o[0m
[1.620s] [35m[1mScanning dependencies of target detection_interfaces__rosidl_typesupport_introspection_cpp[0m
[1.625s] [ 35%] [32mBuilding CXX object CMakeFiles/detection_interfaces__rosidl_typesupport_fastrtps_cpp.dir/rosidl_typesupport_fastrtps_cpp/detection_interfaces/msg/detail/dds_fastrtps/dect__type_support.cpp.o[0m
[1.632s] [ 38%] [32mBuilding CXX object CMakeFiles/detection_interfaces__rosidl_typesupport_introspection_cpp.dir/rosidl_typesupport_introspection_cpp/detection_interfaces/msg/detail/dect__type_support.cpp.o[0m
[1.688s] [35m[1mScanning dependencies of target detection_interfaces__rosidl_typesupport_c[0m
[1.700s] [ 41%] [32mBuilding CXX object CMakeFiles/detection_interfaces__rosidl_typesupport_c.dir/rosidl_typesupport_c/detection_interfaces/msg/dect__type_support.cpp.o[0m
[1.703s] [35m[1mScanning dependencies of target detection_interfaces__rosidl_typesupport_introspection_c[0m
[1.716s] [ 45%] [32mBuilding C object CMakeFiles/detection_interfaces__rosidl_typesupport_introspection_c.dir/rosidl_typesupport_introspection_c/detection_interfaces/msg/detail/dect__type_support.c.o[0m
[1.729s] [ 48%] [32m[1mLinking CXX shared library libdetection_interfaces__rosidl_typesupport_c.so[0m
[1.756s] [ 51%] [32m[1mLinking C shared library libdetection_interfaces__rosidl_typesupport_introspection_c.so[0m
[1.775s] [ 51%] Built target detection_interfaces__rosidl_typesupport_c
[1.786s] [ 51%] Built target detection_interfaces__rosidl_typesupport_introspection_c
[1.818s] [ 54%] [32m[1mLinking CXX shared library libdetection_interfaces__rosidl_typesupport_cpp.so[0m
[1.839s] [ 58%] [32m[1mLinking CXX shared library libdetection_interfaces__rosidl_typesupport_introspection_cpp.so[0m
[1.858s] [ 58%] Built target detection_interfaces__rosidl_typesupport_cpp
[1.916s] [ 58%] Built target detection_interfaces__rosidl_typesupport_introspection_cpp
[1.951s] [ 61%] [32m[1mLinking CXX shared library libdetection_interfaces__rosidl_typesupport_fastrtps_cpp.so[0m
[2.049s] [ 61%] Built target detection_interfaces__rosidl_typesupport_fastrtps_cpp
[2.059s] [ 64%] [34m[1mGenerating C type support for eProsima Fast-RTPS[0m
[2.286s] [35m[1mScanning dependencies of target detection_interfaces__rosidl_typesupport_fastrtps_c[0m
[2.302s] [ 67%] [32mBuilding CXX object CMakeFiles/detection_interfaces__rosidl_typesupport_fastrtps_c.dir/rosidl_typesupport_fastrtps_c/detection_interfaces/msg/detail/dect__type_support_c.cpp.o[0m
[2.536s] [ 70%] [32m[1mLinking CXX shared library libdetection_interfaces__rosidl_typesupport_fastrtps_c.so[0m
[2.634s] [ 70%] Built target detection_interfaces__rosidl_typesupport_fastrtps_c
[2.659s] [ 70%] Built target detection_interfaces
[2.679s] [ 74%] [34m[1mGenerating Python code for ROS interfaces[0m
[3.022s] [ 74%] Built target detection_interfaces__py
[3.037s] [35m[1mScanning dependencies of target detection_interfaces__python[0m
[3.053s] [ 77%] [32mBuilding C object CMakeFiles/detection_interfaces__python.dir/rosidl_generator_py/detection_interfaces/msg/_dect_s.c.o[0m
[3.133s] [ 80%] [32m[1mLinking C shared library rosidl_generator_py/detection_interfaces/libdetection_interfaces__python.so[0m
[3.183s] [ 80%] Built target detection_interfaces__python
[3.194s] [35m[1mScanning dependencies of target detection_interfaces__rosidl_typesupport_fastrtps_c__pyext[0m
[3.195s] [35m[1mScanning dependencies of target detection_interfaces__rosidl_typesupport_c__pyext[0m
[3.198s] [35m[1mScanning dependencies of target detection_interfaces__rosidl_typesupport_introspection_c__pyext[0m
[3.208s] [ 83%] [32mBuilding C object CMakeFiles/detection_interfaces__rosidl_typesupport_c__pyext.dir/rosidl_generator_py/detection_interfaces/_detection_interfaces_s.ep.rosidl_typesupport_c.c.o[0m
[3.211s] [ 87%] [32mBuilding C object CMakeFiles/detection_interfaces__rosidl_typesupport_fastrtps_c__pyext.dir/rosidl_generator_py/detection_interfaces/_detection_interfaces_s.ep.rosidl_typesupport_fastrtps_c.c.o[0m
[3.212s] [ 90%] [32mBuilding C object CMakeFiles/detection_interfaces__rosidl_typesupport_introspection_c__pyext.dir/rosidl_generator_py/detection_interfaces/_detection_interfaces_s.ep.rosidl_typesupport_introspection_c.c.o[0m
[3.273s] [ 93%] [32m[1mLinking C shared library rosidl_generator_py/detection_interfaces/detection_interfaces_s__rosidl_typesupport_c.cpython-38-x86_64-linux-gnu.so[0m
[3.275s] [ 96%] [32m[1mLinking CXX shared library rosidl_generator_py/detection_interfaces/detection_interfaces_s__rosidl_typesupport_fastrtps_c.cpython-38-x86_64-linux-gnu.so[0m
[3.278s] [100%] [32m[1mLinking C shared library rosidl_generator_py/detection_interfaces/detection_interfaces_s__rosidl_typesupport_introspection_c.cpython-38-x86_64-linux-gnu.so[0m
[3.309s] [100%] Built target detection_interfaces__rosidl_typesupport_c__pyext
[3.314s] [100%] Built target detection_interfaces__rosidl_typesupport_introspection_c__pyext
[3.339s] [100%] Built target detection_interfaces__rosidl_typesupport_fastrtps_c__pyext
[3.357s] Invoked command in '/home/amejiyo/ros2_ws/build/detection_interfaces' returned '0': CMAKE_PREFIX_PATH=${CMAKE_PREFIX_PATH}:/home/amejiyo/ros2_ws/install/py_pubsub:/home/amejiyo/ros2_ws/install/detection:/home/amejiyo/long_ws/install/pub_pkg:/opt/ros/foxy /usr/bin/cmake --build /home/amejiyo/ros2_ws/build/detection_interfaces -- -j16 -l16
[3.441s] Invoking command in '/home/amejiyo/ros2_ws/build/detection_interfaces': CMAKE_PREFIX_PATH=${CMAKE_PREFIX_PATH}:/home/amejiyo/ros2_ws/install/py_pubsub:/home/amejiyo/ros2_ws/install/detection:/home/amejiyo/long_ws/install/pub_pkg:/opt/ros/foxy /usr/bin/cmake --install /home/amejiyo/ros2_ws/build/detection_interfaces
[3.450s] -- Install configuration: ""
[3.450s] -- Up-to-date: /home/amejiyo/ros2_ws/install/detection_interfaces/share/ament_index/resource_index/rosidl_interfaces/detection_interfaces
[3.450s] -- Up-to-date: /home/amejiyo/ros2_ws/install/detection_interfaces/include/detection_interfaces
[3.450s] -- Up-to-date: /home/amejiyo/ros2_ws/install/detection_interfaces/include/detection_interfaces/msg
[3.450s] -- Up-to-date: /home/amejiyo/ros2_ws/install/detection_interfaces/include/detection_interfaces/msg/rosidl_generator_c__visibility_control.h
[3.450s] -- Up-to-date: /home/amejiyo/ros2_ws/install/detection_interfaces/include/detection_interfaces/msg/dectt.h
[3.450s] -- Up-to-date: /home/amejiyo/ros2_ws/install/detection_interfaces/include/detection_interfaces/msg/detail
[3.451s] -- Up-to-date: /home/amejiyo/ros2_ws/install/detection_interfaces/include/detection_interfaces/msg/detail/dectt__struct.h
[3.451s] -- Up-to-date: /home/amejiyo/ros2_ws/install/detection_interfaces/include/detection_interfaces/msg/detail/dectt__functions.h
[3.451s] -- Up-to-date: /home/amejiyo/ros2_ws/install/detection_interfaces/include/detection_interfaces/msg/detail/dectt__type_support.h
[3.451s] -- Installing: /home/amejiyo/ros2_ws/install/detection_interfaces/include/detection_interfaces/msg/detail/dect__functions.c
[3.452s] -- Installing: /home/amejiyo/ros2_ws/install/detection_interfaces/include/detection_interfaces/msg/detail/dect__type_support.h
[3.452s] -- Installing: /home/amejiyo/ros2_ws/install/detection_interfaces/include/detection_interfaces/msg/detail/dect__struct.h
[3.452s] -- Installing: /home/amejiyo/ros2_ws/install/detection_interfaces/include/detection_interfaces/msg/detail/dect__functions.h
[3.452s] -- Up-to-date: /home/amejiyo/ros2_ws/install/detection_interfaces/include/detection_interfaces/msg/detail/dectt__functions.c
[3.452s] -- Installing: /home/amejiyo/ros2_ws/install/detection_interfaces/include/detection_interfaces/msg/dect.h
[3.452s] -- Up-to-date: /home/amejiyo/ros2_ws/install/detection_interfaces/share/detection_interfaces/environment/library_path.sh
[3.452s] -- Installing: /home/amejiyo/ros2_ws/install/detection_interfaces/share/detection_interfaces/environment/library_path.dsv
[3.452s] -- Installing: /home/amejiyo/ros2_ws/install/detection_interfaces/lib/libdetection_interfaces__rosidl_generator_c.so
[3.452s] -- Set runtime path of "/home/amejiyo/ros2_ws/install/detection_interfaces/lib/libdetection_interfaces__rosidl_generator_c.so" to ""
[3.452s] -- Up-to-date: /home/amejiyo/ros2_ws/install/detection_interfaces/include/detection_interfaces
[3.452s] -- Up-to-date: /home/amejiyo/ros2_ws/install/detection_interfaces/include/detection_interfaces/msg
[3.452s] -- Up-to-date: /home/amejiyo/ros2_ws/install/detection_interfaces/include/detection_interfaces/msg/detail
[3.452s] -- Installing: /home/amejiyo/ros2_ws/install/detection_interfaces/include/detection_interfaces/msg/detail/dect__rosidl_typesupport_fastrtps_c.h
[3.452s] -- Up-to-date: /home/amejiyo/ros2_ws/install/detection_interfaces/include/detection_interfaces/msg/detail/dectt__rosidl_typesupport_fastrtps_c.h
[3.452s] -- Up-to-date: /home/amejiyo/ros2_ws/install/detection_interfaces/include/detection_interfaces/msg/rosidl_typesupport_fastrtps_c__visibility_control.h
[3.453s] -- Installing: /home/amejiyo/ros2_ws/install/detection_interfaces/lib/libdetection_interfaces__rosidl_typesupport_fastrtps_c.so
[3.453s] -- Set runtime path of "/home/amejiyo/ros2_ws/install/detection_interfaces/lib/libdetection_interfaces__rosidl_typesupport_fastrtps_c.so" to ""
[3.453s] -- Up-to-date: /home/amejiyo/ros2_ws/install/detection_interfaces/include/detection_interfaces
[3.453s] -- Up-to-date: /home/amejiyo/ros2_ws/install/detection_interfaces/include/detection_interfaces/msg
[3.453s] -- Up-to-date: /home/amejiyo/ros2_ws/install/detection_interfaces/include/detection_interfaces/msg/detail
[3.453s] -- Up-to-date: /home/amejiyo/ros2_ws/install/detection_interfaces/include/detection_interfaces/msg/detail/dds_fastrtps
[3.453s] -- Up-to-date: /home/amejiyo/ros2_ws/install/detection_interfaces/include/detection_interfaces/msg/detail/dectt__rosidl_typesupport_fastrtps_cpp.hpp
[3.453s] -- Installing: /home/amejiyo/ros2_ws/install/detection_interfaces/include/detection_interfaces/msg/detail/dect__rosidl_typesupport_fastrtps_cpp.hpp
[3.453s] -- Up-to-date: /home/amejiyo/ros2_ws/install/detection_interfaces/include/detection_interfaces/msg/rosidl_typesupport_fastrtps_cpp__visibility_control.h
[3.453s] -- Installing: /home/amejiyo/ros2_ws/install/detection_interfaces/lib/libdetection_interfaces__rosidl_typesupport_fastrtps_cpp.so
[3.453s] -- Set runtime path of "/home/amejiyo/ros2_ws/install/detection_interfaces/lib/libdetection_interfaces__rosidl_typesupport_fastrtps_cpp.so" to ""
[3.453s] -- Up-to-date: /home/amejiyo/ros2_ws/install/detection_interfaces/include/detection_interfaces
[3.453s] -- Up-to-date: /home/amejiyo/ros2_ws/install/detection_interfaces/include/detection_interfaces/msg
[3.453s] -- Up-to-date: /home/amejiyo/ros2_ws/install/detection_interfaces/include/detection_interfaces/msg/detail
[3.453s] -- Installing: /home/amejiyo/ros2_ws/install/detection_interfaces/include/detection_interfaces/msg/detail/dect__rosidl_typesupport_introspection_c.h
[3.454s] -- Up-to-date: /home/amejiyo/ros2_ws/install/detection_interfaces/include/detection_interfaces/msg/detail/dectt__rosidl_typesupport_introspection_c.h
[3.454s] -- Up-to-date: /home/amejiyo/ros2_ws/install/detection_interfaces/include/detection_interfaces/msg/detail/dectt__type_support.c
[3.454s] -- Installing: /home/amejiyo/ros2_ws/install/detection_interfaces/include/detection_interfaces/msg/detail/dect__type_support.c
[3.454s] -- Up-to-date: /home/amejiyo/ros2_ws/install/detection_interfaces/include/detection_interfaces/msg/rosidl_typesupport_introspection_c__visibility_control.h
[3.454s] -- Installing: /home/amejiyo/ros2_ws/install/detection_interfaces/lib/libdetection_interfaces__rosidl_typesupport_introspection_c.so
[3.454s] -- Set runtime path of "/home/amejiyo/ros2_ws/install/detection_interfaces/lib/libdetection_interfaces__rosidl_typesupport_introspection_c.so" to ""
[3.454s] -- Installing: /home/amejiyo/ros2_ws/install/detection_interfaces/lib/libdetection_interfaces__rosidl_typesupport_c.so
[3.454s] -- Set runtime path of "/home/amejiyo/ros2_ws/install/detection_interfaces/lib/libdetection_interfaces__rosidl_typesupport_c.so" to ""
[3.454s] -- Up-to-date: /home/amejiyo/ros2_ws/install/detection_interfaces/include/detection_interfaces
[3.454s] -- Up-to-date: /home/amejiyo/ros2_ws/install/detection_interfaces/include/detection_interfaces/msg
[3.454s] -- Up-to-date: /home/amejiyo/ros2_ws/install/detection_interfaces/include/detection_interfaces/msg/detail
[3.454s] -- Up-to-date: /home/amejiyo/ros2_ws/install/detection_interfaces/include/detection_interfaces/msg/detail/dectt__struct.hpp
[3.454s] -- Installing: /home/amejiyo/ros2_ws/install/detection_interfaces/include/detection_interfaces/msg/detail/dect__struct.hpp
[3.455s] -- Installing: /home/amejiyo/ros2_ws/install/detection_interfaces/include/detection_interfaces/msg/detail/dect__traits.hpp
[3.455s] -- Up-to-date: /home/amejiyo/ros2_ws/install/detection_interfaces/include/detection_interfaces/msg/detail/dectt__traits.hpp
[3.455s] -- Up-to-date: /home/amejiyo/ros2_ws/install/detection_interfaces/include/detection_interfaces/msg/detail/dectt__builder.hpp
[3.455s] -- Installing: /home/amejiyo/ros2_ws/install/detection_interfaces/include/detection_interfaces/msg/detail/dect__builder.hpp
[3.455s] -- Up-to-date: /home/amejiyo/ros2_ws/install/detection_interfaces/include/detection_interfaces/msg/dectt.hpp
[3.455s] -- Installing: /home/amejiyo/ros2_ws/install/detection_interfaces/include/detection_interfaces/msg/dect.hpp
[3.455s] -- Up-to-date: /home/amejiyo/ros2_ws/install/detection_interfaces/include/detection_interfaces
[3.455s] -- Up-to-date: /home/amejiyo/ros2_ws/install/detection_interfaces/include/detection_interfaces/msg
[3.455s] -- Up-to-date: /home/amejiyo/ros2_ws/install/detection_interfaces/include/detection_interfaces/msg/detail
[3.455s] -- Installing: /home/amejiyo/ros2_ws/install/detection_interfaces/include/detection_interfaces/msg/detail/dect__rosidl_typesupport_introspection_cpp.hpp
[3.455s] -- Installing: /home/amejiyo/ros2_ws/install/detection_interfaces/include/detection_interfaces/msg/detail/dect__type_support.cpp
[3.455s] -- Up-to-date: /home/amejiyo/ros2_ws/install/detection_interfaces/include/detection_interfaces/msg/detail/dectt__rosidl_typesupport_introspection_cpp.hpp
[3.455s] -- Up-to-date: /home/amejiyo/ros2_ws/install/detection_interfaces/include/detection_interfaces/msg/detail/dectt__type_support.cpp
[3.455s] -- Installing: /home/amejiyo/ros2_ws/install/detection_interfaces/lib/libdetection_interfaces__rosidl_typesupport_introspection_cpp.so
[3.455s] -- Set runtime path of "/home/amejiyo/ros2_ws/install/detection_interfaces/lib/libdetection_interfaces__rosidl_typesupport_introspection_cpp.so" to ""
[3.455s] -- Installing: /home/amejiyo/ros2_ws/install/detection_interfaces/lib/libdetection_interfaces__rosidl_typesupport_cpp.so
[3.455s] -- Set runtime path of "/home/amejiyo/ros2_ws/install/detection_interfaces/lib/libdetection_interfaces__rosidl_typesupport_cpp.so" to ""
[3.455s] -- Up-to-date: /home/amejiyo/ros2_ws/install/detection_interfaces/share/detection_interfaces/environment/pythonpath.sh
[3.455s] -- Installing: /home/amejiyo/ros2_ws/install/detection_interfaces/share/detection_interfaces/environment/pythonpath.dsv
[3.455s] -- Installing: /home/amejiyo/ros2_ws/install/detection_interfaces/lib/python3.8/site-packages/detection_interfaces/__init__.py
[3.488s] Compiling '/home/amejiyo/ros2_ws/install/detection_interfaces/lib/python3.8/site-packages/detection_interfaces/__init__.py'...
[3.493s] -- Up-to-date: /home/amejiyo/ros2_ws/install/detection_interfaces/lib/python3.8/site-packages/detection_interfaces/msg
[3.494s] -- Installing: /home/amejiyo/ros2_ws/install/detection_interfaces/lib/python3.8/site-packages/detection_interfaces/msg/_dect_s.c
[3.494s] -- Up-to-date: /home/amejiyo/ros2_ws/install/detection_interfaces/lib/python3.8/site-packages/detection_interfaces/msg/_dectt.py
[3.494s] -- Up-to-date: /home/amejiyo/ros2_ws/install/detection_interfaces/lib/python3.8/site-packages/detection_interfaces/msg/_dectt_s.c
[3.494s] -- Installing: /home/amejiyo/ros2_ws/install/detection_interfaces/lib/python3.8/site-packages/detection_interfaces/msg/__init__.py
[3.494s] -- Installing: /home/amejiyo/ros2_ws/install/detection_interfaces/lib/python3.8/site-packages/detection_interfaces/msg/_dect.py
[3.494s] -- Installing: /home/amejiyo/ros2_ws/install/detection_interfaces/lib/python3.8/site-packages/detection_interfaces/detection_interfaces_s__rosidl_typesupport_fastrtps_c.cpython-38-x86_64-linux-gnu.so
[3.495s] -- Set runtime path of "/home/amejiyo/ros2_ws/install/detection_interfaces/lib/python3.8/site-packages/detection_interfaces/detection_interfaces_s__rosidl_typesupport_fastrtps_c.cpython-38-x86_64-linux-gnu.so" to ""
[3.496s] -- Installing: /home/amejiyo/ros2_ws/install/detection_interfaces/lib/python3.8/site-packages/detection_interfaces/detection_interfaces_s__rosidl_typesupport_introspection_c.cpython-38-x86_64-linux-gnu.so
[3.497s] -- Set runtime path of "/home/amejiyo/ros2_ws/install/detection_interfaces/lib/python3.8/site-packages/detection_interfaces/detection_interfaces_s__rosidl_typesupport_introspection_c.cpython-38-x86_64-linux-gnu.so" to ""
[3.498s] -- Installing: /home/amejiyo/ros2_ws/install/detection_interfaces/lib/python3.8/site-packages/detection_interfaces/detection_interfaces_s__rosidl_typesupport_c.cpython-38-x86_64-linux-gnu.so
[3.499s] -- Set runtime path of "/home/amejiyo/ros2_ws/install/detection_interfaces/lib/python3.8/site-packages/detection_interfaces/detection_interfaces_s__rosidl_typesupport_c.cpython-38-x86_64-linux-gnu.so" to ""
[3.499s] -- Installing: /home/amejiyo/ros2_ws/install/detection_interfaces/lib/libdetection_interfaces__python.so
[3.499s] -- Set runtime path of "/home/amejiyo/ros2_ws/install/detection_interfaces/lib/libdetection_interfaces__python.so" to ""
[3.500s] -- Installing: /home/amejiyo/ros2_ws/install/detection_interfaces/share/detection_interfaces/msg/Dect.idl
[3.500s] -- Installing: /home/amejiyo/ros2_ws/install/detection_interfaces/share/detection_interfaces/msg/Dect.msg
[3.500s] -- Up-to-date: /home/amejiyo/ros2_ws/install/detection_interfaces/share/ament_index/resource_index/package_run_dependencies/detection_interfaces
[3.500s] -- Up-to-date: /home/amejiyo/ros2_ws/install/detection_interfaces/share/ament_index/resource_index/parent_prefix_path/detection_interfaces
[3.501s] -- Up-to-date: /home/amejiyo/ros2_ws/install/detection_interfaces/share/detection_interfaces/environment/ament_prefix_path.sh
[3.501s] -- Installing: /home/amejiyo/ros2_ws/install/detection_interfaces/share/detection_interfaces/environment/ament_prefix_path.dsv
[3.501s] -- Up-to-date: /home/amejiyo/ros2_ws/install/detection_interfaces/share/detection_interfaces/environment/path.sh
[3.501s] -- Installing: /home/amejiyo/ros2_ws/install/detection_interfaces/share/detection_interfaces/environment/path.dsv
[3.501s] -- Up-to-date: /home/amejiyo/ros2_ws/install/detection_interfaces/share/detection_interfaces/local_setup.bash
[3.501s] -- Up-to-date: /home/amejiyo/ros2_ws/install/detection_interfaces/share/detection_interfaces/local_setup.sh
[3.501s] -- Up-to-date: /home/amejiyo/ros2_ws/install/detection_interfaces/share/detection_interfaces/local_setup.zsh
[3.501s] -- Installing: /home/amejiyo/ros2_ws/install/detection_interfaces/share/detection_interfaces/local_setup.dsv
[3.501s] -- Installing: /home/amejiyo/ros2_ws/install/detection_interfaces/share/detection_interfaces/package.dsv
[3.501s] -- Up-to-date: /home/amejiyo/ros2_ws/install/detection_interfaces/share/ament_index/resource_index/packages/detection_interfaces
[3.502s] -- Up-to-date: /home/amejiyo/ros2_ws/install/detection_interfaces/share/detection_interfaces/cmake/detection_interfaces__rosidl_generator_cExport.cmake
[3.502s] -- Installing: /home/amejiyo/ros2_ws/install/detection_interfaces/share/detection_interfaces/cmake/detection_interfaces__rosidl_generator_cExport-noconfig.cmake
[3.502s] -- Up-to-date: /home/amejiyo/ros2_ws/install/detection_interfaces/share/detection_interfaces/cmake/detection_interfaces__rosidl_typesupport_introspection_cExport.cmake
[3.502s] -- Installing: /home/amejiyo/ros2_ws/install/detection_interfaces/share/detection_interfaces/cmake/detection_interfaces__rosidl_typesupport_introspection_cExport-noconfig.cmake
[3.503s] -- Up-to-date: /home/amejiyo/ros2_ws/install/detection_interfaces/share/detection_interfaces/cmake/detection_interfaces__rosidl_typesupport_cExport.cmake
[3.503s] -- Installing: /home/amejiyo/ros2_ws/install/detection_interfaces/share/detection_interfaces/cmake/detection_interfaces__rosidl_typesupport_cExport-noconfig.cmake
[3.503s] -- Up-to-date: /home/amejiyo/ros2_ws/install/detection_interfaces/share/detection_interfaces/cmake/detection_interfaces__rosidl_generator_cppExport.cmake
[3.503s] -- Up-to-date: /home/amejiyo/ros2_ws/install/detection_interfaces/share/detection_interfaces/cmake/detection_interfaces__rosidl_typesupport_introspection_cppExport.cmake
[3.503s] -- Installing: /home/amejiyo/ros2_ws/install/detection_interfaces/share/detection_interfaces/cmake/detection_interfaces__rosidl_typesupport_introspection_cppExport-noconfig.cmake
[3.504s] -- Up-to-date: /home/amejiyo/ros2_ws/install/detection_interfaces/share/detection_interfaces/cmake/detection_interfaces__rosidl_typesupport_cppExport.cmake
[3.504s] -- Installing: /home/amejiyo/ros2_ws/install/detection_interfaces/share/detection_interfaces/cmake/detection_interfaces__rosidl_typesupport_cppExport-noconfig.cmake
[3.504s] -- Up-to-date: /home/amejiyo/ros2_ws/install/detection_interfaces/share/detection_interfaces/cmake/rosidl_cmake-extras.cmake
[3.504s] -- Up-to-date: /home/amejiyo/ros2_ws/install/detection_interfaces/share/detection_interfaces/cmake/ament_cmake_export_dependencies-extras.cmake
[3.504s] -- Up-to-date: /home/amejiyo/ros2_ws/install/detection_interfaces/share/detection_interfaces/cmake/ament_cmake_export_libraries-extras.cmake
[3.504s] -- Up-to-date: /home/amejiyo/ros2_ws/install/detection_interfaces/share/detection_interfaces/cmake/ament_cmake_export_targets-extras.cmake
[3.505s] -- Up-to-date: /home/amejiyo/ros2_ws/install/detection_interfaces/share/detection_interfaces/cmake/ament_cmake_export_include_directories-extras.cmake
[3.505s] -- Up-to-date: /home/amejiyo/ros2_ws/install/detection_interfaces/share/detection_interfaces/cmake/rosidl_cmake_export_typesupport_libraries-extras.cmake
[3.505s] -- Up-to-date: /home/amejiyo/ros2_ws/install/detection_interfaces/share/detection_interfaces/cmake/rosidl_cmake_export_typesupport_targets-extras.cmake
[3.505s] -- Up-to-date: /home/amejiyo/ros2_ws/install/detection_interfaces/share/detection_interfaces/cmake/detection_interfacesConfig.cmake
[3.505s] -- Up-to-date: /home/amejiyo/ros2_ws/install/detection_interfaces/share/detection_interfaces/cmake/detection_interfacesConfig-version.cmake
[3.505s] -- Up-to-date: /home/amejiyo/ros2_ws/install/detection_interfaces/share/detection_interfaces/package.xml
[3.509s] Invoked command in '/home/amejiyo/ros2_ws/build/detection_interfaces' returned '0': CMAKE_PREFIX_PATH=${CMAKE_PREFIX_PATH}:/home/amejiyo/ros2_ws/install/py_pubsub:/home/amejiyo/ros2_ws/install/detection:/home/amejiyo/long_ws/install/pub_pkg:/opt/ros/foxy /usr/bin/cmake --install /home/amejiyo/ros2_ws/build/detection_interfaces
